equalweight; learn L
Casting to tensor
torch.Size([1000, 35986, 2])
torch.Size([1000, 35986])
Lx, Ly =  1 0.5
In GeoKNO_train, ndims =  2
Epoch :  0  Rel. Train L2 Loss :  0.3691080017089844  Rel. Test L2 Loss :  0.2725172319412231  L adjust: ['1.007903', '1.002183']  time :  98.13226461410522
Epoch :  1  Rel. Train L2 Loss :  0.25114786672592165  Rel. Test L2 Loss :  0.23264596462249756  L adjust: ['1.001903', '0.998472']  time :  96.99826955795288
Epoch :  2  Rel. Train L2 Loss :  0.22324439001083374  Rel. Test L2 Loss :  0.2102824273109436  L adjust: ['1.004164', '0.998162']  time :  96.7413682937622
Epoch :  3  Rel. Train L2 Loss :  0.19430658650398255  Rel. Test L2 Loss :  0.1716069107055664  L adjust: ['1.005749', '0.997439']  time :  96.92046809196472
Epoch :  4  Rel. Train L2 Loss :  0.1630631892681122  Rel. Test L2 Loss :  0.15284296798706054  L adjust: ['1.005852', '0.996427']  time :  97.32081055641174
Epoch :  5  Rel. Train L2 Loss :  0.14614518189430237  Rel. Test L2 Loss :  0.13946137475967407  L adjust: ['1.002835', '1.001294']  time :  97.05962347984314
Epoch :  6  Rel. Train L2 Loss :  0.13335985350608826  Rel. Test L2 Loss :  0.12790110540390015  L adjust: ['1.004194', '0.999289']  time :  97.14678359031677
Epoch :  7  Rel. Train L2 Loss :  0.12254538774490356  Rel. Test L2 Loss :  0.11947711420059204  L adjust: ['1.004504', '1.000162']  time :  97.3642840385437
Epoch :  8  Rel. Train L2 Loss :  0.11242965972423553  Rel. Test L2 Loss :  0.11293437767028809  L adjust: ['1.004271', '0.999813']  time :  97.23986887931824
Epoch :  9  Rel. Train L2 Loss :  0.10306297266483307  Rel. Test L2 Loss :  0.10660773181915283  L adjust: ['1.004079', '1.000326']  time :  97.03305649757385
Epoch :  10  Rel. Train L2 Loss :  0.09535113847255706  Rel. Test L2 Loss :  0.10387591767311097  L adjust: ['1.004198', '1.000223']  time :  97.38252902030945
Epoch :  11  Rel. Train L2 Loss :  0.09158538722991943  Rel. Test L2 Loss :  0.10039947867393494  L adjust: ['1.004237', '1.000107']  time :  97.44066047668457
Epoch :  12  Rel. Train L2 Loss :  0.0847616947889328  Rel. Test L2 Loss :  0.09749465775489807  L adjust: ['1.004135', '1.000276']  time :  97.49212527275085
Epoch :  13  Rel. Train L2 Loss :  0.08071947479248047  Rel. Test L2 Loss :  0.09345018529891967  L adjust: ['1.004287', '1.000178']  time :  97.68697905540466
Epoch :  14  Rel. Train L2 Loss :  0.07610960698127747  Rel. Test L2 Loss :  0.09157339406013489  L adjust: ['1.004050', '1.000260']  time :  97.51805138587952
Epoch :  15  Rel. Train L2 Loss :  0.07312190794944763  Rel. Test L2 Loss :  0.08859950304031372  L adjust: ['1.004104', '1.000229']  time :  97.41945004463196
Epoch :  16  Rel. Train L2 Loss :  0.06994758701324463  Rel. Test L2 Loss :  0.08649522066116333  L adjust: ['1.004225', '1.000196']  time :  97.81950950622559
Epoch :  17  Rel. Train L2 Loss :  0.06713040697574615  Rel. Test L2 Loss :  0.08542991399765015  L adjust: ['1.004190', '1.000261']  time :  97.49409770965576
Epoch :  18  Rel. Train L2 Loss :  0.06496530055999755  Rel. Test L2 Loss :  0.08349990177154541  L adjust: ['1.004230', '1.000338']  time :  97.56824040412903
Epoch :  19  Rel. Train L2 Loss :  0.06272516167163848  Rel. Test L2 Loss :  0.08258602499961853  L adjust: ['1.004160', '1.000159']  time :  97.50759363174438
Epoch :  20  Rel. Train L2 Loss :  0.060259693145751955  Rel. Test L2 Loss :  0.08199829959869384  L adjust: ['1.004107', '1.000268']  time :  97.4611804485321
Epoch :  21  Rel. Train L2 Loss :  0.06110541105270386  Rel. Test L2 Loss :  0.08121957755088806  L adjust: ['1.004215', '1.000175']  time :  97.54335594177246
Epoch :  22  Rel. Train L2 Loss :  0.057136219263076785  Rel. Test L2 Loss :  0.079385981798172  L adjust: ['1.004228', '1.000152']  time :  97.46789240837097
Epoch :  23  Rel. Train L2 Loss :  0.05588503235578537  Rel. Test L2 Loss :  0.07804022550582886  L adjust: ['1.004083', '1.000190']  time :  97.51517128944397
Epoch :  24  Rel. Train L2 Loss :  0.0550626847743988  Rel. Test L2 Loss :  0.07768503737449646  L adjust: ['1.004162', '1.000219']  time :  97.618243932724
Epoch :  25  Rel. Train L2 Loss :  0.05462808066606522  Rel. Test L2 Loss :  0.07705040192604065  L adjust: ['1.004145', '1.000146']  time :  97.41890025138855
Epoch :  26  Rel. Train L2 Loss :  0.05185318869352341  Rel. Test L2 Loss :  0.0756710786819458  L adjust: ['1.004209', '1.000320']  time :  97.50861978530884
Epoch :  27  Rel. Train L2 Loss :  0.051353427708148956  Rel. Test L2 Loss :  0.07618620157241822  L adjust: ['1.004160', '1.000273']  time :  97.57446718215942
Epoch :  28  Rel. Train L2 Loss :  0.050446271300315856  Rel. Test L2 Loss :  0.07410364198684692  L adjust: ['1.004279', '1.000173']  time :  97.53813791275024
Epoch :  29  Rel. Train L2 Loss :  0.05048975032567978  Rel. Test L2 Loss :  0.07472823405265808  L adjust: ['1.004058', '1.000116']  time :  97.38057732582092
Epoch :  30  Rel. Train L2 Loss :  0.04888579833507538  Rel. Test L2 Loss :  0.07231929588317872  L adjust: ['1.004210', '1.000271']  time :  97.45549535751343
Epoch :  31  Rel. Train L2 Loss :  0.04749809443950653  Rel. Test L2 Loss :  0.07226610898971558  L adjust: ['1.004201', '1.000256']  time :  97.49819803237915
Epoch :  32  Rel. Train L2 Loss :  0.047029730916023256  Rel. Test L2 Loss :  0.07216661524772644  L adjust: ['1.004253', '1.000224']  time :  97.40837597846985
Epoch :  33  Rel. Train L2 Loss :  0.04841747027635574  Rel. Test L2 Loss :  0.07363431239128113  L adjust: ['1.004188', '1.000342']  time :  97.49011588096619
Epoch :  34  Rel. Train L2 Loss :  0.04670047158002853  Rel. Test L2 Loss :  0.07200902676582337  L adjust: ['1.004085', '1.000153']  time :  97.47913527488708
Epoch :  35  Rel. Train L2 Loss :  0.044291755855083464  Rel. Test L2 Loss :  0.07060771059989929  L adjust: ['1.004204', '1.000305']  time :  97.50120162963867
Epoch :  36  Rel. Train L2 Loss :  0.04477375817298889  Rel. Test L2 Loss :  0.07272590756416321  L adjust: ['1.004214', '1.000051']  time :  97.57123494148254
Epoch :  37  Rel. Train L2 Loss :  0.04580595272779465  Rel. Test L2 Loss :  0.06976811933517456  L adjust: ['1.004010', '1.000252']  time :  97.48388719558716
Epoch :  38  Rel. Train L2 Loss :  0.043596508622169496  Rel. Test L2 Loss :  0.07135586595535279  L adjust: ['1.004146', '1.000338']  time :  97.49271202087402
Epoch :  39  Rel. Train L2 Loss :  0.04268857336044311  Rel. Test L2 Loss :  0.06897512197494507  L adjust: ['1.004222', '1.000227']  time :  98.11912989616394
Epoch :  40  Rel. Train L2 Loss :  0.04216548216342926  Rel. Test L2 Loss :  0.0694737823009491  L adjust: ['1.004178', '1.000114']  time :  98.56434798240662
Epoch :  41  Rel. Train L2 Loss :  0.041834414780139925  Rel. Test L2 Loss :  0.06956000638008118  L adjust: ['1.004226', '1.000201']  time :  97.52711939811707
Epoch :  42  Rel. Train L2 Loss :  0.03967474812269211  Rel. Test L2 Loss :  0.06760436797142029  L adjust: ['1.004184', '1.000255']  time :  97.45180583000183
Epoch :  43  Rel. Train L2 Loss :  0.04048250150680542  Rel. Test L2 Loss :  0.07051355338096618  L adjust: ['1.004285', '1.000265']  time :  97.34780812263489
Epoch :  44  Rel. Train L2 Loss :  0.0413641362786293  Rel. Test L2 Loss :  0.06824801564216613  L adjust: ['1.004066', '1.000317']  time :  97.42044043540955
Epoch :  45  Rel. Train L2 Loss :  0.04034440630674362  Rel. Test L2 Loss :  0.0677194745540619  L adjust: ['1.004106', '1.000309']  time :  97.23191452026367
Epoch :  46  Rel. Train L2 Loss :  0.03987251085042953  Rel. Test L2 Loss :  0.06797243213653564  L adjust: ['1.004236', '1.000101']  time :  97.31049466133118
Epoch :  47  Rel. Train L2 Loss :  0.04152316838502884  Rel. Test L2 Loss :  0.06780664014816284  L adjust: ['1.004122', '1.000280']  time :  97.36981892585754
Epoch :  48  Rel. Train L2 Loss :  0.04027160918712616  Rel. Test L2 Loss :  0.06600800108909607  L adjust: ['1.004083', '1.000178']  time :  97.31900548934937
Epoch :  49  Rel. Train L2 Loss :  0.03845325845479965  Rel. Test L2 Loss :  0.06751536726951599  L adjust: ['1.004281', '1.000158']  time :  97.19765043258667
Epoch :  50  Rel. Train L2 Loss :  0.037659715473651885  Rel. Test L2 Loss :  0.06525629615783692  L adjust: ['1.004219', '1.000295']  time :  97.22650408744812
Epoch :  51  Rel. Train L2 Loss :  0.03758833748102188  Rel. Test L2 Loss :  0.06578018164634705  L adjust: ['1.004216', '1.000208']  time :  97.345787525177
Epoch :  52  Rel. Train L2 Loss :  0.038410257518291475  Rel. Test L2 Loss :  0.06662598872184754  L adjust: ['1.004127', '1.000175']  time :  97.01857352256775
Epoch :  53  Rel. Train L2 Loss :  0.03828263235092163  Rel. Test L2 Loss :  0.06618050837516784  L adjust: ['1.004235', '1.000331']  time :  97.23356485366821
Epoch :  54  Rel. Train L2 Loss :  0.03909979975223541  Rel. Test L2 Loss :  0.06505494403839111  L adjust: ['1.004079', '1.000098']  time :  97.37353992462158
Epoch :  55  Rel. Train L2 Loss :  0.03766683745384216  Rel. Test L2 Loss :  0.06564486384391785  L adjust: ['1.004156', '1.000346']  time :  97.02930998802185
Epoch :  56  Rel. Train L2 Loss :  0.03764545059204102  Rel. Test L2 Loss :  0.06513568425178527  L adjust: ['1.004177', '1.000383']  time :  97.07557153701782
Epoch :  57  Rel. Train L2 Loss :  0.03715320175886154  Rel. Test L2 Loss :  0.06471628761291504  L adjust: ['1.004302', '1.000251']  time :  97.39708971977234
Epoch :  58  Rel. Train L2 Loss :  0.036542513012886045  Rel. Test L2 Loss :  0.06464941310882569  L adjust: ['1.004137', '1.000547']  time :  97.35943269729614
Epoch :  59  Rel. Train L2 Loss :  0.03710029739141464  Rel. Test L2 Loss :  0.06383438491821289  L adjust: ['1.004190', '1.000163']  time :  97.23942565917969
Epoch :  60  Rel. Train L2 Loss :  0.037278265058994293  Rel. Test L2 Loss :  0.06470622563362122  L adjust: ['1.004152', '1.000169']  time :  97.36391568183899
Epoch :  61  Rel. Train L2 Loss :  0.03591370362043381  Rel. Test L2 Loss :  0.06438064169883728  L adjust: ['1.004233', '1.000201']  time :  97.48328638076782
Epoch :  62  Rel. Train L2 Loss :  0.035320058107376096  Rel. Test L2 Loss :  0.06389266562461852  L adjust: ['1.004182', '1.000326']  time :  97.16105341911316
Epoch :  63  Rel. Train L2 Loss :  0.03524573588371277  Rel. Test L2 Loss :  0.06348374247550964  L adjust: ['1.004286', '1.000169']  time :  97.22975659370422
Epoch :  64  Rel. Train L2 Loss :  0.035952334344387056  Rel. Test L2 Loss :  0.06329723930358887  L adjust: ['1.004218', '1.000332']  time :  97.55374693870544
Epoch :  65  Rel. Train L2 Loss :  0.03497363781929016  Rel. Test L2 Loss :  0.06330467963218689  L adjust: ['1.004137', '1.000148']  time :  97.03132033348083
Epoch :  66  Rel. Train L2 Loss :  0.03569888699054718  Rel. Test L2 Loss :  0.06266767501831055  L adjust: ['1.004236', '1.000329']  time :  97.17274785041809
Epoch :  67  Rel. Train L2 Loss :  0.03588381189107895  Rel. Test L2 Loss :  0.06301554918289184  L adjust: ['1.004152', '1.000156']  time :  97.29173302650452
Epoch :  68  Rel. Train L2 Loss :  0.03337947428226471  Rel. Test L2 Loss :  0.06461046576499939  L adjust: ['1.004157', '1.000261']  time :  97.34015727043152
Epoch :  69  Rel. Train L2 Loss :  0.03468505442142487  Rel. Test L2 Loss :  0.0629025719165802  L adjust: ['1.004169', '1.000379']  time :  97.05989456176758
Epoch :  70  Rel. Train L2 Loss :  0.035001360058784486  Rel. Test L2 Loss :  0.062079107284545895  L adjust: ['1.004200', '1.000209']  time :  97.35595417022705
Epoch :  71  Rel. Train L2 Loss :  0.03549745547771454  Rel. Test L2 Loss :  0.06298163866996766  L adjust: ['1.004253', '1.000262']  time :  97.48069429397583
Epoch :  72  Rel. Train L2 Loss :  0.034488663494586944  Rel. Test L2 Loss :  0.06211190223693848  L adjust: ['1.004297', '1.000179']  time :  97.3563642501831
Epoch :  73  Rel. Train L2 Loss :  0.03446471524238586  Rel. Test L2 Loss :  0.06137331485748291  L adjust: ['1.004180', '1.000288']  time :  97.2092034816742
Epoch :  74  Rel. Train L2 Loss :  0.03505576640367508  Rel. Test L2 Loss :  0.0631935465335846  L adjust: ['1.004297', '1.000150']  time :  97.3411614894867
Epoch :  75  Rel. Train L2 Loss :  0.03410745579004288  Rel. Test L2 Loss :  0.06272332692146301  L adjust: ['1.004324', '1.000223']  time :  97.41303491592407
Epoch :  76  Rel. Train L2 Loss :  0.03555694365501404  Rel. Test L2 Loss :  0.06139256405830383  L adjust: ['1.004248', '1.000367']  time :  97.20335292816162
Epoch :  77  Rel. Train L2 Loss :  0.03526532816886902  Rel. Test L2 Loss :  0.06450734543800354  L adjust: ['1.004205', '1.000132']  time :  99.20890784263611
Epoch :  78  Rel. Train L2 Loss :  0.03415728616714477  Rel. Test L2 Loss :  0.061975825309753416  L adjust: ['1.004220', '1.000214']  time :  97.47624683380127
Epoch :  79  Rel. Train L2 Loss :  0.03281742370128632  Rel. Test L2 Loss :  0.061048967599868775  L adjust: ['1.004137', '1.000270']  time :  97.56392407417297
Epoch :  80  Rel. Train L2 Loss :  0.03323085719347  Rel. Test L2 Loss :  0.059688410997390744  L adjust: ['1.004220', '1.000321']  time :  97.32073092460632
Epoch :  81  Rel. Train L2 Loss :  0.033228865027427675  Rel. Test L2 Loss :  0.06109326577186584  L adjust: ['1.004134', '1.000230']  time :  97.450510263443
Epoch :  82  Rel. Train L2 Loss :  0.03285779285430908  Rel. Test L2 Loss :  0.06256445074081421  L adjust: ['1.004000', '1.000183']  time :  97.43911957740784
Epoch :  83  Rel. Train L2 Loss :  0.03300667953491211  Rel. Test L2 Loss :  0.06297408843040467  L adjust: ['1.004121', '1.000259']  time :  97.22621250152588
Epoch :  84  Rel. Train L2 Loss :  0.0330200200676918  Rel. Test L2 Loss :  0.061466609239578245  L adjust: ['1.004168', '1.000361']  time :  97.38126683235168
Epoch :  85  Rel. Train L2 Loss :  0.03183505588769913  Rel. Test L2 Loss :  0.05947556757926941  L adjust: ['1.004090', '1.000187']  time :  97.50814461708069
Epoch :  86  Rel. Train L2 Loss :  0.03184880942106247  Rel. Test L2 Loss :  0.0614565007686615  L adjust: ['1.004258', '1.000358']  time :  97.27664399147034
Epoch :  87  Rel. Train L2 Loss :  0.03191884559392929  Rel. Test L2 Loss :  0.06124112391471863  L adjust: ['1.004387', '1.000374']  time :  97.3358325958252
Epoch :  88  Rel. Train L2 Loss :  0.03156522405147553  Rel. Test L2 Loss :  0.05924849808216095  L adjust: ['1.004255', '1.000294']  time :  97.3773946762085
Epoch :  89  Rel. Train L2 Loss :  0.03211133205890655  Rel. Test L2 Loss :  0.0606921546459198  L adjust: ['1.004074', '1.000163']  time :  97.24124932289124
Epoch :  90  Rel. Train L2 Loss :  0.03194119626283646  Rel. Test L2 Loss :  0.059990801572799686  L adjust: ['1.004216', '1.000274']  time :  97.00004696846008
Epoch :  91  Rel. Train L2 Loss :  0.03171037924289703  Rel. Test L2 Loss :  0.06041925859451294  L adjust: ['1.004348', '1.000274']  time :  97.25586271286011
Epoch :  92  Rel. Train L2 Loss :  0.03254998803138733  Rel. Test L2 Loss :  0.05962271773815155  L adjust: ['1.004305', '1.000110']  time :  97.29384589195251
Epoch :  93  Rel. Train L2 Loss :  0.030387834846973417  Rel. Test L2 Loss :  0.05910256576538086  L adjust: ['1.004121', '1.000240']  time :  97.02877473831177
Epoch :  94  Rel. Train L2 Loss :  0.03160664290189743  Rel. Test L2 Loss :  0.060402947306632995  L adjust: ['1.004139', '1.000290']  time :  97.21628761291504
Epoch :  95  Rel. Train L2 Loss :  0.03155321681499481  Rel. Test L2 Loss :  0.06038456106185913  L adjust: ['1.004198', '1.000254']  time :  97.4306948184967
Epoch :  96  Rel. Train L2 Loss :  0.03234335869550705  Rel. Test L2 Loss :  0.060404349088668825  L adjust: ['1.004093', '1.000181']  time :  97.105153799057
Epoch :  97  Rel. Train L2 Loss :  0.031345922470092775  Rel. Test L2 Loss :  0.05929767394065857  L adjust: ['1.004251', '1.000186']  time :  97.21864819526672
Epoch :  98  Rel. Train L2 Loss :  0.030016281843185423  Rel. Test L2 Loss :  0.058496539115905764  L adjust: ['1.004136', '1.000298']  time :  97.32033324241638
Epoch :  99  Rel. Train L2 Loss :  0.03055434900522232  Rel. Test L2 Loss :  0.06466338515281678  L adjust: ['1.004200', '1.000193']  time :  97.06727623939514
Epoch :  100  Rel. Train L2 Loss :  0.030169363141059877  Rel. Test L2 Loss :  0.05902751350402832  L adjust: ['1.004120', '1.000368']  time :  96.91869759559631
Epoch :  101  Rel. Train L2 Loss :  0.029729130923748015  Rel. Test L2 Loss :  0.059143375992774964  L adjust: ['1.004370', '1.000159']  time :  97.25613808631897
Epoch :  102  Rel. Train L2 Loss :  0.029176902353763582  Rel. Test L2 Loss :  0.0589663290977478  L adjust: ['1.004170', '1.000431']  time :  97.19670581817627
Epoch :  103  Rel. Train L2 Loss :  0.03049467557668686  Rel. Test L2 Loss :  0.06380402326583862  L adjust: ['1.004180', '1.000199']  time :  97.0556333065033
Epoch :  104  Rel. Train L2 Loss :  0.031230800628662108  Rel. Test L2 Loss :  0.06049248707294464  L adjust: ['1.003999', '1.000441']  time :  97.30370259284973
Epoch :  105  Rel. Train L2 Loss :  0.030063754975795744  Rel. Test L2 Loss :  0.057860570192337035  L adjust: ['1.004142', '1.000415']  time :  97.35364151000977
Epoch :  106  Rel. Train L2 Loss :  0.029796257257461548  Rel. Test L2 Loss :  0.05907828640937805  L adjust: ['1.004106', '1.000326']  time :  97.05863666534424
Epoch :  107  Rel. Train L2 Loss :  0.028145477533340454  Rel. Test L2 Loss :  0.05795711553096771  L adjust: ['1.004267', '1.000294']  time :  97.28383564949036
Epoch :  108  Rel. Train L2 Loss :  0.0291905620098114  Rel. Test L2 Loss :  0.05866461396217346  L adjust: ['1.004080', '0.999995']  time :  97.45594620704651
Epoch :  109  Rel. Train L2 Loss :  0.031031266748905183  Rel. Test L2 Loss :  0.06009954500198364  L adjust: ['1.004087', '1.000008']  time :  97.30927872657776
Epoch :  110  Rel. Train L2 Loss :  0.029543581545352936  Rel. Test L2 Loss :  0.05911365962028504  L adjust: ['1.004047', '1.000143']  time :  97.11416554450989
Epoch :  111  Rel. Train L2 Loss :  0.0297042498588562  Rel. Test L2 Loss :  0.05910581052303314  L adjust: ['1.004179', '1.000105']  time :  97.38156151771545
Epoch :  112  Rel. Train L2 Loss :  0.02900746238231659  Rel. Test L2 Loss :  0.05905030310153961  L adjust: ['1.004178', '1.000262']  time :  97.16169738769531
Epoch :  113  Rel. Train L2 Loss :  0.028063812375068664  Rel. Test L2 Loss :  0.05814252519607544  L adjust: ['1.004023', '1.000268']  time :  97.1998291015625
Epoch :  114  Rel. Train L2 Loss :  0.02910007816553116  Rel. Test L2 Loss :  0.05943477773666382  L adjust: ['1.004383', '1.000265']  time :  97.55309677124023
Epoch :  115  Rel. Train L2 Loss :  0.02761125949025154  Rel. Test L2 Loss :  0.058458137512207034  L adjust: ['1.004086', '1.000342']  time :  97.37897658348083
Epoch :  116  Rel. Train L2 Loss :  0.028258562743663788  Rel. Test L2 Loss :  0.05838559746742249  L adjust: ['1.003821', '1.000240']  time :  97.25109338760376
Epoch :  117  Rel. Train L2 Loss :  0.028433856666088105  Rel. Test L2 Loss :  0.05718822813034058  L adjust: ['1.004268', '1.000429']  time :  99.9977056980133
Epoch :  118  Rel. Train L2 Loss :  0.027453914374113084  Rel. Test L2 Loss :  0.05737319278717041  L adjust: ['1.004350', '1.000337']  time :  97.38255977630615
Epoch :  119  Rel. Train L2 Loss :  0.028091275095939637  Rel. Test L2 Loss :  0.05876815581321716  L adjust: ['1.003972', '1.000478']  time :  97.23398685455322
Epoch :  120  Rel. Train L2 Loss :  0.03124551558494568  Rel. Test L2 Loss :  0.057515886783599854  L adjust: ['1.004416', '1.000443']  time :  97.25115847587585
Epoch :  121  Rel. Train L2 Loss :  0.029125469177961348  Rel. Test L2 Loss :  0.05866020512580872  L adjust: ['1.004071', '1.000163']  time :  97.39983415603638
Epoch :  122  Rel. Train L2 Loss :  0.027770036339759826  Rel. Test L2 Loss :  0.058258888483047486  L adjust: ['1.004376', '1.000054']  time :  96.96164989471436
Epoch :  123  Rel. Train L2 Loss :  0.02705781412124634  Rel. Test L2 Loss :  0.05764362680912018  L adjust: ['1.004132', '1.000259']  time :  97.08364176750183
Epoch :  124  Rel. Train L2 Loss :  0.027952794134616852  Rel. Test L2 Loss :  0.058136974573135373  L adjust: ['1.004180', '1.000323']  time :  97.40437412261963
Epoch :  125  Rel. Train L2 Loss :  0.02679540851712227  Rel. Test L2 Loss :  0.056222588419914246  L adjust: ['1.004311', '1.000065']  time :  97.37313199043274
Epoch :  126  Rel. Train L2 Loss :  0.02686272069811821  Rel. Test L2 Loss :  0.05719796884059906  L adjust: ['1.003926', '1.000476']  time :  97.19795989990234
Epoch :  127  Rel. Train L2 Loss :  0.027881395399570467  Rel. Test L2 Loss :  0.05872805416584015  L adjust: ['1.004092', '1.000305']  time :  97.3459849357605
Epoch :  128  Rel. Train L2 Loss :  0.027519893258810043  Rel. Test L2 Loss :  0.058133768320083615  L adjust: ['1.004225', '1.000171']  time :  97.45326447486877
Epoch :  129  Rel. Train L2 Loss :  0.027977808833122255  Rel. Test L2 Loss :  0.05799717736244202  L adjust: ['1.004061', '1.000208']  time :  97.35337162017822
Epoch :  130  Rel. Train L2 Loss :  0.02722499418258667  Rel. Test L2 Loss :  0.057568927526474  L adjust: ['1.004269', '1.000268']  time :  97.18197298049927
Epoch :  131  Rel. Train L2 Loss :  0.027056787878274917  Rel. Test L2 Loss :  0.05759180164337158  L adjust: ['1.004129', '1.000100']  time :  97.28475999832153
Epoch :  132  Rel. Train L2 Loss :  0.02566969722509384  Rel. Test L2 Loss :  0.055502984642982485  L adjust: ['1.004210', '1.000273']  time :  97.2322084903717
Epoch :  133  Rel. Train L2 Loss :  0.026280591517686844  Rel. Test L2 Loss :  0.05700608658790588  L adjust: ['1.004201', '1.000170']  time :  96.97924757003784
Epoch :  134  Rel. Train L2 Loss :  0.025874188154935838  Rel. Test L2 Loss :  0.05720363903045654  L adjust: ['1.004272', '1.000109']  time :  97.22737693786621
Epoch :  135  Rel. Train L2 Loss :  0.025693073451519013  Rel. Test L2 Loss :  0.057146897673606874  L adjust: ['1.004231', '1.000372']  time :  97.50797748565674
Epoch :  136  Rel. Train L2 Loss :  0.02542672538757324  Rel. Test L2 Loss :  0.05738953924179077  L adjust: ['1.004219', '1.000337']  time :  97.19420719146729
Epoch :  137  Rel. Train L2 Loss :  0.026117300510406494  Rel. Test L2 Loss :  0.057436206936836244  L adjust: ['1.004489', '1.000062']  time :  97.08108305931091
Epoch :  138  Rel. Train L2 Loss :  0.02813823863863945  Rel. Test L2 Loss :  0.05710346639156341  L adjust: ['1.004259', '1.000303']  time :  97.3125364780426
Epoch :  139  Rel. Train L2 Loss :  0.025945647090673447  Rel. Test L2 Loss :  0.05702146852016449  L adjust: ['1.004081', '1.000064']  time :  97.46219301223755
Epoch :  140  Rel. Train L2 Loss :  0.024702351689338684  Rel. Test L2 Loss :  0.05611718475818634  L adjust: ['1.004119', '1.000506']  time :  97.04748630523682
Epoch :  141  Rel. Train L2 Loss :  0.02596511721611023  Rel. Test L2 Loss :  0.05697229409217835  L adjust: ['1.004200', '1.000309']  time :  97.13195729255676
Epoch :  142  Rel. Train L2 Loss :  0.02594252958893776  Rel. Test L2 Loss :  0.05596201050281525  L adjust: ['1.004141', '1.000256']  time :  97.37089705467224
Epoch :  143  Rel. Train L2 Loss :  0.02619266563653946  Rel. Test L2 Loss :  0.057828665375709534  L adjust: ['1.004159', '0.999909']  time :  97.39943933486938
Epoch :  144  Rel. Train L2 Loss :  0.025832678824663162  Rel. Test L2 Loss :  0.05765576267242432  L adjust: ['1.004186', '1.000249']  time :  97.21742367744446
Epoch :  145  Rel. Train L2 Loss :  0.0254815411567688  Rel. Test L2 Loss :  0.05739024484157562  L adjust: ['1.004176', '1.000204']  time :  97.26099872589111
Epoch :  146  Rel. Train L2 Loss :  0.02527079689502716  Rel. Test L2 Loss :  0.056186413168907164  L adjust: ['1.004157', '1.000378']  time :  97.39533257484436
Epoch :  147  Rel. Train L2 Loss :  0.02467153623700142  Rel. Test L2 Loss :  0.056810981273651126  L adjust: ['1.004204', '1.000421']  time :  97.27062177658081
Epoch :  148  Rel. Train L2 Loss :  0.025350606352090837  Rel. Test L2 Loss :  0.0570162273645401  L adjust: ['1.004132', '1.000107']  time :  97.05807113647461
Epoch :  149  Rel. Train L2 Loss :  0.024826708197593687  Rel. Test L2 Loss :  0.05656414234638214  L adjust: ['1.004308', '0.999887']  time :  97.26791501045227
Epoch :  150  Rel. Train L2 Loss :  0.02476781851053238  Rel. Test L2 Loss :  0.057214357137680055  L adjust: ['1.004152', '1.000305']  time :  97.31739902496338
Epoch :  151  Rel. Train L2 Loss :  0.024742456257343292  Rel. Test L2 Loss :  0.05726459765434265  L adjust: ['1.004110', '1.000139']  time :  97.00416374206543
Epoch :  152  Rel. Train L2 Loss :  0.024784569442272187  Rel. Test L2 Loss :  0.05723300480842591  L adjust: ['1.004215', '1.000311']  time :  97.14982748031616
Epoch :  153  Rel. Train L2 Loss :  0.023567188441753387  Rel. Test L2 Loss :  0.05636050379276276  L adjust: ['1.004152', '1.000444']  time :  97.37551236152649
Epoch :  154  Rel. Train L2 Loss :  0.02468157809972763  Rel. Test L2 Loss :  0.0572128643989563  L adjust: ['1.004014', '1.000081']  time :  97.15734314918518
Epoch :  155  Rel. Train L2 Loss :  0.024343535274267195  Rel. Test L2 Loss :  0.06072051918506622  L adjust: ['1.004272', '1.000295']  time :  96.91821074485779
Epoch :  156  Rel. Train L2 Loss :  0.02402075156569481  Rel. Test L2 Loss :  0.05622632730007172  L adjust: ['1.004179', '1.000154']  time :  97.26185059547424
Epoch :  157  Rel. Train L2 Loss :  0.023312124401330948  Rel. Test L2 Loss :  0.055814271926879884  L adjust: ['1.004269', '1.000246']  time :  101.07040596008301
Epoch :  158  Rel. Train L2 Loss :  0.02376482954621315  Rel. Test L2 Loss :  0.0565003182888031  L adjust: ['1.004330', '1.000335']  time :  96.89158916473389
Epoch :  159  Rel. Train L2 Loss :  0.023394694566726684  Rel. Test L2 Loss :  0.05680557429790497  L adjust: ['1.004269', '1.000099']  time :  97.38273882865906
Epoch :  160  Rel. Train L2 Loss :  0.024578950762748717  Rel. Test L2 Loss :  0.056234363555908204  L adjust: ['1.004306', '1.000321']  time :  97.27550506591797
Epoch :  161  Rel. Train L2 Loss :  0.023543721646070482  Rel. Test L2 Loss :  0.05658866989612579  L adjust: ['1.004228', '1.000257']  time :  97.13195204734802
Epoch :  162  Rel. Train L2 Loss :  0.02352703610062599  Rel. Test L2 Loss :  0.05615984201431275  L adjust: ['1.004319', '1.000155']  time :  97.2340087890625
Epoch :  163  Rel. Train L2 Loss :  0.023328908264636992  Rel. Test L2 Loss :  0.05683205091953278  L adjust: ['1.004127', '1.000280']  time :  97.39562916755676
Epoch :  164  Rel. Train L2 Loss :  0.023743431001901627  Rel. Test L2 Loss :  0.05800768542289734  L adjust: ['1.004121', '1.000319']  time :  97.09679651260376
Epoch :  165  Rel. Train L2 Loss :  0.023681697994470598  Rel. Test L2 Loss :  0.0556407128572464  L adjust: ['1.004274', '1.000196']  time :  97.27071166038513
Epoch :  166  Rel. Train L2 Loss :  0.022770197957754135  Rel. Test L2 Loss :  0.0551757276058197  L adjust: ['1.004049', '1.000410']  time :  97.43109560012817
Epoch :  167  Rel. Train L2 Loss :  0.021628246068954467  Rel. Test L2 Loss :  0.05543258821964264  L adjust: ['1.004151', '1.000206']  time :  97.31260538101196
Epoch :  168  Rel. Train L2 Loss :  0.022673304408788682  Rel. Test L2 Loss :  0.058038861393928526  L adjust: ['1.004294', '1.000275']  time :  97.24470973014832
Epoch :  169  Rel. Train L2 Loss :  0.02326889345049858  Rel. Test L2 Loss :  0.05548582136631012  L adjust: ['1.004202', '1.000260']  time :  97.23826813697815
Epoch :  170  Rel. Train L2 Loss :  0.022853159666061402  Rel. Test L2 Loss :  0.0572969263792038  L adjust: ['1.004263', '1.000406']  time :  97.50391507148743
Epoch :  171  Rel. Train L2 Loss :  0.023953623861074448  Rel. Test L2 Loss :  0.055378418922424316  L adjust: ['1.004199', '1.000295']  time :  97.33641505241394
Epoch :  172  Rel. Train L2 Loss :  0.02472328919172287  Rel. Test L2 Loss :  0.05633376967906952  L adjust: ['1.004366', '1.000431']  time :  97.16783547401428
Epoch :  173  Rel. Train L2 Loss :  0.0240805361866951  Rel. Test L2 Loss :  0.05546870613098145  L adjust: ['1.004228', '1.000200']  time :  97.46985721588135
Epoch :  174  Rel. Train L2 Loss :  0.022688625931739807  Rel. Test L2 Loss :  0.05597910594940186  L adjust: ['1.004063', '1.000028']  time :  97.46329140663147
Epoch :  175  Rel. Train L2 Loss :  0.02288749176263809  Rel. Test L2 Loss :  0.05608015441894531  L adjust: ['1.004123', '1.000160']  time :  97.04755473136902
Epoch :  176  Rel. Train L2 Loss :  0.02275346490740776  Rel. Test L2 Loss :  0.05534601986408234  L adjust: ['1.004209', '1.000136']  time :  97.28930974006653
Epoch :  177  Rel. Train L2 Loss :  0.022049865931272505  Rel. Test L2 Loss :  0.056380534291267395  L adjust: ['1.004411', '1.000232']  time :  97.33066010475159
Epoch :  178  Rel. Train L2 Loss :  0.021717750757932662  Rel. Test L2 Loss :  0.055880845189094544  L adjust: ['1.004150', '1.000226']  time :  97.14950180053711
Epoch :  179  Rel. Train L2 Loss :  0.02172361382842064  Rel. Test L2 Loss :  0.05592595326900482  L adjust: ['1.004321', '1.000323']  time :  97.14838075637817
Epoch :  180  Rel. Train L2 Loss :  0.0216513366997242  Rel. Test L2 Loss :  0.05572882986068726  L adjust: ['1.004231', '1.000226']  time :  97.33585786819458
Epoch :  181  Rel. Train L2 Loss :  0.02114409339427948  Rel. Test L2 Loss :  0.05502774369716644  L adjust: ['1.004252', '1.000245']  time :  97.39462399482727
Epoch :  182  Rel. Train L2 Loss :  0.02112181183695793  Rel. Test L2 Loss :  0.05597780954837799  L adjust: ['1.004284', '1.000255']  time :  96.81703329086304
Epoch :  183  Rel. Train L2 Loss :  0.022021325290203096  Rel. Test L2 Loss :  0.05638559103012085  L adjust: ['1.004136', '1.000143']  time :  97.17207479476929
Epoch :  184  Rel. Train L2 Loss :  0.02195521929860115  Rel. Test L2 Loss :  0.05601295447349548  L adjust: ['1.004082', '1.000272']  time :  97.26242160797119
Epoch :  185  Rel. Train L2 Loss :  0.020555347979068755  Rel. Test L2 Loss :  0.0546526050567627  L adjust: ['1.004003', '1.000164']  time :  97.06211066246033
Epoch :  186  Rel. Train L2 Loss :  0.02225931978225708  Rel. Test L2 Loss :  0.0553157457113266  L adjust: ['1.004114', '1.000298']  time :  97.16496133804321
Epoch :  187  Rel. Train L2 Loss :  0.021480449020862578  Rel. Test L2 Loss :  0.055714659690856934  L adjust: ['1.004228', '1.000358']  time :  97.39297294616699
Epoch :  188  Rel. Train L2 Loss :  0.020669539362192155  Rel. Test L2 Loss :  0.05591135585308075  L adjust: ['1.004214', '1.000116']  time :  97.27895450592041
Epoch :  189  Rel. Train L2 Loss :  0.02189558658003807  Rel. Test L2 Loss :  0.05518265962600708  L adjust: ['1.004173', '1.000262']  time :  96.89476585388184
Epoch :  190  Rel. Train L2 Loss :  0.021148617953062058  Rel. Test L2 Loss :  0.055275594234466555  L adjust: ['1.004196', '1.000421']  time :  97.32407855987549
Epoch :  191  Rel. Train L2 Loss :  0.020752894222736358  Rel. Test L2 Loss :  0.056400310039520264  L adjust: ['1.004208', '1.000214']  time :  97.35349678993225
Epoch :  192  Rel. Train L2 Loss :  0.020793663263320925  Rel. Test L2 Loss :  0.05543496549129486  L adjust: ['1.004128', '1.000242']  time :  97.01210117340088
Epoch :  193  Rel. Train L2 Loss :  0.019486896216869356  Rel. Test L2 Loss :  0.05507549548149109  L adjust: ['1.004146', '1.000265']  time :  97.17240715026855
Epoch :  194  Rel. Train L2 Loss :  0.019521615386009217  Rel. Test L2 Loss :  0.05439674425125122  L adjust: ['1.004175', '1.000262']  time :  97.42090463638306
Epoch :  195  Rel. Train L2 Loss :  0.020034069627523424  Rel. Test L2 Loss :  0.05455326735973358  L adjust: ['1.004200', '1.000246']  time :  97.09967923164368
Epoch :  196  Rel. Train L2 Loss :  0.0196160589158535  Rel. Test L2 Loss :  0.055395219683647155  L adjust: ['1.004183', '1.000172']  time :  97.05488586425781
Epoch :  197  Rel. Train L2 Loss :  0.021198388874530794  Rel. Test L2 Loss :  0.055238078474998474  L adjust: ['1.004072', '1.000233']  time :  99.23462581634521
Epoch :  198  Rel. Train L2 Loss :  0.01975076562166214  Rel. Test L2 Loss :  0.05516379547119141  L adjust: ['1.004293', '1.000209']  time :  97.20975828170776
Epoch :  199  Rel. Train L2 Loss :  0.019607321470975877  Rel. Test L2 Loss :  0.056295937061309816  L adjust: ['1.004133', '1.000025']  time :  96.8819363117218
Epoch :  200  Rel. Train L2 Loss :  0.02015119081735611  Rel. Test L2 Loss :  0.05473046553134918  L adjust: ['1.004154', '1.000283']  time :  97.20596623420715
Epoch :  201  Rel. Train L2 Loss :  0.020438825070858  Rel. Test L2 Loss :  0.05531088423728943  L adjust: ['1.004199', '1.000170']  time :  97.31738328933716
Epoch :  202  Rel. Train L2 Loss :  0.02078680568933487  Rel. Test L2 Loss :  0.05575533974170685  L adjust: ['1.003914', '1.000312']  time :  96.91424512863159
Epoch :  203  Rel. Train L2 Loss :  0.020937777310609817  Rel. Test L2 Loss :  0.05482587325572968  L adjust: ['1.004198', '1.000324']  time :  97.32255125045776
Epoch :  204  Rel. Train L2 Loss :  0.01957023921608925  Rel. Test L2 Loss :  0.05451979029178619  L adjust: ['1.004313', '1.000378']  time :  97.51641607284546
Epoch :  205  Rel. Train L2 Loss :  0.020496586829423905  Rel. Test L2 Loss :  0.05550697839260101  L adjust: ['1.004251', '1.000230']  time :  97.17969632148743
Epoch :  206  Rel. Train L2 Loss :  0.01976988297700882  Rel. Test L2 Loss :  0.05471599507331848  L adjust: ['1.004207', '1.000242']  time :  96.95953583717346
Epoch :  207  Rel. Train L2 Loss :  0.0191174638569355  Rel. Test L2 Loss :  0.05456417822837829  L adjust: ['1.004221', '1.000433']  time :  97.27302885055542
Epoch :  208  Rel. Train L2 Loss :  0.019354806393384934  Rel. Test L2 Loss :  0.055525331258773805  L adjust: ['1.004120', '1.000184']  time :  97.32218194007874
Epoch :  209  Rel. Train L2 Loss :  0.020059169828891756  Rel. Test L2 Loss :  0.05478098738193512  L adjust: ['1.004185', '1.000287']  time :  97.13114881515503
Epoch :  210  Rel. Train L2 Loss :  0.019229324549436568  Rel. Test L2 Loss :  0.05577660608291626  L adjust: ['1.004285', '1.000280']  time :  97.30751132965088
Epoch :  211  Rel. Train L2 Loss :  0.01914027354121208  Rel. Test L2 Loss :  0.054723647475242616  L adjust: ['1.004148', '1.000221']  time :  97.4106068611145
Epoch :  212  Rel. Train L2 Loss :  0.018468272298574447  Rel. Test L2 Loss :  0.05445598423480988  L adjust: ['1.004308', '1.000145']  time :  97.1030695438385
Epoch :  213  Rel. Train L2 Loss :  0.018527367413043977  Rel. Test L2 Loss :  0.055278491139411925  L adjust: ['1.004161', '1.000337']  time :  97.1118803024292
Epoch :  214  Rel. Train L2 Loss :  0.01993285921216011  Rel. Test L2 Loss :  0.05509282767772675  L adjust: ['1.004203', '1.000198']  time :  97.48874354362488
Epoch :  215  Rel. Train L2 Loss :  0.018828827381134033  Rel. Test L2 Loss :  0.05474272167682648  L adjust: ['1.004277', '1.000305']  time :  97.48446679115295
Epoch :  216  Rel. Train L2 Loss :  0.01839917778968811  Rel. Test L2 Loss :  0.05481441354751587  L adjust: ['1.004160', '1.000382']  time :  97.26097893714905
Epoch :  217  Rel. Train L2 Loss :  0.01844796735048294  Rel. Test L2 Loss :  0.054674171924591064  L adjust: ['1.004181', '1.000327']  time :  97.24926137924194
Epoch :  218  Rel. Train L2 Loss :  0.018558092802762986  Rel. Test L2 Loss :  0.05490404641628265  L adjust: ['1.004090', '1.000178']  time :  97.29320073127747
Epoch :  219  Rel. Train L2 Loss :  0.018433996975421904  Rel. Test L2 Loss :  0.05516122972965241  L adjust: ['1.004247', '1.000232']  time :  97.22844386100769
Epoch :  220  Rel. Train L2 Loss :  0.018375459760427475  Rel. Test L2 Loss :  0.05474307823181152  L adjust: ['1.004074', '1.000172']  time :  96.96527695655823
Epoch :  221  Rel. Train L2 Loss :  0.017972890257835387  Rel. Test L2 Loss :  0.054517920017242434  L adjust: ['1.004294', '1.000156']  time :  97.4298267364502
Epoch :  222  Rel. Train L2 Loss :  0.018325786471366883  Rel. Test L2 Loss :  0.0545304456949234  L adjust: ['1.004165', '1.000307']  time :  97.44992256164551
Epoch :  223  Rel. Train L2 Loss :  0.017754015743732452  Rel. Test L2 Loss :  0.05474220538139343  L adjust: ['1.004134', '1.000153']  time :  97.16750979423523
Epoch :  224  Rel. Train L2 Loss :  0.017156123399734498  Rel. Test L2 Loss :  0.05483906137943268  L adjust: ['1.004224', '1.000105']  time :  97.31546306610107
Epoch :  225  Rel. Train L2 Loss :  0.018010219365358352  Rel. Test L2 Loss :  0.054865378975868226  L adjust: ['1.004157', '1.000277']  time :  97.23640990257263
Epoch :  226  Rel. Train L2 Loss :  0.017947246730327607  Rel. Test L2 Loss :  0.05485856819152832  L adjust: ['1.004230', '1.000260']  time :  97.3641049861908
Epoch :  227  Rel. Train L2 Loss :  0.018048718214035035  Rel. Test L2 Loss :  0.05507580041885376  L adjust: ['1.004336', '1.000210']  time :  96.86956572532654
Epoch :  228  Rel. Train L2 Loss :  0.017967232644557952  Rel. Test L2 Loss :  0.05474598026275635  L adjust: ['1.004339', '1.000368']  time :  97.24639415740967
Epoch :  229  Rel. Train L2 Loss :  0.017508075207471847  Rel. Test L2 Loss :  0.05504251027107239  L adjust: ['1.004109', '1.000177']  time :  97.36201190948486
Epoch :  230  Rel. Train L2 Loss :  0.018299018502235413  Rel. Test L2 Loss :  0.054768235564231875  L adjust: ['1.004240', '1.000116']  time :  97.1609377861023
Epoch :  231  Rel. Train L2 Loss :  0.017599591940641403  Rel. Test L2 Loss :  0.05447807109355927  L adjust: ['1.004229', '1.000267']  time :  97.21995401382446
Epoch :  232  Rel. Train L2 Loss :  0.016843943685293197  Rel. Test L2 Loss :  0.054364241123199465  L adjust: ['1.004096', '1.000316']  time :  97.3953447341919
Epoch :  233  Rel. Train L2 Loss :  0.01801126489043236  Rel. Test L2 Loss :  0.05471412205696106  L adjust: ['1.004038', '1.000136']  time :  97.30781817436218
Epoch :  234  Rel. Train L2 Loss :  0.01813813892006874  Rel. Test L2 Loss :  0.054627835750579834  L adjust: ['1.004125', '1.000288']  time :  97.14466428756714
Epoch :  235  Rel. Train L2 Loss :  0.017385366708040237  Rel. Test L2 Loss :  0.054248913884162905  L adjust: ['1.004151', '1.000251']  time :  97.33329033851624
Epoch :  236  Rel. Train L2 Loss :  0.017582222521305084  Rel. Test L2 Loss :  0.05454065942764282  L adjust: ['1.004358', '1.000314']  time :  97.31495714187622
Epoch :  237  Rel. Train L2 Loss :  0.018178282737731935  Rel. Test L2 Loss :  0.05481913185119629  L adjust: ['1.004192', '1.000283']  time :  98.36463928222656
Epoch :  238  Rel. Train L2 Loss :  0.017394870907068254  Rel. Test L2 Loss :  0.054426822900772096  L adjust: ['1.004068', '1.000215']  time :  97.09055638313293
Epoch :  239  Rel. Train L2 Loss :  0.016867903560400008  Rel. Test L2 Loss :  0.05443212282657623  L adjust: ['1.004120', '1.000270']  time :  97.3583300113678
Epoch :  240  Rel. Train L2 Loss :  0.017004098117351533  Rel. Test L2 Loss :  0.054648740410804746  L adjust: ['1.004122', '1.000247']  time :  97.37897038459778
Epoch :  241  Rel. Train L2 Loss :  0.016409434616565705  Rel. Test L2 Loss :  0.05503765058517456  L adjust: ['1.004156', '1.000231']  time :  97.11771988868713
Epoch :  242  Rel. Train L2 Loss :  0.01645164242386818  Rel. Test L2 Loss :  0.054168583154678346  L adjust: ['1.004248', '1.000287']  time :  97.34154558181763
Epoch :  243  Rel. Train L2 Loss :  0.01599342030286789  Rel. Test L2 Loss :  0.05460119163990021  L adjust: ['1.004205', '1.000292']  time :  97.4847686290741
Epoch :  244  Rel. Train L2 Loss :  0.01591673466563225  Rel. Test L2 Loss :  0.054986998438835144  L adjust: ['1.004207', '1.000163']  time :  97.2300956249237
Epoch :  245  Rel. Train L2 Loss :  0.01587121891975403  Rel. Test L2 Loss :  0.05420795464515686  L adjust: ['1.004192', '1.000261']  time :  97.11658310890198
Epoch :  246  Rel. Train L2 Loss :  0.01587231954932213  Rel. Test L2 Loss :  0.05398328924179077  L adjust: ['1.004174', '1.000238']  time :  97.4466061592102
Epoch :  247  Rel. Train L2 Loss :  0.015472529649734498  Rel. Test L2 Loss :  0.054760876536369324  L adjust: ['1.004151', '1.000202']  time :  97.06936812400818
Epoch :  248  Rel. Train L2 Loss :  0.016239512503147126  Rel. Test L2 Loss :  0.05535881006717682  L adjust: ['1.004128', '1.000190']  time :  97.18317604064941
Epoch :  249  Rel. Train L2 Loss :  0.016507211446762086  Rel. Test L2 Loss :  0.0546058474779129  L adjust: ['1.004210', '1.000154']  time :  97.39978837966919
Epoch :  250  Rel. Train L2 Loss :  0.016336111903190613  Rel. Test L2 Loss :  0.0545934191942215  L adjust: ['1.004149', '1.000270']  time :  97.31279182434082
Epoch :  251  Rel. Train L2 Loss :  0.015549183875322342  Rel. Test L2 Loss :  0.054583866238594056  L adjust: ['1.004197', '1.000207']  time :  97.29921960830688
Epoch :  252  Rel. Train L2 Loss :  0.01582772547006607  Rel. Test L2 Loss :  0.05422995984554291  L adjust: ['1.004192', '1.000249']  time :  97.35059380531311
Epoch :  253  Rel. Train L2 Loss :  0.015685660779476165  Rel. Test L2 Loss :  0.054608338117599485  L adjust: ['1.004128', '1.000259']  time :  97.39257907867432
Epoch :  254  Rel. Train L2 Loss :  0.015270846635103226  Rel. Test L2 Loss :  0.05410061943531037  L adjust: ['1.004226', '1.000138']  time :  97.13763070106506
Epoch :  255  Rel. Train L2 Loss :  0.01553909096121788  Rel. Test L2 Loss :  0.05454574239253998  L adjust: ['1.004205', '1.000298']  time :  97.25330972671509
Epoch :  256  Rel. Train L2 Loss :  0.015359772831201553  Rel. Test L2 Loss :  0.0540009423494339  L adjust: ['1.004189', '1.000307']  time :  97.23705458641052
Epoch :  257  Rel. Train L2 Loss :  0.016194324046373366  Rel. Test L2 Loss :  0.054647155165672305  L adjust: ['1.004197', '1.000162']  time :  97.03040099143982
Epoch :  258  Rel. Train L2 Loss :  0.01580541843175888  Rel. Test L2 Loss :  0.05478205907344818  L adjust: ['1.004221', '1.000227']  time :  97.14613008499146
Epoch :  259  Rel. Train L2 Loss :  0.015175478190183639  Rel. Test L2 Loss :  0.053864638566970824  L adjust: ['1.004165', '1.000133']  time :  97.28523540496826
Epoch :  260  Rel. Train L2 Loss :  0.014900029003620148  Rel. Test L2 Loss :  0.05451487934589386  L adjust: ['1.004212', '1.000180']  time :  97.24600219726562
Epoch :  261  Rel. Train L2 Loss :  0.0147777119576931  Rel. Test L2 Loss :  0.05370561909675598  L adjust: ['1.004140', '1.000202']  time :  97.18679141998291
Epoch :  262  Rel. Train L2 Loss :  0.014511044442653656  Rel. Test L2 Loss :  0.05404706358909607  L adjust: ['1.004278', '1.000268']  time :  97.11079740524292
Epoch :  263  Rel. Train L2 Loss :  0.014880923837423324  Rel. Test L2 Loss :  0.05395831191539764  L adjust: ['1.004103', '1.000278']  time :  97.24213910102844
Epoch :  264  Rel. Train L2 Loss :  0.01480089083313942  Rel. Test L2 Loss :  0.05412841403484345  L adjust: ['1.004146', '1.000262']  time :  96.96853184700012
Epoch :  265  Rel. Train L2 Loss :  0.014544056922197342  Rel. Test L2 Loss :  0.05451238584518433  L adjust: ['1.004262', '1.000242']  time :  97.05762887001038
Epoch :  266  Rel. Train L2 Loss :  0.014887008517980575  Rel. Test L2 Loss :  0.05396511197090149  L adjust: ['1.004232', '1.000300']  time :  97.29454350471497
Epoch :  267  Rel. Train L2 Loss :  0.014794075340032577  Rel. Test L2 Loss :  0.05410549437999725  L adjust: ['1.004140', '1.000090']  time :  96.84365701675415
Epoch :  268  Rel. Train L2 Loss :  0.014550322681665421  Rel. Test L2 Loss :  0.05421751916408539  L adjust: ['1.004224', '1.000230']  time :  97.20712280273438
Epoch :  269  Rel. Train L2 Loss :  0.014179800108075142  Rel. Test L2 Loss :  0.05378688371181488  L adjust: ['1.004167', '1.000301']  time :  97.27817583084106
Epoch :  270  Rel. Train L2 Loss :  0.013788589149713516  Rel. Test L2 Loss :  0.05445325815677643  L adjust: ['1.004158', '1.000256']  time :  97.27029824256897
Epoch :  271  Rel. Train L2 Loss :  0.013706320255994798  Rel. Test L2 Loss :  0.05397940421104431  L adjust: ['1.004217', '1.000203']  time :  97.43084287643433
Epoch :  272  Rel. Train L2 Loss :  0.01399976335465908  Rel. Test L2 Loss :  0.05401124966144562  L adjust: ['1.004236', '1.000227']  time :  97.4765796661377
Epoch :  273  Rel. Train L2 Loss :  0.014068532049655915  Rel. Test L2 Loss :  0.05389383852481842  L adjust: ['1.004184', '1.000345']  time :  97.38543844223022
Epoch :  274  Rel. Train L2 Loss :  0.01490988004207611  Rel. Test L2 Loss :  0.05431015419960022  L adjust: ['1.004210', '1.000269']  time :  97.21866512298584
Epoch :  275  Rel. Train L2 Loss :  0.013981758296489715  Rel. Test L2 Loss :  0.05393620264530182  L adjust: ['1.004276', '1.000234']  time :  97.32710313796997
Epoch :  276  Rel. Train L2 Loss :  0.013492040500044824  Rel. Test L2 Loss :  0.054001953005790714  L adjust: ['1.004190', '1.000231']  time :  97.26464128494263
Epoch :  277  Rel. Train L2 Loss :  0.013652108058333397  Rel. Test L2 Loss :  0.05417472887039185  L adjust: ['1.004181', '1.000296']  time :  99.81607151031494
Epoch :  278  Rel. Train L2 Loss :  0.013743776261806489  Rel. Test L2 Loss :  0.05357340002059936  L adjust: ['1.004276', '1.000297']  time :  97.64972972869873
Epoch :  279  Rel. Train L2 Loss :  0.013654865235090255  Rel. Test L2 Loss :  0.05364049208164215  L adjust: ['1.004207', '1.000249']  time :  97.19640851020813
Epoch :  280  Rel. Train L2 Loss :  0.014610380202531815  Rel. Test L2 Loss :  0.05378934681415558  L adjust: ['1.004205', '1.000261']  time :  97.40984416007996
Epoch :  281  Rel. Train L2 Loss :  0.013953859359025956  Rel. Test L2 Loss :  0.05412049198150635  L adjust: ['1.004222', '1.000210']  time :  97.48134183883667
Epoch :  282  Rel. Train L2 Loss :  0.013888992741703987  Rel. Test L2 Loss :  0.05418779981136322  L adjust: ['1.004166', '1.000133']  time :  97.17535638809204
Epoch :  283  Rel. Train L2 Loss :  0.013630220010876656  Rel. Test L2 Loss :  0.05398600947856903  L adjust: ['1.004208', '1.000201']  time :  97.3851568698883
Epoch :  284  Rel. Train L2 Loss :  0.013747872352600098  Rel. Test L2 Loss :  0.053722349405288694  L adjust: ['1.004170', '1.000323']  time :  97.47474479675293
Epoch :  285  Rel. Train L2 Loss :  0.013616031512618065  Rel. Test L2 Loss :  0.05370626318454742  L adjust: ['1.004176', '1.000337']  time :  97.29629755020142
Epoch :  286  Rel. Train L2 Loss :  0.013513846606016159  Rel. Test L2 Loss :  0.05404710733890533  L adjust: ['1.004224', '1.000275']  time :  97.53441047668457
Epoch :  287  Rel. Train L2 Loss :  0.013301368370652199  Rel. Test L2 Loss :  0.05395524680614471  L adjust: ['1.004189', '1.000204']  time :  97.5273129940033
Epoch :  288  Rel. Train L2 Loss :  0.013147651344537735  Rel. Test L2 Loss :  0.05356692361831665  L adjust: ['1.004291', '1.000247']  time :  97.5839433670044
Epoch :  289  Rel. Train L2 Loss :  0.013051276564598084  Rel. Test L2 Loss :  0.05366349744796753  L adjust: ['1.004250', '1.000236']  time :  97.43277502059937
Epoch :  290  Rel. Train L2 Loss :  0.012840667828917504  Rel. Test L2 Loss :  0.05362058866024017  L adjust: ['1.004192', '1.000186']  time :  97.58134913444519
Epoch :  291  Rel. Train L2 Loss :  0.012696747988462449  Rel. Test L2 Loss :  0.05369127917289734  L adjust: ['1.004248', '1.000226']  time :  97.38481783866882
Epoch :  292  Rel. Train L2 Loss :  0.012519103527069092  Rel. Test L2 Loss :  0.053116164207458495  L adjust: ['1.004203', '1.000247']  time :  97.39616465568542
Epoch :  293  Rel. Train L2 Loss :  0.01230948379635811  Rel. Test L2 Loss :  0.05394281685352326  L adjust: ['1.004209', '1.000347']  time :  97.62398076057434
Epoch :  294  Rel. Train L2 Loss :  0.012533928364515305  Rel. Test L2 Loss :  0.053463399171829226  L adjust: ['1.004206', '1.000254']  time :  97.38347673416138
Epoch :  295  Rel. Train L2 Loss :  0.012373031035065651  Rel. Test L2 Loss :  0.05347369480133057  L adjust: ['1.004213', '1.000268']  time :  97.37354898452759
Epoch :  296  Rel. Train L2 Loss :  0.012059774562716483  Rel. Test L2 Loss :  0.053691106915473935  L adjust: ['1.004156', '1.000229']  time :  97.49303078651428
Epoch :  297  Rel. Train L2 Loss :  0.012321389615535736  Rel. Test L2 Loss :  0.053605896830558775  L adjust: ['1.004223', '1.000247']  time :  97.25065517425537
Epoch :  298  Rel. Train L2 Loss :  0.011966053739190102  Rel. Test L2 Loss :  0.053956447958946226  L adjust: ['1.004192', '1.000245']  time :  97.36421847343445
Epoch :  299  Rel. Train L2 Loss :  0.012258759260177613  Rel. Test L2 Loss :  0.05340136396884918  L adjust: ['1.004163', '1.000247']  time :  97.39926314353943
Epoch :  300  Rel. Train L2 Loss :  0.011946423068642617  Rel. Test L2 Loss :  0.05371707844734192  L adjust: ['1.004265', '1.000202']  time :  97.39836168289185
Epoch :  301  Rel. Train L2 Loss :  0.012312571227550506  Rel. Test L2 Loss :  0.05382280862331391  L adjust: ['1.004138', '1.000145']  time :  97.53512215614319
Epoch :  302  Rel. Train L2 Loss :  0.01240353673696518  Rel. Test L2 Loss :  0.05375100243091583  L adjust: ['1.004190', '1.000212']  time :  97.16988682746887
Epoch :  303  Rel. Train L2 Loss :  0.011905610278248787  Rel. Test L2 Loss :  0.053376278519630435  L adjust: ['1.004207', '1.000246']  time :  97.2464690208435
Epoch :  304  Rel. Train L2 Loss :  0.011514042884111404  Rel. Test L2 Loss :  0.0536135812997818  L adjust: ['1.004231', '1.000263']  time :  97.44056391716003
Epoch :  305  Rel. Train L2 Loss :  0.011705919668078423  Rel. Test L2 Loss :  0.053485690593719486  L adjust: ['1.004213', '1.000242']  time :  97.26148343086243
Epoch :  306  Rel. Train L2 Loss :  0.01190049123764038  Rel. Test L2 Loss :  0.05379717695713043  L adjust: ['1.004223', '1.000202']  time :  97.17734718322754
Epoch :  307  Rel. Train L2 Loss :  0.011702226251363754  Rel. Test L2 Loss :  0.05332036674022675  L adjust: ['1.004205', '1.000255']  time :  97.45393657684326
Epoch :  308  Rel. Train L2 Loss :  0.01181566946208477  Rel. Test L2 Loss :  0.05378888475894928  L adjust: ['1.004253', '1.000250']  time :  97.2902672290802
Epoch :  309  Rel. Train L2 Loss :  0.011616381019353866  Rel. Test L2 Loss :  0.05342215216159821  L adjust: ['1.004178', '1.000266']  time :  97.19319486618042
Epoch :  310  Rel. Train L2 Loss :  0.011218113720417023  Rel. Test L2 Loss :  0.05337943863868713  L adjust: ['1.004244', '1.000244']  time :  97.43775463104248
Epoch :  311  Rel. Train L2 Loss :  0.011708127439022064  Rel. Test L2 Loss :  0.053581521868705746  L adjust: ['1.004167', '1.000201']  time :  97.39680504798889
Epoch :  312  Rel. Train L2 Loss :  0.011345257848501206  Rel. Test L2 Loss :  0.05341601002216339  L adjust: ['1.004182', '1.000302']  time :  97.2888114452362
Epoch :  313  Rel. Train L2 Loss :  0.011397123768925667  Rel. Test L2 Loss :  0.05357794010639191  L adjust: ['1.004199', '1.000201']  time :  97.3976800441742
Epoch :  314  Rel. Train L2 Loss :  0.011184942796826363  Rel. Test L2 Loss :  0.053153018712997435  L adjust: ['1.004240', '1.000301']  time :  97.43044185638428
Epoch :  315  Rel. Train L2 Loss :  0.011039294674992562  Rel. Test L2 Loss :  0.05358892405033112  L adjust: ['1.004184', '1.000263']  time :  97.265451669693
Epoch :  316  Rel. Train L2 Loss :  0.01080547259747982  Rel. Test L2 Loss :  0.053094889879226684  L adjust: ['1.004217', '1.000258']  time :  97.46130180358887
Epoch :  317  Rel. Train L2 Loss :  0.010798808023333549  Rel. Test L2 Loss :  0.053162680029869076  L adjust: ['1.004217', '1.000241']  time :  98.4892086982727
Epoch :  318  Rel. Train L2 Loss :  0.010737287610769272  Rel. Test L2 Loss :  0.05358893024921417  L adjust: ['1.004184', '1.000190']  time :  97.85419654846191
Epoch :  319  Rel. Train L2 Loss :  0.010986451268196105  Rel. Test L2 Loss :  0.05353213953971863  L adjust: ['1.004198', '1.000259']  time :  97.38589668273926
Epoch :  320  Rel. Train L2 Loss :  0.010795569881796837  Rel. Test L2 Loss :  0.05357548010349274  L adjust: ['1.004184', '1.000266']  time :  97.34538197517395
Epoch :  321  Rel. Train L2 Loss :  0.011009189710021018  Rel. Test L2 Loss :  0.05346264386177063  L adjust: ['1.004159', '1.000256']  time :  97.20528101921082
Epoch :  322  Rel. Train L2 Loss :  0.010582036703824998  Rel. Test L2 Loss :  0.05344232785701752  L adjust: ['1.004168', '1.000242']  time :  97.42277240753174
Epoch :  323  Rel. Train L2 Loss :  0.010952632740139962  Rel. Test L2 Loss :  0.05327925205230713  L adjust: ['1.004202', '1.000204']  time :  97.33666729927063
Epoch :  324  Rel. Train L2 Loss :  0.010526991710066795  Rel. Test L2 Loss :  0.053273134112358095  L adjust: ['1.004255', '1.000232']  time :  97.15669822692871
Epoch :  325  Rel. Train L2 Loss :  0.01043172174692154  Rel. Test L2 Loss :  0.0534753280878067  L adjust: ['1.004205', '1.000204']  time :  97.43350434303284
Epoch :  326  Rel. Train L2 Loss :  0.010417386084794998  Rel. Test L2 Loss :  0.05361984121799469  L adjust: ['1.004196', '1.000229']  time :  97.40190315246582
Epoch :  327  Rel. Train L2 Loss :  0.01038368110358715  Rel. Test L2 Loss :  0.05323044872283936  L adjust: ['1.004167', '1.000229']  time :  97.17152452468872
Epoch :  328  Rel. Train L2 Loss :  0.010380265846848489  Rel. Test L2 Loss :  0.05321490490436554  L adjust: ['1.004211', '1.000280']  time :  97.31207227706909
Epoch :  329  Rel. Train L2 Loss :  0.010155907526612282  Rel. Test L2 Loss :  0.053333930253982545  L adjust: ['1.004236', '1.000274']  time :  97.42891764640808
Epoch :  330  Rel. Train L2 Loss :  0.01006542044878006  Rel. Test L2 Loss :  0.053136203289031986  L adjust: ['1.004186', '1.000252']  time :  97.31110286712646
Epoch :  331  Rel. Train L2 Loss :  0.01008280898630619  Rel. Test L2 Loss :  0.053198476910591125  L adjust: ['1.004210', '1.000227']  time :  97.19184875488281
Epoch :  332  Rel. Train L2 Loss :  0.00990257017314434  Rel. Test L2 Loss :  0.053324845433235166  L adjust: ['1.004201', '1.000226']  time :  97.38601303100586
Epoch :  333  Rel. Train L2 Loss :  0.009774154052138329  Rel. Test L2 Loss :  0.05321738374233246  L adjust: ['1.004177', '1.000250']  time :  97.32809281349182
Epoch :  334  Rel. Train L2 Loss :  0.009859870031476021  Rel. Test L2 Loss :  0.05317944073677063  L adjust: ['1.004214', '1.000230']  time :  97.23836469650269
Epoch :  335  Rel. Train L2 Loss :  0.00986803498864174  Rel. Test L2 Loss :  0.053201671123504636  L adjust: ['1.004179', '1.000253']  time :  97.24515438079834
Epoch :  336  Rel. Train L2 Loss :  0.009843776762485504  Rel. Test L2 Loss :  0.05353713405132294  L adjust: ['1.004200', '1.000284']  time :  97.3178174495697
Epoch :  337  Rel. Train L2 Loss :  0.009611703142523766  Rel. Test L2 Loss :  0.05277637505531311  L adjust: ['1.004175', '1.000280']  time :  96.93855381011963
Epoch :  338  Rel. Train L2 Loss :  0.009340841889381408  Rel. Test L2 Loss :  0.05352058744430542  L adjust: ['1.004205', '1.000204']  time :  97.12354445457458
Epoch :  339  Rel. Train L2 Loss :  0.009492667958140372  Rel. Test L2 Loss :  0.05308709311485291  L adjust: ['1.004158', '1.000215']  time :  97.39809393882751
Epoch :  340  Rel. Train L2 Loss :  0.009667241171002388  Rel. Test L2 Loss :  0.053115668058395384  L adjust: ['1.004227', '1.000250']  time :  97.13899254798889
Epoch :  341  Rel. Train L2 Loss :  0.00946254451572895  Rel. Test L2 Loss :  0.05297791302204132  L adjust: ['1.004196', '1.000250']  time :  97.09800052642822
Epoch :  342  Rel. Train L2 Loss :  0.009476704031229018  Rel. Test L2 Loss :  0.053002350211143495  L adjust: ['1.004230', '1.000276']  time :  97.4264714717865
Epoch :  343  Rel. Train L2 Loss :  0.009301767483353615  Rel. Test L2 Loss :  0.05316024613380432  L adjust: ['1.004244', '1.000238']  time :  97.3669822216034
Epoch :  344  Rel. Train L2 Loss :  0.009328624859452248  Rel. Test L2 Loss :  0.05282621192932129  L adjust: ['1.004228', '1.000234']  time :  97.17354226112366
Epoch :  345  Rel. Train L2 Loss :  0.009100584730505944  Rel. Test L2 Loss :  0.05307088315486908  L adjust: ['1.004197', '1.000225']  time :  97.21356773376465
Epoch :  346  Rel. Train L2 Loss :  0.009073017567396164  Rel. Test L2 Loss :  0.052924758553504946  L adjust: ['1.004236', '1.000258']  time :  97.40577006340027
Epoch :  347  Rel. Train L2 Loss :  0.008963512778282166  Rel. Test L2 Loss :  0.05297005403041839  L adjust: ['1.004199', '1.000254']  time :  97.19187116622925
Epoch :  348  Rel. Train L2 Loss :  0.009084541141986847  Rel. Test L2 Loss :  0.05300223171710968  L adjust: ['1.004189', '1.000208']  time :  97.16830277442932
Epoch :  349  Rel. Train L2 Loss :  0.008669214457273483  Rel. Test L2 Loss :  0.05291645395755768  L adjust: ['1.004206', '1.000204']  time :  97.43500590324402
Epoch :  350  Rel. Train L2 Loss :  0.008637691631913184  Rel. Test L2 Loss :  0.05298054563999176  L adjust: ['1.004233', '1.000191']  time :  97.3386595249176
Epoch :  351  Rel. Train L2 Loss :  0.008640707924962044  Rel. Test L2 Loss :  0.05276408815383911  L adjust: ['1.004184', '1.000232']  time :  97.0988438129425
Epoch :  352  Rel. Train L2 Loss :  0.008881940603256226  Rel. Test L2 Loss :  0.05296954369544983  L adjust: ['1.004205', '1.000240']  time :  97.37759757041931
Epoch :  353  Rel. Train L2 Loss :  0.008799032270908357  Rel. Test L2 Loss :  0.05299390041828155  L adjust: ['1.004191', '1.000243']  time :  97.34019684791565
Epoch :  354  Rel. Train L2 Loss :  0.008568639516830444  Rel. Test L2 Loss :  0.053002679824829105  L adjust: ['1.004173', '1.000244']  time :  96.96395301818848
Epoch :  355  Rel. Train L2 Loss :  0.00826217520236969  Rel. Test L2 Loss :  0.05306114590167999  L adjust: ['1.004204', '1.000245']  time :  97.21155953407288
Epoch :  356  Rel. Train L2 Loss :  0.00845093061029911  Rel. Test L2 Loss :  0.0530930050611496  L adjust: ['1.004194', '1.000253']  time :  97.23423933982849
Epoch :  357  Rel. Train L2 Loss :  0.008271580055356026  Rel. Test L2 Loss :  0.05283482885360718  L adjust: ['1.004229', '1.000268']  time :  97.4030077457428
Epoch :  358  Rel. Train L2 Loss :  0.008280388161540031  Rel. Test L2 Loss :  0.05303000915050506  L adjust: ['1.004172', '1.000270']  time :  98.42550134658813
Epoch :  359  Rel. Train L2 Loss :  0.008392524391412736  Rel. Test L2 Loss :  0.052746724128723145  L adjust: ['1.004190', '1.000210']  time :  97.38991570472717
Epoch :  360  Rel. Train L2 Loss :  0.008274365350604057  Rel. Test L2 Loss :  0.05292510724067688  L adjust: ['1.004194', '1.000248']  time :  97.0609188079834
Epoch :  361  Rel. Train L2 Loss :  0.008172913059592246  Rel. Test L2 Loss :  0.052747769236564636  L adjust: ['1.004193', '1.000237']  time :  97.1849582195282
Epoch :  362  Rel. Train L2 Loss :  0.00822415030002594  Rel. Test L2 Loss :  0.05284598970413208  L adjust: ['1.004190', '1.000222']  time :  97.41470074653625
Epoch :  363  Rel. Train L2 Loss :  0.00817202715575695  Rel. Test L2 Loss :  0.053147013425827026  L adjust: ['1.004201', '1.000235']  time :  97.33074593544006
Epoch :  364  Rel. Train L2 Loss :  0.008127555146813393  Rel. Test L2 Loss :  0.05279024136066437  L adjust: ['1.004207', '1.000224']  time :  97.17186284065247
Epoch :  365  Rel. Train L2 Loss :  0.007899781540036201  Rel. Test L2 Loss :  0.052956786870956424  L adjust: ['1.004203', '1.000215']  time :  97.281320810318
Epoch :  366  Rel. Train L2 Loss :  0.00788292035460472  Rel. Test L2 Loss :  0.05290457093715668  L adjust: ['1.004194', '1.000235']  time :  97.33462047576904
Epoch :  367  Rel. Train L2 Loss :  0.007794115573167801  Rel. Test L2 Loss :  0.052959200620651244  L adjust: ['1.004192', '1.000220']  time :  96.85156559944153
Epoch :  368  Rel. Train L2 Loss :  0.007791192635893822  Rel. Test L2 Loss :  0.0528404141664505  L adjust: ['1.004218', '1.000226']  time :  97.23062348365784
Epoch :  369  Rel. Train L2 Loss :  0.007774615809321404  Rel. Test L2 Loss :  0.052681862115859984  L adjust: ['1.004178', '1.000235']  time :  97.40154552459717
Epoch :  370  Rel. Train L2 Loss :  0.007552457436919212  Rel. Test L2 Loss :  0.05286205053329468  L adjust: ['1.004191', '1.000237']  time :  97.3420422077179
Epoch :  371  Rel. Train L2 Loss :  0.007479891508817673  Rel. Test L2 Loss :  0.05276124477386475  L adjust: ['1.004189', '1.000209']  time :  97.13700985908508
Epoch :  372  Rel. Train L2 Loss :  0.007550032258033752  Rel. Test L2 Loss :  0.052885310292243956  L adjust: ['1.004193', '1.000243']  time :  97.16461944580078
Epoch :  373  Rel. Train L2 Loss :  0.007424461394548416  Rel. Test L2 Loss :  0.052935107350349425  L adjust: ['1.004197', '1.000241']  time :  97.33551478385925
Epoch :  374  Rel. Train L2 Loss :  0.007231777608394623  Rel. Test L2 Loss :  0.0527720011472702  L adjust: ['1.004191', '1.000240']  time :  97.0610122680664
Epoch :  375  Rel. Train L2 Loss :  0.007307580053806305  Rel. Test L2 Loss :  0.052863049149513244  L adjust: ['1.004205', '1.000215']  time :  97.10933804512024
Epoch :  376  Rel. Train L2 Loss :  0.007370277017354965  Rel. Test L2 Loss :  0.052803158044815064  L adjust: ['1.004206', '1.000239']  time :  97.46560192108154
Epoch :  377  Rel. Train L2 Loss :  0.007218861356377602  Rel. Test L2 Loss :  0.05284226977825165  L adjust: ['1.004187', '1.000232']  time :  97.07954168319702
Epoch :  378  Rel. Train L2 Loss :  0.007278577014803886  Rel. Test L2 Loss :  0.05275084340572357  L adjust: ['1.004185', '1.000243']  time :  97.31045436859131
Epoch :  379  Rel. Train L2 Loss :  0.007040142722427845  Rel. Test L2 Loss :  0.0529406247138977  L adjust: ['1.004195', '1.000244']  time :  97.5467803478241
Epoch :  380  Rel. Train L2 Loss :  0.007020615622401237  Rel. Test L2 Loss :  0.05278852236270905  L adjust: ['1.004189', '1.000230']  time :  96.84038805961609
Epoch :  381  Rel. Train L2 Loss :  0.006999919734895229  Rel. Test L2 Loss :  0.052789013147354125  L adjust: ['1.004196', '1.000245']  time :  97.37371754646301
Epoch :  382  Rel. Train L2 Loss :  0.007109138570725918  Rel. Test L2 Loss :  0.05293440675735474  L adjust: ['1.004193', '1.000238']  time :  97.35093283653259
Epoch :  383  Rel. Train L2 Loss :  0.006992800638079643  Rel. Test L2 Loss :  0.05266754865646362  L adjust: ['1.004175', '1.000244']  time :  97.24819207191467
Epoch :  384  Rel. Train L2 Loss :  0.006778302997350692  Rel. Test L2 Loss :  0.05271433794498444  L adjust: ['1.004210', '1.000203']  time :  97.47644758224487
Epoch :  385  Rel. Train L2 Loss :  0.006722741886973381  Rel. Test L2 Loss :  0.052831936836242675  L adjust: ['1.004194', '1.000254']  time :  97.27548718452454
Epoch :  386  Rel. Train L2 Loss :  0.006705175131559372  Rel. Test L2 Loss :  0.05252367329597473  L adjust: ['1.004195', '1.000248']  time :  97.41174626350403
Epoch :  387  Rel. Train L2 Loss :  0.006616500459611416  Rel. Test L2 Loss :  0.05274987483024597  L adjust: ['1.004203', '1.000250']  time :  97.49755835533142
Epoch :  388  Rel. Train L2 Loss :  0.006604989185929298  Rel. Test L2 Loss :  0.05261611306667328  L adjust: ['1.004182', '1.000233']  time :  97.43200707435608
Epoch :  389  Rel. Train L2 Loss :  0.006563556961715221  Rel. Test L2 Loss :  0.0526173882484436  L adjust: ['1.004203', '1.000257']  time :  96.73042321205139
Epoch :  390  Rel. Train L2 Loss :  0.006429841108620167  Rel. Test L2 Loss :  0.0527629668712616  L adjust: ['1.004187', '1.000226']  time :  97.16277885437012
Epoch :  391  Rel. Train L2 Loss :  0.006368680752813816  Rel. Test L2 Loss :  0.05256797659397125  L adjust: ['1.004204', '1.000246']  time :  97.24283266067505
Epoch :  392  Rel. Train L2 Loss :  0.006373623624444008  Rel. Test L2 Loss :  0.052730258226394655  L adjust: ['1.004206', '1.000236']  time :  97.01591205596924
Epoch :  393  Rel. Train L2 Loss :  0.006292363099753857  Rel. Test L2 Loss :  0.05270706570148468  L adjust: ['1.004211', '1.000250']  time :  97.12119030952454
Epoch :  394  Rel. Train L2 Loss :  0.006220175251364708  Rel. Test L2 Loss :  0.05265479469299316  L adjust: ['1.004202', '1.000231']  time :  97.26564836502075
Epoch :  395  Rel. Train L2 Loss :  0.006256614424288273  Rel. Test L2 Loss :  0.05265241384506226  L adjust: ['1.004188', '1.000253']  time :  97.35698556900024
Epoch :  396  Rel. Train L2 Loss :  0.006176905177533627  Rel. Test L2 Loss :  0.052568694472312924  L adjust: ['1.004194', '1.000247']  time :  97.1832046508789
Epoch :  397  Rel. Train L2 Loss :  0.006077763304114342  Rel. Test L2 Loss :  0.052759584307670596  L adjust: ['1.004202', '1.000225']  time :  97.11169409751892
Epoch :  398  Rel. Train L2 Loss :  0.00610794322937727  Rel. Test L2 Loss :  0.052649996876716613  L adjust: ['1.004190', '1.000232']  time :  97.75018000602722
Epoch :  399  Rel. Train L2 Loss :  0.006051258914172649  Rel. Test L2 Loss :  0.05277304327487946  L adjust: ['1.004196', '1.000250']  time :  97.34924697875977
Epoch :  400  Rel. Train L2 Loss :  0.005974914997816085  Rel. Test L2 Loss :  0.0526321611404419  L adjust: ['1.004195', '1.000223']  time :  97.05013108253479
Epoch :  401  Rel. Train L2 Loss :  0.005924858555197716  Rel. Test L2 Loss :  0.052449699997901916  L adjust: ['1.004197', '1.000247']  time :  97.12273287773132
Epoch :  402  Rel. Train L2 Loss :  0.0058736313730478286  Rel. Test L2 Loss :  0.05249836277961731  L adjust: ['1.004202', '1.000247']  time :  97.37304878234863
Epoch :  403  Rel. Train L2 Loss :  0.005846368461847305  Rel. Test L2 Loss :  0.05246759307384491  L adjust: ['1.004223', '1.000228']  time :  97.33750748634338
Epoch :  404  Rel. Train L2 Loss :  0.005866166427731514  Rel. Test L2 Loss :  0.052508829832077025  L adjust: ['1.004207', '1.000247']  time :  96.89581823348999
Epoch :  405  Rel. Train L2 Loss :  0.005839462019503116  Rel. Test L2 Loss :  0.05261862182617188  L adjust: ['1.004194', '1.000227']  time :  97.25050568580627
Epoch :  406  Rel. Train L2 Loss :  0.005763441123068333  Rel. Test L2 Loss :  0.05262974762916565  L adjust: ['1.004186', '1.000226']  time :  97.33221364021301
Epoch :  407  Rel. Train L2 Loss :  0.0056309992969036105  Rel. Test L2 Loss :  0.0524612135887146  L adjust: ['1.004199', '1.000240']  time :  97.2545747756958
Epoch :  408  Rel. Train L2 Loss :  0.005558648906648159  Rel. Test L2 Loss :  0.05255733585357666  L adjust: ['1.004191', '1.000233']  time :  97.13967895507812
Epoch :  409  Rel. Train L2 Loss :  0.005503890655934811  Rel. Test L2 Loss :  0.05254339134693146  L adjust: ['1.004199', '1.000234']  time :  97.15730786323547
Epoch :  410  Rel. Train L2 Loss :  0.005456622041761875  Rel. Test L2 Loss :  0.05242426204681396  L adjust: ['1.004197', '1.000239']  time :  97.3922905921936
Epoch :  411  Rel. Train L2 Loss :  0.005399376705288887  Rel. Test L2 Loss :  0.05261269152164459  L adjust: ['1.004194', '1.000232']  time :  98.1318678855896
Epoch :  412  Rel. Train L2 Loss :  0.005377797245979309  Rel. Test L2 Loss :  0.05234292149543762  L adjust: ['1.004207', '1.000235']  time :  97.19193291664124
Epoch :  413  Rel. Train L2 Loss :  0.0053465479463338855  Rel. Test L2 Loss :  0.05246685004234314  L adjust: ['1.004207', '1.000234']  time :  97.36621713638306
Epoch :  414  Rel. Train L2 Loss :  0.005236180320382118  Rel. Test L2 Loss :  0.052473849415779115  L adjust: ['1.004199', '1.000237']  time :  97.40237379074097
Epoch :  415  Rel. Train L2 Loss :  0.005205637998878956  Rel. Test L2 Loss :  0.052416830897331235  L adjust: ['1.004183', '1.000235']  time :  97.0323097705841
Epoch :  416  Rel. Train L2 Loss :  0.005138690359890461  Rel. Test L2 Loss :  0.052413557887077335  L adjust: ['1.004200', '1.000245']  time :  97.27353429794312
Epoch :  417  Rel. Train L2 Loss :  0.00509270903468132  Rel. Test L2 Loss :  0.052371439337730405  L adjust: ['1.004189', '1.000243']  time :  97.4673125743866
Epoch :  418  Rel. Train L2 Loss :  0.005069651022553444  Rel. Test L2 Loss :  0.05242635750770569  L adjust: ['1.004207', '1.000239']  time :  97.2726149559021
Epoch :  419  Rel. Train L2 Loss :  0.005055922456085682  Rel. Test L2 Loss :  0.05237201964855194  L adjust: ['1.004200', '1.000245']  time :  97.07270574569702
Epoch :  420  Rel. Train L2 Loss :  0.005044599257409572  Rel. Test L2 Loss :  0.05240636193752289  L adjust: ['1.004201', '1.000245']  time :  97.29761338233948
Epoch :  421  Rel. Train L2 Loss :  0.004986422441899776  Rel. Test L2 Loss :  0.05234597098827362  L adjust: ['1.004202', '1.000237']  time :  97.4377932548523
Epoch :  422  Rel. Train L2 Loss :  0.004976296596229076  Rel. Test L2 Loss :  0.05240422189235687  L adjust: ['1.004188', '1.000241']  time :  97.20086455345154
Epoch :  423  Rel. Train L2 Loss :  0.004952828824520111  Rel. Test L2 Loss :  0.05239601039886475  L adjust: ['1.004196', '1.000239']  time :  97.24135684967041
Epoch :  424  Rel. Train L2 Loss :  0.004848093315958976  Rel. Test L2 Loss :  0.05240230596065521  L adjust: ['1.004190', '1.000238']  time :  97.34232234954834
Epoch :  425  Rel. Train L2 Loss :  0.004762082003057003  Rel. Test L2 Loss :  0.052260380029678345  L adjust: ['1.004197', '1.000235']  time :  97.45026540756226
Epoch :  426  Rel. Train L2 Loss :  0.004732195034623146  Rel. Test L2 Loss :  0.052299172282218934  L adjust: ['1.004200', '1.000242']  time :  96.98013663291931
Epoch :  427  Rel. Train L2 Loss :  0.004695689462125301  Rel. Test L2 Loss :  0.05236036241054535  L adjust: ['1.004205', '1.000238']  time :  97.33013892173767
Epoch :  428  Rel. Train L2 Loss :  0.004668936170637608  Rel. Test L2 Loss :  0.05230764102935791  L adjust: ['1.004201', '1.000240']  time :  98.56655502319336
Epoch :  429  Rel. Train L2 Loss :  0.004641227595508099  Rel. Test L2 Loss :  0.052364834189414976  L adjust: ['1.004199', '1.000234']  time :  97.15748524665833
Epoch :  430  Rel. Train L2 Loss :  0.004625582315027714  Rel. Test L2 Loss :  0.05233891606330872  L adjust: ['1.004199', '1.000240']  time :  97.09558200836182
Epoch :  431  Rel. Train L2 Loss :  0.004618663422763348  Rel. Test L2 Loss :  0.052295818567276  L adjust: ['1.004207', '1.000233']  time :  97.36037921905518
Epoch :  432  Rel. Train L2 Loss :  0.004578459367156029  Rel. Test L2 Loss :  0.05231124758720398  L adjust: ['1.004194', '1.000238']  time :  97.3510000705719
Epoch :  433  Rel. Train L2 Loss :  0.004554561041295528  Rel. Test L2 Loss :  0.05223977959156036  L adjust: ['1.004196', '1.000243']  time :  97.04021716117859
Epoch :  434  Rel. Train L2 Loss :  0.004455104768276215  Rel. Test L2 Loss :  0.05233832132816315  L adjust: ['1.004199', '1.000242']  time :  97.13649010658264
Epoch :  435  Rel. Train L2 Loss :  0.004413401074707508  Rel. Test L2 Loss :  0.052266566514968874  L adjust: ['1.004193', '1.000241']  time :  97.218266248703
Epoch :  436  Rel. Train L2 Loss :  0.0043683860749006275  Rel. Test L2 Loss :  0.05227131056785583  L adjust: ['1.004199', '1.000242']  time :  97.38137221336365
Epoch :  437  Rel. Train L2 Loss :  0.004337999112904072  Rel. Test L2 Loss :  0.05222329807281494  L adjust: ['1.004198', '1.000242']  time :  97.04952836036682
Epoch :  438  Rel. Train L2 Loss :  0.004305985279381275  Rel. Test L2 Loss :  0.05228491711616516  L adjust: ['1.004196', '1.000240']  time :  97.74102544784546
Epoch :  439  Rel. Train L2 Loss :  0.004290958374738693  Rel. Test L2 Loss :  0.052202755212783815  L adjust: ['1.004200', '1.000237']  time :  97.31486868858337
Epoch :  440  Rel. Train L2 Loss :  0.004255938827991485  Rel. Test L2 Loss :  0.05223507535457611  L adjust: ['1.004197', '1.000237']  time :  97.29123401641846
Epoch :  441  Rel. Train L2 Loss :  0.004231452748179436  Rel. Test L2 Loss :  0.05220717990398407  L adjust: ['1.004192', '1.000236']  time :  97.12041711807251
Epoch :  442  Rel. Train L2 Loss :  0.004207693308591842  Rel. Test L2 Loss :  0.052214767694473266  L adjust: ['1.004195', '1.000239']  time :  97.26109027862549
Epoch :  443  Rel. Train L2 Loss :  0.004177315481007099  Rel. Test L2 Loss :  0.05223319339752197  L adjust: ['1.004196', '1.000235']  time :  97.44949173927307
Epoch :  444  Rel. Train L2 Loss :  0.004141588225960732  Rel. Test L2 Loss :  0.05222711205482483  L adjust: ['1.004199', '1.000239']  time :  97.19368767738342
Epoch :  445  Rel. Train L2 Loss :  0.00412364074587822  Rel. Test L2 Loss :  0.052252533078193664  L adjust: ['1.004198', '1.000235']  time :  97.18533444404602
Epoch :  446  Rel. Train L2 Loss :  0.004100029982626438  Rel. Test L2 Loss :  0.052209412455558775  L adjust: ['1.004199', '1.000240']  time :  97.34915828704834
Epoch :  447  Rel. Train L2 Loss :  0.004074732199311256  Rel. Test L2 Loss :  0.05222809743881226  L adjust: ['1.004195', '1.000240']  time :  97.32114315032959
Epoch :  448  Rel. Train L2 Loss :  0.004044632837176323  Rel. Test L2 Loss :  0.05220048177242279  L adjust: ['1.004198', '1.000238']  time :  97.15837526321411
Epoch :  449  Rel. Train L2 Loss :  0.004001627951860428  Rel. Test L2 Loss :  0.05220556092262268  L adjust: ['1.004197', '1.000237']  time :  97.30574011802673
Epoch :  450  Rel. Train L2 Loss :  0.003975168764591217  Rel. Test L2 Loss :  0.05216704285144806  L adjust: ['1.004198', '1.000238']  time :  97.4447569847107
Epoch :  451  Rel. Train L2 Loss :  0.003952665112912655  Rel. Test L2 Loss :  0.05219307172298431  L adjust: ['1.004197', '1.000237']  time :  98.01917719841003
Epoch :  452  Rel. Train L2 Loss :  0.0039422021433711055  Rel. Test L2 Loss :  0.05217865777015686  L adjust: ['1.004200', '1.000239']  time :  97.24142098426819
Epoch :  453  Rel. Train L2 Loss :  0.003921824038028717  Rel. Test L2 Loss :  0.05220780408382416  L adjust: ['1.004200', '1.000237']  time :  97.30334329605103
Epoch :  454  Rel. Train L2 Loss :  0.003909592568874359  Rel. Test L2 Loss :  0.052185652017593384  L adjust: ['1.004199', '1.000241']  time :  97.22169661521912
Epoch :  455  Rel. Train L2 Loss :  0.003884588472545147  Rel. Test L2 Loss :  0.05218342912197113  L adjust: ['1.004197', '1.000239']  time :  97.06211113929749
Epoch :  456  Rel. Train L2 Loss :  0.0038764198198914528  Rel. Test L2 Loss :  0.05220034396648407  L adjust: ['1.004200', '1.000237']  time :  97.31532835960388
Epoch :  457  Rel. Train L2 Loss :  0.00385530511289835  Rel. Test L2 Loss :  0.05216801726818085  L adjust: ['1.004198', '1.000238']  time :  97.32041931152344
Epoch :  458  Rel. Train L2 Loss :  0.003832673870027065  Rel. Test L2 Loss :  0.05218182444572449  L adjust: ['1.004197', '1.000237']  time :  97.10536170005798
Epoch :  459  Rel. Train L2 Loss :  0.003814064159989357  Rel. Test L2 Loss :  0.05217236602306366  L adjust: ['1.004198', '1.000239']  time :  97.2913589477539
Epoch :  460  Rel. Train L2 Loss :  0.0037949686497449875  Rel. Test L2 Loss :  0.05216410434246063  L adjust: ['1.004199', '1.000240']  time :  97.44261932373047
Epoch :  461  Rel. Train L2 Loss :  0.0037795566320419313  Rel. Test L2 Loss :  0.05216352081298828  L adjust: ['1.004197', '1.000239']  time :  97.34816718101501
Epoch :  462  Rel. Train L2 Loss :  0.0037623549029231072  Rel. Test L2 Loss :  0.05215587592124939  L adjust: ['1.004199', '1.000239']  time :  97.50210547447205
Epoch :  463  Rel. Train L2 Loss :  0.003752095505595207  Rel. Test L2 Loss :  0.052177897691726684  L adjust: ['1.004197', '1.000238']  time :  97.3157479763031
Epoch :  464  Rel. Train L2 Loss :  0.003743996746838093  Rel. Test L2 Loss :  0.0521440749168396  L adjust: ['1.004200', '1.000238']  time :  97.40760207176208
Epoch :  465  Rel. Train L2 Loss :  0.0037272320166230203  Rel. Test L2 Loss :  0.05216193377971649  L adjust: ['1.004196', '1.000237']  time :  97.49049496650696
Epoch :  466  Rel. Train L2 Loss :  0.0037100777104496956  Rel. Test L2 Loss :  0.052161941409111026  L adjust: ['1.004197', '1.000239']  time :  97.39044666290283
Epoch :  467  Rel. Train L2 Loss :  0.0037005476504564285  Rel. Test L2 Loss :  0.052164513468742374  L adjust: ['1.004198', '1.000238']  time :  97.46708106994629
Epoch :  468  Rel. Train L2 Loss :  0.003691981554031372  Rel. Test L2 Loss :  0.05215510535240173  L adjust: ['1.004197', '1.000238']  time :  97.75141310691833
Epoch :  469  Rel. Train L2 Loss :  0.0036831190809607506  Rel. Test L2 Loss :  0.052154873490333556  L adjust: ['1.004198', '1.000239']  time :  97.38088798522949
Epoch :  470  Rel. Train L2 Loss :  0.0036728018075227738  Rel. Test L2 Loss :  0.0521453628540039  L adjust: ['1.004199', '1.000239']  time :  97.4347333908081
Epoch :  471  Rel. Train L2 Loss :  0.003666997767984867  Rel. Test L2 Loss :  0.052157326579093936  L adjust: ['1.004199', '1.000238']  time :  97.51799178123474
Epoch :  472  Rel. Train L2 Loss :  0.00365827526897192  Rel. Test L2 Loss :  0.05215354025363922  L adjust: ['1.004197', '1.000238']  time :  97.39424228668213
Epoch :  473  Rel. Train L2 Loss :  0.003650282934308052  Rel. Test L2 Loss :  0.05213645470142365  L adjust: ['1.004197', '1.000239']  time :  97.40352392196655
Epoch :  474  Rel. Train L2 Loss :  0.0036411925703287123  Rel. Test L2 Loss :  0.05215089845657349  L adjust: ['1.004198', '1.000238']  time :  97.39266085624695
Epoch :  475  Rel. Train L2 Loss :  0.0036357246711850168  Rel. Test L2 Loss :  0.05214435875415802  L adjust: ['1.004198', '1.000239']  time :  97.19829225540161
Epoch :  476  Rel. Train L2 Loss :  0.003630531199276447  Rel. Test L2 Loss :  0.05214855074882507  L adjust: ['1.004198', '1.000238']  time :  97.36065077781677
Epoch :  477  Rel. Train L2 Loss :  0.003622930355370045  Rel. Test L2 Loss :  0.05214881420135498  L adjust: ['1.004198', '1.000239']  time :  97.40267753601074
Epoch :  478  Rel. Train L2 Loss :  0.003618143729865551  Rel. Test L2 Loss :  0.0521488846540451  L adjust: ['1.004198', '1.000239']  time :  97.88112092018127
Epoch :  479  Rel. Train L2 Loss :  0.0036104055643081663  Rel. Test L2 Loss :  0.05215660119056702  L adjust: ['1.004198', '1.000238']  time :  97.22985911369324
Epoch :  480  Rel. Train L2 Loss :  0.00360511077940464  Rel. Test L2 Loss :  0.052145833373069765  L adjust: ['1.004198', '1.000239']  time :  97.31642484664917
Epoch :  481  Rel. Train L2 Loss :  0.003602549023926258  Rel. Test L2 Loss :  0.05214791405200958  L adjust: ['1.004198', '1.000238']  time :  97.29053592681885
Epoch :  482  Rel. Train L2 Loss :  0.003594094678759575  Rel. Test L2 Loss :  0.052151947975158694  L adjust: ['1.004198', '1.000239']  time :  97.10201001167297
Epoch :  483  Rel. Train L2 Loss :  0.003589849166572094  Rel. Test L2 Loss :  0.05214747762680054  L adjust: ['1.004197', '1.000238']  time :  97.29516959190369
Epoch :  484  Rel. Train L2 Loss :  0.0035869329273700715  Rel. Test L2 Loss :  0.05213866209983826  L adjust: ['1.004198', '1.000238']  time :  97.37550354003906
Epoch :  485  Rel. Train L2 Loss :  0.00358230559527874  Rel. Test L2 Loss :  0.05214114224910736  L adjust: ['1.004198', '1.000239']  time :  97.1859188079834
Epoch :  486  Rel. Train L2 Loss :  0.0035790027640759943  Rel. Test L2 Loss :  0.05214276719093323  L adjust: ['1.004198', '1.000239']  time :  97.17308354377747
Epoch :  487  Rel. Train L2 Loss :  0.003575134616345167  Rel. Test L2 Loss :  0.05214590537548065  L adjust: ['1.004198', '1.000238']  time :  97.43030333518982
Epoch :  488  Rel. Train L2 Loss :  0.0035725220032036304  Rel. Test L2 Loss :  0.052143492579460146  L adjust: ['1.004198', '1.000239']  time :  97.23847007751465
Epoch :  489  Rel. Train L2 Loss :  0.003569124259054661  Rel. Test L2 Loss :  0.052143323421478274  L adjust: ['1.004198', '1.000239']  time :  97.42587900161743
Epoch :  490  Rel. Train L2 Loss :  0.003565393678843975  Rel. Test L2 Loss :  0.05213986849784851  L adjust: ['1.004198', '1.000239']  time :  97.53380417823792
Epoch :  491  Rel. Train L2 Loss :  0.0035640659108757975  Rel. Test L2 Loss :  0.05214335072040558  L adjust: ['1.004198', '1.000238']  time :  98.04434370994568
Epoch :  492  Rel. Train L2 Loss :  0.0035606381595134737  Rel. Test L2 Loss :  0.05214619195461273  L adjust: ['1.004198', '1.000238']  time :  97.4743971824646
Epoch :  493  Rel. Train L2 Loss :  0.0035585189908742903  Rel. Test L2 Loss :  0.052138312339782715  L adjust: ['1.004198', '1.000239']  time :  97.50938296318054
Epoch :  494  Rel. Train L2 Loss :  0.00355594539642334  Rel. Test L2 Loss :  0.052139949560165405  L adjust: ['1.004198', '1.000239']  time :  97.4157543182373
Epoch :  495  Rel. Train L2 Loss :  0.0035545710027217866  Rel. Test L2 Loss :  0.05213685643672943  L adjust: ['1.004198', '1.000239']  time :  97.42759275436401
Epoch :  496  Rel. Train L2 Loss :  0.0035517449900507926  Rel. Test L2 Loss :  0.052137120962142944  L adjust: ['1.004198', '1.000238']  time :  97.34473991394043
Epoch :  497  Rel. Train L2 Loss :  0.0035489999875426294  Rel. Test L2 Loss :  0.05213928055763244  L adjust: ['1.004198', '1.000238']  time :  97.17476010322571
Epoch :  498  Rel. Train L2 Loss :  0.0035481405667960645  Rel. Test L2 Loss :  0.05213825261592865  L adjust: ['1.004198', '1.000239']  time :  97.32108974456787
Epoch :  499  Rel. Train L2 Loss :  0.0035464167445898058  Rel. Test L2 Loss :  0.05213462626934052  L adjust: ['1.004198', '1.000239']  time :  97.33349132537842
