original data: in (2490, 221, 51, 2) out (2490, 221, 51)
used data: x_train (1000, 11271, 4) y_train (1000, 11271, 1) x_test (200, 11271, 4) y_test (200, 11271, 1)
############################################################ config of data ############################################################
L: 1.0
downsample_ratio: 1
n_train: 1000
n_test: 200
pca_include_input: False
pca_include_grid: False
should_include_F: False
should_flatten: True
should_compute_bases: True
############################################################ config of model ############################################################
in_dim: 4
out_dim: 1
fc_channels: 128
layer_channels: [64, 64, 64, 64, 64]
layer_types: ['GalerkinConv', 'GalerkinConv', 'GalerkinConv', 'GalerkinConv']
act: gelu
should_residual: [False, False, False, False]
modes_gk: [64, 64, 64, 64]
bases_types: ['fourier', 'fourier', 'fourier', 'fourier']
wbases_types: ['fourier', 'fourier', 'fourier', 'fourier']
green_types: ['DiagLrGreen', 'DiagLrGreen', 'DiagLrGreen', 'DiagLrGreen']
ranks_h: [8, 8, 8, 8]
levels: [4, 4, 4, 4]
ranks_d: [2, 2, 2, 2]
heads: [4, 4, 4, 4]
############################################################ config of train ############################################################
device: cuda
normalization_x: True
normalization_y: True
normalization_dim: []
epochs: 500
batch_size: 30
scheduler: OneCycleLR
base_lr: 0.001
weight_decay: 0.0001
milestones: None
scheduler_gamma: None
############################################################ Start Training ############################################################
number of parameters is 287553
no boundary loss
epoch0  rel.Train: 0.15920328140258788  rel.Test: 0.15198068380355834  abs.Test: 0.12569932222366334  abs.TestBoundary: 0j  time: 2.1846379400230944
epoch1  rel.Train: 0.1446643589735031  rel.Test: 0.12012172341346741  abs.Test: 0.09929103434085845  abs.TestBoundary: 0j  time: 0.681351425126195
epoch2  rel.Train: 0.11485161638259887  rel.Test: 0.10851514458656311  abs.Test: 0.08969685018062591  abs.TestBoundary: 0j  time: 0.6817332278005779
epoch3  rel.Train: 0.1094040333032608  rel.Test: 0.10475139141082764  abs.Test: 0.08661257624626159  abs.TestBoundary: 0j  time: 0.6813213340938091
epoch4  rel.Train: 0.10650386190414429  rel.Test: 0.10208835124969483  abs.Test: 0.08441689491271973  abs.TestBoundary: 0j  time: 0.6816971129737794
epoch5  rel.Train: 0.1044751158952713  rel.Test: 0.10157381296157837  abs.Test: 0.08396162152290344  abs.TestBoundary: 0j  time: 0.6808983515948057
epoch6  rel.Train: 0.10346188712120057  rel.Test: 0.09981908023357391  abs.Test: 0.08254013061523438  abs.TestBoundary: 0j  time: 0.6828187280334532
epoch7  rel.Train: 0.1024920984506607  rel.Test: 0.0996512633562088  abs.Test: 0.08239004969596862  abs.TestBoundary: 0j  time: 0.6814202391542494
epoch8  rel.Train: 0.10246862494945526  rel.Test: 0.09942128241062165  abs.Test: 0.08220450222492218  abs.TestBoundary: 0j  time: 0.6814069868996739
epoch9  rel.Train: 0.10211456823349  rel.Test: 0.09887676835060119  abs.Test: 0.08177688896656037  abs.TestBoundary: 0j  time: 0.6829274161718786
epoch10  rel.Train: 0.1017552580833435  rel.Test: 0.09850332379341126  abs.Test: 0.08147498965263367  abs.TestBoundary: 0j  time: 0.6810284820385277
epoch11  rel.Train: 0.10158657848834991  rel.Test: 0.09947460353374481  abs.Test: 0.08223237454891205  abs.TestBoundary: 0j  time: 0.6813535210676491
epoch12  rel.Train: 0.10150184500217438  rel.Test: 0.09809051930904389  abs.Test: 0.08113638997077942  abs.TestBoundary: 0j  time: 0.6819854280911386
epoch13  rel.Train: 0.1011311742067337  rel.Test: 0.09796423435211182  abs.Test: 0.08102009832859039  abs.TestBoundary: 0j  time: 0.6814937638118863
epoch14  rel.Train: 0.10112008321285247  rel.Test: 0.09788198471069336  abs.Test: 0.0809541893005371  abs.TestBoundary: 0j  time: 0.6809828369878232
epoch15  rel.Train: 0.1008866383433342  rel.Test: 0.09790414094924926  abs.Test: 0.08098527491092682  abs.TestBoundary: 0j  time: 0.6813399521633983
epoch16  rel.Train: 0.10132344746589661  rel.Test: 0.09827278316020965  abs.Test: 0.08126673758029938  abs.TestBoundary: 0j  time: 0.6812760322354734
epoch17  rel.Train: 0.10100010466575622  rel.Test: 0.0987453031539917  abs.Test: 0.08163553118705749  abs.TestBoundary: 0j  time: 0.6829320657998323
epoch18  rel.Train: 0.10087900984287262  rel.Test: 0.09775484681129455  abs.Test: 0.08086640000343323  abs.TestBoundary: 0j  time: 0.6819005412980914
epoch19  rel.Train: 0.10109719741344451  rel.Test: 0.09811231851577759  abs.Test: 0.08112428486347198  abs.TestBoundary: 0j  time: 0.6823805309832096
epoch20  rel.Train: 0.10067579543590546  rel.Test: 0.09798264861106873  abs.Test: 0.08102296233177185  abs.TestBoundary: 0j  time: 0.6817425540648401
epoch21  rel.Train: 0.1006647601723671  rel.Test: 0.09763156533241273  abs.Test: 0.08075675070285797  abs.TestBoundary: 0j  time: 0.6812617098912597
epoch22  rel.Train: 0.10076107311248779  rel.Test: 0.09812194526195527  abs.Test: 0.08112951278686524  abs.TestBoundary: 0j  time: 0.6823744410648942
epoch23  rel.Train: 0.10067128336429595  rel.Test: 0.097633216381073  abs.Test: 0.080750350356102  abs.TestBoundary: 0j  time: 0.682356582954526
epoch24  rel.Train: 0.1006117422580719  rel.Test: 0.09796725392341614  abs.Test: 0.08100810885429383  abs.TestBoundary: 0j  time: 0.6818672087974846
epoch25  rel.Train: 0.10079324579238892  rel.Test: 0.09801762223243714  abs.Test: 0.08104953646659852  abs.TestBoundary: 0j  time: 0.6814863858744502
epoch26  rel.Train: 0.10054823279380798  rel.Test: 0.09787964403629303  abs.Test: 0.08093466758728027  abs.TestBoundary: 0j  time: 0.6807965259067714
epoch27  rel.Train: 0.10057994556427002  rel.Test: 0.09767605721950531  abs.Test: 0.0807777190208435  abs.TestBoundary: 0j  time: 0.6818067743442953
epoch28  rel.Train: 0.10062188935279846  rel.Test: 0.09771168231964111  abs.Test: 0.08080274403095246  abs.TestBoundary: 0j  time: 0.6812928267754614
epoch29  rel.Train: 0.10073643237352371  rel.Test: 0.09776572823524475  abs.Test: 0.08084591209888459  abs.TestBoundary: 0j  time: 0.6822498650290072
epoch30  rel.Train: 0.10054651933908462  rel.Test: 0.09795278072357178  abs.Test: 0.08099029660224914  abs.TestBoundary: 0j  time: 0.6823217929340899
epoch31  rel.Train: 0.10042206150293351  rel.Test: 0.09739562094211579  abs.Test: 0.08055208683013916  abs.TestBoundary: 0j  time: 0.6816143919713795
epoch32  rel.Train: 0.10060992908477784  rel.Test: 0.09757077872753143  abs.Test: 0.08071327090263367  abs.TestBoundary: 0j  time: 0.6812330749817193
epoch33  rel.Train: 0.10088135969638824  rel.Test: 0.09766552209854126  abs.Test: 0.0807751750946045  abs.TestBoundary: 0j  time: 0.6814093431457877
epoch34  rel.Train: 0.10061433708667755  rel.Test: 0.09753074765205383  abs.Test: 0.08066605746746064  abs.TestBoundary: 0j  time: 0.6831186446361244
epoch35  rel.Train: 0.10050773161649704  rel.Test: 0.09752282202243805  abs.Test: 0.08067002356052398  abs.TestBoundary: 0j  time: 0.6819681581109762
epoch36  rel.Train: 0.10048517155647278  rel.Test: 0.09752961933612823  abs.Test: 0.08066169857978821  abs.TestBoundary: 0j  time: 0.6811879621818662
epoch37  rel.Train: 0.10047876036167144  rel.Test: 0.09743823647499085  abs.Test: 0.0806007730960846  abs.TestBoundary: 0j  time: 0.6817134274169803
epoch38  rel.Train: 0.1005366176366806  rel.Test: 0.097471923828125  abs.Test: 0.0806172388792038  abs.TestBoundary: 0j  time: 0.6815831549465656
epoch39  rel.Train: 0.10057491701841355  rel.Test: 0.09758317887783051  abs.Test: 0.0807315742969513  abs.TestBoundary: 0j  time: 0.6822302117943764
epoch40  rel.Train: 0.10062866818904877  rel.Test: 0.09724638223648072  abs.Test: 0.08043419003486633  abs.TestBoundary: 0j  time: 0.6813481287099421
epoch41  rel.Train: 0.10035973596572877  rel.Test: 0.09737952172756195  abs.Test: 0.08054635524749756  abs.TestBoundary: 0j  time: 0.68155835615471
epoch42  rel.Train: 0.10056279909610748  rel.Test: 0.09746051371097565  abs.Test: 0.08060369849205017  abs.TestBoundary: 0j  time: 0.6813629539683461
epoch43  rel.Train: 0.10057427954673767  rel.Test: 0.09754284322261811  abs.Test: 0.08067036986351013  abs.TestBoundary: 0j  time: 0.682425077073276
epoch44  rel.Train: 0.10050890183448792  rel.Test: 0.09791986405849457  abs.Test: 0.08096773982048035  abs.TestBoundary: 0j  time: 0.6813623239286244
epoch45  rel.Train: 0.10050890934467316  rel.Test: 0.09732286632061005  abs.Test: 0.08049667835235595  abs.TestBoundary: 0j  time: 0.6815041960217059
epoch46  rel.Train: 0.10043847846984863  rel.Test: 0.09738469779491425  abs.Test: 0.08055265545845032  abs.TestBoundary: 0j  time: 0.6814413159154356
epoch47  rel.Train: 0.10049133491516113  rel.Test: 0.09755586385726929  abs.Test: 0.08068840026855469  abs.TestBoundary: 0j  time: 0.6821304317563772
epoch48  rel.Train: 0.10052859318256378  rel.Test: 0.09757001757621765  abs.Test: 0.08069466352462769  abs.TestBoundary: 0j  time: 0.6822444768622518
epoch49  rel.Train: 0.10036694860458374  rel.Test: 0.09789573669433593  abs.Test: 0.0809413480758667  abs.TestBoundary: 0j  time: 0.6812139172106981
epoch50  rel.Train: 0.10046296882629395  rel.Test: 0.09763349294662475  abs.Test: 0.08074385523796082  abs.TestBoundary: 0j  time: 0.6813619290478528
epoch51  rel.Train: 0.10052764868736266  rel.Test: 0.09720126688480377  abs.Test: 0.08038755178451538  abs.TestBoundary: 0j  time: 0.6825410607270896
epoch52  rel.Train: 0.10034654593467712  rel.Test: 0.09754351377487183  abs.Test: 0.0806633722782135  abs.TestBoundary: 0j  time: 0.6829664879478514
epoch53  rel.Train: 0.10048028028011322  rel.Test: 0.09749552249908447  abs.Test: 0.08063419163227081  abs.TestBoundary: 0j  time: 0.6827993839979172
epoch54  rel.Train: 0.10037983214855194  rel.Test: 0.09778913557529449  abs.Test: 0.08085932672023773  abs.TestBoundary: 0j  time: 0.6837881919927895
epoch55  rel.Train: 0.10047579437494278  rel.Test: 0.09809395253658294  abs.Test: 0.08110650479793549  abs.TestBoundary: 0j  time: 0.6839636568911374
epoch56  rel.Train: 0.10035262513160706  rel.Test: 0.09748633444309235  abs.Test: 0.08062121510505676  abs.TestBoundary: 0j  time: 0.6834094957448542
epoch57  rel.Train: 0.10031208258867264  rel.Test: 0.09784668087959289  abs.Test: 0.08090167641639709  abs.TestBoundary: 0j  time: 0.6849982780404389
epoch58  rel.Train: 0.100382295191288  rel.Test: 0.09748965561389923  abs.Test: 0.08064836978912354  abs.TestBoundary: 0j  time: 0.6843385957181454
epoch59  rel.Train: 0.10054466891288757  rel.Test: 0.09752297282218933  abs.Test: 0.08067489087581635  abs.TestBoundary: 0j  time: 0.6838993020355701
epoch60  rel.Train: 0.10063955211639404  rel.Test: 0.09761767506599427  abs.Test: 0.08072534322738648  abs.TestBoundary: 0j  time: 0.6840437701903284
epoch61  rel.Train: 0.1004562610387802  rel.Test: 0.09785455584526062  abs.Test: 0.08090848088264466  abs.TestBoundary: 0j  time: 0.6838093106634915
epoch62  rel.Train: 0.10039213705062866  rel.Test: 0.09732848167419433  abs.Test: 0.08050640106201172  abs.TestBoundary: 0j  time: 0.6849156240932643
epoch63  rel.Train: 0.10038759815692902  rel.Test: 0.09814551174640655  abs.Test: 0.08115011930465699  abs.TestBoundary: 0j  time: 0.6848614169284701
epoch64  rel.Train: 0.10058009231090545  rel.Test: 0.09770002245903014  abs.Test: 0.08079092502593994  abs.TestBoundary: 0j  time: 0.6835731323808432
epoch65  rel.Train: 0.10046692276000976  rel.Test: 0.09744825005531312  abs.Test: 0.08058852553367615  abs.TestBoundary: 0j  time: 0.6848347568884492
epoch66  rel.Train: 0.10044974136352539  rel.Test: 0.09749951958656311  abs.Test: 0.08063168227672576  abs.TestBoundary: 0j  time: 0.6837870948947966
epoch67  rel.Train: 0.1003337876200676  rel.Test: 0.09736121535301208  abs.Test: 0.08053300559520721  abs.TestBoundary: 0j  time: 0.6841722703538835
epoch68  rel.Train: 0.1003486025929451  rel.Test: 0.09717633247375489  abs.Test: 0.08038267433643341  abs.TestBoundary: 0j  time: 0.6848444207571447
epoch69  rel.Train: 0.10054697632789612  rel.Test: 0.0973413896560669  abs.Test: 0.08049904048442841  abs.TestBoundary: 0j  time: 0.6842468520626426
epoch70  rel.Train: 0.10036856985092163  rel.Test: 0.09790215969085693  abs.Test: 0.08095091938972473  abs.TestBoundary: 0j  time: 0.684332488104701
epoch71  rel.Train: 0.10047648227214813  rel.Test: 0.09783688187599182  abs.Test: 0.08090639233589172  abs.TestBoundary: 0j  time: 0.6850748038850725
epoch72  rel.Train: 0.10048252272605895  rel.Test: 0.09735250115394592  abs.Test: 0.08053448319435119  abs.TestBoundary: 0j  time: 0.6850406238809228
epoch73  rel.Train: 0.10039759415388107  rel.Test: 0.09736911714076996  abs.Test: 0.08054014086723328  abs.TestBoundary: 0j  time: 0.687418662942946
epoch74  rel.Train: 0.10032191944122315  rel.Test: 0.09740665793418884  abs.Test: 0.08058091640472412  abs.TestBoundary: 0j  time: 0.6862949067726731
epoch75  rel.Train: 0.10038485729694366  rel.Test: 0.09786156415939332  abs.Test: 0.08092207670211791  abs.TestBoundary: 0j  time: 0.6858912450261414
epoch76  rel.Train: 0.10042949271202087  rel.Test: 0.09720521926879883  abs.Test: 0.08039950847625732  abs.TestBoundary: 0j  time: 0.6861796430312097
epoch77  rel.Train: 0.10041556131839752  rel.Test: 0.09801601886749267  abs.Test: 0.08104431986808777  abs.TestBoundary: 0j  time: 0.6860301368869841
epoch78  rel.Train: 0.10053993558883667  rel.Test: 0.0974898636341095  abs.Test: 0.08063072323799134  abs.TestBoundary: 0j  time: 0.6862280340865254
epoch79  rel.Train: 0.10038082432746888  rel.Test: 0.09740137040615082  abs.Test: 0.08055780291557312  abs.TestBoundary: 0j  time: 0.6870896480977535
epoch80  rel.Train: 0.10040928447246551  rel.Test: 0.0972567629814148  abs.Test: 0.08045284450054169  abs.TestBoundary: 0j  time: 0.6864996529184282
epoch81  rel.Train: 0.10035875988006591  rel.Test: 0.09772715985774993  abs.Test: 0.08080687761306762  abs.TestBoundary: 0j  time: 0.6869984730146825
epoch82  rel.Train: 0.10032509994506836  rel.Test: 0.09732403159141541  abs.Test: 0.08049821853637695  abs.TestBoundary: 0j  time: 0.6868335623294115
epoch83  rel.Train: 0.10049175477027893  rel.Test: 0.09784791231155396  abs.Test: 0.08093052506446838  abs.TestBoundary: 0j  time: 0.6867744792252779
epoch84  rel.Train: 0.10046112167835236  rel.Test: 0.09751310527324676  abs.Test: 0.08063846707344055  abs.TestBoundary: 0j  time: 0.6869790339842439
epoch85  rel.Train: 0.10031604379415512  rel.Test: 0.09708246529102325  abs.Test: 0.08030580639839173  abs.TestBoundary: 0j  time: 0.688342141918838
epoch86  rel.Train: 0.10031148064136505  rel.Test: 0.09717995822429656  abs.Test: 0.08037958562374115  abs.TestBoundary: 0j  time: 0.6869609542191029
epoch87  rel.Train: 0.10037038552761078  rel.Test: 0.09739706933498382  abs.Test: 0.08055244147777557  abs.TestBoundary: 0j  time: 0.6858848347328603
epoch88  rel.Train: 0.10026331734657287  rel.Test: 0.09737807929515839  abs.Test: 0.08053358435630799  abs.TestBoundary: 0j  time: 0.6859841402620077
epoch89  rel.Train: 0.10028918415307998  rel.Test: 0.09726318359375  abs.Test: 0.08044789671897888  abs.TestBoundary: 0j  time: 0.6857211198657751
epoch90  rel.Train: 0.1003681088089943  rel.Test: 0.09754938244819641  abs.Test: 0.08066744029521943  abs.TestBoundary: 0j  time: 0.6866196342743933
epoch91  rel.Train: 0.10042612302303314  rel.Test: 0.09754958868026734  abs.Test: 0.08067952752113343  abs.TestBoundary: 0j  time: 0.6864394308067858
epoch92  rel.Train: 0.10032033002376556  rel.Test: 0.09741740942001342  abs.Test: 0.08056240618228912  abs.TestBoundary: 0j  time: 0.6869258368387818
epoch93  rel.Train: 0.10039727509021759  rel.Test: 0.09754072070121765  abs.Test: 0.08067026913166046  abs.TestBoundary: 0j  time: 0.6862335079349577
epoch94  rel.Train: 0.10042076206207276  rel.Test: 0.0983766770362854  abs.Test: 0.08132903456687927  abs.TestBoundary: 0j  time: 0.6863870993256569
epoch95  rel.Train: 0.10043815463781357  rel.Test: 0.09743002653121949  abs.Test: 0.08057238101959228  abs.TestBoundary: 0j  time: 0.6869579469785094
epoch96  rel.Train: 0.10025281232595444  rel.Test: 0.09846186518669128  abs.Test: 0.08139967322349548  abs.TestBoundary: 0j  time: 0.6871042419224977
epoch97  rel.Train: 0.10026578533649444  rel.Test: 0.09725637197494506  abs.Test: 0.08042818427085877  abs.TestBoundary: 0j  time: 0.6876654620282352
epoch98  rel.Train: 0.1002805396914482  rel.Test: 0.09739485740661621  abs.Test: 0.08054600894451142  abs.TestBoundary: 0j  time: 0.6895582289434969
epoch99  rel.Train: 0.10048153269290924  rel.Test: 0.09740485429763794  abs.Test: 0.08055156826972962  abs.TestBoundary: 0j  time: 0.6878129998221993
epoch100  rel.Train: 0.1004442197084427  rel.Test: 0.0971210777759552  abs.Test: 0.08033084392547607  abs.TestBoundary: 0j  time: 0.6881582266651094
epoch101  rel.Train: 0.10018329429626464  rel.Test: 0.09768983602523804  abs.Test: 0.08078991711139678  abs.TestBoundary: 0j  time: 0.6871820222586393
epoch102  rel.Train: 0.10023818254470825  rel.Test: 0.09775884747505188  abs.Test: 0.08082836031913758  abs.TestBoundary: 0j  time: 0.6875431560911238
epoch103  rel.Train: 0.10027340185642243  rel.Test: 0.09782079219818116  abs.Test: 0.08088011860847473  abs.TestBoundary: 0j  time: 0.6888837511651218
epoch104  rel.Train: 0.10031622612476349  rel.Test: 0.09771993041038513  abs.Test: 0.08079632222652436  abs.TestBoundary: 0j  time: 0.6872872468084097
epoch105  rel.Train: 0.10009533905982972  rel.Test: 0.0970431011915207  abs.Test: 0.08026165068149567  abs.TestBoundary: 0j  time: 0.6895461422391236
epoch106  rel.Train: 0.1002137485742569  rel.Test: 0.0971185839176178  abs.Test: 0.08032219111919403  abs.TestBoundary: 0j  time: 0.6890028929337859
epoch107  rel.Train: 0.10029154527187348  rel.Test: 0.0974308466911316  abs.Test: 0.0805626916885376  abs.TestBoundary: 0j  time: 0.6897105942480266
epoch108  rel.Train: 0.10002960586547852  rel.Test: 0.09745452165603638  abs.Test: 0.08059105038642883  abs.TestBoundary: 0j  time: 0.6886276477016509
epoch109  rel.Train: 0.09996814703941345  rel.Test: 0.09811834871768951  abs.Test: 0.08116011619567871  abs.TestBoundary: 0j  time: 0.6897452711127698
epoch110  rel.Train: 0.10014042937755585  rel.Test: 0.09717070341110229  abs.Test: 0.08034674525260925  abs.TestBoundary: 0j  time: 0.6882505100220442
epoch111  rel.Train: 0.09961795210838317  rel.Test: 0.0969690179824829  abs.Test: 0.08020123958587647  abs.TestBoundary: 0j  time: 0.6893836408853531
epoch112  rel.Train: 0.09961802577972412  rel.Test: 0.09707586467266083  abs.Test: 0.08026820719242096  abs.TestBoundary: 0j  time: 0.691790257114917
epoch113  rel.Train: 0.09995410132408142  rel.Test: 0.09659486532211303  abs.Test: 0.07989628195762634  abs.TestBoundary: 0j  time: 0.6889606080949306
epoch114  rel.Train: 0.09942842572927475  rel.Test: 0.09590764045715332  abs.Test: 0.07931820452213287  abs.TestBoundary: 0j  time: 0.691592657007277
epoch115  rel.Train: 0.0998469763994217  rel.Test: 0.09697102904319763  abs.Test: 0.08016597509384155  abs.TestBoundary: 0j  time: 0.6905640712939203
epoch116  rel.Train: 0.09607006144523621  rel.Test: 0.08714107275009156  abs.Test: 0.07204528927803039  abs.TestBoundary: 0j  time: 0.6910117492079735
epoch117  rel.Train: 0.10085541081428528  rel.Test: 0.0897475951910019  abs.Test: 0.07415727138519287  abs.TestBoundary: 0j  time: 0.6918737688101828
epoch118  rel.Train: 0.0897544897198677  rel.Test: 0.08243434309959412  abs.Test: 0.06812306225299836  abs.TestBoundary: 0j  time: 0.6914600310847163
epoch119  rel.Train: 0.08430144995450974  rel.Test: 0.09395579695701599  abs.Test: 0.07756526231765747  abs.TestBoundary: 0j  time: 0.6930529591627419
epoch120  rel.Train: 0.08054297614097596  rel.Test: 0.07539515495300293  abs.Test: 0.062290113568305966  abs.TestBoundary: 0j  time: 0.6934208632446826
epoch121  rel.Train: 0.07888519805669784  rel.Test: 0.09049113869667053  abs.Test: 0.07476054072380066  abs.TestBoundary: 0j  time: 0.6915413779206574
epoch122  rel.Train: 0.0798238030076027  rel.Test: 0.07674412965774537  abs.Test: 0.06342476487159729  abs.TestBoundary: 0j  time: 0.6921518659219146
epoch123  rel.Train: 0.07671349024772645  rel.Test: 0.07340005517005921  abs.Test: 0.06066119074821472  abs.TestBoundary: 0j  time: 0.6935673169791698
epoch124  rel.Train: 0.07501025527715682  rel.Test: 0.07828232288360595  abs.Test: 0.0646825248003006  abs.TestBoundary: 0j  time: 0.6923148497007787
epoch125  rel.Train: 0.07342154294252395  rel.Test: 0.07116387486457824  abs.Test: 0.05882719874382019  abs.TestBoundary: 0j  time: 0.69295459613204
epoch126  rel.Train: 0.07163686221837998  rel.Test: 0.07186415553092956  abs.Test: 0.05933562397956848  abs.TestBoundary: 0j  time: 0.693555595818907
epoch127  rel.Train: 0.07099051761627197  rel.Test: 0.0685159695148468  abs.Test: 0.056584468483924864  abs.TestBoundary: 0j  time: 0.6954585909843445
epoch128  rel.Train: 0.07131681352853775  rel.Test: 0.07117035031318665  abs.Test: 0.058766738176345826  abs.TestBoundary: 0j  time: 0.6939893029630184
epoch129  rel.Train: 0.07006702971458435  rel.Test: 0.0989526116847992  abs.Test: 0.08164295673370361  abs.TestBoundary: 0j  time: 0.6938369940035045
epoch130  rel.Train: 0.07038470864295959  rel.Test: 0.06846362709999085  abs.Test: 0.05653316676616669  abs.TestBoundary: 0j  time: 0.694595861248672
epoch131  rel.Train: 0.06690604186058044  rel.Test: 0.06538851916790009  abs.Test: 0.05403824865818024  abs.TestBoundary: 0j  time: 0.6941525237634778
epoch132  rel.Train: 0.06665366411209106  rel.Test: 0.06438930809497834  abs.Test: 0.05318248689174652  abs.TestBoundary: 0j  time: 0.6939690508879721
epoch133  rel.Train: 0.06442066562175751  rel.Test: 0.06510397911071777  abs.Test: 0.053784257769584655  abs.TestBoundary: 0j  time: 0.6942140031605959
epoch134  rel.Train: 0.06472673803567887  rel.Test: 0.06272862613201141  abs.Test: 0.051800726056098936  abs.TestBoundary: 0j  time: 0.6941438913345337
epoch135  rel.Train: 0.0625477254986763  rel.Test: 0.06548360168933869  abs.Test: 0.05410790801048279  abs.TestBoundary: 0j  time: 0.6945996000431478
epoch136  rel.Train: 0.06238628613948822  rel.Test: 0.060071295499801634  abs.Test: 0.04962555021047592  abs.TestBoundary: 0j  time: 0.6955030560493469
epoch137  rel.Train: 0.06169252669811249  rel.Test: 0.06007655918598175  abs.Test: 0.049655111730098726  abs.TestBoundary: 0j  time: 0.6950676245614886
epoch138  rel.Train: 0.06074041295051575  rel.Test: 0.06051658928394318  abs.Test: 0.049963687062263486  abs.TestBoundary: 0j  time: 0.6958186109550297
epoch139  rel.Train: 0.06002934521436691  rel.Test: 0.05880038678646088  abs.Test: 0.048594186007976534  abs.TestBoundary: 0j  time: 0.6948728892020881
epoch140  rel.Train: 0.05850110650062561  rel.Test: 0.06088977754116058  abs.Test: 0.05029000878334045  abs.TestBoundary: 0j  time: 0.6950135570950806
epoch141  rel.Train: 0.060147718966007235  rel.Test: 0.056766781210899356  abs.Test: 0.04690389335155487  abs.TestBoundary: 0j  time: 0.6961884167976677
epoch142  rel.Train: 0.05861906856298447  rel.Test: 0.060047492384910583  abs.Test: 0.04960583537817001  abs.TestBoundary: 0j  time: 0.6954287448897958
epoch143  rel.Train: 0.05819403719902039  rel.Test: 0.0630234146118164  abs.Test: 0.05206136882305145  abs.TestBoundary: 0j  time: 0.6973531180992723
epoch144  rel.Train: 0.0583232484459877  rel.Test: 0.05510547876358032  abs.Test: 0.04553268492221832  abs.TestBoundary: 0j  time: 0.6979140681214631
epoch145  rel.Train: 0.05601516425609589  rel.Test: 0.05721426725387573  abs.Test: 0.04728166550397873  abs.TestBoundary: 0j  time: 0.6968651828356087
epoch146  rel.Train: 0.05561518049240112  rel.Test: 0.061309738159179686  abs.Test: 0.05062165766954422  abs.TestBoundary: 0j  time: 0.6963377208448946
epoch147  rel.Train: 0.05630497014522552  rel.Test: 0.05996113181114197  abs.Test: 0.04955093502998352  abs.TestBoundary: 0j  time: 0.6965795503929257
epoch148  rel.Train: 0.055261892557144164  rel.Test: 0.05265537410974502  abs.Test: 0.04350166082382202  abs.TestBoundary: 0j  time: 0.6961485561914742
epoch149  rel.Train: 0.05481114667654038  rel.Test: 0.051854440569877626  abs.Test: 0.04283259004354477  abs.TestBoundary: 0j  time: 0.6960538770072162
epoch150  rel.Train: 0.05329519712924957  rel.Test: 0.05196758508682251  abs.Test: 0.04295449107885361  abs.TestBoundary: 0j  time: 0.6958397962152958
epoch151  rel.Train: 0.05283266395330429  rel.Test: 0.054673150181770325  abs.Test: 0.045131585001945494  abs.TestBoundary: 0j  time: 0.6971571808680892
epoch152  rel.Train: 0.05162533995509148  rel.Test: 0.05223595321178436  abs.Test: 0.043139320015907284  abs.TestBoundary: 0j  time: 0.6953840209171176
epoch153  rel.Train: 0.050124445855617525  rel.Test: 0.048952173888683316  abs.Test: 0.040439086556434634  abs.TestBoundary: 0j  time: 0.6964924056082964
epoch154  rel.Train: 0.04928127604722977  rel.Test: 0.04975207656621933  abs.Test: 0.041104227006435394  abs.TestBoundary: 0j  time: 0.6963445888832211
epoch155  rel.Train: 0.05032019942998886  rel.Test: 0.06089809238910675  abs.Test: 0.05033753275871277  abs.TestBoundary: 0j  time: 0.696539097931236
epoch156  rel.Train: 0.0526083801984787  rel.Test: 0.052922453284263614  abs.Test: 0.04372165828943252  abs.TestBoundary: 0j  time: 0.6956489579752088
epoch157  rel.Train: 0.05018361961841583  rel.Test: 0.05233727216720581  abs.Test: 0.04323109686374664  abs.TestBoundary: 0j  time: 0.6947662937454879
epoch158  rel.Train: 0.04967352610826492  rel.Test: 0.04722928762435913  abs.Test: 0.03900824248790741  abs.TestBoundary: 0j  time: 0.6956757768057287
epoch159  rel.Train: 0.04674341580271721  rel.Test: 0.04589597225189209  abs.Test: 0.03791329830884933  abs.TestBoundary: 0j  time: 0.694865460973233
epoch160  rel.Train: 0.045160223603248596  rel.Test: 0.04971751511096954  abs.Test: 0.04107151061296463  abs.TestBoundary: 0j  time: 0.6947205010801554
epoch161  rel.Train: 0.04522531285881996  rel.Test: 0.04830172598361969  abs.Test: 0.03985628247261047  abs.TestBoundary: 0j  time: 0.6941607450135052
epoch162  rel.Train: 0.04507362025976181  rel.Test: 0.04922262638807297  abs.Test: 0.04063468277454376  abs.TestBoundary: 0j  time: 0.6936138509772718
epoch163  rel.Train: 0.04480493474006653  rel.Test: 0.04303859204053879  abs.Test: 0.03553902208805084  abs.TestBoundary: 0j  time: 0.6953370026312768
epoch164  rel.Train: 0.04296232962608337  rel.Test: 0.043145433366298676  abs.Test: 0.035635857582092284  abs.TestBoundary: 0j  time: 0.6929155760444701
epoch165  rel.Train: 0.04314402401447296  rel.Test: 0.05016689598560333  abs.Test: 0.04143631488084793  abs.TestBoundary: 0j  time: 0.693967844825238
epoch166  rel.Train: 0.04303538191318512  rel.Test: 0.04944901943206787  abs.Test: 0.040856736898422244  abs.TestBoundary: 0j  time: 0.6933154198341072
epoch167  rel.Train: 0.04326034474372864  rel.Test: 0.04372912526130676  abs.Test: 0.03612528920173645  abs.TestBoundary: 0j  time: 0.6925374357961118
epoch168  rel.Train: 0.0421605863571167  rel.Test: 0.042788987159729  abs.Test: 0.03533836036920548  abs.TestBoundary: 0j  time: 0.6909549152478576
epoch169  rel.Train: 0.04054866620898247  rel.Test: 0.043807119727134705  abs.Test: 0.036194567680358884  abs.TestBoundary: 0j  time: 0.6918290709145367
epoch170  rel.Train: 0.04296042966842652  rel.Test: 0.04264079630374908  abs.Test: 0.03521019071340561  abs.TestBoundary: 0j  time: 0.6907118670642376
epoch171  rel.Train: 0.04059337961673737  rel.Test: 0.06394869506359101  abs.Test: 0.052818313241004944  abs.TestBoundary: 0j  time: 0.6917470158077776
epoch172  rel.Train: 0.041624390184879304  rel.Test: 0.03644472420215607  abs.Test: 0.030107243359088896  abs.TestBoundary: 0j  time: 0.6909598079510033
epoch173  rel.Train: 0.038126361787319187  rel.Test: 0.045762420892715455  abs.Test: 0.03776092708110809  abs.TestBoundary: 0j  time: 0.6912011010572314
epoch174  rel.Train: 0.04187481680512428  rel.Test: 0.05191201746463776  abs.Test: 0.042896003127098084  abs.TestBoundary: 0j  time: 0.6910529951564968
epoch175  rel.Train: 0.04073500180244446  rel.Test: 0.03922028422355652  abs.Test: 0.03240655303001404  abs.TestBoundary: 0j  time: 0.6908695036545396
epoch176  rel.Train: 0.037399460434913635  rel.Test: 0.037807535529136654  abs.Test: 0.031241892874240874  abs.TestBoundary: 0j  time: 0.6905126729980111
epoch177  rel.Train: 0.03743167805671692  rel.Test: 0.04764925688505173  abs.Test: 0.03935777425765991  abs.TestBoundary: 0j  time: 0.6903750635683537
epoch178  rel.Train: 0.038243330478668215  rel.Test: 0.04307512104511261  abs.Test: 0.03558845937252045  abs.TestBoundary: 0j  time: 0.6892402907833457
epoch179  rel.Train: 0.03767986431717873  rel.Test: 0.037709422409534454  abs.Test: 0.031157559752464294  abs.TestBoundary: 0j  time: 0.690370440017432
epoch180  rel.Train: 0.03826370379328728  rel.Test: 0.0409170264005661  abs.Test: 0.033797484338283536  abs.TestBoundary: 0j  time: 0.6900241379626095
epoch181  rel.Train: 0.03599802702665329  rel.Test: 0.03780846685171127  abs.Test: 0.03122410237789154  abs.TestBoundary: 0j  time: 0.6883983481675386
epoch182  rel.Train: 0.038139110833406445  rel.Test: 0.04574678957462311  abs.Test: 0.03776858389377594  abs.TestBoundary: 0j  time: 0.6889024460688233
epoch183  rel.Train: 0.03706295281648636  rel.Test: 0.04650896817445755  abs.Test: 0.03838887333869934  abs.TestBoundary: 0j  time: 0.6875927401706576
epoch184  rel.Train: 0.03623532384634018  rel.Test: 0.0373893141746521  abs.Test: 0.030886524319648744  abs.TestBoundary: 0j  time: 0.6878234660252929
epoch185  rel.Train: 0.035045422226190566  rel.Test: 0.034693541526794436  abs.Test: 0.028663210570812225  abs.TestBoundary: 0j  time: 0.6890929667279124
epoch186  rel.Train: 0.036373446106910706  rel.Test: 0.03592798262834549  abs.Test: 0.02967773497104645  abs.TestBoundary: 0j  time: 0.6879979302175343
epoch187  rel.Train: 0.03500239312648773  rel.Test: 0.03458830565214157  abs.Test: 0.028580208122730256  abs.TestBoundary: 0j  time: 0.6889090659096837
epoch188  rel.Train: 0.032984500348567966  rel.Test: 0.03591079235076904  abs.Test: 0.029670776426792146  abs.TestBoundary: 0j  time: 0.6876769792288542
epoch189  rel.Train: 0.03461702805757522  rel.Test: 0.045484469532966615  abs.Test: 0.03757049709558487  abs.TestBoundary: 0j  time: 0.6879847277887166
epoch190  rel.Train: 0.036074384421110155  rel.Test: 0.036167911291122436  abs.Test: 0.029880577325820924  abs.TestBoundary: 0j  time: 0.6873446223326027
epoch191  rel.Train: 0.032648304164409635  rel.Test: 0.03855577111244202  abs.Test: 0.03186888337135315  abs.TestBoundary: 0j  time: 0.6866943407803774
epoch192  rel.Train: 0.03469751554727554  rel.Test: 0.03450060099363327  abs.Test: 0.028503056466579437  abs.TestBoundary: 0j  time: 0.6869972893036902
epoch193  rel.Train: 0.03263249287009239  rel.Test: 0.034371889531612396  abs.Test: 0.028387224078178407  abs.TestBoundary: 0j  time: 0.6856913501396775
epoch194  rel.Train: 0.03186486902832985  rel.Test: 0.0349165078997612  abs.Test: 0.028858019411563872  abs.TestBoundary: 0j  time: 0.6863781968131661
epoch195  rel.Train: 0.032036733448505404  rel.Test: 0.03379590719938278  abs.Test: 0.027925984859466554  abs.TestBoundary: 0j  time: 0.6874954849481583
epoch196  rel.Train: 0.0339590125977993  rel.Test: 0.036743862628936766  abs.Test: 0.030366661250591277  abs.TestBoundary: 0j  time: 0.687000647187233
epoch197  rel.Train: 0.03281041872501373  rel.Test: 0.03278994083404541  abs.Test: 0.027085676342248916  abs.TestBoundary: 0j  time: 0.6866047489456832
epoch198  rel.Train: 0.03105364680290222  rel.Test: 0.03158641666173935  abs.Test: 0.02608007311820984  abs.TestBoundary: 0j  time: 0.6868666149675846
epoch199  rel.Train: 0.03292477989196777  rel.Test: 0.03225476175546646  abs.Test: 0.026644283384084703  abs.TestBoundary: 0j  time: 0.6871494678780437
epoch200  rel.Train: 0.03238804280757904  rel.Test: 0.03849796891212463  abs.Test: 0.03180058598518372  abs.TestBoundary: 0j  time: 0.6868587830103934
epoch201  rel.Train: 0.03393753659725189  rel.Test: 0.03140635997056961  abs.Test: 0.025946418046951292  abs.TestBoundary: 0j  time: 0.6870253533124924
epoch202  rel.Train: 0.030731856167316437  rel.Test: 0.03792815893888474  abs.Test: 0.03134559631347656  abs.TestBoundary: 0j  time: 0.6869836109690368
epoch203  rel.Train: 0.030373553663492203  rel.Test: 0.03169138491153717  abs.Test: 0.026177796721458434  abs.TestBoundary: 0j  time: 0.6871984833851457
epoch204  rel.Train: 0.030328447580337526  rel.Test: 0.028608339130878447  abs.Test: 0.023632093518972396  abs.TestBoundary: 0j  time: 0.687640346121043
epoch205  rel.Train: 0.029886637538671493  rel.Test: 0.029600045084953307  abs.Test: 0.02445614233613014  abs.TestBoundary: 0j  time: 0.6890927269123495
epoch206  rel.Train: 0.02928037974238396  rel.Test: 0.03385771304368973  abs.Test: 0.027954936921596528  abs.TestBoundary: 0j  time: 0.6875869720242918
epoch207  rel.Train: 0.03152622738480568  rel.Test: 0.03880347192287445  abs.Test: 0.03207133859395981  abs.TestBoundary: 0j  time: 0.685479860752821
epoch208  rel.Train: 0.032339483082294465  rel.Test: 0.03699656665325165  abs.Test: 0.030575932860374452  abs.TestBoundary: 0j  time: 0.6858973209746182
epoch209  rel.Train: 0.03141110837459564  rel.Test: 0.030977207124233245  abs.Test: 0.02560596913099289  abs.TestBoundary: 0j  time: 0.6860337108373642
epoch210  rel.Train: 0.029724709689617157  rel.Test: 0.031229731142520905  abs.Test: 0.025809764713048935  abs.TestBoundary: 0j  time: 0.6855690800584853
epoch211  rel.Train: 0.02911125409603119  rel.Test: 0.02936399668455124  abs.Test: 0.02425650745630264  abs.TestBoundary: 0j  time: 0.6857057227753103
epoch212  rel.Train: 0.028815824389457702  rel.Test: 0.03571575850248337  abs.Test: 0.029497338235378267  abs.TestBoundary: 0j  time: 0.6844164989888668
epoch213  rel.Train: 0.02870417872071266  rel.Test: 0.028761832416057585  abs.Test: 0.023755767047405243  abs.TestBoundary: 0j  time: 0.685586019884795
epoch214  rel.Train: 0.02822049254179001  rel.Test: 0.03432826519012451  abs.Test: 0.02835336834192276  abs.TestBoundary: 0j  time: 0.6865786607377231
epoch215  rel.Train: 0.02852823758125305  rel.Test: 0.029512754678726195  abs.Test: 0.02438946023583412  abs.TestBoundary: 0j  time: 0.6854925570078194
epoch216  rel.Train: 0.03028137892484665  rel.Test: 0.032915801107883454  abs.Test: 0.027185003757476806  abs.TestBoundary: 0j  time: 0.6844027698971331
epoch217  rel.Train: 0.02942386707663536  rel.Test: 0.03977343738079071  abs.Test: 0.03288831204175949  abs.TestBoundary: 0j  time: 0.684198658913374
epoch218  rel.Train: 0.03244578543305397  rel.Test: 0.03666186153888702  abs.Test: 0.03029446631669998  abs.TestBoundary: 0j  time: 0.6851090569980443
epoch219  rel.Train: 0.02867678967118263  rel.Test: 0.028252614438533784  abs.Test: 0.02335080087184906  abs.TestBoundary: 0j  time: 0.6852661678567529
epoch220  rel.Train: 0.027938403129577637  rel.Test: 0.02693897545337677  abs.Test: 0.022254312634468077  abs.TestBoundary: 0j  time: 0.6843479489907622
epoch221  rel.Train: 0.02789899554848671  rel.Test: 0.032449016571044924  abs.Test: 0.026825514435768128  abs.TestBoundary: 0j  time: 0.6850266489200294
epoch222  rel.Train: 0.028235466688871384  rel.Test: 0.029666353464126587  abs.Test: 0.024505549371242524  abs.TestBoundary: 0j  time: 0.6857566330581903
epoch223  rel.Train: 0.02864611205458641  rel.Test: 0.03199660450220108  abs.Test: 0.02643955260515213  abs.TestBoundary: 0j  time: 0.6862402227707207
epoch224  rel.Train: 0.029735747694969176  rel.Test: 0.027666136622428894  abs.Test: 0.022859273701906203  abs.TestBoundary: 0j  time: 0.6854982408694923
epoch225  rel.Train: 0.026726014524698256  rel.Test: 0.031008873879909516  abs.Test: 0.025633214712142943  abs.TestBoundary: 0j  time: 0.6861604992300272
epoch226  rel.Train: 0.027499208897352218  rel.Test: 0.04764254182577133  abs.Test: 0.039378080368041996  abs.TestBoundary: 0j  time: 0.6847613658756018
epoch227  rel.Train: 0.03309321498870849  rel.Test: 0.02827513724565506  abs.Test: 0.023356817811727524  abs.TestBoundary: 0j  time: 0.6859728940762579
epoch228  rel.Train: 0.028138969659805297  rel.Test: 0.03090068221092224  abs.Test: 0.025545789152383803  abs.TestBoundary: 0j  time: 0.6859553731046617
epoch229  rel.Train: 0.02714056295156479  rel.Test: 0.0313859224319458  abs.Test: 0.025906871557235717  abs.TestBoundary: 0j  time: 0.686463707126677
epoch230  rel.Train: 0.027565682411193847  rel.Test: 0.026454195082187652  abs.Test: 0.021858348697423934  abs.TestBoundary: 0j  time: 0.685453665908426
epoch231  rel.Train: 0.026704502999782564  rel.Test: 0.03025795966386795  abs.Test: 0.02500590533018112  abs.TestBoundary: 0j  time: 0.6862279889173806
epoch232  rel.Train: 0.02809170165657997  rel.Test: 0.02936319351196289  abs.Test: 0.024256161898374557  abs.TestBoundary: 0j  time: 0.6863837633281946
epoch233  rel.Train: 0.02853762894868851  rel.Test: 0.026611539423465728  abs.Test: 0.02199354037642479  abs.TestBoundary: 0j  time: 0.6843674411065876
epoch234  rel.Train: 0.026144842088222504  rel.Test: 0.026357128024101256  abs.Test: 0.021778779327869414  abs.TestBoundary: 0j  time: 0.6857566139660776
epoch235  rel.Train: 0.025377136155962945  rel.Test: 0.026332593262195586  abs.Test: 0.021756227016448974  abs.TestBoundary: 0j  time: 0.685540100093931
epoch236  rel.Train: 0.025962444841861724  rel.Test: 0.027930265963077544  abs.Test: 0.023068975508213043  abs.TestBoundary: 0j  time: 0.6845726580359042
epoch237  rel.Train: 0.02576465827226639  rel.Test: 0.03202104568481445  abs.Test: 0.026465970873832702  abs.TestBoundary: 0j  time: 0.6846804730594158
epoch238  rel.Train: 0.026291762083768846  rel.Test: 0.02980624496936798  abs.Test: 0.02464124858379364  abs.TestBoundary: 0j  time: 0.6850416231900454
epoch239  rel.Train: 0.027600444316864012  rel.Test: 0.03181597918272019  abs.Test: 0.026283092498779297  abs.TestBoundary: 0j  time: 0.6850643302313983
epoch240  rel.Train: 0.028086254879832268  rel.Test: 0.028035767674446106  abs.Test: 0.023175401240587236  abs.TestBoundary: 0j  time: 0.6846833168528974
epoch241  rel.Train: 0.025775575786828996  rel.Test: 0.027923554182052612  abs.Test: 0.023062101900577545  abs.TestBoundary: 0j  time: 0.685945532284677
epoch242  rel.Train: 0.025463456392288208  rel.Test: 0.026887152194976807  abs.Test: 0.0222248537838459  abs.TestBoundary: 0j  time: 0.6863292520865798
epoch243  rel.Train: 0.02572059051692486  rel.Test: 0.02444565713405609  abs.Test: 0.02019859731197357  abs.TestBoundary: 0j  time: 0.6849088738672435
epoch244  rel.Train: 0.025304211661219597  rel.Test: 0.028093313872814177  abs.Test: 0.02321130707859993  abs.TestBoundary: 0j  time: 0.6859509013593197
epoch245  rel.Train: 0.02570328438282013  rel.Test: 0.02730357676744461  abs.Test: 0.022568319141864777  abs.TestBoundary: 0j  time: 0.686369237024337
epoch246  rel.Train: 0.02563390040397644  rel.Test: 0.0283895006775856  abs.Test: 0.023466487228870393  abs.TestBoundary: 0j  time: 0.6850523492321372
epoch247  rel.Train: 0.026092301219701765  rel.Test: 0.03599117577075958  abs.Test: 0.029739537835121156  abs.TestBoundary: 0j  time: 0.6867247764021158
epoch248  rel.Train: 0.027910719186067582  rel.Test: 0.029635007083415984  abs.Test: 0.024497594833374024  abs.TestBoundary: 0j  time: 0.6859705490060151
epoch249  rel.Train: 0.02656005847454071  rel.Test: 0.02737487405538559  abs.Test: 0.02262193903326988  abs.TestBoundary: 0j  time: 0.6850385102443397
epoch250  rel.Train: 0.026005663633346558  rel.Test: 0.02998127371072769  abs.Test: 0.024782310724258422  abs.TestBoundary: 0j  time: 0.6855369689874351
epoch251  rel.Train: 0.025897226899862288  rel.Test: 0.025666536837816237  abs.Test: 0.021204100847244264  abs.TestBoundary: 0j  time: 0.6848914357833564
epoch252  rel.Train: 0.02485263231396675  rel.Test: 0.025981948971748353  abs.Test: 0.021471697092056274  abs.TestBoundary: 0j  time: 0.6848543887026608
epoch253  rel.Train: 0.025302869647741318  rel.Test: 0.023905005753040314  abs.Test: 0.019753594398498536  abs.TestBoundary: 0j  time: 0.6851613209582865
epoch254  rel.Train: 0.024020994454622267  rel.Test: 0.023776304870843888  abs.Test: 0.019645728319883347  abs.TestBoundary: 0j  time: 0.6851538592018187
epoch255  rel.Train: 0.024960211843252183  rel.Test: 0.024939956963062285  abs.Test: 0.020613350421190262  abs.TestBoundary: 0j  time: 0.684961399063468
epoch256  rel.Train: 0.024200888752937317  rel.Test: 0.02685045689344406  abs.Test: 0.02218950629234314  abs.TestBoundary: 0j  time: 0.6855664197355509
epoch257  rel.Train: 0.024417831748723983  rel.Test: 0.02656714677810669  abs.Test: 0.021951786875724792  abs.TestBoundary: 0j  time: 0.6867018151097
epoch258  rel.Train: 0.024208628818392752  rel.Test: 0.024043853729963302  abs.Test: 0.01987009882926941  abs.TestBoundary: 0j  time: 0.6862179911695421
epoch259  rel.Train: 0.024567620933055877  rel.Test: 0.02624693065881729  abs.Test: 0.02169210061430931  abs.TestBoundary: 0j  time: 0.685276763048023
epoch260  rel.Train: 0.02471394005417824  rel.Test: 0.02613705486059189  abs.Test: 0.021605372428894043  abs.TestBoundary: 0j  time: 0.6856860220432281
epoch261  rel.Train: 0.024827586114406587  rel.Test: 0.024730847775936128  abs.Test: 0.02043836236000061  abs.TestBoundary: 0j  time: 0.6854106551036239
epoch262  rel.Train: 0.023945129290223122  rel.Test: 0.026744282245635985  abs.Test: 0.02211179435253143  abs.TestBoundary: 0j  time: 0.6853540320880711
epoch263  rel.Train: 0.02408513516187668  rel.Test: 0.024411188811063765  abs.Test: 0.020175954252481462  abs.TestBoundary: 0j  time: 0.6853886493481696
epoch264  rel.Train: 0.02360632538795471  rel.Test: 0.028420706391334535  abs.Test: 0.023492730557918548  abs.TestBoundary: 0j  time: 0.6860839743167162
epoch265  rel.Train: 0.024200360119342804  rel.Test: 0.027854638546705245  abs.Test: 0.023022854179143907  abs.TestBoundary: 0j  time: 0.6860067001543939
epoch266  rel.Train: 0.02622065305709839  rel.Test: 0.025387769937515257  abs.Test: 0.020979344248771667  abs.TestBoundary: 0j  time: 0.6861571110785007
epoch267  rel.Train: 0.02484018951654434  rel.Test: 0.026446975022554397  abs.Test: 0.021854968965053557  abs.TestBoundary: 0j  time: 0.6875851857475936
epoch268  rel.Train: 0.023882793545722963  rel.Test: 0.026850173175334932  abs.Test: 0.02219273328781128  abs.TestBoundary: 0j  time: 0.6863082526251674
epoch269  rel.Train: 0.02499486346542835  rel.Test: 0.0241945019364357  abs.Test: 0.020001671463251113  abs.TestBoundary: 0j  time: 0.6867778347805142
epoch270  rel.Train: 0.024177931904792786  rel.Test: 0.02369686007499695  abs.Test: 0.019581619203090667  abs.TestBoundary: 0j  time: 0.6874008597806096
epoch271  rel.Train: 0.02357274879515171  rel.Test: 0.02527189061045647  abs.Test: 0.02088481768965721  abs.TestBoundary: 0j  time: 0.6871819170191884
epoch272  rel.Train: 0.024184451192617418  rel.Test: 0.02674280643463135  abs.Test: 0.022103772461414338  abs.TestBoundary: 0j  time: 0.6873325039632618
epoch273  rel.Train: 0.02401245205104351  rel.Test: 0.02499559834599495  abs.Test: 0.02064953193068504  abs.TestBoundary: 0j  time: 0.6877185208722949
epoch274  rel.Train: 0.023721036747097968  rel.Test: 0.024112537056207656  abs.Test: 0.019926123917102814  abs.TestBoundary: 0j  time: 0.6870413110591471
epoch275  rel.Train: 0.023357511520385742  rel.Test: 0.025018191188573836  abs.Test: 0.020675412863492965  abs.TestBoundary: 0j  time: 0.687262412160635
epoch276  rel.Train: 0.02391219425201416  rel.Test: 0.02314037546515465  abs.Test: 0.019121479392051697  abs.TestBoundary: 0j  time: 0.6869854819960892
epoch277  rel.Train: 0.02367695662379265  rel.Test: 0.024359534680843353  abs.Test: 0.020126201808452607  abs.TestBoundary: 0j  time: 0.6887783361598849
epoch278  rel.Train: 0.024392844676971434  rel.Test: 0.02394072949886322  abs.Test: 0.019783120453357696  abs.TestBoundary: 0j  time: 0.6873436910100281
epoch279  rel.Train: 0.023952852487564086  rel.Test: 0.02905244380235672  abs.Test: 0.02401487424969673  abs.TestBoundary: 0j  time: 0.6879567699506879
epoch280  rel.Train: 0.025119541823863983  rel.Test: 0.028354618549346924  abs.Test: 0.023440124392509462  abs.TestBoundary: 0j  time: 0.6870418209582567
epoch281  rel.Train: 0.02509592831134796  rel.Test: 0.022718048393726348  abs.Test: 0.018776785880327225  abs.TestBoundary: 0j  time: 0.6879820381291211
epoch282  rel.Train: 0.022668502867221833  rel.Test: 0.02285614803433418  abs.Test: 0.018890762478113176  abs.TestBoundary: 0j  time: 0.6895580640994012
epoch283  rel.Train: 0.02292762790620327  rel.Test: 0.023657396137714386  abs.Test: 0.019547602534294127  abs.TestBoundary: 0j  time: 0.6895608371123672
epoch284  rel.Train: 0.023105525493621826  rel.Test: 0.027868925631046294  abs.Test: 0.023027320951223375  abs.TestBoundary: 0j  time: 0.6896605198271573
epoch285  rel.Train: 0.02390235783159733  rel.Test: 0.032099635004997254  abs.Test: 0.026539361178874968  abs.TestBoundary: 0j  time: 0.6890475712716579
epoch286  rel.Train: 0.026117061093449592  rel.Test: 0.026664536595344544  abs.Test: 0.02203167825937271  abs.TestBoundary: 0j  time: 0.6890320568345487
epoch287  rel.Train: 0.023057820558547975  rel.Test: 0.02595007985830307  abs.Test: 0.021447499096393586  abs.TestBoundary: 0j  time: 0.6900041811168194
epoch288  rel.Train: 0.0229677821546793  rel.Test: 0.024163855910301207  abs.Test: 0.019964948296546936  abs.TestBoundary: 0j  time: 0.6899911989457905
epoch289  rel.Train: 0.023562677666544914  rel.Test: 0.02238206401467323  abs.Test: 0.018495141863822936  abs.TestBoundary: 0j  time: 0.6895146062597632
epoch290  rel.Train: 0.022470097750425338  rel.Test: 0.02704924613237381  abs.Test: 0.022366678267717363  abs.TestBoundary: 0j  time: 0.6890649632550776
epoch291  rel.Train: 0.023284906089305876  rel.Test: 0.024338201880455018  abs.Test: 0.02011176064610481  abs.TestBoundary: 0j  time: 0.6897561028599739
epoch292  rel.Train: 0.023064270466566086  rel.Test: 0.025764336436986925  abs.Test: 0.021294669806957246  abs.TestBoundary: 0j  time: 0.6901576318778098
epoch293  rel.Train: 0.024581566631793977  rel.Test: 0.024600799232721328  abs.Test: 0.02033171907067299  abs.TestBoundary: 0j  time: 0.6900110989809036
epoch294  rel.Train: 0.02250536322593689  rel.Test: 0.02460379049181938  abs.Test: 0.020329215824604036  abs.TestBoundary: 0j  time: 0.6903309468179941
epoch295  rel.Train: 0.023967491552233697  rel.Test: 0.024173644036054612  abs.Test: 0.019976219832897185  abs.TestBoundary: 0j  time: 0.6906914501450956
epoch296  rel.Train: 0.022694639220833777  rel.Test: 0.022986240088939666  abs.Test: 0.018994362950325014  abs.TestBoundary: 0j  time: 0.690292411018163
epoch297  rel.Train: 0.02233857813477516  rel.Test: 0.02692529320716858  abs.Test: 0.022258262038230895  abs.TestBoundary: 0j  time: 0.6898684836924076
epoch298  rel.Train: 0.02383946031332016  rel.Test: 0.023665949404239654  abs.Test: 0.01955783262848854  abs.TestBoundary: 0j  time: 0.690045490860939
epoch299  rel.Train: 0.021915749400854112  rel.Test: 0.021972132325172426  abs.Test: 0.01815809041261673  abs.TestBoundary: 0j  time: 0.6909410622902215
epoch300  rel.Train: 0.022037919729948043  rel.Test: 0.02438162073493004  abs.Test: 0.02014906644821167  abs.TestBoundary: 0j  time: 0.6901565212756395
epoch301  rel.Train: 0.022635160833597182  rel.Test: 0.025445496737957  abs.Test: 0.02103798881173134  abs.TestBoundary: 0j  time: 0.6906492528505623
epoch302  rel.Train: 0.02329756462574005  rel.Test: 0.026690229773521423  abs.Test: 0.022065177261829376  abs.TestBoundary: 0j  time: 0.6902063847519457
epoch303  rel.Train: 0.022945517539978026  rel.Test: 0.022074840664863586  abs.Test: 0.01824299156665802  abs.TestBoundary: 0j  time: 0.6907567069865763
epoch304  rel.Train: 0.021665638983249663  rel.Test: 0.02224020183086395  abs.Test: 0.018384179174900053  abs.TestBoundary: 0j  time: 0.6916174730286002
epoch305  rel.Train: 0.02200873100757599  rel.Test: 0.023205538094043732  abs.Test: 0.019175719618797302  abs.TestBoundary: 0j  time: 0.6915679583325982
epoch306  rel.Train: 0.022394170984625816  rel.Test: 0.023554407209157944  abs.Test: 0.019462195932865144  abs.TestBoundary: 0j  time: 0.6907979571260512
epoch307  rel.Train: 0.02231394526362419  rel.Test: 0.02221421927213669  abs.Test: 0.018360655307769775  abs.TestBoundary: 0j  time: 0.6906570033170283
epoch308  rel.Train: 0.022037106335163117  rel.Test: 0.023712553083896637  abs.Test: 0.019588903337717057  abs.TestBoundary: 0j  time: 0.6911475150845945
epoch309  rel.Train: 0.022469326108694076  rel.Test: 0.024081705808639525  abs.Test: 0.019897624552249908  abs.TestBoundary: 0j  time: 0.6923231980763376
epoch310  rel.Train: 0.022579555332660674  rel.Test: 0.02319745495915413  abs.Test: 0.019171365201473237  abs.TestBoundary: 0j  time: 0.6930476790294051
epoch311  rel.Train: 0.021962959304451943  rel.Test: 0.023999371081590653  abs.Test: 0.019838895201683044  abs.TestBoundary: 0j  time: 0.6931429128162563
epoch312  rel.Train: 0.02187520734965801  rel.Test: 0.022116740196943284  abs.Test: 0.01828127145767212  abs.TestBoundary: 0j  time: 0.6998523720540106
epoch313  rel.Train: 0.021878886550664903  rel.Test: 0.0232657790184021  abs.Test: 0.01922156095504761  abs.TestBoundary: 0j  time: 0.7142460732720792
epoch314  rel.Train: 0.021672791719436646  rel.Test: 0.0216435070335865  abs.Test: 0.017886432409286498  abs.TestBoundary: 0j  time: 0.6953936261124909
epoch315  rel.Train: 0.02115323707461357  rel.Test: 0.022209582775831224  abs.Test: 0.018355940729379655  abs.TestBoundary: 0j  time: 0.6911974940448999
epoch316  rel.Train: 0.02149504241347313  rel.Test: 0.022157551497220995  abs.Test: 0.01830481305718422  abs.TestBoundary: 0j  time: 0.6947606797330081
epoch317  rel.Train: 0.021253394424915313  rel.Test: 0.0215808641910553  abs.Test: 0.017834134548902512  abs.TestBoundary: 0j  time: 0.6979501191526651
epoch318  rel.Train: 0.02187713861465454  rel.Test: 0.021966802477836608  abs.Test: 0.018158286958932877  abs.TestBoundary: 0j  time: 0.6951174768619239
epoch319  rel.Train: 0.02146410048007965  rel.Test: 0.021551157236099242  abs.Test: 0.01781177371740341  abs.TestBoundary: 0j  time: 0.6970541537739336
epoch320  rel.Train: 0.0210427465736866  rel.Test: 0.022092251926660537  abs.Test: 0.01826067104935646  abs.TestBoundary: 0j  time: 0.6938344952650368
epoch321  rel.Train: 0.022040856420993803  rel.Test: 0.024107145518064498  abs.Test: 0.019925236403942108  abs.TestBoundary: 0j  time: 0.69342679111287
epoch322  rel.Train: 0.021289548277854918  rel.Test: 0.023637849390506744  abs.Test: 0.01953254088759422  abs.TestBoundary: 0j  time: 0.6939565581269562
epoch323  rel.Train: 0.021619436919689178  rel.Test: 0.02308392822742462  abs.Test: 0.019082281440496444  abs.TestBoundary: 0j  time: 0.693364136852324
epoch324  rel.Train: 0.021392833337187767  rel.Test: 0.021926462948322296  abs.Test: 0.01811737060546875  abs.TestBoundary: 0j  time: 0.6942191608250141
epoch325  rel.Train: 0.021812993437051773  rel.Test: 0.021811197102069853  abs.Test: 0.018020438700914382  abs.TestBoundary: 0j  time: 0.6945439768023789
epoch326  rel.Train: 0.02128161597251892  rel.Test: 0.023683350384235382  abs.Test: 0.019571869671344756  abs.TestBoundary: 0j  time: 0.6942396680824459
epoch327  rel.Train: 0.021447509944438933  rel.Test: 0.021177805811166763  abs.Test: 0.017502352744340897  abs.TestBoundary: 0j  time: 0.6938240360468626
epoch328  rel.Train: 0.021005914628505706  rel.Test: 0.021692854166030884  abs.Test: 0.017928203195333482  abs.TestBoundary: 0j  time: 0.6942672203294933
epoch329  rel.Train: 0.02188412642478943  rel.Test: 0.025407890379428862  abs.Test: 0.020997366458177565  abs.TestBoundary: 0j  time: 0.6952340947464108
epoch330  rel.Train: 0.02220694252848625  rel.Test: 0.024116398990154265  abs.Test: 0.019936816692352297  abs.TestBoundary: 0j  time: 0.6941081266850233
epoch331  rel.Train: 0.021468076065182685  rel.Test: 0.02280737265944481  abs.Test: 0.018855747282505036  abs.TestBoundary: 0j  time: 0.6957357758656144
epoch332  rel.Train: 0.02227690514922142  rel.Test: 0.023762405067682266  abs.Test: 0.01964290887117386  abs.TestBoundary: 0j  time: 0.6941035590134561
epoch333  rel.Train: 0.02122568592429161  rel.Test: 0.02119388371706009  abs.Test: 0.01751474753022194  abs.TestBoundary: 0j  time: 0.6948289880529046
epoch334  rel.Train: 0.020964828789234162  rel.Test: 0.022489453107118605  abs.Test: 0.01858813241124153  abs.TestBoundary: 0j  time: 0.6943035717122257
epoch335  rel.Train: 0.021554029524326324  rel.Test: 0.02351754128932953  abs.Test: 0.019429871439933778  abs.TestBoundary: 0j  time: 0.6952415350824594
epoch336  rel.Train: 0.021010236114263534  rel.Test: 0.021337721943855286  abs.Test: 0.017635376304388047  abs.TestBoundary: 0j  time: 0.6950699123553932
epoch337  rel.Train: 0.02120159149169922  rel.Test: 0.02331029772758484  abs.Test: 0.01926331430673599  abs.TestBoundary: 0j  time: 0.6954259867779911
epoch338  rel.Train: 0.02133634379506111  rel.Test: 0.023174830079078675  abs.Test: 0.019153759330511094  abs.TestBoundary: 0j  time: 0.6962662907317281
epoch339  rel.Train: 0.021574273988604547  rel.Test: 0.02101100891828537  abs.Test: 0.01736465185880661  abs.TestBoundary: 0j  time: 0.6996748028323054
epoch340  rel.Train: 0.02110710071027279  rel.Test: 0.021712117195129395  abs.Test: 0.01794618621468544  abs.TestBoundary: 0j  time: 0.7153079910203815
epoch341  rel.Train: 0.020862148076295852  rel.Test: 0.021443617194890977  abs.Test: 0.0177140337228775  abs.TestBoundary: 0j  time: 0.7034599930047989
epoch342  rel.Train: 0.020824142813682556  rel.Test: 0.0211015585064888  abs.Test: 0.017442489117383955  abs.TestBoundary: 0j  time: 0.6941382461227477
epoch343  rel.Train: 0.02031627021729946  rel.Test: 0.02061836138367653  abs.Test: 0.017036541402339934  abs.TestBoundary: 0j  time: 0.6964057120494545
epoch344  rel.Train: 0.02039155724644661  rel.Test: 0.021110337972640992  abs.Test: 0.017444812208414078  abs.TestBoundary: 0j  time: 0.7055640667676926
epoch345  rel.Train: 0.020983912169933318  rel.Test: 0.021997442692518233  abs.Test: 0.018185725659132002  abs.TestBoundary: 0j  time: 0.698502030223608
epoch346  rel.Train: 0.021132115662097932  rel.Test: 0.021283136010169984  abs.Test: 0.017586019337177277  abs.TestBoundary: 0j  time: 0.7001030780375004
epoch347  rel.Train: 0.020708806961774826  rel.Test: 0.021206227242946626  abs.Test: 0.01752217873930931  abs.TestBoundary: 0j  time: 0.6964826118201017
epoch348  rel.Train: 0.020541100516915323  rel.Test: 0.02104441463947296  abs.Test: 0.01739452451467514  abs.TestBoundary: 0j  time: 0.6958083598874509
epoch349  rel.Train: 0.020254303961992265  rel.Test: 0.020852566063404084  abs.Test: 0.017232925295829774  abs.TestBoundary: 0j  time: 0.6953055099584162
epoch350  rel.Train: 0.02007588942348957  rel.Test: 0.02055033415555954  abs.Test: 0.016982105672359468  abs.TestBoundary: 0j  time: 0.6953107002191246
epoch351  rel.Train: 0.020381177425384523  rel.Test: 0.02071308821439743  abs.Test: 0.017118667960166933  abs.TestBoundary: 0j  time: 0.6970137460157275
epoch352  rel.Train: 0.02054157555103302  rel.Test: 0.02230242043733597  abs.Test: 0.01842995494604111  abs.TestBoundary: 0j  time: 0.6957015837542713
epoch353  rel.Train: 0.020527982532978058  rel.Test: 0.020657907128334044  abs.Test: 0.017072665244340895  abs.TestBoundary: 0j  time: 0.6960516842082143
epoch354  rel.Train: 0.020800392389297484  rel.Test: 0.02167511224746704  abs.Test: 0.017909597158432006  abs.TestBoundary: 0j  time: 0.6947202570736408
epoch355  rel.Train: 0.020614632666110994  rel.Test: 0.023085228502750396  abs.Test: 0.019080338776111604  abs.TestBoundary: 0j  time: 0.6964762038551271
epoch356  rel.Train: 0.02135087414085865  rel.Test: 0.021454294323921205  abs.Test: 0.01772752195596695  abs.TestBoundary: 0j  time: 0.695110164117068
epoch357  rel.Train: 0.020611636459827422  rel.Test: 0.02269891560077667  abs.Test: 0.018758539855480195  abs.TestBoundary: 0j  time: 0.694906054995954
epoch358  rel.Train: 0.020149055868387222  rel.Test: 0.020329080671072006  abs.Test: 0.01679958403110504  abs.TestBoundary: 0j  time: 0.6958019388839602
epoch359  rel.Train: 0.020617850244045256  rel.Test: 0.021916934549808503  abs.Test: 0.018114034086465836  abs.TestBoundary: 0j  time: 0.6948081036098301
epoch360  rel.Train: 0.020588047534227372  rel.Test: 0.020597072243690492  abs.Test: 0.01702164947986603  abs.TestBoundary: 0j  time: 0.6958019938319921
epoch361  rel.Train: 0.020371323615312575  rel.Test: 0.020501384139060976  abs.Test: 0.016945314705371858  abs.TestBoundary: 0j  time: 0.6958350408822298
epoch362  rel.Train: 0.019875407993793486  rel.Test: 0.020577123910188674  abs.Test: 0.017004778683185576  abs.TestBoundary: 0j  time: 0.6966876308433712
epoch363  rel.Train: 0.02016355848312378  rel.Test: 0.021782237738370895  abs.Test: 0.017998586148023604  abs.TestBoundary: 0j  time: 0.6954487897455692
epoch364  rel.Train: 0.02017806088924408  rel.Test: 0.02070301979780197  abs.Test: 0.01711191400885582  abs.TestBoundary: 0j  time: 0.6957557969726622
epoch365  rel.Train: 0.020272174656391143  rel.Test: 0.020736673921346663  abs.Test: 0.01713792696595192  abs.TestBoundary: 0j  time: 0.6954617737792432
epoch366  rel.Train: 0.020904399827122687  rel.Test: 0.020425413697957993  abs.Test: 0.0168809013068676  abs.TestBoundary: 0j  time: 0.6939579308964312
epoch367  rel.Train: 0.019785635232925414  rel.Test: 0.020212685763835905  abs.Test: 0.016705378144979476  abs.TestBoundary: 0j  time: 0.6947514871135354
epoch368  rel.Train: 0.02001343110203743  rel.Test: 0.020705496817827226  abs.Test: 0.017107503414154054  abs.TestBoundary: 0j  time: 0.6955677587538958
epoch369  rel.Train: 0.02003150801360607  rel.Test: 0.021889277398586274  abs.Test: 0.01809486374258995  abs.TestBoundary: 0j  time: 0.6942333048209548
epoch370  rel.Train: 0.020027338683605195  rel.Test: 0.02189577430486679  abs.Test: 0.018091143369674684  abs.TestBoundary: 0j  time: 0.6943817501887679
epoch371  rel.Train: 0.020223361268639564  rel.Test: 0.020237646400928497  abs.Test: 0.01672537371516228  abs.TestBoundary: 0j  time: 0.6938394368626177
epoch372  rel.Train: 0.01962309204041958  rel.Test: 0.020441987216472626  abs.Test: 0.016894247829914093  abs.TestBoundary: 0j  time: 0.6937627550214529
epoch373  rel.Train: 0.01978693912923336  rel.Test: 0.020416375994682313  abs.Test: 0.01687360495328903  abs.TestBoundary: 0j  time: 0.6938028410077095
epoch374  rel.Train: 0.01988610589504242  rel.Test: 0.020743862986564637  abs.Test: 0.017146105617284774  abs.TestBoundary: 0j  time: 0.6933374227955937
epoch375  rel.Train: 0.02001054693758488  rel.Test: 0.020258130580186842  abs.Test: 0.016743686348199845  abs.TestBoundary: 0j  time: 0.6923463558778167
epoch376  rel.Train: 0.01984056879580021  rel.Test: 0.020218836218118666  abs.Test: 0.016708615124225615  abs.TestBoundary: 0j  time: 0.6920849550515413
epoch377  rel.Train: 0.019511854872107506  rel.Test: 0.021330835074186327  abs.Test: 0.017627056539058685  abs.TestBoundary: 0j  time: 0.6920924838632345
epoch378  rel.Train: 0.020131512209773064  rel.Test: 0.02094939202070236  abs.Test: 0.017307064831256866  abs.TestBoundary: 0j  time: 0.6930684829130769
epoch379  rel.Train: 0.019856577649712562  rel.Test: 0.019930310249328613  abs.Test: 0.016472033858299255  abs.TestBoundary: 0j  time: 0.6921767871826887
epoch380  rel.Train: 0.019692789494991304  rel.Test: 0.02013888657093048  abs.Test: 0.016641393452882767  abs.TestBoundary: 0j  time: 0.6926355441100895
epoch381  rel.Train: 0.01973693040013313  rel.Test: 0.019931219518184662  abs.Test: 0.016472378224134446  abs.TestBoundary: 0j  time: 0.6915533151477575
epoch382  rel.Train: 0.01940285611152649  rel.Test: 0.02053331583738327  abs.Test: 0.016962459981441497  abs.TestBoundary: 0j  time: 0.6921374551020563
epoch383  rel.Train: 0.019672224417328833  rel.Test: 0.02034341439604759  abs.Test: 0.01680792436003685  abs.TestBoundary: 0j  time: 0.6938111451454461
epoch384  rel.Train: 0.019776422351598738  rel.Test: 0.020373813807964325  abs.Test: 0.016833704710006715  abs.TestBoundary: 0j  time: 0.6921872440725565
epoch385  rel.Train: 0.020038773834705353  rel.Test: 0.020002363324165343  abs.Test: 0.016531927436590196  abs.TestBoundary: 0j  time: 0.6917739505879581
epoch386  rel.Train: 0.01957290318608284  rel.Test: 0.019742122292518614  abs.Test: 0.016311772167682648  abs.TestBoundary: 0j  time: 0.6915061692707241
epoch387  rel.Train: 0.019298623338341713  rel.Test: 0.01965320125222206  abs.Test: 0.016240977197885514  abs.TestBoundary: 0j  time: 0.6905342410318553
epoch388  rel.Train: 0.019349512696266176  rel.Test: 0.019883664846420287  abs.Test: 0.0164310547709465  abs.TestBoundary: 0j  time: 0.6906388266943395
epoch389  rel.Train: 0.019681998819112777  rel.Test: 0.021028641760349274  abs.Test: 0.017383038997650146  abs.TestBoundary: 0j  time: 0.6914022429846227
epoch390  rel.Train: 0.01945568533241749  rel.Test: 0.019592798501253127  abs.Test: 0.016189157515764236  abs.TestBoundary: 0j  time: 0.6914921626448631
epoch391  rel.Train: 0.01950641158223152  rel.Test: 0.01954618126153946  abs.Test: 0.016152982711791993  abs.TestBoundary: 0j  time: 0.6904622097499669
epoch392  rel.Train: 0.019256233751773835  rel.Test: 0.02011003017425537  abs.Test: 0.016620794236660005  abs.TestBoundary: 0j  time: 0.6900752820074558
epoch393  rel.Train: 0.019329900979995727  rel.Test: 0.019881415516138076  abs.Test: 0.01642969757318497  abs.TestBoundary: 0j  time: 0.6909904610365629
epoch394  rel.Train: 0.01959249134361744  rel.Test: 0.019568169862031935  abs.Test: 0.016170822083950043  abs.TestBoundary: 0j  time: 0.6910723568871617
epoch395  rel.Train: 0.019307335764169695  rel.Test: 0.020063906013965606  abs.Test: 0.016581193804740907  abs.TestBoundary: 0j  time: 0.6911067091859877
epoch396  rel.Train: 0.019212613180279732  rel.Test: 0.020016516149044036  abs.Test: 0.016539338082075118  abs.TestBoundary: 0j  time: 0.6913637178950012
epoch397  rel.Train: 0.019505517423152922  rel.Test: 0.020923304259777068  abs.Test: 0.017295628190040588  abs.TestBoundary: 0j  time: 0.6903717080131173
epoch398  rel.Train: 0.01968795119225979  rel.Test: 0.019584498107433318  abs.Test: 0.01618350937962532  abs.TestBoundary: 0j  time: 0.6899191411212087
epoch399  rel.Train: 0.01920321249961853  rel.Test: 0.01979335442185402  abs.Test: 0.016358814388513564  abs.TestBoundary: 0j  time: 0.6898409640416503
epoch400  rel.Train: 0.019821366995573044  rel.Test: 0.020176011323928832  abs.Test: 0.016670024693012236  abs.TestBoundary: 0j  time: 0.6884848070330918
epoch401  rel.Train: 0.019355874121189116  rel.Test: 0.019584728628396986  abs.Test: 0.01618291571736336  abs.TestBoundary: 0j  time: 0.6896946150809526
epoch402  rel.Train: 0.019112992852926253  rel.Test: 0.019935548305511475  abs.Test: 0.01647836297750473  abs.TestBoundary: 0j  time: 0.6902953679673374
epoch403  rel.Train: 0.019302714198827745  rel.Test: 0.019947144091129302  abs.Test: 0.016486854255199433  abs.TestBoundary: 0j  time: 0.6885001719929278
epoch404  rel.Train: 0.019185802057385445  rel.Test: 0.01948159545660019  abs.Test: 0.016100715845823288  abs.TestBoundary: 0j  time: 0.6878057541325688
epoch405  rel.Train: 0.018990597620606422  rel.Test: 0.0194935242831707  abs.Test: 0.016107364892959594  abs.TestBoundary: 0j  time: 0.6880656629800797
epoch406  rel.Train: 0.01926336494088173  rel.Test: 0.019794637858867644  abs.Test: 0.016353246718645097  abs.TestBoundary: 0j  time: 0.6874915407970548
epoch407  rel.Train: 0.019615262657403945  rel.Test: 0.01973200038075447  abs.Test: 0.016303499788045885  abs.TestBoundary: 0j  time: 0.6875422173179686
epoch408  rel.Train: 0.019517778724431993  rel.Test: 0.019794868230819704  abs.Test: 0.01636088266968727  abs.TestBoundary: 0j  time: 0.6873407517559826
epoch409  rel.Train: 0.019420743316411974  rel.Test: 0.019463122338056565  abs.Test: 0.016081896126270295  abs.TestBoundary: 0j  time: 0.6862490139901638
epoch410  rel.Train: 0.019030433252453804  rel.Test: 0.019425155222415925  abs.Test: 0.01605320304632187  abs.TestBoundary: 0j  time: 0.6872009439393878
epoch411  rel.Train: 0.019006144881248473  rel.Test: 0.02003376364707947  abs.Test: 0.01655894696712494  abs.TestBoundary: 0j  time: 0.6883417810313404
epoch412  rel.Train: 0.01905577725172043  rel.Test: 0.01947298139333725  abs.Test: 0.01609002277255058  abs.TestBoundary: 0j  time: 0.6876680790446699
epoch413  rel.Train: 0.018922522127628325  rel.Test: 0.019393410831689835  abs.Test: 0.016026517450809477  abs.TestBoundary: 0j  time: 0.6876074909232557
epoch414  rel.Train: 0.018951694652438164  rel.Test: 0.019387152940034867  abs.Test: 0.016019814908504487  abs.TestBoundary: 0j  time: 0.6881581642664969
epoch415  rel.Train: 0.018992686063051222  rel.Test: 0.019404708743095397  abs.Test: 0.016036827117204666  abs.TestBoundary: 0j  time: 0.6876700618304312
epoch416  rel.Train: 0.018835949867963792  rel.Test: 0.019530968070030214  abs.Test: 0.016142039597034454  abs.TestBoundary: 0j  time: 0.688995682168752
epoch417  rel.Train: 0.01893361893296242  rel.Test: 0.020356249809265137  abs.Test: 0.016823517084121706  abs.TestBoundary: 0j  time: 0.6879377448931336
epoch418  rel.Train: 0.019196677953004837  rel.Test: 0.020329243540763854  abs.Test: 0.016803699433803557  abs.TestBoundary: 0j  time: 0.688402368221432
epoch419  rel.Train: 0.019112193524837492  rel.Test: 0.020252718329429625  abs.Test: 0.016731840670108796  abs.TestBoundary: 0j  time: 0.6874119299463928
epoch420  rel.Train: 0.01956566110253334  rel.Test: 0.019932025372982026  abs.Test: 0.016470633149147033  abs.TestBoundary: 0j  time: 0.6872425400651991
epoch421  rel.Train: 0.019337144747376443  rel.Test: 0.01935838147997856  abs.Test: 0.01599573150277138  abs.TestBoundary: 0j  time: 0.6882638330571353
epoch422  rel.Train: 0.018922248274087904  rel.Test: 0.019284779727458953  abs.Test: 0.015937514305114746  abs.TestBoundary: 0j  time: 0.6885939077474177
epoch423  rel.Train: 0.018960996255278587  rel.Test: 0.01936702162027359  abs.Test: 0.01600330904126167  abs.TestBoundary: 0j  time: 0.6877060229890049
epoch424  rel.Train: 0.018994972720742225  rel.Test: 0.019730322360992432  abs.Test: 0.016307833790779113  abs.TestBoundary: 0j  time: 0.6873715557157993
epoch425  rel.Train: 0.019191092431545258  rel.Test: 0.019427267014980317  abs.Test: 0.016055944263935088  abs.TestBoundary: 0j  time: 0.6879193359054625
epoch426  rel.Train: 0.01896117368340492  rel.Test: 0.019462559521198273  abs.Test: 0.01608458489179611  abs.TestBoundary: 0j  time: 0.6880216342397034
epoch427  rel.Train: 0.01886472886800766  rel.Test: 0.01953047066926956  abs.Test: 0.01613775044679642  abs.TestBoundary: 0j  time: 0.6867832681164145
epoch428  rel.Train: 0.01905264675617218  rel.Test: 0.02008471965789795  abs.Test: 0.01660176783800125  abs.TestBoundary: 0j  time: 0.6875467738136649
epoch429  rel.Train: 0.019593601763248442  rel.Test: 0.020874188989400865  abs.Test: 0.017251025438308715  abs.TestBoundary: 0j  time: 0.68675149185583
epoch430  rel.Train: 0.0189608606249094  rel.Test: 0.01936981111764908  abs.Test: 0.01600806102156639  abs.TestBoundary: 0j  time: 0.6879696450196207
epoch431  rel.Train: 0.0189408717751503  rel.Test: 0.019224857985973356  abs.Test: 0.015887991935014726  abs.TestBoundary: 0j  time: 0.687966400757432
epoch432  rel.Train: 0.018794800519943238  rel.Test: 0.01943202018737793  abs.Test: 0.01605863347649574  abs.TestBoundary: 0j  time: 0.6881480230949819
epoch433  rel.Train: 0.018852619931101797  rel.Test: 0.019040822982788086  abs.Test: 0.015734626799821853  abs.TestBoundary: 0j  time: 0.6884900708682835
epoch434  rel.Train: 0.01868291661143303  rel.Test: 0.01910414919257164  abs.Test: 0.015785271674394606  abs.TestBoundary: 0j  time: 0.6882862122729421
epoch435  rel.Train: 0.018793714106082916  rel.Test: 0.01963467389345169  abs.Test: 0.016227719336748124  abs.TestBoundary: 0j  time: 0.6870769327506423
epoch436  rel.Train: 0.018748752176761627  rel.Test: 0.019287271201610567  abs.Test: 0.01593960538506508  abs.TestBoundary: 0j  time: 0.6865617260336876
epoch437  rel.Train: 0.018753414899110796  rel.Test: 0.01912868469953537  abs.Test: 0.015807205438613893  abs.TestBoundary: 0j  time: 0.6869507911615074
epoch438  rel.Train: 0.018736796408891677  rel.Test: 0.019144925475120544  abs.Test: 0.01581757962703705  abs.TestBoundary: 0j  time: 0.6867620842531323
epoch439  rel.Train: 0.018717037305235863  rel.Test: 0.019167925864458084  abs.Test: 0.01583814337849617  abs.TestBoundary: 0j  time: 0.6865523369051516
epoch440  rel.Train: 0.01876947754621506  rel.Test: 0.01967714577913284  abs.Test: 0.016263246834278107  abs.TestBoundary: 0j  time: 0.6872507790103555
epoch441  rel.Train: 0.01868915228545666  rel.Test: 0.01904925748705864  abs.Test: 0.015741720348596572  abs.TestBoundary: 0j  time: 0.6868984759785235
epoch442  rel.Train: 0.018617705911397935  rel.Test: 0.019054565131664276  abs.Test: 0.015744840800762175  abs.TestBoundary: 0j  time: 0.6882230550982058
epoch443  rel.Train: 0.01861715568602085  rel.Test: 0.019276333004236222  abs.Test: 0.015928771048784256  abs.TestBoundary: 0j  time: 0.6886062608100474
epoch444  rel.Train: 0.018588266521692275  rel.Test: 0.019035851657390593  abs.Test: 0.015730834305286406  abs.TestBoundary: 0j  time: 0.6883294358849525
epoch445  rel.Train: 0.018544467255473138  rel.Test: 0.01896805554628372  abs.Test: 0.015674580782651902  abs.TestBoundary: 0j  time: 0.6876720651052892
epoch446  rel.Train: 0.018640310376882553  rel.Test: 0.01920201063156128  abs.Test: 0.015868633538484573  abs.TestBoundary: 0j  time: 0.6876661400310695
epoch447  rel.Train: 0.018581436604261398  rel.Test: 0.01905233904719353  abs.Test: 0.015743474960327148  abs.TestBoundary: 0j  time: 0.6870021033100784
epoch448  rel.Train: 0.01875801707804203  rel.Test: 0.01943515717983246  abs.Test: 0.016061410903930665  abs.TestBoundary: 0j  time: 0.6858160370029509
epoch449  rel.Train: 0.018689039051532744  rel.Test: 0.019065160155296326  abs.Test: 0.015755548775196075  abs.TestBoundary: 0j  time: 0.6880048252642155
epoch450  rel.Train: 0.018538296848535536  rel.Test: 0.01901345491409302  abs.Test: 0.015712174624204635  abs.TestBoundary: 0j  time: 0.6866804049350321
epoch451  rel.Train: 0.01855692535638809  rel.Test: 0.019245435297489167  abs.Test: 0.015904188454151154  abs.TestBoundary: 0j  time: 0.6882611340843141
epoch452  rel.Train: 0.018615421012043953  rel.Test: 0.01904319763183594  abs.Test: 0.015735746324062348  abs.TestBoundary: 0j  time: 0.6871134149841964
epoch453  rel.Train: 0.018551375955343247  rel.Test: 0.019077872931957243  abs.Test: 0.01576442062854767  abs.TestBoundary: 0j  time: 0.6881350949406624
epoch454  rel.Train: 0.018547366961836814  rel.Test: 0.019040360152721404  abs.Test: 0.015734664648771286  abs.TestBoundary: 0j  time: 0.6885815090499818
epoch455  rel.Train: 0.01860370498895645  rel.Test: 0.018946399688720705  abs.Test: 0.015655211359262466  abs.TestBoundary: 0j  time: 0.6877233507111669
epoch456  rel.Train: 0.018647662490606308  rel.Test: 0.019270468950271607  abs.Test: 0.01592173144221306  abs.TestBoundary: 0j  time: 0.6879950203001499
epoch457  rel.Train: 0.01860122500360012  rel.Test: 0.019196274429559707  abs.Test: 0.0158652962744236  abs.TestBoundary: 0j  time: 0.6872965539805591
epoch458  rel.Train: 0.018486415296792985  rel.Test: 0.018969628512859344  abs.Test: 0.01567617192864418  abs.TestBoundary: 0j  time: 0.6879442320205271
epoch459  rel.Train: 0.01847073596715927  rel.Test: 0.01909741312265396  abs.Test: 0.015782909989356993  abs.TestBoundary: 0j  time: 0.6868533263914287
epoch460  rel.Train: 0.018468010306358338  rel.Test: 0.01892191171646118  abs.Test: 0.015635998249053956  abs.TestBoundary: 0j  time: 0.687582588288933
epoch461  rel.Train: 0.018467065170407294  rel.Test: 0.018978680670261382  abs.Test: 0.015681444108486174  abs.TestBoundary: 0j  time: 0.6870683822780848
epoch462  rel.Train: 0.01850326783955097  rel.Test: 0.018959376960992813  abs.Test: 0.0156679604947567  abs.TestBoundary: 0j  time: 0.6877230149693787
epoch463  rel.Train: 0.018431775271892548  rel.Test: 0.018967577517032624  abs.Test: 0.015673056840896607  abs.TestBoundary: 0j  time: 0.6883908831514418
epoch464  rel.Train: 0.01848407258093357  rel.Test: 0.0190358330309391  abs.Test: 0.015731525868177415  abs.TestBoundary: 0j  time: 0.6889576348476112
epoch465  rel.Train: 0.018429597288370132  rel.Test: 0.018911757469177247  abs.Test: 0.015628182142972947  abs.TestBoundary: 0j  time: 0.6878892057575285
epoch466  rel.Train: 0.018387924686074256  rel.Test: 0.01892463505268097  abs.Test: 0.01563725486397743  abs.TestBoundary: 0j  time: 0.6879799300804734
epoch467  rel.Train: 0.018405358731746674  rel.Test: 0.018863713592290877  abs.Test: 0.015587515383958816  abs.TestBoundary: 0j  time: 0.6876787501387298
epoch468  rel.Train: 0.018445646688342095  rel.Test: 0.018995746821165085  abs.Test: 0.015698031187057496  abs.TestBoundary: 0j  time: 0.6877144598402083
epoch469  rel.Train: 0.018505532547831535  rel.Test: 0.01899039536714554  abs.Test: 0.015693542808294297  abs.TestBoundary: 0j  time: 0.687350592110306
epoch470  rel.Train: 0.01844653743505478  rel.Test: 0.01894049495458603  abs.Test: 0.015652347207069397  abs.TestBoundary: 0j  time: 0.6867862027138472
epoch471  rel.Train: 0.018424728900194167  rel.Test: 0.018964871317148208  abs.Test: 0.01567245423793793  abs.TestBoundary: 0j  time: 0.688481108751148
epoch472  rel.Train: 0.018392427161335944  rel.Test: 0.018879364579916  abs.Test: 0.015601144284009933  abs.TestBoundary: 0j  time: 0.6882977932691574
epoch473  rel.Train: 0.01840381595492363  rel.Test: 0.018914041966199877  abs.Test: 0.01563065603375435  abs.TestBoundary: 0j  time: 0.6884464398026466
epoch474  rel.Train: 0.018397580087184905  rel.Test: 0.018914923816919327  abs.Test: 0.015631007105112074  abs.TestBoundary: 0j  time: 0.6884138509631157
epoch475  rel.Train: 0.018432541325688362  rel.Test: 0.01920289620757103  abs.Test: 0.01587009325623512  abs.TestBoundary: 0j  time: 0.6880073072388768
epoch476  rel.Train: 0.01845008260011673  rel.Test: 0.01891828715801239  abs.Test: 0.015633126199245454  abs.TestBoundary: 0j  time: 0.6879252991639078
epoch477  rel.Train: 0.018388030543923378  rel.Test: 0.018911124467849733  abs.Test: 0.0156279394030571  abs.TestBoundary: 0j  time: 0.6878028367646039
epoch478  rel.Train: 0.01839329458773136  rel.Test: 0.01890960842370987  abs.Test: 0.01562641516327858  abs.TestBoundary: 0j  time: 0.6876454488374293
epoch479  rel.Train: 0.018361470311880113  rel.Test: 0.018851431757211684  abs.Test: 0.015577815175056457  abs.TestBoundary: 0j  time: 0.6889722119085491
epoch480  rel.Train: 0.018352624520659448  rel.Test: 0.018877796828746796  abs.Test: 0.01560013324022293  abs.TestBoundary: 0j  time: 0.6888792342506349
epoch481  rel.Train: 0.018368071421980856  rel.Test: 0.01886483445763588  abs.Test: 0.015589607059955596  abs.TestBoundary: 0j  time: 0.6899735517799854
epoch482  rel.Train: 0.01835753884911537  rel.Test: 0.01882672756910324  abs.Test: 0.015557647049427033  abs.TestBoundary: 0j  time: 0.68885552091524
epoch483  rel.Train: 0.01835659483075142  rel.Test: 0.018903165757656097  abs.Test: 0.015620833039283752  abs.TestBoundary: 0j  time: 0.6878682463429868
epoch484  rel.Train: 0.018375356048345566  rel.Test: 0.0188335257768631  abs.Test: 0.015563261657953263  abs.TestBoundary: 0j  time: 0.6879012896679342
epoch485  rel.Train: 0.01836353662610054  rel.Test: 0.018858959972858427  abs.Test: 0.015584641247987746  abs.TestBoundary: 0j  time: 0.6889943829737604
epoch486  rel.Train: 0.018333925172686578  rel.Test: 0.018831118047237395  abs.Test: 0.015560836941003799  abs.TestBoundary: 0j  time: 0.6889173449017107
epoch487  rel.Train: 0.01834615622460842  rel.Test: 0.01884678512811661  abs.Test: 0.0155742047727108  abs.TestBoundary: 0j  time: 0.6899537872523069
epoch488  rel.Train: 0.018336181029677392  rel.Test: 0.018823911398649217  abs.Test: 0.015555182248353958  abs.TestBoundary: 0j  time: 0.6893314099870622
epoch489  rel.Train: 0.018331493884325027  rel.Test: 0.018875518441200258  abs.Test: 0.015598261654376984  abs.TestBoundary: 0j  time: 0.6881805220618844
epoch490  rel.Train: 0.018350781887769698  rel.Test: 0.018851699084043504  abs.Test: 0.015578207224607468  abs.TestBoundary: 0j  time: 0.6883874707855284
epoch491  rel.Train: 0.01833498218655586  rel.Test: 0.018844125866889952  abs.Test: 0.015572416931390762  abs.TestBoundary: 0j  time: 0.6878860010765493
epoch492  rel.Train: 0.018343619227409364  rel.Test: 0.018833382725715636  abs.Test: 0.015563346296548843  abs.TestBoundary: 0j  time: 0.6884268522262573
epoch493  rel.Train: 0.01833614857494831  rel.Test: 0.01884946644306183  abs.Test: 0.015576510429382325  abs.TestBoundary: 0j  time: 0.6897230031900108
epoch494  rel.Train: 0.018314356565475465  rel.Test: 0.018834020644426346  abs.Test: 0.015563968122005462  abs.TestBoundary: 0j  time: 0.6891877609305084
epoch495  rel.Train: 0.018313888639211656  rel.Test: 0.018845792710781097  abs.Test: 0.015573756247758865  abs.TestBoundary: 0j  time: 0.6893581077456474
epoch496  rel.Train: 0.018353319510817527  rel.Test: 0.01885146349668503  abs.Test: 0.015578272342681885  abs.TestBoundary: 0j  time: 0.6892329109832644
epoch497  rel.Train: 0.018329643815755844  rel.Test: 0.018830687403678895  abs.Test: 0.015560803413391113  abs.TestBoundary: 0j  time: 0.6903847800567746
epoch498  rel.Train: 0.018314383655786515  rel.Test: 0.01883012115955353  abs.Test: 0.015560616403818131  abs.TestBoundary: 0j  time: 0.6902058301493526
epoch499  rel.Train: 0.018324968680739403  rel.Test: 0.018845830410718918  abs.Test: 0.0155733622610569  abs.TestBoundary: 0j  time: 0.6901000901125371
