original data: in (2490, 221, 51, 2) out (2490, 221, 51)
used data: x_train (1000, 11271, 4) y_train (1000, 11271, 1) x_test (200, 11271, 4) y_test (200, 11271, 1)
############################################################ config of data ############################################################
L: 1.0
downsample_ratio: 1
n_train: 1000
n_test: 200
pca_include_input: False
pca_include_grid: False
should_include_F: False
should_flatten: True
should_compute_bases: True
############################################################ config of model ############################################################
in_dim: 4
out_dim: 1
fc_channels: 128
layer_channels: [64, 64, 64, 64, 64]
layer_types: ['GalerkinConv', 'GalerkinConv', 'GalerkinConv', 'GalerkinConv']
act: gelu
should_residual: [False, False, False, False]
modes_gk: [64, 64, 64, 64]
bases_types: ['fourier', 'fourier', 'fourier', 'id_out']
wbases_types: ['fourier', 'fourier', 'fourier', 'id_out']
green_types: ['HierLrGreen', 'HierLrGreen', 'HierLrGreen', 'HierLrGreen']
ranks_h: [2, 2, 2, 2]
levels: [4, 4, 4, 4]
ranks_d: [2, 2, 2, 2]
heads: [4, 4, 4, 4]
############################################################ config of train ############################################################
device: cuda
normalization_x: True
normalization_y: True
normalization_dim: []
epochs: 500
batch_size: 30
scheduler: OneCycleLR
base_lr: 0.001
weight_decay: 0.0001
milestones: None
scheduler_gamma: None
############################################################ Start Training ############################################################
number of parameters is 287553
no boundary loss
epoch0  rel.Train: 0.15923931097984315  rel.Test: 0.15223304510116578  abs.Test: 0.12590792894363403  abs.TestBoundary: 0j  time: 1.5828434280119836
epoch1  rel.Train: 0.14612755107879638  rel.Test: 0.12179681420326233  abs.Test: 0.10069202482700348  abs.TestBoundary: 0j  time: 0.899902218952775
epoch2  rel.Train: 0.11464799308776856  rel.Test: 0.10667387187480927  abs.Test: 0.08818981170654297  abs.TestBoundary: 0j  time: 0.8987805293872952
epoch3  rel.Train: 0.10768522548675537  rel.Test: 0.10256563901901244  abs.Test: 0.08481836080551147  abs.TestBoundary: 0j  time: 0.8998266910202801
epoch4  rel.Train: 0.10439588963985443  rel.Test: 0.10038255870342255  abs.Test: 0.08300331771373749  abs.TestBoundary: 0j  time: 0.9001282248646021
epoch5  rel.Train: 0.1028356261253357  rel.Test: 0.09954887390136719  abs.Test: 0.08230669558048248  abs.TestBoundary: 0j  time: 0.8984063561074436
epoch6  rel.Train: 0.10208572435379028  rel.Test: 0.09922687768936157  abs.Test: 0.08204150676727295  abs.TestBoundary: 0j  time: 0.9001295431517065
epoch7  rel.Train: 0.101610764503479  rel.Test: 0.09895344614982605  abs.Test: 0.08181309223175048  abs.TestBoundary: 0j  time: 0.8971080337651074
epoch8  rel.Train: 0.10167912912368775  rel.Test: 0.098316730260849  abs.Test: 0.08130838990211486  abs.TestBoundary: 0j  time: 0.8824034710414708
epoch9  rel.Train: 0.10129248785972596  rel.Test: 0.09811134457588196  abs.Test: 0.08114064872264862  abs.TestBoundary: 0j  time: 0.8828037576749921
epoch10  rel.Train: 0.10112804627418517  rel.Test: 0.09821544170379638  abs.Test: 0.08122067391872406  abs.TestBoundary: 0j  time: 0.8818147387355566
epoch11  rel.Train: 0.10103755062818527  rel.Test: 0.09843653440475464  abs.Test: 0.08139387726783752  abs.TestBoundary: 0j  time: 0.8822007239796221
epoch12  rel.Train: 0.10098607301712036  rel.Test: 0.09785879135131836  abs.Test: 0.08093783438205719  abs.TestBoundary: 0j  time: 0.8822627598419785
epoch13  rel.Train: 0.10080574810504914  rel.Test: 0.09763663470745086  abs.Test: 0.08075486302375794  abs.TestBoundary: 0j  time: 0.8832453796640038
epoch14  rel.Train: 0.10081512522697449  rel.Test: 0.09783541679382324  abs.Test: 0.08090583324432372  abs.TestBoundary: 0j  time: 0.8809521906077862
epoch15  rel.Train: 0.10069739335775375  rel.Test: 0.0976921969652176  abs.Test: 0.08080553054809571  abs.TestBoundary: 0j  time: 0.882579758297652
epoch16  rel.Train: 0.10108162760734558  rel.Test: 0.09826034665107727  abs.Test: 0.08124413251876832  abs.TestBoundary: 0j  time: 0.8819196810945868
epoch17  rel.Train: 0.10071672916412354  rel.Test: 0.09840668082237243  abs.Test: 0.08135852456092835  abs.TestBoundary: 0j  time: 0.8826091550290585
epoch18  rel.Train: 0.10063947951793671  rel.Test: 0.09758491396903991  abs.Test: 0.08071667432785035  abs.TestBoundary: 0j  time: 0.8934523882344365
epoch19  rel.Train: 0.10077989482879639  rel.Test: 0.09811138093471528  abs.Test: 0.08112371027469635  abs.TestBoundary: 0j  time: 0.8999640867114067
epoch20  rel.Train: 0.10048810714483261  rel.Test: 0.09772728085517883  abs.Test: 0.08081751048564911  abs.TestBoundary: 0j  time: 0.9019392896443605
epoch21  rel.Train: 0.10049993866682053  rel.Test: 0.09756825149059295  abs.Test: 0.08070075094699859  abs.TestBoundary: 0j  time: 0.9003068152815104
epoch22  rel.Train: 0.10059530824422837  rel.Test: 0.09799402117729188  abs.Test: 0.08102544546127319  abs.TestBoundary: 0j  time: 0.8979609962552786
epoch23  rel.Train: 0.10062540096044541  rel.Test: 0.09763847231864929  abs.Test: 0.0807519006729126  abs.TestBoundary: 0j  time: 0.90133350295946
epoch24  rel.Train: 0.10054553043842315  rel.Test: 0.09792267978191375  abs.Test: 0.08097102761268615  abs.TestBoundary: 0j  time: 0.9005768545903265
epoch25  rel.Train: 0.10060888254642486  rel.Test: 0.09759591579437256  abs.Test: 0.08070841491222382  abs.TestBoundary: 0j  time: 0.901198951061815
epoch26  rel.Train: 0.10042627096176147  rel.Test: 0.09770524024963378  abs.Test: 0.0807916396856308  abs.TestBoundary: 0j  time: 0.9008283168077469
epoch27  rel.Train: 0.10043916893005371  rel.Test: 0.09759236931800842  abs.Test: 0.08071149468421936  abs.TestBoundary: 0j  time: 0.8996779681183398
epoch28  rel.Train: 0.10052080434560776  rel.Test: 0.09775802552700043  abs.Test: 0.08083807945251464  abs.TestBoundary: 0j  time: 0.8996682176366448
epoch29  rel.Train: 0.10057945799827575  rel.Test: 0.09807417094707489  abs.Test: 0.08109485387802123  abs.TestBoundary: 0j  time: 0.9023791337385774
epoch30  rel.Train: 0.10049380892515182  rel.Test: 0.09787359476089477  abs.Test: 0.08092633485794068  abs.TestBoundary: 0j  time: 0.9020010982640088
epoch31  rel.Train: 0.10038195741176605  rel.Test: 0.09736590981483459  abs.Test: 0.08052813351154327  abs.TestBoundary: 0j  time: 0.89890072401613
epoch32  rel.Train: 0.10058710360527039  rel.Test: 0.09751044869422913  abs.Test: 0.08065435290336609  abs.TestBoundary: 0j  time: 0.9013223391957581
epoch33  rel.Train: 0.10070992481708527  rel.Test: 0.09750103950500488  abs.Test: 0.08064128756523133  abs.TestBoundary: 0j  time: 0.9008413562551141
epoch34  rel.Train: 0.10050753843784332  rel.Test: 0.09761746406555176  abs.Test: 0.08072861433029174  abs.TestBoundary: 0j  time: 0.8994903541170061
epoch35  rel.Train: 0.10045588183403015  rel.Test: 0.09759925365447998  abs.Test: 0.08072876811027527  abs.TestBoundary: 0j  time: 0.9022907167673111
epoch36  rel.Train: 0.10043867206573487  rel.Test: 0.09769626200199127  abs.Test: 0.08079208493232727  abs.TestBoundary: 0j  time: 0.8992505893111229
epoch37  rel.Train: 0.10043559956550598  rel.Test: 0.09744464159011841  abs.Test: 0.08059839248657226  abs.TestBoundary: 0j  time: 0.8996444689109921
epoch38  rel.Train: 0.10043557715415954  rel.Test: 0.09754621863365173  abs.Test: 0.08067207813262939  abs.TestBoundary: 0j  time: 0.899680748116225
epoch39  rel.Train: 0.10047544401884079  rel.Test: 0.09747664153575897  abs.Test: 0.0806419461965561  abs.TestBoundary: 0j  time: 0.9023878299631178
epoch40  rel.Train: 0.10052377796173095  rel.Test: 0.09731142044067383  abs.Test: 0.08048108160495758  abs.TestBoundary: 0j  time: 0.9004335938952863
epoch41  rel.Train: 0.1003075728416443  rel.Test: 0.09742648720741272  abs.Test: 0.08058468580245971  abs.TestBoundary: 0j  time: 0.8993922481313348
epoch42  rel.Train: 0.10053554970026016  rel.Test: 0.09759641647338867  abs.Test: 0.08071278810501098  abs.TestBoundary: 0j  time: 0.9008068148978055
epoch43  rel.Train: 0.10051986956596375  rel.Test: 0.09742675364017486  abs.Test: 0.08057339608669281  abs.TestBoundary: 0j  time: 0.8994866712018847
epoch44  rel.Train: 0.10041647243499756  rel.Test: 0.09808040201663971  abs.Test: 0.081092609167099  abs.TestBoundary: 0j  time: 0.9009042331017554
epoch45  rel.Train: 0.10044575357437134  rel.Test: 0.0973181563615799  abs.Test: 0.0804923141002655  abs.TestBoundary: 0j  time: 0.8982045003212988
epoch46  rel.Train: 0.10039283108711243  rel.Test: 0.09750306248664856  abs.Test: 0.08064830303192139  abs.TestBoundary: 0j  time: 0.901350628118962
epoch47  rel.Train: 0.10047225975990295  rel.Test: 0.09766569972038269  abs.Test: 0.08077751517295838  abs.TestBoundary: 0j  time: 0.8999971682205796
epoch48  rel.Train: 0.10048657602071762  rel.Test: 0.09761373043060302  abs.Test: 0.08072612702846527  abs.TestBoundary: 0j  time: 0.9009479288943112
epoch49  rel.Train: 0.10036667549610138  rel.Test: 0.0977781045436859  abs.Test: 0.08084739685058594  abs.TestBoundary: 0j  time: 0.8993036760948598
epoch50  rel.Train: 0.10045407676696777  rel.Test: 0.09746636867523194  abs.Test: 0.08060736894607544  abs.TestBoundary: 0j  time: 0.9020445817150176
epoch51  rel.Train: 0.10046724873781204  rel.Test: 0.0973063588142395  abs.Test: 0.08047043681144714  abs.TestBoundary: 0j  time: 0.8991847676225007
epoch52  rel.Train: 0.10034145569801331  rel.Test: 0.09746105074882508  abs.Test: 0.08059953987598419  abs.TestBoundary: 0j  time: 0.8987802201882005
epoch53  rel.Train: 0.10051848256587982  rel.Test: 0.09770734310150146  abs.Test: 0.08080907821655274  abs.TestBoundary: 0j  time: 0.9001775472424924
epoch54  rel.Train: 0.10032697463035584  rel.Test: 0.09772683620452881  abs.Test: 0.080812326669693  abs.TestBoundary: 0j  time: 0.9070804263465106
epoch55  rel.Train: 0.10050914591550827  rel.Test: 0.09803803443908692  abs.Test: 0.08106161296367645  abs.TestBoundary: 0j  time: 0.9006757838651538
epoch56  rel.Train: 0.10035400480031967  rel.Test: 0.09762049317359925  abs.Test: 0.08072941064834595  abs.TestBoundary: 0j  time: 0.8998054978437722
epoch57  rel.Train: 0.10031926167011261  rel.Test: 0.09797719955444335  abs.Test: 0.08100749909877777  abs.TestBoundary: 0j  time: 0.8994483277201653
epoch58  rel.Train: 0.10032692909240723  rel.Test: 0.09734461009502411  abs.Test: 0.08052722811698913  abs.TestBoundary: 0j  time: 0.9009341769851744
epoch59  rel.Train: 0.10054644417762756  rel.Test: 0.09741140902042389  abs.Test: 0.0805785095691681  abs.TestBoundary: 0j  time: 0.9035695777274668
epoch60  rel.Train: 0.10055372190475464  rel.Test: 0.0975555008649826  abs.Test: 0.08067588925361634  abs.TestBoundary: 0j  time: 0.9007741441018879
epoch61  rel.Train: 0.10039635038375855  rel.Test: 0.09784784078598023  abs.Test: 0.08090257167816162  abs.TestBoundary: 0j  time: 0.8997692679986358
epoch62  rel.Train: 0.10034935736656189  rel.Test: 0.09732255160808563  abs.Test: 0.0805022257566452  abs.TestBoundary: 0j  time: 0.8994996519759297
epoch63  rel.Train: 0.1003284296989441  rel.Test: 0.09782959640026093  abs.Test: 0.08089000105857849  abs.TestBoundary: 0j  time: 0.900214615277946
epoch64  rel.Train: 0.10037135195732116  rel.Test: 0.09760464072227477  abs.Test: 0.08071420431137084  abs.TestBoundary: 0j  time: 0.8995724129490554
epoch65  rel.Train: 0.10042842030525208  rel.Test: 0.09785214602947236  abs.Test: 0.08091540336608886  abs.TestBoundary: 0j  time: 0.8998545352369547
epoch66  rel.Train: 0.10043978905677796  rel.Test: 0.0974210661649704  abs.Test: 0.08056461334228515  abs.TestBoundary: 0j  time: 0.9007834289222956
epoch67  rel.Train: 0.10030131292343139  rel.Test: 0.09729124188423156  abs.Test: 0.0804770815372467  abs.TestBoundary: 0j  time: 0.899644817225635
epoch68  rel.Train: 0.10029951906204224  rel.Test: 0.09722891747951508  abs.Test: 0.08042385816574096  abs.TestBoundary: 0j  time: 0.9023735327646136
epoch69  rel.Train: 0.10046272730827331  rel.Test: 0.09750652074813843  abs.Test: 0.0806292188167572  abs.TestBoundary: 0j  time: 0.9002712643705308
epoch70  rel.Train: 0.10035308718681335  rel.Test: 0.09811895668506622  abs.Test: 0.08112670421600342  abs.TestBoundary: 0j  time: 0.9018933158367872
epoch71  rel.Train: 0.10048249423503876  rel.Test: 0.09764416933059693  abs.Test: 0.08074478268623352  abs.TestBoundary: 0j  time: 0.9012473258189857
epoch72  rel.Train: 0.10045844042301177  rel.Test: 0.09732382893562316  abs.Test: 0.08050884425640106  abs.TestBoundary: 0j  time: 0.9003417422063649
epoch73  rel.Train: 0.10035478276014329  rel.Test: 0.09729912996292114  abs.Test: 0.08048541784286499  abs.TestBoundary: 0j  time: 0.9003909812308848
epoch74  rel.Train: 0.10027250635623931  rel.Test: 0.09765030324459076  abs.Test: 0.08078518331050873  abs.TestBoundary: 0j  time: 0.9006630149669945
epoch75  rel.Train: 0.10037181532382965  rel.Test: 0.09786729693412781  abs.Test: 0.08092058777809143  abs.TestBoundary: 0j  time: 0.9002447160892189
epoch76  rel.Train: 0.1003280199766159  rel.Test: 0.09714854180812836  abs.Test: 0.08035091161727906  abs.TestBoundary: 0j  time: 0.9023347678594291
epoch77  rel.Train: 0.10035157799720765  rel.Test: 0.09825441002845764  abs.Test: 0.08123747050762177  abs.TestBoundary: 0j  time: 0.8997992798686028
epoch78  rel.Train: 0.10047067928314209  rel.Test: 0.09729134678840637  abs.Test: 0.08046554684638978  abs.TestBoundary: 0j  time: 0.9004318718798459
epoch79  rel.Train: 0.10030539166927338  rel.Test: 0.09741675615310669  abs.Test: 0.08056810855865479  abs.TestBoundary: 0j  time: 0.9047899260185659
epoch80  rel.Train: 0.10038325095176696  rel.Test: 0.0974043709039688  abs.Test: 0.0805758261680603  abs.TestBoundary: 0j  time: 0.8994372989982367
epoch81  rel.Train: 0.10033290565013886  rel.Test: 0.09779043555259705  abs.Test: 0.08085875868797303  abs.TestBoundary: 0j  time: 0.9056897759437561
epoch82  rel.Train: 0.10026047921180725  rel.Test: 0.09731370449066162  abs.Test: 0.0804876959323883  abs.TestBoundary: 0j  time: 0.9003444351255894
epoch83  rel.Train: 0.10041572952270508  rel.Test: 0.09760060429573059  abs.Test: 0.08072258412837982  abs.TestBoundary: 0j  time: 0.9003115752711892
epoch84  rel.Train: 0.10035335254669189  rel.Test: 0.09749421536922455  abs.Test: 0.08062237501144409  abs.TestBoundary: 0j  time: 0.8991109747439623
epoch85  rel.Train: 0.10021409845352172  rel.Test: 0.09699033737182618  abs.Test: 0.0802299427986145  abs.TestBoundary: 0j  time: 0.9003853700123727
epoch86  rel.Train: 0.10027153384685517  rel.Test: 0.09718024253845214  abs.Test: 0.08037644803524018  abs.TestBoundary: 0j  time: 0.90064030373469
epoch87  rel.Train: 0.10033575803041458  rel.Test: 0.0973519241809845  abs.Test: 0.08052022278308868  abs.TestBoundary: 0j  time: 0.9009447409771383
epoch88  rel.Train: 0.1002071579694748  rel.Test: 0.09740809679031372  abs.Test: 0.0805536150932312  abs.TestBoundary: 0j  time: 0.8999515837058425
epoch89  rel.Train: 0.10018451690673828  rel.Test: 0.09717786133289337  abs.Test: 0.08037569284439088  abs.TestBoundary: 0j  time: 0.8998892940580845
epoch90  rel.Train: 0.10027551960945129  rel.Test: 0.09744746327400207  abs.Test: 0.08058394849300385  abs.TestBoundary: 0j  time: 0.9011543933302164
epoch91  rel.Train: 0.10037927412986755  rel.Test: 0.09788896262645722  abs.Test: 0.08095913290977479  abs.TestBoundary: 0j  time: 0.8998764753341675
epoch92  rel.Train: 0.10027689498662949  rel.Test: 0.09730480790138245  abs.Test: 0.08047251462936401  abs.TestBoundary: 0j  time: 0.9007381941191852
epoch93  rel.Train: 0.10031258893013001  rel.Test: 0.09757990956306457  abs.Test: 0.08070563793182373  abs.TestBoundary: 0j  time: 0.8996960301883519
epoch94  rel.Train: 0.1003129997253418  rel.Test: 0.09805322170257569  abs.Test: 0.08106764078140259  abs.TestBoundary: 0j  time: 0.9010768267326057
epoch95  rel.Train: 0.10037066465616226  rel.Test: 0.09733951687812806  abs.Test: 0.08050051927566529  abs.TestBoundary: 0j  time: 0.9003489818423986
epoch96  rel.Train: 0.10019022333621978  rel.Test: 0.09841420829296112  abs.Test: 0.08135987401008606  abs.TestBoundary: 0j  time: 0.8997413087636232
epoch97  rel.Train: 0.10017227804660797  rel.Test: 0.0972671914100647  abs.Test: 0.08043269395828247  abs.TestBoundary: 0j  time: 0.9002522761002183
epoch98  rel.Train: 0.10018891477584839  rel.Test: 0.09717479050159454  abs.Test: 0.08036534905433655  abs.TestBoundary: 0j  time: 0.8985824068076909
epoch99  rel.Train: 0.1002736086845398  rel.Test: 0.09713928580284119  abs.Test: 0.08033504962921142  abs.TestBoundary: 0j  time: 0.9012614022940397
epoch100  rel.Train: 0.1001789948940277  rel.Test: 0.09693496704101562  abs.Test: 0.08017539978027344  abs.TestBoundary: 0j  time: 0.902565938886255
epoch101  rel.Train: 0.10006761288642883  rel.Test: 0.09735946357250214  abs.Test: 0.08051807880401611  abs.TestBoundary: 0j  time: 0.9000102817080915
epoch102  rel.Train: 0.09998065769672394  rel.Test: 0.09759647607803344  abs.Test: 0.08069491863250733  abs.TestBoundary: 0j  time: 0.9004521761089563
epoch103  rel.Train: 0.09998521387577057  rel.Test: 0.09754598855972291  abs.Test: 0.0806498283147812  abs.TestBoundary: 0j  time: 0.9009250099770725
epoch104  rel.Train: 0.09992010688781738  rel.Test: 0.09701657116413116  abs.Test: 0.08021886348724365  abs.TestBoundary: 0j  time: 0.9000853011384606
epoch105  rel.Train: 0.09968977880477906  rel.Test: 0.09682921826839447  abs.Test: 0.08007688641548157  abs.TestBoundary: 0j  time: 0.8998583927750587
epoch106  rel.Train: 0.09945633888244629  rel.Test: 0.09696601271629333  abs.Test: 0.08019700825214386  abs.TestBoundary: 0j  time: 0.9001091849058867
epoch107  rel.Train: 0.09933033281564713  rel.Test: 0.09644279718399047  abs.Test: 0.07975462913513183  abs.TestBoundary: 0j  time: 0.9005450722761452
epoch108  rel.Train: 0.09793490874767304  rel.Test: 0.09683875322341919  abs.Test: 0.08007740259170532  abs.TestBoundary: 0j  time: 0.9018209590576589
epoch109  rel.Train: 0.0955292540192604  rel.Test: 0.09405125379562378  abs.Test: 0.07775062322616577  abs.TestBoundary: 0j  time: 0.8994528399780393
epoch110  rel.Train: 0.09065806925296784  rel.Test: 0.09021252810955048  abs.Test: 0.07454644680023194  abs.TestBoundary: 0j  time: 0.9013180606998503
epoch111  rel.Train: 0.08850882756710053  rel.Test: 0.09612432599067688  abs.Test: 0.07939102411270142  abs.TestBoundary: 0j  time: 0.8994583883322775
epoch112  rel.Train: 0.08722587394714355  rel.Test: 0.08203069925308228  abs.Test: 0.067790088057518  abs.TestBoundary: 0j  time: 0.901343212928623
epoch113  rel.Train: 0.08362934559583664  rel.Test: 0.08297900080680848  abs.Test: 0.06863948225975036  abs.TestBoundary: 0j  time: 0.9003586531616747
epoch114  rel.Train: 0.08136776250600815  rel.Test: 0.07924761652946472  abs.Test: 0.06546858191490174  abs.TestBoundary: 0j  time: 0.8996009980328381
epoch115  rel.Train: 0.08046273672580719  rel.Test: 0.09019248068332672  abs.Test: 0.07448583722114563  abs.TestBoundary: 0j  time: 0.8990277880802751
epoch116  rel.Train: 0.07973226863145828  rel.Test: 0.07943814933300018  abs.Test: 0.06564523041248321  abs.TestBoundary: 0j  time: 0.899291813839227
epoch117  rel.Train: 0.07900890958309173  rel.Test: 0.0801349401473999  abs.Test: 0.06622320055961609  abs.TestBoundary: 0j  time: 0.9019888071343303
epoch118  rel.Train: 0.07584626626968384  rel.Test: 0.072812979221344  abs.Test: 0.060164142847061154  abs.TestBoundary: 0j  time: 0.8987256060354412
epoch119  rel.Train: 0.07683666825294494  rel.Test: 0.08895360589027405  abs.Test: 0.07348073840141296  abs.TestBoundary: 0j  time: 0.899844029918313
epoch120  rel.Train: 0.07645852446556091  rel.Test: 0.0759547370672226  abs.Test: 0.06275044083595276  abs.TestBoundary: 0j  time: 0.8996302271261811
epoch121  rel.Train: 0.07347975569963455  rel.Test: 0.07025009274482727  abs.Test: 0.05810579895973206  abs.TestBoundary: 0j  time: 0.8987290719524026
epoch122  rel.Train: 0.07219842261075973  rel.Test: 0.06874240159988404  abs.Test: 0.05681653678417206  abs.TestBoundary: 0j  time: 0.9011307759210467
epoch123  rel.Train: 0.07041964018344879  rel.Test: 0.06922154188156128  abs.Test: 0.05724657356739044  abs.TestBoundary: 0j  time: 0.8993694740347564
epoch124  rel.Train: 0.07006232982873917  rel.Test: 0.07876800656318665  abs.Test: 0.0650735068321228  abs.TestBoundary: 0j  time: 0.8990350533276796
epoch125  rel.Train: 0.06724954009056092  rel.Test: 0.06642593324184418  abs.Test: 0.054929320514202115  abs.TestBoundary: 0j  time: 0.8992275120690465
epoch126  rel.Train: 0.06587218618392944  rel.Test: 0.0711187982559204  abs.Test: 0.0587395566701889  abs.TestBoundary: 0j  time: 0.8986305883154273
epoch127  rel.Train: 0.0647828671336174  rel.Test: 0.06455820262432098  abs.Test: 0.05337447226047516  abs.TestBoundary: 0j  time: 0.9015826657414436
epoch128  rel.Train: 0.06341332185268402  rel.Test: 0.06220376968383789  abs.Test: 0.05139464020729065  abs.TestBoundary: 0j  time: 0.9034520173445344
epoch129  rel.Train: 0.06330799251794815  rel.Test: 0.08982224702835083  abs.Test: 0.07417605757713318  abs.TestBoundary: 0j  time: 0.9004037268459797
epoch130  rel.Train: 0.06325005090236664  rel.Test: 0.05805456817150116  abs.Test: 0.04797968953847885  abs.TestBoundary: 0j  time: 0.9000252638943493
epoch131  rel.Train: 0.06340863829851151  rel.Test: 0.0603905439376831  abs.Test: 0.0499055027961731  abs.TestBoundary: 0j  time: 0.898190236184746
epoch132  rel.Train: 0.05963555991649628  rel.Test: 0.05877105116844177  abs.Test: 0.048551098704338075  abs.TestBoundary: 0j  time: 0.8997983760200441
epoch133  rel.Train: 0.05914880096912384  rel.Test: 0.05832926154136658  abs.Test: 0.0482333767414093  abs.TestBoundary: 0j  time: 0.8985586478374898
epoch134  rel.Train: 0.057837141394615176  rel.Test: 0.05734347343444824  abs.Test: 0.047406899333000185  abs.TestBoundary: 0j  time: 0.9001563088968396
epoch135  rel.Train: 0.054297962248325345  rel.Test: 0.05129576683044434  abs.Test: 0.04240229666233063  abs.TestBoundary: 0j  time: 0.8978451988659799
epoch136  rel.Train: 0.05637895953655243  rel.Test: 0.05352319806814194  abs.Test: 0.04425976991653442  abs.TestBoundary: 0j  time: 0.8998529338277876
epoch137  rel.Train: 0.05503491628170013  rel.Test: 0.05227123588323593  abs.Test: 0.04322822391986847  abs.TestBoundary: 0j  time: 0.8993838080205023
epoch138  rel.Train: 0.054045595943927764  rel.Test: 0.05292554050683975  abs.Test: 0.043742087483406064  abs.TestBoundary: 0j  time: 0.8995442958548665
epoch139  rel.Train: 0.055342579960823056  rel.Test: 0.05182343184947968  abs.Test: 0.04284955739974976  abs.TestBoundary: 0j  time: 0.9019233337603509
epoch140  rel.Train: 0.05216439187526703  rel.Test: 0.05126569747924805  abs.Test: 0.042364501953125  abs.TestBoundary: 0j  time: 0.8991857040673494
epoch141  rel.Train: 0.053299624860286714  rel.Test: 0.04949933975934982  abs.Test: 0.040908126831054686  abs.TestBoundary: 0j  time: 0.9004985094070435
epoch142  rel.Train: 0.051755195558071135  rel.Test: 0.051342231929302214  abs.Test: 0.04244240313768387  abs.TestBoundary: 0j  time: 0.8970663179643452
epoch143  rel.Train: 0.05073503309488297  rel.Test: 0.05544318437576294  abs.Test: 0.0458037281036377  abs.TestBoundary: 0j  time: 0.8969464022666216
epoch144  rel.Train: 0.05092185968160629  rel.Test: 0.05475175738334656  abs.Test: 0.045237877368927  abs.TestBoundary: 0j  time: 0.8993573519401252
epoch145  rel.Train: 0.054222766518592834  rel.Test: 0.05096235632896423  abs.Test: 0.04211774945259094  abs.TestBoundary: 0j  time: 0.8990338891744614
epoch146  rel.Train: 0.049894871413707735  rel.Test: 0.050958886444568634  abs.Test: 0.04211006313562393  abs.TestBoundary: 0j  time: 0.9005079958587885
epoch147  rel.Train: 0.050554486334323884  rel.Test: 0.06380723714828491  abs.Test: 0.05272006392478943  abs.TestBoundary: 0j  time: 0.9001008500345051
epoch148  rel.Train: 0.04983494484424591  rel.Test: 0.05327900260686874  abs.Test: 0.04404243052005768  abs.TestBoundary: 0j  time: 0.8989276019856334
epoch149  rel.Train: 0.05062305793166161  rel.Test: 0.05261881977319718  abs.Test: 0.04348791241645813  abs.TestBoundary: 0j  time: 0.8982230108231306
epoch150  rel.Train: 0.048642518162727355  rel.Test: 0.050463398694992063  abs.Test: 0.0417236864566803  abs.TestBoundary: 0j  time: 0.9004628593102098
epoch151  rel.Train: 0.048351942896842956  rel.Test: 0.04836498111486435  abs.Test: 0.03997808367013931  abs.TestBoundary: 0j  time: 0.8989462861791253
epoch152  rel.Train: 0.04779704478383064  rel.Test: 0.04644222885370255  abs.Test: 0.038390167355537415  abs.TestBoundary: 0j  time: 0.898713103029877
epoch153  rel.Train: 0.046086257576942444  rel.Test: 0.04480630934238434  abs.Test: 0.03703860878944397  abs.TestBoundary: 0j  time: 0.8994716932065785
epoch154  rel.Train: 0.047415981590747835  rel.Test: 0.06840461313724518  abs.Test: 0.056480146050453185  abs.TestBoundary: 0j  time: 0.9003940969705582
epoch155  rel.Train: 0.05139197027683258  rel.Test: 0.050493474006652835  abs.Test: 0.04174745887517929  abs.TestBoundary: 0j  time: 0.8997225998900831
epoch156  rel.Train: 0.04776258119940758  rel.Test: 0.04677833259105682  abs.Test: 0.03865934610366821  abs.TestBoundary: 0j  time: 0.9004862178117037
epoch157  rel.Train: 0.045778524905443194  rel.Test: 0.04546716153621674  abs.Test: 0.037583427727222445  abs.TestBoundary: 0j  time: 0.900133163202554
epoch158  rel.Train: 0.04462938719987869  rel.Test: 0.04376158356666565  abs.Test: 0.036176781058311465  abs.TestBoundary: 0j  time: 0.8982600197196007
epoch159  rel.Train: 0.04395024490356445  rel.Test: 0.04385356217622757  abs.Test: 0.03626417756080627  abs.TestBoundary: 0j  time: 0.9019442624412477
epoch160  rel.Train: 0.04437213975191116  rel.Test: 0.044303009510040285  abs.Test: 0.036635998785495755  abs.TestBoundary: 0j  time: 0.8982512908987701
epoch161  rel.Train: 0.04376590690016747  rel.Test: 0.0461929452419281  abs.Test: 0.038193559050559996  abs.TestBoundary: 0j  time: 0.8996601640246809
epoch162  rel.Train: 0.04345806011557579  rel.Test: 0.04294688820838928  abs.Test: 0.03550712764263153  abs.TestBoundary: 0j  time: 0.9007791997864842
epoch163  rel.Train: 0.04378463107347488  rel.Test: 0.04840048521757126  abs.Test: 0.0399859020113945  abs.TestBoundary: 0j  time: 0.9011956513859332
epoch164  rel.Train: 0.044688993632793425  rel.Test: 0.04821102619171143  abs.Test: 0.039830051362514496  abs.TestBoundary: 0j  time: 0.9002885799854994
epoch165  rel.Train: 0.04210062673687935  rel.Test: 0.04308854877948761  abs.Test: 0.03560102641582489  abs.TestBoundary: 0j  time: 0.8999126232229173
epoch166  rel.Train: 0.04283760684728623  rel.Test: 0.047912557721138  abs.Test: 0.03959803700447082  abs.TestBoundary: 0j  time: 0.8996517490595579
epoch167  rel.Train: 0.042401416212320325  rel.Test: 0.04093240886926651  abs.Test: 0.03380765318870545  abs.TestBoundary: 0j  time: 0.8998699160292745
epoch168  rel.Train: 0.040238333106040955  rel.Test: 0.05407601833343506  abs.Test: 0.04464942902326584  abs.TestBoundary: 0j  time: 0.9026028639636934
epoch169  rel.Train: 0.04233236747980118  rel.Test: 0.03979445844888687  abs.Test: 0.03288182735443115  abs.TestBoundary: 0j  time: 0.8984651248902082
epoch170  rel.Train: 0.04115830308198929  rel.Test: 0.044257897138595584  abs.Test: 0.03657301723957062  abs.TestBoundary: 0j  time: 0.9005651390179992
epoch171  rel.Train: 0.04480192136764526  rel.Test: 0.04532729208469391  abs.Test: 0.03743635594844818  abs.TestBoundary: 0j  time: 0.9001020127907395
epoch172  rel.Train: 0.03796055310964584  rel.Test: 0.03542584717273712  abs.Test: 0.029275900423526763  abs.TestBoundary: 0j  time: 0.8988146330229938
epoch173  rel.Train: 0.03700866451859474  rel.Test: 0.04521401286125183  abs.Test: 0.03731348872184753  abs.TestBoundary: 0j  time: 0.9005248881876469
epoch174  rel.Train: 0.03884520980715751  rel.Test: 0.05137283056974411  abs.Test: 0.04246694982051849  abs.TestBoundary: 0j  time: 0.8997951247729361
epoch175  rel.Train: 0.040210329711437225  rel.Test: 0.05794790089130401  abs.Test: 0.047857300341129304  abs.TestBoundary: 0j  time: 0.8987489398568869
epoch176  rel.Train: 0.04016882649064064  rel.Test: 0.04562367498874664  abs.Test: 0.03768929034471512  abs.TestBoundary: 0j  time: 0.9017668711021543
epoch177  rel.Train: 0.03742209565639496  rel.Test: 0.04548767149448395  abs.Test: 0.03757417142391205  abs.TestBoundary: 0j  time: 0.9019736968912184
epoch178  rel.Train: 0.04219771385192871  rel.Test: 0.05515650033950806  abs.Test: 0.04555004149675369  abs.TestBoundary: 0j  time: 0.8994361031800508
epoch179  rel.Train: 0.03915887302160263  rel.Test: 0.0383151364326477  abs.Test: 0.03166051000356674  abs.TestBoundary: 0j  time: 0.9001350170001388
epoch180  rel.Train: 0.0365290869474411  rel.Test: 0.0364571937918663  abs.Test: 0.030109539926052094  abs.TestBoundary: 0j  time: 0.8993207779712975
epoch181  rel.Train: 0.03577922642230988  rel.Test: 0.033643332719802854  abs.Test: 0.02779968559741974  abs.TestBoundary: 0j  time: 0.8936598761938512
epoch182  rel.Train: 0.035956032186746596  rel.Test: 0.04215494483709335  abs.Test: 0.034859248101711274  abs.TestBoundary: 0j  time: 0.8813396538607776
epoch183  rel.Train: 0.03496191272139549  rel.Test: 0.05479467272758484  abs.Test: 0.045248016119003295  abs.TestBoundary: 0j  time: 0.8802622379735112
epoch184  rel.Train: 0.03693668586015701  rel.Test: 0.03232530325651169  abs.Test: 0.026718896627426148  abs.TestBoundary: 0j  time: 0.8876004372723401
epoch185  rel.Train: 0.03428519469499588  rel.Test: 0.04276411175727844  abs.Test: 0.03532105922698975  abs.TestBoundary: 0j  time: 0.8810725710354745
epoch186  rel.Train: 0.041256558150053024  rel.Test: 0.04266652226448059  abs.Test: 0.03526563823223114  abs.TestBoundary: 0j  time: 0.8828415586613119
epoch187  rel.Train: 0.03831387463212013  rel.Test: 0.034541886448860165  abs.Test: 0.028549912869930267  abs.TestBoundary: 0j  time: 0.8832579110749066
epoch188  rel.Train: 0.034032839119434354  rel.Test: 0.032939047515392304  abs.Test: 0.02720843642950058  abs.TestBoundary: 0j  time: 0.8803782952018082
epoch189  rel.Train: 0.033521532654762265  rel.Test: 0.03312966495752335  abs.Test: 0.027361712157726287  abs.TestBoundary: 0j  time: 0.8825089680030942
epoch190  rel.Train: 0.03422431915998459  rel.Test: 0.04557609796524048  abs.Test: 0.03766400873661041  abs.TestBoundary: 0j  time: 0.8838857929222286
epoch191  rel.Train: 0.03291820701956749  rel.Test: 0.03538986384868622  abs.Test: 0.029266376197338104  abs.TestBoundary: 0j  time: 0.8826222429051995
epoch192  rel.Train: 0.0329197096824646  rel.Test: 0.03853434801101684  abs.Test: 0.03186731696128845  abs.TestBoundary: 0j  time: 0.898489794228226
epoch193  rel.Train: 0.03608826410770416  rel.Test: 0.037040511667728426  abs.Test: 0.03057772010564804  abs.TestBoundary: 0j  time: 0.9017051928676665
epoch194  rel.Train: 0.03458118224143982  rel.Test: 0.030710888504981996  abs.Test: 0.025381225794553756  abs.TestBoundary: 0j  time: 0.9001848767511547
epoch195  rel.Train: 0.03045923826098442  rel.Test: 0.03170757204294205  abs.Test: 0.02620355799794197  abs.TestBoundary: 0j  time: 0.9003428532741964
epoch196  rel.Train: 0.03501512947678566  rel.Test: 0.03696927607059479  abs.Test: 0.030552223324775696  abs.TestBoundary: 0j  time: 0.8992179878987372
epoch197  rel.Train: 0.03221141776442528  rel.Test: 0.030908005237579347  abs.Test: 0.025522128641605378  abs.TestBoundary: 0j  time: 0.9000287926755846
epoch198  rel.Train: 0.03116084361076355  rel.Test: 0.03134168714284897  abs.Test: 0.02589225023984909  abs.TestBoundary: 0j  time: 0.9018931966274977
epoch199  rel.Train: 0.03362678012251854  rel.Test: 0.052940057516098024  abs.Test: 0.04372053623199463  abs.TestBoundary: 0j  time: 0.8993984712287784
epoch200  rel.Train: 0.0369456732571125  rel.Test: 0.04010244458913803  abs.Test: 0.03312181949615479  abs.TestBoundary: 0j  time: 0.8990442897193134
epoch201  rel.Train: 0.03211866670846939  rel.Test: 0.03373651713132858  abs.Test: 0.02788704127073288  abs.TestBoundary: 0j  time: 0.9037487357854843
epoch202  rel.Train: 0.029476411044597625  rel.Test: 0.028865629434585573  abs.Test: 0.023853331208229064  abs.TestBoundary: 0j  time: 0.9002196085639298
epoch203  rel.Train: 0.03200730392336845  rel.Test: 0.034071857631206515  abs.Test: 0.02813034027814865  abs.TestBoundary: 0j  time: 0.9003213751129806
epoch204  rel.Train: 0.030032760232686997  rel.Test: 0.03560025364160538  abs.Test: 0.02942943960428238  abs.TestBoundary: 0j  time: 0.8993325638584793
epoch205  rel.Train: 0.033314885795116427  rel.Test: 0.046963525414466856  abs.Test: 0.03881235837936401  abs.TestBoundary: 0j  time: 0.9038517130538821
epoch206  rel.Train: 0.034083374857902526  rel.Test: 0.03006904572248459  abs.Test: 0.024845761060714722  abs.TestBoundary: 0j  time: 0.9002146432176232
epoch207  rel.Train: 0.030133178025484084  rel.Test: 0.031385709941387174  abs.Test: 0.0259259557723999  abs.TestBoundary: 0j  time: 0.9001167733222246
epoch208  rel.Train: 0.032122288942337034  rel.Test: 0.02919195353984833  abs.Test: 0.024104715287685395  abs.TestBoundary: 0j  time: 0.8991378122009337
epoch209  rel.Train: 0.029133458465337752  rel.Test: 0.03032323718070984  abs.Test: 0.025072011351585387  abs.TestBoundary: 0j  time: 0.9003854659385979
epoch210  rel.Train: 0.03208913484215736  rel.Test: 0.033315342664718625  abs.Test: 0.027545160949230194  abs.TestBoundary: 0j  time: 0.8996496181935072
epoch211  rel.Train: 0.03079433524608612  rel.Test: 0.04151771277189255  abs.Test: 0.03430218487977982  abs.TestBoundary: 0j  time: 0.8992873001843691
epoch212  rel.Train: 0.031029328405857086  rel.Test: 0.029429799020290373  abs.Test: 0.024319787472486497  abs.TestBoundary: 0j  time: 0.899793345015496
epoch213  rel.Train: 0.02821308469772339  rel.Test: 0.026892451345920564  abs.Test: 0.02221821665763855  abs.TestBoundary: 0j  time: 0.9027750832028687
epoch214  rel.Train: 0.030892321765422823  rel.Test: 0.03604605197906494  abs.Test: 0.029807249903678893  abs.TestBoundary: 0j  time: 0.9004940586164594
epoch215  rel.Train: 0.031516480803489684  rel.Test: 0.02894082635641098  abs.Test: 0.02390155553817749  abs.TestBoundary: 0j  time: 0.9003076553344727
epoch216  rel.Train: 0.029522906959056853  rel.Test: 0.03582705676555634  abs.Test: 0.029586549699306488  abs.TestBoundary: 0j  time: 0.89964082185179
epoch217  rel.Train: 0.029066445767879485  rel.Test: 0.03244478523731232  abs.Test: 0.02682550102472305  abs.TestBoundary: 0j  time: 0.8997784731909633
epoch218  rel.Train: 0.02781556025147438  rel.Test: 0.027530815601348877  abs.Test: 0.022737648338079453  abs.TestBoundary: 0j  time: 0.8880874491296709
epoch219  rel.Train: 0.027798850029706956  rel.Test: 0.03470227748155594  abs.Test: 0.028703425526618958  abs.TestBoundary: 0j  time: 0.8769754646345973
epoch220  rel.Train: 0.03326354342699051  rel.Test: 0.04483260631561279  abs.Test: 0.0370198455452919  abs.TestBoundary: 0j  time: 0.8774118241854012
epoch221  rel.Train: 0.030252668917179107  rel.Test: 0.02937439739704132  abs.Test: 0.02427937716245651  abs.TestBoundary: 0j  time: 0.8776324847713113
epoch222  rel.Train: 0.02886635556817055  rel.Test: 0.028692193925380707  abs.Test: 0.02369699686765671  abs.TestBoundary: 0j  time: 0.876827304251492
epoch223  rel.Train: 0.02890659213066101  rel.Test: 0.03199048101902008  abs.Test: 0.02641804873943329  abs.TestBoundary: 0j  time: 0.8810810050927103
epoch224  rel.Train: 0.028044194281101227  rel.Test: 0.027708595693111418  abs.Test: 0.02288842111825943  abs.TestBoundary: 0j  time: 0.8761156140826643
epoch225  rel.Train: 0.02790745434165001  rel.Test: 0.030917285680770873  abs.Test: 0.025546798855066298  abs.TestBoundary: 0j  time: 0.8794364770874381
epoch226  rel.Train: 0.02922215759754181  rel.Test: 0.04369821459054947  abs.Test: 0.03607809454202652  abs.TestBoundary: 0j  time: 0.8770155552774668
epoch227  rel.Train: 0.030474928438663482  rel.Test: 0.030295408964157104  abs.Test: 0.02503068596124649  abs.TestBoundary: 0j  time: 0.8776692119427025
epoch228  rel.Train: 0.027863497465848923  rel.Test: 0.027539739012718202  abs.Test: 0.022757670283317565  abs.TestBoundary: 0j  time: 0.8762635122984648
epoch229  rel.Train: 0.02861568847298622  rel.Test: 0.02771246701478958  abs.Test: 0.022891257107257843  abs.TestBoundary: 0j  time: 0.8768367967568338
epoch230  rel.Train: 0.02807283127307892  rel.Test: 0.02897286206483841  abs.Test: 0.023939014971256257  abs.TestBoundary: 0j  time: 0.8802272891625762
epoch231  rel.Train: 0.027833560764789583  rel.Test: 0.030048564672470093  abs.Test: 0.024830200970172883  abs.TestBoundary: 0j  time: 0.8771798526868224
epoch232  rel.Train: 0.028444196105003358  rel.Test: 0.030367241203784943  abs.Test: 0.02509810745716095  abs.TestBoundary: 0j  time: 0.8772325511090457
epoch233  rel.Train: 0.02930458402633667  rel.Test: 0.02649775743484497  abs.Test: 0.021887979507446288  abs.TestBoundary: 0j  time: 0.8772524259984493
epoch234  rel.Train: 0.026334388196468352  rel.Test: 0.028112770318984986  abs.Test: 0.02323269158601761  abs.TestBoundary: 0j  time: 0.8770100739784539
epoch235  rel.Train: 0.026473071992397307  rel.Test: 0.025894232094287872  abs.Test: 0.021397976279258726  abs.TestBoundary: 0j  time: 0.8767606886103749
epoch236  rel.Train: 0.026040175586938857  rel.Test: 0.030554347336292267  abs.Test: 0.0252273228764534  abs.TestBoundary: 0j  time: 0.879516264423728
epoch237  rel.Train: 0.027323063492774965  rel.Test: 0.028733205795288087  abs.Test: 0.023753971308469773  abs.TestBoundary: 0j  time: 0.8766138437204063
epoch238  rel.Train: 0.028594287633895873  rel.Test: 0.028244932889938356  abs.Test: 0.023332316279411316  abs.TestBoundary: 0j  time: 0.878907070029527
epoch239  rel.Train: 0.02763012832403183  rel.Test: 0.027883439064025878  abs.Test: 0.02303749233484268  abs.TestBoundary: 0j  time: 0.8763743950985372
epoch240  rel.Train: 0.026674355179071428  rel.Test: 0.029248936772346495  abs.Test: 0.024160403311252594  abs.TestBoundary: 0j  time: 0.8778492789715528
epoch241  rel.Train: 0.026284367620944975  rel.Test: 0.02799445152282715  abs.Test: 0.023116538375616072  abs.TestBoundary: 0j  time: 0.8816004758700728
epoch242  rel.Train: 0.027561671257019044  rel.Test: 0.029736756682395935  abs.Test: 0.024586252123117446  abs.TestBoundary: 0j  time: 0.8788379486650229
epoch243  rel.Train: 0.027024544596672057  rel.Test: 0.02620226964354515  abs.Test: 0.021652283817529677  abs.TestBoundary: 0j  time: 0.8776165931485593
epoch244  rel.Train: 0.02644296346604824  rel.Test: 0.029767011106014252  abs.Test: 0.02459875524044037  abs.TestBoundary: 0j  time: 0.8771400609984994
epoch245  rel.Train: 0.027066674053668974  rel.Test: 0.029876262843608857  abs.Test: 0.024707761853933335  abs.TestBoundary: 0j  time: 0.8803806058131158
epoch246  rel.Train: 0.027183698058128355  rel.Test: 0.034565044343471525  abs.Test: 0.028564602434635163  abs.TestBoundary: 0j  time: 0.8842065087519586
epoch247  rel.Train: 0.02699442806839943  rel.Test: 0.033306057155132296  abs.Test: 0.027518996596336366  abs.TestBoundary: 0j  time: 0.880002991296351
epoch248  rel.Train: 0.028444301337003708  rel.Test: 0.03817749500274658  abs.Test: 0.031558681726455685  abs.TestBoundary: 0j  time: 0.8809414473362267
epoch249  rel.Train: 0.02736157029867172  rel.Test: 0.02751599222421646  abs.Test: 0.02272992044687271  abs.TestBoundary: 0j  time: 0.8786237919703126
epoch250  rel.Train: 0.02624458858370781  rel.Test: 0.029362142980098725  abs.Test: 0.02425235316157341  abs.TestBoundary: 0j  time: 0.8798910970799625
epoch251  rel.Train: 0.026137491405010222  rel.Test: 0.02650023818016052  abs.Test: 0.021891055703163145  abs.TestBoundary: 0j  time: 0.8765669991262257
epoch252  rel.Train: 0.02457536816596985  rel.Test: 0.029615499675273896  abs.Test: 0.024456175118684767  abs.TestBoundary: 0j  time: 0.8767585433088243
epoch253  rel.Train: 0.02656494143605232  rel.Test: 0.026108078956604004  abs.Test: 0.021579355895519257  abs.TestBoundary: 0j  time: 0.8787477449513972
epoch254  rel.Train: 0.02497029662132263  rel.Test: 0.025976295471191405  abs.Test: 0.02145365685224533  abs.TestBoundary: 0j  time: 0.8799552591517568
epoch255  rel.Train: 0.02688898628950119  rel.Test: 0.025156423449516296  abs.Test: 0.02078787371516228  abs.TestBoundary: 0j  time: 0.8800633740611374
epoch256  rel.Train: 0.0248722029030323  rel.Test: 0.030132753252983095  abs.Test: 0.02489040032029152  abs.TestBoundary: 0j  time: 0.8788125119172037
epoch257  rel.Train: 0.027118428885936737  rel.Test: 0.028629025220870973  abs.Test: 0.023651562333106994  abs.TestBoundary: 0j  time: 0.8772832071408629
epoch258  rel.Train: 0.024562191605567933  rel.Test: 0.026826613247394562  abs.Test: 0.02216281458735466  abs.TestBoundary: 0j  time: 0.8793745511211455
epoch259  rel.Train: 0.024864903658628465  rel.Test: 0.025251720547676087  abs.Test: 0.02086829423904419  abs.TestBoundary: 0j  time: 0.8818765766918659
epoch260  rel.Train: 0.025484281897544862  rel.Test: 0.0323638841509819  abs.Test: 0.026739212572574615  abs.TestBoundary: 0j  time: 0.8807810572907329
epoch261  rel.Train: 0.026705825686454774  rel.Test: 0.024439053237438203  abs.Test: 0.02020193889737129  abs.TestBoundary: 0j  time: 0.8778745559975505
epoch262  rel.Train: 0.02437818068265915  rel.Test: 0.027392296493053435  abs.Test: 0.022637508809566498  abs.TestBoundary: 0j  time: 0.8774641114287078
epoch263  rel.Train: 0.024696059495210646  rel.Test: 0.024908260107040406  abs.Test: 0.020580816864967346  abs.TestBoundary: 0j  time: 0.8787210960872471
epoch264  rel.Train: 0.024330093652009964  rel.Test: 0.025964881628751754  abs.Test: 0.021465627104043962  abs.TestBoundary: 0j  time: 0.8772833691909909
epoch265  rel.Train: 0.02489781093597412  rel.Test: 0.03466955631971359  abs.Test: 0.02865804225206375  abs.TestBoundary: 0j  time: 0.8799607087858021
epoch266  rel.Train: 0.026667018249630928  rel.Test: 0.023289573639631272  abs.Test: 0.019243847876787186  abs.TestBoundary: 0j  time: 0.8796375910751522
epoch267  rel.Train: 0.025319122314453126  rel.Test: 0.03197446137666702  abs.Test: 0.026423121243715285  abs.TestBoundary: 0j  time: 0.8779086340218782
epoch268  rel.Train: 0.026073315918445587  rel.Test: 0.02593697190284729  abs.Test: 0.021436305046081544  abs.TestBoundary: 0j  time: 0.8769840649329126
epoch269  rel.Train: 0.024322139829397203  rel.Test: 0.026225113421678544  abs.Test: 0.021671617180109026  abs.TestBoundary: 0j  time: 0.8784911101683974
epoch270  rel.Train: 0.026373043328523634  rel.Test: 0.02612135112285614  abs.Test: 0.021576562821865083  abs.TestBoundary: 0j  time: 0.8767138523980975
epoch271  rel.Train: 0.023918778270483016  rel.Test: 0.024949862658977508  abs.Test: 0.02061582386493683  abs.TestBoundary: 0j  time: 0.8773666988126934
epoch272  rel.Train: 0.024597494155168532  rel.Test: 0.02560010701417923  abs.Test: 0.02115826964378357  abs.TestBoundary: 0j  time: 0.8774749985896051
epoch273  rel.Train: 0.02725938656926155  rel.Test: 0.02919908583164215  abs.Test: 0.02412904679775238  abs.TestBoundary: 0j  time: 0.8771643848158419
epoch274  rel.Train: 0.02682030911743641  rel.Test: 0.02374190226197243  abs.Test: 0.019626936316490172  abs.TestBoundary: 0j  time: 0.8788128457963467
epoch275  rel.Train: 0.024152475625276566  rel.Test: 0.023894637525081634  abs.Test: 0.019744747281074525  abs.TestBoundary: 0j  time: 0.8792232410050929
epoch276  rel.Train: 0.02438952589035034  rel.Test: 0.02602256417274475  abs.Test: 0.021506556272506715  abs.TestBoundary: 0j  time: 0.8765283199027181
epoch277  rel.Train: 0.02451524131000042  rel.Test: 0.024960220605134965  abs.Test: 0.02061721444129944  abs.TestBoundary: 0j  time: 0.8809088566340506
epoch278  rel.Train: 0.024986829668283462  rel.Test: 0.02404147982597351  abs.Test: 0.01986337125301361  abs.TestBoundary: 0j  time: 0.877719878219068
epoch279  rel.Train: 0.023395715326070786  rel.Test: 0.024913827180862425  abs.Test: 0.020581369251012803  abs.TestBoundary: 0j  time: 0.8778320387937129
epoch280  rel.Train: 0.025351210296154024  rel.Test: 0.024871448278427122  abs.Test: 0.02054848313331604  abs.TestBoundary: 0j  time: 0.8750578272156417
epoch281  rel.Train: 0.02433701840043068  rel.Test: 0.02681225836277008  abs.Test: 0.02215900778770447  abs.TestBoundary: 0j  time: 0.8787933057174087
epoch282  rel.Train: 0.023255788803100585  rel.Test: 0.02427784204483032  abs.Test: 0.020064753592014314  abs.TestBoundary: 0j  time: 0.876379522960633
epoch283  rel.Train: 0.02326548483967781  rel.Test: 0.02653703302145004  abs.Test: 0.021936455070972444  abs.TestBoundary: 0j  time: 0.8758543278090656
epoch284  rel.Train: 0.024063267275691032  rel.Test: 0.024170605838298796  abs.Test: 0.01996677726507187  abs.TestBoundary: 0j  time: 0.8762941202148795
epoch285  rel.Train: 0.024009477376937868  rel.Test: 0.03303776890039444  abs.Test: 0.027290740311145784  abs.TestBoundary: 0j  time: 0.8765141880139709
epoch286  rel.Train: 0.025456152722239493  rel.Test: 0.02606850102543831  abs.Test: 0.02154312640428543  abs.TestBoundary: 0j  time: 0.8756823418661952
epoch287  rel.Train: 0.02417288064956665  rel.Test: 0.025294308066368103  abs.Test: 0.02090621992945671  abs.TestBoundary: 0j  time: 0.8795415870845318
epoch288  rel.Train: 0.023349347069859503  rel.Test: 0.028244916200637817  abs.Test: 0.023330139368772505  abs.TestBoundary: 0j  time: 0.8783926889300346
epoch289  rel.Train: 0.024786505714058875  rel.Test: 0.02352536529302597  abs.Test: 0.019432088434696196  abs.TestBoundary: 0j  time: 0.8779941303655505
epoch290  rel.Train: 0.02282127445936203  rel.Test: 0.024371317625045776  abs.Test: 0.02014869213104248  abs.TestBoundary: 0j  time: 0.8772313189692795
epoch291  rel.Train: 0.02308908124268055  rel.Test: 0.026695915907621385  abs.Test: 0.022057687342166902  abs.TestBoundary: 0j  time: 0.8817649530246854
epoch292  rel.Train: 0.023561641842126845  rel.Test: 0.027382420003414155  abs.Test: 0.02262747898697853  abs.TestBoundary: 0j  time: 0.8772344309836626
epoch293  rel.Train: 0.026087820902466773  rel.Test: 0.02620191365480423  abs.Test: 0.021662424951791763  abs.TestBoundary: 0j  time: 0.8794681788422167
epoch294  rel.Train: 0.022722875744104386  rel.Test: 0.02508828654885292  abs.Test: 0.02072478175163269  abs.TestBoundary: 0j  time: 0.8823524145409465
epoch295  rel.Train: 0.024753305435180666  rel.Test: 0.027803414762020112  abs.Test: 0.022978669106960295  abs.TestBoundary: 0j  time: 0.8762807860039175
epoch296  rel.Train: 0.02351546084880829  rel.Test: 0.0278896664083004  abs.Test: 0.023054308146238326  abs.TestBoundary: 0j  time: 0.8801905200816691
epoch297  rel.Train: 0.023322308391332626  rel.Test: 0.027200356125831604  abs.Test: 0.022482821345329286  abs.TestBoundary: 0j  time: 0.8764566900208592
epoch298  rel.Train: 0.023566608279943467  rel.Test: 0.02387659192085266  abs.Test: 0.019733132719993593  abs.TestBoundary: 0j  time: 0.8791663176380098
epoch299  rel.Train: 0.022570391952991486  rel.Test: 0.02301131799817085  abs.Test: 0.019019421190023422  abs.TestBoundary: 0j  time: 0.8766229818575084
epoch300  rel.Train: 0.024062391489744185  rel.Test: 0.026840545982122422  abs.Test: 0.022173308730125428  abs.TestBoundary: 0j  time: 0.8769563329406083
epoch301  rel.Train: 0.023140920370817185  rel.Test: 0.022675158977508544  abs.Test: 0.018743038177490234  abs.TestBoundary: 0j  time: 0.87826918810606
epoch302  rel.Train: 0.023613874495029448  rel.Test: 0.029167285859584807  abs.Test: 0.024108350723981858  abs.TestBoundary: 0j  time: 0.8792923633009195
epoch303  rel.Train: 0.02326556387543678  rel.Test: 0.02325550317764282  abs.Test: 0.01922145187854767  abs.TestBoundary: 0j  time: 0.8768211747519672
epoch304  rel.Train: 0.022903058737516403  rel.Test: 0.02364550143480301  abs.Test: 0.01954297482967377  abs.TestBoundary: 0j  time: 0.876163518987596
epoch305  rel.Train: 0.02263385072350502  rel.Test: 0.025219209045171737  abs.Test: 0.020838746428489686  abs.TestBoundary: 0j  time: 0.8759561399929225
epoch306  rel.Train: 0.023735370680689812  rel.Test: 0.023600976318120956  abs.Test: 0.01949479877948761  abs.TestBoundary: 0j  time: 0.8785072681494057
epoch307  rel.Train: 0.022884472891688348  rel.Test: 0.02577499896287918  abs.Test: 0.021308393478393556  abs.TestBoundary: 0j  time: 0.8793730149045587
epoch308  rel.Train: 0.023095753759145736  rel.Test: 0.02417803794145584  abs.Test: 0.019971041977405547  abs.TestBoundary: 0j  time: 0.8795828600414097
epoch309  rel.Train: 0.02337231782078743  rel.Test: 0.027972371876239778  abs.Test: 0.023105432987213136  abs.TestBoundary: 0j  time: 0.8763588988222182
epoch310  rel.Train: 0.02264458093047142  rel.Test: 0.02264775037765503  abs.Test: 0.018713542819023134  abs.TestBoundary: 0j  time: 0.8766673379577696
epoch311  rel.Train: 0.023117200702428817  rel.Test: 0.028355477154254915  abs.Test: 0.023429021537303925  abs.TestBoundary: 0j  time: 0.8804462179541588
epoch312  rel.Train: 0.024617021441459656  rel.Test: 0.02799029231071472  abs.Test: 0.023128319680690766  abs.TestBoundary: 0j  time: 0.8785705277696252
epoch313  rel.Train: 0.023253673791885376  rel.Test: 0.023239981085062027  abs.Test: 0.01920478343963623  abs.TestBoundary: 0j  time: 0.8777564880438149
epoch314  rel.Train: 0.02199234949052334  rel.Test: 0.02363688975572586  abs.Test: 0.019534305930137635  abs.TestBoundary: 0j  time: 0.8771441602148116
epoch315  rel.Train: 0.021696031630039216  rel.Test: 0.023669823557138443  abs.Test: 0.01955596461892128  abs.TestBoundary: 0j  time: 0.8768108510412276
epoch316  rel.Train: 0.02242695024609566  rel.Test: 0.02441937506198883  abs.Test: 0.02017082303762436  abs.TestBoundary: 0j  time: 0.8813296896405518
epoch317  rel.Train: 0.022310873299837112  rel.Test: 0.025152605026960373  abs.Test: 0.020778862684965135  abs.TestBoundary: 0j  time: 0.8773870118893683
epoch318  rel.Train: 0.0232817485332489  rel.Test: 0.0225245963037014  abs.Test: 0.01861278936266899  abs.TestBoundary: 0j  time: 0.8767165960744023
epoch319  rel.Train: 0.021776522204279898  rel.Test: 0.02649711236357689  abs.Test: 0.021892211139202117  abs.TestBoundary: 0j  time: 0.8784518293105066
epoch320  rel.Train: 0.022520916417241098  rel.Test: 0.022584939152002336  abs.Test: 0.018663338720798492  abs.TestBoundary: 0j  time: 0.8766048718243837
epoch321  rel.Train: 0.022432010859251023  rel.Test: 0.02282338574528694  abs.Test: 0.01885824039578438  abs.TestBoundary: 0j  time: 0.8770361989736557
epoch322  rel.Train: 0.02230092877149582  rel.Test: 0.023818140029907228  abs.Test: 0.019675210118293762  abs.TestBoundary: 0j  time: 0.8794093108735979
epoch323  rel.Train: 0.021864430636167526  rel.Test: 0.023688868284225464  abs.Test: 0.01958240121603012  abs.TestBoundary: 0j  time: 0.8775823912583292
epoch324  rel.Train: 0.022317612901329994  rel.Test: 0.02266085997223854  abs.Test: 0.01872596338391304  abs.TestBoundary: 0j  time: 0.8788420171476901
epoch325  rel.Train: 0.02292103545367718  rel.Test: 0.026377936899662016  abs.Test: 0.021802874207496645  abs.TestBoundary: 0j  time: 0.8770634802058339
epoch326  rel.Train: 0.02306278905272484  rel.Test: 0.024312687516212465  abs.Test: 0.020082596093416213  abs.TestBoundary: 0j  time: 0.8771189483813941
epoch327  rel.Train: 0.023473416820168496  rel.Test: 0.02757746070623398  abs.Test: 0.022778518795967102  abs.TestBoundary: 0j  time: 0.8794449619017541
epoch328  rel.Train: 0.022195909261703492  rel.Test: 0.02197588950395584  abs.Test: 0.018160099387168883  abs.TestBoundary: 0j  time: 0.8789683086797595
epoch329  rel.Train: 0.02176947635412216  rel.Test: 0.02612383335828781  abs.Test: 0.021577216982841492  abs.TestBoundary: 0j  time: 0.8781687552109361
epoch330  rel.Train: 0.02266384233534336  rel.Test: 0.022067736238241195  abs.Test: 0.018237660825252532  abs.TestBoundary: 0j  time: 0.8787746126763523
epoch331  rel.Train: 0.02152185508608818  rel.Test: 0.023214105665683746  abs.Test: 0.019184344112873078  abs.TestBoundary: 0j  time: 0.8779448769055307
epoch332  rel.Train: 0.022968256160616873  rel.Test: 0.02401374638080597  abs.Test: 0.019852511286735534  abs.TestBoundary: 0j  time: 0.8785322988405824
epoch333  rel.Train: 0.0216662218272686  rel.Test: 0.022696186900138856  abs.Test: 0.01875498116016388  abs.TestBoundary: 0j  time: 0.8791615283116698
epoch334  rel.Train: 0.02138208717107773  rel.Test: 0.021235462129116058  abs.Test: 0.017546598464250565  abs.TestBoundary: 0j  time: 0.8792660878971219
epoch335  rel.Train: 0.021047577261924744  rel.Test: 0.023884221464395523  abs.Test: 0.019730201065540312  abs.TestBoundary: 0j  time: 0.8789345291443169
epoch336  rel.Train: 0.02217465303838253  rel.Test: 0.024146788418293  abs.Test: 0.01995423048734665  abs.TestBoundary: 0j  time: 0.8776200199499726
epoch337  rel.Train: 0.022258085787296294  rel.Test: 0.02305438622832298  abs.Test: 0.019052581042051316  abs.TestBoundary: 0j  time: 0.8811076730489731
epoch338  rel.Train: 0.021698175966739654  rel.Test: 0.023645436763763426  abs.Test: 0.0195381161570549  abs.TestBoundary: 0j  time: 0.8798902812413871
epoch339  rel.Train: 0.02157866057753563  rel.Test: 0.021828369796276094  abs.Test: 0.018041877001523973  abs.TestBoundary: 0j  time: 0.879649274982512
epoch340  rel.Train: 0.02172593480348587  rel.Test: 0.022504292726516724  abs.Test: 0.018594860285520553  abs.TestBoundary: 0j  time: 0.8789219940081239
epoch341  rel.Train: 0.02109764003753662  rel.Test: 0.021772494316101076  abs.Test: 0.01798661455512047  abs.TestBoundary: 0j  time: 0.8798307948745787
epoch342  rel.Train: 0.021182910233736037  rel.Test: 0.023878582864999772  abs.Test: 0.019738174378871917  abs.TestBoundary: 0j  time: 0.879691818729043
epoch343  rel.Train: 0.02194616010785103  rel.Test: 0.024309403151273726  abs.Test: 0.020082938820123672  abs.TestBoundary: 0j  time: 0.8785708979703486
epoch344  rel.Train: 0.021427880346775056  rel.Test: 0.022439334988594056  abs.Test: 0.018543634116649627  abs.TestBoundary: 0j  time: 0.8767365394160151
epoch345  rel.Train: 0.02172696566581726  rel.Test: 0.024117812514305115  abs.Test: 0.019934599101543427  abs.TestBoundary: 0j  time: 0.880172012373805
epoch346  rel.Train: 0.02218804509937763  rel.Test: 0.022626353204250337  abs.Test: 0.018696305006742478  abs.TestBoundary: 0j  time: 0.8800413007847965
epoch347  rel.Train: 0.021220605969429016  rel.Test: 0.02174950748682022  abs.Test: 0.01796923831105232  abs.TestBoundary: 0j  time: 0.8786843973211944
epoch348  rel.Train: 0.021721790045499803  rel.Test: 0.022876606285572053  abs.Test: 0.01891023963689804  abs.TestBoundary: 0j  time: 0.8773416401818395
epoch349  rel.Train: 0.021387285307049753  rel.Test: 0.02215027779340744  abs.Test: 0.018300404995679854  abs.TestBoundary: 0j  time: 0.8791456799954176
epoch350  rel.Train: 0.021236461594700815  rel.Test: 0.02196427047252655  abs.Test: 0.0181517893075943  abs.TestBoundary: 0j  time: 0.8800221299752593
epoch351  rel.Train: 0.02140907984972  rel.Test: 0.02103542387485504  abs.Test: 0.017381398677825927  abs.TestBoundary: 0j  time: 0.8772315001115203
epoch352  rel.Train: 0.02164076632261276  rel.Test: 0.021901056468486786  abs.Test: 0.01809439480304718  abs.TestBoundary: 0j  time: 0.8833012371324003
epoch353  rel.Train: 0.02126748189330101  rel.Test: 0.021567446887493135  abs.Test: 0.0178205007314682  abs.TestBoundary: 0j  time: 0.8772075641900301
epoch354  rel.Train: 0.021585284754633904  rel.Test: 0.027403949797153472  abs.Test: 0.022627467066049577  abs.TestBoundary: 0j  time: 0.8781987391412258
epoch355  rel.Train: 0.023165617913007735  rel.Test: 0.02418170154094696  abs.Test: 0.019982051700353623  abs.TestBoundary: 0j  time: 0.8806670210324228
epoch356  rel.Train: 0.023220248758792878  rel.Test: 0.022393236458301543  abs.Test: 0.01850183740258217  abs.TestBoundary: 0j  time: 0.8782734400592744
epoch357  rel.Train: 0.021551746666431428  rel.Test: 0.023418230414390565  abs.Test: 0.019360538125038147  abs.TestBoundary: 0j  time: 0.8784515499137342
epoch358  rel.Train: 0.021701836317777633  rel.Test: 0.02167090728878975  abs.Test: 0.017908367365598678  abs.TestBoundary: 0j  time: 0.8795516132377088
epoch359  rel.Train: 0.021865725830197334  rel.Test: 0.02120019167661667  abs.Test: 0.017517002820968627  abs.TestBoundary: 0j  time: 0.8788569387979805
epoch360  rel.Train: 0.020994268923997878  rel.Test: 0.02377730965614319  abs.Test: 0.019645779728889465  abs.TestBoundary: 0j  time: 0.8799544237554073
epoch361  rel.Train: 0.02090519979596138  rel.Test: 0.021756745874881744  abs.Test: 0.017977260053157806  abs.TestBoundary: 0j  time: 0.8785890717990696
epoch362  rel.Train: 0.021276931449770928  rel.Test: 0.02225947946310043  abs.Test: 0.018389940410852432  abs.TestBoundary: 0j  time: 0.878945650998503
epoch363  rel.Train: 0.021068459361791612  rel.Test: 0.021414833217859267  abs.Test: 0.017694265842437745  abs.TestBoundary: 0j  time: 0.8764977375976741
epoch364  rel.Train: 0.02051460427045822  rel.Test: 0.020805363804101945  abs.Test: 0.01719059228897095  abs.TestBoundary: 0j  time: 0.8810517489910126
epoch365  rel.Train: 0.020377888411283494  rel.Test: 0.02211149498820305  abs.Test: 0.01827754721045494  abs.TestBoundary: 0j  time: 0.8805574448779225
epoch366  rel.Train: 0.020701694086194038  rel.Test: 0.0220967561006546  abs.Test: 0.018259100764989853  abs.TestBoundary: 0j  time: 0.8811689601279795
epoch367  rel.Train: 0.020942730903625487  rel.Test: 0.022613758295774458  abs.Test: 0.01868912398815155  abs.TestBoundary: 0j  time: 0.8830256010405719
epoch368  rel.Train: 0.020939272344112397  rel.Test: 0.022707583606243132  abs.Test: 0.018753460496664046  abs.TestBoundary: 0j  time: 0.8775979210622609
epoch369  rel.Train: 0.02112676402926445  rel.Test: 0.022817392796278  abs.Test: 0.018855401426553727  abs.TestBoundary: 0j  time: 0.8774730539880693
epoch370  rel.Train: 0.020539282590150833  rel.Test: 0.02250257581472397  abs.Test: 0.01858918637037277  abs.TestBoundary: 0j  time: 0.8778860168531537
epoch371  rel.Train: 0.020399191081523896  rel.Test: 0.021576102524995804  abs.Test: 0.01783060684800148  abs.TestBoundary: 0j  time: 0.8764407122507691
epoch372  rel.Train: 0.020284488528966905  rel.Test: 0.021478433907032014  abs.Test: 0.017749359905719755  abs.TestBoundary: 0j  time: 0.8770189238712192
epoch373  rel.Train: 0.020508950114250184  rel.Test: 0.021438377201557158  abs.Test: 0.017713888734579086  abs.TestBoundary: 0j  time: 0.8781462055630982
epoch374  rel.Train: 0.020487462013959883  rel.Test: 0.020823244452476502  abs.Test: 0.017205241322517394  abs.TestBoundary: 0j  time: 0.8807860561646521
epoch375  rel.Train: 0.020305084601044656  rel.Test: 0.02187076777219772  abs.Test: 0.018074545562267303  abs.TestBoundary: 0j  time: 0.8776558269746602
epoch376  rel.Train: 0.0204390114992857  rel.Test: 0.021383888125419616  abs.Test: 0.017669764161109925  abs.TestBoundary: 0j  time: 0.8781740688718855
epoch377  rel.Train: 0.02044057008624077  rel.Test: 0.02109312042593956  abs.Test: 0.01742600545287132  abs.TestBoundary: 0j  time: 0.8797801728360355
epoch378  rel.Train: 0.019928924947977066  rel.Test: 0.020517805218696596  abs.Test: 0.016953422725200652  abs.TestBoundary: 0j  time: 0.8782697264105082
epoch379  rel.Train: 0.019873691111803055  rel.Test: 0.020582768619060516  abs.Test: 0.017010899782180785  abs.TestBoundary: 0j  time: 0.8782407427206635
epoch380  rel.Train: 0.0205428768992424  rel.Test: 0.021940829157829286  abs.Test: 0.01812809854745865  abs.TestBoundary: 0j  time: 0.8780198725871742
epoch381  rel.Train: 0.02021298924088478  rel.Test: 0.020791271328926088  abs.Test: 0.017180903255939482  abs.TestBoundary: 0j  time: 0.8770758202299476
epoch382  rel.Train: 0.020049304902553557  rel.Test: 0.02254502609372139  abs.Test: 0.018624689280986786  abs.TestBoundary: 0j  time: 0.8776871860027313
epoch383  rel.Train: 0.02039567846059799  rel.Test: 0.021119146049022673  abs.Test: 0.01744509607553482  abs.TestBoundary: 0j  time: 0.8780045257881284
epoch384  rel.Train: 0.020491850316524507  rel.Test: 0.02129843518137932  abs.Test: 0.017597074657678603  abs.TestBoundary: 0j  time: 0.8799683689139783
epoch385  rel.Train: 0.0205616554915905  rel.Test: 0.02064211219549179  abs.Test: 0.01705563336610794  abs.TestBoundary: 0j  time: 0.8800490009598434
epoch386  rel.Train: 0.01978079694509506  rel.Test: 0.020867445021867752  abs.Test: 0.017239847332239152  abs.TestBoundary: 0j  time: 0.8780937558040023
epoch387  rel.Train: 0.019906416177749634  rel.Test: 0.021118016690015794  abs.Test: 0.017450415194034577  abs.TestBoundary: 0j  time: 0.8792246971279383
epoch388  rel.Train: 0.019884882390499115  rel.Test: 0.021345863044261934  abs.Test: 0.017636765390634537  abs.TestBoundary: 0j  time: 0.8849440049380064
epoch389  rel.Train: 0.020269560873508452  rel.Test: 0.020402391850948335  abs.Test: 0.016860734671354294  abs.TestBoundary: 0j  time: 0.8786794319748878
epoch390  rel.Train: 0.01996356976032257  rel.Test: 0.020801978707313536  abs.Test: 0.017190469950437545  abs.TestBoundary: 0j  time: 0.880886900704354
epoch391  rel.Train: 0.020022735744714738  rel.Test: 0.020725389868021013  abs.Test: 0.017126528173685075  abs.TestBoundary: 0j  time: 0.8800159590318799
epoch392  rel.Train: 0.020141670703887938  rel.Test: 0.020549439489841462  abs.Test: 0.016980161517858507  abs.TestBoundary: 0j  time: 0.8801581938751042
epoch393  rel.Train: 0.019612833201885223  rel.Test: 0.02208301305770874  abs.Test: 0.018246409744024278  abs.TestBoundary: 0j  time: 0.877092557027936
epoch394  rel.Train: 0.02038004270195961  rel.Test: 0.02048107922077179  abs.Test: 0.01692222535610199  abs.TestBoundary: 0j  time: 0.8870722008869052
epoch395  rel.Train: 0.019989276975393294  rel.Test: 0.021011770963668824  abs.Test: 0.017364162802696228  abs.TestBoundary: 0j  time: 0.877489763777703
epoch396  rel.Train: 0.01993953427672386  rel.Test: 0.02122229903936386  abs.Test: 0.017533230632543563  abs.TestBoundary: 0j  time: 0.8795042270794511
epoch397  rel.Train: 0.02032022476196289  rel.Test: 0.023931454718112945  abs.Test: 0.01977935940027237  abs.TestBoundary: 0j  time: 0.8798483880236745
epoch398  rel.Train: 0.020793496385216714  rel.Test: 0.02044557958841324  abs.Test: 0.016893876343965532  abs.TestBoundary: 0j  time: 0.8802492548711598
epoch399  rel.Train: 0.01972369895875454  rel.Test: 0.020241117924451827  abs.Test: 0.016725376695394516  abs.TestBoundary: 0j  time: 0.8826371571049094
epoch400  rel.Train: 0.02013749298453331  rel.Test: 0.021014544665813446  abs.Test: 0.01736381113529205  abs.TestBoundary: 0j  time: 0.8788873217999935
epoch401  rel.Train: 0.019878701210021974  rel.Test: 0.020391466617584227  abs.Test: 0.01684895783662796  abs.TestBoundary: 0j  time: 0.878328510094434
epoch402  rel.Train: 0.019688297674059867  rel.Test: 0.020565189123153686  abs.Test: 0.016993977278470993  abs.TestBoundary: 0j  time: 0.8815707131288946
epoch403  rel.Train: 0.01976337569952011  rel.Test: 0.0211177721619606  abs.Test: 0.01745246782898903  abs.TestBoundary: 0j  time: 0.8786552767269313
epoch404  rel.Train: 0.01945600961148739  rel.Test: 0.020287544131278992  abs.Test: 0.016765279322862627  abs.TestBoundary: 0j  time: 0.8803470050916076
epoch405  rel.Train: 0.019421616405248643  rel.Test: 0.02053723856806755  abs.Test: 0.016972519159317016  abs.TestBoundary: 0j  time: 0.8767994749359787
epoch406  rel.Train: 0.0195347258746624  rel.Test: 0.021308370381593705  abs.Test: 0.017602877020835878  abs.TestBoundary: 0j  time: 0.8788991933688521
epoch407  rel.Train: 0.019859486758708952  rel.Test: 0.020351762175559996  abs.Test: 0.016816349625587465  abs.TestBoundary: 0j  time: 0.8779237461276352
epoch408  rel.Train: 0.01940160584449768  rel.Test: 0.02028800219297409  abs.Test: 0.016766378581523897  abs.TestBoundary: 0j  time: 0.8767693666741252
epoch409  rel.Train: 0.019943159848451613  rel.Test: 0.020361894667148592  abs.Test: 0.016822707056999207  abs.TestBoundary: 0j  time: 0.8773248842917383
epoch410  rel.Train: 0.019501128911972046  rel.Test: 0.020637030005455016  abs.Test: 0.0170534785091877  abs.TestBoundary: 0j  time: 0.8774873549118638
epoch411  rel.Train: 0.01949577447772026  rel.Test: 0.02165686249732971  abs.Test: 0.0179009485244751  abs.TestBoundary: 0j  time: 0.8768332870677114
epoch412  rel.Train: 0.019741145491600037  rel.Test: 0.021703198850154877  abs.Test: 0.017929591238498688  abs.TestBoundary: 0j  time: 0.8796535967849195
epoch413  rel.Train: 0.01972924815118313  rel.Test: 0.020645985454320906  abs.Test: 0.017056794911623  abs.TestBoundary: 0j  time: 0.8769382773898542
epoch414  rel.Train: 0.019533172756433487  rel.Test: 0.02078246608376503  abs.Test: 0.017168713063001634  abs.TestBoundary: 0j  time: 0.8768063471652567
epoch415  rel.Train: 0.019465208530426024  rel.Test: 0.020321793258190154  abs.Test: 0.01679094523191452  abs.TestBoundary: 0j  time: 0.8772752499207854
epoch416  rel.Train: 0.019382324397563936  rel.Test: 0.02017449587583542  abs.Test: 0.016671361327171327  abs.TestBoundary: 0j  time: 0.8781671426258981
epoch417  rel.Train: 0.019272008538246156  rel.Test: 0.02160022348165512  abs.Test: 0.017849823981523513  abs.TestBoundary: 0j  time: 0.8777779098600149
epoch418  rel.Train: 0.019702872708439827  rel.Test: 0.020526138544082643  abs.Test: 0.016963275074958803  abs.TestBoundary: 0j  time: 0.8763707061298192
epoch419  rel.Train: 0.01955885088443756  rel.Test: 0.020957029908895492  abs.Test: 0.01731401890516281  abs.TestBoundary: 0j  time: 0.8770344434306026
epoch420  rel.Train: 0.019895853519439698  rel.Test: 0.020609854608774184  abs.Test: 0.01702626407146454  abs.TestBoundary: 0j  time: 0.8771569160744548
epoch421  rel.Train: 0.01975659550726414  rel.Test: 0.020442183017730712  abs.Test: 0.016890493035316468  abs.TestBoundary: 0j  time: 0.8763053799048066
epoch422  rel.Train: 0.01951795807480812  rel.Test: 0.02025742769241333  abs.Test: 0.01674072951078415  abs.TestBoundary: 0j  time: 0.8760827099904418
epoch423  rel.Train: 0.0195706407725811  rel.Test: 0.020226016342639923  abs.Test: 0.016709903627634047  abs.TestBoundary: 0j  time: 0.8776588630862534
epoch424  rel.Train: 0.019723070472478867  rel.Test: 0.020067908316850663  abs.Test: 0.01658349946141243  abs.TestBoundary: 0j  time: 0.8781658262014389
epoch425  rel.Train: 0.01958722297847271  rel.Test: 0.02033836394548416  abs.Test: 0.01680615872144699  abs.TestBoundary: 0j  time: 0.8779822927899659
epoch426  rel.Train: 0.01938958728313446  rel.Test: 0.020012629926204683  abs.Test: 0.01653730496764183  abs.TestBoundary: 0j  time: 0.8790616039186716
epoch427  rel.Train: 0.019057347074151038  rel.Test: 0.02036454513669014  abs.Test: 0.016825077384710313  abs.TestBoundary: 0j  time: 0.8780777198262513
epoch428  rel.Train: 0.019670576199889184  rel.Test: 0.02129286974668503  abs.Test: 0.01759916216135025  abs.TestBoundary: 0j  time: 0.877895297948271
epoch429  rel.Train: 0.019790532097220422  rel.Test: 0.020816042125225066  abs.Test: 0.017198057621717455  abs.TestBoundary: 0j  time: 0.8763184258714318
epoch430  rel.Train: 0.01928930924832821  rel.Test: 0.02002286583185196  abs.Test: 0.016545069366693498  abs.TestBoundary: 0j  time: 0.8768804338760674
epoch431  rel.Train: 0.01920396217703819  rel.Test: 0.019957424998283388  abs.Test: 0.016490160077810286  abs.TestBoundary: 0j  time: 0.8776320060715079
epoch432  rel.Train: 0.019119577258825304  rel.Test: 0.019897001087665556  abs.Test: 0.016442101746797562  abs.TestBoundary: 0j  time: 0.8775085569359362
epoch433  rel.Train: 0.01924526859819889  rel.Test: 0.019978438317775727  abs.Test: 0.01650769829750061  abs.TestBoundary: 0j  time: 0.8780647930689156
epoch434  rel.Train: 0.019098873794078826  rel.Test: 0.02000057190656662  abs.Test: 0.016526511907577514  abs.TestBoundary: 0j  time: 0.8778398791328073
epoch435  rel.Train: 0.01930823853611946  rel.Test: 0.020040092319250108  abs.Test: 0.016559624671936037  abs.TestBoundary: 0j  time: 0.876333205960691
epoch436  rel.Train: 0.019292559936642646  rel.Test: 0.02004875048995018  abs.Test: 0.01656597763299942  abs.TestBoundary: 0j  time: 0.8772339639253914
epoch437  rel.Train: 0.019185982704162597  rel.Test: 0.020262827575206758  abs.Test: 0.016743234395980834  abs.TestBoundary: 0j  time: 0.8773840749636292
epoch438  rel.Train: 0.019027705356478693  rel.Test: 0.019979956448078155  abs.Test: 0.016505527943372726  abs.TestBoundary: 0j  time: 0.876663972157985
epoch439  rel.Train: 0.019040234237909317  rel.Test: 0.019875378608703614  abs.Test: 0.01642156735062599  abs.TestBoundary: 0j  time: 0.8819626122713089
epoch440  rel.Train: 0.0192383591234684  rel.Test: 0.020576444864273073  abs.Test: 0.017004852741956712  abs.TestBoundary: 0j  time: 0.8789637419395149
epoch441  rel.Train: 0.019079602479934694  rel.Test: 0.01988107234239578  abs.Test: 0.016428334414958955  abs.TestBoundary: 0j  time: 0.8761945609003305
epoch442  rel.Train: 0.018873648062348366  rel.Test: 0.01975511759519577  abs.Test: 0.016322678625583648  abs.TestBoundary: 0j  time: 0.8765501426532865
epoch443  rel.Train: 0.01889489884674549  rel.Test: 0.019798832535743712  abs.Test: 0.016359679400920868  abs.TestBoundary: 0j  time: 0.8758415062911808
epoch444  rel.Train: 0.01878012804687023  rel.Test: 0.019878918826580046  abs.Test: 0.016427368223667145  abs.TestBoundary: 0j  time: 0.8781252657063305
epoch445  rel.Train: 0.018993189051747322  rel.Test: 0.01996464788913727  abs.Test: 0.016496455222368242  abs.TestBoundary: 0j  time: 0.8759209178388119
epoch446  rel.Train: 0.018974286124110222  rel.Test: 0.020006510019302367  abs.Test: 0.016532876640558244  abs.TestBoundary: 0j  time: 0.8796701417304575
epoch447  rel.Train: 0.018929558873176575  rel.Test: 0.019821582436561583  abs.Test: 0.016378322839736937  abs.TestBoundary: 0j  time: 0.8793322569690645
epoch448  rel.Train: 0.01887390983104706  rel.Test: 0.02012360990047455  abs.Test: 0.016628091335296632  abs.TestBoundary: 0j  time: 0.879164848010987
epoch449  rel.Train: 0.018933835327625274  rel.Test: 0.019860017597675323  abs.Test: 0.016412204355001448  abs.TestBoundary: 0j  time: 0.8794756326824427
epoch450  rel.Train: 0.01880937625467777  rel.Test: 0.019863008260726928  abs.Test: 0.016411284655332564  abs.TestBoundary: 0j  time: 0.8803649982437491
epoch451  rel.Train: 0.018833778351545333  rel.Test: 0.01981517642736435  abs.Test: 0.01637294813990593  abs.TestBoundary: 0j  time: 0.8766320920549333
epoch452  rel.Train: 0.01891313049197197  rel.Test: 0.019842055141925812  abs.Test: 0.01639503479003906  abs.TestBoundary: 0j  time: 0.8785497010685503
epoch453  rel.Train: 0.01875474813580513  rel.Test: 0.019715412706136703  abs.Test: 0.01629124000668526  abs.TestBoundary: 0j  time: 0.8777178120799363
epoch454  rel.Train: 0.018917515605688096  rel.Test: 0.019952540397644044  abs.Test: 0.016488844603300093  abs.TestBoundary: 0j  time: 0.8805210520513356
epoch455  rel.Train: 0.018874000027775763  rel.Test: 0.019689505100250245  abs.Test: 0.016269390881061555  abs.TestBoundary: 0j  time: 0.877467246260494
epoch456  rel.Train: 0.018914938777685165  rel.Test: 0.020182975232601166  abs.Test: 0.01667552575469017  abs.TestBoundary: 0j  time: 0.8803025633096695
epoch457  rel.Train: 0.018883193969726562  rel.Test: 0.019843422919511796  abs.Test: 0.01639773905277252  abs.TestBoundary: 0j  time: 0.8755676890723407
epoch458  rel.Train: 0.018758530080318452  rel.Test: 0.019674355536699294  abs.Test: 0.016257178634405137  abs.TestBoundary: 0j  time: 0.8773340745829046
epoch459  rel.Train: 0.018712410062551497  rel.Test: 0.01968893826007843  abs.Test: 0.01626973778009415  abs.TestBoundary: 0j  time: 0.8814207599498332
epoch460  rel.Train: 0.018840765982866287  rel.Test: 0.019672017097473144  abs.Test: 0.01625463515520096  abs.TestBoundary: 0j  time: 0.8790542031638324
epoch461  rel.Train: 0.018820941239595414  rel.Test: 0.019755685925483702  abs.Test: 0.016322573572397234  abs.TestBoundary: 0j  time: 0.8798254090361297
epoch462  rel.Train: 0.018735593304038047  rel.Test: 0.019689741432666778  abs.Test: 0.01627008303999901  abs.TestBoundary: 0j  time: 0.8802400808781385
epoch463  rel.Train: 0.018675758093595504  rel.Test: 0.019629883170127867  abs.Test: 0.016219520866870882  abs.TestBoundary: 0j  time: 0.8766383086331189
epoch464  rel.Train: 0.018674522668123247  rel.Test: 0.01967797175049782  abs.Test: 0.01626040056347847  abs.TestBoundary: 0j  time: 0.8770707412622869
epoch465  rel.Train: 0.018649320602416992  rel.Test: 0.0196254363656044  abs.Test: 0.016216835379600524  abs.TestBoundary: 0j  time: 0.8783455439843237
epoch466  rel.Train: 0.018663735926151274  rel.Test: 0.019623667299747467  abs.Test: 0.01621398776769638  abs.TestBoundary: 0j  time: 0.8771520140580833
epoch467  rel.Train: 0.01877005809545517  rel.Test: 0.01963185325264931  abs.Test: 0.016221352219581604  abs.TestBoundary: 0j  time: 0.8786807511933148
epoch468  rel.Train: 0.018783356100320815  rel.Test: 0.01978853017091751  abs.Test: 0.016351089626550675  abs.TestBoundary: 0j  time: 0.8774689859710634
epoch469  rel.Train: 0.018884808272123337  rel.Test: 0.01971283704042435  abs.Test: 0.016289596110582352  abs.TestBoundary: 0j  time: 0.8771303687244654
epoch470  rel.Train: 0.018671345204114915  rel.Test: 0.019673937261104585  abs.Test: 0.016257216334342958  abs.TestBoundary: 0j  time: 0.8765077400021255
epoch471  rel.Train: 0.018752408400177955  rel.Test: 0.019737683683633805  abs.Test: 0.016310216188430787  abs.TestBoundary: 0j  time: 0.8787714000791311
epoch472  rel.Train: 0.018667645812034606  rel.Test: 0.019659225195646286  abs.Test: 0.016244818270206452  abs.TestBoundary: 0j  time: 0.8768780492246151
epoch473  rel.Train: 0.018717055261135103  rel.Test: 0.01966530293226242  abs.Test: 0.016250289678573608  abs.TestBoundary: 0j  time: 0.8805207991972566
epoch474  rel.Train: 0.0186165781468153  rel.Test: 0.01963659539818764  abs.Test: 0.016225610673427582  abs.TestBoundary: 0j  time: 0.8776302337646484
epoch475  rel.Train: 0.018600764974951743  rel.Test: 0.01982287347316742  abs.Test: 0.01638052746653557  abs.TestBoundary: 0j  time: 0.8771876958198845
epoch476  rel.Train: 0.018709793627262116  rel.Test: 0.019684252738952638  abs.Test: 0.016265896856784822  abs.TestBoundary: 0j  time: 0.8788444539532065
epoch477  rel.Train: 0.01860544276237488  rel.Test: 0.019628984928131102  abs.Test: 0.016219927072525023  abs.TestBoundary: 0j  time: 0.8780010417103767
epoch478  rel.Train: 0.01864135178923607  rel.Test: 0.019708005785942076  abs.Test: 0.016285344511270523  abs.TestBoundary: 0j  time: 0.8769714431837201
epoch479  rel.Train: 0.018585604041814804  rel.Test: 0.019589312076568603  abs.Test: 0.016186429262161253  abs.TestBoundary: 0j  time: 0.876358306966722
epoch480  rel.Train: 0.018594781205058097  rel.Test: 0.01959225282073021  abs.Test: 0.016189106106758118  abs.TestBoundary: 0j  time: 0.8838990801014006
epoch481  rel.Train: 0.018608222976326944  rel.Test: 0.019585279524326326  abs.Test: 0.016183668524026872  abs.TestBoundary: 0j  time: 0.8769912659190595
epoch482  rel.Train: 0.018583884060382843  rel.Test: 0.019566454142332077  abs.Test: 0.016167648881673814  abs.TestBoundary: 0j  time: 0.8786268159747124
epoch483  rel.Train: 0.018592180982232094  rel.Test: 0.019609964787960052  abs.Test: 0.016203566789627075  abs.TestBoundary: 0j  time: 0.8819178710691631
epoch484  rel.Train: 0.018608819112181662  rel.Test: 0.019620655328035353  abs.Test: 0.016212287545204162  abs.TestBoundary: 0j  time: 0.8793815919198096
epoch485  rel.Train: 0.018639735385775565  rel.Test: 0.01959995210170746  abs.Test: 0.016195594370365142  abs.TestBoundary: 0j  time: 0.8801120440475643
epoch486  rel.Train: 0.018581155732274056  rel.Test: 0.01954090029001236  abs.Test: 0.016146376579999924  abs.TestBoundary: 0j  time: 0.8779132878407836
epoch487  rel.Train: 0.018562216728925704  rel.Test: 0.01958142429590225  abs.Test: 0.01617984354496002  abs.TestBoundary: 0j  time: 0.8772875498980284
epoch488  rel.Train: 0.018587651550769805  rel.Test: 0.019532256722450257  abs.Test: 0.016139335185289382  abs.TestBoundary: 0j  time: 0.880244635976851
epoch489  rel.Train: 0.01858108255267143  rel.Test: 0.019615906476974487  abs.Test: 0.01620901882648468  abs.TestBoundary: 0j  time: 0.8764953822828829
epoch490  rel.Train: 0.018554762080311774  rel.Test: 0.019548762142658233  abs.Test: 0.016153247356414796  abs.TestBoundary: 0j  time: 0.8768868921324611
epoch491  rel.Train: 0.018556695908308028  rel.Test: 0.01955907464027405  abs.Test: 0.0161617873609066  abs.TestBoundary: 0j  time: 0.8797556660138071
epoch492  rel.Train: 0.018563279345631598  rel.Test: 0.01957324206829071  abs.Test: 0.016173722743988036  abs.TestBoundary: 0j  time: 0.8773881029337645
epoch493  rel.Train: 0.018572722971439363  rel.Test: 0.019556141197681426  abs.Test: 0.016159439533948897  abs.TestBoundary: 0j  time: 0.8768072626553476
epoch494  rel.Train: 0.01854581804573536  rel.Test: 0.01955396041274071  abs.Test: 0.016157718002796174  abs.TestBoundary: 0j  time: 0.8821041020564735
epoch495  rel.Train: 0.01853593063354492  rel.Test: 0.01953994795680046  abs.Test: 0.01614599198102951  abs.TestBoundary: 0j  time: 0.8791442364454269
epoch496  rel.Train: 0.0185673545897007  rel.Test: 0.019549012184143066  abs.Test: 0.016153517216444015  abs.TestBoundary: 0j  time: 0.8800840517506003
epoch497  rel.Train: 0.018562291890382766  rel.Test: 0.019567817598581314  abs.Test: 0.016168862879276276  abs.TestBoundary: 0j  time: 0.8789184270426631
epoch498  rel.Train: 0.01855498716235161  rel.Test: 0.019545739889144896  abs.Test: 0.016150415241718293  abs.TestBoundary: 0j  time: 0.8799566798843443
epoch499  rel.Train: 0.018572903871536255  rel.Test: 0.019571219682693482  abs.Test: 0.016171411275863648  abs.TestBoundary: 0j  time: 0.8791233231313527
