original data: in (2490, 221, 51, 2) out (2490, 221, 51)
used data: x_train (1000, 11271, 4) y_train (1000, 11271, 1) x_test (200, 11271, 4) y_test (200, 11271, 1)
############################################################ config of data ############################################################
L: 1.0
downsample_ratio: 1
n_train: 1000
n_test: 200
pca_include_input: False
pca_include_grid: False
should_include_F: False
should_flatten: True
should_compute_bases: True
############################################################ config of model ############################################################
in_dim: 4
out_dim: 1
fc_channels: 128
layer_channels: [64, 64, 64, 64, 64]
layer_types: ['GalerkinConv', 'GalerkinConv', 'GalerkinConv', 'GalerkinConv']
act: gelu
should_residual: [False, False, False, False]
modes_gk: [64, 64, 64, 64]
bases_types: ['fourier', 'fourier', 'fourier', 'fourier']
wbases_types: ['fourier', 'fourier', 'fourier', 'fourier']
green_types: ['HierLrGreen', 'HierLrGreen', 'HierLrGreen', 'HierLrGreen']
ranks_h: [1, 1, 1, 1]
levels: [4, 4, 4, 4]
ranks_d: [2, 2, 2, 2]
heads: [4, 4, 4, 4]
############################################################ config of train ############################################################
device: cuda
normalization_x: True
normalization_y: True
normalization_dim: []
epochs: 500
batch_size: 30
scheduler: OneCycleLR
base_lr: 0.001
weight_decay: 0.0001
milestones: None
scheduler_gamma: None
############################################################ Start Training ############################################################
number of parameters is 156481
no boundary loss
epoch0  rel.Train: 0.15925035667419435  rel.Test: 0.1525355339050293  abs.Test: 0.12615860462188722  abs.TestBoundary: 0j  time: 1.4744631187058985
epoch1  rel.Train: 0.14967612814903258  rel.Test: 0.12811653256416322  abs.Test: 0.10592923045158387  abs.TestBoundary: 0j  time: 0.8638065098784864
epoch2  rel.Train: 0.1179448802471161  rel.Test: 0.10967997550964355  abs.Test: 0.09066676557064056  abs.TestBoundary: 0j  time: 0.8634720351547003
epoch3  rel.Train: 0.10994662368297577  rel.Test: 0.1052836686372757  abs.Test: 0.08704387426376342  abs.TestBoundary: 0j  time: 0.8652145750820637
epoch4  rel.Train: 0.10699196922779083  rel.Test: 0.10279018044471741  abs.Test: 0.08499662220478058  abs.TestBoundary: 0j  time: 0.862445536069572
epoch5  rel.Train: 0.10454021799564361  rel.Test: 0.10069574415683746  abs.Test: 0.08327191829681396  abs.TestBoundary: 0j  time: 0.8619787562638521
epoch6  rel.Train: 0.10320157504081726  rel.Test: 0.09963282942771912  abs.Test: 0.08239300608634949  abs.TestBoundary: 0j  time: 0.8639676850289106
epoch7  rel.Train: 0.10242364776134491  rel.Test: 0.09910098552703857  abs.Test: 0.08196157574653626  abs.TestBoundary: 0j  time: 0.863380036316812
epoch8  rel.Train: 0.10201511359214782  rel.Test: 0.09901005744934083  abs.Test: 0.08187453150749206  abs.TestBoundary: 0j  time: 0.8635667129419744
epoch9  rel.Train: 0.101695849776268  rel.Test: 0.0991175925731659  abs.Test: 0.0819521588087082  abs.TestBoundary: 0j  time: 0.8629695009440184
epoch10  rel.Train: 0.10140434002876282  rel.Test: 0.09844156682491302  abs.Test: 0.08140355467796326  abs.TestBoundary: 0j  time: 0.8619449976831675
epoch11  rel.Train: 0.10129217374324799  rel.Test: 0.09863189220428467  abs.Test: 0.08155132591724396  abs.TestBoundary: 0j  time: 0.862633662763983
epoch12  rel.Train: 0.10117015767097473  rel.Test: 0.09842432796955108  abs.Test: 0.08138861536979675  abs.TestBoundary: 0j  time: 0.8640568512491882
epoch13  rel.Train: 0.10110428828001022  rel.Test: 0.09811876773834229  abs.Test: 0.08113979578018188  abs.TestBoundary: 0j  time: 0.8623887379653752
epoch14  rel.Train: 0.10097880113124848  rel.Test: 0.09821633458137512  abs.Test: 0.08121361911296844  abs.TestBoundary: 0j  time: 0.8622254342772067
epoch15  rel.Train: 0.10092500054836273  rel.Test: 0.09787530899047851  abs.Test: 0.08094966173171997  abs.TestBoundary: 0j  time: 0.8633843651041389
epoch16  rel.Train: 0.1008128041625023  rel.Test: 0.09778113186359405  abs.Test: 0.08087636709213257  abs.TestBoundary: 0j  time: 0.8672297662124038
epoch17  rel.Train: 0.1009518284201622  rel.Test: 0.09797667264938355  abs.Test: 0.08102414846420287  abs.TestBoundary: 0j  time: 0.8667474612593651
epoch18  rel.Train: 0.10099023520946503  rel.Test: 0.09809706211090088  abs.Test: 0.08113157212734222  abs.TestBoundary: 0j  time: 0.8875371119938791
epoch19  rel.Train: 0.10080533349514008  rel.Test: 0.09814641475677491  abs.Test: 0.08115673899650573  abs.TestBoundary: 0j  time: 0.8688371810130775
epoch20  rel.Train: 0.10067350018024444  rel.Test: 0.09768197357654572  abs.Test: 0.08078458786010742  abs.TestBoundary: 0j  time: 0.8630875148810446
epoch21  rel.Train: 0.10063685393333435  rel.Test: 0.09803462684154511  abs.Test: 0.08106462597846985  abs.TestBoundary: 0j  time: 0.8714826321229339
epoch22  rel.Train: 0.10070134282112121  rel.Test: 0.09844948887825013  abs.Test: 0.08139416515827179  abs.TestBoundary: 0j  time: 0.8671356867998838
epoch23  rel.Train: 0.10065794777870178  rel.Test: 0.09746933579444886  abs.Test: 0.08061230719089509  abs.TestBoundary: 0j  time: 0.8675362882204354
epoch24  rel.Train: 0.10053744983673096  rel.Test: 0.09748746871948243  abs.Test: 0.08062765955924987  abs.TestBoundary: 0j  time: 0.8667867346666753
epoch25  rel.Train: 0.10067143595218658  rel.Test: 0.09765668451786041  abs.Test: 0.08076478779315949  abs.TestBoundary: 0j  time: 0.8655362627469003
epoch26  rel.Train: 0.10053592658042908  rel.Test: 0.09739532470703124  abs.Test: 0.08055676996707917  abs.TestBoundary: 0j  time: 0.865783007349819
epoch27  rel.Train: 0.10057255017757416  rel.Test: 0.09768118023872376  abs.Test: 0.08078861236572266  abs.TestBoundary: 0j  time: 0.8658542628400028
epoch28  rel.Train: 0.10068359690904617  rel.Test: 0.09734402775764465  abs.Test: 0.08051798462867737  abs.TestBoundary: 0j  time: 0.8673322098329663
epoch29  rel.Train: 0.10043796128034592  rel.Test: 0.09739015579223632  abs.Test: 0.08055072844028473  abs.TestBoundary: 0j  time: 0.8657803228124976
epoch30  rel.Train: 0.10060211336612701  rel.Test: 0.09793067514896393  abs.Test: 0.08097263336181641  abs.TestBoundary: 0j  time: 0.866147970315069
epoch31  rel.Train: 0.100529758810997  rel.Test: 0.09737475872039796  abs.Test: 0.08053298592567444  abs.TestBoundary: 0j  time: 0.8657386340200901
epoch32  rel.Train: 0.10044060611724853  rel.Test: 0.09800604224205017  abs.Test: 0.08103562235832214  abs.TestBoundary: 0j  time: 0.8667463269084692
epoch33  rel.Train: 0.10081849104166031  rel.Test: 0.09788363099098206  abs.Test: 0.08093373537063599  abs.TestBoundary: 0j  time: 0.8660658379085362
epoch34  rel.Train: 0.10059877622127533  rel.Test: 0.09743483185768127  abs.Test: 0.08059641718864441  abs.TestBoundary: 0j  time: 0.867243540007621
epoch35  rel.Train: 0.10045968163013458  rel.Test: 0.09762311458587647  abs.Test: 0.08073196053504944  abs.TestBoundary: 0j  time: 0.8660894748754799
epoch36  rel.Train: 0.10048040401935578  rel.Test: 0.09737720370292663  abs.Test: 0.08055094957351684  abs.TestBoundary: 0j  time: 0.8656433848664165
epoch37  rel.Train: 0.10066315817832946  rel.Test: 0.09780467092990876  abs.Test: 0.08090140461921692  abs.TestBoundary: 0j  time: 0.8670239453203976
epoch38  rel.Train: 0.1005717761516571  rel.Test: 0.09750698626041412  abs.Test: 0.08063653349876404  abs.TestBoundary: 0j  time: 0.8661742289550602
epoch39  rel.Train: 0.1003481023311615  rel.Test: 0.09779884338378907  abs.Test: 0.08086764395236969  abs.TestBoundary: 0j  time: 0.8680441346950829
epoch40  rel.Train: 0.10037479138374329  rel.Test: 0.09734804272651672  abs.Test: 0.08051830410957336  abs.TestBoundary: 0j  time: 0.8668047008104622
epoch41  rel.Train: 0.10055848336219787  rel.Test: 0.09753137826919556  abs.Test: 0.08066792905330658  abs.TestBoundary: 0j  time: 0.8665136839263141
epoch42  rel.Train: 0.10058065986633301  rel.Test: 0.09829299926757812  abs.Test: 0.08126911759376526  abs.TestBoundary: 0j  time: 0.8664186457172036
epoch43  rel.Train: 0.10047303056716919  rel.Test: 0.09813445091247558  abs.Test: 0.08113606870174409  abs.TestBoundary: 0j  time: 0.8657601051963866
epoch44  rel.Train: 0.10060084259510041  rel.Test: 0.09732085347175598  abs.Test: 0.08049457132816315  abs.TestBoundary: 0j  time: 0.8669180450960994
epoch45  rel.Train: 0.10045401525497437  rel.Test: 0.0981748914718628  abs.Test: 0.08117174208164216  abs.TestBoundary: 0j  time: 0.8659906261600554
epoch46  rel.Train: 0.10058758807182312  rel.Test: 0.09746891140937805  abs.Test: 0.08060898303985596  abs.TestBoundary: 0j  time: 0.8676658398471773
epoch47  rel.Train: 0.1004205664396286  rel.Test: 0.09770912885665893  abs.Test: 0.08080225527286529  abs.TestBoundary: 0j  time: 0.8659902359358966
epoch48  rel.Train: 0.10049966704845428  rel.Test: 0.09739424526691437  abs.Test: 0.08055859982967377  abs.TestBoundary: 0j  time: 0.8659174460917711
epoch49  rel.Train: 0.10049187868833542  rel.Test: 0.0977923321723938  abs.Test: 0.08086331605911255  abs.TestBoundary: 0j  time: 0.8661355297081172
epoch50  rel.Train: 0.10046388959884643  rel.Test: 0.09760587990283966  abs.Test: 0.08071504354476929  abs.TestBoundary: 0j  time: 0.866217861417681
epoch51  rel.Train: 0.1005236781835556  rel.Test: 0.09749008536338806  abs.Test: 0.08063473224639893  abs.TestBoundary: 0j  time: 0.8672515409998596
epoch52  rel.Train: 0.10044715714454651  rel.Test: 0.09813033401966095  abs.Test: 0.08113249182701111  abs.TestBoundary: 0j  time: 0.8670445368625224
epoch53  rel.Train: 0.10043929320573806  rel.Test: 0.0973911052942276  abs.Test: 0.08054767251014709  abs.TestBoundary: 0j  time: 0.8663733373396099
epoch54  rel.Train: 0.10056972074508667  rel.Test: 0.09792693316936493  abs.Test: 0.0809657996892929  abs.TestBoundary: 0j  time: 0.8665080443024635
epoch55  rel.Train: 0.10050939333438873  rel.Test: 0.09928864598274231  abs.Test: 0.08206651210784913  abs.TestBoundary: 0j  time: 0.8659683768637478
epoch56  rel.Train: 0.1005568413734436  rel.Test: 0.09761759042739868  abs.Test: 0.0807174152135849  abs.TestBoundary: 0j  time: 0.8669903608970344
epoch57  rel.Train: 0.10029255700111389  rel.Test: 0.09732372164726258  abs.Test: 0.08048234343528747  abs.TestBoundary: 0j  time: 0.8687384268268943
epoch58  rel.Train: 0.10040417665243148  rel.Test: 0.09752953708171845  abs.Test: 0.08066354036331176  abs.TestBoundary: 0j  time: 0.8668672759085894
epoch59  rel.Train: 0.10035306638479233  rel.Test: 0.09770320594310761  abs.Test: 0.08078745245933533  abs.TestBoundary: 0j  time: 0.8656250750645995
epoch60  rel.Train: 0.10033574056625366  rel.Test: 0.09726342916488648  abs.Test: 0.0804633355140686  abs.TestBoundary: 0j  time: 0.8669358757324517
epoch61  rel.Train: 0.10046703338623048  rel.Test: 0.09773113846778869  abs.Test: 0.08081855654716491  abs.TestBoundary: 0j  time: 0.8669307269155979
epoch62  rel.Train: 0.10033868610858918  rel.Test: 0.09745177745819092  abs.Test: 0.08060732126235962  abs.TestBoundary: 0j  time: 0.8663718118332326
epoch63  rel.Train: 0.10027046179771423  rel.Test: 0.09790818035602569  abs.Test: 0.08095321714878083  abs.TestBoundary: 0j  time: 0.8658969444222748
epoch64  rel.Train: 0.10034148859977722  rel.Test: 0.09843371987342835  abs.Test: 0.08137775301933288  abs.TestBoundary: 0j  time: 0.8665907811373472
epoch65  rel.Train: 0.10036577129364013  rel.Test: 0.09757142543792724  abs.Test: 0.08068981051445007  abs.TestBoundary: 0j  time: 0.8662624238058925
epoch66  rel.Train: 0.10056084454059601  rel.Test: 0.09780774235725403  abs.Test: 0.08087311565876007  abs.TestBoundary: 0j  time: 0.8657310428097844
epoch67  rel.Train: 0.10034445142745972  rel.Test: 0.09776948690414429  abs.Test: 0.08087570905685425  abs.TestBoundary: 0j  time: 0.8678230890072882
epoch68  rel.Train: 0.100451096534729  rel.Test: 0.09761504292488098  abs.Test: 0.08071711659431458  abs.TestBoundary: 0j  time: 0.8668411108665168
epoch69  rel.Train: 0.10056940656900405  rel.Test: 0.09769501864910125  abs.Test: 0.08078204393386841  abs.TestBoundary: 0j  time: 0.8660678882151842
epoch70  rel.Train: 0.10035526537895202  rel.Test: 0.09802580714225768  abs.Test: 0.08104227602481842  abs.TestBoundary: 0j  time: 0.8662121030502021
epoch71  rel.Train: 0.10049538481235504  rel.Test: 0.09729010343551636  abs.Test: 0.0804612123966217  abs.TestBoundary: 0j  time: 0.8659833050332963
epoch72  rel.Train: 0.10035272020101547  rel.Test: 0.097222261428833  abs.Test: 0.08040512561798095  abs.TestBoundary: 0j  time: 0.866125819273293
epoch73  rel.Train: 0.10036635357141495  rel.Test: 0.09772904634475708  abs.Test: 0.08080755591392517  abs.TestBoundary: 0j  time: 0.8662313730455935
epoch74  rel.Train: 0.10030945861339569  rel.Test: 0.09731948971748353  abs.Test: 0.08051137506961822  abs.TestBoundary: 0j  time: 0.8674039281904697
epoch75  rel.Train: 0.10051201963424683  rel.Test: 0.09740564525127411  abs.Test: 0.08055659115314484  abs.TestBoundary: 0j  time: 0.8662049542181194
epoch76  rel.Train: 0.10047243750095368  rel.Test: 0.09735599279403687  abs.Test: 0.08053204298019409  abs.TestBoundary: 0j  time: 0.8656253260560334
epoch77  rel.Train: 0.10047351777553558  rel.Test: 0.09748502790927888  abs.Test: 0.08065812647342682  abs.TestBoundary: 0j  time: 0.8657512851059437
epoch78  rel.Train: 0.10039514350891113  rel.Test: 0.09804898500442505  abs.Test: 0.08106337606906891  abs.TestBoundary: 0j  time: 0.8684687009081244
epoch79  rel.Train: 0.10020918190479279  rel.Test: 0.09756771683692932  abs.Test: 0.08067831993103028  abs.TestBoundary: 0j  time: 0.8662243760190904
epoch80  rel.Train: 0.10049688267707825  rel.Test: 0.09734206914901733  abs.Test: 0.08050193130970001  abs.TestBoundary: 0j  time: 0.8660542098805308
epoch81  rel.Train: 0.10025058484077454  rel.Test: 0.09794904232025146  abs.Test: 0.08098138213157653  abs.TestBoundary: 0j  time: 0.8668918241746724
epoch82  rel.Train: 0.10032880520820618  rel.Test: 0.09772279977798462  abs.Test: 0.08080940544605256  abs.TestBoundary: 0j  time: 0.8666503373533487
epoch83  rel.Train: 0.10023136270046235  rel.Test: 0.09711740911006927  abs.Test: 0.08033143043518066  abs.TestBoundary: 0j  time: 0.865717891138047
epoch84  rel.Train: 0.10023953533172607  rel.Test: 0.09829363226890564  abs.Test: 0.08125690877437591  abs.TestBoundary: 0j  time: 0.8670553392730653
epoch85  rel.Train: 0.10022486281394959  rel.Test: 0.09713421702384949  abs.Test: 0.08034867882728576  abs.TestBoundary: 0j  time: 0.867427125107497
epoch86  rel.Train: 0.10042670625448227  rel.Test: 0.09959354698657989  abs.Test: 0.08231097102165222  abs.TestBoundary: 0j  time: 0.8659681240096688
epoch87  rel.Train: 0.10061752545833588  rel.Test: 0.09890649855136871  abs.Test: 0.08175173342227936  abs.TestBoundary: 0j  time: 0.866446147672832
epoch88  rel.Train: 0.10025044155120849  rel.Test: 0.09812225937843323  abs.Test: 0.08112504363059997  abs.TestBoundary: 0j  time: 0.865232537034899
epoch89  rel.Train: 0.10026225996017456  rel.Test: 0.09697720348834991  abs.Test: 0.08020671129226685  abs.TestBoundary: 0j  time: 0.8649880448356271
epoch90  rel.Train: 0.10007205653190612  rel.Test: 0.09724481284618378  abs.Test: 0.08042337238788605  abs.TestBoundary: 0j  time: 0.8644812935963273
epoch91  rel.Train: 0.10002925276756286  rel.Test: 0.09696981191635132  abs.Test: 0.08021156430244446  abs.TestBoundary: 0j  time: 0.864457287825644
epoch92  rel.Train: 0.10015066432952881  rel.Test: 0.0974801903963089  abs.Test: 0.08060524880886077  abs.TestBoundary: 0j  time: 0.865288179833442
epoch93  rel.Train: 0.10012371265888215  rel.Test: 0.09733350038528442  abs.Test: 0.08049015939235687  abs.TestBoundary: 0j  time: 0.8661032980307937
epoch94  rel.Train: 0.10023282659053802  rel.Test: 0.09743014812469482  abs.Test: 0.0805632746219635  abs.TestBoundary: 0j  time: 0.8653416261076927
epoch95  rel.Train: 0.09994505381584168  rel.Test: 0.09755104303359985  abs.Test: 0.0806608635187149  abs.TestBoundary: 0j  time: 0.865855451207608
epoch96  rel.Train: 0.10001114380359649  rel.Test: 0.09812045693397523  abs.Test: 0.08111056506633758  abs.TestBoundary: 0j  time: 0.8659550216980278
epoch97  rel.Train: 0.10022690033912658  rel.Test: 0.09687721133232116  abs.Test: 0.08011740922927857  abs.TestBoundary: 0j  time: 0.8672186611220241
epoch98  rel.Train: 0.10001710891723632  rel.Test: 0.09726414322853089  abs.Test: 0.08042383432388306  abs.TestBoundary: 0j  time: 0.8670828710310161
epoch99  rel.Train: 0.09994599390029907  rel.Test: 0.09733313024044037  abs.Test: 0.08047972559928894  abs.TestBoundary: 0j  time: 0.8655544561333954
epoch100  rel.Train: 0.09979270565509796  rel.Test: 0.09756712675094605  abs.Test: 0.08066514134407043  abs.TestBoundary: 0j  time: 0.8657328789122403
epoch101  rel.Train: 0.09972984969615936  rel.Test: 0.09750631332397461  abs.Test: 0.08064777374267579  abs.TestBoundary: 0j  time: 0.8659558473154902
epoch102  rel.Train: 0.10007227301597595  rel.Test: 0.09658359885215759  abs.Test: 0.07988270998001099  abs.TestBoundary: 0j  time: 0.8670239700004458
epoch103  rel.Train: 0.09916998255252839  rel.Test: 0.09740158379077911  abs.Test: 0.08057066082954406  abs.TestBoundary: 0j  time: 0.8666603700257838
epoch104  rel.Train: 0.09953139507770538  rel.Test: 0.0970906925201416  abs.Test: 0.0802525395154953  abs.TestBoundary: 0j  time: 0.8668853063136339
epoch105  rel.Train: 0.09825980454683304  rel.Test: 0.09477130889892578  abs.Test: 0.07838683664798736  abs.TestBoundary: 0j  time: 0.8663800619542599
epoch106  rel.Train: 0.09636355948448182  rel.Test: 0.0919654494524002  abs.Test: 0.07601719856262207  abs.TestBoundary: 0j  time: 0.8664219276979566
epoch107  rel.Train: 0.0913336884379387  rel.Test: 0.08965251207351685  abs.Test: 0.07407774448394776  abs.TestBoundary: 0j  time: 0.8663545679301023
epoch108  rel.Train: 0.08548488527536392  rel.Test: 0.08324435174465179  abs.Test: 0.0687901771068573  abs.TestBoundary: 0j  time: 0.8660928509198129
epoch109  rel.Train: 0.08201997435092925  rel.Test: 0.07660216689109803  abs.Test: 0.06328586757183075  abs.TestBoundary: 0j  time: 0.8662198907695711
epoch110  rel.Train: 0.0780963928103447  rel.Test: 0.08142811954021453  abs.Test: 0.067275750041008  abs.TestBoundary: 0j  time: 0.8668700726702809
epoch111  rel.Train: 0.07729393827915192  rel.Test: 0.07611271381378173  abs.Test: 0.06285269975662232  abs.TestBoundary: 0j  time: 0.8676625043153763
epoch112  rel.Train: 0.07502827048301697  rel.Test: 0.07448378801345826  abs.Test: 0.06152238130569458  abs.TestBoundary: 0j  time: 0.8665044503286481
epoch113  rel.Train: 0.07407293546199799  rel.Test: 0.06990536332130431  abs.Test: 0.05773626923561096  abs.TestBoundary: 0j  time: 0.8664031643420458
epoch114  rel.Train: 0.07321292126178741  rel.Test: 0.07032573521137238  abs.Test: 0.05810965716838837  abs.TestBoundary: 0j  time: 0.8660853472538292
epoch115  rel.Train: 0.07177001535892487  rel.Test: 0.07188822865486146  abs.Test: 0.0594353985786438  abs.TestBoundary: 0j  time: 0.8657615035772324
epoch116  rel.Train: 0.06816223716735839  rel.Test: 0.06594338536262512  abs.Test: 0.054448913335800174  abs.TestBoundary: 0j  time: 0.8666206439957023
epoch117  rel.Train: 0.0697959246635437  rel.Test: 0.06466711044311524  abs.Test: 0.05343763470649719  abs.TestBoundary: 0j  time: 0.8663879381492734
epoch118  rel.Train: 0.0644728215932846  rel.Test: 0.06471425235271454  abs.Test: 0.05346064329147339  abs.TestBoundary: 0j  time: 0.8661097059957683
epoch119  rel.Train: 0.06222374367713928  rel.Test: 0.06463509678840637  abs.Test: 0.05340254724025726  abs.TestBoundary: 0j  time: 0.8665775447152555
epoch120  rel.Train: 0.06128994882106781  rel.Test: 0.06075559437274933  abs.Test: 0.050235641598701475  abs.TestBoundary: 0j  time: 0.8665252802893519
epoch121  rel.Train: 0.061766260981559754  rel.Test: 0.05811707496643066  abs.Test: 0.048008344173431396  abs.TestBoundary: 0j  time: 0.8670048648491502
epoch122  rel.Train: 0.058178407311439514  rel.Test: 0.06507515788078308  abs.Test: 0.05380221068859101  abs.TestBoundary: 0j  time: 0.8667354360222816
epoch123  rel.Train: 0.05810683882236481  rel.Test: 0.05967693507671356  abs.Test: 0.04926428765058517  abs.TestBoundary: 0j  time: 0.8662991719320416
epoch124  rel.Train: 0.055482462108135226  rel.Test: 0.0552163976430893  abs.Test: 0.045595757365226745  abs.TestBoundary: 0j  time: 0.8657596269622445
epoch125  rel.Train: 0.053655815124511716  rel.Test: 0.059604554176330565  abs.Test: 0.049222511053085324  abs.TestBoundary: 0j  time: 0.8669639001600444
epoch126  rel.Train: 0.0529046728014946  rel.Test: 0.04941487550735474  abs.Test: 0.04081850111484528  abs.TestBoundary: 0j  time: 0.8660063040442765
epoch127  rel.Train: 0.05007341632246971  rel.Test: 0.052159270644187926  abs.Test: 0.04309104561805725  abs.TestBoundary: 0j  time: 0.8663261900655925
epoch128  rel.Train: 0.050548454105854033  rel.Test: 0.047066015899181364  abs.Test: 0.03888286113739014  abs.TestBoundary: 0j  time: 0.8659233707003295
epoch129  rel.Train: 0.0501793886423111  rel.Test: 0.050861622095108035  abs.Test: 0.041984552145004274  abs.TestBoundary: 0j  time: 0.8665904919616878
epoch130  rel.Train: 0.04946267911791801  rel.Test: 0.04787496834993363  abs.Test: 0.03952625423669815  abs.TestBoundary: 0j  time: 0.8659366257488728
epoch131  rel.Train: 0.047633377969264985  rel.Test: 0.05342832446098328  abs.Test: 0.04414720416069031  abs.TestBoundary: 0j  time: 0.8662471547722816
epoch132  rel.Train: 0.05059832751750946  rel.Test: 0.050494235455989835  abs.Test: 0.04173603117465973  abs.TestBoundary: 0j  time: 0.8670281651429832
epoch133  rel.Train: 0.04579825383424759  rel.Test: 0.044589053690433506  abs.Test: 0.03684182286262512  abs.TestBoundary: 0j  time: 0.8662285599857569
epoch134  rel.Train: 0.045190536558628085  rel.Test: 0.048438338339328764  abs.Test: 0.04002400815486908  abs.TestBoundary: 0j  time: 0.8657000157982111
epoch135  rel.Train: 0.044190926492214205  rel.Test: 0.05017896115779877  abs.Test: 0.04145867466926575  abs.TestBoundary: 0j  time: 0.8671549460850656
epoch136  rel.Train: 0.044849012970924376  rel.Test: 0.052048094272613525  abs.Test: 0.043017767667770386  abs.TestBoundary: 0j  time: 0.8660215907730162
epoch137  rel.Train: 0.04403608936071396  rel.Test: 0.041360072791576385  abs.Test: 0.03416554212570191  abs.TestBoundary: 0j  time: 0.8660326679237187
epoch138  rel.Train: 0.04104662844538689  rel.Test: 0.043759149014949796  abs.Test: 0.036149916648864744  abs.TestBoundary: 0j  time: 0.8685117429122329
epoch139  rel.Train: 0.04141618084907532  rel.Test: 0.049317292869091034  abs.Test: 0.04074935138225556  abs.TestBoundary: 0j  time: 0.8656999631784856
epoch140  rel.Train: 0.04131062340736389  rel.Test: 0.043461790084838865  abs.Test: 0.035903711318969724  abs.TestBoundary: 0j  time: 0.8657374428585172
epoch141  rel.Train: 0.040231846213340756  rel.Test: 0.04243432104587555  abs.Test: 0.03505606770515442  abs.TestBoundary: 0j  time: 0.8661007373593748
epoch142  rel.Train: 0.04042452323436737  rel.Test: 0.038989538550376894  abs.Test: 0.032213552594184874  abs.TestBoundary: 0j  time: 0.8659019889310002
epoch143  rel.Train: 0.038398350358009335  rel.Test: 0.04510824978351593  abs.Test: 0.03725564539432526  abs.TestBoundary: 0j  time: 0.8660307028330863
epoch144  rel.Train: 0.03990375065803528  rel.Test: 0.04435198038816452  abs.Test: 0.03664482593536377  abs.TestBoundary: 0j  time: 0.8665024121291935
epoch145  rel.Train: 0.03885251623392105  rel.Test: 0.038675402402877805  abs.Test: 0.031952182650566104  abs.TestBoundary: 0j  time: 0.865977228153497
epoch146  rel.Train: 0.04038353303074837  rel.Test: 0.043369523882865905  abs.Test: 0.035841071605682374  abs.TestBoundary: 0j  time: 0.8661417029798031
epoch147  rel.Train: 0.03781198292970658  rel.Test: 0.04538533300161362  abs.Test: 0.03750906676054001  abs.TestBoundary: 0j  time: 0.8664600313641131
epoch148  rel.Train: 0.03691725790500641  rel.Test: 0.038143622875213626  abs.Test: 0.03149508416652679  abs.TestBoundary: 0j  time: 0.8661714773625135
epoch149  rel.Train: 0.037993324875831604  rel.Test: 0.03965334594249725  abs.Test: 0.032772208452224734  abs.TestBoundary: 0j  time: 0.8652309961616993
epoch150  rel.Train: 0.03775271874666214  rel.Test: 0.04459413558244705  abs.Test: 0.036847316324710847  abs.TestBoundary: 0j  time: 0.8671393101103604
epoch151  rel.Train: 0.037120756208896634  rel.Test: 0.036718931198120114  abs.Test: 0.030333900451660158  abs.TestBoundary: 0j  time: 0.8666484630666673
epoch152  rel.Train: 0.0349504097700119  rel.Test: 0.03854400783777237  abs.Test: 0.031854138374328614  abs.TestBoundary: 0j  time: 0.8653389327228069
epoch153  rel.Train: 0.03530108958482742  rel.Test: 0.03595389485359192  abs.Test: 0.029713724553585053  abs.TestBoundary: 0j  time: 0.8657381730154157
epoch154  rel.Train: 0.03364462572336197  rel.Test: 0.03742173194885254  abs.Test: 0.03091345727443695  abs.TestBoundary: 0j  time: 0.8663830407895148
epoch155  rel.Train: 0.03546463459730148  rel.Test: 0.04052570581436157  abs.Test: 0.033489790856838224  abs.TestBoundary: 0j  time: 0.8656028099358082
epoch156  rel.Train: 0.03560785973072052  rel.Test: 0.043126291036605834  abs.Test: 0.035631460845470427  abs.TestBoundary: 0j  time: 0.8664016667753458
epoch157  rel.Train: 0.03445593720674515  rel.Test: 0.035128843188285824  abs.Test: 0.029018389880657195  abs.TestBoundary: 0j  time: 0.8665024973452091
epoch158  rel.Train: 0.034358394652605054  rel.Test: 0.03819794178009033  abs.Test: 0.03156719088554382  abs.TestBoundary: 0j  time: 0.8675391604192555
epoch159  rel.Train: 0.03440440425276756  rel.Test: 0.033554798662662505  abs.Test: 0.027712683379650115  abs.TestBoundary: 0j  time: 0.8662487240508199
epoch160  rel.Train: 0.03248516047000885  rel.Test: 0.0410443377494812  abs.Test: 0.03389910936355591  abs.TestBoundary: 0j  time: 0.8661555298604071
epoch161  rel.Train: 0.033768000334501266  rel.Test: 0.039001021385192874  abs.Test: 0.032221224009990695  abs.TestBoundary: 0j  time: 0.865698445122689
epoch162  rel.Train: 0.03307684397697449  rel.Test: 0.034277300238609316  abs.Test: 0.028307476043701173  abs.TestBoundary: 0j  time: 0.8669413612224162
epoch163  rel.Train: 0.0326216638982296  rel.Test: 0.03271279096603394  abs.Test: 0.027018809318542482  abs.TestBoundary: 0j  time: 0.867293493822217
epoch164  rel.Train: 0.03391671931743622  rel.Test: 0.04063630789518356  abs.Test: 0.033579916059970856  abs.TestBoundary: 0j  time: 0.8670308450236917
epoch165  rel.Train: 0.031903021931648255  rel.Test: 0.03912861824035645  abs.Test: 0.03233984023332596  abs.TestBoundary: 0j  time: 0.8664506375789642
epoch166  rel.Train: 0.03296326076984406  rel.Test: 0.03724360525608063  abs.Test: 0.030762858986854554  abs.TestBoundary: 0j  time: 0.8671510769054294
epoch167  rel.Train: 0.0329252804517746  rel.Test: 0.035289283692836765  abs.Test: 0.0291675865650177  abs.TestBoundary: 0j  time: 0.865976853761822
epoch168  rel.Train: 0.033084260523319246  rel.Test: 0.03344009459018707  abs.Test: 0.027626836597919466  abs.TestBoundary: 0j  time: 0.8660668269731104
epoch169  rel.Train: 0.033272837042808534  rel.Test: 0.032089106142520904  abs.Test: 0.02650507614016533  abs.TestBoundary: 0j  time: 0.8672358132898808
epoch170  rel.Train: 0.03063258045911789  rel.Test: 0.030394357442855836  abs.Test: 0.025110263526439667  abs.TestBoundary: 0j  time: 0.8671841849572957
epoch171  rel.Train: 0.02993690037727356  rel.Test: 0.042651272416114806  abs.Test: 0.03524621605873108  abs.TestBoundary: 0j  time: 0.8659026408568025
epoch172  rel.Train: 0.031519905000925066  rel.Test: 0.031777516305446625  abs.Test: 0.026265970915555954  abs.TestBoundary: 0j  time: 0.8662585839629173
epoch173  rel.Train: 0.03051486873626709  rel.Test: 0.03580526441335678  abs.Test: 0.02957924038171768  abs.TestBoundary: 0j  time: 0.8660073489882052
epoch174  rel.Train: 0.03010676324367523  rel.Test: 0.03285331577062607  abs.Test: 0.02714670419692993  abs.TestBoundary: 0j  time: 0.8656338499858975
epoch175  rel.Train: 0.029743662416934966  rel.Test: 0.03219373732805252  abs.Test: 0.026602391302585602  abs.TestBoundary: 0j  time: 0.8665294419042766
epoch176  rel.Train: 0.030551014065742493  rel.Test: 0.032303192019462586  abs.Test: 0.02668422743678093  abs.TestBoundary: 0j  time: 0.8663165452890098
epoch177  rel.Train: 0.02955968216061592  rel.Test: 0.03457796692848206  abs.Test: 0.02857153654098511  abs.TestBoundary: 0j  time: 0.8654708522371948
epoch178  rel.Train: 0.028810718953609468  rel.Test: 0.03264863967895508  abs.Test: 0.026980055421590807  abs.TestBoundary: 0j  time: 0.8663290361873806
epoch179  rel.Train: 0.03041543199121952  rel.Test: 0.027777157425880432  abs.Test: 0.02295131713151932  abs.TestBoundary: 0j  time: 0.8659719792194664
epoch180  rel.Train: 0.029290540516376494  rel.Test: 0.03117087244987488  abs.Test: 0.025762227922677995  abs.TestBoundary: 0j  time: 0.8660975331440568
epoch181  rel.Train: 0.02919855546951294  rel.Test: 0.040707120895385744  abs.Test: 0.033640575408935544  abs.TestBoundary: 0j  time: 0.8663932047784328
epoch182  rel.Train: 0.030804780960083007  rel.Test: 0.028948915004730225  abs.Test: 0.023923290073871614  abs.TestBoundary: 0j  time: 0.8660193751566112
epoch183  rel.Train: 0.028031334280967712  rel.Test: 0.02933406412601471  abs.Test: 0.02422925591468811  abs.TestBoundary: 0j  time: 0.8657390084117651
epoch184  rel.Train: 0.02976155883073807  rel.Test: 0.03260085999965668  abs.Test: 0.026919469833374024  abs.TestBoundary: 0j  time: 0.8679924919269979
epoch185  rel.Train: 0.02940885254740715  rel.Test: 0.031487905979156496  abs.Test: 0.02600849598646164  abs.TestBoundary: 0j  time: 0.8666680180467665
epoch186  rel.Train: 0.028240657955408095  rel.Test: 0.027190680801868438  abs.Test: 0.022462784349918365  abs.TestBoundary: 0j  time: 0.8662101640366018
epoch187  rel.Train: 0.02841748397052288  rel.Test: 0.02721537068486214  abs.Test: 0.02248762309551239  abs.TestBoundary: 0j  time: 0.8665678664110601
epoch188  rel.Train: 0.029070291578769683  rel.Test: 0.031203805208206176  abs.Test: 0.02577365130186081  abs.TestBoundary: 0j  time: 0.8666387950070202
epoch189  rel.Train: 0.028256390392780304  rel.Test: 0.029756888151168823  abs.Test: 0.024594649374485016  abs.TestBoundary: 0j  time: 0.8657181030139327
epoch190  rel.Train: 0.027606429874897004  rel.Test: 0.029766152203083037  abs.Test: 0.024603645354509353  abs.TestBoundary: 0j  time: 0.8670883476734161
epoch191  rel.Train: 0.028655574932694435  rel.Test: 0.02914021283388138  abs.Test: 0.024063542187213897  abs.TestBoundary: 0j  time: 0.8665554909966886
epoch192  rel.Train: 0.02994080412387848  rel.Test: 0.028094393014907838  abs.Test: 0.02320800632238388  abs.TestBoundary: 0j  time: 0.8674682406708598
epoch193  rel.Train: 0.028538782626390456  rel.Test: 0.030848050713539122  abs.Test: 0.025493595153093337  abs.TestBoundary: 0j  time: 0.86604516627267
epoch194  rel.Train: 0.02852101054787636  rel.Test: 0.028961980938911436  abs.Test: 0.02392893433570862  abs.TestBoundary: 0j  time: 0.8659222419373691
epoch195  rel.Train: 0.027894613474607467  rel.Test: 0.027569421231746674  abs.Test: 0.022773239463567733  abs.TestBoundary: 0j  time: 0.8658683351241052
epoch196  rel.Train: 0.027569671243429184  rel.Test: 0.029086689502000808  abs.Test: 0.024046632796525955  abs.TestBoundary: 0j  time: 0.8662524013780057
epoch197  rel.Train: 0.027489128530025483  rel.Test: 0.027666468918323518  abs.Test: 0.02286578670144081  abs.TestBoundary: 0j  time: 0.8660751250572503
epoch198  rel.Train: 0.02691822364926338  rel.Test: 0.026622090935707093  abs.Test: 0.02199400946497917  abs.TestBoundary: 0j  time: 0.8663136810064316
epoch199  rel.Train: 0.02725750795006752  rel.Test: 0.028982743322849273  abs.Test: 0.023948100209236146  abs.TestBoundary: 0j  time: 0.8660874990746379
epoch200  rel.Train: 0.02770345264673233  rel.Test: 0.031303429901599886  abs.Test: 0.025866265296936034  abs.TestBoundary: 0j  time: 0.8675589212216437
epoch201  rel.Train: 0.027076533555984498  rel.Test: 0.027312508821487426  abs.Test: 0.022572232633829115  abs.TestBoundary: 0j  time: 0.8668948728591204
epoch202  rel.Train: 0.02687836503982544  rel.Test: 0.028443744778633116  abs.Test: 0.023494637608528136  abs.TestBoundary: 0j  time: 0.8659388427622616
epoch203  rel.Train: 0.026903947234153746  rel.Test: 0.025560425221920015  abs.Test: 0.021121318638324737  abs.TestBoundary: 0j  time: 0.8657811400480568
epoch204  rel.Train: 0.02646906426548958  rel.Test: 0.028256402164697648  abs.Test: 0.023358188569545746  abs.TestBoundary: 0j  time: 0.8671652060002089
epoch205  rel.Train: 0.02607646206021309  rel.Test: 0.029365442395210266  abs.Test: 0.02426227569580078  abs.TestBoundary: 0j  time: 0.8658467470668256
epoch206  rel.Train: 0.026674750804901122  rel.Test: 0.028229702413082123  abs.Test: 0.02332617446780205  abs.TestBoundary: 0j  time: 0.8659744691103697
epoch207  rel.Train: 0.027298788607120514  rel.Test: 0.027550508677959443  abs.Test: 0.022767143696546553  abs.TestBoundary: 0j  time: 0.8668071809224784
epoch208  rel.Train: 0.02737135171890259  rel.Test: 0.029934840202331545  abs.Test: 0.02472602590918541  abs.TestBoundary: 0j  time: 0.8674333659000695
epoch209  rel.Train: 0.02698242563009262  rel.Test: 0.03229413509368897  abs.Test: 0.02668189913034439  abs.TestBoundary: 0j  time: 0.8656850317493081
epoch210  rel.Train: 0.027828270196914674  rel.Test: 0.03327410697937012  abs.Test: 0.02749862313270569  abs.TestBoundary: 0j  time: 0.8658768651075661
epoch211  rel.Train: 0.027216357588768007  rel.Test: 0.029243707060813903  abs.Test: 0.024171842187643053  abs.TestBoundary: 0j  time: 0.8663535839878023
epoch212  rel.Train: 0.027161657452583313  rel.Test: 0.02568131312727928  abs.Test: 0.02121875196695328  abs.TestBoundary: 0j  time: 0.865726679097861
epoch213  rel.Train: 0.02605378033220768  rel.Test: 0.026930440068244934  abs.Test: 0.02225315570831299  abs.TestBoundary: 0j  time: 0.86637864401564
epoch214  rel.Train: 0.02672534029185772  rel.Test: 0.03373338222503662  abs.Test: 0.027896924912929534  abs.TestBoundary: 0j  time: 0.8671421497128904
epoch215  rel.Train: 0.02684289437532425  rel.Test: 0.027127475738525392  abs.Test: 0.02240843802690506  abs.TestBoundary: 0j  time: 0.8671990749426186
epoch216  rel.Train: 0.026376544684171676  rel.Test: 0.025497982800006865  abs.Test: 0.02107172876596451  abs.TestBoundary: 0j  time: 0.8664486189372838
epoch217  rel.Train: 0.02546254026889801  rel.Test: 0.02521967113018036  abs.Test: 0.02083461657166481  abs.TestBoundary: 0j  time: 0.8664273689500988
epoch218  rel.Train: 0.026229622721672056  rel.Test: 0.028534736037254333  abs.Test: 0.023588851392269135  abs.TestBoundary: 0j  time: 0.867620647419244
epoch219  rel.Train: 0.02690671235322952  rel.Test: 0.025291593968868254  abs.Test: 0.02090067058801651  abs.TestBoundary: 0j  time: 0.8670599991455674
epoch220  rel.Train: 0.026148680776357652  rel.Test: 0.0277880123257637  abs.Test: 0.022964297384023665  abs.TestBoundary: 0j  time: 0.866648789960891
epoch221  rel.Train: 0.02768866965174675  rel.Test: 0.027811309695243834  abs.Test: 0.022971321642398835  abs.TestBoundary: 0j  time: 0.8662670371122658
epoch222  rel.Train: 0.025608329236507417  rel.Test: 0.029335646629333495  abs.Test: 0.024251696169376374  abs.TestBoundary: 0j  time: 0.8662564442493021
epoch223  rel.Train: 0.02713530343770981  rel.Test: 0.027652159929275513  abs.Test: 0.022860542237758637  abs.TestBoundary: 0j  time: 0.8670518612489104
epoch224  rel.Train: 0.02810412147641182  rel.Test: 0.02660506248474121  abs.Test: 0.02197005823254585  abs.TestBoundary: 0j  time: 0.8659710776992142
epoch225  rel.Train: 0.025523573756217957  rel.Test: 0.026419791132211684  abs.Test: 0.0218256014585495  abs.TestBoundary: 0j  time: 0.8672459288500249
epoch226  rel.Train: 0.026275482535362243  rel.Test: 0.03538098067045212  abs.Test: 0.029235551953315734  abs.TestBoundary: 0j  time: 0.8678164589218795
epoch227  rel.Train: 0.025849837690591813  rel.Test: 0.02421133905649185  abs.Test: 0.020006069988012312  abs.TestBoundary: 0j  time: 0.8702358598820865
epoch228  rel.Train: 0.025150003671646118  rel.Test: 0.02484687328338623  abs.Test: 0.02053437888622284  abs.TestBoundary: 0j  time: 0.8615510468371212
epoch229  rel.Train: 0.024782148346304895  rel.Test: 0.024844641983509063  abs.Test: 0.02053779661655426  abs.TestBoundary: 0j  time: 0.8609613012522459
epoch230  rel.Train: 0.025438234090805055  rel.Test: 0.02949309140443802  abs.Test: 0.024373383820056917  abs.TestBoundary: 0j  time: 0.861126332078129
epoch231  rel.Train: 0.025851061940193175  rel.Test: 0.024583586156368256  abs.Test: 0.020311030149459838  abs.TestBoundary: 0j  time: 0.8608147748745978
epoch232  rel.Train: 0.025740539014339446  rel.Test: 0.0335334438085556  abs.Test: 0.027708809673786163  abs.TestBoundary: 0j  time: 0.861358430236578
epoch233  rel.Train: 0.026226031482219695  rel.Test: 0.026851777583360673  abs.Test: 0.022189460694789886  abs.TestBoundary: 0j  time: 0.8613989851437509
epoch234  rel.Train: 0.025037785679101945  rel.Test: 0.02505561426281929  abs.Test: 0.020709228068590164  abs.TestBoundary: 0j  time: 0.8614891725592315
epoch235  rel.Train: 0.02450103409588337  rel.Test: 0.02612955704331398  abs.Test: 0.021596148014068603  abs.TestBoundary: 0j  time: 0.8612448899075389
epoch236  rel.Train: 0.024490488022565843  rel.Test: 0.030024065375328063  abs.Test: 0.02480264276266098  abs.TestBoundary: 0j  time: 0.8611148372292519
epoch237  rel.Train: 0.025792431354522704  rel.Test: 0.02852449506521225  abs.Test: 0.0235697939991951  abs.TestBoundary: 0j  time: 0.8605691767297685
epoch238  rel.Train: 0.025374900609254836  rel.Test: 0.02685960441827774  abs.Test: 0.022204838395118713  abs.TestBoundary: 0j  time: 0.861384788993746
epoch239  rel.Train: 0.024353499948978424  rel.Test: 0.02529922664165497  abs.Test: 0.02090994209051132  abs.TestBoundary: 0j  time: 0.8634760621935129
epoch240  rel.Train: 0.023800578802824022  rel.Test: 0.02757394850254059  abs.Test: 0.022793308794498444  abs.TestBoundary: 0j  time: 0.8608070937916636
epoch241  rel.Train: 0.024100247502326966  rel.Test: 0.024662822484970093  abs.Test: 0.020375186651945112  abs.TestBoundary: 0j  time: 0.860999837052077
epoch242  rel.Train: 0.024443179309368134  rel.Test: 0.027176701724529267  abs.Test: 0.022461613714694975  abs.TestBoundary: 0j  time: 0.8612296087667346
epoch243  rel.Train: 0.02371195739507675  rel.Test: 0.02454760581254959  abs.Test: 0.020290174186229706  abs.TestBoundary: 0j  time: 0.8616385818459094
epoch244  rel.Train: 0.02453334452211857  rel.Test: 0.02715927451848984  abs.Test: 0.022443018406629562  abs.TestBoundary: 0j  time: 0.8612784850411117
epoch245  rel.Train: 0.025071784004569053  rel.Test: 0.027461010962724686  abs.Test: 0.022701170444488526  abs.TestBoundary: 0j  time: 0.8617420266382396
epoch246  rel.Train: 0.024388326078653336  rel.Test: 0.026161383390426635  abs.Test: 0.021621419191360472  abs.TestBoundary: 0j  time: 0.8609197800979018
epoch247  rel.Train: 0.02441718104481697  rel.Test: 0.024557487666606904  abs.Test: 0.020289806425571443  abs.TestBoundary: 0j  time: 0.8617640882730484
epoch248  rel.Train: 0.023728474020957947  rel.Test: 0.023419965207576752  abs.Test: 0.019352507889270783  abs.TestBoundary: 0j  time: 0.8613834311254323
epoch249  rel.Train: 0.025053343504667282  rel.Test: 0.03161709874868393  abs.Test: 0.026139139235019683  abs.TestBoundary: 0j  time: 0.8607414672151208
epoch250  rel.Train: 0.027038873761892318  rel.Test: 0.02450863689184189  abs.Test: 0.0202488774061203  abs.TestBoundary: 0j  time: 0.8614448979496956
epoch251  rel.Train: 0.024688864588737487  rel.Test: 0.02452006995677948  abs.Test: 0.02026726096868515  abs.TestBoundary: 0j  time: 0.8613322926685214
epoch252  rel.Train: 0.023920400381088256  rel.Test: 0.02742301404476166  abs.Test: 0.0226717209815979  abs.TestBoundary: 0j  time: 0.8605574597604573
epoch253  rel.Train: 0.023748735398054124  rel.Test: 0.03088394194841385  abs.Test: 0.025516694337129595  abs.TestBoundary: 0j  time: 0.8625512523576617
epoch254  rel.Train: 0.024066135495901107  rel.Test: 0.023312983810901643  abs.Test: 0.019269905537366867  abs.TestBoundary: 0j  time: 0.8621372068300843
epoch255  rel.Train: 0.023699238777160646  rel.Test: 0.023681723028421402  abs.Test: 0.019567505717277528  abs.TestBoundary: 0j  time: 0.8610778418369591
epoch256  rel.Train: 0.023097954094409942  rel.Test: 0.02302246168255806  abs.Test: 0.01902588665485382  abs.TestBoundary: 0j  time: 0.8613243913277984
epoch257  rel.Train: 0.02416184040904045  rel.Test: 0.02610201984643936  abs.Test: 0.02155679404735565  abs.TestBoundary: 0j  time: 0.8612678870558739
epoch258  rel.Train: 0.024511209815740585  rel.Test: 0.026512309610843658  abs.Test: 0.02191426157951355  abs.TestBoundary: 0j  time: 0.8611614862456918
epoch259  rel.Train: 0.023715218216180802  rel.Test: 0.028386408090591432  abs.Test: 0.023450605869293213  abs.TestBoundary: 0j  time: 0.861436408944428
epoch260  rel.Train: 0.023965323939919472  rel.Test: 0.024412128329277038  abs.Test: 0.020176941752433775  abs.TestBoundary: 0j  time: 0.8612411078065634
epoch261  rel.Train: 0.02325347411632538  rel.Test: 0.023365582674741744  abs.Test: 0.019304269254207612  abs.TestBoundary: 0j  time: 0.8613409027457237
epoch262  rel.Train: 0.02321775084733963  rel.Test: 0.023187121599912642  abs.Test: 0.019152929335832597  abs.TestBoundary: 0j  time: 0.8619472687132657
epoch263  rel.Train: 0.023717222198843955  rel.Test: 0.026684508472681046  abs.Test: 0.02205807089805603  abs.TestBoundary: 0j  time: 0.862784992903471
epoch264  rel.Train: 0.024420147687196733  rel.Test: 0.024577317237854005  abs.Test: 0.020301556289196013  abs.TestBoundary: 0j  time: 0.862383677624166
epoch265  rel.Train: 0.02331637667119503  rel.Test: 0.025910318195819855  abs.Test: 0.021403107941150665  abs.TestBoundary: 0j  time: 0.8621965302154422
epoch266  rel.Train: 0.02278449319303036  rel.Test: 0.02263511285185814  abs.Test: 0.01870589077472687  abs.TestBoundary: 0j  time: 0.8620538273826241
epoch267  rel.Train: 0.0233081177175045  rel.Test: 0.024338966906070708  abs.Test: 0.020119735300540925  abs.TestBoundary: 0j  time: 0.8620220571756363
epoch268  rel.Train: 0.022575933039188385  rel.Test: 0.023045509457588195  abs.Test: 0.01904368996620178  abs.TestBoundary: 0j  time: 0.8618468190543354
epoch269  rel.Train: 0.02200688260793686  rel.Test: 0.02616611897945404  abs.Test: 0.0216279736161232  abs.TestBoundary: 0j  time: 0.8615966397337615
epoch270  rel.Train: 0.02328677736222744  rel.Test: 0.022778107225894927  abs.Test: 0.018821339309215545  abs.TestBoundary: 0j  time: 0.8617825731635094
epoch271  rel.Train: 0.02296331489086151  rel.Test: 0.026516925990581513  abs.Test: 0.02189847320318222  abs.TestBoundary: 0j  time: 0.8621691130101681
epoch272  rel.Train: 0.023646612882614135  rel.Test: 0.027268574833869935  abs.Test: 0.02254185825586319  abs.TestBoundary: 0j  time: 0.8613764219917357
epoch273  rel.Train: 0.022851431220769883  rel.Test: 0.022402160167694092  abs.Test: 0.018514873832464217  abs.TestBoundary: 0j  time: 0.8621932216919959
epoch274  rel.Train: 0.023375281900167466  rel.Test: 0.023782066702842712  abs.Test: 0.019657043218612672  abs.TestBoundary: 0j  time: 0.8621411728672683
epoch275  rel.Train: 0.02382428467273712  rel.Test: 0.024549448788166048  abs.Test: 0.020296275913715363  abs.TestBoundary: 0j  time: 0.8623742880299687
epoch276  rel.Train: 0.02284418737888336  rel.Test: 0.023359540849924088  abs.Test: 0.01930266872048378  abs.TestBoundary: 0j  time: 0.863561016973108
epoch277  rel.Train: 0.02282916885614395  rel.Test: 0.023730219304561616  abs.Test: 0.019616889506578444  abs.TestBoundary: 0j  time: 0.861570421140641
epoch278  rel.Train: 0.023124553948640825  rel.Test: 0.02493392154574394  abs.Test: 0.020596844106912614  abs.TestBoundary: 0j  time: 0.8620215081609786
epoch279  rel.Train: 0.023546609967947007  rel.Test: 0.022302452623844147  abs.Test: 0.018426718711853026  abs.TestBoundary: 0j  time: 0.8635940439999104
epoch280  rel.Train: 0.022529150992631912  rel.Test: 0.02458565890789032  abs.Test: 0.020315555036067964  abs.TestBoundary: 0j  time: 0.862102388869971
epoch281  rel.Train: 0.023556304544210434  rel.Test: 0.027453562319278715  abs.Test: 0.02266680806875229  abs.TestBoundary: 0j  time: 0.8622252158820629
epoch282  rel.Train: 0.02334179300069809  rel.Test: 0.024326164424419403  abs.Test: 0.02010580211877823  abs.TestBoundary: 0j  time: 0.8617894710041583
epoch283  rel.Train: 0.022970231592655183  rel.Test: 0.026037099361419676  abs.Test: 0.021529847383499147  abs.TestBoundary: 0j  time: 0.8634001230821013
epoch284  rel.Train: 0.02244283176958561  rel.Test: 0.021966000497341157  abs.Test: 0.018156143128871916  abs.TestBoundary: 0j  time: 0.8623879849910736
epoch285  rel.Train: 0.02205628150701523  rel.Test: 0.023399370908737182  abs.Test: 0.01933583840727806  abs.TestBoundary: 0j  time: 0.862032295204699
epoch286  rel.Train: 0.02253372763097286  rel.Test: 0.022482405602931976  abs.Test: 0.01857528954744339  abs.TestBoundary: 0j  time: 0.8624608786776662
epoch287  rel.Train: 0.02197415629029274  rel.Test: 0.022776497304439546  abs.Test: 0.018820601254701613  abs.TestBoundary: 0j  time: 0.8623944008722901
epoch288  rel.Train: 0.0217203685939312  rel.Test: 0.021737048327922823  abs.Test: 0.017964312583208086  abs.TestBoundary: 0j  time: 0.8632521890103817
epoch289  rel.Train: 0.022150830119848253  rel.Test: 0.0238713538646698  abs.Test: 0.019731044471263885  abs.TestBoundary: 0j  time: 0.8626442579552531
epoch290  rel.Train: 0.02253375208377838  rel.Test: 0.024791443943977354  abs.Test: 0.020502935349941253  abs.TestBoundary: 0j  time: 0.8626508200541139
epoch291  rel.Train: 0.022230437368154526  rel.Test: 0.023110922276973724  abs.Test: 0.019105567932128906  abs.TestBoundary: 0j  time: 0.8630507988855243
epoch292  rel.Train: 0.02201570077240467  rel.Test: 0.02354036569595337  abs.Test: 0.019453803598880767  abs.TestBoundary: 0j  time: 0.86321044806391
epoch293  rel.Train: 0.022353199928998948  rel.Test: 0.023566959649324416  abs.Test: 0.01947957068681717  abs.TestBoundary: 0j  time: 0.8629954010248184
epoch294  rel.Train: 0.02190155029296875  rel.Test: 0.02280763566493988  abs.Test: 0.018846898674964904  abs.TestBoundary: 0j  time: 0.863943703006953
epoch295  rel.Train: 0.021624724328517912  rel.Test: 0.023434681445360185  abs.Test: 0.019375811964273452  abs.TestBoundary: 0j  time: 0.8634266629815102
epoch296  rel.Train: 0.022221433401107788  rel.Test: 0.023412898033857345  abs.Test: 0.019355343133211137  abs.TestBoundary: 0j  time: 0.8654245147481561
epoch297  rel.Train: 0.021473131865262986  rel.Test: 0.022762144804000854  abs.Test: 0.01881482794880867  abs.TestBoundary: 0j  time: 0.8654267541132867
epoch298  rel.Train: 0.021488533914089204  rel.Test: 0.023029018342494965  abs.Test: 0.019034869968891144  abs.TestBoundary: 0j  time: 0.8658299939706922
epoch299  rel.Train: 0.022108956053853036  rel.Test: 0.0243495275080204  abs.Test: 0.020135602205991743  abs.TestBoundary: 0j  time: 0.8649894809350371
epoch300  rel.Train: 0.021810676336288453  rel.Test: 0.02248862326145172  abs.Test: 0.018581819385290146  abs.TestBoundary: 0j  time: 0.8650653450749815
epoch301  rel.Train: 0.021729301780462264  rel.Test: 0.023403798788785936  abs.Test: 0.019337678849697112  abs.TestBoundary: 0j  time: 0.8639253689907491
epoch302  rel.Train: 0.02233600929379463  rel.Test: 0.023355279564857483  abs.Test: 0.019306589365005494  abs.TestBoundary: 0j  time: 0.8652303400449455
epoch303  rel.Train: 0.022245448231697083  rel.Test: 0.022921221554279326  abs.Test: 0.018947140276432038  abs.TestBoundary: 0j  time: 0.8653862508945167
epoch304  rel.Train: 0.02147862961888313  rel.Test: 0.021824487745761872  abs.Test: 0.018040497452020646  abs.TestBoundary: 0j  time: 0.8654095879755914
epoch305  rel.Train: 0.021681945636868476  rel.Test: 0.024719369411468507  abs.Test: 0.02043107181787491  abs.TestBoundary: 0j  time: 0.8666468714363873
epoch306  rel.Train: 0.021491747543215752  rel.Test: 0.024746545851230622  abs.Test: 0.020460132360458374  abs.TestBoundary: 0j  time: 0.8669683211483061
epoch307  rel.Train: 0.022215241834521293  rel.Test: 0.027025209963321684  abs.Test: 0.022332535833120348  abs.TestBoundary: 0j  time: 0.8687196089886129
epoch308  rel.Train: 0.023255222365260123  rel.Test: 0.024731498062610626  abs.Test: 0.020438054203987123  abs.TestBoundary: 0j  time: 0.8666438041254878
epoch309  rel.Train: 0.021563726842403413  rel.Test: 0.02316714182496071  abs.Test: 0.01915022060275078  abs.TestBoundary: 0j  time: 0.8670108811929822
epoch310  rel.Train: 0.021826663166284562  rel.Test: 0.023246573656797408  abs.Test: 0.019210134893655778  abs.TestBoundary: 0j  time: 0.868323661852628
epoch311  rel.Train: 0.02192003893852234  rel.Test: 0.02097944974899292  abs.Test: 0.017337886095047  abs.TestBoundary: 0j  time: 0.8697392349131405
epoch312  rel.Train: 0.022053094893693923  rel.Test: 0.023717298805713653  abs.Test: 0.019607934355735778  abs.TestBoundary: 0j  time: 0.8673351188190281
epoch313  rel.Train: 0.021395589515566825  rel.Test: 0.02169226348400116  abs.Test: 0.01792612060904503  abs.TestBoundary: 0j  time: 0.868678511120379
epoch314  rel.Train: 0.02115945601463318  rel.Test: 0.02079525500535965  abs.Test: 0.017187202423810957  abs.TestBoundary: 0j  time: 0.8680574321188033
epoch315  rel.Train: 0.020867479845881463  rel.Test: 0.0221716633439064  abs.Test: 0.018328704237937928  abs.TestBoundary: 0j  time: 0.8685752130113542
epoch316  rel.Train: 0.02147244942188263  rel.Test: 0.023284460753202438  abs.Test: 0.019247628152370452  abs.TestBoundary: 0j  time: 0.868713297881186
epoch317  rel.Train: 0.021615661770105363  rel.Test: 0.021516430974006653  abs.Test: 0.017784589529037477  abs.TestBoundary: 0j  time: 0.8686473746784031
epoch318  rel.Train: 0.02118206387758255  rel.Test: 0.023043743520975112  abs.Test: 0.01903873324394226  abs.TestBoundary: 0j  time: 0.8689246000722051
epoch319  rel.Train: 0.021196015134453773  rel.Test: 0.021195296049118042  abs.Test: 0.017514479607343675  abs.TestBoundary: 0j  time: 0.8694188236258924
epoch320  rel.Train: 0.02151092892885208  rel.Test: 0.021417075097560884  abs.Test: 0.017697220593690874  abs.TestBoundary: 0j  time: 0.8700222079642117
epoch321  rel.Train: 0.020981211364269257  rel.Test: 0.021574599891901015  abs.Test: 0.01783014565706253  abs.TestBoundary: 0j  time: 0.8688685307279229
epoch322  rel.Train: 0.021372708708047868  rel.Test: 0.022058159112930298  abs.Test: 0.01822381019592285  abs.TestBoundary: 0j  time: 0.8688507019542158
epoch323  rel.Train: 0.020861911624670028  rel.Test: 0.021373171210289  abs.Test: 0.017665203660726547  abs.TestBoundary: 0j  time: 0.8679954200051725
epoch324  rel.Train: 0.020571286648511888  rel.Test: 0.02085877165198326  abs.Test: 0.01724118337035179  abs.TestBoundary: 0j  time: 0.8681547767482698
epoch325  rel.Train: 0.02054354140162468  rel.Test: 0.02150527387857437  abs.Test: 0.01777618557214737  abs.TestBoundary: 0j  time: 0.8675677049905062
epoch326  rel.Train: 0.020970012828707696  rel.Test: 0.0216676090657711  abs.Test: 0.017900203168392182  abs.TestBoundary: 0j  time: 0.8676236779429018
epoch327  rel.Train: 0.021122672021389007  rel.Test: 0.02230310708284378  abs.Test: 0.01843911960721016  abs.TestBoundary: 0j  time: 0.8672359199263155
epoch328  rel.Train: 0.021517526239156724  rel.Test: 0.022234646826982497  abs.Test: 0.018371199369430543  abs.TestBoundary: 0j  time: 0.8662527180276811
epoch329  rel.Train: 0.021138181239366532  rel.Test: 0.020976685583591462  abs.Test: 0.01733495682477951  abs.TestBoundary: 0j  time: 0.8654288789257407
epoch330  rel.Train: 0.020616803109645844  rel.Test: 0.022723419964313506  abs.Test: 0.018791085630655287  abs.TestBoundary: 0j  time: 0.8660772442817688
epoch331  rel.Train: 0.02113259445130825  rel.Test: 0.02320219188928604  abs.Test: 0.019180590063333513  abs.TestBoundary: 0j  time: 0.8658155198208988
epoch332  rel.Train: 0.020891292110085488  rel.Test: 0.021344495117664338  abs.Test: 0.01763659805059433  abs.TestBoundary: 0j  time: 0.8656880161724985
epoch333  rel.Train: 0.020390538021922113  rel.Test: 0.020574558675289154  abs.Test: 0.01700948640704155  abs.TestBoundary: 0j  time: 0.8641199981793761
epoch334  rel.Train: 0.02091580593585968  rel.Test: 0.022339748591184615  abs.Test: 0.018470858782529832  abs.TestBoundary: 0j  time: 0.8658730741590261
epoch335  rel.Train: 0.021254364743828774  rel.Test: 0.02128722220659256  abs.Test: 0.017597773224115373  abs.TestBoundary: 0j  time: 0.8656605086289346
epoch336  rel.Train: 0.020496256202459335  rel.Test: 0.020932064801454545  abs.Test: 0.017305515557527542  abs.TestBoundary: 0j  time: 0.863759582862258
epoch337  rel.Train: 0.020174215495586394  rel.Test: 0.02043118894100189  abs.Test: 0.016885860115289687  abs.TestBoundary: 0j  time: 0.8634205032140017
epoch338  rel.Train: 0.020207523673772813  rel.Test: 0.022214131057262422  abs.Test: 0.018360898047685623  abs.TestBoundary: 0j  time: 0.8626223402097821
epoch339  rel.Train: 0.0203261199593544  rel.Test: 0.021622983515262605  abs.Test: 0.017871569991111756  abs.TestBoundary: 0j  time: 0.8626354979351163
epoch340  rel.Train: 0.020461500942707062  rel.Test: 0.020716741532087326  abs.Test: 0.017125640958547593  abs.TestBoundary: 0j  time: 0.8628325341269374
epoch341  rel.Train: 0.02029097107052803  rel.Test: 0.020529705137014388  abs.Test: 0.01697094604372978  abs.TestBoundary: 0j  time: 0.862485489808023
epoch342  rel.Train: 0.020292653784155845  rel.Test: 0.020692552626132964  abs.Test: 0.017100337743759155  abs.TestBoundary: 0j  time: 0.8622999312356114
epoch343  rel.Train: 0.0201537676602602  rel.Test: 0.02181726783514023  abs.Test: 0.018030426800251007  abs.TestBoundary: 0j  time: 0.8624658761546016
epoch344  rel.Train: 0.02074950850009918  rel.Test: 0.02137023240327835  abs.Test: 0.017664199620485307  abs.TestBoundary: 0j  time: 0.8623243737965822
epoch345  rel.Train: 0.020741779029369353  rel.Test: 0.02193194180727005  abs.Test: 0.01813380226492882  abs.TestBoundary: 0j  time: 0.8616567491553724
epoch346  rel.Train: 0.020088157445192337  rel.Test: 0.02036494493484497  abs.Test: 0.01683031439781189  abs.TestBoundary: 0j  time: 0.8620341159403324
epoch347  rel.Train: 0.01986914274096489  rel.Test: 0.02241637632250786  abs.Test: 0.018533161133527754  abs.TestBoundary: 0j  time: 0.8618187629617751
epoch348  rel.Train: 0.02032009719312191  rel.Test: 0.021203558444976806  abs.Test: 0.017529991269111634  abs.TestBoundary: 0j  time: 0.8623747606761754
epoch349  rel.Train: 0.02000375297665596  rel.Test: 0.020494036078453064  abs.Test: 0.01694077342748642  abs.TestBoundary: 0j  time: 0.862671050708741
epoch350  rel.Train: 0.020115751445293425  rel.Test: 0.021721773445606232  abs.Test: 0.017957690358161926  abs.TestBoundary: 0j  time: 0.8622802710160613
epoch351  rel.Train: 0.020340536892414093  rel.Test: 0.02182949662208557  abs.Test: 0.018043764978647233  abs.TestBoundary: 0j  time: 0.8618923798203468
epoch352  rel.Train: 0.020283969476819038  rel.Test: 0.022164023518562316  abs.Test: 0.01832366168498993  abs.TestBoundary: 0j  time: 0.8616097108460963
epoch353  rel.Train: 0.020082706272602082  rel.Test: 0.020236226022243498  abs.Test: 0.016725267618894576  abs.TestBoundary: 0j  time: 0.8620401388034225
epoch354  rel.Train: 0.019896304786205292  rel.Test: 0.020875133723020554  abs.Test: 0.017257453203201295  abs.TestBoundary: 0j  time: 0.8617212427780032
epoch355  rel.Train: 0.0205718744546175  rel.Test: 0.021146856248378754  abs.Test: 0.017481521219015122  abs.TestBoundary: 0j  time: 0.8625146998092532
epoch356  rel.Train: 0.01988941267132759  rel.Test: 0.02039560779929161  abs.Test: 0.016853986978530883  abs.TestBoundary: 0j  time: 0.8615861898288131
epoch357  rel.Train: 0.019600031584501267  rel.Test: 0.020297458171844484  abs.Test: 0.01677989020943642  abs.TestBoundary: 0j  time: 0.8613890260457993
epoch358  rel.Train: 0.019986485436558725  rel.Test: 0.02009822577238083  abs.Test: 0.01661397099494934  abs.TestBoundary: 0j  time: 0.8622510079294443
epoch359  rel.Train: 0.019631089136004448  rel.Test: 0.020891461968421936  abs.Test: 0.01726632982492447  abs.TestBoundary: 0j  time: 0.8615188649855554
epoch360  rel.Train: 0.019791275709867478  rel.Test: 0.020733072459697723  abs.Test: 0.01713596224784851  abs.TestBoundary: 0j  time: 0.8616535761393607
epoch361  rel.Train: 0.020067911207675933  rel.Test: 0.020588600784540178  abs.Test: 0.017012611627578736  abs.TestBoundary: 0j  time: 0.8622685559093952
epoch362  rel.Train: 0.019662312358617783  rel.Test: 0.020620779991149904  abs.Test: 0.017043893337249757  abs.TestBoundary: 0j  time: 0.8623646078631282
epoch363  rel.Train: 0.019491542875766755  rel.Test: 0.02031572610139847  abs.Test: 0.01678566962480545  abs.TestBoundary: 0j  time: 0.8628543028607965
epoch364  rel.Train: 0.019879006385803224  rel.Test: 0.02030521661043167  abs.Test: 0.016781839728355407  abs.TestBoundary: 0j  time: 0.8617757889442146
epoch365  rel.Train: 0.019963454276323317  rel.Test: 0.02097311496734619  abs.Test: 0.017324614226818084  abs.TestBoundary: 0j  time: 0.8626567958854139
epoch366  rel.Train: 0.020138903871178625  rel.Test: 0.02071627363562584  abs.Test: 0.017125908583402634  abs.TestBoundary: 0j  time: 0.8618140649050474
epoch367  rel.Train: 0.019751680701971055  rel.Test: 0.019806610196828844  abs.Test: 0.016368486732244492  abs.TestBoundary: 0j  time: 0.8607821660116315
epoch368  rel.Train: 0.019175760582089425  rel.Test: 0.01990933895111084  abs.Test: 0.01645561307668686  abs.TestBoundary: 0j  time: 0.8614159361459315
epoch369  rel.Train: 0.01947929483652115  rel.Test: 0.020292876958847045  abs.Test: 0.01677663892507553  abs.TestBoundary: 0j  time: 0.8608044041320682
epoch370  rel.Train: 0.01975665618479252  rel.Test: 0.0207439586520195  abs.Test: 0.017150915265083312  abs.TestBoundary: 0j  time: 0.860922351013869
epoch371  rel.Train: 0.019366834938526152  rel.Test: 0.019740679264068604  abs.Test: 0.016316457539796828  abs.TestBoundary: 0j  time: 0.8612014660611749
epoch372  rel.Train: 0.019446379333734512  rel.Test: 0.0210970239341259  abs.Test: 0.017433405965566636  abs.TestBoundary: 0j  time: 0.8607218828983605
epoch373  rel.Train: 0.0197039452791214  rel.Test: 0.020999981611967086  abs.Test: 0.01736335054039955  abs.TestBoundary: 0j  time: 0.8610703670419753
epoch374  rel.Train: 0.019551536411046982  rel.Test: 0.020274537354707717  abs.Test: 0.01675633102655411  abs.TestBoundary: 0j  time: 0.8613471589051187
epoch375  rel.Train: 0.01924458122253418  rel.Test: 0.019885428547859192  abs.Test: 0.01643611252307892  abs.TestBoundary: 0j  time: 0.8608119441196322
epoch376  rel.Train: 0.019403590470552446  rel.Test: 0.020386205911636354  abs.Test: 0.01684983566403389  abs.TestBoundary: 0j  time: 0.8620042791590095
epoch377  rel.Train: 0.01932754236459732  rel.Test: 0.019871717244386675  abs.Test: 0.016423409432172777  abs.TestBoundary: 0j  time: 0.8625353053212166
epoch378  rel.Train: 0.019479431092739107  rel.Test: 0.020092915892601013  abs.Test: 0.01660738170146942  abs.TestBoundary: 0j  time: 0.8612112090922892
epoch379  rel.Train: 0.01927546736598015  rel.Test: 0.019880920350551605  abs.Test: 0.01643568530678749  abs.TestBoundary: 0j  time: 0.8605989399366081
epoch380  rel.Train: 0.01930389788746834  rel.Test: 0.019909959733486176  abs.Test: 0.01645490825176239  abs.TestBoundary: 0j  time: 0.8610505010001361
epoch381  rel.Train: 0.019238343715667724  rel.Test: 0.019728120267391205  abs.Test: 0.016305035352706908  abs.TestBoundary: 0j  time: 0.8618522807955742
epoch382  rel.Train: 0.019127341985702515  rel.Test: 0.01955899178981781  abs.Test: 0.016166136115789414  abs.TestBoundary: 0j  time: 0.8607633239589632
epoch383  rel.Train: 0.0190609270632267  rel.Test: 0.020340004712343217  abs.Test: 0.016810210943222045  abs.TestBoundary: 0j  time: 0.8611157229170203
epoch384  rel.Train: 0.019459511697292327  rel.Test: 0.020516245812177657  abs.Test: 0.01695528656244278  abs.TestBoundary: 0j  time: 0.8618540968745947
epoch385  rel.Train: 0.01907015223801136  rel.Test: 0.019695285260677337  abs.Test: 0.016282190382480622  abs.TestBoundary: 0j  time: 0.861560293007642
epoch386  rel.Train: 0.018943685710430144  rel.Test: 0.01958709567785263  abs.Test: 0.01618737891316414  abs.TestBoundary: 0j  time: 0.861593906302005
epoch387  rel.Train: 0.018901805847883226  rel.Test: 0.020175555348396303  abs.Test: 0.0166795451939106  abs.TestBoundary: 0j  time: 0.8605641177855432
epoch388  rel.Train: 0.019772581368684768  rel.Test: 0.021055481135845183  abs.Test: 0.017408077269792557  abs.TestBoundary: 0j  time: 0.8611617437563837
epoch389  rel.Train: 0.019401228815317154  rel.Test: 0.021425182074308394  abs.Test: 0.017717784494161604  abs.TestBoundary: 0j  time: 0.8609693991020322
epoch390  rel.Train: 0.01916902694106102  rel.Test: 0.01930598631501198  abs.Test: 0.01595737174153328  abs.TestBoundary: 0j  time: 0.8613602709956467
epoch391  rel.Train: 0.01879603959619999  rel.Test: 0.020380437672138214  abs.Test: 0.01685088485479355  abs.TestBoundary: 0j  time: 0.8625684669241309
epoch392  rel.Train: 0.01883517202734947  rel.Test: 0.019537146240472793  abs.Test: 0.01614752769470215  abs.TestBoundary: 0j  time: 0.8616541619412601
epoch393  rel.Train: 0.018830394104123117  rel.Test: 0.019307508766651153  abs.Test: 0.01596130758523941  abs.TestBoundary: 0j  time: 0.8620408209972084
epoch394  rel.Train: 0.019055824667215348  rel.Test: 0.021543692499399185  abs.Test: 0.017801762521266938  abs.TestBoundary: 0j  time: 0.8613299722783267
epoch395  rel.Train: 0.01968407502770424  rel.Test: 0.020189656019210814  abs.Test: 0.01668821454048157  abs.TestBoundary: 0j  time: 0.8620842858217657
epoch396  rel.Train: 0.019517968118190766  rel.Test: 0.019503764808177948  abs.Test: 0.016123259365558626  abs.TestBoundary: 0j  time: 0.8626243509352207
epoch397  rel.Train: 0.01895542049407959  rel.Test: 0.01976174384355545  abs.Test: 0.016334875375032424  abs.TestBoundary: 0j  time: 0.8616913883015513
epoch398  rel.Train: 0.018839638710021974  rel.Test: 0.019205179065465927  abs.Test: 0.01587288036942482  abs.TestBoundary: 0j  time: 0.8624033411033452
epoch399  rel.Train: 0.018674881458282472  rel.Test: 0.019077899903059005  abs.Test: 0.015767734944820404  abs.TestBoundary: 0j  time: 0.862248505000025
epoch400  rel.Train: 0.018825109601020813  rel.Test: 0.01962675303220749  abs.Test: 0.016224493384361268  abs.TestBoundary: 0j  time: 0.8621476497501135
epoch401  rel.Train: 0.018844289630651476  rel.Test: 0.019340500831604004  abs.Test: 0.015983248502016066  abs.TestBoundary: 0j  time: 0.8614568710327148
epoch402  rel.Train: 0.018576815515756608  rel.Test: 0.019262365698814392  abs.Test: 0.015923496186733246  abs.TestBoundary: 0j  time: 0.8623198140412569
epoch403  rel.Train: 0.018683627292513848  rel.Test: 0.018979000151157378  abs.Test: 0.015686933249235153  abs.TestBoundary: 0j  time: 0.8627062211744487
epoch404  rel.Train: 0.018957500010728837  rel.Test: 0.02014457404613495  abs.Test: 0.016652581542730333  abs.TestBoundary: 0j  time: 0.8622745699249208
epoch405  rel.Train: 0.01886011227965355  rel.Test: 0.01995460093021393  abs.Test: 0.016491933166980742  abs.TestBoundary: 0j  time: 0.863992583937943
epoch406  rel.Train: 0.018907562911510467  rel.Test: 0.019053069055080415  abs.Test: 0.01574771136045456  abs.TestBoundary: 0j  time: 0.8619098351337016
epoch407  rel.Train: 0.01854829478263855  rel.Test: 0.019197582602500915  abs.Test: 0.015869291722774504  abs.TestBoundary: 0j  time: 0.8626835509203374
epoch408  rel.Train: 0.018562762171030044  rel.Test: 0.01931196704506874  abs.Test: 0.015963167399168015  abs.TestBoundary: 0j  time: 0.8619004860520363
epoch409  rel.Train: 0.018611015751957893  rel.Test: 0.01929120108485222  abs.Test: 0.01594825491309166  abs.TestBoundary: 0j  time: 0.8625934240408242
epoch410  rel.Train: 0.018817268043756486  rel.Test: 0.01951014831662178  abs.Test: 0.016126651614904404  abs.TestBoundary: 0j  time: 0.8620189959183335
epoch411  rel.Train: 0.01854294529557228  rel.Test: 0.019042343944311143  abs.Test: 0.015738226026296615  abs.TestBoundary: 0j  time: 0.8631601529195905
epoch412  rel.Train: 0.018574512511491774  rel.Test: 0.01893423318862915  abs.Test: 0.015648358166217805  abs.TestBoundary: 0j  time: 0.8615323454141617
epoch413  rel.Train: 0.018602740958333017  rel.Test: 0.019276373982429505  abs.Test: 0.015934332013130187  abs.TestBoundary: 0j  time: 0.8624428082257509
epoch414  rel.Train: 0.018586395844817163  rel.Test: 0.019034613370895386  abs.Test: 0.015735452324151994  abs.TestBoundary: 0j  time: 0.8619314478710294
epoch415  rel.Train: 0.01864772292971611  rel.Test: 0.019017603993415833  abs.Test: 0.015718892216682434  abs.TestBoundary: 0j  time: 0.8616487681865692
epoch416  rel.Train: 0.01851579123735428  rel.Test: 0.019364008903503416  abs.Test: 0.016004971414804458  abs.TestBoundary: 0j  time: 0.8622622597031295
epoch417  rel.Train: 0.018538121208548544  rel.Test: 0.019143143594264986  abs.Test: 0.015825325548648836  abs.TestBoundary: 0j  time: 0.8619674970395863
epoch418  rel.Train: 0.018552468076348305  rel.Test: 0.018910878598690034  abs.Test: 0.015631361305713652  abs.TestBoundary: 0j  time: 0.8625641549006104
epoch419  rel.Train: 0.01842239162325859  rel.Test: 0.019097093641757965  abs.Test: 0.015786733776330948  abs.TestBoundary: 0j  time: 0.861881741322577
epoch420  rel.Train: 0.018330545216798784  rel.Test: 0.01929178982973099  abs.Test: 0.015949024260044097  abs.TestBoundary: 0j  time: 0.8638605969026685
epoch421  rel.Train: 0.01859412468969822  rel.Test: 0.01987761527299881  abs.Test: 0.016433402746915817  abs.TestBoundary: 0j  time: 0.8618757207877934
epoch422  rel.Train: 0.018486164689064027  rel.Test: 0.019498447328805922  abs.Test: 0.01612011969089508  abs.TestBoundary: 0j  time: 0.8624054468236864
epoch423  rel.Train: 0.01841615453362465  rel.Test: 0.018797806948423385  abs.Test: 0.015538047552108764  abs.TestBoundary: 0j  time: 0.8617332819849253
epoch424  rel.Train: 0.018179845586419104  rel.Test: 0.019064886569976805  abs.Test: 0.01575834468007088  abs.TestBoundary: 0j  time: 0.8627007771283388
epoch425  rel.Train: 0.01824136507511139  rel.Test: 0.018976601064205168  abs.Test: 0.01568708449602127  abs.TestBoundary: 0j  time: 0.8628803021274507
epoch426  rel.Train: 0.01822228652238846  rel.Test: 0.018972518444061278  abs.Test: 0.01568489372730255  abs.TestBoundary: 0j  time: 0.8614716660231352
epoch427  rel.Train: 0.018390240237116814  rel.Test: 0.01884090095758438  abs.Test: 0.015574053227901459  abs.TestBoundary: 0j  time: 0.8628273787908256
epoch428  rel.Train: 0.018325018927454948  rel.Test: 0.018961201906204223  abs.Test: 0.015675513446331023  abs.TestBoundary: 0j  time: 0.8612978691235185
epoch429  rel.Train: 0.01813742145895958  rel.Test: 0.018930407762527465  abs.Test: 0.015649592727422713  abs.TestBoundary: 0j  time: 0.8617295273579657
epoch430  rel.Train: 0.018563735619187356  rel.Test: 0.018756545186042785  abs.Test: 0.015501670241355896  abs.TestBoundary: 0j  time: 0.8634434160776436
epoch431  rel.Train: 0.018499526143074034  rel.Test: 0.018872041702270508  abs.Test: 0.015597656071186065  abs.TestBoundary: 0j  time: 0.8620988698676229
epoch432  rel.Train: 0.018428616881370544  rel.Test: 0.01913729727268219  abs.Test: 0.015821104347705842  abs.TestBoundary: 0j  time: 0.862091638147831
epoch433  rel.Train: 0.018291315257549286  rel.Test: 0.018920953273773192  abs.Test: 0.01564016044139862  abs.TestBoundary: 0j  time: 0.8629009150899947
epoch434  rel.Train: 0.018294610232114792  rel.Test: 0.01882925733923912  abs.Test: 0.015566246211528778  abs.TestBoundary: 0j  time: 0.8623318001627922
epoch435  rel.Train: 0.018135419994592665  rel.Test: 0.01888227880001068  abs.Test: 0.015609842240810395  abs.TestBoundary: 0j  time: 0.8618313227780163
epoch436  rel.Train: 0.01808897341787815  rel.Test: 0.01872811108827591  abs.Test: 0.015481177866458893  abs.TestBoundary: 0j  time: 0.8621606561355293
epoch437  rel.Train: 0.018239023551344873  rel.Test: 0.019053740203380586  abs.Test: 0.01575224384665489  abs.TestBoundary: 0j  time: 0.8631135351024568
epoch438  rel.Train: 0.018291869670152665  rel.Test: 0.01896021142601967  abs.Test: 0.01567126378417015  abs.TestBoundary: 0j  time: 0.8621073109097779
epoch439  rel.Train: 0.01825734257698059  rel.Test: 0.018809811472892762  abs.Test: 0.015549567341804505  abs.TestBoundary: 0j  time: 0.8627265151590109
epoch440  rel.Train: 0.01813821977376938  rel.Test: 0.01875310778617859  abs.Test: 0.015501387268304825  abs.TestBoundary: 0j  time: 0.8614871199242771
epoch441  rel.Train: 0.018111974745988847  rel.Test: 0.01892382651567459  abs.Test: 0.01564130574464798  abs.TestBoundary: 0j  time: 0.8631554720923305
epoch442  rel.Train: 0.018056047976017  rel.Test: 0.018820187747478484  abs.Test: 0.015558725744485856  abs.TestBoundary: 0j  time: 0.8628508020192385
epoch443  rel.Train: 0.018017501294612884  rel.Test: 0.01864674121141434  abs.Test: 0.01541419953107834  abs.TestBoundary: 0j  time: 0.8623569179326296
epoch444  rel.Train: 0.01803015898168087  rel.Test: 0.018788279294967652  abs.Test: 0.015531040132045745  abs.TestBoundary: 0j  time: 0.862774427048862
epoch445  rel.Train: 0.018089820116758346  rel.Test: 0.018716193735599518  abs.Test: 0.015471684038639069  abs.TestBoundary: 0j  time: 0.8618753561750054
epoch446  rel.Train: 0.017983491018414496  rel.Test: 0.018715829253196717  abs.Test: 0.015471731275320054  abs.TestBoundary: 0j  time: 0.8629027521237731
epoch447  rel.Train: 0.017936559870839117  rel.Test: 0.0186250376701355  abs.Test: 0.015395999103784561  abs.TestBoundary: 0j  time: 0.8621559287421405
epoch448  rel.Train: 0.017967239618301392  rel.Test: 0.018618488907814024  abs.Test: 0.015390407592058182  abs.TestBoundary: 0j  time: 0.8626079480163753
epoch449  rel.Train: 0.017958791375160217  rel.Test: 0.018820685744285585  abs.Test: 0.015555537790060043  abs.TestBoundary: 0j  time: 0.8633746271952987
epoch450  rel.Train: 0.017998754516243935  rel.Test: 0.01860660344362259  abs.Test: 0.015379780530929565  abs.TestBoundary: 0j  time: 0.8636141768656671
epoch451  rel.Train: 0.018009114921092986  rel.Test: 0.018577479720115662  abs.Test: 0.015356419831514359  abs.TestBoundary: 0j  time: 0.8646589717827737
epoch452  rel.Train: 0.017905980736017228  rel.Test: 0.018935695737600327  abs.Test: 0.015652797073125838  abs.TestBoundary: 0j  time: 0.864233432803303
epoch453  rel.Train: 0.01805402761697769  rel.Test: 0.018837528526782988  abs.Test: 0.015572327226400375  abs.TestBoundary: 0j  time: 0.8635149849578738
epoch454  rel.Train: 0.017952585667371748  rel.Test: 0.018622674942016602  abs.Test: 0.015393627732992172  abs.TestBoundary: 0j  time: 0.8641532999463379
epoch455  rel.Train: 0.017954264506697654  rel.Test: 0.01864715352654457  abs.Test: 0.015414325147867202  abs.TestBoundary: 0j  time: 0.8628222951665521
epoch456  rel.Train: 0.018037355452775954  rel.Test: 0.018840243816375734  abs.Test: 0.015572871416807174  abs.TestBoundary: 0j  time: 0.8644247511401772
epoch457  rel.Train: 0.01817512631416321  rel.Test: 0.018816675394773483  abs.Test: 0.015555471032857895  abs.TestBoundary: 0j  time: 0.8639167156070471
epoch458  rel.Train: 0.01798923568427563  rel.Test: 0.01861210972070694  abs.Test: 0.015384493619203568  abs.TestBoundary: 0j  time: 0.8656832077540457
epoch459  rel.Train: 0.018017780721187593  rel.Test: 0.018538668751716614  abs.Test: 0.015323806405067444  abs.TestBoundary: 0j  time: 0.8650057250633836
epoch460  rel.Train: 0.017956573098897935  rel.Test: 0.018693091273307802  abs.Test: 0.015452231168746949  abs.TestBoundary: 0j  time: 0.8648953591473401
epoch461  rel.Train: 0.017971033811569215  rel.Test: 0.018510048240423203  abs.Test: 0.015299962908029556  abs.TestBoundary: 0j  time: 0.8656287263147533
epoch462  rel.Train: 0.017904273867607116  rel.Test: 0.01857822135090828  abs.Test: 0.01535617172718048  abs.TestBoundary: 0j  time: 0.8673054347746074
epoch463  rel.Train: 0.017890363946557044  rel.Test: 0.01859987825155258  abs.Test: 0.015375469028949738  abs.TestBoundary: 0j  time: 0.8681891523301601
epoch464  rel.Train: 0.01791049970686436  rel.Test: 0.018638722896575928  abs.Test: 0.015405516475439071  abs.TestBoundary: 0j  time: 0.8679876700043678
epoch465  rel.Train: 0.018047533363103867  rel.Test: 0.018591450154781343  abs.Test: 0.015366272777318954  abs.TestBoundary: 0j  time: 0.8678588760085404
epoch466  rel.Train: 0.017858465373516083  rel.Test: 0.018671202063560485  abs.Test: 0.015433336943387985  abs.TestBoundary: 0j  time: 0.8669073069468141
epoch467  rel.Train: 0.017933220967650414  rel.Test: 0.01859700471162796  abs.Test: 0.015373321324586868  abs.TestBoundary: 0j  time: 0.8673850395716727
epoch468  rel.Train: 0.01786951133608818  rel.Test: 0.01884869799017906  abs.Test: 0.01558321014046669  abs.TestBoundary: 0j  time: 0.8672094317153096
epoch469  rel.Train: 0.01786337286233902  rel.Test: 0.01852936178445816  abs.Test: 0.01531707301735878  abs.TestBoundary: 0j  time: 0.868833445943892
epoch470  rel.Train: 0.017835894331336023  rel.Test: 0.01850093424320221  abs.Test: 0.015292754173278808  abs.TestBoundary: 0j  time: 0.8676617671735585
epoch471  rel.Train: 0.017821398094296455  rel.Test: 0.018561581671237944  abs.Test: 0.015344111323356628  abs.TestBoundary: 0j  time: 0.8680036580190063
epoch472  rel.Train: 0.017806130573153497  rel.Test: 0.018475702255964278  abs.Test: 0.015271793156862258  abs.TestBoundary: 0j  time: 0.8682402358390391
epoch473  rel.Train: 0.01780230838060379  rel.Test: 0.018500827699899674  abs.Test: 0.015292738378047944  abs.TestBoundary: 0j  time: 0.8679623599164188
epoch474  rel.Train: 0.01780086675286293  rel.Test: 0.018471344113349913  abs.Test: 0.01526868537068367  abs.TestBoundary: 0j  time: 0.8688388629816473
epoch475  rel.Train: 0.017825090274214743  rel.Test: 0.01862152487039566  abs.Test: 0.015392322838306428  abs.TestBoundary: 0j  time: 0.8679351983591914
epoch476  rel.Train: 0.017887535758316517  rel.Test: 0.01860302060842514  abs.Test: 0.015378537476062775  abs.TestBoundary: 0j  time: 0.867979658767581
epoch477  rel.Train: 0.017832476168870928  rel.Test: 0.01849728062748909  abs.Test: 0.015289457142353058  abs.TestBoundary: 0j  time: 0.8691739346832037
epoch478  rel.Train: 0.017801230132579803  rel.Test: 0.01852753773331642  abs.Test: 0.015315597057342529  abs.TestBoundary: 0j  time: 0.8730295468121767
epoch479  rel.Train: 0.017799204647541048  rel.Test: 0.018578135669231416  abs.Test: 0.015358079075813293  abs.TestBoundary: 0j  time: 0.8660509469918907
epoch480  rel.Train: 0.017791110694408415  rel.Test: 0.018505257815122605  abs.Test: 0.015296901613473891  abs.TestBoundary: 0j  time: 0.866107817273587
epoch481  rel.Train: 0.0177893029153347  rel.Test: 0.018482902497053148  abs.Test: 0.015278130173683166  abs.TestBoundary: 0j  time: 0.866905621252954
epoch482  rel.Train: 0.01776763093471527  rel.Test: 0.018486945033073424  abs.Test: 0.015282032042741776  abs.TestBoundary: 0j  time: 0.8660752042196691
epoch483  rel.Train: 0.01777667497098446  rel.Test: 0.018518488109111785  abs.Test: 0.015307819694280625  abs.TestBoundary: 0j  time: 0.864812633022666
epoch484  rel.Train: 0.01776679477095604  rel.Test: 0.018490339815616607  abs.Test: 0.015284676253795624  abs.TestBoundary: 0j  time: 0.8648580559529364
epoch485  rel.Train: 0.017764069125056268  rel.Test: 0.0184895321726799  abs.Test: 0.015283932983875275  abs.TestBoundary: 0j  time: 0.8654783768579364
epoch486  rel.Train: 0.01776630789041519  rel.Test: 0.01848903879523277  abs.Test: 0.015283515602350235  abs.TestBoundary: 0j  time: 0.8657754035666585
epoch487  rel.Train: 0.017758595019578934  rel.Test: 0.01847272366285324  abs.Test: 0.015270034074783325  abs.TestBoundary: 0j  time: 0.8634598292410374
epoch488  rel.Train: 0.017781129479408263  rel.Test: 0.01848536878824234  abs.Test: 0.015279722213745118  abs.TestBoundary: 0j  time: 0.8632746497169137
epoch489  rel.Train: 0.01777931974828243  rel.Test: 0.018489887416362764  abs.Test: 0.015284485220909118  abs.TestBoundary: 0j  time: 0.8636822449043393
epoch490  rel.Train: 0.01777341242134571  rel.Test: 0.01853447899222374  abs.Test: 0.015321638882160187  abs.TestBoundary: 0j  time: 0.8628715667873621
epoch491  rel.Train: 0.017773787051439286  rel.Test: 0.0184505096077919  abs.Test: 0.015251237004995345  abs.TestBoundary: 0j  time: 0.862698620185256
epoch492  rel.Train: 0.017741565346717836  rel.Test: 0.018477951884269716  abs.Test: 0.01527439683675766  abs.TestBoundary: 0j  time: 0.8621773580089211
epoch493  rel.Train: 0.017748112976551055  rel.Test: 0.01847274124622345  abs.Test: 0.015270129293203354  abs.TestBoundary: 0j  time: 0.8622360248118639
epoch494  rel.Train: 0.017752547800540926  rel.Test: 0.018529665917158128  abs.Test: 0.015317537039518356  abs.TestBoundary: 0j  time: 0.8622485590167344
epoch495  rel.Train: 0.01775619040429592  rel.Test: 0.01845256447792053  abs.Test: 0.015253128558397293  abs.TestBoundary: 0j  time: 0.8616036837920547
epoch496  rel.Train: 0.017754002302885055  rel.Test: 0.018482442498207092  abs.Test: 0.015278345793485642  abs.TestBoundary: 0j  time: 0.8614446646533906
epoch497  rel.Train: 0.017763989865779876  rel.Test: 0.018463837653398513  abs.Test: 0.01526265949010849  abs.TestBoundary: 0j  time: 0.8617340922355652
epoch498  rel.Train: 0.017742285564541816  rel.Test: 0.018485056906938552  abs.Test: 0.015280533730983734  abs.TestBoundary: 0j  time: 0.8603424206376076
epoch499  rel.Train: 0.017742783933877945  rel.Test: 0.018477287590503693  abs.Test: 0.015273833274841308  abs.TestBoundary: 0j  time: 0.8590939808636904
