original data: in (1324, 421, 421) out (1324, 421, 421)
used data: x_train (1000, 44521, 3) y_train (1000, 44521, 1) x_test (200, 44521, 3) y_test (200, 44521, 1)
############################################################ config of data ############################################################
type: normal
L: 1.0
downsample_ratio: 2
n_train: 1000
n_test: 200
pca_include_input: False
pca_include_grid: False
should_include_F: False
should_flatten: True
should_compute_bases: True
############################################################ config of model ############################################################
in_dim: 3
out_dim: 1
fc_channels: 128
layer_channels: [128, 128, 128, 128, 128]
layer_types: ['GalerkinConv', 'GalerkinConv', 'GalerkinConv', 'GalerkinConv']
act: gelu
should_residual: [False, False, False, False]
modes_gk: [512, 512, 512, 512]
bases_types: ['fourier', 'fourier', 'fourier', 'fourier']
wbases_types: ['fourier', 'fourier', 'fourier', 'fourier']
green_types: ['HierLrGreen', 'HierLrGreen', 'HierLrGreen', 'HierLrGreen']
ranks_h: [2, 2, 2, 2]
levels: [8, 8, 8, 8]
ranks_d: [8, 8, 8, 8]
heads: [8, 8, 8, 8]
############################################################ config of train ############################################################
device: cuda
normalization_x: True
normalization_y: True
normalization_dim: []
epochs: 500
batch_size: 8
scheduler: OneCycleLR
base_lr: 0.001
weight_decay: 0.0001
milestones: None
scheduler_gamma: None
############################################################ Start Training ############################################################
number of parameters is 8471809
no boundary loss
epoch0  rel.Train: 0.31696087181568144  rel.Test: 0.1405053886771202  abs.Test: 0.000944653800688684  abs.TestBoundary: 0j  time: 12.695354984141886
epoch1  rel.Train: 0.11964704740047455  rel.Test: 0.116452274620533  abs.Test: 0.0008047416852787138  abs.TestBoundary: 0j  time: 11.813817583024502
epoch2  rel.Train: 0.09886065179109574  rel.Test: 0.0956782615184784  abs.Test: 0.0006321586424019187  abs.TestBoundary: 0j  time: 11.822745208162814
epoch3  rel.Train: 0.06998493438959122  rel.Test: 0.05679336652159691  abs.Test: 0.00038711063447408376  abs.TestBoundary: 0j  time: 11.822464301250875
epoch4  rel.Train: 0.055140348196029663  rel.Test: 0.053476309925317767  abs.Test: 0.00035983048961497845  abs.TestBoundary: 0j  time: 11.833958539180458
epoch5  rel.Train: 0.04687389224767685  rel.Test: 0.0415238755941391  abs.Test: 0.0002806195546872914  abs.TestBoundary: 0j  time: 11.816558125894517
epoch6  rel.Train: 0.040011133342981335  rel.Test: 0.03738689959049225  abs.Test: 0.00025301490968558936  abs.TestBoundary: 0j  time: 11.822852671146393
epoch7  rel.Train: 0.03617323739826679  rel.Test: 0.03935419470071792  abs.Test: 0.0002657252986682579  abs.TestBoundary: 0j  time: 11.84761815564707
epoch8  rel.Train: 0.03600988057255745  rel.Test: 0.03719272926449776  abs.Test: 0.00025077829312067476  abs.TestBoundary: 0j  time: 11.876941098365933
epoch9  rel.Train: 0.03254932571947575  rel.Test: 0.03224454365670681  abs.Test: 0.00021915466408245265  abs.TestBoundary: 0j  time: 11.93424168182537
epoch10  rel.Train: 0.030342888414859773  rel.Test: 0.032672212049365046  abs.Test: 0.00022049039776902646  abs.TestBoundary: 0j  time: 11.964826520066708
epoch11  rel.Train: 0.02935474082827568  rel.Test: 0.02943183533847332  abs.Test: 0.00019902657775674014  abs.TestBoundary: 0j  time: 11.986102649010718
epoch12  rel.Train: 0.028809732496738433  rel.Test: 0.03213339306414127  abs.Test: 0.00021879985404666514  abs.TestBoundary: 0j  time: 12.021912943106145
epoch13  rel.Train: 0.02607795637845993  rel.Test: 0.026907784193754197  abs.Test: 0.0001820916379801929  abs.TestBoundary: 0j  time: 11.944025788921863
epoch14  rel.Train: 0.02517632654309273  rel.Test: 0.026561220064759253  abs.Test: 0.00017948707623872907  abs.TestBoundary: 0j  time: 11.930889102630317
epoch15  rel.Train: 0.026883995071053504  rel.Test: 0.027448701784014703  abs.Test: 0.00018538452277425677  abs.TestBoundary: 0j  time: 11.904509683139622
epoch16  rel.Train: 0.025080710500478744  rel.Test: 0.026937170401215554  abs.Test: 0.00018170653085689993  abs.TestBoundary: 0j  time: 11.880157073959708
epoch17  rel.Train: 0.024604812249541284  rel.Test: 0.024607746601104735  abs.Test: 0.00016620220267213882  abs.TestBoundary: 0j  time: 11.887973695993423
epoch18  rel.Train: 0.02378968620300293  rel.Test: 0.027037352174520492  abs.Test: 0.00018242995720356702  abs.TestBoundary: 0j  time: 11.893740626052022
epoch19  rel.Train: 0.02430095411837101  rel.Test: 0.028102529868483543  abs.Test: 0.00018949780554976313  abs.TestBoundary: 0j  time: 11.864166911225766
epoch20  rel.Train: 0.0215718232691288  rel.Test: 0.02389859065413475  abs.Test: 0.00016164642234798522  abs.TestBoundary: 0j  time: 11.925340134184808
epoch21  rel.Train: 0.022787578359246254  rel.Test: 0.02452143244445324  abs.Test: 0.00016590686223935336  abs.TestBoundary: 0j  time: 11.93715221202001
epoch22  rel.Train: 0.02071409785747528  rel.Test: 0.023814425468444825  abs.Test: 0.00016187223081942648  abs.TestBoundary: 0j  time: 11.932838027831167
epoch23  rel.Train: 0.020254541113972666  rel.Test: 0.023398496881127356  abs.Test: 0.0001582531980238855  abs.TestBoundary: 0j  time: 11.955584318377078
epoch24  rel.Train: 0.022715762093663217  rel.Test: 0.023377423509955406  abs.Test: 0.00015803014306584373  abs.TestBoundary: 0j  time: 12.02421634271741
epoch25  rel.Train: 0.020709071427583693  rel.Test: 0.02398978002369404  abs.Test: 0.00016248861385975032  abs.TestBoundary: 0j  time: 12.042510909028351
epoch26  rel.Train: 0.020317338347434998  rel.Test: 0.023262098729610443  abs.Test: 0.00015749076381325723  abs.TestBoundary: 0j  time: 12.030240900814533
epoch27  rel.Train: 0.01949561822414398  rel.Test: 0.022672379538416863  abs.Test: 0.000153152069542557  abs.TestBoundary: 0j  time: 12.027833484113216
epoch28  rel.Train: 0.019734627947211265  rel.Test: 0.024272259920835496  abs.Test: 0.0001644657424185425  abs.TestBoundary: 0j  time: 11.982235195115209
epoch29  rel.Train: 0.021813988789916038  rel.Test: 0.02231344670057297  abs.Test: 0.00015101699624210597  abs.TestBoundary: 0j  time: 11.981299450621009
epoch30  rel.Train: 0.019143927723169328  rel.Test: 0.02188300922513008  abs.Test: 0.00014809534419327975  abs.TestBoundary: 0j  time: 11.93478285195306
epoch31  rel.Train: 0.020024120688438417  rel.Test: 0.02445277765393257  abs.Test: 0.00016641927359160036  abs.TestBoundary: 0j  time: 11.959239083807915
epoch32  rel.Train: 0.01983793167024851  rel.Test: 0.023767252862453462  abs.Test: 0.00016071956313680856  abs.TestBoundary: 0j  time: 11.9350769193843
epoch33  rel.Train: 0.019073994129896164  rel.Test: 0.02179031178355217  abs.Test: 0.0001477813272504136  abs.TestBoundary: 0j  time: 11.963664514012635
epoch34  rel.Train: 0.018884099021553993  rel.Test: 0.028086254820227623  abs.Test: 0.00018818776588886977  abs.TestBoundary: 0j  time: 11.985691726673394
epoch35  rel.Train: 0.020010376319289206  rel.Test: 0.027454315945506097  abs.Test: 0.00018731838092207907  abs.TestBoundary: 0j  time: 11.950697212014347
epoch36  rel.Train: 0.01868630461394787  rel.Test: 0.021648961529135705  abs.Test: 0.00014599651680327952  abs.TestBoundary: 0j  time: 11.972574399784207
epoch37  rel.Train: 0.018734065286815167  rel.Test: 0.023316344767808913  abs.Test: 0.0001582540519302711  abs.TestBoundary: 0j  time: 11.983252837322652
epoch38  rel.Train: 0.019656541272997857  rel.Test: 0.022337239310145376  abs.Test: 0.0001504991197725758  abs.TestBoundary: 0j  time: 12.012861553113908
epoch39  rel.Train: 0.01924689617753029  rel.Test: 0.023591592386364938  abs.Test: 0.0001589584769681096  abs.TestBoundary: 0j  time: 12.02422863803804
epoch40  rel.Train: 0.018666503772139548  rel.Test: 0.02035556800663471  abs.Test: 0.00013760152040049434  abs.TestBoundary: 0j  time: 12.023737894836813
epoch41  rel.Train: 0.01805356350541115  rel.Test: 0.02085098847746849  abs.Test: 0.00014099738327786327  abs.TestBoundary: 0j  time: 12.070349283982068
epoch42  rel.Train: 0.01968829181790352  rel.Test: 0.021370606645941734  abs.Test: 0.00014458767138421534  abs.TestBoundary: 0j  time: 12.051009463146329
epoch43  rel.Train: 0.01785519302636385  rel.Test: 0.021600409224629403  abs.Test: 0.00014690670766867697  abs.TestBoundary: 0j  time: 12.034252346958965
epoch44  rel.Train: 0.017787930272519587  rel.Test: 0.021213433519005776  abs.Test: 0.0001430241297930479  abs.TestBoundary: 0j  time: 11.995786269195378
epoch45  rel.Train: 0.01848679954558611  rel.Test: 0.019706227481365204  abs.Test: 0.00013314645126229153  abs.TestBoundary: 0j  time: 12.023043196182698
epoch46  rel.Train: 0.017763027630746366  rel.Test: 0.020611546561121942  abs.Test: 0.00013913203438278287  abs.TestBoundary: 0j  time: 11.976746179163456
epoch47  rel.Train: 0.018319967433810234  rel.Test: 0.022655100747942924  abs.Test: 0.0001543691090773791  abs.TestBoundary: 0j  time: 11.972090715076774
epoch48  rel.Train: 0.017535767421126367  rel.Test: 0.02015726424753666  abs.Test: 0.00013676579779712484  abs.TestBoundary: 0j  time: 11.975665050093085
epoch49  rel.Train: 0.01776034691184759  rel.Test: 0.023845100700855257  abs.Test: 0.0001628401642665267  abs.TestBoundary: 0j  time: 12.01129729906097
epoch50  rel.Train: 0.0178932753354311  rel.Test: 0.019564023315906523  abs.Test: 0.0001324036213918589  abs.TestBoundary: 0j  time: 11.991311773192137
epoch51  rel.Train: 0.017501820266246797  rel.Test: 0.022315998673439027  abs.Test: 0.00015018987643998117  abs.TestBoundary: 0j  time: 12.036652581300586
epoch52  rel.Train: 0.01791581977903843  rel.Test: 0.021579255387187003  abs.Test: 0.00014613116130931302  abs.TestBoundary: 0j  time: 12.051478552166373
epoch53  rel.Train: 0.017182357005774977  rel.Test: 0.01913982391357422  abs.Test: 0.00012953578203450889  abs.TestBoundary: 0j  time: 12.0623519141227
epoch54  rel.Train: 0.01741549637168646  rel.Test: 0.019621600955724718  abs.Test: 0.0001322079123929143  abs.TestBoundary: 0j  time: 12.029356519691646
epoch55  rel.Train: 0.01827553980797529  rel.Test: 0.0213039044290781  abs.Test: 0.00014375041209859773  abs.TestBoundary: 0j  time: 12.069099524989724
epoch56  rel.Train: 0.019508946865797044  rel.Test: 0.023883430436253548  abs.Test: 0.00016269869345705956  abs.TestBoundary: 0j  time: 12.052285769954324
epoch57  rel.Train: 0.018683136992156506  rel.Test: 0.01922829672694206  abs.Test: 0.0001301218062872067  abs.TestBoundary: 0j  time: 12.034512938000262
epoch58  rel.Train: 0.017541079916059972  rel.Test: 0.02321107290685177  abs.Test: 0.0001584704907145351  abs.TestBoundary: 0j  time: 11.989165453705937
epoch59  rel.Train: 0.018595669463276863  rel.Test: 0.018840483948588373  abs.Test: 0.00012743609317112715  abs.TestBoundary: 0j  time: 12.011450713966042
epoch60  rel.Train: 0.016916149243712424  rel.Test: 0.02164746157824993  abs.Test: 0.00014792215515626594  abs.TestBoundary: 0j  time: 12.019790836144239
epoch61  rel.Train: 0.017983099825680256  rel.Test: 0.023806125000119208  abs.Test: 0.00016173527110368012  abs.TestBoundary: 0j  time: 12.024103940930218
epoch62  rel.Train: 0.01756144391745329  rel.Test: 0.026210070848464967  abs.Test: 0.00017904584296047688  abs.TestBoundary: 0j  time: 11.982880389783531
epoch63  rel.Train: 0.018112045869231225  rel.Test: 0.018744126744568348  abs.Test: 0.0001272073737345636  abs.TestBoundary: 0j  time: 12.019759549759328
epoch64  rel.Train: 0.0177014789134264  rel.Test: 0.021983717754483222  abs.Test: 0.000149703758652322  abs.TestBoundary: 0j  time: 11.996854541823268
epoch65  rel.Train: 0.017850372649729253  rel.Test: 0.021467019021511078  abs.Test: 0.00014582113799406217  abs.TestBoundary: 0j  time: 12.053613434080034
epoch66  rel.Train: 0.01892977409809828  rel.Test: 0.02228952378034592  abs.Test: 0.00015065851097460835  abs.TestBoundary: 0j  time: 12.020523075945675
epoch67  rel.Train: 0.017304084040224554  rel.Test: 0.01834535401314497  abs.Test: 0.000124348922399804  abs.TestBoundary: 0j  time: 12.02600525598973
epoch68  rel.Train: 0.017007487282156945  rel.Test: 0.018884788304567336  abs.Test: 0.0001279829879058525  abs.TestBoundary: 0j  time: 12.033160734921694
epoch69  rel.Train: 0.017664116449654103  rel.Test: 0.02444867268204689  abs.Test: 0.00016666623123455792  abs.TestBoundary: 0j  time: 12.037525876890868
epoch70  rel.Train: 0.017711675710976125  rel.Test: 0.019779468514025213  abs.Test: 0.0001341035435325466  abs.TestBoundary: 0j  time: 12.053221757058054
epoch71  rel.Train: 0.01734191381931305  rel.Test: 0.024139773473143576  abs.Test: 0.00016243638237938284  abs.TestBoundary: 0j  time: 12.037513310089707
epoch72  rel.Train: 0.018282548420131207  rel.Test: 0.02102198787033558  abs.Test: 0.000141868045902811  abs.TestBoundary: 0j  time: 12.033013590145856
epoch73  rel.Train: 0.01664191360771656  rel.Test: 0.019005734361708163  abs.Test: 0.00012816212780307978  abs.TestBoundary: 0j  time: 12.000868036877364
epoch74  rel.Train: 0.01761989613622427  rel.Test: 0.02195507623255253  abs.Test: 0.00014827430481091143  abs.TestBoundary: 0j  time: 11.98690340295434
epoch75  rel.Train: 0.01769393476843834  rel.Test: 0.022033603489398958  abs.Test: 0.00014826289610937239  abs.TestBoundary: 0j  time: 12.035192571114749
epoch76  rel.Train: 0.01837020080536604  rel.Test: 0.019511931166052817  abs.Test: 0.00013193964259698986  abs.TestBoundary: 0j  time: 12.028179834596813
epoch77  rel.Train: 0.017719190299510957  rel.Test: 0.019368873536586763  abs.Test: 0.00013050240580923854  abs.TestBoundary: 0j  time: 12.001284377183765
epoch78  rel.Train: 0.016967423789203167  rel.Test: 0.01784679725766182  abs.Test: 0.00012061433226335793  abs.TestBoundary: 0j  time: 12.048099788371474
epoch79  rel.Train: 0.017508956521749497  rel.Test: 0.025865368843078614  abs.Test: 0.00017422003438696265  abs.TestBoundary: 0j  time: 12.029023791663349
epoch80  rel.Train: 0.01646811819821596  rel.Test: 0.017663127332925795  abs.Test: 0.00011982278781943024  abs.TestBoundary: 0j  time: 12.056327901780605
epoch81  rel.Train: 0.01635757206380367  rel.Test: 0.01889056235551834  abs.Test: 0.00012752122012898325  abs.TestBoundary: 0j  time: 12.02985603408888
epoch82  rel.Train: 0.017631246998906135  rel.Test: 0.02595570117235184  abs.Test: 0.0001780521048931405  abs.TestBoundary: 0j  time: 12.037815584801137
epoch83  rel.Train: 0.017746817894279957  rel.Test: 0.018976920023560523  abs.Test: 0.000129012200050056  abs.TestBoundary: 0j  time: 12.02523587597534
epoch84  rel.Train: 0.017706583790481092  rel.Test: 0.01890788532793522  abs.Test: 0.0001278907255618833  abs.TestBoundary: 0j  time: 12.016658403910697
epoch85  rel.Train: 0.016144593007862567  rel.Test: 0.019513505026698113  abs.Test: 0.0001322078931843862  abs.TestBoundary: 0j  time: 12.03482640394941
epoch86  rel.Train: 0.017222196280956267  rel.Test: 0.017814122997224333  abs.Test: 0.00012049950746586546  abs.TestBoundary: 0j  time: 12.00299643818289
epoch87  rel.Train: 0.01655977602303028  rel.Test: 0.01787833284586668  abs.Test: 0.000121098977397196  abs.TestBoundary: 0j  time: 12.028994125779718
epoch88  rel.Train: 0.018033707864582537  rel.Test: 0.01895164731889963  abs.Test: 0.000128017844108399  abs.TestBoundary: 0j  time: 11.993354611098766
epoch89  rel.Train: 0.01752661447227001  rel.Test: 0.018821548521518707  abs.Test: 0.00012705659319180995  abs.TestBoundary: 0j  time: 11.995907759759575
epoch90  rel.Train: 0.016875804230570793  rel.Test: 0.019518045336008073  abs.Test: 0.0001321565348189324  abs.TestBoundary: 0j  time: 11.999515740200877
epoch91  rel.Train: 0.01654232997447252  rel.Test: 0.019036404490470886  abs.Test: 0.0001285686535993591  abs.TestBoundary: 0j  time: 12.009605192113668
epoch92  rel.Train: 0.01650093011558056  rel.Test: 0.017863494232296943  abs.Test: 0.00012066187162417918  abs.TestBoundary: 0j  time: 12.048509247135371
epoch93  rel.Train: 0.016852834865450857  rel.Test: 0.017635450623929502  abs.Test: 0.00011915805866010488  abs.TestBoundary: 0j  time: 12.060781868174672
epoch94  rel.Train: 0.016744377613067626  rel.Test: 0.02005754694342613  abs.Test: 0.00013616678770631552  abs.TestBoundary: 0j  time: 12.057593239936978
epoch95  rel.Train: 0.017915558800101282  rel.Test: 0.021384140476584435  abs.Test: 0.00014398207131307572  abs.TestBoundary: 0j  time: 12.063702818006277
epoch96  rel.Train: 0.017119727432727813  rel.Test: 0.01818331569433212  abs.Test: 0.00012240493058925494  abs.TestBoundary: 0j  time: 12.059663178864866
epoch97  rel.Train: 0.016789103738963605  rel.Test: 0.01730028070509434  abs.Test: 0.0001169930220930837  abs.TestBoundary: 0j  time: 12.026860954239964
epoch98  rel.Train: 0.0157128844037652  rel.Test: 0.01757142085582018  abs.Test: 0.00011834725795779377  abs.TestBoundary: 0j  time: 12.046333963982761
epoch99  rel.Train: 0.014866176009178162  rel.Test: 0.019976063966751098  abs.Test: 0.0001352815722930245  abs.TestBoundary: 0j  time: 12.040094579104334
epoch100  rel.Train: 0.016578066289424896  rel.Test: 0.018497371450066566  abs.Test: 0.00012508549727499485  abs.TestBoundary: 0j  time: 12.009474800899625
epoch101  rel.Train: 0.015810650035738946  rel.Test: 0.02110350728034973  abs.Test: 0.00014393046643817797  abs.TestBoundary: 0j  time: 12.038794384803623
epoch102  rel.Train: 0.01635095392167568  rel.Test: 0.019724303632974626  abs.Test: 0.00013342056248802692  abs.TestBoundary: 0j  time: 12.001212916336954
epoch103  rel.Train: 0.015371266461908817  rel.Test: 0.017009781077504157  abs.Test: 0.00011535424855537712  abs.TestBoundary: 0j  time: 12.032230873126537
epoch104  rel.Train: 0.015828695505857467  rel.Test: 0.021522678956389426  abs.Test: 0.00014545768004609272  abs.TestBoundary: 0j  time: 12.007948058657348
epoch105  rel.Train: 0.01708935470879078  rel.Test: 0.01840117432177067  abs.Test: 0.00012440382764907553  abs.TestBoundary: 0j  time: 11.993609370663762
epoch106  rel.Train: 0.015257848113775254  rel.Test: 0.02022595703601837  abs.Test: 0.000136457268090453  abs.TestBoundary: 0j  time: 12.02851498592645
epoch107  rel.Train: 0.015495202720165253  rel.Test: 0.01864859029650688  abs.Test: 0.00012629576202016323  abs.TestBoundary: 0j  time: 12.003653933294117
epoch108  rel.Train: 0.01513566791266203  rel.Test: 0.01689668022096157  abs.Test: 0.00011438447749242187  abs.TestBoundary: 0j  time: 11.99308213358745
epoch109  rel.Train: 0.015883684173226355  rel.Test: 0.01996891476213932  abs.Test: 0.00013522427732823417  abs.TestBoundary: 0j  time: 12.041089956182986
epoch110  rel.Train: 0.015650194928050042  rel.Test: 0.019731187596917152  abs.Test: 0.00013297293684445322  abs.TestBoundary: 0j  time: 12.09684788202867
epoch111  rel.Train: 0.01692058551311493  rel.Test: 0.02275898039340973  abs.Test: 0.00015512388723436742  abs.TestBoundary: 0j  time: 12.133791827131063
epoch112  rel.Train: 0.016031526260077953  rel.Test: 0.01989724166691303  abs.Test: 0.00013409603212494403  abs.TestBoundary: 0j  time: 12.030597025994211
epoch113  rel.Train: 0.015574507646262645  rel.Test: 0.01886611558496952  abs.Test: 0.0001276157540269196  abs.TestBoundary: 0j  time: 11.97771350108087
epoch114  rel.Train: 0.015308680199086665  rel.Test: 0.0171583816036582  abs.Test: 0.00011581611062865704  abs.TestBoundary: 0j  time: 11.934890957083553
epoch115  rel.Train: 0.01468611165136099  rel.Test: 0.018448572307825088  abs.Test: 0.0001247752466588281  abs.TestBoundary: 0j  time: 11.89024969143793
epoch116  rel.Train: 0.015320436097681522  rel.Test: 0.019677602276206015  abs.Test: 0.0001321156692574732  abs.TestBoundary: 0j  time: 11.925224059261382
epoch117  rel.Train: 0.015398675724864006  rel.Test: 0.02190127544105053  abs.Test: 0.00014665452006738634  abs.TestBoundary: 0j  time: 11.893960178364068
epoch118  rel.Train: 0.014599073633551597  rel.Test: 0.015533599331974983  abs.Test: 0.0001050034977379255  abs.TestBoundary: 0j  time: 11.930824191775173
epoch119  rel.Train: 0.015571574069559575  rel.Test: 0.019476690515875816  abs.Test: 0.00013071853580186145  abs.TestBoundary: 0j  time: 11.951833745930344
epoch120  rel.Train: 0.01497666573524475  rel.Test: 0.017673273161053656  abs.Test: 0.00011936842347495257  abs.TestBoundary: 0j  time: 11.942489649634808
epoch121  rel.Train: 0.01549457473307848  rel.Test: 0.017344041354954244  abs.Test: 0.00011712684412486852  abs.TestBoundary: 0j  time: 12.007182555738837
epoch122  rel.Train: 0.014521806694567204  rel.Test: 0.017140528932213784  abs.Test: 0.00011609100009081886  abs.TestBoundary: 0j  time: 11.990802217740566
epoch123  rel.Train: 0.014323041580617427  rel.Test: 0.01577047202736139  abs.Test: 0.00010667325987014919  abs.TestBoundary: 0j  time: 12.052659654058516
epoch124  rel.Train: 0.014140640266239643  rel.Test: 0.01877255894243717  abs.Test: 0.00012629563279915602  abs.TestBoundary: 0j  time: 12.0649573658593
epoch125  rel.Train: 0.015151534669101237  rel.Test: 0.01586910370737314  abs.Test: 0.00010739289224147797  abs.TestBoundary: 0j  time: 12.078428615350276
epoch126  rel.Train: 0.01479210453480482  rel.Test: 0.017029527127742767  abs.Test: 0.00011528967210324482  abs.TestBoundary: 0j  time: 12.042909629177302
epoch127  rel.Train: 0.014922232024371623  rel.Test: 0.015532825142145157  abs.Test: 0.00010518838942516595  abs.TestBoundary: 0j  time: 11.994979410432279
epoch128  rel.Train: 0.013998318932950497  rel.Test: 0.016305286586284638  abs.Test: 0.00011031425296096132  abs.TestBoundary: 0j  time: 11.928524079266936
epoch129  rel.Train: 0.014321012809872627  rel.Test: 0.02018448807299137  abs.Test: 0.00013627087231725453  abs.TestBoundary: 0j  time: 11.945868588984013
epoch130  rel.Train: 0.015005231358110905  rel.Test: 0.018815432414412497  abs.Test: 0.00012769156805006788  abs.TestBoundary: 0j  time: 11.9483303129673
epoch131  rel.Train: 0.0139053388312459  rel.Test: 0.015586256571114064  abs.Test: 0.00010542022791923956  abs.TestBoundary: 0j  time: 11.92149529280141
epoch132  rel.Train: 0.01437671773135662  rel.Test: 0.018932250812649726  abs.Test: 0.00012803294579498469  abs.TestBoundary: 0j  time: 11.930427060928196
epoch133  rel.Train: 0.014875364743173122  rel.Test: 0.01685701373964548  abs.Test: 0.00011365638929419219  abs.TestBoundary: 0j  time: 11.938505024183542
epoch134  rel.Train: 0.014363841034471988  rel.Test: 0.016308758296072482  abs.Test: 0.0001101139368256554  abs.TestBoundary: 0j  time: 11.95852217497304
epoch135  rel.Train: 0.014597077436745166  rel.Test: 0.015223116427659989  abs.Test: 0.00010288382298313082  abs.TestBoundary: 0j  time: 12.02432064525783
epoch136  rel.Train: 0.013988966636359691  rel.Test: 0.01964913949370384  abs.Test: 0.0001340009950217791  abs.TestBoundary: 0j  time: 12.034966244362295
epoch137  rel.Train: 0.01340179555118084  rel.Test: 0.014977951310575008  abs.Test: 0.00010109057766385376  abs.TestBoundary: 0j  time: 12.017671666108072
epoch138  rel.Train: 0.014044143043458461  rel.Test: 0.01671658556908369  abs.Test: 0.00011349649081239477  abs.TestBoundary: 0j  time: 12.06430659769103
epoch139  rel.Train: 0.014094958744943141  rel.Test: 0.016777445375919343  abs.Test: 0.00011331585381412878  abs.TestBoundary: 0j  time: 12.020077465102077
epoch140  rel.Train: 0.015130763880908489  rel.Test: 0.017350196093320846  abs.Test: 0.00011734805448213593  abs.TestBoundary: 0j  time: 12.053373740054667
epoch141  rel.Train: 0.01419865809381008  rel.Test: 0.017935881540179253  abs.Test: 0.00012125847395509481  abs.TestBoundary: 0j  time: 12.035090066026896
epoch142  rel.Train: 0.013475186847150326  rel.Test: 0.018957001641392707  abs.Test: 0.0001276743592461571  abs.TestBoundary: 0j  time: 11.98916734708473
epoch143  rel.Train: 0.013909716561436653  rel.Test: 0.0173301150649786  abs.Test: 0.00011739445675630122  abs.TestBoundary: 0j  time: 11.975508170202374
epoch144  rel.Train: 0.013514631122350693  rel.Test: 0.015931296572089197  abs.Test: 0.0001079243331332691  abs.TestBoundary: 0j  time: 11.99775273911655
epoch145  rel.Train: 0.01391103458404541  rel.Test: 0.01649288259446621  abs.Test: 0.00011167847231263294  abs.TestBoundary: 0j  time: 11.956324988044798
epoch146  rel.Train: 0.013973631896078587  rel.Test: 0.017853882275521756  abs.Test: 0.00012065418035490438  abs.TestBoundary: 0j  time: 12.000762473326176
epoch147  rel.Train: 0.013704826012253762  rel.Test: 0.018589303940534593  abs.Test: 0.00012494666822021827  abs.TestBoundary: 0j  time: 12.005047148093581
epoch148  rel.Train: 0.014027827359735966  rel.Test: 0.014839651212096214  abs.Test: 0.00010025581548688933  abs.TestBoundary: 0j  time: 11.977237822953612
epoch149  rel.Train: 0.013990155063569546  rel.Test: 0.016676253564655782  abs.Test: 0.00011283767642453313  abs.TestBoundary: 0j  time: 12.025009811855853
epoch150  rel.Train: 0.013667298398911953  rel.Test: 0.016799370273947716  abs.Test: 0.00011427386925788596  abs.TestBoundary: 0j  time: 12.037957266904414
epoch151  rel.Train: 0.013602893061935902  rel.Test: 0.017804803662002086  abs.Test: 0.00012033840524964035  abs.TestBoundary: 0j  time: 12.054933941923082
epoch152  rel.Train: 0.014141039229929446  rel.Test: 0.01998135730624199  abs.Test: 0.00013480421417625622  abs.TestBoundary: 0j  time: 12.055176349822432
epoch153  rel.Train: 0.014566293716430664  rel.Test: 0.017512287124991418  abs.Test: 0.00011856144585181027  abs.TestBoundary: 0j  time: 12.007807342801243
epoch154  rel.Train: 0.0128838412463665  rel.Test: 0.015549423471093178  abs.Test: 0.00010534471890423447  abs.TestBoundary: 0j  time: 12.00237997295335
epoch155  rel.Train: 0.01288253679126501  rel.Test: 0.01504401322454214  abs.Test: 0.00010146175976842642  abs.TestBoundary: 0j  time: 12.028729191981256
epoch156  rel.Train: 0.012704743206501007  rel.Test: 0.015404255613684654  abs.Test: 0.00010390515148174017  abs.TestBoundary: 0j  time: 12.022823512088507
epoch157  rel.Train: 0.014576791502535344  rel.Test: 0.020579155385494232  abs.Test: 0.00013877548597520216  abs.TestBoundary: 0j  time: 11.98339962400496
epoch158  rel.Train: 0.014211414732038975  rel.Test: 0.01637628585100174  abs.Test: 0.00011104803677881137  abs.TestBoundary: 0j  time: 11.966493875719607
epoch159  rel.Train: 0.013859679371118545  rel.Test: 0.015008367635309695  abs.Test: 0.00010136887576663866  abs.TestBoundary: 0j  time: 11.96147466916591
epoch160  rel.Train: 0.013017182447016239  rel.Test: 0.017058583609759807  abs.Test: 0.00011522898945258931  abs.TestBoundary: 0j  time: 11.996592829935253
epoch161  rel.Train: 0.0131299781575799  rel.Test: 0.014706268683075905  abs.Test: 9.949792525731028e-05  abs.TestBoundary: 0j  time: 11.998734292108566
epoch162  rel.Train: 0.013066918522119522  rel.Test: 0.017775231003761292  abs.Test: 0.00011979717703070492  abs.TestBoundary: 0j  time: 11.970174128189683
epoch163  rel.Train: 0.013341752082109451  rel.Test: 0.015159817077219487  abs.Test: 0.00010251663654344157  abs.TestBoundary: 0j  time: 12.015023535117507
epoch164  rel.Train: 0.01362762663513422  rel.Test: 0.014802591800689697  abs.Test: 0.00010007351374952123  abs.TestBoundary: 0j  time: 12.035682358779013
epoch165  rel.Train: 0.011970304094254971  rel.Test: 0.014794695898890495  abs.Test: 9.998680878197774e-05  abs.TestBoundary: 0j  time: 12.010152752976865
epoch166  rel.Train: 0.013026489108800889  rel.Test: 0.014940406493842602  abs.Test: 0.00010070279939100146  abs.TestBoundary: 0j  time: 12.013817952014506
epoch167  rel.Train: 0.0121482510343194  rel.Test: 0.014738908559083939  abs.Test: 9.9860618065577e-05  abs.TestBoundary: 0j  time: 12.007020757067949
epoch168  rel.Train: 0.012742336101830006  rel.Test: 0.015187466703355312  abs.Test: 0.00010264026757795364  abs.TestBoundary: 0j  time: 12.005580164957792
epoch169  rel.Train: 0.014195151105523109  rel.Test: 0.01567865114659071  abs.Test: 0.00010587876226054504  abs.TestBoundary: 0j  time: 11.981217455584556
epoch170  rel.Train: 0.012703583396971226  rel.Test: 0.016281762197613715  abs.Test: 0.00011012684961315245  abs.TestBoundary: 0j  time: 11.974692939780653
epoch171  rel.Train: 0.012469020999968052  rel.Test: 0.014981602653861045  abs.Test: 0.00010110334755154326  abs.TestBoundary: 0j  time: 12.003984624985605
epoch172  rel.Train: 0.012531808979809284  rel.Test: 0.016006719954311847  abs.Test: 0.00010865826072404162  abs.TestBoundary: 0j  time: 11.963496047537774
epoch173  rel.Train: 0.013282113380730152  rel.Test: 0.01893706101924181  abs.Test: 0.00012989964801818132  abs.TestBoundary: 0j  time: 11.973420313093811
epoch174  rel.Train: 0.012856227509677411  rel.Test: 0.014504393711686134  abs.Test: 9.823169617448002e-05  abs.TestBoundary: 0j  time: 12.00691086705774
epoch175  rel.Train: 0.013750983126461506  rel.Test: 0.015055155642330646  abs.Test: 0.000101490018714685  abs.TestBoundary: 0j  time: 12.02247378276661
epoch176  rel.Train: 0.012257611095905304  rel.Test: 0.014994156435132027  abs.Test: 0.00010141448670765385  abs.TestBoundary: 0j  time: 12.016399137675762
epoch177  rel.Train: 0.012756556145846844  rel.Test: 0.01742744043469429  abs.Test: 0.00011880429432494566  abs.TestBoundary: 0j  time: 12.029159690719098
epoch178  rel.Train: 0.01247973246127367  rel.Test: 0.015562077201902867  abs.Test: 0.00010528848564717918  abs.TestBoundary: 0j  time: 11.984550355933607
epoch179  rel.Train: 0.01244477590918541  rel.Test: 0.018306495659053325  abs.Test: 0.00012420910934451967  abs.TestBoundary: 0j  time: 12.001910944934934
epoch180  rel.Train: 0.011874662213027477  rel.Test: 0.014072154276072979  abs.Test: 9.524337045149878e-05  abs.TestBoundary: 0j  time: 12.039414986036718
epoch181  rel.Train: 0.01229404103755951  rel.Test: 0.01570575326681137  abs.Test: 0.00010644651600159705  abs.TestBoundary: 0j  time: 12.00056447321549
epoch182  rel.Train: 0.012074682235717773  rel.Test: 0.016586611792445183  abs.Test: 0.00011259948601946234  abs.TestBoundary: 0j  time: 11.990153228864074
epoch183  rel.Train: 0.012136672422289848  rel.Test: 0.014616760946810246  abs.Test: 9.905259736115113e-05  abs.TestBoundary: 0j  time: 11.981899328995496
epoch184  rel.Train: 0.012442029543220996  rel.Test: 0.014463321529328823  abs.Test: 9.784974507056177e-05  abs.TestBoundary: 0j  time: 11.982080770190805
epoch185  rel.Train: 0.012606434777379036  rel.Test: 0.015326560847461224  abs.Test: 0.00010333247686503455  abs.TestBoundary: 0j  time: 12.010819897986948
epoch186  rel.Train: 0.012146200135350227  rel.Test: 0.015585124120116233  abs.Test: 0.00010511160420719535  abs.TestBoundary: 0j  time: 11.974686493631452
epoch187  rel.Train: 0.012269648924469948  rel.Test: 0.015160352997481823  abs.Test: 0.00010258966533001512  abs.TestBoundary: 0j  time: 12.012196352239698
epoch188  rel.Train: 0.0119229424148798  rel.Test: 0.01626104686409235  abs.Test: 0.0001095202614669688  abs.TestBoundary: 0j  time: 12.01365551399067
epoch189  rel.Train: 0.012251957722008228  rel.Test: 0.015637452974915506  abs.Test: 0.00010571692691883073  abs.TestBoundary: 0j  time: 11.96749409288168
epoch190  rel.Train: 0.012503761887550355  rel.Test: 0.014973085522651673  abs.Test: 0.00010136672615772113  abs.TestBoundary: 0j  time: 11.998858655337244
epoch191  rel.Train: 0.011889248616993427  rel.Test: 0.016475611254572867  abs.Test: 0.0001118682711967267  abs.TestBoundary: 0j  time: 11.97180783515796
epoch192  rel.Train: 0.012228602714836598  rel.Test: 0.01505584668368101  abs.Test: 0.00010173330781981349  abs.TestBoundary: 0j  time: 12.009411582257599
epoch193  rel.Train: 0.011649977758526803  rel.Test: 0.013672279156744481  abs.Test: 9.262377599952742e-05  abs.TestBoundary: 0j  time: 11.993185117375106
epoch194  rel.Train: 0.011429489634931088  rel.Test: 0.01468966282904148  abs.Test: 9.893894632114098e-05  abs.TestBoundary: 0j  time: 12.022677844855934
epoch195  rel.Train: 0.011966356500983238  rel.Test: 0.014952146522700787  abs.Test: 0.00010098559519974515  abs.TestBoundary: 0j  time: 12.03808172326535
epoch196  rel.Train: 0.011797866068780423  rel.Test: 0.015307884216308593  abs.Test: 0.00010339393804315478  abs.TestBoundary: 0j  time: 12.005573105067015
epoch197  rel.Train: 0.01138150316476822  rel.Test: 0.014050927348434925  abs.Test: 9.491451928624883e-05  abs.TestBoundary: 0j  time: 12.04112678905949
epoch198  rel.Train: 0.011482097312808037  rel.Test: 0.014299727976322174  abs.Test: 9.733894781675189e-05  abs.TestBoundary: 0j  time: 12.014330560807139
epoch199  rel.Train: 0.011674206361174583  rel.Test: 0.013778157979249955  abs.Test: 9.305590996518732e-05  abs.TestBoundary: 0j  time: 12.0017588888295
epoch200  rel.Train: 0.011358395166695118  rel.Test: 0.014038130566477776  abs.Test: 9.48433342273347e-05  abs.TestBoundary: 0j  time: 12.030850203707814
epoch201  rel.Train: 0.01172119951993227  rel.Test: 0.015221909172832965  abs.Test: 0.00010302199487341568  abs.TestBoundary: 0j  time: 11.99457996012643
epoch202  rel.Train: 0.011693042837083339  rel.Test: 0.01533031277358532  abs.Test: 0.0001031744116335176  abs.TestBoundary: 0j  time: 11.980129973962903
epoch203  rel.Train: 0.011524208784103394  rel.Test: 0.014840827323496342  abs.Test: 0.0001004427464795299  abs.TestBoundary: 0j  time: 11.972060838714242
epoch204  rel.Train: 0.011551997385919095  rel.Test: 0.01458747874945402  abs.Test: 9.861062484560534e-05  abs.TestBoundary: 0j  time: 11.957896667998284
epoch205  rel.Train: 0.011853074617683888  rel.Test: 0.01408167127519846  abs.Test: 9.548971924232319e-05  abs.TestBoundary: 0j  time: 11.958858062978834
epoch206  rel.Train: 0.01088339801132679  rel.Test: 0.013466827422380447  abs.Test: 9.109883976634591e-05  abs.TestBoundary: 0j  time: 11.960583484265953
epoch207  rel.Train: 0.011638853274285793  rel.Test: 0.014232111908495427  abs.Test: 9.602680220268666e-05  abs.TestBoundary: 0j  time: 11.968747147824615
epoch208  rel.Train: 0.011025810450315475  rel.Test: 0.013872563913464546  abs.Test: 9.398698923178017e-05  abs.TestBoundary: 0j  time: 12.023056218866259
epoch209  rel.Train: 0.011164629578590393  rel.Test: 0.01455553539097309  abs.Test: 9.818189399084076e-05  abs.TestBoundary: 0j  time: 11.986667368095368
epoch210  rel.Train: 0.011452169351279736  rel.Test: 0.013552016392350198  abs.Test: 9.179939224850387e-05  abs.TestBoundary: 0j  time: 12.022861293051392
epoch211  rel.Train: 0.011108440913259982  rel.Test: 0.015084660947322845  abs.Test: 0.00010177851363550872  abs.TestBoundary: 0j  time: 11.98920005466789
epoch212  rel.Train: 0.011221936725080013  rel.Test: 0.014051099680364132  abs.Test: 9.511471638688818e-05  abs.TestBoundary: 0j  time: 12.035416754428297
epoch213  rel.Train: 0.01133790074288845  rel.Test: 0.01425595086067915  abs.Test: 9.63814472197555e-05  abs.TestBoundary: 0j  time: 12.002060606144369
epoch214  rel.Train: 0.011199131064116954  rel.Test: 0.014769265837967395  abs.Test: 9.965724893845618e-05  abs.TestBoundary: 0j  time: 12.036794270854443
epoch215  rel.Train: 0.010851196445524692  rel.Test: 0.01523106563836336  abs.Test: 0.00010398704034741968  abs.TestBoundary: 0j  time: 12.039542426355183
epoch216  rel.Train: 0.011460543297231198  rel.Test: 0.013444129228591919  abs.Test: 9.099680843064561e-05  abs.TestBoundary: 0j  time: 11.999243401922286
epoch217  rel.Train: 0.010487488351762294  rel.Test: 0.01369877677410841  abs.Test: 9.282356622861699e-05  abs.TestBoundary: 0j  time: 12.045508166775107
epoch218  rel.Train: 0.011286789327859878  rel.Test: 0.014082399122416973  abs.Test: 9.508645336609334e-05  abs.TestBoundary: 0j  time: 11.998141895979643
epoch219  rel.Train: 0.01038006167113781  rel.Test: 0.018171337246894837  abs.Test: 0.00012138248712290078  abs.TestBoundary: 0j  time: 11.987345917150378
epoch220  rel.Train: 0.010987219542264939  rel.Test: 0.016134380400180816  abs.Test: 0.00010935635596979409  abs.TestBoundary: 0j  time: 11.986448859795928
epoch221  rel.Train: 0.011556083761155606  rel.Test: 0.01446593165397644  abs.Test: 9.76818794151768e-05  abs.TestBoundary: 0j  time: 11.984300177078694
epoch222  rel.Train: 0.01066929592937231  rel.Test: 0.013841092735528946  abs.Test: 9.346114384243265e-05  abs.TestBoundary: 0j  time: 11.975719458889216
epoch223  rel.Train: 0.010510676778852939  rel.Test: 0.014508720822632312  abs.Test: 9.789737348910422e-05  abs.TestBoundary: 0j  time: 11.984556807205081
epoch224  rel.Train: 0.010440298683941364  rel.Test: 0.013432014659047127  abs.Test: 9.083465731237084e-05  abs.TestBoundary: 0j  time: 11.975853083189577
epoch225  rel.Train: 0.010486128307878971  rel.Test: 0.013336978368461132  abs.Test: 9.034840652020648e-05  abs.TestBoundary: 0j  time: 11.975887462031096
epoch226  rel.Train: 0.010865083076059818  rel.Test: 0.01372700948268175  abs.Test: 9.293324168538675e-05  abs.TestBoundary: 0j  time: 11.973330759909004
epoch227  rel.Train: 0.011125309899449348  rel.Test: 0.013483444228768349  abs.Test: 9.119714435655624e-05  abs.TestBoundary: 0j  time: 11.977880937978625
epoch228  rel.Train: 0.010758033193647862  rel.Test: 0.013604892529547214  abs.Test: 9.185348695609718e-05  abs.TestBoundary: 0j  time: 11.972657427191734
epoch229  rel.Train: 0.01084175781160593  rel.Test: 0.013220126032829285  abs.Test: 8.947868802351877e-05  abs.TestBoundary: 0j  time: 11.98052854789421
epoch230  rel.Train: 0.010881194300949573  rel.Test: 0.013753768429160118  abs.Test: 9.291500406106934e-05  abs.TestBoundary: 0j  time: 11.971979085355997
epoch231  rel.Train: 0.009883904181420803  rel.Test: 0.013167071901261807  abs.Test: 8.894622820662334e-05  abs.TestBoundary: 0j  time: 12.018678579945117
epoch232  rel.Train: 0.010824999317526817  rel.Test: 0.01580174371600151  abs.Test: 0.00010696363722672686  abs.TestBoundary: 0j  time: 12.017951268237084
epoch233  rel.Train: 0.01102266675978899  rel.Test: 0.013403583019971847  abs.Test: 9.070688160136343e-05  abs.TestBoundary: 0j  time: 12.018582196906209
epoch234  rel.Train: 0.010910886868834496  rel.Test: 0.013188842758536339  abs.Test: 8.912996796425432e-05  abs.TestBoundary: 0j  time: 12.015343783423305
epoch235  rel.Train: 0.010312537007033825  rel.Test: 0.013041521981358528  abs.Test: 8.832276507746429e-05  abs.TestBoundary: 0j  time: 12.018049438949674
epoch236  rel.Train: 0.009952998429536819  rel.Test: 0.013384650573134422  abs.Test: 9.030223445734009e-05  abs.TestBoundary: 0j  time: 11.982741467654705
epoch237  rel.Train: 0.010186202384531499  rel.Test: 0.013148875869810582  abs.Test: 8.890173281542956e-05  abs.TestBoundary: 0j  time: 11.974662481807172
epoch238  rel.Train: 0.009773160509765148  rel.Test: 0.012872454300522805  abs.Test: 8.706763241207227e-05  abs.TestBoundary: 0j  time: 11.99184186058119
epoch239  rel.Train: 0.01098254681378603  rel.Test: 0.014569740146398544  abs.Test: 9.880937577690929e-05  abs.TestBoundary: 0j  time: 12.02568470267579
epoch240  rel.Train: 0.010321925088763237  rel.Test: 0.01315813098102808  abs.Test: 8.894615981262177e-05  abs.TestBoundary: 0j  time: 11.989831895101815
epoch241  rel.Train: 0.010277255773544311  rel.Test: 0.013726251609623432  abs.Test: 9.268953144783154e-05  abs.TestBoundary: 0j  time: 12.021274896804243
epoch242  rel.Train: 0.009871248953044415  rel.Test: 0.013796500116586684  abs.Test: 9.344381920527667e-05  abs.TestBoundary: 0j  time: 11.98284421209246
epoch243  rel.Train: 0.009698818147182464  rel.Test: 0.012977896854281426  abs.Test: 8.782571676420048e-05  abs.TestBoundary: 0j  time: 12.02203702321276
epoch244  rel.Train: 0.010454459369182587  rel.Test: 0.01365005448460579  abs.Test: 9.193168458295986e-05  abs.TestBoundary: 0j  time: 11.98370274482295
epoch245  rel.Train: 0.01002098836377263  rel.Test: 0.013528676517307759  abs.Test: 9.18500401894562e-05  abs.TestBoundary: 0j  time: 11.986994687002152
epoch246  rel.Train: 0.010174593627452851  rel.Test: 0.013213892430067063  abs.Test: 8.913480531191453e-05  abs.TestBoundary: 0j  time: 11.982333562802523
epoch247  rel.Train: 0.01012902358174324  rel.Test: 0.013487361371517181  abs.Test: 9.12340750801377e-05  abs.TestBoundary: 0j  time: 11.982769706752151
epoch248  rel.Train: 0.010611511424183845  rel.Test: 0.01326551839709282  abs.Test: 8.975807897513732e-05  abs.TestBoundary: 0j  time: 11.994047430809587
epoch249  rel.Train: 0.009697709895670413  rel.Test: 0.013040273450314999  abs.Test: 8.831248822389171e-05  abs.TestBoundary: 0j  time: 11.99643796728924
epoch250  rel.Train: 0.009897516321390867  rel.Test: 0.013490240797400474  abs.Test: 9.114598506130279e-05  abs.TestBoundary: 0j  time: 11.986360476352274
epoch251  rel.Train: 0.010382350742816925  rel.Test: 0.013201871141791343  abs.Test: 8.900616347091273e-05  abs.TestBoundary: 0j  time: 11.991649428382516
epoch252  rel.Train: 0.010104930445551873  rel.Test: 0.014043553322553635  abs.Test: 9.529837901936844e-05  abs.TestBoundary: 0j  time: 12.02153894584626
epoch253  rel.Train: 0.009642911911010741  rel.Test: 0.01321572121232748  abs.Test: 8.93805967643857e-05  abs.TestBoundary: 0j  time: 11.987317144870758
epoch254  rel.Train: 0.009452230930328369  rel.Test: 0.01407303437590599  abs.Test: 9.560690348735079e-05  abs.TestBoundary: 0j  time: 12.023044723086059
epoch255  rel.Train: 0.009483751766383648  rel.Test: 0.013122950419783593  abs.Test: 8.885209885193035e-05  abs.TestBoundary: 0j  time: 12.025975143071264
epoch256  rel.Train: 0.009307866476476193  rel.Test: 0.013751534670591354  abs.Test: 9.301056910771876e-05  abs.TestBoundary: 0j  time: 11.982261480763555
epoch257  rel.Train: 0.009362709391862154  rel.Test: 0.012971716783940792  abs.Test: 8.751376706641168e-05  abs.TestBoundary: 0j  time: 12.027513078879565
epoch258  rel.Train: 0.009615250755101442  rel.Test: 0.013321938104927539  abs.Test: 8.996031887363643e-05  abs.TestBoundary: 0j  time: 12.021621379069984
epoch259  rel.Train: 0.009870396338403226  rel.Test: 0.012723212018609048  abs.Test: 8.601896464824677e-05  abs.TestBoundary: 0j  time: 11.983276952058077
epoch260  rel.Train: 0.009209668483585119  rel.Test: 0.013444160297513007  abs.Test: 9.095931658521294e-05  abs.TestBoundary: 0j  time: 12.015816309023649
epoch261  rel.Train: 0.010120556809008122  rel.Test: 0.012549623996019364  abs.Test: 8.492013294016942e-05  abs.TestBoundary: 0j  time: 11.98923587007448
epoch262  rel.Train: 0.009489085171371698  rel.Test: 0.012406969852745533  abs.Test: 8.399888756684958e-05  abs.TestBoundary: 0j  time: 11.985262457281351
epoch263  rel.Train: 0.009384367790073156  rel.Test: 0.01430830679833889  abs.Test: 9.681289433501661e-05  abs.TestBoundary: 0j  time: 12.025069791823626
epoch264  rel.Train: 0.009689191430807114  rel.Test: 0.012974777109920978  abs.Test: 8.766768383793533e-05  abs.TestBoundary: 0j  time: 12.025703919120133
epoch265  rel.Train: 0.009459482099860906  rel.Test: 0.013430020660161973  abs.Test: 9.095692221308127e-05  abs.TestBoundary: 0j  time: 12.01818249002099
epoch266  rel.Train: 0.009137492999434471  rel.Test: 0.012666869722306729  abs.Test: 8.560893242247403e-05  abs.TestBoundary: 0j  time: 11.984333973843604
epoch267  rel.Train: 0.009406279042363167  rel.Test: 0.01302723292261362  abs.Test: 8.846296143019572e-05  abs.TestBoundary: 0j  time: 12.029692275915295
epoch268  rel.Train: 0.008880391202867032  rel.Test: 0.012877316735684872  abs.Test: 8.70643457164988e-05  abs.TestBoundary: 0j  time: 11.987128772307187
epoch269  rel.Train: 0.009190669514238834  rel.Test: 0.012731269709765911  abs.Test: 8.605808485299348e-05  abs.TestBoundary: 0j  time: 11.98860961291939
epoch270  rel.Train: 0.009738552898168563  rel.Test: 0.01277731206268072  abs.Test: 8.62644865992479e-05  abs.TestBoundary: 0j  time: 12.042825078126043
epoch271  rel.Train: 0.009260550808161497  rel.Test: 0.013164479173719884  abs.Test: 8.945237379521132e-05  abs.TestBoundary: 0j  time: 12.00841866619885
epoch272  rel.Train: 0.009285842049866915  rel.Test: 0.012935508601367473  abs.Test: 8.752911322517321e-05  abs.TestBoundary: 0j  time: 12.046244861092418
epoch273  rel.Train: 0.009360592179000378  rel.Test: 0.013611209653317928  abs.Test: 9.157651482382789e-05  abs.TestBoundary: 0j  time: 12.038068401161581
epoch274  rel.Train: 0.009311405815184116  rel.Test: 0.012390713803470135  abs.Test: 8.375352073926479e-05  abs.TestBoundary: 0j  time: 12.088486259803176
epoch275  rel.Train: 0.008685449954122305  rel.Test: 0.012438154034316539  abs.Test: 8.436503791017458e-05  abs.TestBoundary: 0j  time: 12.08621944533661
epoch276  rel.Train: 0.009498613238334655  rel.Test: 0.013444765321910381  abs.Test: 9.02276681154035e-05  abs.TestBoundary: 0j  time: 12.042604935821146
epoch277  rel.Train: 0.008983931481838226  rel.Test: 0.012293326556682587  abs.Test: 8.306300383992493e-05  abs.TestBoundary: 0j  time: 12.038723405916244
epoch278  rel.Train: 0.008631205152720213  rel.Test: 0.013494624458253383  abs.Test: 9.164289513137191e-05  abs.TestBoundary: 0j  time: 12.052406492177397
epoch279  rel.Train: 0.008665468111634255  rel.Test: 0.01270922999829054  abs.Test: 8.610910823335872e-05  abs.TestBoundary: 0j  time: 12.042559211142361
epoch280  rel.Train: 0.009217626940459012  rel.Test: 0.012571980655193328  abs.Test: 8.492897846736014e-05  abs.TestBoundary: 0j  time: 12.046248586848378
epoch281  rel.Train: 0.009458452753722668  rel.Test: 0.013921185806393623  abs.Test: 9.455701161641628e-05  abs.TestBoundary: 0j  time: 12.027255713008344
epoch282  rel.Train: 0.009112831477075815  rel.Test: 0.012783400379121304  abs.Test: 8.662109466968104e-05  abs.TestBoundary: 0j  time: 12.045967690646648
epoch283  rel.Train: 0.008858242984861136  rel.Test: 0.012489289753139019  abs.Test: 8.434535469859838e-05  abs.TestBoundary: 0j  time: 12.082113616168499
epoch284  rel.Train: 0.008355360619723797  rel.Test: 0.01255452562123537  abs.Test: 8.489699539495632e-05  abs.TestBoundary: 0j  time: 12.045990705024451
epoch285  rel.Train: 0.008955840442329645  rel.Test: 0.012433023490011692  abs.Test: 8.426431304542348e-05  abs.TestBoundary: 0j  time: 12.064617609139532
epoch286  rel.Train: 0.008579293336719274  rel.Test: 0.012734899520874024  abs.Test: 8.606838411651552e-05  abs.TestBoundary: 0j  time: 12.041607526130974
epoch287  rel.Train: 0.008879754152148962  rel.Test: 0.012112480103969574  abs.Test: 8.163195307133719e-05  abs.TestBoundary: 0j  time: 12.047350154723972
epoch288  rel.Train: 0.00902913336083293  rel.Test: 0.012448173202574252  abs.Test: 8.416785451117903e-05  abs.TestBoundary: 0j  time: 12.038324593100697
epoch289  rel.Train: 0.008654919743537904  rel.Test: 0.012123132348060608  abs.Test: 8.1928456784226e-05  abs.TestBoundary: 0j  time: 12.038759319577366
epoch290  rel.Train: 0.008483207892626524  rel.Test: 0.011904029846191407  abs.Test: 8.036172192078084e-05  abs.TestBoundary: 0j  time: 12.043477265164256
epoch291  rel.Train: 0.008261126533150673  rel.Test: 0.012369148805737496  abs.Test: 8.354642341146246e-05  abs.TestBoundary: 0j  time: 12.084743971005082
epoch292  rel.Train: 0.008562578894197941  rel.Test: 0.01363363441079855  abs.Test: 9.185853326926008e-05  abs.TestBoundary: 0j  time: 12.067041512113065
epoch293  rel.Train: 0.009033691797405482  rel.Test: 0.01260599061846733  abs.Test: 8.537305984646082e-05  abs.TestBoundary: 0j  time: 12.049852645024657
epoch294  rel.Train: 0.008451379042118788  rel.Test: 0.012695076875388622  abs.Test: 8.569415716920048e-05  abs.TestBoundary: 0j  time: 12.047991966828704
epoch295  rel.Train: 0.00818773301318288  rel.Test: 0.01256554525345564  abs.Test: 8.517796493833884e-05  abs.TestBoundary: 0j  time: 12.059559856075794
epoch296  rel.Train: 0.008246885254979134  rel.Test: 0.012367356717586517  abs.Test: 8.354583958862349e-05  abs.TestBoundary: 0j  time: 12.077771600801498
epoch297  rel.Train: 0.008141929268836974  rel.Test: 0.012085058353841304  abs.Test: 8.168552245479078e-05  abs.TestBoundary: 0j  time: 12.080914129968733
epoch298  rel.Train: 0.008266547657549382  rel.Test: 0.012065654322504997  abs.Test: 8.160828292602673e-05  abs.TestBoundary: 0j  time: 12.085885067936033
epoch299  rel.Train: 0.008351290062069893  rel.Test: 0.012108968943357468  abs.Test: 8.196553302695975e-05  abs.TestBoundary: 0j  time: 12.04775702394545
epoch300  rel.Train: 0.00845833820849657  rel.Test: 0.013853515088558198  abs.Test: 9.34890063945204e-05  abs.TestBoundary: 0j  time: 12.027136649005115
epoch301  rel.Train: 0.008836021956056357  rel.Test: 0.012323586866259575  abs.Test: 8.337051316630095e-05  abs.TestBoundary: 0j  time: 12.049180279951543
epoch302  rel.Train: 0.008022198215126992  rel.Test: 0.012302012704312802  abs.Test: 8.342504414031282e-05  abs.TestBoundary: 0j  time: 12.051647068932652
epoch303  rel.Train: 0.008120851285755635  rel.Test: 0.012124080546200275  abs.Test: 8.192770532332361e-05  abs.TestBoundary: 0j  time: 12.059976329095662
epoch304  rel.Train: 0.008181236155331135  rel.Test: 0.011749333813786506  abs.Test: 7.942297437693924e-05  abs.TestBoundary: 0j  time: 12.072043951135129
epoch305  rel.Train: 0.008012223087251186  rel.Test: 0.011830240823328494  abs.Test: 8.01298390433658e-05  abs.TestBoundary: 0j  time: 12.059966531116515
epoch306  rel.Train: 0.008225026000291109  rel.Test: 0.011987428553402424  abs.Test: 8.110620983643457e-05  abs.TestBoundary: 0j  time: 12.0873848432675
epoch307  rel.Train: 0.007686979658901691  rel.Test: 0.011838760077953338  abs.Test: 7.996461616130546e-05  abs.TestBoundary: 0j  time: 12.091981621924788
epoch308  rel.Train: 0.007632616486400366  rel.Test: 0.012050088793039322  abs.Test: 8.148434018949046e-05  abs.TestBoundary: 0j  time: 12.03587915468961
epoch309  rel.Train: 0.007774153061211109  rel.Test: 0.012253377102315426  abs.Test: 8.25461361091584e-05  abs.TestBoundary: 0j  time: 12.091162397991866
epoch310  rel.Train: 0.008108726665377618  rel.Test: 0.012288543544709683  abs.Test: 8.306552364956588e-05  abs.TestBoundary: 0j  time: 12.069478225894272
epoch311  rel.Train: 0.008001062724739313  rel.Test: 0.011817884370684624  abs.Test: 8.006092655705289e-05  abs.TestBoundary: 0j  time: 12.04864961002022
epoch312  rel.Train: 0.007948736745864153  rel.Test: 0.011623264253139497  abs.Test: 7.866836269386112e-05  abs.TestBoundary: 0j  time: 12.069263712037355
epoch313  rel.Train: 0.0077819150798022745  rel.Test: 0.012094629593193532  abs.Test: 8.194069741875864e-05  abs.TestBoundary: 0j  time: 12.044934540987015
epoch314  rel.Train: 0.007649898074567318  rel.Test: 0.012017703242599964  abs.Test: 8.134401752613485e-05  abs.TestBoundary: 0j  time: 12.075276383198798
epoch315  rel.Train: 0.007840568244457245  rel.Test: 0.011991006359457969  abs.Test: 8.081865846179426e-05  abs.TestBoundary: 0j  time: 12.034533645026386
epoch316  rel.Train: 0.00758035459369421  rel.Test: 0.012107504419982434  abs.Test: 8.212304790504277e-05  abs.TestBoundary: 0j  time: 12.052586836740375
epoch317  rel.Train: 0.007753441963344813  rel.Test: 0.011670823283493519  abs.Test: 7.872978094383142e-05  abs.TestBoundary: 0j  time: 12.078604528214782
epoch318  rel.Train: 0.007645790554583073  rel.Test: 0.012516684234142303  abs.Test: 8.448009350104258e-05  abs.TestBoundary: 0j  time: 12.054806295782328
epoch319  rel.Train: 0.007562071058899164  rel.Test: 0.011912510134279727  abs.Test: 8.068852795986459e-05  abs.TestBoundary: 0j  time: 12.066356827039272
epoch320  rel.Train: 0.007596691500395537  rel.Test: 0.011524684317409993  abs.Test: 7.791826050379313e-05  abs.TestBoundary: 0j  time: 12.045437757857144
epoch321  rel.Train: 0.007615660715848208  rel.Test: 0.011651172637939453  abs.Test: 7.860048208385706e-05  abs.TestBoundary: 0j  time: 12.053188782185316
epoch322  rel.Train: 0.007421861905604601  rel.Test: 0.011456483714282513  abs.Test: 7.740152534097434e-05  abs.TestBoundary: 0j  time: 12.043627220671624
epoch323  rel.Train: 0.007606438670307398  rel.Test: 0.011387546956539154  abs.Test: 7.709594516200013e-05  abs.TestBoundary: 0j  time: 12.069625195115805
epoch324  rel.Train: 0.007575249999761582  rel.Test: 0.011621571741998196  abs.Test: 7.867171065299772e-05  abs.TestBoundary: 0j  time: 12.040439176373184
epoch325  rel.Train: 0.007596024233847857  rel.Test: 0.011749509759247302  abs.Test: 7.942586613353342e-05  abs.TestBoundary: 0j  time: 12.085742889903486
epoch326  rel.Train: 0.007610011890530587  rel.Test: 0.012123812213540077  abs.Test: 8.193174056941643e-05  abs.TestBoundary: 0j  time: 12.042853110935539
epoch327  rel.Train: 0.007839143250137567  rel.Test: 0.011597799994051456  abs.Test: 7.841773171094247e-05  abs.TestBoundary: 0j  time: 12.073252676054835
epoch328  rel.Train: 0.007447343342006207  rel.Test: 0.01184779904782772  abs.Test: 8.014668768737466e-05  abs.TestBoundary: 0j  time: 12.0769301969558
epoch329  rel.Train: 0.007498437158763409  rel.Test: 0.011596061028540135  abs.Test: 7.852810842450708e-05  abs.TestBoundary: 0j  time: 12.076660103164613
epoch330  rel.Train: 0.007787682764232159  rel.Test: 0.011332860551774501  abs.Test: 7.668793710763566e-05  abs.TestBoundary: 0j  time: 12.046434563118964
epoch331  rel.Train: 0.0073880052305758  rel.Test: 0.011481131762266159  abs.Test: 7.767418006551452e-05  abs.TestBoundary: 0j  time: 12.073083418887109
epoch332  rel.Train: 0.007044489368796349  rel.Test: 0.011305596716701984  abs.Test: 7.65077190590091e-05  abs.TestBoundary: 0j  time: 12.085537984967232
epoch333  rel.Train: 0.007089824352413416  rel.Test: 0.011339931972324848  abs.Test: 7.668408812605776e-05  abs.TestBoundary: 0j  time: 12.0920663299039
epoch334  rel.Train: 0.007475986640900373  rel.Test: 0.011472412087023258  abs.Test: 7.766071023070254e-05  abs.TestBoundary: 0j  time: 12.043806022964418
epoch335  rel.Train: 0.007325599331408739  rel.Test: 0.011649835743010045  abs.Test: 7.875566428992897e-05  abs.TestBoundary: 0j  time: 12.036738326773047
epoch336  rel.Train: 0.007043795701116323  rel.Test: 0.01134970337152481  abs.Test: 7.668116697459482e-05  abs.TestBoundary: 0j  time: 12.042039707303047
epoch337  rel.Train: 0.007092482659965754  rel.Test: 0.011305064037442207  abs.Test: 7.645656791282818e-05  abs.TestBoundary: 0j  time: 12.056471311021596
epoch338  rel.Train: 0.0069468202628195285  rel.Test: 0.011212875880301  abs.Test: 7.582183228805661e-05  abs.TestBoundary: 0j  time: 12.04295199085027
epoch339  rel.Train: 0.007292258713394404  rel.Test: 0.011449290364980698  abs.Test: 7.732908619800582e-05  abs.TestBoundary: 0j  time: 12.045694675762206
epoch340  rel.Train: 0.006969425056129694  rel.Test: 0.01130772165954113  abs.Test: 7.644761542906053e-05  abs.TestBoundary: 0j  time: 12.082511324901134
epoch341  rel.Train: 0.006940568141639233  rel.Test: 0.011347426809370518  abs.Test: 7.667122001294047e-05  abs.TestBoundary: 0j  time: 12.046540558803827
epoch342  rel.Train: 0.0069525489807128905  rel.Test: 0.011385470777750015  abs.Test: 7.698957429965958e-05  abs.TestBoundary: 0j  time: 12.032408484257758
epoch343  rel.Train: 0.0070606890507042405  rel.Test: 0.011725904494524002  abs.Test: 7.91268833563663e-05  abs.TestBoundary: 0j  time: 12.053567441180348
epoch344  rel.Train: 0.006845030631870031  rel.Test: 0.011215293072164059  abs.Test: 7.59863188432064e-05  abs.TestBoundary: 0j  time: 12.08689957484603
epoch345  rel.Train: 0.006800915006548166  rel.Test: 0.011291396729648113  abs.Test: 7.632763677975163e-05  abs.TestBoundary: 0j  time: 12.08584877057001
epoch346  rel.Train: 0.006816455207765103  rel.Test: 0.01143427412956953  abs.Test: 7.734771512332372e-05  abs.TestBoundary: 0j  time: 12.03869198076427
epoch347  rel.Train: 0.006919112894684077  rel.Test: 0.011522601433098316  abs.Test: 7.778757542837412e-05  abs.TestBoundary: 0j  time: 12.049085570964962
epoch348  rel.Train: 0.007005955897271633  rel.Test: 0.011323589459061622  abs.Test: 7.657526730326935e-05  abs.TestBoundary: 0j  time: 12.051823758985847
epoch349  rel.Train: 0.006852930538356304  rel.Test: 0.011800983101129531  abs.Test: 8.01262266759295e-05  abs.TestBoundary: 0j  time: 12.080947156995535
epoch350  rel.Train: 0.006929014943540097  rel.Test: 0.011221560873091221  abs.Test: 7.57094046275597e-05  abs.TestBoundary: 0j  time: 12.029684320092201
epoch351  rel.Train: 0.006607418771833181  rel.Test: 0.011347012259066105  abs.Test: 7.672082749195397e-05  abs.TestBoundary: 0j  time: 12.045696415007114
epoch352  rel.Train: 0.0066983292400836945  rel.Test: 0.011384781450033188  abs.Test: 7.69915092678275e-05  abs.TestBoundary: 0j  time: 12.072190895676613
epoch353  rel.Train: 0.006677613507956266  rel.Test: 0.011558486111462117  abs.Test: 7.82160836388357e-05  abs.TestBoundary: 0j  time: 12.082163109909743
epoch354  rel.Train: 0.006562948234379292  rel.Test: 0.011067992374300957  abs.Test: 7.482082161004655e-05  abs.TestBoundary: 0j  time: 12.02801141794771
epoch355  rel.Train: 0.006750123824924231  rel.Test: 0.012996375523507596  abs.Test: 8.781914337305352e-05  abs.TestBoundary: 0j  time: 12.051691818982363
epoch356  rel.Train: 0.0070334899351000785  rel.Test: 0.01127544853836298  abs.Test: 7.63656257186085e-05  abs.TestBoundary: 0j  time: 12.081822402309626
epoch357  rel.Train: 0.006891742903739214  rel.Test: 0.011486928761005401  abs.Test: 7.767887684167362e-05  abs.TestBoundary: 0j  time: 12.042577327694744
epoch358  rel.Train: 0.00671050514280796  rel.Test: 0.011370375640690327  abs.Test: 7.678765628952532e-05  abs.TestBoundary: 0j  time: 12.025168196763843
epoch359  rel.Train: 0.006429464682936668  rel.Test: 0.011158763989806175  abs.Test: 7.534171949373558e-05  abs.TestBoundary: 0j  time: 12.051534261088818
epoch360  rel.Train: 0.006441904827952385  rel.Test: 0.011251026578247548  abs.Test: 7.611352790263481e-05  abs.TestBoundary: 0j  time: 12.047121373936534
epoch361  rel.Train: 0.006505475476384163  rel.Test: 0.011191386170685292  abs.Test: 7.567310240119696e-05  abs.TestBoundary: 0j  time: 12.073589758016169
epoch362  rel.Train: 0.006701513711363077  rel.Test: 0.011269500777125359  abs.Test: 7.6181390468264e-05  abs.TestBoundary: 0j  time: 12.033414636738598
epoch363  rel.Train: 0.006496631253510713  rel.Test: 0.011410410553216933  abs.Test: 7.715264349826612e-05  abs.TestBoundary: 0j  time: 12.05366674810648
epoch364  rel.Train: 0.006391313139349222  rel.Test: 0.011359828151762485  abs.Test: 7.693274194025434e-05  abs.TestBoundary: 0j  time: 12.088084904942662
epoch365  rel.Train: 0.006383273731917143  rel.Test: 0.010946471504867076  abs.Test: 7.393880703602917e-05  abs.TestBoundary: 0j  time: 12.028366255108267
epoch366  rel.Train: 0.006228566460311413  rel.Test: 0.011073868349194526  abs.Test: 7.491671523894183e-05  abs.TestBoundary: 0j  time: 12.056585812009871
epoch367  rel.Train: 0.006329908508807421  rel.Test: 0.011461858414113521  abs.Test: 7.745981143671088e-05  abs.TestBoundary: 0j  time: 12.045950684696436
epoch368  rel.Train: 0.006333735160529613  rel.Test: 0.011126044876873494  abs.Test: 7.519739956478589e-05  abs.TestBoundary: 0j  time: 12.051755907014012
epoch369  rel.Train: 0.006417015831917524  rel.Test: 0.011204411573708058  abs.Test: 7.574626506539062e-05  abs.TestBoundary: 0j  time: 12.038455227855593
epoch370  rel.Train: 0.006277810901403427  rel.Test: 0.011116782613098621  abs.Test: 7.511111092753709e-05  abs.TestBoundary: 0j  time: 12.084092999342829
epoch371  rel.Train: 0.00625594899430871  rel.Test: 0.011083154380321503  abs.Test: 7.497818005504086e-05  abs.TestBoundary: 0j  time: 12.052643517032266
epoch372  rel.Train: 0.006303890932351351  rel.Test: 0.011279206462204457  abs.Test: 7.637118818820454e-05  abs.TestBoundary: 0j  time: 12.05130727076903
epoch373  rel.Train: 0.006149116951972246  rel.Test: 0.011098799146711826  abs.Test: 7.501024767407216e-05  abs.TestBoundary: 0j  time: 12.042462529148906
epoch374  rel.Train: 0.006256758868694305  rel.Test: 0.010982745178043842  abs.Test: 7.434047816786915e-05  abs.TestBoundary: 0j  time: 12.086846532300115
epoch375  rel.Train: 0.006049454085528851  rel.Test: 0.010896149091422558  abs.Test: 7.373981628916226e-05  abs.TestBoundary: 0j  time: 12.051624486222863
epoch376  rel.Train: 0.00597437696158886  rel.Test: 0.011055852584540844  abs.Test: 7.477941166143864e-05  abs.TestBoundary: 0j  time: 12.076404015067965
epoch377  rel.Train: 0.005977861624211073  rel.Test: 0.011092815212905408  abs.Test: 7.496036705560982e-05  abs.TestBoundary: 0j  time: 12.033817156683654
epoch378  rel.Train: 0.006179088082164526  rel.Test: 0.01100905917584896  abs.Test: 7.444151066010818e-05  abs.TestBoundary: 0j  time: 12.08565158303827
epoch379  rel.Train: 0.005943095900118351  rel.Test: 0.010830760635435581  abs.Test: 7.322907607886009e-05  abs.TestBoundary: 0j  time: 12.07501569436863
epoch380  rel.Train: 0.00589586678892374  rel.Test: 0.011019813418388367  abs.Test: 7.44034635135904e-05  abs.TestBoundary: 0j  time: 12.07614385895431
epoch381  rel.Train: 0.005951931491494178  rel.Test: 0.010945502556860448  abs.Test: 7.40052986657247e-05  abs.TestBoundary: 0j  time: 12.023874868638813
epoch382  rel.Train: 0.00585143131762743  rel.Test: 0.011044593080878257  abs.Test: 7.474752361304127e-05  abs.TestBoundary: 0j  time: 12.050614913925529
epoch383  rel.Train: 0.005826276589184999  rel.Test: 0.010946875959634781  abs.Test: 7.400585149298422e-05  abs.TestBoundary: 0j  time: 12.07230369001627
epoch384  rel.Train: 0.0058120167180895806  rel.Test: 0.01098760824650526  abs.Test: 7.436785832396708e-05  abs.TestBoundary: 0j  time: 12.07728026388213
epoch385  rel.Train: 0.00592022055760026  rel.Test: 0.011024102121591568  abs.Test: 7.459673564881086e-05  abs.TestBoundary: 0j  time: 12.06691555865109
epoch386  rel.Train: 0.005769283600151539  rel.Test: 0.01101540468633175  abs.Test: 7.436203333782031e-05  abs.TestBoundary: 0j  time: 12.037939567118883
epoch387  rel.Train: 0.0061246417090296745  rel.Test: 0.011111158318817616  abs.Test: 7.514295080909505e-05  abs.TestBoundary: 0j  time: 12.042748506180942
epoch388  rel.Train: 0.006022329449653626  rel.Test: 0.01091181866824627  abs.Test: 7.377096742857248e-05  abs.TestBoundary: 0j  time: 12.060765653848648
epoch389  rel.Train: 0.005959893628954887  rel.Test: 0.010897290632128716  abs.Test: 7.372628766461276e-05  abs.TestBoundary: 0j  time: 12.078050489071757
epoch390  rel.Train: 0.005825051687657833  rel.Test: 0.010903327129781246  abs.Test: 7.369785642367787e-05  abs.TestBoundary: 0j  time: 12.077454742975533
epoch391  rel.Train: 0.005710112523287535  rel.Test: 0.010970096476376057  abs.Test: 7.418212131597101e-05  abs.TestBoundary: 0j  time: 12.037627344019711
epoch392  rel.Train: 0.005921553928405047  rel.Test: 0.011053046323359012  abs.Test: 7.467994641046971e-05  abs.TestBoundary: 0j  time: 12.059343434404582
epoch393  rel.Train: 0.0057431130819022656  rel.Test: 0.010867513120174407  abs.Test: 7.35256179177668e-05  abs.TestBoundary: 0j  time: 12.038888421840966
epoch394  rel.Train: 0.005642840180546046  rel.Test: 0.011086206622421742  abs.Test: 7.479142397642135e-05  abs.TestBoundary: 0j  time: 12.078042239882052
epoch395  rel.Train: 0.005682493761181831  rel.Test: 0.010944645553827285  abs.Test: 7.40003709506709e-05  abs.TestBoundary: 0j  time: 12.046734211035073
epoch396  rel.Train: 0.005646262917667628  rel.Test: 0.010854737646877766  abs.Test: 7.337717048358172e-05  abs.TestBoundary: 0j  time: 12.02343577425927
epoch397  rel.Train: 0.005507627237588167  rel.Test: 0.010897519625723362  abs.Test: 7.37510916951578e-05  abs.TestBoundary: 0j  time: 12.04970456333831
epoch398  rel.Train: 0.005551350310444832  rel.Test: 0.01089999169111252  abs.Test: 7.378936978057027e-05  abs.TestBoundary: 0j  time: 12.081788306124508
epoch399  rel.Train: 0.005582035087049008  rel.Test: 0.010825239196419716  abs.Test: 7.322857083636336e-05  abs.TestBoundary: 0j  time: 12.057669514790177
epoch400  rel.Train: 0.005482886716723442  rel.Test: 0.010905077382922172  abs.Test: 7.374614899163134e-05  abs.TestBoundary: 0j  time: 12.041144572198391
epoch401  rel.Train: 0.005485685184597969  rel.Test: 0.011073855943977832  abs.Test: 7.499823885154911e-05  abs.TestBoundary: 0j  time: 12.08755508204922
epoch402  rel.Train: 0.005642763126641512  rel.Test: 0.011075301431119441  abs.Test: 7.496450562030076e-05  abs.TestBoundary: 0j  time: 12.039167153649032
epoch403  rel.Train: 0.005657367445528507  rel.Test: 0.010985566601157189  abs.Test: 7.438987100613303e-05  abs.TestBoundary: 0j  time: 12.08388094091788
epoch404  rel.Train: 0.0055940430909395215  rel.Test: 0.011016936413943768  abs.Test: 7.452076446497813e-05  abs.TestBoundary: 0j  time: 12.024791596923023
epoch405  rel.Train: 0.005498117070645094  rel.Test: 0.01083092626184225  abs.Test: 7.323576384806074e-05  abs.TestBoundary: 0j  time: 12.183925850782543
epoch406  rel.Train: 0.005388093963265419  rel.Test: 0.010826368369162082  abs.Test: 7.321100740227848e-05  abs.TestBoundary: 0j  time: 12.071907512843609
epoch407  rel.Train: 0.005369122680276632  rel.Test: 0.010890488363802433  abs.Test: 7.371402782155201e-05  abs.TestBoundary: 0j  time: 12.068886148743331
epoch408  rel.Train: 0.00537640630826354  rel.Test: 0.010809435211122036  abs.Test: 7.307544467039407e-05  abs.TestBoundary: 0j  time: 12.04028428113088
epoch409  rel.Train: 0.0053962857685983185  rel.Test: 0.010796407014131546  abs.Test: 7.303349455469288e-05  abs.TestBoundary: 0j  time: 12.042036746162921
epoch410  rel.Train: 0.005329197645187378  rel.Test: 0.010910459049046039  abs.Test: 7.384890559478663e-05  abs.TestBoundary: 0j  time: 12.05115572316572
epoch411  rel.Train: 0.0054062529169023035  rel.Test: 0.010835835486650467  abs.Test: 7.327323430217803e-05  abs.TestBoundary: 0j  time: 12.066378118935972
epoch412  rel.Train: 0.005276196405291558  rel.Test: 0.010877788104116916  abs.Test: 7.3652933788253e-05  abs.TestBoundary: 0j  time: 12.044371103867888
epoch413  rel.Train: 0.0052919361069798465  rel.Test: 0.010864492543041705  abs.Test: 7.3507760243956e-05  abs.TestBoundary: 0j  time: 12.083524798043072
epoch414  rel.Train: 0.005235794153064489  rel.Test: 0.010810150541365146  abs.Test: 7.31802590598818e-05  abs.TestBoundary: 0j  time: 12.074555001221597
epoch415  rel.Train: 0.005268346775323152  rel.Test: 0.010809354186058044  abs.Test: 7.30972722521983e-05  abs.TestBoundary: 0j  time: 12.0555426068604
epoch416  rel.Train: 0.005215976774692536  rel.Test: 0.01078157316893339  abs.Test: 7.289202811080031e-05  abs.TestBoundary: 0j  time: 12.076873349025846
epoch417  rel.Train: 0.0052421362251043315  rel.Test: 0.010816549435257911  abs.Test: 7.312447865842842e-05  abs.TestBoundary: 0j  time: 12.03521487582475
epoch418  rel.Train: 0.005238696478307247  rel.Test: 0.010829327963292598  abs.Test: 7.325371654587798e-05  abs.TestBoundary: 0j  time: 12.069579674862325
epoch419  rel.Train: 0.005283029947429896  rel.Test: 0.010802935436367988  abs.Test: 7.306332656298764e-05  abs.TestBoundary: 0j  time: 12.015813729725778
epoch420  rel.Train: 0.005165081866085529  rel.Test: 0.010753448866307736  abs.Test: 7.272729359101503e-05  abs.TestBoundary: 0j  time: 12.03813269175589
epoch421  rel.Train: 0.00514234946295619  rel.Test: 0.010782059021294118  abs.Test: 7.289943387149833e-05  abs.TestBoundary: 0j  time: 12.074325328227133
epoch422  rel.Train: 0.0051128487568348644  rel.Test: 0.010740761272609234  abs.Test: 7.265127671416849e-05  abs.TestBoundary: 0j  time: 12.033264888916165
epoch423  rel.Train: 0.005130217492580414  rel.Test: 0.010755017064511777  abs.Test: 7.271583919646218e-05  abs.TestBoundary: 0j  time: 12.035142150241882
epoch424  rel.Train: 0.005093831695616245  rel.Test: 0.010790763534605502  abs.Test: 7.29790749028325e-05  abs.TestBoundary: 0j  time: 12.034412011969835
epoch425  rel.Train: 0.005101745404303074  rel.Test: 0.010753884576261044  abs.Test: 7.271169350133278e-05  abs.TestBoundary: 0j  time: 12.04377489630133
epoch426  rel.Train: 0.005122961107641459  rel.Test: 0.010801139734685421  abs.Test: 7.305158214876428e-05  abs.TestBoundary: 0j  time: 12.067969684954733
epoch427  rel.Train: 0.005090688291937113  rel.Test: 0.010838064812123776  abs.Test: 7.335938411415555e-05  abs.TestBoundary: 0j  time: 12.060144941788167
epoch428  rel.Train: 0.005055105973035097  rel.Test: 0.010749449394643307  abs.Test: 7.26743224367965e-05  abs.TestBoundary: 0j  time: 12.073482892941684
epoch429  rel.Train: 0.005070889536291361  rel.Test: 0.010773778297007083  abs.Test: 7.289816101547331e-05  abs.TestBoundary: 0j  time: 12.127582788933069
epoch430  rel.Train: 0.005023252926766872  rel.Test: 0.010793060548603534  abs.Test: 7.298636686755345e-05  abs.TestBoundary: 0j  time: 12.175212495960295
epoch431  rel.Train: 0.005003693722188473  rel.Test: 0.010729371197521686  abs.Test: 7.257978999405169e-05  abs.TestBoundary: 0j  time: 12.04467900423333
epoch432  rel.Train: 0.005001849018037319  rel.Test: 0.010752512365579605  abs.Test: 7.27419184113387e-05  abs.TestBoundary: 0j  time: 12.077782355248928
epoch433  rel.Train: 0.004983727194368839  rel.Test: 0.01074011616408825  abs.Test: 7.265639360412023e-05  abs.TestBoundary: 0j  time: 12.075460048392415
epoch434  rel.Train: 0.004953289926052093  rel.Test: 0.010722409971058368  abs.Test: 7.253416421008296e-05  abs.TestBoundary: 0j  time: 12.014527024235576
epoch435  rel.Train: 0.00492594520188868  rel.Test: 0.010695630945265292  abs.Test: 7.231340234284289e-05  abs.TestBoundary: 0j  time: 12.031527698971331
epoch436  rel.Train: 0.004930243283510208  rel.Test: 0.010713339559733867  abs.Test: 7.244716282002628e-05  abs.TestBoundary: 0j  time: 12.040140143129975
epoch437  rel.Train: 0.004945847157388925  rel.Test: 0.01075355913490057  abs.Test: 7.266163913300261e-05  abs.TestBoundary: 0j  time: 12.063122770749032
epoch438  rel.Train: 0.004967890795320272  rel.Test: 0.010752403847873212  abs.Test: 7.265179709065706e-05  abs.TestBoundary: 0j  time: 12.022648897022009
epoch439  rel.Train: 0.004905646732077003  rel.Test: 0.010746281445026398  abs.Test: 7.264824060257524e-05  abs.TestBoundary: 0j  time: 12.067605662159622
epoch440  rel.Train: 0.004913873940706253  rel.Test: 0.01066152986139059  abs.Test: 7.207871676655486e-05  abs.TestBoundary: 0j  time: 12.06855340115726
epoch441  rel.Train: 0.004881063215434551  rel.Test: 0.010782318897545337  abs.Test: 7.290923138498329e-05  abs.TestBoundary: 0j  time: 12.037187241949141
epoch442  rel.Train: 0.00486357394605875  rel.Test: 0.010669466592371463  abs.Test: 7.213656077510677e-05  abs.TestBoundary: 0j  time: 12.056622785050422
epoch443  rel.Train: 0.004862418044358492  rel.Test: 0.010680215805768967  abs.Test: 7.220384490210564e-05  abs.TestBoundary: 0j  time: 12.035912191029638
epoch444  rel.Train: 0.0048310113102197644  rel.Test: 0.010689079277217389  abs.Test: 7.22362806845922e-05  abs.TestBoundary: 0j  time: 12.035146286711097
epoch445  rel.Train: 0.004835306815803051  rel.Test: 0.010693127438426018  abs.Test: 7.232620861032046e-05  abs.TestBoundary: 0j  time: 12.043495556805283
epoch446  rel.Train: 0.004834867291152478  rel.Test: 0.010697420798242091  abs.Test: 7.234941891510971e-05  abs.TestBoundary: 0j  time: 12.036439472343773
epoch447  rel.Train: 0.004829868033528328  rel.Test: 0.010683232694864273  abs.Test: 7.224593369755894e-05  abs.TestBoundary: 0j  time: 12.07468166295439
epoch448  rel.Train: 0.004805400557816028  rel.Test: 0.010674299076199531  abs.Test: 7.219349456136115e-05  abs.TestBoundary: 0j  time: 12.067683911882341
epoch449  rel.Train: 0.004800395961850882  rel.Test: 0.01068349439650774  abs.Test: 7.224604371003807e-05  abs.TestBoundary: 0j  time: 12.03936680033803
epoch450  rel.Train: 0.004779744036495686  rel.Test: 0.010684914849698544  abs.Test: 7.226346817333251e-05  abs.TestBoundary: 0j  time: 12.025646189693362
epoch451  rel.Train: 0.004782661784440279  rel.Test: 0.010670902952551842  abs.Test: 7.21475608588662e-05  abs.TestBoundary: 0j  time: 12.036809971090406
epoch452  rel.Train: 0.004767935991287231  rel.Test: 0.010639392547309398  abs.Test: 7.192388962721452e-05  abs.TestBoundary: 0j  time: 12.07080802693963
epoch453  rel.Train: 0.00476383538544178  rel.Test: 0.010782659128308296  abs.Test: 7.298111464479007e-05  abs.TestBoundary: 0j  time: 12.028060030192137
epoch454  rel.Train: 0.0047658816725015644  rel.Test: 0.010682830102741719  abs.Test: 7.223420514492318e-05  abs.TestBoundary: 0j  time: 12.063811364583671
epoch455  rel.Train: 0.004755254473537206  rel.Test: 0.01069521002471447  abs.Test: 7.230344534036703e-05  abs.TestBoundary: 0j  time: 12.068057318683714
epoch456  rel.Train: 0.004750350499525666  rel.Test: 0.010661938190460206  abs.Test: 7.206503956695087e-05  abs.TestBoundary: 0j  time: 12.04069520579651
epoch457  rel.Train: 0.004730674663558602  rel.Test: 0.01068046197295189  abs.Test: 7.222312109661288e-05  abs.TestBoundary: 0j  time: 12.043833075091243
epoch458  rel.Train: 0.004705408625304699  rel.Test: 0.01069100346416235  abs.Test: 7.233753640321084e-05  abs.TestBoundary: 0j  time: 12.030465326271951
epoch459  rel.Train: 0.004719346683472395  rel.Test: 0.010703846365213394  abs.Test: 7.236529418150895e-05  abs.TestBoundary: 0j  time: 12.0301131173037
epoch460  rel.Train: 0.004692749254405499  rel.Test: 0.010665193051099777  abs.Test: 7.212184456875548e-05  abs.TestBoundary: 0j  time: 12.075331117026508
epoch461  rel.Train: 0.004707047674804926  rel.Test: 0.010648927353322506  abs.Test: 7.201647938927636e-05  abs.TestBoundary: 0j  time: 12.020586355123669
epoch462  rel.Train: 0.004678306389600038  rel.Test: 0.010702144391834735  abs.Test: 7.235884550027549e-05  abs.TestBoundary: 0j  time: 12.025679694954306
epoch463  rel.Train: 0.0046800661962479355  rel.Test: 0.010651655234396458  abs.Test: 7.201570406323299e-05  abs.TestBoundary: 0j  time: 12.076758265029639
epoch464  rel.Train: 0.0046792074404656886  rel.Test: 0.010653155818581582  abs.Test: 7.202336200862192e-05  abs.TestBoundary: 0j  time: 12.067763240076602
epoch465  rel.Train: 0.004676495617255569  rel.Test: 0.010695991851389409  abs.Test: 7.235343698994257e-05  abs.TestBoundary: 0j  time: 12.061386360786855
epoch466  rel.Train: 0.0046614940911531445  rel.Test: 0.010665833465754986  abs.Test: 7.212089403765276e-05  abs.TestBoundary: 0j  time: 12.075737217906862
epoch467  rel.Train: 0.004655006159096956  rel.Test: 0.010648774243891239  abs.Test: 7.201169602922164e-05  abs.TestBoundary: 0j  time: 12.066395765636116
epoch468  rel.Train: 0.004642424760386348  rel.Test: 0.010651390664279461  abs.Test: 7.20129968249239e-05  abs.TestBoundary: 0j  time: 12.028729422017932
epoch469  rel.Train: 0.0046417292207479475  rel.Test: 0.010673292055726051  abs.Test: 7.219471954158507e-05  abs.TestBoundary: 0j  time: 12.058208404574543
epoch470  rel.Train: 0.00463744268193841  rel.Test: 0.010675887875258923  abs.Test: 7.219880382763221e-05  abs.TestBoundary: 0j  time: 12.073914159089327
epoch471  rel.Train: 0.00462630538828671  rel.Test: 0.010651516914367675  abs.Test: 7.202899389085359e-05  abs.TestBoundary: 0j  time: 12.061409649904817
epoch472  rel.Train: 0.004620116978883744  rel.Test: 0.010684648044407368  abs.Test: 7.22593697719276e-05  abs.TestBoundary: 0j  time: 12.066849670838565
epoch473  rel.Train: 0.004614359298720956  rel.Test: 0.010646075308322907  abs.Test: 7.197969462140464e-05  abs.TestBoundary: 0j  time: 12.022850022651255
epoch474  rel.Train: 0.004613028474152088  rel.Test: 0.010657195337116718  abs.Test: 7.206232330645435e-05  abs.TestBoundary: 0j  time: 12.061360516119748
epoch475  rel.Train: 0.004614932090044021  rel.Test: 0.010659186951816082  abs.Test: 7.208649753010831e-05  abs.TestBoundary: 0j  time: 12.030654275324196
epoch476  rel.Train: 0.004602337442338467  rel.Test: 0.010647215731441975  abs.Test: 7.197861428721808e-05  abs.TestBoundary: 0j  time: 12.02671879902482
epoch477  rel.Train: 0.004598680842667818  rel.Test: 0.010658615157008172  abs.Test: 7.206652051536366e-05  abs.TestBoundary: 0j  time: 12.060644811019301
epoch478  rel.Train: 0.0045975840911269186  rel.Test: 0.010649128071963786  abs.Test: 7.199090643553063e-05  abs.TestBoundary: 0j  time: 12.060657104942948
epoch479  rel.Train: 0.004592785090208054  rel.Test: 0.01066180296242237  abs.Test: 7.21021271601785e-05  abs.TestBoundary: 0j  time: 12.035479343961924
epoch480  rel.Train: 0.004589858749881387  rel.Test: 0.01066587470471859  abs.Test: 7.2123515419662e-05  abs.TestBoundary: 0j  time: 12.016910559032112
epoch481  rel.Train: 0.0045797196291387085  rel.Test: 0.010654481686651706  abs.Test: 7.205040514236316e-05  abs.TestBoundary: 0j  time: 12.026149288751185
epoch482  rel.Train: 0.004581609496846795  rel.Test: 0.010651196204125881  abs.Test: 7.202943830634467e-05  abs.TestBoundary: 0j  time: 12.032676307950169
epoch483  rel.Train: 0.004577032774686813  rel.Test: 0.010652183033525943  abs.Test: 7.202439941465855e-05  abs.TestBoundary: 0j  time: 12.035109798889607
epoch484  rel.Train: 0.004575144210830331  rel.Test: 0.01065561629831791  abs.Test: 7.205490386695601e-05  abs.TestBoundary: 0j  time: 12.015280178748071
epoch485  rel.Train: 0.00457066803611815  rel.Test: 0.010665592812001705  abs.Test: 7.212667420390061e-05  abs.TestBoundary: 0j  time: 12.071138322353363
epoch486  rel.Train: 0.00456857131049037  rel.Test: 0.010654170140624046  abs.Test: 7.204896770417691e-05  abs.TestBoundary: 0j  time: 12.038107160013169
epoch487  rel.Train: 0.004566428864374757  rel.Test: 0.010642463862895966  abs.Test: 7.19462425331585e-05  abs.TestBoundary: 0j  time: 12.070762464310974
epoch488  rel.Train: 0.0045676625929772854  rel.Test: 0.010637151040136815  abs.Test: 7.191576878540218e-05  abs.TestBoundary: 0j  time: 12.01979643991217
epoch489  rel.Train: 0.0045600999742746355  rel.Test: 0.010650713108479976  abs.Test: 7.201954591437243e-05  abs.TestBoundary: 0j  time: 12.02906952984631
epoch490  rel.Train: 0.004559673804789782  rel.Test: 0.010657855086028576  abs.Test: 7.206925947684794e-05  abs.TestBoundary: 0j  time: 12.05861938977614
epoch491  rel.Train: 0.004556664578616619  rel.Test: 0.010640225671231747  abs.Test: 7.195415950263851e-05  abs.TestBoundary: 0j  time: 12.028603200800717
epoch492  rel.Train: 0.004554216157644987  rel.Test: 0.010658508352935313  abs.Test: 7.208119801362045e-05  abs.TestBoundary: 0j  time: 12.052209150977433
epoch493  rel.Train: 0.004555204195901752  rel.Test: 0.010667085573077202  abs.Test: 7.214380209916271e-05  abs.TestBoundary: 0j  time: 12.062778219114989
epoch494  rel.Train: 0.004553205244243145  rel.Test: 0.010639212280511855  abs.Test: 7.193993704277091e-05  abs.TestBoundary: 0j  time: 12.030649364925921
epoch495  rel.Train: 0.004551844723522663  rel.Test: 0.010646106451749801  abs.Test: 7.198841485660523e-05  abs.TestBoundary: 0j  time: 12.02685122564435
epoch496  rel.Train: 0.004551037961617112  rel.Test: 0.010649190358817577  abs.Test: 7.201025902759284e-05  abs.TestBoundary: 0j  time: 12.014076965861022
epoch497  rel.Train: 0.004552865298464894  rel.Test: 0.01064202044159174  abs.Test: 7.195008074631915e-05  abs.TestBoundary: 0j  time: 12.062111895997077
epoch498  rel.Train: 0.004548861624673009  rel.Test: 0.01065776962786913  abs.Test: 7.207424656371586e-05  abs.TestBoundary: 0j  time: 12.06276006763801
epoch499  rel.Train: 0.004547506043687463  rel.Test: 0.010647433549165726  abs.Test: 7.19932944048196e-05  abs.TestBoundary: 0j  time: 12.016366586089134
