Casting to tensor
Lx, Ly =  4.0 4.0
In GeoKNO_train, ndims =  2
Epoch :  0  Rel. Train L2 Loss :  0.09201809108257293  Rel. Test L2 Loss :  0.064621621966362  Test L2 Loss :  0.053450286984443665  time :  29.807018756866455
Epoch :  1  Rel. Train L2 Loss :  0.060129722714424134  Rel. Test L2 Loss :  0.04923748970031738  Test L2 Loss :  0.04071495115756989  time :  19.12287998199463
Epoch :  2  Rel. Train L2 Loss :  0.04753069680929184  Rel. Test L2 Loss :  0.04351762980222702  Test L2 Loss :  0.03599969506263733  time :  19.250999212265015
Epoch :  3  Rel. Train L2 Loss :  0.04024053543806076  Rel. Test L2 Loss :  0.036260569095611574  Test L2 Loss :  0.029977744817733763  time :  19.22188401222229
Epoch :  4  Rel. Train L2 Loss :  0.03529169195890427  Rel. Test L2 Loss :  0.03165295094251633  Test L2 Loss :  0.026171858608722686  time :  19.214120626449585
Epoch :  5  Rel. Train L2 Loss :  0.030189608037471772  Rel. Test L2 Loss :  0.02715962052345276  Test L2 Loss :  0.022449030578136443  time :  19.25961709022522
Epoch :  6  Rel. Train L2 Loss :  0.02676647648215294  Rel. Test L2 Loss :  0.028742668926715852  Test L2 Loss :  0.023765489608049393  time :  19.393521547317505
Epoch :  7  Rel. Train L2 Loss :  0.03261371204257012  Rel. Test L2 Loss :  0.032975641191005704  Test L2 Loss :  0.027253993302583695  time :  19.53062891960144
Epoch :  8  Rel. Train L2 Loss :  0.02974838098883629  Rel. Test L2 Loss :  0.031898193061351776  Test L2 Loss :  0.02637896195054054  time :  19.698569536209106
Epoch :  9  Rel. Train L2 Loss :  0.02712004604935646  Rel. Test L2 Loss :  0.029528057873249053  Test L2 Loss :  0.024424788057804108  time :  19.774905920028687
Epoch :  10  Rel. Train L2 Loss :  0.0237977594435215  Rel. Test L2 Loss :  0.022061438262462617  Test L2 Loss :  0.01823161616921425  time :  19.453314304351807
Epoch :  11  Rel. Train L2 Loss :  0.025020800828933716  Rel. Test L2 Loss :  0.03678322464227676  Test L2 Loss :  0.03041899710893631  time :  19.344807624816895
Epoch :  12  Rel. Train L2 Loss :  0.026273435026407242  Rel. Test L2 Loss :  0.021205328106880188  Test L2 Loss :  0.017519972324371337  time :  19.374266624450684
Epoch :  13  Rel. Train L2 Loss :  0.021833800345659255  Rel. Test L2 Loss :  0.022870715260505676  Test L2 Loss :  0.01891106992959976  time :  19.459244966506958
Epoch :  14  Rel. Train L2 Loss :  0.020809667497873306  Rel. Test L2 Loss :  0.0204314287006855  Test L2 Loss :  0.016876627504825593  time :  19.56209444999695
Epoch :  15  Rel. Train L2 Loss :  0.024433334201574324  Rel. Test L2 Loss :  0.020936913788318634  Test L2 Loss :  0.017302261143922807  time :  19.660303831100464
Epoch :  16  Rel. Train L2 Loss :  0.022559844493865968  Rel. Test L2 Loss :  0.0209717133641243  Test L2 Loss :  0.017341964840888978  time :  19.754238605499268
Epoch :  17  Rel. Train L2 Loss :  0.02240948536992073  Rel. Test L2 Loss :  0.021056421846151353  Test L2 Loss :  0.017399144023656846  time :  19.60849666595459
Epoch :  18  Rel. Train L2 Loss :  0.022369912713766097  Rel. Test L2 Loss :  0.021691337525844574  Test L2 Loss :  0.01792469397187233  time :  19.471769332885742
Epoch :  19  Rel. Train L2 Loss :  0.019415599018335342  Rel. Test L2 Loss :  0.017317693382501602  Test L2 Loss :  0.014305523037910462  time :  19.478528261184692
Epoch :  20  Rel. Train L2 Loss :  0.025788545876741408  Rel. Test L2 Loss :  0.024259770661592482  Test L2 Loss :  0.02003729373216629  time :  19.49304747581482
Epoch :  21  Rel. Train L2 Loss :  0.02014847993850708  Rel. Test L2 Loss :  0.018641607016324998  Test L2 Loss :  0.015404465794563293  time :  19.587159156799316
Epoch :  22  Rel. Train L2 Loss :  0.024225894212722778  Rel. Test L2 Loss :  0.024817696064710616  Test L2 Loss :  0.02052165672183037  time :  19.699122428894043
Epoch :  23  Rel. Train L2 Loss :  0.0195845006108284  Rel. Test L2 Loss :  0.023274665772914885  Test L2 Loss :  0.01925109386444092  time :  19.76421594619751
Epoch :  24  Rel. Train L2 Loss :  0.022653224885463716  Rel. Test L2 Loss :  0.0207745335996151  Test L2 Loss :  0.017163332849740982  time :  19.667486667633057
Epoch :  25  Rel. Train L2 Loss :  0.02066930454969406  Rel. Test L2 Loss :  0.019225600361824035  Test L2 Loss :  0.015893429815769196  time :  19.50942873954773
Epoch :  26  Rel. Train L2 Loss :  0.02069083681702614  Rel. Test L2 Loss :  0.01695505514740944  Test L2 Loss :  0.014014923125505447  time :  19.491623163223267
Epoch :  27  Rel. Train L2 Loss :  0.020518044382333754  Rel. Test L2 Loss :  0.018656229227781297  Test L2 Loss :  0.015435973629355431  time :  19.50941562652588
Epoch :  28  Rel. Train L2 Loss :  0.02040604382753372  Rel. Test L2 Loss :  0.018772009313106536  Test L2 Loss :  0.015510390400886536  time :  19.551405429840088
Epoch :  29  Rel. Train L2 Loss :  0.018470495402812957  Rel. Test L2 Loss :  0.017994180768728257  Test L2 Loss :  0.014869815707206725  time :  19.64598822593689
Epoch :  30  Rel. Train L2 Loss :  0.018160201728343962  Rel. Test L2 Loss :  0.018049856722354887  Test L2 Loss :  0.014924622476100921  time :  19.734970569610596
Epoch :  31  Rel. Train L2 Loss :  0.020047875732183456  Rel. Test L2 Loss :  0.02221208721399307  Test L2 Loss :  0.018358155339956283  time :  19.734596729278564
Epoch :  32  Rel. Train L2 Loss :  0.021111910820007324  Rel. Test L2 Loss :  0.019985690414905548  Test L2 Loss :  0.01651888817548752  time :  19.653305768966675
Epoch :  33  Rel. Train L2 Loss :  0.02264743736386299  Rel. Test L2 Loss :  0.020417396277189255  Test L2 Loss :  0.016887844502925874  time :  19.607884407043457
Epoch :  34  Rel. Train L2 Loss :  0.022865696281194687  Rel. Test L2 Loss :  0.032963193356990814  Test L2 Loss :  0.02726109892129898  time :  19.584004878997803
Epoch :  35  Rel. Train L2 Loss :  0.026369097381830214  Rel. Test L2 Loss :  0.02003439873456955  Test L2 Loss :  0.016555166989564895  time :  19.61325192451477
Epoch :  36  Rel. Train L2 Loss :  0.02141008248925209  Rel. Test L2 Loss :  0.02258072718977928  Test L2 Loss :  0.018657656908035277  time :  19.658539533615112
Epoch :  37  Rel. Train L2 Loss :  0.021122471034526826  Rel. Test L2 Loss :  0.021851876229047777  Test L2 Loss :  0.018074429631233214  time :  19.696712255477905
Epoch :  38  Rel. Train L2 Loss :  0.021727735728025437  Rel. Test L2 Loss :  0.023430830985307693  Test L2 Loss :  0.019385603815317155  time :  19.68647027015686
Epoch :  39  Rel. Train L2 Loss :  0.021138372749090195  Rel. Test L2 Loss :  0.01934595376253128  Test L2 Loss :  0.015982986986637117  time :  19.674177885055542
Epoch :  40  Rel. Train L2 Loss :  0.017935568183660506  Rel. Test L2 Loss :  0.018975700587034225  Test L2 Loss :  0.01568751484155655  time :  19.601256608963013
Epoch :  41  Rel. Train L2 Loss :  0.018256379872560503  Rel. Test L2 Loss :  0.016749295741319656  Test L2 Loss :  0.013841841444373131  time :  19.57705855369568
Epoch :  42  Rel. Train L2 Loss :  0.02001129525899887  Rel. Test L2 Loss :  0.01910709634423256  Test L2 Loss :  0.015795466601848603  time :  19.581684350967407
Epoch :  43  Rel. Train L2 Loss :  0.02370310437679291  Rel. Test L2 Loss :  0.020769097357988358  Test L2 Loss :  0.017177154868841173  time :  19.54571843147278
Epoch :  44  Rel. Train L2 Loss :  0.0184110067486763  Rel. Test L2 Loss :  0.01978731349110603  Test L2 Loss :  0.016363241225481034  time :  19.609374284744263
Epoch :  45  Rel. Train L2 Loss :  0.022893748313188553  Rel. Test L2 Loss :  0.025330704003572464  Test L2 Loss :  0.02096592798829079  time :  19.62850260734558
Epoch :  46  Rel. Train L2 Loss :  0.021808075219392778  Rel. Test L2 Loss :  0.020094467252492906  Test L2 Loss :  0.016607994735240935  time :  19.647568464279175
Epoch :  47  Rel. Train L2 Loss :  0.02044980537891388  Rel. Test L2 Loss :  0.022747357189655305  Test L2 Loss :  0.018809239268302917  time :  19.6198251247406
Epoch :  48  Rel. Train L2 Loss :  0.0217855359017849  Rel. Test L2 Loss :  0.020458848774433137  Test L2 Loss :  0.016927761137485505  time :  19.59464168548584
Epoch :  49  Rel. Train L2 Loss :  0.021313414245843886  Rel. Test L2 Loss :  0.01615798696875572  Test L2 Loss :  0.013358129486441613  time :  19.56801438331604
Epoch :  50  Rel. Train L2 Loss :  0.020162074357271194  Rel. Test L2 Loss :  0.019711629152297974  Test L2 Loss :  0.016285920739173888  time :  19.544180154800415
Epoch :  51  Rel. Train L2 Loss :  0.01960281166434288  Rel. Test L2 Loss :  0.02506720170378685  Test L2 Loss :  0.020733655095100403  time :  19.562970399856567
Epoch :  52  Rel. Train L2 Loss :  0.019526215106248856  Rel. Test L2 Loss :  0.02121784046292305  Test L2 Loss :  0.017546534836292267  time :  19.57811188697815
Epoch :  53  Rel. Train L2 Loss :  0.02156190758943558  Rel. Test L2 Loss :  0.017722992300987242  Test L2 Loss :  0.014649221748113632  time :  19.607436418533325
Epoch :  54  Rel. Train L2 Loss :  0.021019937723875046  Rel. Test L2 Loss :  0.017484088838100435  Test L2 Loss :  0.014448005855083466  time :  19.638265371322632
Epoch :  55  Rel. Train L2 Loss :  0.020731220245361327  Rel. Test L2 Loss :  0.023381202816963195  Test L2 Loss :  0.01931586965918541  time :  19.659287929534912
Epoch :  56  Rel. Train L2 Loss :  0.02101391088962555  Rel. Test L2 Loss :  0.02555751532316208  Test L2 Loss :  0.02113949403166771  time :  19.633299350738525
Epoch :  57  Rel. Train L2 Loss :  0.02479556420445442  Rel. Test L2 Loss :  0.019417206943035125  Test L2 Loss :  0.016035282462835313  time :  19.588998317718506
Epoch :  58  Rel. Train L2 Loss :  0.02284565541148186  Rel. Test L2 Loss :  0.021505269557237625  Test L2 Loss :  0.0177891044318676  time :  19.54343557357788
Epoch :  59  Rel. Train L2 Loss :  0.020613793283700943  Rel. Test L2 Loss :  0.019532186985015867  Test L2 Loss :  0.01613277554512024  time :  19.536898136138916
Epoch :  60  Rel. Train L2 Loss :  0.02074557638168335  Rel. Test L2 Loss :  0.019272948056459425  Test L2 Loss :  0.015916632115840913  time :  19.589630842208862
Epoch :  61  Rel. Train L2 Loss :  0.019210998743772505  Rel. Test L2 Loss :  0.017341239154338838  Test L2 Loss :  0.014330569058656692  time :  19.61510944366455
Epoch :  62  Rel. Train L2 Loss :  0.024993672102689744  Rel. Test L2 Loss :  0.017470609843730927  Test L2 Loss :  0.014442960172891617  time :  19.63398838043213
Epoch :  63  Rel. Train L2 Loss :  0.01854557067155838  Rel. Test L2 Loss :  0.022205540239810945  Test L2 Loss :  0.018353285938501357  time :  19.634264707565308
Epoch :  64  Rel. Train L2 Loss :  0.01892235857248306  Rel. Test L2 Loss :  0.02302966430783272  Test L2 Loss :  0.019050604701042174  time :  19.615702629089355
Epoch :  65  Rel. Train L2 Loss :  0.022905632704496384  Rel. Test L2 Loss :  0.0197305266559124  Test L2 Loss :  0.016309915482997893  time :  19.57585048675537
Epoch :  66  Rel. Train L2 Loss :  0.02036079400777817  Rel. Test L2 Loss :  0.01988180473446846  Test L2 Loss :  0.016431364119052886  time :  19.54020047187805
Epoch :  67  Rel. Train L2 Loss :  0.021236535996198656  Rel. Test L2 Loss :  0.020510000437498094  Test L2 Loss :  0.016960746198892592  time :  19.544399738311768
Epoch :  68  Rel. Train L2 Loss :  0.02043514555692673  Rel. Test L2 Loss :  0.02003568723797798  Test L2 Loss :  0.016561566591262816  time :  19.559046745300293
Epoch :  69  Rel. Train L2 Loss :  0.021356831848621367  Rel. Test L2 Loss :  0.016952850967645646  Test L2 Loss :  0.013996500223875045  time :  19.60959553718567
Epoch :  70  Rel. Train L2 Loss :  0.020639409601688384  Rel. Test L2 Loss :  0.02263969287276268  Test L2 Loss :  0.018739880323410035  time :  19.647199630737305
Epoch :  71  Rel. Train L2 Loss :  0.01938086012005806  Rel. Test L2 Loss :  0.02214567095041275  Test L2 Loss :  0.018310188204050063  time :  19.646785736083984
Epoch :  72  Rel. Train L2 Loss :  0.023951361805200577  Rel. Test L2 Loss :  0.01689902797341347  Test L2 Loss :  0.013971041887998581  time :  19.630180835723877
Epoch :  73  Rel. Train L2 Loss :  0.018357762485742567  Rel. Test L2 Loss :  0.021588868647813796  Test L2 Loss :  0.017865377515554427  time :  19.5805561542511
Epoch :  74  Rel. Train L2 Loss :  0.019227958858013153  Rel. Test L2 Loss :  0.02643302321434021  Test L2 Loss :  0.021867403388023378  time :  19.582785844802856
Epoch :  75  Rel. Train L2 Loss :  0.02096072518825531  Rel. Test L2 Loss :  0.021989786326885224  Test L2 Loss :  0.018192934691905974  time :  19.55584454536438
Epoch :  76  Rel. Train L2 Loss :  0.021616940230131148  Rel. Test L2 Loss :  0.02067896753549576  Test L2 Loss :  0.01708271533250809  time :  19.583609104156494
Epoch :  77  Rel. Train L2 Loss :  0.020366323441267015  Rel. Test L2 Loss :  0.021200116872787476  Test L2 Loss :  0.0175332935154438  time :  19.63560676574707
Epoch :  78  Rel. Train L2 Loss :  0.020773037880659102  Rel. Test L2 Loss :  0.020024959444999695  Test L2 Loss :  0.01656384766101837  time :  19.673226833343506
Epoch :  79  Rel. Train L2 Loss :  0.021278131753206253  Rel. Test L2 Loss :  0.016288224756717682  Test L2 Loss :  0.013464503586292267  time :  19.647174835205078
Epoch :  80  Rel. Train L2 Loss :  0.020459621340036392  Rel. Test L2 Loss :  0.017989608347415923  Test L2 Loss :  0.014877288341522217  time :  19.62832736968994
Epoch :  81  Rel. Train L2 Loss :  0.02118154355883598  Rel. Test L2 Loss :  0.02447522148489952  Test L2 Loss :  0.020239466428756715  time :  19.63028883934021
Epoch :  82  Rel. Train L2 Loss :  0.021082627803087235  Rel. Test L2 Loss :  0.020702757388353348  Test L2 Loss :  0.01711707279086113  time :  19.58372473716736
Epoch :  83  Rel. Train L2 Loss :  0.019879930049180986  Rel. Test L2 Loss :  0.019198239743709565  Test L2 Loss :  0.01587021291255951  time :  19.58803963661194
Epoch :  84  Rel. Train L2 Loss :  0.019455845803022384  Rel. Test L2 Loss :  0.021032420098781587  Test L2 Loss :  0.017390453219413758  time :  19.628453016281128
Epoch :  85  Rel. Train L2 Loss :  0.01805879399180412  Rel. Test L2 Loss :  0.01527110368013382  Test L2 Loss :  0.012620670720934868  time :  19.669683933258057
Epoch :  86  Rel. Train L2 Loss :  0.021419929072260858  Rel. Test L2 Loss :  0.02632485657930374  Test L2 Loss :  0.021761091202497484  time :  19.700988292694092
Epoch :  87  Rel. Train L2 Loss :  0.022802870243787767  Rel. Test L2 Loss :  0.01911133885383606  Test L2 Loss :  0.01580938622355461  time :  19.71470856666565
Epoch :  88  Rel. Train L2 Loss :  0.01942594060301781  Rel. Test L2 Loss :  0.019365185648202898  Test L2 Loss :  0.016001331359148024  time :  19.606031894683838
Epoch :  89  Rel. Train L2 Loss :  0.02157502245903015  Rel. Test L2 Loss :  0.02204759955406189  Test L2 Loss :  0.018223276138305666  time :  19.564735412597656
Epoch :  90  Rel. Train L2 Loss :  0.018391145050525665  Rel. Test L2 Loss :  0.015401026606559754  Test L2 Loss :  0.012723307013511658  time :  19.55219864845276
Epoch :  91  Rel. Train L2 Loss :  0.019177405178546904  Rel. Test L2 Loss :  0.015346485525369644  Test L2 Loss :  0.012686598151922225  time :  19.571025371551514
Epoch :  92  Rel. Train L2 Loss :  0.017664994716644285  Rel. Test L2 Loss :  0.016080101281404496  Test L2 Loss :  0.013278698399662971  time :  19.599605560302734
Epoch :  93  Rel. Train L2 Loss :  0.020823386400938036  Rel. Test L2 Loss :  0.02431450441479683  Test L2 Loss :  0.020127962678670883  time :  19.62937593460083
Epoch :  94  Rel. Train L2 Loss :  0.01958852505683899  Rel. Test L2 Loss :  0.0202059069275856  Test L2 Loss :  0.01669823169708252  time :  19.64501190185547
Epoch :  95  Rel. Train L2 Loss :  0.01864234521985054  Rel. Test L2 Loss :  0.01719917967915535  Test L2 Loss :  0.014211297184228897  time :  19.631703853607178
Epoch :  96  Rel. Train L2 Loss :  0.017835391879081727  Rel. Test L2 Loss :  0.01721795916557312  Test L2 Loss :  0.014232157617807389  time :  19.631205081939697
Epoch :  97  Rel. Train L2 Loss :  0.017352859377861022  Rel. Test L2 Loss :  0.01567025274038315  Test L2 Loss :  0.0129547718167305  time :  19.621320486068726
Epoch :  98  Rel. Train L2 Loss :  0.01783744925260544  Rel. Test L2 Loss :  0.020983977317810057  Test L2 Loss :  0.0173588727414608  time :  19.59233260154724
Epoch :  99  Rel. Train L2 Loss :  0.019701197147369384  Rel. Test L2 Loss :  0.029090414941310882  Test L2 Loss :  0.024071201980113983  time :  19.577855348587036
Epoch :  100  Rel. Train L2 Loss :  0.02215486192703247  Rel. Test L2 Loss :  0.018862015306949614  Test L2 Loss :  0.015613310039043427  time :  19.601735591888428
Epoch :  101  Rel. Train L2 Loss :  0.01886337614059448  Rel. Test L2 Loss :  0.017284150272607803  Test L2 Loss :  0.014271604120731354  time :  19.640239715576172
Epoch :  102  Rel. Train L2 Loss :  0.017909750461578368  Rel. Test L2 Loss :  0.017412526458501817  Test L2 Loss :  0.014391899034380913  time :  19.626387119293213
Epoch :  103  Rel. Train L2 Loss :  0.0194125879406929  Rel. Test L2 Loss :  0.015997832566499712  Test L2 Loss :  0.013220692276954651  time :  19.640175342559814
Epoch :  104  Rel. Train L2 Loss :  0.019626097053289413  Rel. Test L2 Loss :  0.02024936571717262  Test L2 Loss :  0.016747940182685852  time :  19.60899305343628
Epoch :  105  Rel. Train L2 Loss :  0.018957768261432646  Rel. Test L2 Loss :  0.015247424393892288  Test L2 Loss :  0.01260052688419819  time :  19.606243133544922
Epoch :  106  Rel. Train L2 Loss :  0.019163163721561433  Rel. Test L2 Loss :  0.0181328946352005  Test L2 Loss :  0.01499165415763855  time :  19.58521604537964
Epoch :  107  Rel. Train L2 Loss :  0.018149450182914733  Rel. Test L2 Loss :  0.01591502070426941  Test L2 Loss :  0.013160657063126564  time :  19.575892686843872
Epoch :  108  Rel. Train L2 Loss :  0.017549524009227754  Rel. Test L2 Loss :  0.015019758939743041  Test L2 Loss :  0.012419301867485046  time :  19.6155743598938
Epoch :  109  Rel. Train L2 Loss :  0.018105080038309098  Rel. Test L2 Loss :  0.014826785027980804  Test L2 Loss :  0.012258800864219665  time :  19.631823539733887
Epoch :  110  Rel. Train L2 Loss :  0.01663642881810665  Rel. Test L2 Loss :  0.01585074558854103  Test L2 Loss :  0.013090803399682044  time :  19.642640829086304
Epoch :  111  Rel. Train L2 Loss :  0.017628928780555726  Rel. Test L2 Loss :  0.015724237263202667  Test L2 Loss :  0.012986233681440354  time :  19.633585691452026
Epoch :  112  Rel. Train L2 Loss :  0.018437898993492127  Rel. Test L2 Loss :  0.017028653472661973  Test L2 Loss :  0.014074046537280083  time :  19.620760202407837
Epoch :  113  Rel. Train L2 Loss :  0.01727925232052803  Rel. Test L2 Loss :  0.014825134873390197  Test L2 Loss :  0.012263016253709793  time :  19.619693756103516
Epoch :  114  Rel. Train L2 Loss :  0.016361305490136147  Rel. Test L2 Loss :  0.016177358776330947  Test L2 Loss :  0.013375770151615143  time :  19.569514274597168
Epoch :  115  Rel. Train L2 Loss :  0.01767552098631859  Rel. Test L2 Loss :  0.015488784313201904  Test L2 Loss :  0.012803173810243606  time :  19.555644989013672
Epoch :  116  Rel. Train L2 Loss :  0.020045637458562852  Rel. Test L2 Loss :  0.015608115568757058  Test L2 Loss :  0.012914319932460784  time :  19.584346055984497
Epoch :  117  Rel. Train L2 Loss :  0.016172968819737434  Rel. Test L2 Loss :  0.0143243108689785  Test L2 Loss :  0.01183771900832653  time :  19.629873037338257
Epoch :  118  Rel. Train L2 Loss :  0.01988082706928253  Rel. Test L2 Loss :  0.016984301805496215  Test L2 Loss :  0.014033811390399933  time :  19.690425157546997
Epoch :  119  Rel. Train L2 Loss :  0.016970754504203798  Rel. Test L2 Loss :  0.017284504920244217  Test L2 Loss :  0.014284760281443596  time :  19.690135717391968
Epoch :  120  Rel. Train L2 Loss :  0.015231585904955864  Rel. Test L2 Loss :  0.016910412758588792  Test L2 Loss :  0.013968708813190461  time :  19.652639150619507
Epoch :  121  Rel. Train L2 Loss :  0.017420695632696152  Rel. Test L2 Loss :  0.015758249461650848  Test L2 Loss :  0.013023548126220703  time :  19.58120894432068
Epoch :  122  Rel. Train L2 Loss :  0.01867782762646675  Rel. Test L2 Loss :  0.01758322909474373  Test L2 Loss :  0.014533002972602843  time :  19.578972578048706
Epoch :  123  Rel. Train L2 Loss :  0.016225392237305642  Rel. Test L2 Loss :  0.015228003412485123  Test L2 Loss :  0.012589542716741562  time :  19.581634759902954
Epoch :  124  Rel. Train L2 Loss :  0.017334117114543916  Rel. Test L2 Loss :  0.01630019798874855  Test L2 Loss :  0.013478566110134125  time :  19.585275173187256
Epoch :  125  Rel. Train L2 Loss :  0.015770432025194167  Rel. Test L2 Loss :  0.01541423425078392  Test L2 Loss :  0.012749586403369904  time :  19.611932039260864
Epoch :  126  Rel. Train L2 Loss :  0.015749901756644247  Rel. Test L2 Loss :  0.014455830901861191  Test L2 Loss :  0.011950119957327842  time :  19.67587375640869
Epoch :  127  Rel. Train L2 Loss :  0.015769851297140123  Rel. Test L2 Loss :  0.014210910052061081  Test L2 Loss :  0.011752132028341293  time :  19.678280353546143
Epoch :  128  Rel. Train L2 Loss :  0.016587590128183366  Rel. Test L2 Loss :  0.015140346884727478  Test L2 Loss :  0.012517538443207741  time :  19.666029691696167
Epoch :  129  Rel. Train L2 Loss :  0.017267823547124864  Rel. Test L2 Loss :  0.016182540357112883  Test L2 Loss :  0.013362765833735466  time :  19.58726477622986
Epoch :  130  Rel. Train L2 Loss :  0.016323118686676026  Rel. Test L2 Loss :  0.01603619858622551  Test L2 Loss :  0.013263069465756417  time :  19.55709195137024
Epoch :  131  Rel. Train L2 Loss :  0.01705214236676693  Rel. Test L2 Loss :  0.013537424057722092  Test L2 Loss :  0.011189979687333106  time :  19.541091203689575
Epoch :  132  Rel. Train L2 Loss :  0.015378331527113915  Rel. Test L2 Loss :  0.013721953779459  Test L2 Loss :  0.011345893293619156  time :  19.56020998954773
Epoch :  133  Rel. Train L2 Loss :  0.015367630526423454  Rel. Test L2 Loss :  0.014093558490276336  Test L2 Loss :  0.011645822077989578  time :  19.610483169555664
Epoch :  134  Rel. Train L2 Loss :  0.01689885923266411  Rel. Test L2 Loss :  0.014806892722845078  Test L2 Loss :  0.012239569649100304  time :  19.661826848983765
Epoch :  135  Rel. Train L2 Loss :  0.01602076989412308  Rel. Test L2 Loss :  0.015182991921901702  Test L2 Loss :  0.012548813372850418  time :  19.674522876739502
Epoch :  136  Rel. Train L2 Loss :  0.01673919828236103  Rel. Test L2 Loss :  0.02375384032726288  Test L2 Loss :  0.019644146859645842  time :  19.65057635307312
Epoch :  137  Rel. Train L2 Loss :  0.01956414395570755  Rel. Test L2 Loss :  0.01836388275027275  Test L2 Loss :  0.015171703994274139  time :  19.600016117095947
Epoch :  138  Rel. Train L2 Loss :  0.016019741520285607  Rel. Test L2 Loss :  0.017306796461343765  Test L2 Loss :  0.014324665814638139  time :  19.56053137779236
Epoch :  139  Rel. Train L2 Loss :  0.015036997184157372  Rel. Test L2 Loss :  0.014476651400327683  Test L2 Loss :  0.011967367380857468  time :  19.545494556427002
Epoch :  140  Rel. Train L2 Loss :  0.015292663171887398  Rel. Test L2 Loss :  0.017955870479345323  Test L2 Loss :  0.01484715536236763  time :  19.572851181030273
Epoch :  141  Rel. Train L2 Loss :  0.01566756312549114  Rel. Test L2 Loss :  0.013696710914373397  Test L2 Loss :  0.011329587772488594  time :  19.618776082992554
Epoch :  142  Rel. Train L2 Loss :  0.015664908185601234  Rel. Test L2 Loss :  0.013963169530034064  Test L2 Loss :  0.011544189378619195  time :  19.669901371002197
Epoch :  143  Rel. Train L2 Loss :  0.015429787769913673  Rel. Test L2 Loss :  0.018075384497642517  Test L2 Loss :  0.014934685975313187  time :  19.709968090057373
Epoch :  144  Rel. Train L2 Loss :  0.014598007932305337  Rel. Test L2 Loss :  0.014471194446086884  Test L2 Loss :  0.011967491507530213  time :  19.65831208229065
Epoch :  145  Rel. Train L2 Loss :  0.014395419716835021  Rel. Test L2 Loss :  0.012229374125599862  Test L2 Loss :  0.010111205279827118  time :  19.606603622436523
Epoch :  146  Rel. Train L2 Loss :  0.01317826046049595  Rel. Test L2 Loss :  0.014015575125813483  Test L2 Loss :  0.011586895883083344  time :  19.5959255695343
Epoch :  147  Rel. Train L2 Loss :  0.015751165822148323  Rel. Test L2 Loss :  0.015081434398889542  Test L2 Loss :  0.012473604306578637  time :  19.593490600585938
Epoch :  148  Rel. Train L2 Loss :  0.014231810808181762  Rel. Test L2 Loss :  0.012095011621713638  Test L2 Loss :  0.009999041855335235  time :  19.544905424118042
Epoch :  149  Rel. Train L2 Loss :  0.016631977900862693  Rel. Test L2 Loss :  0.014537695497274399  Test L2 Loss :  0.012013492658734321  time :  19.569289445877075
Epoch :  150  Rel. Train L2 Loss :  0.015101963832974434  Rel. Test L2 Loss :  0.014303529858589173  Test L2 Loss :  0.011818750351667405  time :  19.618486404418945
Epoch :  151  Rel. Train L2 Loss :  0.015061473578214645  Rel. Test L2 Loss :  0.019910922050476076  Test L2 Loss :  0.016480514258146287  time :  19.65608048439026
Epoch :  152  Rel. Train L2 Loss :  0.014509606823325158  Rel. Test L2 Loss :  0.013953490108251572  Test L2 Loss :  0.01153615340590477  time :  19.856852054595947
Epoch :  153  Rel. Train L2 Loss :  0.017852157562971115  Rel. Test L2 Loss :  0.014133575558662414  Test L2 Loss :  0.011684413254261016  time :  19.608474016189575
Epoch :  154  Rel. Train L2 Loss :  0.014470020473003388  Rel. Test L2 Loss :  0.012660327553749084  Test L2 Loss :  0.010463603138923645  time :  19.5888409614563
Epoch :  155  Rel. Train L2 Loss :  0.014570771768689155  Rel. Test L2 Loss :  0.013190129101276397  Test L2 Loss :  0.010900327190756797  time :  19.557759046554565
Epoch :  156  Rel. Train L2 Loss :  0.014223518460988998  Rel. Test L2 Loss :  0.013746317252516746  Test L2 Loss :  0.011366562843322754  time :  19.560171127319336
Epoch :  157  Rel. Train L2 Loss :  0.014656586974859238  Rel. Test L2 Loss :  0.01271063596010208  Test L2 Loss :  0.010506046563386917  time :  19.553873538970947
Epoch :  158  Rel. Train L2 Loss :  0.013222066462039947  Rel. Test L2 Loss :  0.015456429272890091  Test L2 Loss :  0.012777923867106437  time :  19.609005451202393
Epoch :  159  Rel. Train L2 Loss :  0.015135898426175118  Rel. Test L2 Loss :  0.015443787425756455  Test L2 Loss :  0.012770592868328094  time :  19.665274620056152
Epoch :  160  Rel. Train L2 Loss :  0.013760158568620682  Rel. Test L2 Loss :  0.014831414520740509  Test L2 Loss :  0.012264334112405777  time :  19.67016911506653
Epoch :  161  Rel. Train L2 Loss :  0.013604257553815842  Rel. Test L2 Loss :  0.01712651625275612  Test L2 Loss :  0.014151084646582603  time :  19.63249897956848
Epoch :  162  Rel. Train L2 Loss :  0.014679982095956803  Rel. Test L2 Loss :  0.01195482186973095  Test L2 Loss :  0.009884237721562385  time :  19.61200213432312
Epoch :  163  Rel. Train L2 Loss :  0.014243922740221024  Rel. Test L2 Loss :  0.02341151937842369  Test L2 Loss :  0.01936437502503395  time :  19.561043977737427
Epoch :  164  Rel. Train L2 Loss :  0.014139942258596421  Rel. Test L2 Loss :  0.019743891060352327  Test L2 Loss :  0.01633355513215065  time :  19.562393188476562
Epoch :  165  Rel. Train L2 Loss :  0.014351621150970459  Rel. Test L2 Loss :  0.014897540807724  Test L2 Loss :  0.012318279668688774  time :  19.588016033172607
Epoch :  166  Rel. Train L2 Loss :  0.016970544785261155  Rel. Test L2 Loss :  0.012822882682085037  Test L2 Loss :  0.010600463002920151  time :  19.638781309127808
Epoch :  167  Rel. Train L2 Loss :  0.013073151648044587  Rel. Test L2 Loss :  0.013995238989591598  Test L2 Loss :  0.011566361412405968  time :  19.664198398590088
Epoch :  168  Rel. Train L2 Loss :  0.013352767497301101  Rel. Test L2 Loss :  0.017817064374685287  Test L2 Loss :  0.014701876640319824  time :  19.651336431503296
Epoch :  169  Rel. Train L2 Loss :  0.015093354180455208  Rel. Test L2 Loss :  0.01313010387122631  Test L2 Loss :  0.010860440880060196  time :  19.627277135849
Epoch :  170  Rel. Train L2 Loss :  0.012979081064462663  Rel. Test L2 Loss :  0.011625030264258384  Test L2 Loss :  0.009603059440851212  time :  19.561599731445312
Epoch :  171  Rel. Train L2 Loss :  0.015775496020913125  Rel. Test L2 Loss :  0.011987924873828888  Test L2 Loss :  0.009906405061483383  time :  19.556310653686523
Epoch :  172  Rel. Train L2 Loss :  0.013563140898942947  Rel. Test L2 Loss :  0.015167232304811477  Test L2 Loss :  0.012537311762571335  time :  19.586435079574585
Epoch :  173  Rel. Train L2 Loss :  0.01396798637509346  Rel. Test L2 Loss :  0.01554255872964859  Test L2 Loss :  0.0128488240391016  time :  19.592586994171143
Epoch :  174  Rel. Train L2 Loss :  0.013116309329867362  Rel. Test L2 Loss :  0.013259353488683701  Test L2 Loss :  0.010950248464941978  time :  19.616995096206665
Epoch :  175  Rel. Train L2 Loss :  0.014135848864912986  Rel. Test L2 Loss :  0.012974780648946763  Test L2 Loss :  0.01072711929678917  time :  19.651018619537354
Epoch :  176  Rel. Train L2 Loss :  0.015749205023050307  Rel. Test L2 Loss :  0.01570755958557129  Test L2 Loss :  0.012979143559932708  time :  19.64400053024292
Epoch :  177  Rel. Train L2 Loss :  0.013605436503887177  Rel. Test L2 Loss :  0.014245720654726029  Test L2 Loss :  0.011773024722933768  time :  19.63780403137207
Epoch :  178  Rel. Train L2 Loss :  0.012076313316822051  Rel. Test L2 Loss :  0.012843310981988907  Test L2 Loss :  0.010622395277023315  time :  19.615588903427124
Epoch :  179  Rel. Train L2 Loss :  0.01361549398303032  Rel. Test L2 Loss :  0.012398527711629867  Test L2 Loss :  0.010250616073608398  time :  19.59133219718933
Epoch :  180  Rel. Train L2 Loss :  0.013241259947419166  Rel. Test L2 Loss :  0.015976476967334747  Test L2 Loss :  0.013216776251792907  time :  19.56362819671631
Epoch :  181  Rel. Train L2 Loss :  0.012936153143644333  Rel. Test L2 Loss :  0.01582367956638336  Test L2 Loss :  0.013084041103720665  time :  19.58425521850586
Epoch :  182  Rel. Train L2 Loss :  0.015321509033441543  Rel. Test L2 Loss :  0.015748775750398635  Test L2 Loss :  0.013022344782948494  time :  19.6044979095459
Epoch :  183  Rel. Train L2 Loss :  0.01228557899594307  Rel. Test L2 Loss :  0.01096411444246769  Test L2 Loss :  0.00906237319111824  time :  19.65490436553955
Epoch :  184  Rel. Train L2 Loss :  0.012355317190289497  Rel. Test L2 Loss :  0.013573180437088012  Test L2 Loss :  0.011227294877171516  time :  19.67406177520752
Epoch :  185  Rel. Train L2 Loss :  0.013079971984028816  Rel. Test L2 Loss :  0.012155207246541977  Test L2 Loss :  0.010056135207414628  time :  19.63308548927307
Epoch :  186  Rel. Train L2 Loss :  0.01292289663851261  Rel. Test L2 Loss :  0.010855543464422225  Test L2 Loss :  0.008973267674446107  time :  19.569509744644165
Epoch :  187  Rel. Train L2 Loss :  0.0124713234603405  Rel. Test L2 Loss :  0.012166950404644012  Test L2 Loss :  0.010054296255111695  time :  19.55638074874878
Epoch :  188  Rel. Train L2 Loss :  0.012738935545086861  Rel. Test L2 Loss :  0.012302403002977372  Test L2 Loss :  0.010169271752238274  time :  19.55897569656372
Epoch :  189  Rel. Train L2 Loss :  0.014111174315214157  Rel. Test L2 Loss :  0.012715667262673378  Test L2 Loss :  0.010518849343061448  time :  19.631727933883667
Epoch :  190  Rel. Train L2 Loss :  0.012181530043482781  Rel. Test L2 Loss :  0.011170785948634148  Test L2 Loss :  0.009236834347248077  time :  19.617666244506836
Epoch :  191  Rel. Train L2 Loss :  0.013265019699931145  Rel. Test L2 Loss :  0.013674529865384102  Test L2 Loss :  0.011304802671074867  time :  19.6532986164093
Epoch :  192  Rel. Train L2 Loss :  0.014022026106715203  Rel. Test L2 Loss :  0.013429403826594353  Test L2 Loss :  0.01109300971031189  time :  19.629995822906494
Epoch :  193  Rel. Train L2 Loss :  0.011732037723064423  Rel. Test L2 Loss :  0.0117815200984478  Test L2 Loss :  0.00973838523030281  time :  19.613221168518066
Epoch :  194  Rel. Train L2 Loss :  0.012363082140684128  Rel. Test L2 Loss :  0.012436133101582527  Test L2 Loss :  0.010279071182012559  time :  19.790955066680908
Epoch :  195  Rel. Train L2 Loss :  0.011386145532131195  Rel. Test L2 Loss :  0.01163314588367939  Test L2 Loss :  0.00961309663951397  time :  19.812216758728027
Epoch :  196  Rel. Train L2 Loss :  0.011967555075883865  Rel. Test L2 Loss :  0.01288743682205677  Test L2 Loss :  0.01066309966146946  time :  19.584689378738403
Epoch :  197  Rel. Train L2 Loss :  0.012153387129306793  Rel. Test L2 Loss :  0.01433462992310524  Test L2 Loss :  0.01186599537730217  time :  19.73808765411377
Epoch :  198  Rel. Train L2 Loss :  0.014010341733694077  Rel. Test L2 Loss :  0.012701789736747742  Test L2 Loss :  0.010504129901528358  time :  19.92722797393799
Epoch :  199  Rel. Train L2 Loss :  0.01184372279047966  Rel. Test L2 Loss :  0.012789130657911301  Test L2 Loss :  0.010572994276881218  time :  19.870959520339966
Epoch :  200  Rel. Train L2 Loss :  0.012212660983204842  Rel. Test L2 Loss :  0.012053676769137383  Test L2 Loss :  0.009966281428933143  time :  19.61837863922119
Epoch :  201  Rel. Train L2 Loss :  0.01125448215007782  Rel. Test L2 Loss :  0.013109932988882064  Test L2 Loss :  0.010842751041054725  time :  19.600115060806274
Epoch :  202  Rel. Train L2 Loss :  0.01224651449918747  Rel. Test L2 Loss :  0.010800520181655884  Test L2 Loss :  0.008927626758813858  time :  19.597903966903687
Epoch :  203  Rel. Train L2 Loss :  0.01111316892504692  Rel. Test L2 Loss :  0.015422359555959702  Test L2 Loss :  0.01276574343442917  time :  19.58855390548706
Epoch :  204  Rel. Train L2 Loss :  0.013252115562558174  Rel. Test L2 Loss :  0.01119641624391079  Test L2 Loss :  0.009256234988570214  time :  19.61083173751831
Epoch :  205  Rel. Train L2 Loss :  0.01260381592810154  Rel. Test L2 Loss :  0.012049672901630401  Test L2 Loss :  0.009956744983792305  time :  19.61489701271057
Epoch :  206  Rel. Train L2 Loss :  0.013121618196368217  Rel. Test L2 Loss :  0.0137774920463562  Test L2 Loss :  0.011400780156254769  time :  19.616857767105103
Epoch :  207  Rel. Train L2 Loss :  0.011990592092275619  Rel. Test L2 Loss :  0.01094153620302677  Test L2 Loss :  0.009045694768428803  time :  19.671661138534546
Epoch :  208  Rel. Train L2 Loss :  0.010072536125779153  Rel. Test L2 Loss :  0.010187789797782898  Test L2 Loss :  0.008418655022978783  time :  19.65578031539917
Epoch :  209  Rel. Train L2 Loss :  0.012900123253464698  Rel. Test L2 Loss :  0.0143977090716362  Test L2 Loss :  0.011892292574048042  time :  19.63926124572754
Epoch :  210  Rel. Train L2 Loss :  0.011776297986507415  Rel. Test L2 Loss :  0.012243618145585061  Test L2 Loss :  0.010124923586845398  time :  19.595176696777344
Epoch :  211  Rel. Train L2 Loss :  0.012510649517178535  Rel. Test L2 Loss :  0.011000682041049004  Test L2 Loss :  0.009092355966567994  time :  19.547482013702393
Epoch :  212  Rel. Train L2 Loss :  0.00965698428452015  Rel. Test L2 Loss :  0.010988255590200424  Test L2 Loss :  0.009081844463944435  time :  19.559612035751343
Epoch :  213  Rel. Train L2 Loss :  0.010821916058659554  Rel. Test L2 Loss :  0.01147749699652195  Test L2 Loss :  0.009491227120161056  time :  19.56954288482666
Epoch :  214  Rel. Train L2 Loss :  0.01051639248430729  Rel. Test L2 Loss :  0.011373310089111329  Test L2 Loss :  0.009401592463254928  time :  19.61996865272522
Epoch :  215  Rel. Train L2 Loss :  0.010473074749112129  Rel. Test L2 Loss :  0.011609145104885102  Test L2 Loss :  0.009606569781899452  time :  19.633761405944824
Epoch :  216  Rel. Train L2 Loss :  0.01316929817199707  Rel. Test L2 Loss :  0.012096002772450447  Test L2 Loss :  0.009999528229236603  time :  19.624317169189453
Epoch :  217  Rel. Train L2 Loss :  0.0113324204236269  Rel. Test L2 Loss :  0.010928520485758781  Test L2 Loss :  0.009038071110844613  time :  19.62181043624878
Epoch :  218  Rel. Train L2 Loss :  0.010529816836118698  Rel. Test L2 Loss :  0.0112164506316185  Test L2 Loss :  0.009275562092661858  time :  19.59514594078064
Epoch :  219  Rel. Train L2 Loss :  0.011076951012015343  Rel. Test L2 Loss :  0.011206309720873832  Test L2 Loss :  0.009270805567502975  time :  19.615052700042725
Epoch :  220  Rel. Train L2 Loss :  0.010446004286408425  Rel. Test L2 Loss :  0.01154482513666153  Test L2 Loss :  0.00953977309167385  time :  19.5579354763031
Epoch :  221  Rel. Train L2 Loss :  0.010343583285808563  Rel. Test L2 Loss :  0.014470497369766236  Test L2 Loss :  0.01197698637843132  time :  19.5782790184021
Epoch :  222  Rel. Train L2 Loss :  0.011296128198504448  Rel. Test L2 Loss :  0.012838220670819283  Test L2 Loss :  0.010618729218840599  time :  19.61050844192505
Epoch :  223  Rel. Train L2 Loss :  0.012977072030305863  Rel. Test L2 Loss :  0.01537437155842781  Test L2 Loss :  0.012721925526857376  time :  19.640084505081177
Epoch :  224  Rel. Train L2 Loss :  0.012122720822691918  Rel. Test L2 Loss :  0.011048825457692146  Test L2 Loss :  0.009136009514331817  time :  19.662018060684204
Epoch :  225  Rel. Train L2 Loss :  0.011795556023716926  Rel. Test L2 Loss :  0.013037717565894127  Test L2 Loss :  0.01077941820025444  time :  19.655844688415527
Epoch :  226  Rel. Train L2 Loss :  0.011079088747501374  Rel. Test L2 Loss :  0.01006077453494072  Test L2 Loss :  0.008317158296704293  time :  19.623965978622437
Epoch :  227  Rel. Train L2 Loss :  0.0102976875603199  Rel. Test L2 Loss :  0.011878852993249893  Test L2 Loss :  0.009819865003228187  time :  19.631168127059937
Epoch :  228  Rel. Train L2 Loss :  0.012141145914793015  Rel. Test L2 Loss :  0.012349207550287247  Test L2 Loss :  0.010214746966958045  time :  19.576597452163696
Epoch :  229  Rel. Train L2 Loss :  0.010795494854450225  Rel. Test L2 Loss :  0.011385152563452721  Test L2 Loss :  0.009409909173846244  time :  19.5506329536438
Epoch :  230  Rel. Train L2 Loss :  0.011318989738821983  Rel. Test L2 Loss :  0.013774419054389  Test L2 Loss :  0.01138901300728321  time :  19.590525150299072
Epoch :  231  Rel. Train L2 Loss :  0.010672644302248955  Rel. Test L2 Loss :  0.012533493116497993  Test L2 Loss :  0.010367079377174378  time :  19.61668372154236
Epoch :  232  Rel. Train L2 Loss :  0.010436329185962677  Rel. Test L2 Loss :  0.010304648652672768  Test L2 Loss :  0.008519637957215309  time :  19.659700393676758
Epoch :  233  Rel. Train L2 Loss :  0.009657230630517006  Rel. Test L2 Loss :  0.010979148223996163  Test L2 Loss :  0.009077176377177238  time :  19.63767695426941
Epoch :  234  Rel. Train L2 Loss :  0.010950424686074257  Rel. Test L2 Loss :  0.014106526672840118  Test L2 Loss :  0.011675836071372032  time :  19.62642002105713
Epoch :  235  Rel. Train L2 Loss :  0.011209071099758149  Rel. Test L2 Loss :  0.012517921552062035  Test L2 Loss :  0.010354381576180459  time :  19.599722385406494
Epoch :  236  Rel. Train L2 Loss :  0.010021788999438286  Rel. Test L2 Loss :  0.010338413566350936  Test L2 Loss :  0.00854591116309166  time :  19.59414792060852
Epoch :  237  Rel. Train L2 Loss :  0.011049328982830047  Rel. Test L2 Loss :  0.013220613077282905  Test L2 Loss :  0.010934122875332832  time :  19.563432455062866
Epoch :  238  Rel. Train L2 Loss :  0.010848010554909707  Rel. Test L2 Loss :  0.00939800702035427  Test L2 Loss :  0.007770128771662712  time :  19.573479413986206
Epoch :  239  Rel. Train L2 Loss :  0.010278916522860526  Rel. Test L2 Loss :  0.010860199928283692  Test L2 Loss :  0.0089666149020195  time :  19.588648557662964
Epoch :  240  Rel. Train L2 Loss :  0.010874545320868493  Rel. Test L2 Loss :  0.012141982018947601  Test L2 Loss :  0.010025977492332458  time :  19.63556432723999
Epoch :  241  Rel. Train L2 Loss :  0.009361272305250167  Rel. Test L2 Loss :  0.009505893662571907  Test L2 Loss :  0.00786019593477249  time :  19.647167205810547
Epoch :  242  Rel. Train L2 Loss :  0.011036376208066941  Rel. Test L2 Loss :  0.010935884788632394  Test L2 Loss :  0.009043119922280312  time :  19.65176272392273
Epoch :  243  Rel. Train L2 Loss :  0.010230833798646926  Rel. Test L2 Loss :  0.010089224502444268  Test L2 Loss :  0.008338972330093383  time :  19.635043621063232
Epoch :  244  Rel. Train L2 Loss :  0.009775802597403526  Rel. Test L2 Loss :  0.010695573687553406  Test L2 Loss :  0.008848461583256721  time :  19.58351230621338
Epoch :  245  Rel. Train L2 Loss :  0.010378290608525275  Rel. Test L2 Loss :  0.009447655230760575  Test L2 Loss :  0.007810038477182388  time :  19.56722640991211
Epoch :  246  Rel. Train L2 Loss :  0.010598674565553665  Rel. Test L2 Loss :  0.009527160972356796  Test L2 Loss :  0.00787748172879219  time :  19.59287691116333
Epoch :  247  Rel. Train L2 Loss :  0.009649916514754296  Rel. Test L2 Loss :  0.008778035938739777  Test L2 Loss :  0.0072546909004449845  time :  19.64688277244568
Epoch :  248  Rel. Train L2 Loss :  0.009403957158327102  Rel. Test L2 Loss :  0.010119007527828216  Test L2 Loss :  0.008359271883964538  time :  19.651740312576294
Epoch :  249  Rel. Train L2 Loss :  0.009327369183301926  Rel. Test L2 Loss :  0.010681042671203613  Test L2 Loss :  0.008828338831663132  time :  19.662949800491333
Epoch :  250  Rel. Train L2 Loss :  0.009542169243097306  Rel. Test L2 Loss :  0.011559822857379913  Test L2 Loss :  0.009559081196784973  time :  19.64359760284424
Epoch :  251  Rel. Train L2 Loss :  0.009821047201752663  Rel. Test L2 Loss :  0.01267918936908245  Test L2 Loss :  0.010492263063788414  time :  19.62442111968994
Epoch :  252  Rel. Train L2 Loss :  0.0094824827760458  Rel. Test L2 Loss :  0.010237971842288971  Test L2 Loss :  0.008465600833296776  time :  19.601717472076416
Epoch :  253  Rel. Train L2 Loss :  0.010726995781064034  Rel. Test L2 Loss :  0.010022611767053604  Test L2 Loss :  0.00828820802271366  time :  19.577256679534912
Epoch :  254  Rel. Train L2 Loss :  0.009838023886084556  Rel. Test L2 Loss :  0.010175280198454857  Test L2 Loss :  0.008416849598288536  time :  19.55934429168701
Epoch :  255  Rel. Train L2 Loss :  0.009209179073572158  Rel. Test L2 Loss :  0.009972590506076812  Test L2 Loss :  0.008241147547960282  time :  19.586275100708008
Epoch :  256  Rel. Train L2 Loss :  0.009753525376319886  Rel. Test L2 Loss :  0.01260832391679287  Test L2 Loss :  0.010425501614809035  time :  19.60307216644287
Epoch :  257  Rel. Train L2 Loss :  0.009641712799668313  Rel. Test L2 Loss :  0.010516099110245704  Test L2 Loss :  0.008699625879526138  time :  19.639835596084595
Epoch :  258  Rel. Train L2 Loss :  0.009902999192476272  Rel. Test L2 Loss :  0.010156806334853172  Test L2 Loss :  0.008395543918013573  time :  19.673840045928955
Epoch :  259  Rel. Train L2 Loss :  0.009203596100211143  Rel. Test L2 Loss :  0.009194144532084465  Test L2 Loss :  0.007599418871104717  time :  19.647600412368774
Epoch :  260  Rel. Train L2 Loss :  0.008986122101545334  Rel. Test L2 Loss :  0.009938803538680076  Test L2 Loss :  0.008208239004015922  time :  19.548705339431763
Epoch :  261  Rel. Train L2 Loss :  0.008448395535349845  Rel. Test L2 Loss :  0.009789412543177604  Test L2 Loss :  0.008099110871553421  time :  19.45262861251831
Epoch :  262  Rel. Train L2 Loss :  0.009136352062225342  Rel. Test L2 Loss :  0.009582006633281707  Test L2 Loss :  0.007922985553741456  time :  19.487279653549194
Epoch :  263  Rel. Train L2 Loss :  0.009128313645720481  Rel. Test L2 Loss :  0.009614042565226555  Test L2 Loss :  0.007946022599935532  time :  19.51447892189026
Epoch :  264  Rel. Train L2 Loss :  0.008832797750830651  Rel. Test L2 Loss :  0.00979704514145851  Test L2 Loss :  0.008097458407282829  time :  19.561545610427856
Epoch :  265  Rel. Train L2 Loss :  0.009216121271252632  Rel. Test L2 Loss :  0.010144548788666725  Test L2 Loss :  0.008383970484137535  time :  19.647432327270508
Epoch :  266  Rel. Train L2 Loss :  0.009774372026324273  Rel. Test L2 Loss :  0.00905910886824131  Test L2 Loss :  0.007486327737569809  time :  19.672379732131958
Epoch :  267  Rel. Train L2 Loss :  0.008329374141991138  Rel. Test L2 Loss :  0.009517840519547462  Test L2 Loss :  0.007863129302859307  time :  19.668838500976562
Epoch :  268  Rel. Train L2 Loss :  0.00863051187992096  Rel. Test L2 Loss :  0.01031178742647171  Test L2 Loss :  0.008528172075748443  time :  19.618125200271606
Epoch :  269  Rel. Train L2 Loss :  0.008790808901190758  Rel. Test L2 Loss :  0.013642594367265701  Test L2 Loss :  0.011293529346585274  time :  19.612763166427612
Epoch :  270  Rel. Train L2 Loss :  0.01034605474025011  Rel. Test L2 Loss :  0.01190196804702282  Test L2 Loss :  0.009844690635800362  time :  19.556030988693237
Epoch :  271  Rel. Train L2 Loss :  0.01048356880247593  Rel. Test L2 Loss :  0.009686659276485442  Test L2 Loss :  0.008004538267850875  time :  19.631040573120117
Epoch :  272  Rel. Train L2 Loss :  0.00885918490588665  Rel. Test L2 Loss :  0.010757719725370407  Test L2 Loss :  0.008897204250097275  time :  19.61196279525757
Epoch :  273  Rel. Train L2 Loss :  0.009643104463815689  Rel. Test L2 Loss :  0.010630263909697533  Test L2 Loss :  0.008786322921514511  time :  19.621724367141724
Epoch :  274  Rel. Train L2 Loss :  0.008736778512597083  Rel. Test L2 Loss :  0.008986082673072816  Test L2 Loss :  0.0074329859763383865  time :  19.649348974227905
Epoch :  275  Rel. Train L2 Loss :  0.009067606031894684  Rel. Test L2 Loss :  0.009113650768995285  Test L2 Loss :  0.00753502868115902  time :  19.64936351776123
Epoch :  276  Rel. Train L2 Loss :  0.00799715456366539  Rel. Test L2 Loss :  0.009309969246387481  Test L2 Loss :  0.00769449420273304  time :  19.604683876037598
Epoch :  277  Rel. Train L2 Loss :  0.007642459779977798  Rel. Test L2 Loss :  0.008326872885227203  Test L2 Loss :  0.006880610436201096  time :  19.576599597930908
Epoch :  278  Rel. Train L2 Loss :  0.00864362221211195  Rel. Test L2 Loss :  0.011058573052287102  Test L2 Loss :  0.009140599817037583  time :  19.584840059280396
Epoch :  279  Rel. Train L2 Loss :  0.008183412909507751  Rel. Test L2 Loss :  0.009458872526884078  Test L2 Loss :  0.007827071249485016  time :  19.573610305786133
Epoch :  280  Rel. Train L2 Loss :  0.00828925347328186  Rel. Test L2 Loss :  0.00917440228164196  Test L2 Loss :  0.007588617503643036  time :  19.59229874610901
Epoch :  281  Rel. Train L2 Loss :  0.007679735571146012  Rel. Test L2 Loss :  0.008917953073978423  Test L2 Loss :  0.007375887855887413  time :  19.638884782791138
Epoch :  282  Rel. Train L2 Loss :  0.008102765299379826  Rel. Test L2 Loss :  0.009004556089639664  Test L2 Loss :  0.007442538887262345  time :  19.655734062194824
Epoch :  283  Rel. Train L2 Loss :  0.008911590963602067  Rel. Test L2 Loss :  0.0088205835968256  Test L2 Loss :  0.0072891412675380705  time :  19.649545669555664
Epoch :  284  Rel. Train L2 Loss :  0.007695051319897175  Rel. Test L2 Loss :  0.00808294802904129  Test L2 Loss :  0.006683850325644016  time :  19.62930417060852
Epoch :  285  Rel. Train L2 Loss :  0.007960892871022224  Rel. Test L2 Loss :  0.009640361741185188  Test L2 Loss :  0.007971939742565154  time :  19.58445119857788
Epoch :  286  Rel. Train L2 Loss :  0.009083120457828045  Rel. Test L2 Loss :  0.008602142930030823  Test L2 Loss :  0.007113934010267258  time :  19.54188299179077
Epoch :  287  Rel. Train L2 Loss :  0.008145585261285304  Rel. Test L2 Loss :  0.00907375119626522  Test L2 Loss :  0.007502647563815117  time :  19.569895267486572
Epoch :  288  Rel. Train L2 Loss :  0.007839737638831138  Rel. Test L2 Loss :  0.008425411507487298  Test L2 Loss :  0.006963851191103459  time :  19.585306882858276
Epoch :  289  Rel. Train L2 Loss :  0.007424232721328736  Rel. Test L2 Loss :  0.008109717890620231  Test L2 Loss :  0.006707637570798397  time :  19.610546588897705
Epoch :  290  Rel. Train L2 Loss :  0.007549376979470253  Rel. Test L2 Loss :  0.008300818130373954  Test L2 Loss :  0.006860833391547203  time :  19.68308663368225
Epoch :  291  Rel. Train L2 Loss :  0.0077687082514166835  Rel. Test L2 Loss :  0.008845965042710305  Test L2 Loss :  0.007307604029774666  time :  19.646759748458862
Epoch :  292  Rel. Train L2 Loss :  0.008029238283634187  Rel. Test L2 Loss :  0.008683579042553902  Test L2 Loss :  0.007182633504271507  time :  19.623061656951904
Epoch :  293  Rel. Train L2 Loss :  0.007229375898838044  Rel. Test L2 Loss :  0.008715404942631722  Test L2 Loss :  0.007205575592815876  time :  19.590543508529663
Epoch :  294  Rel. Train L2 Loss :  0.007810281857848167  Rel. Test L2 Loss :  0.00787192240357399  Test L2 Loss :  0.006507597751915455  time :  19.570112705230713
Epoch :  295  Rel. Train L2 Loss :  0.007343254432082176  Rel. Test L2 Loss :  0.008454698175191878  Test L2 Loss :  0.0069867906719446185  time :  19.56433629989624
Epoch :  296  Rel. Train L2 Loss :  0.007348227076232433  Rel. Test L2 Loss :  0.008062092661857605  Test L2 Loss :  0.006665654927492142  time :  19.605473041534424
Epoch :  297  Rel. Train L2 Loss :  0.006996976286172867  Rel. Test L2 Loss :  0.007751354575157165  Test L2 Loss :  0.006407323256134987  time :  19.65587091445923
Epoch :  298  Rel. Train L2 Loss :  0.007632407762110233  Rel. Test L2 Loss :  0.008302152007818222  Test L2 Loss :  0.00686165701597929  time :  19.676740646362305
Epoch :  299  Rel. Train L2 Loss :  0.007884465917944908  Rel. Test L2 Loss :  0.008588795363903046  Test L2 Loss :  0.007099976614117622  time :  19.661887645721436
Epoch :  300  Rel. Train L2 Loss :  0.008022419713437557  Rel. Test L2 Loss :  0.009392693564295769  Test L2 Loss :  0.00776561327278614  time :  19.625750064849854
Epoch :  301  Rel. Train L2 Loss :  0.006850474029779435  Rel. Test L2 Loss :  0.008321173042058944  Test L2 Loss :  0.006880829036235809  time :  19.911420345306396
Epoch :  302  Rel. Train L2 Loss :  0.007412409208714962  Rel. Test L2 Loss :  0.008600584641098976  Test L2 Loss :  0.007111050821840763  time :  19.592663764953613
Epoch :  303  Rel. Train L2 Loss :  0.008030654057860374  Rel. Test L2 Loss :  0.009315901100635529  Test L2 Loss :  0.0077046754211187365  time :  19.603474378585815
Epoch :  304  Rel. Train L2 Loss :  0.007618790194392204  Rel. Test L2 Loss :  0.008671452030539513  Test L2 Loss :  0.0071714394539594654  time :  19.597084045410156
Epoch :  305  Rel. Train L2 Loss :  0.007154959261417389  Rel. Test L2 Loss :  0.00804007425904274  Test L2 Loss :  0.006649117581546306  time :  19.646923780441284
Epoch :  306  Rel. Train L2 Loss :  0.006718152672052383  Rel. Test L2 Loss :  0.00864371582865715  Test L2 Loss :  0.0071445898711681366  time :  19.64572834968567
Epoch :  307  Rel. Train L2 Loss :  0.006932238601148128  Rel. Test L2 Loss :  0.008038834035396576  Test L2 Loss :  0.006651782430708408  time :  19.650830030441284
Epoch :  308  Rel. Train L2 Loss :  0.007058535180985928  Rel. Test L2 Loss :  0.00795528620481491  Test L2 Loss :  0.006577157191932201  time :  19.632888555526733
Epoch :  309  Rel. Train L2 Loss :  0.007145402647554875  Rel. Test L2 Loss :  0.009014189392328262  Test L2 Loss :  0.007449947968125343  time :  19.60196304321289
Epoch :  310  Rel. Train L2 Loss :  0.007775607481598854  Rel. Test L2 Loss :  0.008512577041983604  Test L2 Loss :  0.007039756998419761  time :  19.57550597190857
Epoch :  311  Rel. Train L2 Loss :  0.007329750843346119  Rel. Test L2 Loss :  0.00874837875366211  Test L2 Loss :  0.007233449220657349  time :  19.562687397003174
Epoch :  312  Rel. Train L2 Loss :  0.0068567185029387474  Rel. Test L2 Loss :  0.008575198948383331  Test L2 Loss :  0.007091343440115452  time :  19.6048800945282
Epoch :  313  Rel. Train L2 Loss :  0.007599956072866917  Rel. Test L2 Loss :  0.010498560443520545  Test L2 Loss :  0.008688885048031806  time :  19.66439199447632
Epoch :  314  Rel. Train L2 Loss :  0.0070491451919078825  Rel. Test L2 Loss :  0.007995922639966012  Test L2 Loss :  0.006611638553440571  time :  19.651965618133545
Epoch :  315  Rel. Train L2 Loss :  0.007587674006819725  Rel. Test L2 Loss :  0.008349648043513298  Test L2 Loss :  0.006904784068465233  time :  19.67836046218872
Epoch :  316  Rel. Train L2 Loss :  0.006668938152492046  Rel. Test L2 Loss :  0.007636186555027962  Test L2 Loss :  0.006316343359649181  time :  19.65534019470215
Epoch :  317  Rel. Train L2 Loss :  0.006920144163072109  Rel. Test L2 Loss :  0.008111244291067124  Test L2 Loss :  0.00670362364500761  time :  19.58296227455139
Epoch :  318  Rel. Train L2 Loss :  0.00752258925139904  Rel. Test L2 Loss :  0.008822359293699265  Test L2 Loss :  0.0072959430515766146  time :  19.576054334640503
Epoch :  319  Rel. Train L2 Loss :  0.007675610147416591  Rel. Test L2 Loss :  0.00743281327188015  Test L2 Loss :  0.006145882681012154  time :  19.546878814697266
Epoch :  320  Rel. Train L2 Loss :  0.006881517738103866  Rel. Test L2 Loss :  0.008201421797275543  Test L2 Loss :  0.006779865585267544  time :  19.57952094078064
Epoch :  321  Rel. Train L2 Loss :  0.006841314993798733  Rel. Test L2 Loss :  0.007822064086794853  Test L2 Loss :  0.006469068005681038  time :  19.621604919433594
Epoch :  322  Rel. Train L2 Loss :  0.006178809359669685  Rel. Test L2 Loss :  0.007037433050572872  Test L2 Loss :  0.0058183174207806585  time :  19.631308555603027
Epoch :  323  Rel. Train L2 Loss :  0.006154575400054455  Rel. Test L2 Loss :  0.007353724390268326  Test L2 Loss :  0.006077035665512085  time :  19.661980390548706
Epoch :  324  Rel. Train L2 Loss :  0.006812870800495148  Rel. Test L2 Loss :  0.007468708045780659  Test L2 Loss :  0.006174862757325173  time :  19.63034224510193
Epoch :  325  Rel. Train L2 Loss :  0.006688398152589798  Rel. Test L2 Loss :  0.0076073408871889115  Test L2 Loss :  0.0062911658734083175  time :  19.60734224319458
Epoch :  326  Rel. Train L2 Loss :  0.006111563868820667  Rel. Test L2 Loss :  0.007657958045601845  Test L2 Loss :  0.0063300970941782  time :  19.573852062225342
Epoch :  327  Rel. Train L2 Loss :  0.006146529950201512  Rel. Test L2 Loss :  0.007213255949318409  Test L2 Loss :  0.00596489317715168  time :  19.571763515472412
Epoch :  328  Rel. Train L2 Loss :  0.007731342226266861  Rel. Test L2 Loss :  0.010881550312042236  Test L2 Loss :  0.008993292078375816  time :  19.60377025604248
Epoch :  329  Rel. Train L2 Loss :  0.006746271520853043  Rel. Test L2 Loss :  0.007141115926206112  Test L2 Loss :  0.005903776325285434  time :  19.620840787887573
Epoch :  330  Rel. Train L2 Loss :  0.006131603464484215  Rel. Test L2 Loss :  0.008944323509931565  Test L2 Loss :  0.007401369251310825  time :  19.623704195022583
Epoch :  331  Rel. Train L2 Loss :  0.006379206262528896  Rel. Test L2 Loss :  0.007911136448383331  Test L2 Loss :  0.006542521007359028  time :  19.636159420013428
Epoch :  332  Rel. Train L2 Loss :  0.008174450628459454  Rel. Test L2 Loss :  0.009088961109519005  Test L2 Loss :  0.007515361048281193  time :  19.608033895492554
Epoch :  333  Rel. Train L2 Loss :  0.0065645863711833955  Rel. Test L2 Loss :  0.007476313672959804  Test L2 Loss :  0.0061813760176301  time :  19.617023706436157
Epoch :  334  Rel. Train L2 Loss :  0.006211831763386726  Rel. Test L2 Loss :  0.0074979250878095625  Test L2 Loss :  0.006200243122875691  time :  20.65636706352234
Epoch :  335  Rel. Train L2 Loss :  0.006027704514563084  Rel. Test L2 Loss :  0.008600805178284645  Test L2 Loss :  0.00711033970117569  time :  19.5492000579834
Epoch :  336  Rel. Train L2 Loss :  0.006388700000941753  Rel. Test L2 Loss :  0.007361977957189083  Test L2 Loss :  0.006087304875254631  time :  19.571441173553467
Epoch :  337  Rel. Train L2 Loss :  0.006372926414012909  Rel. Test L2 Loss :  0.00761762909591198  Test L2 Loss :  0.006300212405622005  time :  19.611486196517944
Epoch :  338  Rel. Train L2 Loss :  0.006255199186503887  Rel. Test L2 Loss :  0.007354109063744545  Test L2 Loss :  0.006081745699048042  time :  19.65053677558899
Epoch :  339  Rel. Train L2 Loss :  0.006021093457937241  Rel. Test L2 Loss :  0.006883086487650871  Test L2 Loss :  0.00569132249802351  time :  19.654921770095825
Epoch :  340  Rel. Train L2 Loss :  0.005258609265089035  Rel. Test L2 Loss :  0.007494641467928886  Test L2 Loss :  0.0061993271484971045  time :  19.612915515899658
Epoch :  341  Rel. Train L2 Loss :  0.006257189810276032  Rel. Test L2 Loss :  0.007034525536000729  Test L2 Loss :  0.0058163684606552125  time :  19.572834253311157
Epoch :  342  Rel. Train L2 Loss :  0.005894507415592671  Rel. Test L2 Loss :  0.007428122535347938  Test L2 Loss :  0.0061417300254106525  time :  19.555562257766724
Epoch :  343  Rel. Train L2 Loss :  0.005621541082859039  Rel. Test L2 Loss :  0.007978696525096893  Test L2 Loss :  0.006595032811164856  time :  19.56306505203247
Epoch :  344  Rel. Train L2 Loss :  0.005984465807676315  Rel. Test L2 Loss :  0.007422486841678619  Test L2 Loss :  0.00614037498831749  time :  19.56182098388672
Epoch :  345  Rel. Train L2 Loss :  0.0053745308816432955  Rel. Test L2 Loss :  0.00769387036561966  Test L2 Loss :  0.006365332044661045  time :  19.60515022277832
Epoch :  346  Rel. Train L2 Loss :  0.005916633710265159  Rel. Test L2 Loss :  0.00773203231394291  Test L2 Loss :  0.006397771947085858  time :  19.64884853363037
Epoch :  347  Rel. Train L2 Loss :  0.007080230712890625  Rel. Test L2 Loss :  0.007301852740347385  Test L2 Loss :  0.0060370049998164175  time :  19.676637411117554
Epoch :  348  Rel. Train L2 Loss :  0.005560232140123844  Rel. Test L2 Loss :  0.006847745962440968  Test L2 Loss :  0.0056633373349905015  time :  19.631959438323975
Epoch :  349  Rel. Train L2 Loss :  0.00548446237295866  Rel. Test L2 Loss :  0.007158839665353298  Test L2 Loss :  0.005921150371432304  time :  19.58634638786316
Epoch :  350  Rel. Train L2 Loss :  0.00541211398690939  Rel. Test L2 Loss :  0.00685903150588274  Test L2 Loss :  0.0056716157495975495  time :  19.547541618347168
Epoch :  351  Rel. Train L2 Loss :  0.0052856240645051  Rel. Test L2 Loss :  0.0070511001721024515  Test L2 Loss :  0.005831340029835701  time :  19.54615831375122
Epoch :  352  Rel. Train L2 Loss :  0.005570139415562153  Rel. Test L2 Loss :  0.007587309032678604  Test L2 Loss :  0.006275569424033165  time :  19.57100248336792
Epoch :  353  Rel. Train L2 Loss :  0.005198878183960915  Rel. Test L2 Loss :  0.007641196772456169  Test L2 Loss :  0.006320859976112842  time :  19.614715099334717
Epoch :  354  Rel. Train L2 Loss :  0.0054448479264974595  Rel. Test L2 Loss :  0.007279331758618355  Test L2 Loss :  0.006018564999103546  time :  19.620095252990723
Epoch :  355  Rel. Train L2 Loss :  0.005204034030437469  Rel. Test L2 Loss :  0.007164661884307861  Test L2 Loss :  0.005923488549888134  time :  19.643611669540405
Epoch :  356  Rel. Train L2 Loss :  0.005450184144079685  Rel. Test L2 Loss :  0.006623731628060341  Test L2 Loss :  0.005477752462029457  time :  19.646146774291992
Epoch :  357  Rel. Train L2 Loss :  0.005143358089029789  Rel. Test L2 Loss :  0.006921576298773289  Test L2 Loss :  0.005722573772072792  time :  19.61803150177002
Epoch :  358  Rel. Train L2 Loss :  0.0051031124219298365  Rel. Test L2 Loss :  0.006571963727474213  Test L2 Loss :  0.005434525981545448  time :  19.593023538589478
Epoch :  359  Rel. Train L2 Loss :  0.004818026103079319  Rel. Test L2 Loss :  0.006550952941179276  Test L2 Loss :  0.005420162156224251  time :  19.596417903900146
Epoch :  360  Rel. Train L2 Loss :  0.005319620497524738  Rel. Test L2 Loss :  0.007420938462018967  Test L2 Loss :  0.006135324127972126  time :  19.585811614990234
Epoch :  361  Rel. Train L2 Loss :  0.005397663958370685  Rel. Test L2 Loss :  0.007306603379547596  Test L2 Loss :  0.0060428005084395406  time :  19.57308840751648
Epoch :  362  Rel. Train L2 Loss :  0.005907803371548653  Rel. Test L2 Loss :  0.008648602738976479  Test L2 Loss :  0.007150647938251495  time :  19.62435555458069
Epoch :  363  Rel. Train L2 Loss :  0.006444390088319778  Rel. Test L2 Loss :  0.007242174930870533  Test L2 Loss :  0.005989646688103676  time :  19.68203639984131
Epoch :  364  Rel. Train L2 Loss :  0.00508488791435957  Rel. Test L2 Loss :  0.006563624665141106  Test L2 Loss :  0.00543025653809309  time :  19.672289609909058
Epoch :  365  Rel. Train L2 Loss :  0.004849704273045063  Rel. Test L2 Loss :  0.0076406639069318775  Test L2 Loss :  0.006321112178266048  time :  19.624114274978638
Epoch :  366  Rel. Train L2 Loss :  0.005266738705337047  Rel. Test L2 Loss :  0.007437857463955879  Test L2 Loss :  0.00615035355091095  time :  19.599557876586914
Epoch :  367  Rel. Train L2 Loss :  0.005918102212250233  Rel. Test L2 Loss :  0.007728000059723854  Test L2 Loss :  0.006392625831067562  time :  19.575732946395874
Epoch :  368  Rel. Train L2 Loss :  0.006005043290555477  Rel. Test L2 Loss :  0.007588983774185181  Test L2 Loss :  0.00627602607011795  time :  19.561654806137085
Epoch :  369  Rel. Train L2 Loss :  0.0057938826531171795  Rel. Test L2 Loss :  0.00740613617002964  Test L2 Loss :  0.006126253642141819  time :  19.576982975006104
Epoch :  370  Rel. Train L2 Loss :  0.005150406807661057  Rel. Test L2 Loss :  0.0066949395462870594  Test L2 Loss :  0.005538497604429721  time :  19.584140300750732
Epoch :  371  Rel. Train L2 Loss :  0.005135495543479919  Rel. Test L2 Loss :  0.006852189749479294  Test L2 Loss :  0.005668731890618801  time :  19.639954805374146
Epoch :  372  Rel. Train L2 Loss :  0.00479151675850153  Rel. Test L2 Loss :  0.007030868232250214  Test L2 Loss :  0.005814034231007099  time :  19.665682315826416
Epoch :  373  Rel. Train L2 Loss :  0.0046742447540164  Rel. Test L2 Loss :  0.006675231121480465  Test L2 Loss :  0.005523927398025989  time :  19.659494161605835
Epoch :  374  Rel. Train L2 Loss :  0.0047140782997012135  Rel. Test L2 Loss :  0.006829102113842964  Test L2 Loss :  0.005650065429508686  time :  19.642430782318115
Epoch :  375  Rel. Train L2 Loss :  0.004905343569815159  Rel. Test L2 Loss :  0.006415245309472084  Test L2 Loss :  0.005308312140405178  time :  19.602792501449585
Epoch :  376  Rel. Train L2 Loss :  0.004847233973443508  Rel. Test L2 Loss :  0.006620107367634773  Test L2 Loss :  0.005475791953504085  time :  19.579007863998413
Epoch :  377  Rel. Train L2 Loss :  0.004724487602710724  Rel. Test L2 Loss :  0.00643443588167429  Test L2 Loss :  0.005322166383266449  time :  19.55102038383484
Epoch :  378  Rel. Train L2 Loss :  0.004701169066131115  Rel. Test L2 Loss :  0.006409966945648193  Test L2 Loss :  0.005302536636590958  time :  19.577507734298706
Epoch :  379  Rel. Train L2 Loss :  0.004747424393892288  Rel. Test L2 Loss :  0.0068376874923706055  Test L2 Loss :  0.005655912086367607  time :  19.621476411819458
Epoch :  380  Rel. Train L2 Loss :  0.004855389475822449  Rel. Test L2 Loss :  0.007052238583564758  Test L2 Loss :  0.005836956463754177  time :  19.645310401916504
Epoch :  381  Rel. Train L2 Loss :  0.0045972042381763455  Rel. Test L2 Loss :  0.007423572391271591  Test L2 Loss :  0.006142123639583588  time :  19.644811868667603
Epoch :  382  Rel. Train L2 Loss :  0.004550258629024029  Rel. Test L2 Loss :  0.007155724465847015  Test L2 Loss :  0.005918647311627865  time :  19.64957618713379
Epoch :  383  Rel. Train L2 Loss :  0.0047632109373807905  Rel. Test L2 Loss :  0.006503613442182541  Test L2 Loss :  0.005377995222806931  time :  19.617769718170166
Epoch :  384  Rel. Train L2 Loss :  0.004508551470935345  Rel. Test L2 Loss :  0.006261564530432224  Test L2 Loss :  0.005179769918322563  time :  19.577338218688965
Epoch :  385  Rel. Train L2 Loss :  0.004351870514452457  Rel. Test L2 Loss :  0.006675353087484836  Test L2 Loss :  0.0055226745828986165  time :  19.58792233467102
Epoch :  386  Rel. Train L2 Loss :  0.004766428798437118  Rel. Test L2 Loss :  0.007314273156225681  Test L2 Loss :  0.00604979932308197  time :  19.616087675094604
Epoch :  387  Rel. Train L2 Loss :  0.004663773715496063  Rel. Test L2 Loss :  0.006369410157203674  Test L2 Loss :  0.005268595442175865  time :  19.642396926879883
Epoch :  388  Rel. Train L2 Loss :  0.004467742674052715  Rel. Test L2 Loss :  0.00627468790858984  Test L2 Loss :  0.005191386267542839  time :  19.63765239715576
Epoch :  389  Rel. Train L2 Loss :  0.0043594416528940205  Rel. Test L2 Loss :  0.006128867119550705  Test L2 Loss :  0.0050702644512057304  time :  19.670233964920044
Epoch :  390  Rel. Train L2 Loss :  0.004277964808046817  Rel. Test L2 Loss :  0.006599822528660298  Test L2 Loss :  0.005459236800670624  time :  19.62651777267456
Epoch :  391  Rel. Train L2 Loss :  0.004370940402150154  Rel. Test L2 Loss :  0.006426150724291801  Test L2 Loss :  0.0053162692859768865  time :  19.582008600234985
Epoch :  392  Rel. Train L2 Loss :  0.0042532642334699635  Rel. Test L2 Loss :  0.006718514785170555  Test L2 Loss :  0.0055569932609796525  time :  19.543899059295654
Epoch :  393  Rel. Train L2 Loss :  0.0044176835864782335  Rel. Test L2 Loss :  0.006364182829856873  Test L2 Loss :  0.00526331577450037  time :  19.548450469970703
Epoch :  394  Rel. Train L2 Loss :  0.004657101042568683  Rel. Test L2 Loss :  0.006980041265487671  Test L2 Loss :  0.0057734231650829314  time :  19.970203399658203
Epoch :  395  Rel. Train L2 Loss :  0.004557861275970936  Rel. Test L2 Loss :  0.006181460581719875  Test L2 Loss :  0.005113995969295502  time :  19.955214738845825
Epoch :  396  Rel. Train L2 Loss :  0.004053829051554203  Rel. Test L2 Loss :  0.006166622266173363  Test L2 Loss :  0.005103296078741551  time :  20.070067882537842
Epoch :  397  Rel. Train L2 Loss :  0.0040108635760843754  Rel. Test L2 Loss :  0.006213264465332031  Test L2 Loss :  0.005139065235853195  time :  20.145753622055054
Epoch :  398  Rel. Train L2 Loss :  0.0042862510979175565  Rel. Test L2 Loss :  0.006730422489345074  Test L2 Loss :  0.005566798746585846  time :  22.278209447860718
Epoch :  399  Rel. Train L2 Loss :  0.004561501979827881  Rel. Test L2 Loss :  0.006214041449129582  Test L2 Loss :  0.005140046328306198  time :  19.557700395584106
Epoch :  400  Rel. Train L2 Loss :  0.004163641814142465  Rel. Test L2 Loss :  0.006331847868859768  Test L2 Loss :  0.00523726686835289  time :  19.56329345703125
Epoch :  401  Rel. Train L2 Loss :  0.004314883127808571  Rel. Test L2 Loss :  0.006252714581787586  Test L2 Loss :  0.005173380151391029  time :  19.60401177406311
Epoch :  402  Rel. Train L2 Loss :  0.004158057495951653  Rel. Test L2 Loss :  0.006783966310322285  Test L2 Loss :  0.005612609423696995  time :  19.64556312561035
Epoch :  403  Rel. Train L2 Loss :  0.004169004328548908  Rel. Test L2 Loss :  0.006051818765699863  Test L2 Loss :  0.005006736218929291  time :  19.66448402404785
Epoch :  404  Rel. Train L2 Loss :  0.004114005163311958  Rel. Test L2 Loss :  0.006265662424266338  Test L2 Loss :  0.005183997675776482  time :  19.653022289276123
Epoch :  405  Rel. Train L2 Loss :  0.003865500472486019  Rel. Test L2 Loss :  0.006118324510753155  Test L2 Loss :  0.005062008611857891  time :  19.615618228912354
Epoch :  406  Rel. Train L2 Loss :  0.0037554641142487524  Rel. Test L2 Loss :  0.006055964455008507  Test L2 Loss :  0.005009875930845738  time :  19.577150106430054
Epoch :  407  Rel. Train L2 Loss :  0.00400191593170166  Rel. Test L2 Loss :  0.006515083238482476  Test L2 Loss :  0.005389826819300652  time :  19.549368619918823
Epoch :  408  Rel. Train L2 Loss :  0.003983811419457198  Rel. Test L2 Loss :  0.006112951822578907  Test L2 Loss :  0.005058034509420395  time :  19.549038648605347
Epoch :  409  Rel. Train L2 Loss :  0.004280835051089525  Rel. Test L2 Loss :  0.006328125  Test L2 Loss :  0.005234462097287178  time :  19.581562995910645
Epoch :  410  Rel. Train L2 Loss :  0.0041111336201429365  Rel. Test L2 Loss :  0.006431574895977974  Test L2 Loss :  0.005320744849741459  time :  19.782715797424316
Epoch :  411  Rel. Train L2 Loss :  0.003945319399237633  Rel. Test L2 Loss :  0.0061619292572140695  Test L2 Loss :  0.005098831132054329  time :  19.650792598724365
Epoch :  412  Rel. Train L2 Loss :  0.003752270594239235  Rel. Test L2 Loss :  0.006230935268104076  Test L2 Loss :  0.005155292823910713  time :  19.62600588798523
Epoch :  413  Rel. Train L2 Loss :  0.0038895151875913145  Rel. Test L2 Loss :  0.006080545447766781  Test L2 Loss :  0.005031616054475307  time :  19.60019326210022
Epoch :  414  Rel. Train L2 Loss :  0.003738940291106701  Rel. Test L2 Loss :  0.005994666554033756  Test L2 Loss :  0.004959425814449787  time :  19.605855226516724
Epoch :  415  Rel. Train L2 Loss :  0.0036398025900125502  Rel. Test L2 Loss :  0.006011468060314655  Test L2 Loss :  0.004974047020077706  time :  19.588940382003784
Epoch :  416  Rel. Train L2 Loss :  0.003765793863683939  Rel. Test L2 Loss :  0.006314176060259342  Test L2 Loss :  0.005224055051803589  time :  19.596028089523315
Epoch :  417  Rel. Train L2 Loss :  0.003771500650793314  Rel. Test L2 Loss :  0.006064964085817337  Test L2 Loss :  0.005018703006207943  time :  19.576112747192383
Epoch :  418  Rel. Train L2 Loss :  0.0037669579908251763  Rel. Test L2 Loss :  0.006005897223949432  Test L2 Loss :  0.00496904544532299  time :  19.565011024475098
Epoch :  419  Rel. Train L2 Loss :  0.003703173503279686  Rel. Test L2 Loss :  0.005941876657307148  Test L2 Loss :  0.004914830103516578  time :  19.593003273010254
Epoch :  420  Rel. Train L2 Loss :  0.003531696282327175  Rel. Test L2 Loss :  0.005931643694639206  Test L2 Loss :  0.004908169656991959  time :  19.622138261795044
Epoch :  421  Rel. Train L2 Loss :  0.003475432634353638  Rel. Test L2 Loss :  0.005837961062788963  Test L2 Loss :  0.0048312580958008765  time :  19.614457368850708
Epoch :  422  Rel. Train L2 Loss :  0.003565205529332161  Rel. Test L2 Loss :  0.006194592081010341  Test L2 Loss :  0.005124274678528309  time :  19.60251522064209
Epoch :  423  Rel. Train L2 Loss :  0.0036545255333185196  Rel. Test L2 Loss :  0.0059511584043502805  Test L2 Loss :  0.004923675060272217  time :  19.588341236114502
Epoch :  424  Rel. Train L2 Loss :  0.003524095378816128  Rel. Test L2 Loss :  0.005928116403520107  Test L2 Loss :  0.004904088862240315  time :  19.578470706939697
Epoch :  425  Rel. Train L2 Loss :  0.0038047422282397746  Rel. Test L2 Loss :  0.005965671576559544  Test L2 Loss :  0.004935762397944927  time :  19.592243194580078
Epoch :  426  Rel. Train L2 Loss :  0.003563112381845713  Rel. Test L2 Loss :  0.005863017290830612  Test L2 Loss :  0.004850918501615524  time :  19.622416496276855
Epoch :  427  Rel. Train L2 Loss :  0.0034992913156747817  Rel. Test L2 Loss :  0.0059642156586050986  Test L2 Loss :  0.004935329258441925  time :  19.59846544265747
Epoch :  428  Rel. Train L2 Loss :  0.0034787305891513824  Rel. Test L2 Loss :  0.005870615020394325  Test L2 Loss :  0.004856958948075771  time :  19.586644172668457
Epoch :  429  Rel. Train L2 Loss :  0.0033933934085071085  Rel. Test L2 Loss :  0.005867500975728035  Test L2 Loss :  0.004855064451694488  time :  19.60466957092285
Epoch :  430  Rel. Train L2 Loss :  0.0033128851130604744  Rel. Test L2 Loss :  0.00581161342561245  Test L2 Loss :  0.004809347502887249  time :  19.636897325515747
Epoch :  431  Rel. Train L2 Loss :  0.0033657922483980654  Rel. Test L2 Loss :  0.00575935035943985  Test L2 Loss :  0.004765469506382942  time :  19.63145136833191
Epoch :  432  Rel. Train L2 Loss :  0.003392466504126787  Rel. Test L2 Loss :  0.005857075974345208  Test L2 Loss :  0.004846442006528378  time :  19.60497784614563
Epoch :  433  Rel. Train L2 Loss :  0.0033296515606343747  Rel. Test L2 Loss :  0.005773626528680325  Test L2 Loss :  0.004777767062187195  time :  19.569112300872803
Epoch :  434  Rel. Train L2 Loss :  0.00334942664206028  Rel. Test L2 Loss :  0.005909355096518993  Test L2 Loss :  0.004890007711946964  time :  19.557680130004883
Epoch :  435  Rel. Train L2 Loss :  0.0034358829483389854  Rel. Test L2 Loss :  0.005904967859387398  Test L2 Loss :  0.004885831251740456  time :  19.58039665222168
Epoch :  436  Rel. Train L2 Loss :  0.0033210690766572954  Rel. Test L2 Loss :  0.005914871990680695  Test L2 Loss :  0.004893836379051208  time :  19.62620782852173
Epoch :  437  Rel. Train L2 Loss :  0.0033673976100981233  Rel. Test L2 Loss :  0.005939669832587242  Test L2 Loss :  0.0049141975492239  time :  19.650391340255737
Epoch :  438  Rel. Train L2 Loss :  0.003390026655048132  Rel. Test L2 Loss :  0.005901198834180832  Test L2 Loss :  0.004883259162306785  time :  19.662052631378174
Epoch :  439  Rel. Train L2 Loss :  0.003287289779633284  Rel. Test L2 Loss :  0.005774461179971695  Test L2 Loss :  0.004778439924120903  time :  19.66230797767639
Epoch :  440  Rel. Train L2 Loss :  0.003215717721730471  Rel. Test L2 Loss :  0.005784337185323238  Test L2 Loss :  0.004786587730050087  time :  19.61121439933777
Epoch :  441  Rel. Train L2 Loss :  0.0032089025154709815  Rel. Test L2 Loss :  0.005764086432754993  Test L2 Loss :  0.004769680425524712  time :  19.574471473693848
Epoch :  442  Rel. Train L2 Loss :  0.0032882308512926102  Rel. Test L2 Loss :  0.005689444169402123  Test L2 Loss :  0.004707803428173066  time :  19.54766345024109
Epoch :  443  Rel. Train L2 Loss :  0.0031792559698224066  Rel. Test L2 Loss :  0.005846890285611152  Test L2 Loss :  0.0048379387333989145  time :  19.546351671218872
Epoch :  444  Rel. Train L2 Loss :  0.0032161054648458956  Rel. Test L2 Loss :  0.005732445977628231  Test L2 Loss :  0.004743426516652108  time :  19.571943521499634
Epoch :  445  Rel. Train L2 Loss :  0.003242247860878706  Rel. Test L2 Loss :  0.005770623162388802  Test L2 Loss :  0.004775518700480461  time :  19.6027774810791
Epoch :  446  Rel. Train L2 Loss :  0.0033614834100008013  Rel. Test L2 Loss :  0.005826393775641918  Test L2 Loss :  0.004820923320949078  time :  19.631459951400757
Epoch :  447  Rel. Train L2 Loss :  0.0031972268894314764  Rel. Test L2 Loss :  0.005791246555745601  Test L2 Loss :  0.004792046062648297  time :  19.624504327774048
Epoch :  448  Rel. Train L2 Loss :  0.0031458888687193394  Rel. Test L2 Loss :  0.005770920999348164  Test L2 Loss :  0.004775292947888374  time :  19.60709500312805
Epoch :  449  Rel. Train L2 Loss :  0.0031896850727498533  Rel. Test L2 Loss :  0.005689549036324024  Test L2 Loss :  0.004708317965269089  time :  19.60059428215027
Epoch :  450  Rel. Train L2 Loss :  0.0032728553786873817  Rel. Test L2 Loss :  0.005768192149698734  Test L2 Loss :  0.004773018397390843  time :  19.583112716674805
Epoch :  451  Rel. Train L2 Loss :  0.00327127530425787  Rel. Test L2 Loss :  0.005746500082314015  Test L2 Loss :  0.004755263663828373  time :  19.586309909820557
Epoch :  452  Rel. Train L2 Loss :  0.003178839299827814  Rel. Test L2 Loss :  0.0058333395794034  Test L2 Loss :  0.004827419817447662  time :  19.5839581489563
Epoch :  453  Rel. Train L2 Loss :  0.0031473108679056167  Rel. Test L2 Loss :  0.005715605430305004  Test L2 Loss :  0.004729637913405895  time :  19.617212533950806
Epoch :  454  Rel. Train L2 Loss :  0.0030790271908044814  Rel. Test L2 Loss :  0.005685871168971061  Test L2 Loss :  0.004704840704798699  time :  19.65181851387024
Epoch :  455  Rel. Train L2 Loss :  0.0030705968514084816  Rel. Test L2 Loss :  0.005682923309504986  Test L2 Loss :  0.004702767878770828  time :  19.651077270507812
Epoch :  456  Rel. Train L2 Loss :  0.0031293974034488203  Rel. Test L2 Loss :  0.005795679911971092  Test L2 Loss :  0.004796205461025238  time :  19.59437108039856
Epoch :  457  Rel. Train L2 Loss :  0.0030794249400496482  Rel. Test L2 Loss :  0.005762703903019428  Test L2 Loss :  0.00476899765431881  time :  19.56117272377014
Epoch :  458  Rel. Train L2 Loss :  0.0030414671674370767  Rel. Test L2 Loss :  0.005739914737641811  Test L2 Loss :  0.004750254973769188  time :  19.546483993530273
Epoch :  459  Rel. Train L2 Loss :  0.0030337068140506743  Rel. Test L2 Loss :  0.005703762471675873  Test L2 Loss :  0.004720179326832294  time :  19.56725549697876
Epoch :  460  Rel. Train L2 Loss :  0.0030825927034020422  Rel. Test L2 Loss :  0.0057777553051710125  Test L2 Loss :  0.0047809726372361186  time :  19.6072039604187
Epoch :  461  Rel. Train L2 Loss :  0.003062070321291685  Rel. Test L2 Loss :  0.005671178102493286  Test L2 Loss :  0.004693002328276634  time :  19.636804342269897
Epoch :  462  Rel. Train L2 Loss :  0.0030297580696642397  Rel. Test L2 Loss :  0.005682299286127091  Test L2 Loss :  0.004702367298305035  time :  19.67776894569397
Epoch :  463  Rel. Train L2 Loss :  0.003036149635910988  Rel. Test L2 Loss :  0.005719896964728832  Test L2 Loss :  0.004733261801302433  time :  19.646400213241577
Epoch :  464  Rel. Train L2 Loss :  0.0030164799131453036  Rel. Test L2 Loss :  0.005666813179850579  Test L2 Loss :  0.004689558856189251  time :  19.60478949546814
Epoch :  465  Rel. Train L2 Loss :  0.0030126757510006426  Rel. Test L2 Loss :  0.005672981888055801  Test L2 Loss :  0.004694533236324787  time :  19.576607704162598
Epoch :  466  Rel. Train L2 Loss :  0.0029908885322511196  Rel. Test L2 Loss :  0.005673949271440506  Test L2 Loss :  0.004695146419107914  time :  19.540026903152466
Epoch :  467  Rel. Train L2 Loss :  0.0029735194221138955  Rel. Test L2 Loss :  0.005673304051160812  Test L2 Loss :  0.0046948793530464175  time :  19.543944358825684
Epoch :  468  Rel. Train L2 Loss :  0.0029772957637906076  Rel. Test L2 Loss :  0.005646308362483979  Test L2 Loss :  0.004672567881643772  time :  19.59481954574585
Epoch :  469  Rel. Train L2 Loss :  0.002990917433053255  Rel. Test L2 Loss :  0.005651859231293201  Test L2 Loss :  0.004677213914692402  time :  19.60575556755066
Epoch :  470  Rel. Train L2 Loss :  0.002964925594627857  Rel. Test L2 Loss :  0.005711053200066089  Test L2 Loss :  0.004726345390081405  time :  19.650326013565063
Epoch :  471  Rel. Train L2 Loss :  0.0029667333029210568  Rel. Test L2 Loss :  0.005659426301717758  Test L2 Loss :  0.004683544784784317  time :  19.63621211051941
Epoch :  472  Rel. Train L2 Loss :  0.0029450262635946274  Rel. Test L2 Loss :  0.00567120686173439  Test L2 Loss :  0.004693234786391259  time :  19.595113277435303
Epoch :  473  Rel. Train L2 Loss :  0.0029494841285049914  Rel. Test L2 Loss :  0.005656970404088497  Test L2 Loss :  0.004681298881769181  time :  19.557481288909912
Epoch :  474  Rel. Train L2 Loss :  0.002930284570902586  Rel. Test L2 Loss :  0.005666061490774155  Test L2 Loss :  0.004689022041857243  time :  19.54351043701172
Epoch :  475  Rel. Train L2 Loss :  0.002935922931879759  Rel. Test L2 Loss :  0.0057001055777072904  Test L2 Loss :  0.004716889001429081  time :  19.55392074584961
Epoch :  476  Rel. Train L2 Loss :  0.0029404556155204773  Rel. Test L2 Loss :  0.005653810985386372  Test L2 Loss :  0.0046787898987531665  time :  19.588202476501465
Epoch :  477  Rel. Train L2 Loss :  0.0029479839876294135  Rel. Test L2 Loss :  0.005633661933243275  Test L2 Loss :  0.004662126414477825  time :  19.617218017578125
Epoch :  478  Rel. Train L2 Loss :  0.0029309513643383978  Rel. Test L2 Loss :  0.005729848109185695  Test L2 Loss :  0.004741878733038902  time :  19.65064263343811
Epoch :  479  Rel. Train L2 Loss :  0.002931661508977413  Rel. Test L2 Loss :  0.005677916370332241  Test L2 Loss :  0.004698665477335453  time :  19.65100073814392
Epoch :  480  Rel. Train L2 Loss :  0.0029175379201769828  Rel. Test L2 Loss :  0.00565869141370058  Test L2 Loss :  0.0046826725080609324  time :  19.63290309906006
Epoch :  481  Rel. Train L2 Loss :  0.002906100433319807  Rel. Test L2 Loss :  0.005651075504720211  Test L2 Loss :  0.00467667642980814  time :  19.56612801551819
Epoch :  482  Rel. Train L2 Loss :  0.002907388374209404  Rel. Test L2 Loss :  0.00565260399132967  Test L2 Loss :  0.004677638597786427  time :  19.549084663391113
Epoch :  483  Rel. Train L2 Loss :  0.0029046170003712178  Rel. Test L2 Loss :  0.005660705454647541  Test L2 Loss :  0.004684527404606342  time :  19.540583848953247
Epoch :  484  Rel. Train L2 Loss :  0.0029076939225196837  Rel. Test L2 Loss :  0.005660328380763531  Test L2 Loss :  0.004684308953583241  time :  19.57471799850464
Epoch :  485  Rel. Train L2 Loss :  0.0028973356150090693  Rel. Test L2 Loss :  0.005636687092483043  Test L2 Loss :  0.004664698988199234  time :  19.593300580978394
Epoch :  486  Rel. Train L2 Loss :  0.0028994242437183856  Rel. Test L2 Loss :  0.005652421116828918  Test L2 Loss :  0.004677615091204643  time :  19.637068033218384
Epoch :  487  Rel. Train L2 Loss :  0.0029026935547590256  Rel. Test L2 Loss :  0.005622435137629509  Test L2 Loss :  0.004652982205152511  time :  19.645866632461548
Epoch :  488  Rel. Train L2 Loss :  0.002898003745824099  Rel. Test L2 Loss :  0.005656240135431289  Test L2 Loss :  0.004680773802101612  time :  19.632842302322388
Epoch :  489  Rel. Train L2 Loss :  0.0028887596949934958  Rel. Test L2 Loss :  0.005638218931853772  Test L2 Loss :  0.004665816351771355  time :  19.565988302230835
Epoch :  490  Rel. Train L2 Loss :  0.002891397703438997  Rel. Test L2 Loss :  0.005659566633403302  Test L2 Loss :  0.0046835485845804214  time :  19.535710096359253
Epoch :  491  Rel. Train L2 Loss :  0.002888722747564316  Rel. Test L2 Loss :  0.005651789158582688  Test L2 Loss :  0.004677307046949864  time :  19.55584740638733
Epoch :  492  Rel. Train L2 Loss :  0.0028903929367661476  Rel. Test L2 Loss :  0.005640798397362232  Test L2 Loss :  0.004668077565729618  time :  19.569130420684814
Epoch :  493  Rel. Train L2 Loss :  0.0028793354369699956  Rel. Test L2 Loss :  0.0056346188113093375  Test L2 Loss :  0.004662913158535957  time :  19.595283031463623
Epoch :  494  Rel. Train L2 Loss :  0.0028809938989579676  Rel. Test L2 Loss :  0.005652269087731838  Test L2 Loss :  0.004677498005330563  time :  19.63172936439514
Epoch :  495  Rel. Train L2 Loss :  0.002880726259201765  Rel. Test L2 Loss :  0.005640011392533779  Test L2 Loss :  0.0046675439924001695  time :  19.593672275543213
Epoch :  496  Rel. Train L2 Loss :  0.0028813475109636783  Rel. Test L2 Loss :  0.005640348717570305  Test L2 Loss :  0.004667728170752525  time :  19.586936950683594
Epoch :  497  Rel. Train L2 Loss :  0.002878123614937067  Rel. Test L2 Loss :  0.0056614835560321805  Test L2 Loss :  0.00468496885150671  time :  19.55037522315979
Epoch :  498  Rel. Train L2 Loss :  0.002884049594402313  Rel. Test L2 Loss :  0.005674801990389824  Test L2 Loss :  0.004696242809295655  time :  19.53016424179077
Epoch :  499  Rel. Train L2 Loss :  0.0028860569968819617  Rel. Test L2 Loss :  0.005659687705338002  Test L2 Loss :  0.004683628603816032  time :  19.583934545516968
