Casting to tensor
Lx, Ly =  4.0 4.0
In GeoKNO_train, ndims =  2


...*self.C
Epoch :  0  Rel. Train L2 Loss :  0.0913213745355606  Rel. Test L2 Loss :  0.06822803139686584  Test L2 Loss :  0.05641647756099701  time :  34.666637659072876
Epoch :  1  Rel. Train L2 Loss :  0.060968716144561765  Rel. Test L2 Loss :  0.052386770844459536  Test L2 Loss :  0.04332667350769043  time :  23.630518198013306
Epoch :  2  Rel. Train L2 Loss :  0.05053128635883331  Rel. Test L2 Loss :  0.04258147597312927  Test L2 Loss :  0.03520267814397812  time :  23.772977352142334
Epoch :  3  Rel. Train L2 Loss :  0.04112875759601593  Rel. Test L2 Loss :  0.04337139993906021  Test L2 Loss :  0.035880210101604464  time :  23.76267099380493
Epoch :  4  Rel. Train L2 Loss :  0.03578848055005074  Rel. Test L2 Loss :  0.02978912115097046  Test L2 Loss :  0.024630934447050095  time :  23.828328847885132
Epoch :  5  Rel. Train L2 Loss :  0.03449283540248871  Rel. Test L2 Loss :  0.03144028842449188  Test L2 Loss :  0.02598227933049202  time :  24.09832739830017
Epoch :  6  Rel. Train L2 Loss :  0.029742106467485426  Rel. Test L2 Loss :  0.03411948800086975  Test L2 Loss :  0.02821512207388878  time :  23.98186230659485
Epoch :  7  Rel. Train L2 Loss :  0.026608795315027238  Rel. Test L2 Loss :  0.03114303559064865  Test L2 Loss :  0.02576127156615257  time :  23.8379385471344
Epoch :  8  Rel. Train L2 Loss :  0.027503118216991425  Rel. Test L2 Loss :  0.025404118597507477  Test L2 Loss :  0.021011243760585784  time :  23.77591061592102
Epoch :  9  Rel. Train L2 Loss :  0.021901388823986054  Rel. Test L2 Loss :  0.020185367316007615  Test L2 Loss :  0.01667489916086197  time :  23.731456518173218
Epoch :  10  Rel. Train L2 Loss :  0.025386365741491317  Rel. Test L2 Loss :  0.021043789833784105  Test L2 Loss :  0.017393728196620942  time :  23.66690158843994
Epoch :  11  Rel. Train L2 Loss :  0.025569518625736237  Rel. Test L2 Loss :  0.02716069236397743  Test L2 Loss :  0.022471079677343367  time :  23.77201247215271
Epoch :  12  Rel. Train L2 Loss :  0.024716252267360687  Rel. Test L2 Loss :  0.02314608037471771  Test L2 Loss :  0.019126340597867966  time :  23.90186381340027
Epoch :  13  Rel. Train L2 Loss :  0.02488728255033493  Rel. Test L2 Loss :  0.02925828129053116  Test L2 Loss :  0.02419488087296486  time :  24.068248748779297
Epoch :  14  Rel. Train L2 Loss :  0.022929534763097763  Rel. Test L2 Loss :  0.02330658107995987  Test L2 Loss :  0.019278375059366228  time :  23.790818691253662
Epoch :  15  Rel. Train L2 Loss :  0.021577534109354018  Rel. Test L2 Loss :  0.02051616370677948  Test L2 Loss :  0.016966505348682402  time :  23.632709980010986
Epoch :  16  Rel. Train L2 Loss :  0.02076358598470688  Rel. Test L2 Loss :  0.02175795242190361  Test L2 Loss :  0.017995468229055404  time :  23.72469139099121
Epoch :  17  Rel. Train L2 Loss :  0.022118527442216873  Rel. Test L2 Loss :  0.020471341758966446  Test L2 Loss :  0.0169275726377964  time :  23.798445463180542
Epoch :  18  Rel. Train L2 Loss :  0.02086079779267311  Rel. Test L2 Loss :  0.022594170719385145  Test L2 Loss :  0.018666792809963226  time :  23.91720700263977
Epoch :  19  Rel. Train L2 Loss :  0.02194217535853386  Rel. Test L2 Loss :  0.022999482154846193  Test L2 Loss :  0.019014642983675004  time :  23.964126586914062
Epoch :  20  Rel. Train L2 Loss :  0.020535485059022904  Rel. Test L2 Loss :  0.019925295263528823  Test L2 Loss :  0.01648260444402695  time :  23.708690404891968
Epoch :  21  Rel. Train L2 Loss :  0.022770143687725067  Rel. Test L2 Loss :  0.021464732736349107  Test L2 Loss :  0.01774319425225258  time :  23.67466950416565
Epoch :  22  Rel. Train L2 Loss :  0.019431459844112396  Rel. Test L2 Loss :  0.019783942699432372  Test L2 Loss :  0.016348183900117875  time :  23.674551248550415
Epoch :  23  Rel. Train L2 Loss :  0.022098191440105438  Rel. Test L2 Loss :  0.019455110877752303  Test L2 Loss :  0.016083726584911348  time :  23.750391483306885
Epoch :  24  Rel. Train L2 Loss :  0.023139257580041886  Rel. Test L2 Loss :  0.02097102880477905  Test L2 Loss :  0.017339149713516234  time :  23.922961473464966
Epoch :  25  Rel. Train L2 Loss :  0.02139321693778038  Rel. Test L2 Loss :  0.018689587116241455  Test L2 Loss :  0.015446191281080246  time :  23.91526198387146
Epoch :  26  Rel. Train L2 Loss :  0.0197944116294384  Rel. Test L2 Loss :  0.017541662007570267  Test L2 Loss :  0.014501631706953049  time :  23.76512312889099
Epoch :  27  Rel. Train L2 Loss :  0.02140327337384224  Rel. Test L2 Loss :  0.02197719067335129  Test L2 Loss :  0.018153169602155687  time :  23.72837543487549
Epoch :  28  Rel. Train L2 Loss :  0.022038658529520035  Rel. Test L2 Loss :  0.015904143899679184  Test L2 Loss :  0.013141638562083245  time :  23.72520422935486
Epoch :  29  Rel. Train L2 Loss :  0.019983615189790725  Rel. Test L2 Loss :  0.023084366768598555  Test L2 Loss :  0.019082019031047823  time :  23.855224132537842
Epoch :  30  Rel. Train L2 Loss :  0.021754042774438858  Rel. Test L2 Loss :  0.02074364945292473  Test L2 Loss :  0.017145902663469315  time :  23.941637754440308
Epoch :  31  Rel. Train L2 Loss :  0.01942261439561844  Rel. Test L2 Loss :  0.017898785322904585  Test L2 Loss :  0.014789218008518219  time :  23.937851428985596
Epoch :  32  Rel. Train L2 Loss :  0.02112390798330307  Rel. Test L2 Loss :  0.021465164572000504  Test L2 Loss :  0.017746449261903764  time :  23.912720203399658
Epoch :  33  Rel. Train L2 Loss :  0.02052380183339119  Rel. Test L2 Loss :  0.01847174495458603  Test L2 Loss :  0.015268787741661072  time :  23.86948823928833
Epoch :  34  Rel. Train L2 Loss :  0.02099846211075783  Rel. Test L2 Loss :  0.02454285904765129  Test L2 Loss :  0.02029847875237465  time :  23.837116479873657
Epoch :  35  Rel. Train L2 Loss :  0.02002424478530884  Rel. Test L2 Loss :  0.01794046685099602  Test L2 Loss :  0.014823926985263825  time :  23.878464698791504
Epoch :  36  Rel. Train L2 Loss :  0.01958736279606819  Rel. Test L2 Loss :  0.017261076718568802  Test L2 Loss :  0.014275607913732528  time :  23.93126916885376
Epoch :  37  Rel. Train L2 Loss :  0.01659864681959152  Rel. Test L2 Loss :  0.016159237027168274  Test L2 Loss :  0.013353973478078842  time :  23.951632499694824
Epoch :  38  Rel. Train L2 Loss :  0.019538670152425767  Rel. Test L2 Loss :  0.016820039004087448  Test L2 Loss :  0.013897148072719573  time :  23.870592832565308
Epoch :  39  Rel. Train L2 Loss :  0.018139018386602403  Rel. Test L2 Loss :  0.016819128543138506  Test L2 Loss :  0.013899316787719726  time :  23.861116886138916
Epoch :  40  Rel. Train L2 Loss :  0.01890872457623482  Rel. Test L2 Loss :  0.023893019706010817  Test L2 Loss :  0.01975014165043831  time :  23.862987756729126
Epoch :  41  Rel. Train L2 Loss :  0.021516247689723968  Rel. Test L2 Loss :  0.01930311068892479  Test L2 Loss :  0.015951924324035645  time :  23.818869590759277
Epoch :  42  Rel. Train L2 Loss :  0.018059349834918977  Rel. Test L2 Loss :  0.021413293778896333  Test L2 Loss :  0.017708164900541307  time :  23.89677143096924
Epoch :  43  Rel. Train L2 Loss :  0.021204318195581436  Rel. Test L2 Loss :  0.026600825637578963  Test L2 Loss :  0.021980706304311752  time :  23.95032262802124
Epoch :  44  Rel. Train L2 Loss :  0.02146771642565727  Rel. Test L2 Loss :  0.023390984833240508  Test L2 Loss :  0.01934935972094536  time :  23.88792109489441
Epoch :  45  Rel. Train L2 Loss :  0.025296778470277788  Rel. Test L2 Loss :  0.027326571643352508  Test L2 Loss :  0.022587118446826936  time :  23.86622953414917
Epoch :  46  Rel. Train L2 Loss :  0.024539496898651123  Rel. Test L2 Loss :  0.019585475772619248  Test L2 Loss :  0.016192933619022368  time :  23.858280181884766
Epoch :  47  Rel. Train L2 Loss :  0.020011772602796553  Rel. Test L2 Loss :  0.01922933980822563  Test L2 Loss :  0.01590566322207451  time :  23.853986024856567
Epoch :  48  Rel. Train L2 Loss :  0.018270510464906693  Rel. Test L2 Loss :  0.03066251665353775  Test L2 Loss :  0.025361561328172685  time :  23.917381525039673
Epoch :  49  Rel. Train L2 Loss :  0.02139821380376816  Rel. Test L2 Loss :  0.016369838565587998  Test L2 Loss :  0.013524267375469207  time :  23.924145221710205
Epoch :  50  Rel. Train L2 Loss :  0.021635747373104097  Rel. Test L2 Loss :  0.01673182249069214  Test L2 Loss :  0.013828569054603577  time :  23.92440390586853
Epoch :  51  Rel. Train L2 Loss :  0.022905504405498503  Rel. Test L2 Loss :  0.021223616600036622  Test L2 Loss :  0.017538434714078902  time :  23.828869342803955
Epoch :  52  Rel. Train L2 Loss :  0.02120771425962448  Rel. Test L2 Loss :  0.02236650660634041  Test L2 Loss :  0.01848709300160408  time :  23.842711448669434
Epoch :  53  Rel. Train L2 Loss :  0.021627152025699616  Rel. Test L2 Loss :  0.02829323336482048  Test L2 Loss :  0.023406501114368438  time :  23.893242359161377
Epoch :  54  Rel. Train L2 Loss :  0.019362902998924257  Rel. Test L2 Loss :  0.018597316592931748  Test L2 Loss :  0.015372175425291061  time :  23.911298990249634
Epoch :  55  Rel. Train L2 Loss :  0.021964421629905702  Rel. Test L2 Loss :  0.019796076267957687  Test L2 Loss :  0.01636662781238556  time :  23.947746753692627
Epoch :  56  Rel. Train L2 Loss :  0.01806130796670914  Rel. Test L2 Loss :  0.015496301501989364  Test L2 Loss :  0.012807112410664559  time :  23.96258020401001
Epoch :  57  Rel. Train L2 Loss :  0.018860236406326295  Rel. Test L2 Loss :  0.015508332848548889  Test L2 Loss :  0.012823968306183814  time :  23.807569980621338
Epoch :  58  Rel. Train L2 Loss :  0.020424562394618987  Rel. Test L2 Loss :  0.016881663352251053  Test L2 Loss :  0.013947892114520072  time :  23.860978841781616
Epoch :  59  Rel. Train L2 Loss :  0.020704043447971342  Rel. Test L2 Loss :  0.026469366699457167  Test L2 Loss :  0.02189621016383171  time :  23.853755474090576
Epoch :  60  Rel. Train L2 Loss :  0.02077072763442993  Rel. Test L2 Loss :  0.021270891129970552  Test L2 Loss :  0.01755995273590088  time :  23.880630493164062
Epoch :  61  Rel. Train L2 Loss :  0.021893438935279848  Rel. Test L2 Loss :  0.021485260128974913  Test L2 Loss :  0.017770642787218092  time :  23.931341886520386
Epoch :  62  Rel. Train L2 Loss :  0.020962741374969483  Rel. Test L2 Loss :  0.01971216157078743  Test L2 Loss :  0.016297767013311384  time :  23.933754682540894
Epoch :  63  Rel. Train L2 Loss :  0.018815493673086166  Rel. Test L2 Loss :  0.02217800036072731  Test L2 Loss :  0.018347913920879363  time :  23.885125637054443
Epoch :  64  Rel. Train L2 Loss :  0.023140213310718537  Rel. Test L2 Loss :  0.030611793398857116  Test L2 Loss :  0.02532968208193779  time :  23.8979594707489
Epoch :  65  Rel. Train L2 Loss :  0.020939048051834105  Rel. Test L2 Loss :  0.021506565809249877  Test L2 Loss :  0.017790596336126327  time :  23.87407898902893
Epoch :  66  Rel. Train L2 Loss :  0.0211144483089447  Rel. Test L2 Loss :  0.021182084828615187  Test L2 Loss :  0.017515524476766586  time :  23.886112928390503
Epoch :  67  Rel. Train L2 Loss :  0.018359074026346206  Rel. Test L2 Loss :  0.01661640211939812  Test L2 Loss :  0.013734807968139648  time :  23.97197937965393
Epoch :  68  Rel. Train L2 Loss :  0.02246450021862984  Rel. Test L2 Loss :  0.023599677234888077  Test L2 Loss :  0.019511076658964156  time :  23.971456050872803
Epoch :  69  Rel. Train L2 Loss :  0.019090825259685515  Rel. Test L2 Loss :  0.014863963127136231  Test L2 Loss :  0.012277122437953949  time :  23.91339612007141
Epoch :  70  Rel. Train L2 Loss :  0.021611174821853638  Rel. Test L2 Loss :  0.02490610405802727  Test L2 Loss :  0.02056625545024872  time :  23.8166720867157
Epoch :  71  Rel. Train L2 Loss :  0.02172084128856659  Rel. Test L2 Loss :  0.020311088263988496  Test L2 Loss :  0.016784706711769105  time :  23.827149629592896
Epoch :  72  Rel. Train L2 Loss :  0.01959855443239212  Rel. Test L2 Loss :  0.015591077953577042  Test L2 Loss :  0.01288475513458252  time :  23.887205839157104
Epoch :  73  Rel. Train L2 Loss :  0.02238318631052971  Rel. Test L2 Loss :  0.023446397483348848  Test L2 Loss :  0.019403018355369568  time :  23.93137526512146
Epoch :  74  Rel. Train L2 Loss :  0.020104187309741974  Rel. Test L2 Loss :  0.027821244746446608  Test L2 Loss :  0.02302070051431656  time :  23.963574171066284
Epoch :  75  Rel. Train L2 Loss :  0.020166171073913573  Rel. Test L2 Loss :  0.01919055849313736  Test L2 Loss :  0.015874791145324706  time :  23.936763763427734
Epoch :  76  Rel. Train L2 Loss :  0.02037258118391037  Rel. Test L2 Loss :  0.023058029264211653  Test L2 Loss :  0.01907020792365074  time :  23.89196467399597
Epoch :  77  Rel. Train L2 Loss :  0.022399070590734482  Rel. Test L2 Loss :  0.018568656742572784  Test L2 Loss :  0.015353488475084305  time :  23.908135175704956
Epoch :  78  Rel. Train L2 Loss :  0.01906407621502876  Rel. Test L2 Loss :  0.020686627179384232  Test L2 Loss :  0.01711709961295128  time :  23.901256561279297
Epoch :  79  Rel. Train L2 Loss :  0.02117570635676384  Rel. Test L2 Loss :  0.01922566443681717  Test L2 Loss :  0.015898141115903854  time :  23.83449649810791
Epoch :  80  Rel. Train L2 Loss :  0.01982350754737854  Rel. Test L2 Loss :  0.023671183735132217  Test L2 Loss :  0.019575561434030532  time :  23.945252180099487
Epoch :  81  Rel. Train L2 Loss :  0.019992103427648546  Rel. Test L2 Loss :  0.017206156849861143  Test L2 Loss :  0.014230460524559022  time :  24.021567344665527
Epoch :  82  Rel. Train L2 Loss :  0.020482902973890306  Rel. Test L2 Loss :  0.024068876653909683  Test L2 Loss :  0.019898269772529602  time :  23.909324407577515
Epoch :  83  Rel. Train L2 Loss :  0.020863227784633637  Rel. Test L2 Loss :  0.022392394691705703  Test L2 Loss :  0.01853252425789833  time :  23.88997459411621
Epoch :  84  Rel. Train L2 Loss :  0.01899754625558853  Rel. Test L2 Loss :  0.01573598712682724  Test L2 Loss :  0.013006216883659362  time :  23.8990159034729
Epoch :  85  Rel. Train L2 Loss :  0.02072361069917679  Rel. Test L2 Loss :  0.016159497648477555  Test L2 Loss :  0.013352795392274857  time :  23.872786283493042
Epoch :  86  Rel. Train L2 Loss :  0.019347823828458784  Rel. Test L2 Loss :  0.022539431750774382  Test L2 Loss :  0.0186393104493618  time :  23.930192708969116
Epoch :  87  Rel. Train L2 Loss :  0.019548333793878554  Rel. Test L2 Loss :  0.021702723801136015  Test L2 Loss :  0.017930216789245605  time :  23.978989124298096
Epoch :  88  Rel. Train L2 Loss :  0.01919503563642502  Rel. Test L2 Loss :  0.021573979556560516  Test L2 Loss :  0.017831316739320754  time :  23.875572681427002
Epoch :  89  Rel. Train L2 Loss :  0.019488588988780975  Rel. Test L2 Loss :  0.01871211886405945  Test L2 Loss :  0.015476610660552979  time :  23.738214254379272
Epoch :  90  Rel. Train L2 Loss :  0.01915213853120804  Rel. Test L2 Loss :  0.018441740423440933  Test L2 Loss :  0.015247358828783036  time :  23.743999242782593
Epoch :  91  Rel. Train L2 Loss :  0.021701291084289552  Rel. Test L2 Loss :  0.015052461326122283  Test L2 Loss :  0.012439024299383164  time :  23.774061918258667
Epoch :  92  Rel. Train L2 Loss :  0.020436514019966125  Rel. Test L2 Loss :  0.027752781957387923  Test L2 Loss :  0.022964823246002197  time :  23.852373838424683
Epoch :  93  Rel. Train L2 Loss :  0.020246167540550232  Rel. Test L2 Loss :  0.017649827003479005  Test L2 Loss :  0.014593504220247269  time :  23.961371898651123
Epoch :  94  Rel. Train L2 Loss :  0.019678521752357483  Rel. Test L2 Loss :  0.0247651045024395  Test L2 Loss :  0.020520831048488616  time :  23.824448347091675
Epoch :  95  Rel. Train L2 Loss :  0.018672367334365846  Rel. Test L2 Loss :  0.019683934599161148  Test L2 Loss :  0.016283643394708634  time :  23.732614517211914
Epoch :  96  Rel. Train L2 Loss :  0.020055106639862062  Rel. Test L2 Loss :  0.018659107834100724  Test L2 Loss :  0.01543206200003624  time :  23.778291940689087
Epoch :  97  Rel. Train L2 Loss :  0.018800647258758546  Rel. Test L2 Loss :  0.018570311814546585  Test L2 Loss :  0.0153498275578022  time :  23.81877851486206
Epoch :  98  Rel. Train L2 Loss :  0.01962690895795822  Rel. Test L2 Loss :  0.019454842656850813  Test L2 Loss :  0.01608041286468506  time :  23.916492700576782
Epoch :  99  Rel. Train L2 Loss :  0.019030446469783784  Rel. Test L2 Loss :  0.015703898817300797  Test L2 Loss :  0.012981113642454148  time :  23.994351387023926
Epoch :  100  Rel. Train L2 Loss :  0.016570493578910828  Rel. Test L2 Loss :  0.018463414162397385  Test L2 Loss :  0.015284810364246369  time :  23.834728240966797
Epoch :  101  Rel. Train L2 Loss :  0.020040511190891265  Rel. Test L2 Loss :  0.020545447468757628  Test L2 Loss :  0.0170009945333004  time :  23.746538639068604
Epoch :  102  Rel. Train L2 Loss :  0.020986968487501145  Rel. Test L2 Loss :  0.023107813447713853  Test L2 Loss :  0.019098682552576064  time :  23.731114387512207
Epoch :  103  Rel. Train L2 Loss :  0.018624997317790985  Rel. Test L2 Loss :  0.015836411565542222  Test L2 Loss :  0.013100496083498002  time :  23.85601830482483
Epoch :  104  Rel. Train L2 Loss :  0.017528816163539886  Rel. Test L2 Loss :  0.0187294764816761  Test L2 Loss :  0.015483599454164505  time :  23.99856162071228
Epoch :  105  Rel. Train L2 Loss :  0.019354071110486985  Rel. Test L2 Loss :  0.018385504186153413  Test L2 Loss :  0.01520807422697544  time :  23.940108060836792
Epoch :  106  Rel. Train L2 Loss :  0.018722665816545487  Rel. Test L2 Loss :  0.01837209492921829  Test L2 Loss :  0.015195161551237107  time :  23.77834725379944
Epoch :  107  Rel. Train L2 Loss :  0.018503638505935668  Rel. Test L2 Loss :  0.014860210120677947  Test L2 Loss :  0.012282841950654983  time :  23.70870327949524
Epoch :  108  Rel. Train L2 Loss :  0.01691016338765621  Rel. Test L2 Loss :  0.016186850666999816  Test L2 Loss :  0.01336842805147171  time :  23.815104246139526
Epoch :  109  Rel. Train L2 Loss :  0.019700396329164507  Rel. Test L2 Loss :  0.01603548973798752  Test L2 Loss :  0.01325870342552662  time :  23.904755353927612
Epoch :  110  Rel. Train L2 Loss :  0.01910848170518875  Rel. Test L2 Loss :  0.020493339151144027  Test L2 Loss :  0.016933621466159822  time :  23.95994758605957
Epoch :  111  Rel. Train L2 Loss :  0.017777077078819276  Rel. Test L2 Loss :  0.019740330427885054  Test L2 Loss :  0.016334582567214966  time :  23.889007091522217
Epoch :  112  Rel. Train L2 Loss :  0.018431907832622527  Rel. Test L2 Loss :  0.016114657819271086  Test L2 Loss :  0.013318610936403274  time :  23.76492214202881
Epoch :  113  Rel. Train L2 Loss :  0.01890627183020115  Rel. Test L2 Loss :  0.01555291473865509  Test L2 Loss :  0.012853654995560647  time :  23.673702001571655
Epoch :  114  Rel. Train L2 Loss :  0.016908988237380983  Rel. Test L2 Loss :  0.01741344287991524  Test L2 Loss :  0.014391436129808427  time :  23.83043336868286
Epoch :  115  Rel. Train L2 Loss :  0.01753930401802063  Rel. Test L2 Loss :  0.014781970381736755  Test L2 Loss :  0.012212083637714387  time :  23.852879524230957
Epoch :  116  Rel. Train L2 Loss :  0.016212642461061477  Rel. Test L2 Loss :  0.016335093826055528  Test L2 Loss :  0.013502207472920419  time :  23.926865577697754
Epoch :  117  Rel. Train L2 Loss :  0.01823456221818924  Rel. Test L2 Loss :  0.015038172006607056  Test L2 Loss :  0.012422048076987267  time :  23.902018070220947
Epoch :  118  Rel. Train L2 Loss :  0.015696403056383132  Rel. Test L2 Loss :  0.01964276045560837  Test L2 Loss :  0.016248886585235597  time :  23.78904438018799
Epoch :  119  Rel. Train L2 Loss :  0.019183854430913926  Rel. Test L2 Loss :  0.01483836367726326  Test L2 Loss :  0.012267973348498344  time :  23.745302438735962
Epoch :  120  Rel. Train L2 Loss :  0.01620004887878895  Rel. Test L2 Loss :  0.017915375977754593  Test L2 Loss :  0.014822510629892349  time :  23.77566909790039
Epoch :  121  Rel. Train L2 Loss :  0.01720115754008293  Rel. Test L2 Loss :  0.017262348830699922  Test L2 Loss :  0.014265685230493546  time :  23.814844369888306
Epoch :  122  Rel. Train L2 Loss :  0.016561271101236345  Rel. Test L2 Loss :  0.01629800319671631  Test L2 Loss :  0.013466579541563987  time :  23.931812286376953
Epoch :  123  Rel. Train L2 Loss :  0.01894043669104576  Rel. Test L2 Loss :  0.01659625321626663  Test L2 Loss :  0.0137184676527977  time :  23.92458987236023
Epoch :  124  Rel. Train L2 Loss :  0.016007479935884476  Rel. Test L2 Loss :  0.019906339943408968  Test L2 Loss :  0.016455146968364715  time :  23.87224316596985
Epoch :  125  Rel. Train L2 Loss :  0.016521027863025665  Rel. Test L2 Loss :  0.015599044412374497  Test L2 Loss :  0.01290257103741169  time :  23.885066747665405
Epoch :  126  Rel. Train L2 Loss :  0.015149882197380065  Rel. Test L2 Loss :  0.014998611062765121  Test L2 Loss :  0.012397440746426583  time :  23.88278603553772
Epoch :  127  Rel. Train L2 Loss :  0.015516494169831276  Rel. Test L2 Loss :  0.0258946730196476  Test L2 Loss :  0.021419157534837724  time :  23.923900365829468
Epoch :  128  Rel. Train L2 Loss :  0.01882361799478531  Rel. Test L2 Loss :  0.01508172944188118  Test L2 Loss :  0.012478520795702934  time :  23.99087643623352
Epoch :  129  Rel. Train L2 Loss :  0.016824264585971832  Rel. Test L2 Loss :  0.013870057687163352  Test L2 Loss :  0.011463520377874374  time :  23.998074054718018
Epoch :  130  Rel. Train L2 Loss :  0.01682330599427223  Rel. Test L2 Loss :  0.016627512723207474  Test L2 Loss :  0.013742836639285088  time :  23.865466117858887
Epoch :  131  Rel. Train L2 Loss :  0.015526500150561333  Rel. Test L2 Loss :  0.014074737876653672  Test L2 Loss :  0.011629385501146316  time :  23.8703932762146
Epoch :  132  Rel. Train L2 Loss :  0.016518322363495826  Rel. Test L2 Loss :  0.02539903461933136  Test L2 Loss :  0.02100173696875572  time :  23.84973692893982
Epoch :  133  Rel. Train L2 Loss :  0.01898370072245598  Rel. Test L2 Loss :  0.026154604852199555  Test L2 Loss :  0.021616806089878083  time :  23.806142330169678
Epoch :  134  Rel. Train L2 Loss :  0.01751292361319065  Rel. Test L2 Loss :  0.015606048107147217  Test L2 Loss :  0.012910653054714203  time :  23.82313370704651
Epoch :  135  Rel. Train L2 Loss :  0.01449887216091156  Rel. Test L2 Loss :  0.013630682900547982  Test L2 Loss :  0.01125954695045948  time :  23.91602063179016
Epoch :  136  Rel. Train L2 Loss :  0.01767670089006424  Rel. Test L2 Loss :  0.014581820964813232  Test L2 Loss :  0.012053911611437797  time :  23.918110609054565
Epoch :  137  Rel. Train L2 Loss :  0.01797903072834015  Rel. Test L2 Loss :  0.025015158206224443  Test L2 Loss :  0.020675773471593856  time :  23.923686742782593
Epoch :  138  Rel. Train L2 Loss :  0.01843722204864025  Rel. Test L2 Loss :  0.015241152644157409  Test L2 Loss :  0.012604908049106599  time :  23.951939344406128
Epoch :  139  Rel. Train L2 Loss :  0.015743186861276626  Rel. Test L2 Loss :  0.02084690898656845  Test L2 Loss :  0.01723356693983078  time :  23.972475290298462
Epoch :  140  Rel. Train L2 Loss :  0.01861929801106453  Rel. Test L2 Loss :  0.02027058705687523  Test L2 Loss :  0.016772031038999557  time :  23.96503210067749
Epoch :  141  Rel. Train L2 Loss :  0.016451297014951707  Rel. Test L2 Loss :  0.015296188294887542  Test L2 Loss :  0.012659893706440925  time :  23.897472620010376
Epoch :  142  Rel. Train L2 Loss :  0.01461254195868969  Rel. Test L2 Loss :  0.013999827355146408  Test L2 Loss :  0.011567622199654579  time :  23.843968868255615
Epoch :  143  Rel. Train L2 Loss :  0.015373748198151588  Rel. Test L2 Loss :  0.01465209037065506  Test L2 Loss :  0.012113854438066483  time :  23.95068335533142
Epoch :  144  Rel. Train L2 Loss :  0.01537738199532032  Rel. Test L2 Loss :  0.012509499788284301  Test L2 Loss :  0.010344133600592614  time :  23.947429895401
Epoch :  145  Rel. Train L2 Loss :  0.01454211089015007  Rel. Test L2 Loss :  0.015628640800714494  Test L2 Loss :  0.012917643785476685  time :  23.93546962738037
Epoch :  146  Rel. Train L2 Loss :  0.015695124819874763  Rel. Test L2 Loss :  0.014464788883924485  Test L2 Loss :  0.011955153718590737  time :  23.89629364013672
Epoch :  147  Rel. Train L2 Loss :  0.016874554008245467  Rel. Test L2 Loss :  0.016029167622327804  Test L2 Loss :  0.013249310106039048  time :  23.843156337738037
Epoch :  148  Rel. Train L2 Loss :  0.015668401211500167  Rel. Test L2 Loss :  0.014680036902427673  Test L2 Loss :  0.012131784558296204  time :  23.843712091445923
Epoch :  149  Rel. Train L2 Loss :  0.015462992608547211  Rel. Test L2 Loss :  0.018254680931568144  Test L2 Loss :  0.015079210996627807  time :  23.904422521591187
Epoch :  150  Rel. Train L2 Loss :  0.015558484479784966  Rel. Test L2 Loss :  0.014213282018899917  Test L2 Loss :  0.011756125763058662  time :  23.968389987945557
Epoch :  151  Rel. Train L2 Loss :  0.01481982198357582  Rel. Test L2 Loss :  0.015660906732082366  Test L2 Loss :  0.012938264906406403  time :  23.91035294532776
Epoch :  152  Rel. Train L2 Loss :  0.014284384921193122  Rel. Test L2 Loss :  0.01691624790430069  Test L2 Loss :  0.013977544754743576  time :  23.89821743965149
Epoch :  153  Rel. Train L2 Loss :  0.014256731897592545  Rel. Test L2 Loss :  0.018563629537820817  Test L2 Loss :  0.015348947942256927  time :  23.847124099731445
Epoch :  154  Rel. Train L2 Loss :  0.017015604794025422  Rel. Test L2 Loss :  0.01366091936826706  Test L2 Loss :  0.011290182396769523  time :  23.881559133529663
Epoch :  155  Rel. Train L2 Loss :  0.014877203941345216  Rel. Test L2 Loss :  0.011847397238016128  Test L2 Loss :  0.009792660772800445  time :  23.877742290496826
Epoch :  156  Rel. Train L2 Loss :  0.013948297142982484  Rel. Test L2 Loss :  0.013883989676833153  Test L2 Loss :  0.011481356173753739  time :  23.921139240264893
Epoch :  157  Rel. Train L2 Loss :  0.015632970541715623  Rel. Test L2 Loss :  0.017272066473960877  Test L2 Loss :  0.014274864196777344  time :  23.979017734527588
Epoch :  158  Rel. Train L2 Loss :  0.014228431195020676  Rel. Test L2 Loss :  0.011944861188530921  Test L2 Loss :  0.009873802736401559  time :  23.89093279838562
Epoch :  159  Rel. Train L2 Loss :  0.01411926731467247  Rel. Test L2 Loss :  0.012663233876228332  Test L2 Loss :  0.010470290705561637  time :  23.88946008682251
Epoch :  160  Rel. Train L2 Loss :  0.014588872238993645  Rel. Test L2 Loss :  0.018160494714975356  Test L2 Loss :  0.01502510443329811  time :  23.881585121154785
Epoch :  161  Rel. Train L2 Loss :  0.014812316581606864  Rel. Test L2 Loss :  0.01603183075785637  Test L2 Loss :  0.013254352957010268  time :  23.94339084625244
Epoch :  162  Rel. Train L2 Loss :  0.014610531285405159  Rel. Test L2 Loss :  0.013192053288221359  Test L2 Loss :  0.010908649712800979  time :  23.991790533065796
Epoch :  163  Rel. Train L2 Loss :  0.015907133638858796  Rel. Test L2 Loss :  0.01642324313521385  Test L2 Loss :  0.013573267981410026  time :  23.908653259277344
Epoch :  164  Rel. Train L2 Loss :  0.01592161938548088  Rel. Test L2 Loss :  0.015858305990695952  Test L2 Loss :  0.01311105452477932  time :  23.89862084388733
Epoch :  165  Rel. Train L2 Loss :  0.016005961507558824  Rel. Test L2 Loss :  0.016080584973096848  Test L2 Loss :  0.013296401873230935  time :  23.88574743270874
Epoch :  166  Rel. Train L2 Loss :  0.01632068061828613  Rel. Test L2 Loss :  0.015750758051872253  Test L2 Loss :  0.013033085092902184  time :  24.487565517425537
Epoch :  167  Rel. Train L2 Loss :  0.013715997964143753  Rel. Test L2 Loss :  0.015322896540164948  Test L2 Loss :  0.01266518659889698  time :  24.100637197494507
Epoch :  168  Rel. Train L2 Loss :  0.013677521109580993  Rel. Test L2 Loss :  0.01336270123720169  Test L2 Loss :  0.011052237004041671  time :  23.90687847137451
Epoch :  169  Rel. Train L2 Loss :  0.013609393820166588  Rel. Test L2 Loss :  0.011625035852193832  Test L2 Loss :  0.00960474781692028  time :  23.92975378036499
Epoch :  170  Rel. Train L2 Loss :  0.0125064088255167  Rel. Test L2 Loss :  0.015359183102846145  Test L2 Loss :  0.012701563835144043  time :  23.996586084365845
Epoch :  171  Rel. Train L2 Loss :  0.015114762634038926  Rel. Test L2 Loss :  0.01846358224749565  Test L2 Loss :  0.015266169011592865  time :  23.903088808059692
Epoch :  172  Rel. Train L2 Loss :  0.014809199377894402  Rel. Test L2 Loss :  0.01297332338988781  Test L2 Loss :  0.010721169486641884  time :  23.768189191818237
Epoch :  173  Rel. Train L2 Loss :  0.01502320408821106  Rel. Test L2 Loss :  0.01431107372045517  Test L2 Loss :  0.01183053970336914  time :  23.823134660720825
Epoch :  174  Rel. Train L2 Loss :  0.012604144901037216  Rel. Test L2 Loss :  0.013408626690506934  Test L2 Loss :  0.011091031357645989  time :  23.900866746902466
Epoch :  175  Rel. Train L2 Loss :  0.01607159885764122  Rel. Test L2 Loss :  0.016383918225765227  Test L2 Loss :  0.013541140258312226  time :  23.9308500289917
Epoch :  176  Rel. Train L2 Loss :  0.012386583432555198  Rel. Test L2 Loss :  0.017663446366786958  Test L2 Loss :  0.014612587988376618  time :  23.959664821624756
Epoch :  177  Rel. Train L2 Loss :  0.013563862964510918  Rel. Test L2 Loss :  0.016845843493938445  Test L2 Loss :  0.013942374363541604  time :  23.919391870498657
Epoch :  178  Rel. Train L2 Loss :  0.015466539591550827  Rel. Test L2 Loss :  0.012284998968243598  Test L2 Loss :  0.010154508650302888  time :  23.800585985183716
Epoch :  179  Rel. Train L2 Loss :  0.013622626543045043  Rel. Test L2 Loss :  0.013613962307572365  Test L2 Loss :  0.011259989961981774  time :  23.73924160003662
Epoch :  180  Rel. Train L2 Loss :  0.013693791821599006  Rel. Test L2 Loss :  0.013444097340106964  Test L2 Loss :  0.011120213717222214  time :  23.89314031600952
Epoch :  181  Rel. Train L2 Loss :  0.013316627189517021  Rel. Test L2 Loss :  0.013673253208398819  Test L2 Loss :  0.011304517835378647  time :  23.907918691635132
Epoch :  182  Rel. Train L2 Loss :  0.012573784455657004  Rel. Test L2 Loss :  0.012535777986049651  Test L2 Loss :  0.010367104634642601  time :  23.943525791168213
Epoch :  183  Rel. Train L2 Loss :  0.013131450071930886  Rel. Test L2 Loss :  0.015705089271068572  Test L2 Loss :  0.01299340657889843  time :  23.983516454696655
Epoch :  184  Rel. Train L2 Loss :  0.01290931524336338  Rel. Test L2 Loss :  0.011685954481363297  Test L2 Loss :  0.009657543003559112  time :  23.873648166656494
Epoch :  185  Rel. Train L2 Loss :  0.01495395463705063  Rel. Test L2 Loss :  0.01232293300330639  Test L2 Loss :  0.010187920853495598  time :  23.83393931388855
Epoch :  186  Rel. Train L2 Loss :  0.013201067849993706  Rel. Test L2 Loss :  0.011144127324223518  Test L2 Loss :  0.009211583212018013  time :  23.89182734489441
Epoch :  187  Rel. Train L2 Loss :  0.012501153454184533  Rel. Test L2 Loss :  0.015312349200248718  Test L2 Loss :  0.012666210159659385  time :  23.859761476516724
Epoch :  188  Rel. Train L2 Loss :  0.012922078639268876  Rel. Test L2 Loss :  0.014910172373056411  Test L2 Loss :  0.012337137088179588  time :  23.922283411026
Epoch :  189  Rel. Train L2 Loss :  0.013480107367038727  Rel. Test L2 Loss :  0.011948645561933518  Test L2 Loss :  0.00988225169479847  time :  23.94163417816162
Epoch :  190  Rel. Train L2 Loss :  0.013159111350774765  Rel. Test L2 Loss :  0.015836636573076247  Test L2 Loss :  0.01309614971280098  time :  23.938186645507812
Epoch :  191  Rel. Train L2 Loss :  0.01306806842982769  Rel. Test L2 Loss :  0.014484703168272972  Test L2 Loss :  0.011987314671277999  time :  23.911866426467896
Epoch :  192  Rel. Train L2 Loss :  0.010974217757582665  Rel. Test L2 Loss :  0.010493920594453811  Test L2 Loss :  0.008672811463475228  time :  23.891724348068237
Epoch :  193  Rel. Train L2 Loss :  0.01223969866335392  Rel. Test L2 Loss :  0.013341585770249367  Test L2 Loss :  0.011031194403767586  time :  23.955931186676025
Epoch :  194  Rel. Train L2 Loss :  0.013970586493611336  Rel. Test L2 Loss :  0.01308992825448513  Test L2 Loss :  0.010824544876813889  time :  23.94729471206665
Epoch :  195  Rel. Train L2 Loss :  0.013440375104546548  Rel. Test L2 Loss :  0.011916890665888786  Test L2 Loss :  0.009856562912464142  time :  24.011282444000244
Epoch :  196  Rel. Train L2 Loss :  0.012326345205307006  Rel. Test L2 Loss :  0.011225997731089591  Test L2 Loss :  0.009283076152205466  time :  23.94823122024536
Epoch :  197  Rel. Train L2 Loss :  0.012592438220977784  Rel. Test L2 Loss :  0.014564618468284607  Test L2 Loss :  0.012032336369156838  time :  23.931299209594727
Epoch :  198  Rel. Train L2 Loss :  0.01352351902425289  Rel. Test L2 Loss :  0.01230454571545124  Test L2 Loss :  0.010178568065166474  time :  23.897523641586304
Epoch :  199  Rel. Train L2 Loss :  0.012856884345412255  Rel. Test L2 Loss :  0.013868791833519935  Test L2 Loss :  0.01147776111960411  time :  23.926889657974243
Epoch :  200  Rel. Train L2 Loss :  0.011720232740044594  Rel. Test L2 Loss :  0.01053871177136898  Test L2 Loss :  0.008715232163667678  time :  23.96649670600891
Epoch :  201  Rel. Train L2 Loss :  0.013026383593678475  Rel. Test L2 Loss :  0.011095340102910996  Test L2 Loss :  0.009172409921884537  time :  23.980366706848145
Epoch :  202  Rel. Train L2 Loss :  0.012455807492136955  Rel. Test L2 Loss :  0.014512466043233871  Test L2 Loss :  0.011989174112677574  time :  23.92337155342102
Epoch :  203  Rel. Train L2 Loss :  0.014815085723996162  Rel. Test L2 Loss :  0.011437036693096161  Test L2 Loss :  0.009454123452305794  time :  23.94264316558838
Epoch :  204  Rel. Train L2 Loss :  0.011313212230801582  Rel. Test L2 Loss :  0.011280899569392204  Test L2 Loss :  0.00932866930961609  time :  23.888948440551758
Epoch :  205  Rel. Train L2 Loss :  0.01099045267701149  Rel. Test L2 Loss :  0.01300769105553627  Test L2 Loss :  0.010759268179535866  time :  23.963654041290283
Epoch :  206  Rel. Train L2 Loss :  0.013403824672102929  Rel. Test L2 Loss :  0.012520787864923477  Test L2 Loss :  0.010352776944637298  time :  23.9715793132782
Epoch :  207  Rel. Train L2 Loss :  0.012987285077571869  Rel. Test L2 Loss :  0.011956156343221664  Test L2 Loss :  0.009889485016465187  time :  24.010461807250977
Epoch :  208  Rel. Train L2 Loss :  0.012715032130479812  Rel. Test L2 Loss :  0.016878405511379244  Test L2 Loss :  0.013961455449461938  time :  23.93914008140564
Epoch :  209  Rel. Train L2 Loss :  0.014448109090328216  Rel. Test L2 Loss :  0.0110917978733778  Test L2 Loss :  0.00917019285261631  time :  23.854389905929565
Epoch :  210  Rel. Train L2 Loss :  0.011042893722653388  Rel. Test L2 Loss :  0.01318771593272686  Test L2 Loss :  0.010915005132555961  time :  23.872111082077026
Epoch :  211  Rel. Train L2 Loss :  0.012550961658358574  Rel. Test L2 Loss :  0.01190190777182579  Test L2 Loss :  0.00984824389219284  time :  23.94342041015625
Epoch :  212  Rel. Train L2 Loss :  0.012780291214585304  Rel. Test L2 Loss :  0.012320370450615882  Test L2 Loss :  0.010187274590134621  time :  23.9412202835083
Epoch :  213  Rel. Train L2 Loss :  0.011086497902870179  Rel. Test L2 Loss :  0.011409480199217796  Test L2 Loss :  0.009431217685341836  time :  23.96580457687378
Epoch :  214  Rel. Train L2 Loss :  0.010988266557455063  Rel. Test L2 Loss :  0.011126516237854957  Test L2 Loss :  0.009197067022323608  time :  24.023688793182373
Epoch :  215  Rel. Train L2 Loss :  0.013538458362221718  Rel. Test L2 Loss :  0.012719234004616737  Test L2 Loss :  0.010514093041419982  time :  23.932400465011597
Epoch :  216  Rel. Train L2 Loss :  0.011759790271520614  Rel. Test L2 Loss :  0.01235854186117649  Test L2 Loss :  0.010215018689632416  time :  23.9536235332489
Epoch :  217  Rel. Train L2 Loss :  0.011436430543661117  Rel. Test L2 Loss :  0.0144380022585392  Test L2 Loss :  0.011936225891113282  time :  23.92353868484497
Epoch :  218  Rel. Train L2 Loss :  0.00999376943707466  Rel. Test L2 Loss :  0.009499301835894584  Test L2 Loss :  0.00785076156258583  time :  23.930407285690308
Epoch :  219  Rel. Train L2 Loss :  0.010556121915578842  Rel. Test L2 Loss :  0.011301493421196938  Test L2 Loss :  0.009342654049396515  time :  23.948126792907715
Epoch :  220  Rel. Train L2 Loss :  0.010369170039892196  Rel. Test L2 Loss :  0.01079532079398632  Test L2 Loss :  0.008920373246073723  time :  23.93086814880371
Epoch :  221  Rel. Train L2 Loss :  0.01143985278904438  Rel. Test L2 Loss :  0.013141793981194496  Test L2 Loss :  0.010855478569865226  time :  23.971216917037964
Epoch :  222  Rel. Train L2 Loss :  0.011105902820825577  Rel. Test L2 Loss :  0.012307877838611602  Test L2 Loss :  0.010178852155804633  time :  23.897485971450806
Epoch :  223  Rel. Train L2 Loss :  0.012074382677674293  Rel. Test L2 Loss :  0.011077153012156487  Test L2 Loss :  0.00915971003472805  time :  23.916787147521973
Epoch :  224  Rel. Train L2 Loss :  0.012783308684825898  Rel. Test L2 Loss :  0.011578340232372284  Test L2 Loss :  0.009573598653078079  time :  23.965328454971313
Epoch :  225  Rel. Train L2 Loss :  0.011216778323054314  Rel. Test L2 Loss :  0.011133681163191795  Test L2 Loss :  0.009202678203582764  time :  23.940513134002686
Epoch :  226  Rel. Train L2 Loss :  0.010675499230623246  Rel. Test L2 Loss :  0.012962675392627717  Test L2 Loss :  0.010719399228692054  time :  23.98262596130371
Epoch :  227  Rel. Train L2 Loss :  0.011151808068156242  Rel. Test L2 Loss :  0.014990442022681237  Test L2 Loss :  0.012405109554529191  time :  23.928030252456665
Epoch :  228  Rel. Train L2 Loss :  0.011011002331972122  Rel. Test L2 Loss :  0.011419663652777672  Test L2 Loss :  0.009432562962174415  time :  23.901267528533936
Epoch :  229  Rel. Train L2 Loss :  0.010679949089884759  Rel. Test L2 Loss :  0.010530861914157868  Test L2 Loss :  0.008703872486948967  time :  23.874748706817627
Epoch :  230  Rel. Train L2 Loss :  0.011994270369410516  Rel. Test L2 Loss :  0.02005471870303154  Test L2 Loss :  0.016564983427524566  time :  23.884078979492188
Epoch :  231  Rel. Train L2 Loss :  0.011816869452595712  Rel. Test L2 Loss :  0.010751796290278434  Test L2 Loss :  0.008891879320144654  time :  23.97874426841736
Epoch :  232  Rel. Train L2 Loss :  0.011454937666654588  Rel. Test L2 Loss :  0.011876905858516694  Test L2 Loss :  0.009819361194968224  time :  24.004981756210327
Epoch :  233  Rel. Train L2 Loss :  0.010047290980815887  Rel. Test L2 Loss :  0.01148773156106472  Test L2 Loss :  0.009493305534124374  time :  23.978920221328735
Epoch :  234  Rel. Train L2 Loss :  0.01051017327606678  Rel. Test L2 Loss :  0.011070588529109955  Test L2 Loss :  0.009153704196214675  time :  23.926471710205078
Epoch :  235  Rel. Train L2 Loss :  0.011231650888919831  Rel. Test L2 Loss :  0.01178410604596138  Test L2 Loss :  0.009729729890823364  time :  23.911207675933838
Epoch :  236  Rel. Train L2 Loss :  0.01159406165778637  Rel. Test L2 Loss :  0.009494502320885658  Test L2 Loss :  0.007843085080385209  time :  23.928698778152466
Epoch :  237  Rel. Train L2 Loss :  0.010117324486374856  Rel. Test L2 Loss :  0.00988659381866455  Test L2 Loss :  0.008176035955548286  time :  23.889380931854248
Epoch :  238  Rel. Train L2 Loss :  0.011165615439414979  Rel. Test L2 Loss :  0.010157182589173317  Test L2 Loss :  0.008396447375416756  time :  24.019405603408813
Epoch :  239  Rel. Train L2 Loss :  0.009526149660348893  Rel. Test L2 Loss :  0.012071333602070808  Test L2 Loss :  0.009979275837540626  time :  24.06138515472412
Epoch :  240  Rel. Train L2 Loss :  0.01030792099237442  Rel. Test L2 Loss :  0.01166077859699726  Test L2 Loss :  0.009636483341455459  time :  23.976539850234985
Epoch :  241  Rel. Train L2 Loss :  0.01039778807759285  Rel. Test L2 Loss :  0.011205465197563172  Test L2 Loss :  0.00926759399473667  time :  23.89203643798828
Epoch :  242  Rel. Train L2 Loss :  0.010581030622124671  Rel. Test L2 Loss :  0.012012760862708092  Test L2 Loss :  0.009928647056221962  time :  23.854195833206177
Epoch :  243  Rel. Train L2 Loss :  0.011061528056859971  Rel. Test L2 Loss :  0.01129096455872059  Test L2 Loss :  0.009334037676453591  time :  23.93785309791565
Epoch :  244  Rel. Train L2 Loss :  0.010078759759664536  Rel. Test L2 Loss :  0.009823770523071288  Test L2 Loss :  0.008118952065706253  time :  23.96915888786316
Epoch :  245  Rel. Train L2 Loss :  0.010502774134278298  Rel. Test L2 Loss :  0.01477217823266983  Test L2 Loss :  0.012215536758303643  time :  24.005931615829468
Epoch :  246  Rel. Train L2 Loss :  0.01190948174893856  Rel. Test L2 Loss :  0.010474325269460677  Test L2 Loss :  0.0086580278724432  time :  23.9250226020813
Epoch :  247  Rel. Train L2 Loss :  0.00996297363936901  Rel. Test L2 Loss :  0.01102955050766468  Test L2 Loss :  0.009117766544222831  time :  23.93108320236206
Epoch :  248  Rel. Train L2 Loss :  0.010248451024293899  Rel. Test L2 Loss :  0.012181406244635581  Test L2 Loss :  0.010077820420265197  time :  23.905109167099
Epoch :  249  Rel. Train L2 Loss :  0.009769620224833488  Rel. Test L2 Loss :  0.010471434816718101  Test L2 Loss :  0.008655178621411323  time :  23.917353630065918
Epoch :  250  Rel. Train L2 Loss :  0.009744757384061813  Rel. Test L2 Loss :  0.009929025918245316  Test L2 Loss :  0.008203926905989646  time :  24.002030849456787
Epoch :  251  Rel. Train L2 Loss :  0.010033685639500618  Rel. Test L2 Loss :  0.014595281630754471  Test L2 Loss :  0.012077321261167527  time :  24.005524396896362
Epoch :  252  Rel. Train L2 Loss :  0.010218289732933044  Rel. Test L2 Loss :  0.01189631961286068  Test L2 Loss :  0.00983673445880413  time :  23.965058088302612
Epoch :  253  Rel. Train L2 Loss :  0.009952282205224037  Rel. Test L2 Loss :  0.008933236449956894  Test L2 Loss :  0.007383726090192794  time :  23.926246404647827
Epoch :  254  Rel. Train L2 Loss :  0.009109917983412742  Rel. Test L2 Loss :  0.010383088141679764  Test L2 Loss :  0.00859184466302395  time :  23.916977167129517
Epoch :  255  Rel. Train L2 Loss :  0.010409547939896584  Rel. Test L2 Loss :  0.009665331467986107  Test L2 Loss :  0.007988342270255088  time :  23.955448627471924
Epoch :  256  Rel. Train L2 Loss :  0.00838914731144905  Rel. Test L2 Loss :  0.009614181593060494  Test L2 Loss :  0.0079465351998806  time :  24.0170419216156
Epoch :  257  Rel. Train L2 Loss :  0.008770877629518508  Rel. Test L2 Loss :  0.011755711883306503  Test L2 Loss :  0.009723916351795196  time :  23.98005199432373
Epoch :  258  Rel. Train L2 Loss :  0.009238041564822197  Rel. Test L2 Loss :  0.011075624376535415  Test L2 Loss :  0.009163810014724732  time :  23.898035764694214
Epoch :  259  Rel. Train L2 Loss :  0.009831144511699676  Rel. Test L2 Loss :  0.008738830238580703  Test L2 Loss :  0.007222592793405056  time :  23.77007007598877
Epoch :  260  Rel. Train L2 Loss :  0.010479351565241813  Rel. Test L2 Loss :  0.011788288801908494  Test L2 Loss :  0.009757485315203667  time :  23.842185497283936
Epoch :  261  Rel. Train L2 Loss :  0.010316779285669327  Rel. Test L2 Loss :  0.009506227076053619  Test L2 Loss :  0.007859576195478439  time :  23.90432381629944
Epoch :  262  Rel. Train L2 Loss :  0.008625670731067658  Rel. Test L2 Loss :  0.009719630181789398  Test L2 Loss :  0.00803573191165924  time :  23.95563316345215
Epoch :  263  Rel. Train L2 Loss :  0.010388171255588531  Rel. Test L2 Loss :  0.01118557333946228  Test L2 Loss :  0.009250117912888527  time :  24.01331353187561
Epoch :  264  Rel. Train L2 Loss :  0.009630075976252556  Rel. Test L2 Loss :  0.010358619689941406  Test L2 Loss :  0.008565529361367225  time :  23.863357305526733
Epoch :  265  Rel. Train L2 Loss :  0.009036597296595573  Rel. Test L2 Loss :  0.012100970074534416  Test L2 Loss :  0.01001542218029499  time :  23.799761056900024
Epoch :  266  Rel. Train L2 Loss :  0.010551929697394371  Rel. Test L2 Loss :  0.010315718948841096  Test L2 Loss :  0.008535488620400428  time :  23.85554552078247
Epoch :  267  Rel. Train L2 Loss :  0.008770552903413772  Rel. Test L2 Loss :  0.0107448710501194  Test L2 Loss :  0.008883873000741005  time :  23.940124034881592
Epoch :  268  Rel. Train L2 Loss :  0.009613538429141045  Rel. Test L2 Loss :  0.0091014564037323  Test L2 Loss :  0.007519378662109375  time :  24.040048837661743
Epoch :  269  Rel. Train L2 Loss :  0.008480897277593612  Rel. Test L2 Loss :  0.01036747120320797  Test L2 Loss :  0.008573424592614174  time :  24.05244469642639
Epoch :  270  Rel. Train L2 Loss :  0.009773459374904633  Rel. Test L2 Loss :  0.01144220121204853  Test L2 Loss :  0.009460426121950149  time :  23.823403358459473
Epoch :  271  Rel. Train L2 Loss :  0.009187020853161813  Rel. Test L2 Loss :  0.00971840426325798  Test L2 Loss :  0.008030767813324928  time :  23.85286593437195
Epoch :  272  Rel. Train L2 Loss :  0.009374381646513939  Rel. Test L2 Loss :  0.010563475713133812  Test L2 Loss :  0.008734465539455415  time :  23.855797290802002
Epoch :  273  Rel. Train L2 Loss :  0.009066505938768387  Rel. Test L2 Loss :  0.008865262418985366  Test L2 Loss :  0.007326515093445778  time :  23.94549822807312
Epoch :  274  Rel. Train L2 Loss :  0.008381237216293812  Rel. Test L2 Loss :  0.009770700708031654  Test L2 Loss :  0.008078595027327537  time :  24.044787645339966
Epoch :  275  Rel. Train L2 Loss :  0.009272700145840645  Rel. Test L2 Loss :  0.010127760767936707  Test L2 Loss :  0.008379441946744918  time :  23.97747230529785
Epoch :  276  Rel. Train L2 Loss :  0.00799321959912777  Rel. Test L2 Loss :  0.010832937136292457  Test L2 Loss :  0.008961118310689926  time :  23.875494480133057
Epoch :  277  Rel. Train L2 Loss :  0.00949589741230011  Rel. Test L2 Loss :  0.008985470905900001  Test L2 Loss :  0.00742917362600565  time :  23.810142278671265
Epoch :  278  Rel. Train L2 Loss :  0.008780643239617348  Rel. Test L2 Loss :  0.00976905293762684  Test L2 Loss :  0.00806845135986805  time :  23.871318578720093
Epoch :  279  Rel. Train L2 Loss :  0.010824904888868331  Rel. Test L2 Loss :  0.01084320031106472  Test L2 Loss :  0.008965297862887382  time :  23.948233366012573
Epoch :  280  Rel. Train L2 Loss :  0.009178791120648384  Rel. Test L2 Loss :  0.009286148846149445  Test L2 Loss :  0.0076747313886880875  time :  24.068138122558594
Epoch :  281  Rel. Train L2 Loss :  0.008328891813755035  Rel. Test L2 Loss :  0.009591611921787263  Test L2 Loss :  0.007936393693089485  time :  23.92208743095398
Epoch :  282  Rel. Train L2 Loss :  0.008102824836969376  Rel. Test L2 Loss :  0.010510269030928611  Test L2 Loss :  0.008687990978360175  time :  23.821476697921753
Epoch :  283  Rel. Train L2 Loss :  0.008946478605270385  Rel. Test L2 Loss :  0.00858377993106842  Test L2 Loss :  0.007096373736858368  time :  23.81799030303955
Epoch :  284  Rel. Train L2 Loss :  0.009317637756466865  Rel. Test L2 Loss :  0.010065611824393273  Test L2 Loss :  0.00832285076379776  time :  23.89040184020996
Epoch :  285  Rel. Train L2 Loss :  0.007905817449092864  Rel. Test L2 Loss :  0.008600178211927413  Test L2 Loss :  0.007113779708743095  time :  23.991143703460693
Epoch :  286  Rel. Train L2 Loss :  0.008537127763032913  Rel. Test L2 Loss :  0.009434141963720322  Test L2 Loss :  0.007801653221249581  time :  24.040229082107544
Epoch :  287  Rel. Train L2 Loss :  0.00836067372560501  Rel. Test L2 Loss :  0.010347407907247544  Test L2 Loss :  0.008552521467208862  time :  23.88154411315918
Epoch :  288  Rel. Train L2 Loss :  0.00828537704050541  Rel. Test L2 Loss :  0.00916887491941452  Test L2 Loss :  0.007580957487225533  time :  24.13876724243164
Epoch :  289  Rel. Train L2 Loss :  0.007920558758080006  Rel. Test L2 Loss :  0.01062574326992035  Test L2 Loss :  0.008780448287725449  time :  25.960540056228638
Epoch :  290  Rel. Train L2 Loss :  0.0081044183075428  Rel. Test L2 Loss :  0.008573274090886117  Test L2 Loss :  0.007087757736444473  time :  23.87024450302124
Epoch :  291  Rel. Train L2 Loss :  0.007959251835942269  Rel. Test L2 Loss :  0.00946974277496338  Test L2 Loss :  0.007831861004233361  time :  23.974117755889893
Epoch :  292  Rel. Train L2 Loss :  0.008550791293382645  Rel. Test L2 Loss :  0.01065652072429657  Test L2 Loss :  0.008805139064788818  time :  23.95881462097168
Epoch :  293  Rel. Train L2 Loss :  0.008631984807550907  Rel. Test L2 Loss :  0.008563640564680099  Test L2 Loss :  0.007080499865114689  time :  23.828123331069946
Epoch :  294  Rel. Train L2 Loss :  0.007767659530043602  Rel. Test L2 Loss :  0.007831443548202515  Test L2 Loss :  0.006475177519023418  time :  23.795307874679565
Epoch :  295  Rel. Train L2 Loss :  0.007647301875054836  Rel. Test L2 Loss :  0.008145779743790627  Test L2 Loss :  0.00673496413975954  time :  23.862558126449585
Epoch :  296  Rel. Train L2 Loss :  0.0076330404803156855  Rel. Test L2 Loss :  0.008704420998692513  Test L2 Loss :  0.007197489030659199  time :  24.030911445617676
Epoch :  297  Rel. Train L2 Loss :  0.007880308613181114  Rel. Test L2 Loss :  0.009441324919462203  Test L2 Loss :  0.007806746810674667  time :  24.020506143569946
Epoch :  298  Rel. Train L2 Loss :  0.007860640712082386  Rel. Test L2 Loss :  0.008368600457906723  Test L2 Loss :  0.006918877251446247  time :  23.98665690422058
Epoch :  299  Rel. Train L2 Loss :  0.007280767448246479  Rel. Test L2 Loss :  0.009031861871480942  Test L2 Loss :  0.007468552626669407  time :  23.8123619556427
Epoch :  300  Rel. Train L2 Loss :  0.008279232569038867  Rel. Test L2 Loss :  0.008914819583296776  Test L2 Loss :  0.007371903136372566  time :  23.81149435043335
Epoch :  301  Rel. Train L2 Loss :  0.007480600371956825  Rel. Test L2 Loss :  0.00919354110956192  Test L2 Loss :  0.007603738903999329  time :  23.819690942764282
Epoch :  302  Rel. Train L2 Loss :  0.008164339810609817  Rel. Test L2 Loss :  0.009338402301073074  Test L2 Loss :  0.007721312120556831  time :  23.986124992370605
Epoch :  303  Rel. Train L2 Loss :  0.007170671284198761  Rel. Test L2 Loss :  0.009071429073810578  Test L2 Loss :  0.00750141628086567  time :  24.00635838508606
Epoch :  304  Rel. Train L2 Loss :  0.007361088842153549  Rel. Test L2 Loss :  0.008270646184682847  Test L2 Loss :  0.0068396743759512905  time :  23.997554779052734
Epoch :  305  Rel. Train L2 Loss :  0.006953173741698265  Rel. Test L2 Loss :  0.007623934596776963  Test L2 Loss :  0.006303306929767132  time :  23.88453459739685
Epoch :  306  Rel. Train L2 Loss :  0.0065760818347334864  Rel. Test L2 Loss :  0.00754288375377655  Test L2 Loss :  0.00623610831797123  time :  23.777358531951904
Epoch :  307  Rel. Train L2 Loss :  0.0073933077678084375  Rel. Test L2 Loss :  0.01007739320397377  Test L2 Loss :  0.008337306901812553  time :  23.869269847869873
Epoch :  308  Rel. Train L2 Loss :  0.007474276520311832  Rel. Test L2 Loss :  0.008268651850521565  Test L2 Loss :  0.006835292354226113  time :  23.92243218421936
Epoch :  309  Rel. Train L2 Loss :  0.008273591041564941  Rel. Test L2 Loss :  0.009512190967798232  Test L2 Loss :  0.007868332415819168  time :  24.015350103378296
Epoch :  310  Rel. Train L2 Loss :  0.006911131910979747  Rel. Test L2 Loss :  0.008619944006204605  Test L2 Loss :  0.007128865420818329  time :  23.978684186935425
Epoch :  311  Rel. Train L2 Loss :  0.007083521075546741  Rel. Test L2 Loss :  0.008798354044556618  Test L2 Loss :  0.0072720075398683545  time :  23.852479696273804
Epoch :  312  Rel. Train L2 Loss :  0.00736644995957613  Rel. Test L2 Loss :  0.007961658537387848  Test L2 Loss :  0.006582892872393132  time :  23.80176091194153
Epoch :  313  Rel. Train L2 Loss :  0.007227193213999271  Rel. Test L2 Loss :  0.007739146649837494  Test L2 Loss :  0.006397902444005013  time :  23.833881855010986
Epoch :  314  Rel. Train L2 Loss :  0.00694528291374445  Rel. Test L2 Loss :  0.008994910046458244  Test L2 Loss :  0.007433039173483849  time :  23.95805597305298
Epoch :  315  Rel. Train L2 Loss :  0.007642753101885319  Rel. Test L2 Loss :  0.01048724539577961  Test L2 Loss :  0.00867231585085392  time :  24.037561893463135
Epoch :  316  Rel. Train L2 Loss :  0.007846820436418057  Rel. Test L2 Loss :  0.009221396669745445  Test L2 Loss :  0.007621661089360714  time :  23.999237775802612
Epoch :  317  Rel. Train L2 Loss :  0.006800662666559219  Rel. Test L2 Loss :  0.0080494324862957  Test L2 Loss :  0.006652544736862182  time :  23.848484754562378
Epoch :  318  Rel. Train L2 Loss :  0.006669834338128567  Rel. Test L2 Loss :  0.0074954092502594  Test L2 Loss :  0.006198069304227829  time :  23.816744089126587
Epoch :  319  Rel. Train L2 Loss :  0.006488698542118073  Rel. Test L2 Loss :  0.007897705882787704  Test L2 Loss :  0.006531770452857018  time :  23.86655831336975
Epoch :  320  Rel. Train L2 Loss :  0.006869989685714245  Rel. Test L2 Loss :  0.007822825312614442  Test L2 Loss :  0.0064668583869934085  time :  23.91598081588745
Epoch :  321  Rel. Train L2 Loss :  0.0073849519118666645  Rel. Test L2 Loss :  0.008357831761240959  Test L2 Loss :  0.006909801363945007  time :  24.007970333099365
Epoch :  322  Rel. Train L2 Loss :  0.006761049076914787  Rel. Test L2 Loss :  0.008311867043375968  Test L2 Loss :  0.006871076002717018  time :  23.970730781555176
Epoch :  323  Rel. Train L2 Loss :  0.007450251869857311  Rel. Test L2 Loss :  0.011242715269327163  Test L2 Loss :  0.009300487339496613  time :  23.864510536193848
Epoch :  324  Rel. Train L2 Loss :  0.007409722812473774  Rel. Test L2 Loss :  0.007785173952579498  Test L2 Loss :  0.006437608227133751  time :  23.833542346954346
Epoch :  325  Rel. Train L2 Loss :  0.006636931881308555  Rel. Test L2 Loss :  0.007297371923923493  Test L2 Loss :  0.006033907867968083  time :  23.905373573303223
Epoch :  326  Rel. Train L2 Loss :  0.006665867775678635  Rel. Test L2 Loss :  0.011122683361172676  Test L2 Loss :  0.009196799173951149  time :  23.958556413650513
Epoch :  327  Rel. Train L2 Loss :  0.0070419514924287795  Rel. Test L2 Loss :  0.007434027791023254  Test L2 Loss :  0.006148469112813473  time :  23.96551489830017
Epoch :  328  Rel. Train L2 Loss :  0.008677489072084427  Rel. Test L2 Loss :  0.009369858503341676  Test L2 Loss :  0.007749564722180366  time :  24.01841378211975
Epoch :  329  Rel. Train L2 Loss :  0.006790672346949577  Rel. Test L2 Loss :  0.008548748418688775  Test L2 Loss :  0.007064884938299656  time :  23.8982515335083
Epoch :  330  Rel. Train L2 Loss :  0.006569561459124088  Rel. Test L2 Loss :  0.007913557812571526  Test L2 Loss :  0.006544186808168888  time :  23.821813106536865
Epoch :  331  Rel. Train L2 Loss :  0.006285697400569916  Rel. Test L2 Loss :  0.00805159479379654  Test L2 Loss :  0.006658545807003975  time :  23.892693758010864
Epoch :  332  Rel. Train L2 Loss :  0.006964908450841903  Rel. Test L2 Loss :  0.009118328765034676  Test L2 Loss :  0.007539409548044205  time :  23.907599687576294
Epoch :  333  Rel. Train L2 Loss :  0.007075340040028095  Rel. Test L2 Loss :  0.007644767314195633  Test L2 Loss :  0.006317616328597069  time :  24.033061027526855
Epoch :  334  Rel. Train L2 Loss :  0.0063179006204009056  Rel. Test L2 Loss :  0.008111839070916177  Test L2 Loss :  0.0067072781920433045  time :  24.065887451171875
Epoch :  335  Rel. Train L2 Loss :  0.00666953694075346  Rel. Test L2 Loss :  0.007296025343239307  Test L2 Loss :  0.006034048683941365  time :  23.870975494384766
Epoch :  336  Rel. Train L2 Loss :  0.006085125997662544  Rel. Test L2 Loss :  0.007853122353553772  Test L2 Loss :  0.006496221423149109  time :  23.83536648750305
Epoch :  337  Rel. Train L2 Loss :  0.006100193686783314  Rel. Test L2 Loss :  0.007398646958172321  Test L2 Loss :  0.006117677725851536  time :  23.849818468093872
Epoch :  338  Rel. Train L2 Loss :  0.006148691095411778  Rel. Test L2 Loss :  0.007715371251106262  Test L2 Loss :  0.006378952860832215  time :  23.94179606437683
Epoch :  339  Rel. Train L2 Loss :  0.006324220590293407  Rel. Test L2 Loss :  0.007878457605838775  Test L2 Loss :  0.006515041403472424  time :  23.978065252304077
Epoch :  340  Rel. Train L2 Loss :  0.006273773431777954  Rel. Test L2 Loss :  0.007314909249544144  Test L2 Loss :  0.006051767952740193  time :  24.074975967407227
Epoch :  341  Rel. Train L2 Loss :  0.006195604100823402  Rel. Test L2 Loss :  0.008754112422466279  Test L2 Loss :  0.007241869047284126  time :  24.0251624584198
Epoch :  342  Rel. Train L2 Loss :  0.006371248245239258  Rel. Test L2 Loss :  0.0070220066234469415  Test L2 Loss :  0.005807068012654781  time :  23.89554452896118
Epoch :  343  Rel. Train L2 Loss :  0.00581761485338211  Rel. Test L2 Loss :  0.007303636707365513  Test L2 Loss :  0.006040439009666443  time :  23.889338970184326
Epoch :  344  Rel. Train L2 Loss :  0.0058238450810313225  Rel. Test L2 Loss :  0.006840301789343357  Test L2 Loss :  0.005658729784190655  time :  23.906606912612915
Epoch :  345  Rel. Train L2 Loss :  0.005456804990768433  Rel. Test L2 Loss :  0.007327437810599804  Test L2 Loss :  0.006060782633721828  time :  23.971317291259766
Epoch :  346  Rel. Train L2 Loss :  0.0059296140745282175  Rel. Test L2 Loss :  0.007587253525853157  Test L2 Loss :  0.00627237182110548  time :  23.949024438858032
Epoch :  347  Rel. Train L2 Loss :  0.005540401659905911  Rel. Test L2 Loss :  0.007132669575512409  Test L2 Loss :  0.005899164266884327  time :  23.950637578964233
Epoch :  348  Rel. Train L2 Loss :  0.0055204895883798595  Rel. Test L2 Loss :  0.007009324431419372  Test L2 Loss :  0.005798436738550663  time :  23.911333322525024
Epoch :  349  Rel. Train L2 Loss :  0.005297957792878151  Rel. Test L2 Loss :  0.007634631395339966  Test L2 Loss :  0.00631275624036789  time :  23.884570360183716
Epoch :  350  Rel. Train L2 Loss :  0.005460046470165253  Rel. Test L2 Loss :  0.007282429374754429  Test L2 Loss :  0.0060227011889219285  time :  23.892820835113525
Epoch :  351  Rel. Train L2 Loss :  0.00595719675719738  Rel. Test L2 Loss :  0.007200426310300827  Test L2 Loss :  0.005952626764774323  time :  23.906272172927856
Epoch :  352  Rel. Train L2 Loss :  0.005397549010813236  Rel. Test L2 Loss :  0.00761268999427557  Test L2 Loss :  0.006296122409403324  time :  23.9312961101532
Epoch :  353  Rel. Train L2 Loss :  0.005828035175800324  Rel. Test L2 Loss :  0.007294359467923641  Test L2 Loss :  0.006033876799046993  time :  23.972134351730347
Epoch :  354  Rel. Train L2 Loss :  0.00543718035519123  Rel. Test L2 Loss :  0.007055194042623043  Test L2 Loss :  0.005835220664739609  time :  23.94612431526184
Epoch :  355  Rel. Train L2 Loss :  0.005210588827729225  Rel. Test L2 Loss :  0.00682867668569088  Test L2 Loss :  0.005647947937250137  time :  23.96501851081848
Epoch :  356  Rel. Train L2 Loss :  0.005969208210706711  Rel. Test L2 Loss :  0.007584317848086357  Test L2 Loss :  0.006270169354975224  time :  23.891427278518677
Epoch :  357  Rel. Train L2 Loss :  0.005849129736423492  Rel. Test L2 Loss :  0.007067890726029873  Test L2 Loss :  0.005845170803368092  time :  23.915332794189453
Epoch :  358  Rel. Train L2 Loss :  0.005646961383521557  Rel. Test L2 Loss :  0.008538705334067344  Test L2 Loss :  0.007064081989228726  time :  23.95992946624756
Epoch :  359  Rel. Train L2 Loss :  0.00602132748067379  Rel. Test L2 Loss :  0.00728833518922329  Test L2 Loss :  0.006028734594583512  time :  23.993396997451782
Epoch :  360  Rel. Train L2 Loss :  0.006388778083026409  Rel. Test L2 Loss :  0.007717070654034614  Test L2 Loss :  0.006383510529994965  time :  23.918017387390137
Epoch :  361  Rel. Train L2 Loss :  0.005682778939604759  Rel. Test L2 Loss :  0.0074967010319232944  Test L2 Loss :  0.006198379136621952  time :  23.95235824584961
Epoch :  362  Rel. Train L2 Loss :  0.005175407245755196  Rel. Test L2 Loss :  0.006825762055814266  Test L2 Loss :  0.005646391361951828  time :  23.91144061088562
Epoch :  363  Rel. Train L2 Loss :  0.004985368095338344  Rel. Test L2 Loss :  0.006946471966803074  Test L2 Loss :  0.005744845122098923  time :  23.919971466064453
Epoch :  364  Rel. Train L2 Loss :  0.005211517259478569  Rel. Test L2 Loss :  0.007002828866243363  Test L2 Loss :  0.005791792534291744  time :  23.960506200790405
Epoch :  365  Rel. Train L2 Loss :  0.004960929423570633  Rel. Test L2 Loss :  0.0072502544149756435  Test L2 Loss :  0.005998117811977863  time :  23.988705158233643
Epoch :  366  Rel. Train L2 Loss :  0.005636606298387051  Rel. Test L2 Loss :  0.006754973046481609  Test L2 Loss :  0.005587533339858055  time :  23.95621395111084
Epoch :  367  Rel. Train L2 Loss :  0.005310054942965508  Rel. Test L2 Loss :  0.006857274957001209  Test L2 Loss :  0.005672864988446236  time :  23.89484477043152
Epoch :  368  Rel. Train L2 Loss :  0.004770012319087982  Rel. Test L2 Loss :  0.006854723207652569  Test L2 Loss :  0.005669930912554264  time :  23.884446382522583
Epoch :  369  Rel. Train L2 Loss :  0.004754278130829334  Rel. Test L2 Loss :  0.007152892723679543  Test L2 Loss :  0.005919888541102409  time :  23.92309045791626
Epoch :  370  Rel. Train L2 Loss :  0.0048797431215643885  Rel. Test L2 Loss :  0.006881342567503453  Test L2 Loss :  0.005691884197294712  time :  23.974064826965332
Epoch :  371  Rel. Train L2 Loss :  0.004736385062336921  Rel. Test L2 Loss :  0.006542651541531086  Test L2 Loss :  0.005411569848656654  time :  24.015800952911377
Epoch :  372  Rel. Train L2 Loss :  0.004949642032384872  Rel. Test L2 Loss :  0.0070056295767426495  Test L2 Loss :  0.005793784260749817  time :  24.015891313552856
Epoch :  373  Rel. Train L2 Loss :  0.004837529018521309  Rel. Test L2 Loss :  0.0067166143283247945  Test L2 Loss :  0.005555512346327305  time :  23.991905212402344
Epoch :  374  Rel. Train L2 Loss :  0.005016849488019943  Rel. Test L2 Loss :  0.00647474005818367  Test L2 Loss :  0.005355171002447605  time :  23.975003004074097
Epoch :  375  Rel. Train L2 Loss :  0.004816466800868511  Rel. Test L2 Loss :  0.006829931475222111  Test L2 Loss :  0.005648927092552185  time :  23.92400598526001
Epoch :  376  Rel. Train L2 Loss :  0.005407602086663246  Rel. Test L2 Loss :  0.007037207372486591  Test L2 Loss :  0.005824878849089146  time :  23.9536554813385
Epoch :  377  Rel. Train L2 Loss :  0.004840995267033577  Rel. Test L2 Loss :  0.007367687225341797  Test L2 Loss :  0.006096800565719604  time :  23.994959592819214
Epoch :  378  Rel. Train L2 Loss :  0.004729112014174462  Rel. Test L2 Loss :  0.006653334833681583  Test L2 Loss :  0.005504307448863983  time :  24.019786834716797
Epoch :  379  Rel. Train L2 Loss :  0.00462997019290924  Rel. Test L2 Loss :  0.0066428428515791895  Test L2 Loss :  0.005495272055268288  time :  23.952045679092407
Epoch :  380  Rel. Train L2 Loss :  0.004970658391714096  Rel. Test L2 Loss :  0.006369814164936542  Test L2 Loss :  0.005268586724996567  time :  23.942950963974
Epoch :  381  Rel. Train L2 Loss :  0.004531164571642875  Rel. Test L2 Loss :  0.006766440160572529  Test L2 Loss :  0.005597162060439587  time :  23.91847515106201
Epoch :  382  Rel. Train L2 Loss :  0.004590492554008961  Rel. Test L2 Loss :  0.0068934779241681095  Test L2 Loss :  0.005704743228852749  time :  23.981300592422485
Epoch :  383  Rel. Train L2 Loss :  0.0047121377363801  Rel. Test L2 Loss :  0.006709378845989704  Test L2 Loss :  0.005550514757633209  time :  23.982765197753906
Epoch :  384  Rel. Train L2 Loss :  0.005060937911272049  Rel. Test L2 Loss :  0.006936165317893028  Test L2 Loss :  0.0057395513728261  time :  23.9797523021698
Epoch :  385  Rel. Train L2 Loss :  0.0045919338986277584  Rel. Test L2 Loss :  0.006280463449656964  Test L2 Loss :  0.005195847302675247  time :  23.887494802474976
Epoch :  386  Rel. Train L2 Loss :  0.004724365755915642  Rel. Test L2 Loss :  0.007076091542840004  Test L2 Loss :  0.005853929631412029  time :  23.921292543411255
Epoch :  387  Rel. Train L2 Loss :  0.004983757816255092  Rel. Test L2 Loss :  0.00647144366055727  Test L2 Loss :  0.005353869944810867  time :  23.90923237800598
Epoch :  388  Rel. Train L2 Loss :  0.004663208298385143  Rel. Test L2 Loss :  0.007236958891153336  Test L2 Loss :  0.005987566597759723  time :  23.936481952667236
Epoch :  389  Rel. Train L2 Loss :  0.004707575313746929  Rel. Test L2 Loss :  0.0063865302130579945  Test L2 Loss :  0.005282454304397106  time :  24.012531280517578
Epoch :  390  Rel. Train L2 Loss :  0.004740068018436432  Rel. Test L2 Loss :  0.006684396304190159  Test L2 Loss :  0.005529036298394203  time :  23.987216472625732
Epoch :  391  Rel. Train L2 Loss :  0.0046402297839522365  Rel. Test L2 Loss :  0.00647260133177042  Test L2 Loss :  0.005354157947003842  time :  23.989730834960938
Epoch :  392  Rel. Train L2 Loss :  0.004440643079578877  Rel. Test L2 Loss :  0.006185409836471081  Test L2 Loss :  0.005118527114391327  time :  23.942994117736816
Epoch :  393  Rel. Train L2 Loss :  0.004599234186112881  Rel. Test L2 Loss :  0.006505522429943084  Test L2 Loss :  0.005382447130978107  time :  23.925874710083008
Epoch :  394  Rel. Train L2 Loss :  0.004604406595230102  Rel. Test L2 Loss :  0.007117283828556538  Test L2 Loss :  0.005887013040482998  time :  23.8875515460968
Epoch :  395  Rel. Train L2 Loss :  0.004672541990876198  Rel. Test L2 Loss :  0.0064407684281468395  Test L2 Loss :  0.005328664183616638  time :  23.893298864364624
Epoch :  396  Rel. Train L2 Loss :  0.00440704769641161  Rel. Test L2 Loss :  0.006357678100466728  Test L2 Loss :  0.0052603957056999206  time :  23.972238779067993
Epoch :  397  Rel. Train L2 Loss :  0.004379962809383869  Rel. Test L2 Loss :  0.0065394842624664305  Test L2 Loss :  0.0054102340340614315  time :  23.98962640762329
Epoch :  398  Rel. Train L2 Loss :  0.004130984663963318  Rel. Test L2 Loss :  0.006165434047579766  Test L2 Loss :  0.005100149326026439  time :  24.011711835861206
Epoch :  399  Rel. Train L2 Loss :  0.004251814939081669  Rel. Test L2 Loss :  0.006517350822687149  Test L2 Loss :  0.005392317362129688  time :  23.940775632858276
Epoch :  400  Rel. Train L2 Loss :  0.004445889204740525  Rel. Test L2 Loss :  0.006303488239645958  Test L2 Loss :  0.00521682120859623  time :  23.912557125091553
Epoch :  401  Rel. Train L2 Loss :  0.004120183870196342  Rel. Test L2 Loss :  0.006316148452460766  Test L2 Loss :  0.005226309858262539  time :  23.904963970184326
Epoch :  402  Rel. Train L2 Loss :  0.003919196218252182  Rel. Test L2 Loss :  0.006249397359788418  Test L2 Loss :  0.005170556046068669  time :  23.878106594085693
Epoch :  403  Rel. Train L2 Loss :  0.003997025057673454  Rel. Test L2 Loss :  0.0061541818082332615  Test L2 Loss :  0.005091655142605305  time :  23.894513368606567
Epoch :  404  Rel. Train L2 Loss :  0.003944604553282261  Rel. Test L2 Loss :  0.006025771945714951  Test L2 Loss :  0.004986515678465367  time :  23.957268238067627
Epoch :  405  Rel. Train L2 Loss :  0.00430945798382163  Rel. Test L2 Loss :  0.0063441146537661555  Test L2 Loss :  0.005248888172209263  time :  23.991452932357788
Epoch :  406  Rel. Train L2 Loss :  0.0039904403835535045  Rel. Test L2 Loss :  0.00620233777910471  Test L2 Loss :  0.005132095217704773  time :  23.99740171432495
Epoch :  407  Rel. Train L2 Loss :  0.00388740910962224  Rel. Test L2 Loss :  0.006100083366036415  Test L2 Loss :  0.005048260688781738  time :  23.886693477630615
Epoch :  408  Rel. Train L2 Loss :  0.0037748165428638457  Rel. Test L2 Loss :  0.006276571676135063  Test L2 Loss :  0.005192809402942657  time :  23.883606672286987
Epoch :  409  Rel. Train L2 Loss :  0.003947437070310116  Rel. Test L2 Loss :  0.006183102503418922  Test L2 Loss :  0.0051163239777088166  time :  23.895280838012695
Epoch :  410  Rel. Train L2 Loss :  0.0037280386537313463  Rel. Test L2 Loss :  0.006089057289063931  Test L2 Loss :  0.005037839636206627  time :  23.900625944137573
Epoch :  411  Rel. Train L2 Loss :  0.0038048520646989346  Rel. Test L2 Loss :  0.0062315349653363225  Test L2 Loss :  0.005157852061092854  time :  23.9899799823761
Epoch :  412  Rel. Train L2 Loss :  0.003912073280662298  Rel. Test L2 Loss :  0.006770242154598236  Test L2 Loss :  0.005601393356919289  time :  24.000200510025024
Epoch :  413  Rel. Train L2 Loss :  0.003987773202359677  Rel. Test L2 Loss :  0.006188713982701302  Test L2 Loss :  0.005121096521615982  time :  23.96175765991211
Epoch :  414  Rel. Train L2 Loss :  0.003930558159947395  Rel. Test L2 Loss :  0.00613253653049469  Test L2 Loss :  0.005075370185077191  time :  23.921272039413452
Epoch :  415  Rel. Train L2 Loss :  0.003826369386166334  Rel. Test L2 Loss :  0.006009424664080143  Test L2 Loss :  0.004971246756613254  time :  23.950664281845093
Epoch :  416  Rel. Train L2 Loss :  0.003650513056665659  Rel. Test L2 Loss :  0.005971293710172176  Test L2 Loss :  0.004941603094339371  time :  23.922703504562378
Epoch :  417  Rel. Train L2 Loss :  0.003573164250701666  Rel. Test L2 Loss :  0.005953114107251167  Test L2 Loss :  0.00492653589695692  time :  24.006775379180908
Epoch :  418  Rel. Train L2 Loss :  0.003659270353615284  Rel. Test L2 Loss :  0.006203988827764988  Test L2 Loss :  0.005132925100624562  time :  23.98998737335205
Epoch :  419  Rel. Train L2 Loss :  0.0036868603713810445  Rel. Test L2 Loss :  0.00610767811536789  Test L2 Loss :  0.005052565969526768  time :  24.02180814743042
Epoch :  420  Rel. Train L2 Loss :  0.003681002978235483  Rel. Test L2 Loss :  0.006061553582549095  Test L2 Loss :  0.005015311762690544  time :  23.964869022369385
Epoch :  421  Rel. Train L2 Loss :  0.004014189325273037  Rel. Test L2 Loss :  0.0060385892167687414  Test L2 Loss :  0.004996470846235752  time :  23.898186922073364
Epoch :  422  Rel. Train L2 Loss :  0.0036477319821715355  Rel. Test L2 Loss :  0.0059212535992264744  Test L2 Loss :  0.004899518936872483  time :  23.903024196624756
Epoch :  423  Rel. Train L2 Loss :  0.0035632796920835974  Rel. Test L2 Loss :  0.005909144580364227  Test L2 Loss :  0.004889747686684131  time :  23.995483875274658
Epoch :  424  Rel. Train L2 Loss :  0.0035577847845852375  Rel. Test L2 Loss :  0.005919836051762104  Test L2 Loss :  0.004898276515305043  time :  24.009617805480957
Epoch :  425  Rel. Train L2 Loss :  0.003495371177792549  Rel. Test L2 Loss :  0.006060039959847927  Test L2 Loss :  0.0050155618786811825  time :  23.936235666275024
Epoch :  426  Rel. Train L2 Loss :  0.0034571883454918863  Rel. Test L2 Loss :  0.0058400224149227145  Test L2 Loss :  0.004832767248153687  time :  23.94178533554077
Epoch :  427  Rel. Train L2 Loss :  0.003528222221881151  Rel. Test L2 Loss :  0.00586494855582714  Test L2 Loss :  0.004853274039924145  time :  23.90815567970276
Epoch :  428  Rel. Train L2 Loss :  0.0034169778190553187  Rel. Test L2 Loss :  0.005932538695633411  Test L2 Loss :  0.004909213744103909  time :  23.969478607177734
Epoch :  429  Rel. Train L2 Loss :  0.0033998415619134904  Rel. Test L2 Loss :  0.005895274579524994  Test L2 Loss :  0.004878605790436268  time :  24.050525188446045
Epoch :  430  Rel. Train L2 Loss :  0.0033971290960907938  Rel. Test L2 Loss :  0.005916696861386299  Test L2 Loss :  0.004896459616720677  time :  23.996679544448853
Epoch :  431  Rel. Train L2 Loss :  0.0035834748670458792  Rel. Test L2 Loss :  0.006054179035127163  Test L2 Loss :  0.005010245181620121  time :  23.99245834350586
Epoch :  432  Rel. Train L2 Loss :  0.0034150763377547265  Rel. Test L2 Loss :  0.005938274525105953  Test L2 Loss :  0.004913944974541664  time :  23.9608371257782
Epoch :  433  Rel. Train L2 Loss :  0.00339948695525527  Rel. Test L2 Loss :  0.005971725955605507  Test L2 Loss :  0.00494184136390686  time :  23.928537130355835
Epoch :  434  Rel. Train L2 Loss :  0.003480078373104334  Rel. Test L2 Loss :  0.005931092537939549  Test L2 Loss :  0.004908678978681564  time :  23.999067544937134
Epoch :  435  Rel. Train L2 Loss :  0.0032884427905082703  Rel. Test L2 Loss :  0.00588956743478775  Test L2 Loss :  0.004873818829655647  time :  24.039207935333252
Epoch :  436  Rel. Train L2 Loss :  0.0032729193791747094  Rel. Test L2 Loss :  0.005898700803518295  Test L2 Loss :  0.004881750680506229  time :  24.055665969848633
Epoch :  437  Rel. Train L2 Loss :  0.003259092167019844  Rel. Test L2 Loss :  0.005823911726474762  Test L2 Loss :  0.004819566607475281  time :  24.017179012298584
Epoch :  438  Rel. Train L2 Loss :  0.003342526562511921  Rel. Test L2 Loss :  0.005815354995429516  Test L2 Loss :  0.0048124223574996  time :  23.97152042388916
Epoch :  439  Rel. Train L2 Loss :  0.0032324625737965105  Rel. Test L2 Loss :  0.005933531336486339  Test L2 Loss :  0.004910221584141255  time :  23.90952444076538
Epoch :  440  Rel. Train L2 Loss :  0.0031962030902504923  Rel. Test L2 Loss :  0.005844801776111126  Test L2 Loss :  0.004836622104048729  time :  23.925957679748535
Epoch :  441  Rel. Train L2 Loss :  0.003267697636038065  Rel. Test L2 Loss :  0.005853133648633957  Test L2 Loss :  0.004844108261168003  time :  23.96055579185486
Epoch :  442  Rel. Train L2 Loss :  0.0034650169909000396  Rel. Test L2 Loss :  0.005880917571485043  Test L2 Loss :  0.004866422154009342  time :  23.944234371185303
Epoch :  443  Rel. Train L2 Loss :  0.0032243138626217843  Rel. Test L2 Loss :  0.0058449114114046095  Test L2 Loss :  0.004837045408785343  time :  23.85845422744751
Epoch :  444  Rel. Train L2 Loss :  0.0031897393651306627  Rel. Test L2 Loss :  0.005852591432631016  Test L2 Loss :  0.004843633100390435  time :  23.835735082626343
Epoch :  445  Rel. Train L2 Loss :  0.003337031628936529  Rel. Test L2 Loss :  0.005815587863326073  Test L2 Loss :  0.004813018031418323  time :  23.794633150100708
Epoch :  446  Rel. Train L2 Loss :  0.0034400473050773144  Rel. Test L2 Loss :  0.006029202118515969  Test L2 Loss :  0.004989143349230289  time :  23.867878198623657
Epoch :  447  Rel. Train L2 Loss :  0.0034185297451913357  Rel. Test L2 Loss :  0.005846584513783455  Test L2 Loss :  0.004838049858808518  time :  23.944823026657104
Epoch :  448  Rel. Train L2 Loss :  0.003188234329223633  Rel. Test L2 Loss :  0.005918589159846306  Test L2 Loss :  0.004898539036512375  time :  23.97322177886963
Epoch :  449  Rel. Train L2 Loss :  0.003209788303822279  Rel. Test L2 Loss :  0.005765425562858581  Test L2 Loss :  0.0047715499624609945  time :  23.83405828475952
Epoch :  450  Rel. Train L2 Loss :  0.003116261214017868  Rel. Test L2 Loss :  0.005760940574109554  Test L2 Loss :  0.004767743796110153  time :  23.86074137687683
Epoch :  451  Rel. Train L2 Loss :  0.0031021118387579917  Rel. Test L2 Loss :  0.005784472934901714  Test L2 Loss :  0.004787236824631691  time :  23.85367202758789
Epoch :  452  Rel. Train L2 Loss :  0.003137527383863926  Rel. Test L2 Loss :  0.005790628083050251  Test L2 Loss :  0.004792729206383228  time :  23.876630783081055
Epoch :  453  Rel. Train L2 Loss :  0.0031165672801434993  Rel. Test L2 Loss :  0.005864192992448807  Test L2 Loss :  0.0048536301776766775  time :  23.916163206100464
Epoch :  454  Rel. Train L2 Loss :  0.003073397062718868  Rel. Test L2 Loss :  0.005777178630232811  Test L2 Loss :  0.004781932309269905  time :  23.96934986114502
Epoch :  455  Rel. Train L2 Loss :  0.0030618556626141073  Rel. Test L2 Loss :  0.005789434723556042  Test L2 Loss :  0.004791773296892643  time :  23.9160053730011
Epoch :  456  Rel. Train L2 Loss :  0.0031102106273174284  Rel. Test L2 Loss :  0.005855993181467056  Test L2 Loss :  0.004846496656537056  time :  23.953208923339844
Epoch :  457  Rel. Train L2 Loss :  0.0030656520165503027  Rel. Test L2 Loss :  0.005729615837335587  Test L2 Loss :  0.00474193811416626  time :  23.958904504776
Epoch :  458  Rel. Train L2 Loss :  0.003051822889596224  Rel. Test L2 Loss :  0.005765745714306832  Test L2 Loss :  0.004772061258554458  time :  23.90801692008972
Epoch :  459  Rel. Train L2 Loss :  0.0030542880482971667  Rel. Test L2 Loss :  0.005766329020261764  Test L2 Loss :  0.004772358313202858  time :  23.918404579162598
Epoch :  460  Rel. Train L2 Loss :  0.0030385447703301905  Rel. Test L2 Loss :  0.005720762126147747  Test L2 Loss :  0.004734833426773548  time :  23.96651268005371
Epoch :  461  Rel. Train L2 Loss :  0.0030340934507548808  Rel. Test L2 Loss :  0.005722537748515606  Test L2 Loss :  0.004736164137721061  time :  23.923266887664795
Epoch :  462  Rel. Train L2 Loss :  0.0030279538929462433  Rel. Test L2 Loss :  0.005736752860248089  Test L2 Loss :  0.004747859463095665  time :  23.91392707824707
Epoch :  463  Rel. Train L2 Loss :  0.0030100125931203365  Rel. Test L2 Loss :  0.005741122290492058  Test L2 Loss :  0.004751741476356983  time :  23.887622356414795
Epoch :  464  Rel. Train L2 Loss :  0.0030145456790924073  Rel. Test L2 Loss :  0.005722225420176983  Test L2 Loss :  0.004735887683928013  time :  24.239235401153564
Epoch :  465  Rel. Train L2 Loss :  0.003044082351028919  Rel. Test L2 Loss :  0.005713292844593525  Test L2 Loss :  0.004728446789085865  time :  23.895267963409424
Epoch :  466  Rel. Train L2 Loss :  0.002993711348623037  Rel. Test L2 Loss :  0.005775296986103058  Test L2 Loss :  0.004780202843248844  time :  23.929585218429565
Epoch :  467  Rel. Train L2 Loss :  0.0029890295527875426  Rel. Test L2 Loss :  0.0057446277514100075  Test L2 Loss :  0.004754927195608616  time :  23.97027087211609
Epoch :  468  Rel. Train L2 Loss :  0.0029655875861644746  Rel. Test L2 Loss :  0.005751705095171929  Test L2 Loss :  0.004760675691068172  time :  23.953834295272827
Epoch :  469  Rel. Train L2 Loss :  0.002979341920465231  Rel. Test L2 Loss :  0.005699073821306229  Test L2 Loss :  0.00471687950193882  time :  23.89237332344055
Epoch :  470  Rel. Train L2 Loss :  0.0029414698109030725  Rel. Test L2 Loss :  0.005744259394705295  Test L2 Loss :  0.004754463694989681  time :  23.917012691497803
Epoch :  471  Rel. Train L2 Loss :  0.0029554734341800215  Rel. Test L2 Loss :  0.005776803195476532  Test L2 Loss :  0.004781153090298176  time :  23.888079404830933
Epoch :  472  Rel. Train L2 Loss :  0.0029544545412063597  Rel. Test L2 Loss :  0.005707117468118667  Test L2 Loss :  0.004723709858953953  time :  23.928321361541748
Epoch :  473  Rel. Train L2 Loss :  0.00296280911937356  Rel. Test L2 Loss :  0.0057087882608175275  Test L2 Loss :  0.004725209958851337  time :  23.928772926330566
Epoch :  474  Rel. Train L2 Loss :  0.0029442236609756945  Rel. Test L2 Loss :  0.005807551629841328  Test L2 Loss :  0.00480698324739933  time :  23.975245475769043
Epoch :  475  Rel. Train L2 Loss :  0.0029337360709905625  Rel. Test L2 Loss :  0.005740604512393475  Test L2 Loss :  0.004751356095075607  time :  23.947468042373657
Epoch :  476  Rel. Train L2 Loss :  0.0029246246255934237  Rel. Test L2 Loss :  0.005719442963600159  Test L2 Loss :  0.004733805879950524  time :  23.89002823829651
Epoch :  477  Rel. Train L2 Loss :  0.0029187456741929054  Rel. Test L2 Loss :  0.005725012682378292  Test L2 Loss :  0.004738589823246002  time :  23.884666204452515
Epoch :  478  Rel. Train L2 Loss :  0.002909829292446375  Rel. Test L2 Loss :  0.00570755623281002  Test L2 Loss :  0.00472394946962595  time :  23.891294240951538
Epoch :  479  Rel. Train L2 Loss :  0.002912436414510012  Rel. Test L2 Loss :  0.005705652683973312  Test L2 Loss :  0.004722618199884891  time :  23.899780988693237
Epoch :  480  Rel. Train L2 Loss :  0.002916576001793146  Rel. Test L2 Loss :  0.005733190178871155  Test L2 Loss :  0.004745353125035763  time :  23.91358995437622
Epoch :  481  Rel. Train L2 Loss :  0.0029054601714015005  Rel. Test L2 Loss :  0.005689050331711769  Test L2 Loss :  0.004708793461322785  time :  23.966376066207886
Epoch :  482  Rel. Train L2 Loss :  0.0029051556549966337  Rel. Test L2 Loss :  0.005697199366986752  Test L2 Loss :  0.004715623930096626  time :  23.961954832077026
Epoch :  483  Rel. Train L2 Loss :  0.002905316136777401  Rel. Test L2 Loss :  0.005695532038807869  Test L2 Loss :  0.004714205674827099  time :  23.88046956062317
Epoch :  484  Rel. Train L2 Loss :  0.002909374810755253  Rel. Test L2 Loss :  0.0057152464240789414  Test L2 Loss :  0.004730386100709439  time :  23.93373131752014
Epoch :  485  Rel. Train L2 Loss :  0.002895912628620863  Rel. Test L2 Loss :  0.0056825756654143335  Test L2 Loss :  0.004703395925462246  time :  23.922799348831177
Epoch :  486  Rel. Train L2 Loss :  0.002893807478249073  Rel. Test L2 Loss :  0.005712729245424271  Test L2 Loss :  0.004728349223732949  time :  23.919162034988403
Epoch :  487  Rel. Train L2 Loss :  0.002889201045036316  Rel. Test L2 Loss :  0.005716556273400783  Test L2 Loss :  0.004731641598045826  time :  23.944955110549927
Epoch :  488  Rel. Train L2 Loss :  0.002888834472745657  Rel. Test L2 Loss :  0.0056915562227368354  Test L2 Loss :  0.00471091665327549  time :  23.915935277938843
Epoch :  489  Rel. Train L2 Loss :  0.002882886108011007  Rel. Test L2 Loss :  0.005697939358651638  Test L2 Loss :  0.004716248586773873  time :  23.918240070343018
Epoch :  490  Rel. Train L2 Loss :  0.0028806399703025817  Rel. Test L2 Loss :  0.005701815821230412  Test L2 Loss :  0.004719383455812931  time :  23.86285662651062
Epoch :  491  Rel. Train L2 Loss :  0.002880206272006035  Rel. Test L2 Loss :  0.005703156925737858  Test L2 Loss :  0.0047205675765872  time :  23.90388512611389
Epoch :  492  Rel. Train L2 Loss :  0.0028876861594617368  Rel. Test L2 Loss :  0.005696116611361503  Test L2 Loss :  0.004714638963341713  time :  23.8730628490448
Epoch :  493  Rel. Train L2 Loss :  0.0028826048374176027  Rel. Test L2 Loss :  0.005710889101028443  Test L2 Loss :  0.004726691171526909  time :  23.917647123336792
Epoch :  494  Rel. Train L2 Loss :  0.002887666881084442  Rel. Test L2 Loss :  0.005720544569194317  Test L2 Loss :  0.0047350038588047025  time :  23.95964217185974
Epoch :  495  Rel. Train L2 Loss :  0.002876419011503458  Rel. Test L2 Loss :  0.005712168850004673  Test L2 Loss :  0.004727945514023304  time :  23.988970518112183
Epoch :  496  Rel. Train L2 Loss :  0.0028815449848771093  Rel. Test L2 Loss :  0.005694078058004379  Test L2 Loss :  0.004713093712925911  time :  23.98401379585266
Epoch :  497  Rel. Train L2 Loss :  0.0028732946142554284  Rel. Test L2 Loss :  0.005710010007023811  Test L2 Loss :  0.004726365469396115  time :  23.8853600025177
Epoch :  498  Rel. Train L2 Loss :  0.0028707798682153225  Rel. Test L2 Loss :  0.00572689563035965  Test L2 Loss :  0.004740109145641327  time :  23.84660243988037
Epoch :  499  Rel. Train L2 Loss :  0.002877209149301052  Rel. Test L2 Loss :  0.005685203559696674  Test L2 Loss :  0.004705650620162487  time :  23.89420223236084
