equal_weight: True
train_inv_L_scale: independently
lr_ratio: 10
batch_size: 10
Casting to tensor
In PCNO_train, ndims =  1
Epoch :  0  Time:  63.579  Rel. Train L2 Loss :  0.22715574097633362  Rel. Test L2 Loss :  0.13664896825949352  Test L2 Loss :  0.065715658167998  inv_L_scale:  [1.003]
Epoch :  1  Time:  51.959  Rel. Train L2 Loss :  0.1805804504553477  Rel. Test L2 Loss :  0.062251005868117014  Test L2 Loss :  0.029958075831333798  inv_L_scale:  [1.024]
Epoch :  2  Time:  52.047  Rel. Train L2 Loss :  0.1490723177989324  Rel. Test L2 Loss :  0.054176698525746664  Test L2 Loss :  0.026076719711224237  inv_L_scale:  [1.02]
Epoch :  3  Time:  52.034  Rel. Train L2 Loss :  0.12235188949108124  Rel. Test L2 Loss :  0.04649410997827848  Test L2 Loss :  0.022409062584241232  inv_L_scale:  [1.014]
Epoch :  4  Time:  52.079  Rel. Train L2 Loss :  0.10607173573970795  Rel. Test L2 Loss :  0.043725667397181193  Test L2 Loss :  0.021074831982453666  inv_L_scale:  [1.01]
Epoch :  5  Time:  52.014  Rel. Train L2 Loss :  0.10926584053039551  Rel. Test L2 Loss :  0.04754185453057289  Test L2 Loss :  0.022884744306405386  inv_L_scale:  [1.016]
Epoch :  6  Time:  52.407  Rel. Train L2 Loss :  0.11163018771012624  Rel. Test L2 Loss :  0.04469382494688034  Test L2 Loss :  0.02152390239139398  inv_L_scale:  [1.013]
Epoch :  7  Time:  52.284  Rel. Train L2 Loss :  0.09769354355335236  Rel. Test L2 Loss :  0.04175129453341166  Test L2 Loss :  0.020087295373280842  inv_L_scale:  [1.004]
Epoch :  8  Time:  51.899  Rel. Train L2 Loss :  0.09768468926350275  Rel. Test L2 Loss :  0.044802660197019575  Test L2 Loss :  0.02157506341735522  inv_L_scale:  [1.015]
Epoch :  9  Time:  52.534  Rel. Train L2 Loss :  0.08885205272833506  Rel. Test L2 Loss :  0.0398369641105334  Test L2 Loss :  0.01916225716471672  inv_L_scale:  [1.004]
Epoch :  10  Time:  51.867  Rel. Train L2 Loss :  0.09177400863170623  Rel. Test L2 Loss :  0.04185395906368891  Test L2 Loss :  0.020152767797311146  inv_L_scale:  [0.985]
Epoch :  11  Time:  52.146  Rel. Train L2 Loss :  0.09336638371149698  Rel. Test L2 Loss :  0.0415363173186779  Test L2 Loss :  0.019979774728417398  inv_L_scale:  [0.967]
Epoch :  12  Time:  51.742  Rel. Train L2 Loss :  0.091632550517718  Rel. Test L2 Loss :  0.03964154208699862  Test L2 Loss :  0.019068604509035747  inv_L_scale:  [0.986]
Epoch :  13  Time:  51.895  Rel. Train L2 Loss :  0.08466284296909968  Rel. Test L2 Loss :  0.04121095140775045  Test L2 Loss :  0.019822679460048676  inv_L_scale:  [0.99]
Epoch :  14  Time:  51.946  Rel. Train L2 Loss :  0.08302277533213298  Rel. Test L2 Loss :  0.042895394414663314  Test L2 Loss :  0.0206633481134971  inv_L_scale:  [0.974]
Epoch :  15  Time:  51.775  Rel. Train L2 Loss :  0.08384258311986924  Rel. Test L2 Loss :  0.041873926719029744  Test L2 Loss :  0.02018410195906957  inv_L_scale:  [0.969]
Epoch :  16  Time:  51.974  Rel. Train L2 Loss :  0.08374671814839045  Rel. Test L2 Loss :  0.041296136677265165  Test L2 Loss :  0.019893647929032643  inv_L_scale:  [0.966]
Epoch :  17  Time:  51.853  Rel. Train L2 Loss :  0.08198488402366638  Rel. Test L2 Loss :  0.0419202122092247  Test L2 Loss :  0.020176075771450995  inv_L_scale:  [0.965]
Epoch :  18  Time:  52.292  Rel. Train L2 Loss :  0.08206838031609853  Rel. Test L2 Loss :  0.042465968330701195  Test L2 Loss :  0.020457404653231304  inv_L_scale:  [0.966]
Epoch :  19  Time:  52.04  Rel. Train L2 Loss :  0.08764201804002127  Rel. Test L2 Loss :  0.04625948995351791  Test L2 Loss :  0.022277886793017388  inv_L_scale:  [0.962]
Epoch :  20  Time:  52.068  Rel. Train L2 Loss :  0.0871591392358144  Rel. Test L2 Loss :  0.04155565028389295  Test L2 Loss :  0.020013638883829118  inv_L_scale:  [0.963]
Epoch :  21  Time:  51.756  Rel. Train L2 Loss :  0.08281909847259522  Rel. Test L2 Loss :  0.043690979580084485  Test L2 Loss :  0.021061076919237774  inv_L_scale:  [0.944]
Epoch :  22  Time:  51.385  Rel. Train L2 Loss :  0.08220747089385987  Rel. Test L2 Loss :  0.045965818713108696  Test L2 Loss :  0.02213020736972491  inv_L_scale:  [0.953]
Epoch :  23  Time:  51.167  Rel. Train L2 Loss :  0.08224968347946802  Rel. Test L2 Loss :  0.04204032897949219  Test L2 Loss :  0.020264272664984068  inv_L_scale:  [0.919]
Epoch :  24  Time:  50.866  Rel. Train L2 Loss :  0.08371973222494125  Rel. Test L2 Loss :  0.04396799643834432  Test L2 Loss :  0.021188156406084697  inv_L_scale:  [0.917]
Epoch :  25  Time:  50.885  Rel. Train L2 Loss :  0.08210133284330368  Rel. Test L2 Loss :  0.04355120187004407  Test L2 Loss :  0.02099015528957049  inv_L_scale:  [0.894]
Epoch :  26  Time:  51.025  Rel. Train L2 Loss :  0.08136418694257737  Rel. Test L2 Loss :  0.04114807213346163  Test L2 Loss :  0.01983537475268046  inv_L_scale:  [0.903]
Epoch :  27  Time:  50.789  Rel. Train L2 Loss :  0.08031127887964248  Rel. Test L2 Loss :  0.03929774930079778  Test L2 Loss :  0.01892465169231097  inv_L_scale:  [0.895]
Epoch :  28  Time:  51.156  Rel. Train L2 Loss :  0.08676456995805104  Rel. Test L2 Loss :  0.04083478639523188  Test L2 Loss :  0.01967321741084258  inv_L_scale:  [0.877]
Epoch :  29  Time:  51.125  Rel. Train L2 Loss :  0.08318981665372849  Rel. Test L2 Loss :  0.04189127663771312  Test L2 Loss :  0.02017783249417941  inv_L_scale:  [0.882]
Epoch :  30  Time:  50.943  Rel. Train L2 Loss :  0.07943229911724727  Rel. Test L2 Loss :  0.03857927719751994  Test L2 Loss :  0.018598297710220018  inv_L_scale:  [0.892]
Epoch :  31  Time:  51.224  Rel. Train L2 Loss :  0.07405511446793873  Rel. Test L2 Loss :  0.03731106410423914  Test L2 Loss :  0.01798946167031924  inv_L_scale:  [0.896]
Epoch :  32  Time:  51.394  Rel. Train L2 Loss :  0.07646157324314118  Rel. Test L2 Loss :  0.037974524994691214  Test L2 Loss :  0.018305252095063528  inv_L_scale:  [0.9]
Epoch :  33  Time:  51.096  Rel. Train L2 Loss :  0.07471018751462301  Rel. Test L2 Loss :  0.036780559221903486  Test L2 Loss :  0.017734408155083658  inv_L_scale:  [0.912]
Epoch :  34  Time:  50.8  Rel. Train L2 Loss :  0.08040941015879313  Rel. Test L2 Loss :  0.035795738995075224  Test L2 Loss :  0.017248164266347885  inv_L_scale:  [0.923]
Epoch :  35  Time:  51.024  Rel. Train L2 Loss :  0.07702425120274226  Rel. Test L2 Loss :  0.03688297872742017  Test L2 Loss :  0.01773729905486107  inv_L_scale:  [0.908]
Epoch :  36  Time:  51.089  Rel. Train L2 Loss :  0.07665786582231522  Rel. Test L2 Loss :  0.039173642297585805  Test L2 Loss :  0.018851681724190713  inv_L_scale:  [0.903]
Epoch :  37  Time:  51.191  Rel. Train L2 Loss :  0.07399489231904348  Rel. Test L2 Loss :  0.03623856335878372  Test L2 Loss :  0.017464829112092652  inv_L_scale:  [0.902]
Epoch :  38  Time:  51.075  Rel. Train L2 Loss :  0.07489936302105586  Rel. Test L2 Loss :  0.03484559247891108  Test L2 Loss :  0.016775945698221526  inv_L_scale:  [0.926]
Epoch :  39  Time:  51.183  Rel. Train L2 Loss :  0.07575880394379297  Rel. Test L2 Loss :  0.037391489495833714  Test L2 Loss :  0.0180181456108888  inv_L_scale:  [0.897]
Epoch :  40  Time:  50.98  Rel. Train L2 Loss :  0.07794077428181966  Rel. Test L2 Loss :  0.03809724181890488  Test L2 Loss :  0.018321832741300264  inv_L_scale:  [0.88]
Epoch :  41  Time:  50.941  Rel. Train L2 Loss :  0.07814866318305333  Rel. Test L2 Loss :  0.04166597957412402  Test L2 Loss :  0.020076766485969226  inv_L_scale:  [0.875]
Epoch :  42  Time:  51.056  Rel. Train L2 Loss :  0.07486647659540177  Rel. Test L2 Loss :  0.03721766551335653  Test L2 Loss :  0.017893534526228903  inv_L_scale:  [0.877]
Epoch :  43  Time:  50.974  Rel. Train L2 Loss :  0.07625981171925862  Rel. Test L2 Loss :  0.03836632971962293  Test L2 Loss :  0.018473782713214558  inv_L_scale:  [0.873]
Epoch :  44  Time:  51.086  Rel. Train L2 Loss :  0.07843472985426585  Rel. Test L2 Loss :  0.04556190381447474  Test L2 Loss :  0.021927619005242982  inv_L_scale:  [0.871]
Epoch :  45  Time:  51.041  Rel. Train L2 Loss :  0.07925181943178176  Rel. Test L2 Loss :  0.03872636949022611  Test L2 Loss :  0.018641632695992786  inv_L_scale:  [0.875]
Epoch :  46  Time:  51.024  Rel. Train L2 Loss :  0.07711528752247493  Rel. Test L2 Loss :  0.03552620574831963  Test L2 Loss :  0.01710443598528703  inv_L_scale:  [0.859]
Epoch :  47  Time:  50.991  Rel. Train L2 Loss :  0.07618756383657456  Rel. Test L2 Loss :  0.03714880342284838  Test L2 Loss :  0.01784899055957794  inv_L_scale:  [0.865]
Epoch :  48  Time:  51.209  Rel. Train L2 Loss :  0.0786311602195104  Rel. Test L2 Loss :  0.0370507538318634  Test L2 Loss :  0.01781651901702086  inv_L_scale:  [0.876]
Epoch :  49  Time:  51.084  Rel. Train L2 Loss :  0.08101549990971883  Rel. Test L2 Loss :  0.040165259887774786  Test L2 Loss :  0.01931062454978625  inv_L_scale:  [0.933]
Epoch :  50  Time:  51.083  Rel. Train L2 Loss :  0.08327474735180537  Rel. Test L2 Loss :  0.03744838590423266  Test L2 Loss :  0.018025232379635176  inv_L_scale:  [0.935]
Epoch :  51  Time:  51.01  Rel. Train L2 Loss :  0.07942764163017273  Rel. Test L2 Loss :  0.03649527132511139  Test L2 Loss :  0.017548760349551835  inv_L_scale:  [0.935]
Epoch :  52  Time:  51.118  Rel. Train L2 Loss :  0.07541081649065018  Rel. Test L2 Loss :  0.034685531506935756  Test L2 Loss :  0.016702755118409792  inv_L_scale:  [0.948]
Epoch :  53  Time:  50.922  Rel. Train L2 Loss :  0.07693414157629012  Rel. Test L2 Loss :  0.037154314865668614  Test L2 Loss :  0.017885280276338258  inv_L_scale:  [0.965]
Epoch :  54  Time:  50.865  Rel. Train L2 Loss :  0.07417332955201467  Rel. Test L2 Loss :  0.03392638569076856  Test L2 Loss :  0.016325441574056944  inv_L_scale:  [0.971]
Epoch :  55  Time:  51.149  Rel. Train L2 Loss :  0.07509340683619181  Rel. Test L2 Loss :  0.03700100193421046  Test L2 Loss :  0.017831352253754932  inv_L_scale:  [0.955]
Epoch :  56  Time:  50.713  Rel. Train L2 Loss :  0.0768173519174258  Rel. Test L2 Loss :  0.036835979868968326  Test L2 Loss :  0.017756162136793138  inv_L_scale:  [0.955]
Epoch :  57  Time:  51.341  Rel. Train L2 Loss :  0.07759524963299433  Rel. Test L2 Loss :  0.0386426421503226  Test L2 Loss :  0.018601954927047092  inv_L_scale:  [0.908]
Epoch :  58  Time:  50.874  Rel. Train L2 Loss :  0.07495127973953883  Rel. Test L2 Loss :  0.037038561701774594  Test L2 Loss :  0.01783591367304325  inv_L_scale:  [0.898]
Epoch :  59  Time:  51.079  Rel. Train L2 Loss :  0.0773950003782908  Rel. Test L2 Loss :  0.03595810780922572  Test L2 Loss :  0.017307847912112873  inv_L_scale:  [0.859]
Epoch :  60  Time:  51.154  Rel. Train L2 Loss :  0.08134071524937947  Rel. Test L2 Loss :  0.04194986820220947  Test L2 Loss :  0.020173880954583487  inv_L_scale:  [0.865]
Epoch :  61  Time:  51.146  Rel. Train L2 Loss :  0.09028717362880707  Rel. Test L2 Loss :  0.04438055942455928  Test L2 Loss :  0.02135588655869166  inv_L_scale:  [0.857]
Epoch :  62  Time:  51.167  Rel. Train L2 Loss :  0.09001305067539216  Rel. Test L2 Loss :  0.037189110815525055  Test L2 Loss :  0.017919859488805135  inv_L_scale:  [0.851]
Epoch :  63  Time:  51.328  Rel. Train L2 Loss :  0.08216446695725123  Rel. Test L2 Loss :  0.041830374896526336  Test L2 Loss :  0.020125293582677842  inv_L_scale:  [0.853]
Epoch :  64  Time:  51.09  Rel. Train L2 Loss :  0.08051914801200231  Rel. Test L2 Loss :  0.039514951358238855  Test L2 Loss :  0.01898853190243244  inv_L_scale:  [0.818]
Epoch :  65  Time:  51.126  Rel. Train L2 Loss :  0.07745642252763113  Rel. Test L2 Loss :  0.035604395320018134  Test L2 Loss :  0.017147676597038905  inv_L_scale:  [0.815]
Epoch :  66  Time:  51.434  Rel. Train L2 Loss :  0.07938786633809408  Rel. Test L2 Loss :  0.038550037890672684  Test L2 Loss :  0.018530778661370276  inv_L_scale:  [0.805]
Epoch :  67  Time:  51.014  Rel. Train L2 Loss :  0.08554506709178289  Rel. Test L2 Loss :  0.040995580852031706  Test L2 Loss :  0.019674056420723597  inv_L_scale:  [0.791]
Epoch :  68  Time:  50.952  Rel. Train L2 Loss :  0.07900169312953949  Rel. Test L2 Loss :  0.03793840552369754  Test L2 Loss :  0.018233379026254017  inv_L_scale:  [0.787]
Epoch :  69  Time:  50.969  Rel. Train L2 Loss :  0.07813249194622039  Rel. Test L2 Loss :  0.038085632622241974  Test L2 Loss :  0.018342944979667663  inv_L_scale:  [0.791]
Epoch :  70  Time:  51.168  Rel. Train L2 Loss :  0.08434375353654226  Rel. Test L2 Loss :  0.039358460356791816  Test L2 Loss :  0.018945366367697714  inv_L_scale:  [0.784]
Epoch :  71  Time:  51.161  Rel. Train L2 Loss :  0.07996358086665471  Rel. Test L2 Loss :  0.04102704331278801  Test L2 Loss :  0.019704689532518388  inv_L_scale:  [0.803]
Epoch :  72  Time:  51.245  Rel. Train L2 Loss :  0.08141189082463582  Rel. Test L2 Loss :  0.03984416842460632  Test L2 Loss :  0.019186820760369303  inv_L_scale:  [0.829]
Epoch :  73  Time:  51.333  Rel. Train L2 Loss :  0.0753084220290184  Rel. Test L2 Loss :  0.03737240418791771  Test L2 Loss :  0.017958622500300406  inv_L_scale:  [0.823]
Epoch :  74  Time:  51.429  Rel. Train L2 Loss :  0.07572194594144821  Rel. Test L2 Loss :  0.03586315919955572  Test L2 Loss :  0.017254294380545616  inv_L_scale:  [0.816]
Epoch :  75  Time:  55.52  Rel. Train L2 Loss :  0.07331287306547164  Rel. Test L2 Loss :  0.037208786060412724  Test L2 Loss :  0.017924478699763616  inv_L_scale:  [0.815]
Epoch :  76  Time:  51.057  Rel. Train L2 Loss :  0.07387947030862173  Rel. Test L2 Loss :  0.039457710335652034  Test L2 Loss :  0.018988027051091195  inv_L_scale:  [0.817]
Epoch :  77  Time:  51.238  Rel. Train L2 Loss :  0.08127579359213512  Rel. Test L2 Loss :  0.040962825119495394  Test L2 Loss :  0.019690247774124144  inv_L_scale:  [0.829]
Epoch :  78  Time:  51.135  Rel. Train L2 Loss :  0.08063377664486567  Rel. Test L2 Loss :  0.046175054460763934  Test L2 Loss :  0.02221486727396647  inv_L_scale:  [0.848]
Epoch :  79  Time:  51.217  Rel. Train L2 Loss :  0.07816093603769939  Rel. Test L2 Loss :  0.03578114589055379  Test L2 Loss :  0.017186991522709527  inv_L_scale:  [0.837]
Epoch :  80  Time:  51.019  Rel. Train L2 Loss :  0.0869511246283849  Rel. Test L2 Loss :  0.03999595562616984  Test L2 Loss :  0.019251456782221794  inv_L_scale:  [0.829]
Epoch :  81  Time:  51.293  Rel. Train L2 Loss :  0.08180818172295888  Rel. Test L2 Loss :  0.044723286032676696  Test L2 Loss :  0.021530644918481508  inv_L_scale:  [0.84]
Epoch :  82  Time:  51.19  Rel. Train L2 Loss :  0.07993698161840439  Rel. Test L2 Loss :  0.03474954088528951  Test L2 Loss :  0.016705795427163442  inv_L_scale:  [0.852]
Epoch :  83  Time:  50.969  Rel. Train L2 Loss :  0.07992646565039953  Rel. Test L2 Loss :  0.03614602327346802  Test L2 Loss :  0.01740829455355803  inv_L_scale:  [0.858]
Epoch :  84  Time:  51.118  Rel. Train L2 Loss :  0.0784067828853925  Rel. Test L2 Loss :  0.04039431899785995  Test L2 Loss :  0.01947899118065834  inv_L_scale:  [0.846]
Epoch :  85  Time:  50.988  Rel. Train L2 Loss :  0.07906008271376291  Rel. Test L2 Loss :  0.0371336717903614  Test L2 Loss :  0.0178984251866738  inv_L_scale:  [0.796]
Epoch :  86  Time:  51.077  Rel. Train L2 Loss :  0.07679027970631917  Rel. Test L2 Loss :  0.0340802567700545  Test L2 Loss :  0.01640237500270208  inv_L_scale:  [0.773]
Epoch :  87  Time:  51.079  Rel. Train L2 Loss :  0.0844311981399854  Rel. Test L2 Loss :  0.034602835178375244  Test L2 Loss :  0.01665082755188147  inv_L_scale:  [0.778]
Epoch :  88  Time:  51.229  Rel. Train L2 Loss :  0.07680851517120997  Rel. Test L2 Loss :  0.03845665132006009  Test L2 Loss :  0.01852195344865322  inv_L_scale:  [0.841]
Epoch :  89  Time:  50.919  Rel. Train L2 Loss :  0.0954169426759084  Rel. Test L2 Loss :  0.03878025730450948  Test L2 Loss :  0.018689887449145317  inv_L_scale:  [0.847]
Epoch :  90  Time:  51.21  Rel. Train L2 Loss :  0.10053310010830561  Rel. Test L2 Loss :  0.047090754608313246  Test L2 Loss :  0.022681317056218783  inv_L_scale:  [0.839]
Epoch :  91  Time:  51.175  Rel. Train L2 Loss :  0.08076969701051712  Rel. Test L2 Loss :  0.040161100725332896  Test L2 Loss :  0.019387620811661083  inv_L_scale:  [0.842]
Epoch :  92  Time:  51.277  Rel. Train L2 Loss :  0.08255739351113638  Rel. Test L2 Loss :  0.03846095085144043  Test L2 Loss :  0.01855296696225802  inv_L_scale:  [0.83]
Epoch :  93  Time:  51.035  Rel. Train L2 Loss :  0.07798538734515507  Rel. Test L2 Loss :  0.03675304089983304  Test L2 Loss :  0.017732150827844937  inv_L_scale:  [0.883]
Epoch :  94  Time:  51.142  Rel. Train L2 Loss :  0.07622312396764755  Rel. Test L2 Loss :  0.03412921627362569  Test L2 Loss :  0.016446915591756504  inv_L_scale:  [0.843]
Epoch :  95  Time:  51.191  Rel. Train L2 Loss :  0.0748228994011879  Rel. Test L2 Loss :  0.032886051088571545  Test L2 Loss :  0.015840587789813676  inv_L_scale:  [0.858]
Epoch :  96  Time:  50.85  Rel. Train L2 Loss :  0.07479800872008006  Rel. Test L2 Loss :  0.03472792992989222  Test L2 Loss :  0.016755221411585808  inv_L_scale:  [0.863]
Epoch :  97  Time:  50.852  Rel. Train L2 Loss :  0.07952127265930176  Rel. Test L2 Loss :  0.03689982776840528  Test L2 Loss :  0.017832685634493826  inv_L_scale:  [0.813]
Epoch :  98  Time:  51.209  Rel. Train L2 Loss :  0.07704648802677791  Rel. Test L2 Loss :  0.03441954930623373  Test L2 Loss :  0.016635296593109767  inv_L_scale:  [0.826]
Epoch :  99  Time:  50.936  Rel. Train L2 Loss :  0.07781688211361568  Rel. Test L2 Loss :  0.03614423289895058  Test L2 Loss :  0.01745060068865617  inv_L_scale:  [0.853]
Epoch :  100  Time:  51.26  Rel. Train L2 Loss :  0.07644543296098709  Rel. Test L2 Loss :  0.035979792028665546  Test L2 Loss :  0.017318672786156338  inv_L_scale:  [0.903]
Epoch :  101  Time:  50.874  Rel. Train L2 Loss :  0.07720616259177526  Rel. Test L2 Loss :  0.038397178202867505  Test L2 Loss :  0.0184801288942496  inv_L_scale:  [0.918]
Epoch :  102  Time:  50.831  Rel. Train L2 Loss :  0.07859490595261256  Rel. Test L2 Loss :  0.036640142699082695  Test L2 Loss :  0.017657108157873153  inv_L_scale:  [0.93]
Epoch :  103  Time:  50.815  Rel. Train L2 Loss :  0.07831618477900823  Rel. Test L2 Loss :  0.03849344233671824  Test L2 Loss :  0.01853636366625627  inv_L_scale:  [0.879]
Epoch :  104  Time:  51.287  Rel. Train L2 Loss :  0.07314542371034623  Rel. Test L2 Loss :  0.03419897432128589  Test L2 Loss :  0.016498627265294392  inv_L_scale:  [0.911]
Epoch :  105  Time:  51.14  Rel. Train L2 Loss :  0.07666317967573802  Rel. Test L2 Loss :  0.04277700940767924  Test L2 Loss :  0.020604309812188148  inv_L_scale:  [0.867]
Epoch :  106  Time:  51.048  Rel. Train L2 Loss :  0.07588480971256892  Rel. Test L2 Loss :  0.034255490650733314  Test L2 Loss :  0.01651792325079441  inv_L_scale:  [0.865]
Epoch :  107  Time:  51.128  Rel. Train L2 Loss :  0.07782504298289616  Rel. Test L2 Loss :  0.04066487491130829  Test L2 Loss :  0.01957767682770888  inv_L_scale:  [0.842]
Epoch :  108  Time:  51.196  Rel. Train L2 Loss :  0.08143894473711649  Rel. Test L2 Loss :  0.06046389003594716  Test L2 Loss :  0.029053456584612527  inv_L_scale:  [0.873]
Epoch :  109  Time:  51.206  Rel. Train L2 Loss :  0.09002704677979151  Rel. Test L2 Loss :  0.03956244066357613  Test L2 Loss :  0.01903682480255763  inv_L_scale:  [0.896]
Epoch :  110  Time:  51.221  Rel. Train L2 Loss :  0.07939957346518835  Rel. Test L2 Loss :  0.039248901108900704  Test L2 Loss :  0.018911784142255784  inv_L_scale:  [0.891]
Epoch :  111  Time:  51.128  Rel. Train L2 Loss :  0.07817939001321793  Rel. Test L2 Loss :  0.05970344702402751  Test L2 Loss :  0.028750994950532915  inv_L_scale:  [0.919]
Epoch :  112  Time:  51.209  Rel. Train L2 Loss :  0.08204786054293314  Rel. Test L2 Loss :  0.04146599675218264  Test L2 Loss :  0.019972091764211653  inv_L_scale:  [0.893]
Epoch :  113  Time:  51.028  Rel. Train L2 Loss :  0.07760727739334107  Rel. Test L2 Loss :  0.03851701483130455  Test L2 Loss :  0.01854888988037904  inv_L_scale:  [0.882]
Epoch :  114  Time:  51.077  Rel. Train L2 Loss :  0.08247649369637171  Rel. Test L2 Loss :  0.04034903109073639  Test L2 Loss :  0.01945384939511617  inv_L_scale:  [0.877]
Epoch :  115  Time:  50.965  Rel. Train L2 Loss :  0.08057139911254248  Rel. Test L2 Loss :  0.045382192035516106  Test L2 Loss :  0.021892750908931096  inv_L_scale:  [0.866]
Epoch :  116  Time:  51.567  Rel. Train L2 Loss :  0.07632822863260905  Rel. Test L2 Loss :  0.03661069318652153  Test L2 Loss :  0.01765980305771033  inv_L_scale:  [0.861]
Epoch :  117  Time:  51.258  Rel. Train L2 Loss :  0.07651886330048244  Rel. Test L2 Loss :  0.04293173919121424  Test L2 Loss :  0.020680620322624844  inv_L_scale:  [0.851]
Epoch :  118  Time:  50.766  Rel. Train L2 Loss :  0.07450656578938167  Rel. Test L2 Loss :  0.03635851403077443  Test L2 Loss :  0.01752053439617157  inv_L_scale:  [0.85]
Epoch :  119  Time:  51.223  Rel. Train L2 Loss :  0.07567270165681839  Rel. Test L2 Loss :  0.06235047549009323  Test L2 Loss :  0.030007437467575074  inv_L_scale:  [0.846]
Epoch :  120  Time:  51.146  Rel. Train L2 Loss :  0.07900098528464636  Rel. Test L2 Loss :  0.04000163684288661  Test L2 Loss :  0.019222198501229287  inv_L_scale:  [0.892]
Epoch :  121  Time:  51.331  Rel. Train L2 Loss :  0.07540067561467488  Rel. Test L2 Loss :  0.04231979990998904  Test L2 Loss :  0.020366876497864724  inv_L_scale:  [0.861]
Epoch :  122  Time:  51.125  Rel. Train L2 Loss :  0.07865659191211065  Rel. Test L2 Loss :  0.040362098316351576  Test L2 Loss :  0.019379542469978334  inv_L_scale:  [0.84]
Epoch :  123  Time:  50.833  Rel. Train L2 Loss :  0.0783215296069781  Rel. Test L2 Loss :  0.03602680956323941  Test L2 Loss :  0.017356904223561287  inv_L_scale:  [0.843]
Epoch :  124  Time:  50.847  Rel. Train L2 Loss :  0.07421201427777609  Rel. Test L2 Loss :  0.04264715219537417  Test L2 Loss :  0.020470435271660488  inv_L_scale:  [0.864]
Epoch :  125  Time:  51.04  Rel. Train L2 Loss :  0.08547636397679646  Rel. Test L2 Loss :  0.035996506363153456  Test L2 Loss :  0.01733588710427284  inv_L_scale:  [0.875]
Epoch :  126  Time:  50.802  Rel. Train L2 Loss :  0.07896259367465973  Rel. Test L2 Loss :  0.03499477391441663  Test L2 Loss :  0.016855023403962454  inv_L_scale:  [0.893]
Epoch :  127  Time:  53.227  Rel. Train L2 Loss :  0.07642090181509653  Rel. Test L2 Loss :  0.035935470660527546  Test L2 Loss :  0.01730760934452216  inv_L_scale:  [0.912]
Epoch :  128  Time:  51.06  Rel. Train L2 Loss :  0.07416815408070883  Rel. Test L2 Loss :  0.03530454511443774  Test L2 Loss :  0.017009248112638792  inv_L_scale:  [0.894]
Epoch :  129  Time:  50.954  Rel. Train L2 Loss :  0.08126349063714346  Rel. Test L2 Loss :  0.03915664409597715  Test L2 Loss :  0.018865674386421838  inv_L_scale:  [0.806]
Epoch :  130  Time:  50.645  Rel. Train L2 Loss :  0.07566395167509715  Rel. Test L2 Loss :  0.033698430905739464  Test L2 Loss :  0.01625073509911696  inv_L_scale:  [0.801]
Epoch :  131  Time:  50.787  Rel. Train L2 Loss :  0.07910090762376785  Rel. Test L2 Loss :  0.03758421793580055  Test L2 Loss :  0.018087666009863217  inv_L_scale:  [0.772]
Epoch :  132  Time:  51.035  Rel. Train L2 Loss :  0.07874763204654057  Rel. Test L2 Loss :  0.03718743031223615  Test L2 Loss :  0.017885170876979828  inv_L_scale:  [0.755]
Epoch :  133  Time:  50.894  Rel. Train L2 Loss :  0.09112874958912531  Rel. Test L2 Loss :  0.04509273678064346  Test L2 Loss :  0.02172048233449459  inv_L_scale:  [0.714]
Epoch :  134  Time:  51.302  Rel. Train L2 Loss :  0.08476476895809174  Rel. Test L2 Loss :  0.04310206800699234  Test L2 Loss :  0.020757229179143907  inv_L_scale:  [0.731]
Epoch :  135  Time:  50.675  Rel. Train L2 Loss :  0.08264388132095336  Rel. Test L2 Loss :  0.040389398833115896  Test L2 Loss :  0.01946849375963211  inv_L_scale:  [0.731]
Epoch :  136  Time:  50.848  Rel. Train L2 Loss :  0.07836740811665853  Rel. Test L2 Loss :  0.04281780446569125  Test L2 Loss :  0.02061103460689386  inv_L_scale:  [0.735]
Epoch :  137  Time:  50.588  Rel. Train L2 Loss :  0.0782225331068039  Rel. Test L2 Loss :  0.03678429052233696  Test L2 Loss :  0.01771091322104136  inv_L_scale:  [0.768]
Epoch :  138  Time:  50.869  Rel. Train L2 Loss :  0.07630034913619359  Rel. Test L2 Loss :  0.03969717139999072  Test L2 Loss :  0.019101231371363003  inv_L_scale:  [0.768]
Epoch :  139  Time:  50.957  Rel. Train L2 Loss :  0.07883127593994141  Rel. Test L2 Loss :  0.06266071895758311  Test L2 Loss :  0.030158925503492355  inv_L_scale:  [0.808]
Epoch :  140  Time:  50.9  Rel. Train L2 Loss :  0.08452786127726238  Rel. Test L2 Loss :  0.039359957079092664  Test L2 Loss :  0.0189546071489652  inv_L_scale:  [0.813]
Epoch :  141  Time:  50.905  Rel. Train L2 Loss :  0.07697587424516678  Rel. Test L2 Loss :  0.03703964412212372  Test L2 Loss :  0.017824455400307974  inv_L_scale:  [0.816]
Epoch :  142  Time:  51.003  Rel. Train L2 Loss :  0.07946202872196834  Rel. Test L2 Loss :  0.036734009782473244  Test L2 Loss :  0.017692182064056396  inv_L_scale:  [0.794]
Epoch :  143  Time:  51.196  Rel. Train L2 Loss :  0.07786128328243891  Rel. Test L2 Loss :  0.05380648801724116  Test L2 Loss :  0.02597053791085879  inv_L_scale:  [0.805]
Epoch :  144  Time:  54.639  Rel. Train L2 Loss :  0.07933665378888448  Rel. Test L2 Loss :  0.0389185090859731  Test L2 Loss :  0.01872436804076036  inv_L_scale:  [0.78]
Epoch :  145  Time:  51.014  Rel. Train L2 Loss :  0.07747386646270751  Rel. Test L2 Loss :  0.03644605721036593  Test L2 Loss :  0.017497960850596427  inv_L_scale:  [0.782]
Epoch :  146  Time:  51.62  Rel. Train L2 Loss :  0.07790059326092402  Rel. Test L2 Loss :  0.03753617838025093  Test L2 Loss :  0.018043473462263742  inv_L_scale:  [0.748]
Epoch :  147  Time:  50.688  Rel. Train L2 Loss :  0.08015306025743485  Rel. Test L2 Loss :  0.051162163416544594  Test L2 Loss :  0.02461952398220698  inv_L_scale:  [0.748]
Epoch :  148  Time:  51.128  Rel. Train L2 Loss :  0.07746294111013413  Rel. Test L2 Loss :  0.03442575991153717  Test L2 Loss :  0.0165547443429629  inv_L_scale:  [0.752]
Epoch :  149  Time:  50.901  Rel. Train L2 Loss :  0.08222167327006658  Rel. Test L2 Loss :  0.04052684952815374  Test L2 Loss :  0.019459663132826488  inv_L_scale:  [0.74]
Epoch :  150  Time:  50.95  Rel. Train L2 Loss :  0.08258720334370931  Rel. Test L2 Loss :  0.04621698349714279  Test L2 Loss :  0.022236488088965417  inv_L_scale:  [0.719]
Epoch :  151  Time:  51.111  Rel. Train L2 Loss :  0.07842826783657074  Rel. Test L2 Loss :  0.03845640038450559  Test L2 Loss :  0.018494385356704394  inv_L_scale:  [0.724]
Epoch :  152  Time:  50.755  Rel. Train L2 Loss :  0.07647826333840688  Rel. Test L2 Loss :  0.03344535445173581  Test L2 Loss :  0.0160798866301775  inv_L_scale:  [0.706]
Epoch :  153  Time:  51.093  Rel. Train L2 Loss :  0.07604822117090225  Rel. Test L2 Loss :  0.03299954901138941  Test L2 Loss :  0.015865799412131308  inv_L_scale:  [0.732]
Epoch :  154  Time:  50.924  Rel. Train L2 Loss :  0.07399259813626607  Rel. Test L2 Loss :  0.03505150333046913  Test L2 Loss :  0.01688808540503184  inv_L_scale:  [0.728]
Epoch :  155  Time:  50.872  Rel. Train L2 Loss :  0.07246776495377223  Rel. Test L2 Loss :  0.034963160504897436  Test L2 Loss :  0.01687059668203195  inv_L_scale:  [0.714]
Epoch :  156  Time:  51.047  Rel. Train L2 Loss :  0.07888109276692072  Rel. Test L2 Loss :  0.03370897889137268  Test L2 Loss :  0.016218804841240247  inv_L_scale:  [0.719]
Epoch :  157  Time:  51.045  Rel. Train L2 Loss :  0.08199196916818619  Rel. Test L2 Loss :  0.03718593820929527  Test L2 Loss :  0.01791980966925621  inv_L_scale:  [0.698]
Epoch :  158  Time:  51.04  Rel. Train L2 Loss :  0.0757011413971583  Rel. Test L2 Loss :  0.03377571860949198  Test L2 Loss :  0.016274743874867756  inv_L_scale:  [0.7]
Epoch :  159  Time:  51.061  Rel. Train L2 Loss :  0.07578055896361668  Rel. Test L2 Loss :  0.03327180976668993  Test L2 Loss :  0.016030368730425834  inv_L_scale:  [0.701]
Epoch :  160  Time:  51.082  Rel. Train L2 Loss :  0.07499887895584106  Rel. Test L2 Loss :  0.03577264269193014  Test L2 Loss :  0.01722068158288797  inv_L_scale:  [0.696]
Epoch :  161  Time:  50.698  Rel. Train L2 Loss :  0.07479552918672562  Rel. Test L2 Loss :  0.035007380793492  Test L2 Loss :  0.016861512685815493  inv_L_scale:  [0.704]
Epoch :  162  Time:  51.169  Rel. Train L2 Loss :  0.07780023247003555  Rel. Test L2 Loss :  0.04247385164101918  Test L2 Loss :  0.020503194108605384  inv_L_scale:  [0.708]
Epoch :  163  Time:  50.88  Rel. Train L2 Loss :  0.0794317433834076  Rel. Test L2 Loss :  0.04432412107785543  Test L2 Loss :  0.02134228654205799  inv_L_scale:  [0.674]
Epoch :  164  Time:  50.964  Rel. Train L2 Loss :  0.07802985276778539  Rel. Test L2 Loss :  0.03348095566034317  Test L2 Loss :  0.016143194511532784  inv_L_scale:  [0.67]
Epoch :  165  Time:  51.57  Rel. Train L2 Loss :  0.07485852626959483  Rel. Test L2 Loss :  0.03534969791769981  Test L2 Loss :  0.017034044985969863  inv_L_scale:  [0.664]
Epoch :  166  Time:  52.498  Rel. Train L2 Loss :  0.0739742419719696  Rel. Test L2 Loss :  0.036782554239034655  Test L2 Loss :  0.017751806179682413  inv_L_scale:  [0.696]
Epoch :  167  Time:  51.673  Rel. Train L2 Loss :  0.07460039522250493  Rel. Test L2 Loss :  0.041777202934026716  Test L2 Loss :  0.020170524641871454  inv_L_scale:  [0.683]
Epoch :  168  Time:  52.014  Rel. Train L2 Loss :  0.07334867099920908  Rel. Test L2 Loss :  0.03365264574686686  Test L2 Loss :  0.016221981818477314  inv_L_scale:  [0.67]
Epoch :  169  Time:  52.108  Rel. Train L2 Loss :  0.07477102021376292  Rel. Test L2 Loss :  0.03200365657607714  Test L2 Loss :  0.015422508642077446  inv_L_scale:  [0.669]
Epoch :  170  Time:  52.218  Rel. Train L2 Loss :  0.07040401699145635  Rel. Test L2 Loss :  0.032434719602266945  Test L2 Loss :  0.01564282221098741  inv_L_scale:  [0.679]
Epoch :  171  Time:  52.233  Rel. Train L2 Loss :  0.07306643297274908  Rel. Test L2 Loss :  0.03859500060478846  Test L2 Loss :  0.018533491492271424  inv_L_scale:  [0.676]
Epoch :  172  Time:  51.895  Rel. Train L2 Loss :  0.07371573017040889  Rel. Test L2 Loss :  0.032954516609509786  Test L2 Loss :  0.015863825405637424  inv_L_scale:  [0.691]
Epoch :  173  Time:  52.277  Rel. Train L2 Loss :  0.07786385907729466  Rel. Test L2 Loss :  0.048918502678473794  Test L2 Loss :  0.023549371138215064  inv_L_scale:  [0.66]
Epoch :  174  Time:  51.586  Rel. Train L2 Loss :  0.0781220490137736  Rel. Test L2 Loss :  0.03636881281932195  Test L2 Loss :  0.01755358283718427  inv_L_scale:  [0.656]
Epoch :  175  Time:  51.757  Rel. Train L2 Loss :  0.07599495321512223  Rel. Test L2 Loss :  0.04751061091820399  Test L2 Loss :  0.02289494961500168  inv_L_scale:  [0.658]
Epoch :  176  Time:  51.943  Rel. Train L2 Loss :  0.07657637790838877  Rel. Test L2 Loss :  0.03609805449843407  Test L2 Loss :  0.017368175958593687  inv_L_scale:  [0.66]
Epoch :  177  Time:  51.863  Rel. Train L2 Loss :  0.07442378157377243  Rel. Test L2 Loss :  0.03405978510777156  Test L2 Loss :  0.01639490599433581  inv_L_scale:  [0.661]
Epoch :  178  Time:  51.883  Rel. Train L2 Loss :  0.07537262990077337  Rel. Test L2 Loss :  0.033890572090943656  Test L2 Loss :  0.016361569240689277  inv_L_scale:  [0.66]
Epoch :  179  Time:  51.983  Rel. Train L2 Loss :  0.0752401017745336  Rel. Test L2 Loss :  0.040517812271912895  Test L2 Loss :  0.019524371524651845  inv_L_scale:  [0.658]
Epoch :  180  Time:  51.65  Rel. Train L2 Loss :  0.0808267264564832  Rel. Test L2 Loss :  0.03569154913226764  Test L2 Loss :  0.01720076635479927  inv_L_scale:  [0.656]
Epoch :  181  Time:  51.585  Rel. Train L2 Loss :  0.07834297259648641  Rel. Test L2 Loss :  0.03435346965988477  Test L2 Loss :  0.01654096320271492  inv_L_scale:  [0.658]
Epoch :  182  Time:  52.069  Rel. Train L2 Loss :  0.0727650428811709  Rel. Test L2 Loss :  0.03536174014210701  Test L2 Loss :  0.01706814075509707  inv_L_scale:  [0.651]
Epoch :  183  Time:  52.245  Rel. Train L2 Loss :  0.0723355952501297  Rel. Test L2 Loss :  0.030609345585107802  Test L2 Loss :  0.014749067400892575  inv_L_scale:  [0.654]
Epoch :  184  Time:  51.996  Rel. Train L2 Loss :  0.07320540642738342  Rel. Test L2 Loss :  0.03299722875157992  Test L2 Loss :  0.015875380486249924  inv_L_scale:  [0.655]
Epoch :  185  Time:  51.878  Rel. Train L2 Loss :  0.07563842868804932  Rel. Test L2 Loss :  0.03553686514496803  Test L2 Loss :  0.01715249558289846  inv_L_scale:  [0.63]
Epoch :  186  Time:  51.839  Rel. Train L2 Loss :  0.07497058280309041  Rel. Test L2 Loss :  0.03276577721039454  Test L2 Loss :  0.01579198256134987  inv_L_scale:  [0.639]
Epoch :  187  Time:  51.769  Rel. Train L2 Loss :  0.07201783776283265  Rel. Test L2 Loss :  0.03397088035941124  Test L2 Loss :  0.016368731434146563  inv_L_scale:  [0.637]
Epoch :  188  Time:  51.618  Rel. Train L2 Loss :  0.07215167047580083  Rel. Test L2 Loss :  0.033303715536991754  Test L2 Loss :  0.01604680798947811  inv_L_scale:  [0.632]
Epoch :  189  Time:  51.865  Rel. Train L2 Loss :  0.0750959875981013  Rel. Test L2 Loss :  0.03677521849672  Test L2 Loss :  0.017718379820386567  inv_L_scale:  [0.632]
Epoch :  190  Time:  51.724  Rel. Train L2 Loss :  0.07748625421524048  Rel. Test L2 Loss :  0.03304501394430796  Test L2 Loss :  0.01591819919645786  inv_L_scale:  [0.629]
Epoch :  191  Time:  51.92  Rel. Train L2 Loss :  0.10673167006174723  Rel. Test L2 Loss :  0.05582721263170242  Test L2 Loss :  0.026860035359859466  inv_L_scale:  [0.631]
Epoch :  192  Time:  52.046  Rel. Train L2 Loss :  0.0811622026960055  Rel. Test L2 Loss :  0.039220494031906125  Test L2 Loss :  0.018856768012046814  inv_L_scale:  [0.627]
Epoch :  193  Time:  52.815  Rel. Train L2 Loss :  0.07906802833080291  Rel. Test L2 Loss :  0.05342755168676376  Test L2 Loss :  0.025722149709860483  inv_L_scale:  [0.629]
Epoch :  194  Time:  52.02  Rel. Train L2 Loss :  0.08893286591768265  Rel. Test L2 Loss :  0.03828998059034348  Test L2 Loss :  0.018416148026784263  inv_L_scale:  [0.624]
Epoch :  195  Time:  51.721  Rel. Train L2 Loss :  0.07854291613896688  Rel. Test L2 Loss :  0.048039963642756145  Test L2 Loss :  0.023113847772280375  inv_L_scale:  [0.619]
Epoch :  196  Time:  51.761  Rel. Train L2 Loss :  0.07971389710903168  Rel. Test L2 Loss :  0.039750969906648  Test L2 Loss :  0.01911635898053646  inv_L_scale:  [0.614]
Epoch :  197  Time:  51.761  Rel. Train L2 Loss :  0.07789328608910243  Rel. Test L2 Loss :  0.03753413394093513  Test L2 Loss :  0.018044021278619767  inv_L_scale:  [0.623]
Epoch :  198  Time:  52.028  Rel. Train L2 Loss :  0.07729511694113414  Rel. Test L2 Loss :  0.04883058349291484  Test L2 Loss :  0.023453850895166398  inv_L_scale:  [0.62]
Epoch :  199  Time:  51.656  Rel. Train L2 Loss :  0.08012273859977723  Rel. Test L2 Loss :  0.0381148495276769  Test L2 Loss :  0.01834134044746558  inv_L_scale:  [0.621]
Epoch :  200  Time:  51.908  Rel. Train L2 Loss :  0.0764290875196457  Rel. Test L2 Loss :  0.03474913383523623  Test L2 Loss :  0.016724827388922375  inv_L_scale:  [0.619]
Epoch :  201  Time:  52.004  Rel. Train L2 Loss :  0.07621169753869375  Rel. Test L2 Loss :  0.034724908570448555  Test L2 Loss :  0.016697889789938927  inv_L_scale:  [0.618]
Epoch :  202  Time:  51.834  Rel. Train L2 Loss :  0.07453522868951162  Rel. Test L2 Loss :  0.04380682672063509  Test L2 Loss :  0.021075165594617525  inv_L_scale:  [0.612]
Epoch :  203  Time:  51.884  Rel. Train L2 Loss :  0.0769459508061409  Rel. Test L2 Loss :  0.034006534665822985  Test L2 Loss :  0.016375209242105483  inv_L_scale:  [0.612]
Epoch :  204  Time:  51.636  Rel. Train L2 Loss :  0.08630713824431102  Rel. Test L2 Loss :  0.039816409051418304  Test L2 Loss :  0.01915394648909569  inv_L_scale:  [0.586]
Epoch :  205  Time:  52.127  Rel. Train L2 Loss :  0.08322695356607437  Rel. Test L2 Loss :  0.037166862189769743  Test L2 Loss :  0.01787772263089816  inv_L_scale:  [0.58]
Epoch :  206  Time:  51.897  Rel. Train L2 Loss :  0.07850484339396159  Rel. Test L2 Loss :  0.033785455226898194  Test L2 Loss :  0.0162533105413119  inv_L_scale:  [0.581]
Epoch :  207  Time:  51.56  Rel. Train L2 Loss :  0.07663510835170746  Rel. Test L2 Loss :  0.03743563652038574  Test L2 Loss :  0.01802703708410263  inv_L_scale:  [0.582]
Epoch :  208  Time:  50.877  Rel. Train L2 Loss :  0.0743033734758695  Rel. Test L2 Loss :  0.033315530071655906  Test L2 Loss :  0.016025272806485493  inv_L_scale:  [0.577]
Epoch :  209  Time:  50.859  Rel. Train L2 Loss :  0.074220439016819  Rel. Test L2 Loss :  0.031862210383017855  Test L2 Loss :  0.015322990342974662  inv_L_scale:  [0.576]
Epoch :  210  Time:  52.906  Rel. Train L2 Loss :  0.07355750215053558  Rel. Test L2 Loss :  0.031490575323502225  Test L2 Loss :  0.015148988515138627  inv_L_scale:  [0.578]
Epoch :  211  Time:  50.761  Rel. Train L2 Loss :  0.07671606733401616  Rel. Test L2 Loss :  0.04290365234017372  Test L2 Loss :  0.02063902109861374  inv_L_scale:  [0.576]
Epoch :  212  Time:  51.03  Rel. Train L2 Loss :  0.07529432286818823  Rel. Test L2 Loss :  0.034966340164343516  Test L2 Loss :  0.01682333827018738  inv_L_scale:  [0.573]
Epoch :  213  Time:  51.133  Rel. Train L2 Loss :  0.07358337732156117  Rel. Test L2 Loss :  0.032189271301031115  Test L2 Loss :  0.015493283644318581  inv_L_scale:  [0.566]
Epoch :  214  Time:  51.08  Rel. Train L2 Loss :  0.07696418730417888  Rel. Test L2 Loss :  0.032859373887379965  Test L2 Loss :  0.015804102271795274  inv_L_scale:  [0.566]
Epoch :  215  Time:  51.106  Rel. Train L2 Loss :  0.08025622912247976  Rel. Test L2 Loss :  0.03379310756921768  Test L2 Loss :  0.016252959966659545  inv_L_scale:  [0.563]
Epoch :  216  Time:  50.933  Rel. Train L2 Loss :  0.07420932221412659  Rel. Test L2 Loss :  0.03294916853308678  Test L2 Loss :  0.015878499150276185  inv_L_scale:  [0.562]
Epoch :  217  Time:  51.29  Rel. Train L2 Loss :  0.08325736284255982  Rel. Test L2 Loss :  0.04729290927449862  Test L2 Loss :  0.022748648747801782  inv_L_scale:  [0.57]
Epoch :  218  Time:  50.923  Rel. Train L2 Loss :  0.07859770168860754  Rel. Test L2 Loss :  0.035055015335480375  Test L2 Loss :  0.01690120389064153  inv_L_scale:  [0.561]
Epoch :  219  Time:  51.117  Rel. Train L2 Loss :  0.08445498599608739  Rel. Test L2 Loss :  0.03598560760418574  Test L2 Loss :  0.017327423666914303  inv_L_scale:  [0.56]
Epoch :  220  Time:  51.265  Rel. Train L2 Loss :  0.07394766102234522  Rel. Test L2 Loss :  0.033644210000832876  Test L2 Loss :  0.016177002489566803  inv_L_scale:  [0.558]
Epoch :  221  Time:  51.045  Rel. Train L2 Loss :  0.07467337105671565  Rel. Test L2 Loss :  0.03381296366453171  Test L2 Loss :  0.016255979190270105  inv_L_scale:  [0.56]
Epoch :  222  Time:  51.192  Rel. Train L2 Loss :  0.11171023746331533  Rel. Test L2 Loss :  0.04359906574090322  Test L2 Loss :  0.020979168514410656  inv_L_scale:  [0.561]
Epoch :  223  Time:  51.172  Rel. Train L2 Loss :  0.0837801284591357  Rel. Test L2 Loss :  0.041095858017603557  Test L2 Loss :  0.019808136026064554  inv_L_scale:  [0.559]
Epoch :  224  Time:  51.255  Rel. Train L2 Loss :  0.07795198571681976  Rel. Test L2 Loss :  0.03991115053494771  Test L2 Loss :  0.019222809448838234  inv_L_scale:  [0.555]
Epoch :  225  Time:  51.134  Rel. Train L2 Loss :  0.07782583540678024  Rel. Test L2 Loss :  0.03625883166988691  Test L2 Loss :  0.017478179534276328  inv_L_scale:  [0.553]
Epoch :  226  Time:  50.948  Rel. Train L2 Loss :  0.07600853776931762  Rel. Test L2 Loss :  0.03556280856331189  Test L2 Loss :  0.01711887997885545  inv_L_scale:  [0.553]
Epoch :  227  Time:  51.571  Rel. Train L2 Loss :  0.09484254666169485  Rel. Test L2 Loss :  0.07974005550146103  Test L2 Loss :  0.03830095862348874  inv_L_scale:  [0.553]
Epoch :  228  Time:  51.101  Rel. Train L2 Loss :  0.10227533666292826  Rel. Test L2 Loss :  0.04871606742342313  Test L2 Loss :  0.023447966699798903  inv_L_scale:  [0.559]
Epoch :  229  Time:  50.959  Rel. Train L2 Loss :  0.08783880086739858  Rel. Test L2 Loss :  0.04369214355945587  Test L2 Loss :  0.02102092757821083  inv_L_scale:  [0.562]
Epoch :  230  Time:  51.117  Rel. Train L2 Loss :  0.08843892693519592  Rel. Test L2 Loss :  0.04094751507043839  Test L2 Loss :  0.01973778334756692  inv_L_scale:  [0.56]
Epoch :  231  Time:  51.082  Rel. Train L2 Loss :  0.08610129672288895  Rel. Test L2 Loss :  0.0695377978682518  Test L2 Loss :  0.033443839897712074  inv_L_scale:  [0.562]
Epoch :  232  Time:  51.266  Rel. Train L2 Loss :  0.08259453121821085  Rel. Test L2 Loss :  0.038830194423596066  Test L2 Loss :  0.018726807634035746  inv_L_scale:  [0.562]
Epoch :  233  Time:  51.108  Rel. Train L2 Loss :  0.07791592903931936  Rel. Test L2 Loss :  0.036595013638337455  Test L2 Loss :  0.01764730269710223  inv_L_scale:  [0.562]
Epoch :  234  Time:  51.23  Rel. Train L2 Loss :  0.08725310933589936  Rel. Test L2 Loss :  0.04427306468288104  Test L2 Loss :  0.02134390691916148  inv_L_scale:  [0.575]
Epoch :  235  Time:  51.115  Rel. Train L2 Loss :  0.08506061085065206  Rel. Test L2 Loss :  0.03870705847938855  Test L2 Loss :  0.01863758037487666  inv_L_scale:  [0.573]
Epoch :  236  Time:  51.289  Rel. Train L2 Loss :  0.08077784186601639  Rel. Test L2 Loss :  0.0385357910891374  Test L2 Loss :  0.018588494509458542  inv_L_scale:  [0.575]
Epoch :  237  Time:  51.183  Rel. Train L2 Loss :  0.07952349561452865  Rel. Test L2 Loss :  0.03768224388360977  Test L2 Loss :  0.018167760247985523  inv_L_scale:  [0.57]
Epoch :  238  Time:  51.146  Rel. Train L2 Loss :  0.07958662019173304  Rel. Test L2 Loss :  0.03534704883893331  Test L2 Loss :  0.0170405978957812  inv_L_scale:  [0.578]
Epoch :  239  Time:  51.135  Rel. Train L2 Loss :  0.07966964447498322  Rel. Test L2 Loss :  0.040572326232989626  Test L2 Loss :  0.019578981871406238  inv_L_scale:  [0.58]
Epoch :  240  Time:  51.863  Rel. Train L2 Loss :  0.07836729345719019  Rel. Test L2 Loss :  0.034572154929240546  Test L2 Loss :  0.01667295552790165  inv_L_scale:  [0.579]
Epoch :  241  Time:  51.122  Rel. Train L2 Loss :  0.08124969003597896  Rel. Test L2 Loss :  0.041365925868352256  Test L2 Loss :  0.01995130849381288  inv_L_scale:  [0.592]
Epoch :  242  Time:  51.063  Rel. Train L2 Loss :  0.08229008773962657  Rel. Test L2 Loss :  0.03518773208061854  Test L2 Loss :  0.016950918088356654  inv_L_scale:  [0.576]
Epoch :  243  Time:  50.928  Rel. Train L2 Loss :  0.07711091087261836  Rel. Test L2 Loss :  0.03483843912680944  Test L2 Loss :  0.016818377623955407  inv_L_scale:  [0.577]
Epoch :  244  Time:  50.801  Rel. Train L2 Loss :  0.07663386170069376  Rel. Test L2 Loss :  0.03531217068433762  Test L2 Loss :  0.017033444767196974  inv_L_scale:  [0.577]
Epoch :  245  Time:  50.924  Rel. Train L2 Loss :  0.07477422952651977  Rel. Test L2 Loss :  0.037375443329413734  Test L2 Loss :  0.01800299699107806  inv_L_scale:  [0.581]
Epoch :  246  Time:  51.067  Rel. Train L2 Loss :  0.07815598545471827  Rel. Test L2 Loss :  0.0372412853439649  Test L2 Loss :  0.01794832167526086  inv_L_scale:  [0.586]
Epoch :  247  Time:  51.216  Rel. Train L2 Loss :  0.07701148821910223  Rel. Test L2 Loss :  0.035026596387227375  Test L2 Loss :  0.016854597330093382  inv_L_scale:  [0.585]
Epoch :  248  Time:  51.154  Rel. Train L2 Loss :  0.07673511930306752  Rel. Test L2 Loss :  0.0356928055981795  Test L2 Loss :  0.01719357224802176  inv_L_scale:  [0.592]
Epoch :  249  Time:  51.087  Rel. Train L2 Loss :  0.07521566166480383  Rel. Test L2 Loss :  0.03904282639424006  Test L2 Loss :  0.01881551298002402  inv_L_scale:  [0.593]
Epoch :  250  Time:  50.803  Rel. Train L2 Loss :  0.08212053291002909  Rel. Test L2 Loss :  0.03681344076991081  Test L2 Loss :  0.01773757755756378  inv_L_scale:  [0.6]
Epoch :  251  Time:  51.105  Rel. Train L2 Loss :  0.08416454619169235  Rel. Test L2 Loss :  0.04178259968757629  Test L2 Loss :  0.020127143288652102  inv_L_scale:  [0.63]
Epoch :  252  Time:  51.895  Rel. Train L2 Loss :  0.07982633582750956  Rel. Test L2 Loss :  0.03821726138393084  Test L2 Loss :  0.018419309457143148  inv_L_scale:  [0.635]
Epoch :  253  Time:  50.92  Rel. Train L2 Loss :  0.07760508904854456  Rel. Test L2 Loss :  0.03473760594924291  Test L2 Loss :  0.016713640863696734  inv_L_scale:  [0.632]
Epoch :  254  Time:  51.092  Rel. Train L2 Loss :  0.07475508143504461  Rel. Test L2 Loss :  0.037848872393369676  Test L2 Loss :  0.018231091623504957  inv_L_scale:  [0.623]
Epoch :  255  Time:  51.16  Rel. Train L2 Loss :  0.07203280331691106  Rel. Test L2 Loss :  0.032874426494042076  Test L2 Loss :  0.015848653068145115  inv_L_scale:  [0.617]
Epoch :  256  Time:  50.979  Rel. Train L2 Loss :  0.09614828111728033  Rel. Test L2 Loss :  0.03942778403560321  Test L2 Loss :  0.01900993878642718  inv_L_scale:  [0.616]
Epoch :  257  Time:  50.672  Rel. Train L2 Loss :  0.08307441474994023  Rel. Test L2 Loss :  0.03862277527650197  Test L2 Loss :  0.0186196319013834  inv_L_scale:  [0.614]
Epoch :  258  Time:  50.987  Rel. Train L2 Loss :  0.07667734865347545  Rel. Test L2 Loss :  0.035281121184428534  Test L2 Loss :  0.017012975389758746  inv_L_scale:  [0.614]
Epoch :  259  Time:  51.622  Rel. Train L2 Loss :  0.07606123741467793  Rel. Test L2 Loss :  0.056478555649518966  Test L2 Loss :  0.027126821428537368  inv_L_scale:  [0.619]
Epoch :  260  Time:  51.82  Rel. Train L2 Loss :  0.08475576621294022  Rel. Test L2 Loss :  0.038563499053319295  Test L2 Loss :  0.018563645804921786  inv_L_scale:  [0.622]
Epoch :  261  Time:  51.732  Rel. Train L2 Loss :  0.10968664699792861  Rel. Test L2 Loss :  0.05705313816666603  Test L2 Loss :  0.027463467344641685  inv_L_scale:  [0.614]
Epoch :  262  Time:  51.86  Rel. Train L2 Loss :  0.08840365513165792  Rel. Test L2 Loss :  0.04340243662397067  Test L2 Loss :  0.0208625199397405  inv_L_scale:  [0.613]
Epoch :  263  Time:  51.74  Rel. Train L2 Loss :  0.079125326136748  Rel. Test L2 Loss :  0.038644115577141445  Test L2 Loss :  0.018601723834872245  inv_L_scale:  [0.61]
Epoch :  264  Time:  51.678  Rel. Train L2 Loss :  0.08320039230585098  Rel. Test L2 Loss :  0.03299404184023539  Test L2 Loss :  0.015880460292100905  inv_L_scale:  [0.612]
Epoch :  265  Time:  51.784  Rel. Train L2 Loss :  0.07361335096756617  Rel. Test L2 Loss :  0.03518898800015449  Test L2 Loss :  0.016962041507164637  inv_L_scale:  [0.626]
Epoch :  266  Time:  52.041  Rel. Train L2 Loss :  0.07333203893899917  Rel. Test L2 Loss :  0.03819666514794032  Test L2 Loss :  0.018407183488210042  inv_L_scale:  [0.633]
Epoch :  267  Time:  51.566  Rel. Train L2 Loss :  0.07450000470876694  Rel. Test L2 Loss :  0.035644055952628456  Test L2 Loss :  0.017169492666920028  inv_L_scale:  [0.634]
Epoch :  268  Time:  52.897  Rel. Train L2 Loss :  0.07849245327711106  Rel. Test L2 Loss :  0.04487071687976519  Test L2 Loss :  0.02159461716810862  inv_L_scale:  [0.626]
Epoch :  269  Time:  51.651  Rel. Train L2 Loss :  0.07646378459533056  Rel. Test L2 Loss :  0.03426051119963328  Test L2 Loss :  0.01648952861626943  inv_L_scale:  [0.626]
Epoch :  270  Time:  51.66  Rel. Train L2 Loss :  0.07974624381462733  Rel. Test L2 Loss :  0.039924720774094265  Test L2 Loss :  0.019230164736509323  inv_L_scale:  [0.65]
Epoch :  271  Time:  52.28  Rel. Train L2 Loss :  0.09277012475331624  Rel. Test L2 Loss :  0.03734702974557877  Test L2 Loss :  0.018025540883342427  inv_L_scale:  [0.65]
Epoch :  272  Time:  51.641  Rel. Train L2 Loss :  0.0787006553808848  Rel. Test L2 Loss :  0.03431968703866005  Test L2 Loss :  0.01655432087679704  inv_L_scale:  [0.651]
Epoch :  273  Time:  51.663  Rel. Train L2 Loss :  0.07385831908384959  Rel. Test L2 Loss :  0.03544249981641769  Test L2 Loss :  0.017105425943930944  inv_L_scale:  [0.653]
Epoch :  274  Time:  51.463  Rel. Train L2 Loss :  0.08099875726302465  Rel. Test L2 Loss :  0.03270969986915588  Test L2 Loss :  0.01578446457783381  inv_L_scale:  [0.652]
Epoch :  275  Time:  52.178  Rel. Train L2 Loss :  0.0721032709479332  Rel. Test L2 Loss :  0.03182351693511009  Test L2 Loss :  0.015343428129951158  inv_L_scale:  [0.652]
Epoch :  276  Time:  51.953  Rel. Train L2 Loss :  0.08704645961523055  Rel. Test L2 Loss :  0.037119850019613904  Test L2 Loss :  0.017916106457511585  inv_L_scale:  [0.661]
Epoch :  277  Time:  51.776  Rel. Train L2 Loss :  0.08381684537728627  Rel. Test L2 Loss :  0.04020234430829684  Test L2 Loss :  0.019383212750156722  inv_L_scale:  [0.676]
Epoch :  278  Time:  51.797  Rel. Train L2 Loss :  0.07783787602186203  Rel. Test L2 Loss :  0.03849195301532746  Test L2 Loss :  0.018561148767669997  inv_L_scale:  [0.676]
Epoch :  279  Time:  51.556  Rel. Train L2 Loss :  0.08668542492389679  Rel. Test L2 Loss :  0.03822750901182492  Test L2 Loss :  0.018443250730633735  inv_L_scale:  [0.676]
Epoch :  280  Time:  51.699  Rel. Train L2 Loss :  0.07600543272495269  Rel. Test L2 Loss :  0.034586360851923625  Test L2 Loss :  0.01669070705771446  inv_L_scale:  [0.68]
Epoch :  281  Time:  51.97  Rel. Train L2 Loss :  0.07362716003259023  Rel. Test L2 Loss :  0.03233531673749288  Test L2 Loss :  0.015591942295432091  inv_L_scale:  [0.681]
Epoch :  282  Time:  51.669  Rel. Train L2 Loss :  0.07026405950387318  Rel. Test L2 Loss :  0.033140706519285835  Test L2 Loss :  0.015971956898768742  inv_L_scale:  [0.682]
Epoch :  283  Time:  51.879  Rel. Train L2 Loss :  0.10487045341730118  Rel. Test L2 Loss :  0.11332985679308573  Test L2 Loss :  0.054698590536912284  inv_L_scale:  [0.68]
Epoch :  284  Time:  51.699  Rel. Train L2 Loss :  0.09895835741360982  Rel. Test L2 Loss :  0.09279277443885803  Test L2 Loss :  0.044675166408220925  inv_L_scale:  [0.683]
Epoch :  285  Time:  51.722  Rel. Train L2 Loss :  0.09006780926386515  Rel. Test L2 Loss :  0.037908847282330196  Test L2 Loss :  0.018259001622597377  inv_L_scale:  [0.68]
Epoch :  286  Time:  51.841  Rel. Train L2 Loss :  0.07747051960229874  Rel. Test L2 Loss :  0.03463084653019905  Test L2 Loss :  0.016689178546269733  inv_L_scale:  [0.679]
Epoch :  287  Time:  51.929  Rel. Train L2 Loss :  0.07780890516440074  Rel. Test L2 Loss :  0.035338955819606784  Test L2 Loss :  0.017013333439826965  inv_L_scale:  [0.68]
Epoch :  288  Time:  51.795  Rel. Train L2 Loss :  0.07600019359588624  Rel. Test L2 Loss :  0.03526981030901273  Test L2 Loss :  0.01699793043235938  inv_L_scale:  [0.682]
Epoch :  289  Time:  51.74  Rel. Train L2 Loss :  0.07538700330257415  Rel. Test L2 Loss :  0.038382121473550794  Test L2 Loss :  0.018500685344139733  inv_L_scale:  [0.676]
Epoch :  290  Time:  51.899  Rel. Train L2 Loss :  0.0754575293858846  Rel. Test L2 Loss :  0.039208387285470964  Test L2 Loss :  0.018893930837512018  inv_L_scale:  [0.681]
Epoch :  291  Time:  51.883  Rel. Train L2 Loss :  0.07801345541079839  Rel. Test L2 Loss :  0.038647608707348506  Test L2 Loss :  0.018616796160737675  inv_L_scale:  [0.689]
Epoch :  292  Time:  51.791  Rel. Train L2 Loss :  0.0765749743382136  Rel. Test L2 Loss :  0.037270558575789134  Test L2 Loss :  0.01796293000380198  inv_L_scale:  [0.69]
Epoch :  293  Time:  51.568  Rel. Train L2 Loss :  0.07459108638763427  Rel. Test L2 Loss :  0.034690661480029424  Test L2 Loss :  0.01673290602862835  inv_L_scale:  [0.691]
Epoch :  294  Time:  51.298  Rel. Train L2 Loss :  0.08213140457868576  Rel. Test L2 Loss :  0.03970229536294937  Test L2 Loss :  0.019141615455349287  inv_L_scale:  [0.662]
Epoch :  295  Time:  51.609  Rel. Train L2 Loss :  0.0830652574300766  Rel. Test L2 Loss :  0.046356771538654966  Test L2 Loss :  0.02232155278325081  inv_L_scale:  [0.663]
Epoch :  296  Time:  51.914  Rel. Train L2 Loss :  0.07800386381149292  Rel. Test L2 Loss :  0.0363586650788784  Test L2 Loss :  0.017517674366633096  inv_L_scale:  [0.663]
Epoch :  297  Time:  51.703  Rel. Train L2 Loss :  0.07624743755658468  Rel. Test L2 Loss :  0.03444779838124911  Test L2 Loss :  0.01659464289744695  inv_L_scale:  [0.66]
Epoch :  298  Time:  51.881  Rel. Train L2 Loss :  0.07823044576247533  Rel. Test L2 Loss :  0.0366276977956295  Test L2 Loss :  0.01764581988255183  inv_L_scale:  [0.663]
Epoch :  299  Time:  51.704  Rel. Train L2 Loss :  0.07722715502977372  Rel. Test L2 Loss :  0.03699129929145177  Test L2 Loss :  0.017810631841421128  inv_L_scale:  [0.664]
Epoch :  300  Time:  51.909  Rel. Train L2 Loss :  0.07496672968069712  Rel. Test L2 Loss :  0.03465191895763079  Test L2 Loss :  0.01668960342804591  inv_L_scale:  [0.661]
Epoch :  301  Time:  51.668  Rel. Train L2 Loss :  0.07497549867630005  Rel. Test L2 Loss :  0.034618362138668694  Test L2 Loss :  0.01667510045071443  inv_L_scale:  [0.655]
Epoch :  302  Time:  51.653  Rel. Train L2 Loss :  0.07539620101451874  Rel. Test L2 Loss :  0.03355186363061269  Test L2 Loss :  0.016153756206234295  inv_L_scale:  [0.659]
Epoch :  303  Time:  51.345  Rel. Train L2 Loss :  0.07251135710875194  Rel. Test L2 Loss :  0.03315284416079521  Test L2 Loss :  0.015978266298770905  inv_L_scale:  [0.659]
Epoch :  304  Time:  52.3  Rel. Train L2 Loss :  0.07139181305964788  Rel. Test L2 Loss :  0.038253787010908126  Test L2 Loss :  0.01841702898343404  inv_L_scale:  [0.659]
Epoch :  305  Time:  51.845  Rel. Train L2 Loss :  0.07665021022160848  Rel. Test L2 Loss :  0.034443439096212385  Test L2 Loss :  0.016570870727300645  inv_L_scale:  [0.665]
Epoch :  306  Time:  51.758  Rel. Train L2 Loss :  0.07342793023586273  Rel. Test L2 Loss :  0.03422236477335294  Test L2 Loss :  0.016487527762850125  inv_L_scale:  [0.668]
Epoch :  307  Time:  51.439  Rel. Train L2 Loss :  0.07153051835298538  Rel. Test L2 Loss :  0.032811665584643684  Test L2 Loss :  0.015820048625270526  inv_L_scale:  [0.668]
Epoch :  308  Time:  51.588  Rel. Train L2 Loss :  0.07672696463267008  Rel. Test L2 Loss :  0.03570219392577807  Test L2 Loss :  0.017223687693476677  inv_L_scale:  [0.682]
Epoch :  309  Time:  51.696  Rel. Train L2 Loss :  0.07494144451618194  Rel. Test L2 Loss :  0.032933632284402846  Test L2 Loss :  0.015862675507863362  inv_L_scale:  [0.677]
Epoch :  310  Time:  51.647  Rel. Train L2 Loss :  0.08200143484274547  Rel. Test L2 Loss :  0.03908489858110746  Test L2 Loss :  0.01885824777185917  inv_L_scale:  [0.678]
Epoch :  311  Time:  52.102  Rel. Train L2 Loss :  0.07320264822244645  Rel. Test L2 Loss :  0.034200323671102525  Test L2 Loss :  0.016497989619771638  inv_L_scale:  [0.684]
Epoch :  312  Time:  51.881  Rel. Train L2 Loss :  0.07521465077002844  Rel. Test L2 Loss :  0.040597223440806074  Test L2 Loss :  0.01956495319803556  inv_L_scale:  [0.714]
Epoch :  313  Time:  51.36  Rel. Train L2 Loss :  0.0758800043463707  Rel. Test L2 Loss :  0.03700488378604253  Test L2 Loss :  0.017804224267601965  inv_L_scale:  [0.712]
Epoch :  314  Time:  51.745  Rel. Train L2 Loss :  0.07321421098709106  Rel. Test L2 Loss :  0.03289582783977191  Test L2 Loss :  0.01586270734667778  inv_L_scale:  [0.711]
Epoch :  315  Time:  51.748  Rel. Train L2 Loss :  0.07065212887525558  Rel. Test L2 Loss :  0.03252735833326976  Test L2 Loss :  0.01569861238201459  inv_L_scale:  [0.712]
Epoch :  316  Time:  51.712  Rel. Train L2 Loss :  0.07102105891704559  Rel. Test L2 Loss :  0.03418494378527005  Test L2 Loss :  0.01648490036527316  inv_L_scale:  [0.72]
Epoch :  317  Time:  51.566  Rel. Train L2 Loss :  0.07845693957805634  Rel. Test L2 Loss :  0.05617542992035548  Test L2 Loss :  0.027039474646250408  inv_L_scale:  [0.722]
Epoch :  318  Time:  51.811  Rel. Train L2 Loss :  0.08351403029759726  Rel. Test L2 Loss :  0.03710478822390238  Test L2 Loss :  0.01786628211537997  inv_L_scale:  [0.723]
Epoch :  319  Time:  51.656  Rel. Train L2 Loss :  0.07464007125298182  Rel. Test L2 Loss :  0.03675346637765566  Test L2 Loss :  0.017723482449849448  inv_L_scale:  [0.738]
Epoch :  320  Time:  51.485  Rel. Train L2 Loss :  0.07669380615154903  Rel. Test L2 Loss :  0.03858911300698916  Test L2 Loss :  0.018598843788107236  inv_L_scale:  [0.739]
Epoch :  321  Time:  51.545  Rel. Train L2 Loss :  0.07648037906487783  Rel. Test L2 Loss :  0.03643819555640221  Test L2 Loss :  0.01757777194182078  inv_L_scale:  [0.738]
Epoch :  322  Time:  51.858  Rel. Train L2 Loss :  0.07406938525040944  Rel. Test L2 Loss :  0.034099844992160795  Test L2 Loss :  0.01644460715353489  inv_L_scale:  [0.737]
Epoch :  323  Time:  51.789  Rel. Train L2 Loss :  0.07155976382891337  Rel. Test L2 Loss :  0.032436793049176536  Test L2 Loss :  0.015630645230412483  inv_L_scale:  [0.738]
Epoch :  324  Time:  52.036  Rel. Train L2 Loss :  0.0704973449309667  Rel. Test L2 Loss :  0.0343623112142086  Test L2 Loss :  0.01656974879403909  inv_L_scale:  [0.738]
Epoch :  325  Time:  51.646  Rel. Train L2 Loss :  0.07106010540326436  Rel. Test L2 Loss :  0.032912129213412605  Test L2 Loss :  0.015866846839586893  inv_L_scale:  [0.733]
Epoch :  326  Time:  51.702  Rel. Train L2 Loss :  0.07082255450884502  Rel. Test L2 Loss :  0.033622893790404  Test L2 Loss :  0.016226928432782492  inv_L_scale:  [0.732]
Epoch :  327  Time:  51.627  Rel. Train L2 Loss :  0.06905166008075078  Rel. Test L2 Loss :  0.0327717787027359  Test L2 Loss :  0.015784363448619842  inv_L_scale:  [0.727]
Epoch :  328  Time:  51.704  Rel. Train L2 Loss :  0.06887011498212814  Rel. Test L2 Loss :  0.031425474335749944  Test L2 Loss :  0.015143641009926797  inv_L_scale:  [0.737]
Epoch :  329  Time:  51.132  Rel. Train L2 Loss :  0.06968241810798645  Rel. Test L2 Loss :  0.03167094503839811  Test L2 Loss :  0.015270072693626086  inv_L_scale:  [0.739]
Epoch :  330  Time:  51.432  Rel. Train L2 Loss :  0.07103948877255122  Rel. Test L2 Loss :  0.032002072383960085  Test L2 Loss :  0.01542647458612919  inv_L_scale:  [0.737]
Epoch :  331  Time:  50.909  Rel. Train L2 Loss :  0.06921767288446426  Rel. Test L2 Loss :  0.03316136921445529  Test L2 Loss :  0.015962286194165547  inv_L_scale:  [0.738]
Epoch :  332  Time:  50.701  Rel. Train L2 Loss :  0.0687387001713117  Rel. Test L2 Loss :  0.033502632776896156  Test L2 Loss :  0.016127655257781346  inv_L_scale:  [0.731]
Epoch :  333  Time:  50.676  Rel. Train L2 Loss :  0.06976843573649724  Rel. Test L2 Loss :  0.03105266734957695  Test L2 Loss :  0.014944600860277811  inv_L_scale:  [0.727]
Epoch :  334  Time:  50.896  Rel. Train L2 Loss :  0.09319936684767405  Rel. Test L2 Loss :  0.03508138661583265  Test L2 Loss :  0.016887895514567694  inv_L_scale:  [0.728]
Epoch :  335  Time:  51.046  Rel. Train L2 Loss :  0.07172651290893554  Rel. Test L2 Loss :  0.03160188520948092  Test L2 Loss :  0.015219033087293306  inv_L_scale:  [0.73]
Epoch :  336  Time:  50.616  Rel. Train L2 Loss :  0.06847450415293375  Rel. Test L2 Loss :  0.03275422334671021  Test L2 Loss :  0.015784588729341825  inv_L_scale:  [0.731]
Epoch :  337  Time:  50.885  Rel. Train L2 Loss :  0.06846351999044419  Rel. Test L2 Loss :  0.03386616329352061  Test L2 Loss :  0.016334359968701997  inv_L_scale:  [0.737]
Epoch :  338  Time:  51.184  Rel. Train L2 Loss :  0.07461219318707785  Rel. Test L2 Loss :  0.033184879968563716  Test L2 Loss :  0.01597749670346578  inv_L_scale:  [0.732]
Epoch :  339  Time:  51.149  Rel. Train L2 Loss :  0.06816670008500417  Rel. Test L2 Loss :  0.03120262419184049  Test L2 Loss :  0.015046963120500247  inv_L_scale:  [0.736]
Epoch :  340  Time:  50.783  Rel. Train L2 Loss :  0.06922563298543294  Rel. Test L2 Loss :  0.03273554955919584  Test L2 Loss :  0.015761439849932987  inv_L_scale:  [0.73]
Epoch :  341  Time:  51.568  Rel. Train L2 Loss :  0.06748004134496054  Rel. Test L2 Loss :  0.03223655089735985  Test L2 Loss :  0.015528296132882436  inv_L_scale:  [0.727]
Epoch :  342  Time:  51.697  Rel. Train L2 Loss :  0.0677656031648318  Rel. Test L2 Loss :  0.03219155669212341  Test L2 Loss :  0.015514394839604696  inv_L_scale:  [0.732]
Epoch :  343  Time:  52.781  Rel. Train L2 Loss :  0.06869373921553294  Rel. Test L2 Loss :  0.03330676744381587  Test L2 Loss :  0.016056269506613412  inv_L_scale:  [0.739]
Epoch :  344  Time:  51.81  Rel. Train L2 Loss :  0.08405339892705281  Rel. Test L2 Loss :  0.03534468576312065  Test L2 Loss :  0.017028211131691933  inv_L_scale:  [0.742]
Epoch :  345  Time:  51.889  Rel. Train L2 Loss :  0.07119313490390777  Rel. Test L2 Loss :  0.03253113945325216  Test L2 Loss :  0.0156609857827425  inv_L_scale:  [0.724]
Epoch :  346  Time:  51.824  Rel. Train L2 Loss :  0.06860860308011373  Rel. Test L2 Loss :  0.03217569803198179  Test L2 Loss :  0.015491368174552917  inv_L_scale:  [0.722]
Epoch :  347  Time:  51.888  Rel. Train L2 Loss :  0.06983546632528305  Rel. Test L2 Loss :  0.033190056135257086  Test L2 Loss :  0.01600607084731261  inv_L_scale:  [0.739]
Epoch :  348  Time:  51.891  Rel. Train L2 Loss :  0.07025920248031617  Rel. Test L2 Loss :  0.03275170142451922  Test L2 Loss :  0.015793562034765878  inv_L_scale:  [0.736]
Epoch :  349  Time:  51.344  Rel. Train L2 Loss :  0.07427658081054687  Rel. Test L2 Loss :  0.03266475399335225  Test L2 Loss :  0.015756816864013673  inv_L_scale:  [0.734]
Epoch :  350  Time:  54.266  Rel. Train L2 Loss :  0.07026893822352091  Rel. Test L2 Loss :  0.03282840838034948  Test L2 Loss :  0.015803563098112743  inv_L_scale:  [0.734]
Epoch :  351  Time:  51.774  Rel. Train L2 Loss :  0.06743545041481654  Rel. Test L2 Loss :  0.03140058765808741  Test L2 Loss :  0.01512594444056352  inv_L_scale:  [0.733]
Epoch :  352  Time:  51.752  Rel. Train L2 Loss :  0.0665273629228274  Rel. Test L2 Loss :  0.03335118517279625  Test L2 Loss :  0.01605547790726026  inv_L_scale:  [0.729]
Epoch :  353  Time:  51.894  Rel. Train L2 Loss :  0.06935377144813537  Rel. Test L2 Loss :  0.030953506728013357  Test L2 Loss :  0.014924910217523575  inv_L_scale:  [0.734]
Epoch :  354  Time:  51.833  Rel. Train L2 Loss :  0.06723475478092829  Rel. Test L2 Loss :  0.031998378187417985  Test L2 Loss :  0.015404150262475014  inv_L_scale:  [0.731]
Epoch :  355  Time:  51.644  Rel. Train L2 Loss :  0.0677918722430865  Rel. Test L2 Loss :  0.031443210244178774  Test L2 Loss :  0.01517269084850947  inv_L_scale:  [0.732]
Epoch :  356  Time:  51.904  Rel. Train L2 Loss :  0.06618728019793828  Rel. Test L2 Loss :  0.03006239543358485  Test L2 Loss :  0.014490167796611785  inv_L_scale:  [0.733]
Epoch :  357  Time:  51.769  Rel. Train L2 Loss :  0.0684423066576322  Rel. Test L2 Loss :  0.030909772912661233  Test L2 Loss :  0.01488440732161204  inv_L_scale:  [0.734]
Epoch :  358  Time:  51.642  Rel. Train L2 Loss :  0.06612915029128393  Rel. Test L2 Loss :  0.0318915497759978  Test L2 Loss :  0.015361970836917559  inv_L_scale:  [0.728]
Epoch :  359  Time:  51.826  Rel. Train L2 Loss :  0.0671658960779508  Rel. Test L2 Loss :  0.030412913858890535  Test L2 Loss :  0.014656787912050884  inv_L_scale:  [0.732]
Epoch :  360  Time:  51.503  Rel. Train L2 Loss :  0.0652314469218254  Rel. Test L2 Loss :  0.030762210736672083  Test L2 Loss :  0.01481709989408652  inv_L_scale:  [0.728]
Epoch :  361  Time:  51.786  Rel. Train L2 Loss :  0.06886597792307536  Rel. Test L2 Loss :  0.03289193416635195  Test L2 Loss :  0.015825811599691708  inv_L_scale:  [0.721]
Epoch :  362  Time:  51.675  Rel. Train L2 Loss :  0.07237477087974549  Rel. Test L2 Loss :  0.03449319506684939  Test L2 Loss :  0.016612377390265463  inv_L_scale:  [0.716]
Epoch :  363  Time:  51.875  Rel. Train L2 Loss :  0.06803124477465948  Rel. Test L2 Loss :  0.032268627882003784  Test L2 Loss :  0.01555138426522414  inv_L_scale:  [0.71]
Epoch :  364  Time:  51.802  Rel. Train L2 Loss :  0.0687265702088674  Rel. Test L2 Loss :  0.031934709598620735  Test L2 Loss :  0.015401346981525421  inv_L_scale:  [0.709]
Epoch :  365  Time:  51.75  Rel. Train L2 Loss :  0.07864260280132293  Rel. Test L2 Loss :  0.033119169026613236  Test L2 Loss :  0.015944086213906607  inv_L_scale:  [0.712]
Epoch :  366  Time:  51.644  Rel. Train L2 Loss :  0.06981414131323496  Rel. Test L2 Loss :  0.03151096910238266  Test L2 Loss :  0.015181588307023049  inv_L_scale:  [0.715]
Epoch :  367  Time:  51.765  Rel. Train L2 Loss :  0.06702429922421774  Rel. Test L2 Loss :  0.032725999305645626  Test L2 Loss :  0.01578079601128896  inv_L_scale:  [0.713]
Epoch :  368  Time:  51.998  Rel. Train L2 Loss :  0.06797200334072113  Rel. Test L2 Loss :  0.03094574809074402  Test L2 Loss :  0.014909681156277657  inv_L_scale:  [0.712]
Epoch :  369  Time:  51.92  Rel. Train L2 Loss :  0.06784050528208414  Rel. Test L2 Loss :  0.031088162859280902  Test L2 Loss :  0.014988282943765323  inv_L_scale:  [0.713]
Epoch :  370  Time:  51.952  Rel. Train L2 Loss :  0.06680991637706757  Rel. Test L2 Loss :  0.030176770289738974  Test L2 Loss :  0.01455986241499583  inv_L_scale:  [0.718]
Epoch :  371  Time:  52.072  Rel. Train L2 Loss :  0.06750156321128209  Rel. Test L2 Loss :  0.03143736774722735  Test L2 Loss :  0.015131328254938126  inv_L_scale:  [0.717]
Epoch :  372  Time:  51.788  Rel. Train L2 Loss :  0.06784810159603755  Rel. Test L2 Loss :  0.031239581207434336  Test L2 Loss :  0.015045834829409917  inv_L_scale:  [0.716]
Epoch :  373  Time:  51.505  Rel. Train L2 Loss :  0.06783498048782349  Rel. Test L2 Loss :  0.029641718566417695  Test L2 Loss :  0.014281275769074758  inv_L_scale:  [0.716]
Epoch :  374  Time:  51.683  Rel. Train L2 Loss :  0.06724723243713379  Rel. Test L2 Loss :  0.03157276084025701  Test L2 Loss :  0.015213484813769659  inv_L_scale:  [0.714]
Epoch :  375  Time:  51.256  Rel. Train L2 Loss :  0.06608855626980463  Rel. Test L2 Loss :  0.029998769809802373  Test L2 Loss :  0.0144588619718949  inv_L_scale:  [0.713]
Epoch :  376  Time:  51.696  Rel. Train L2 Loss :  0.06527879458665847  Rel. Test L2 Loss :  0.029813170582056046  Test L2 Loss :  0.014376585384209951  inv_L_scale:  [0.715]
Epoch :  377  Time:  51.111  Rel. Train L2 Loss :  0.06573611625035604  Rel. Test L2 Loss :  0.029277394314606985  Test L2 Loss :  0.014103684301177661  inv_L_scale:  [0.715]
Epoch :  378  Time:  51.689  Rel. Train L2 Loss :  0.06449593361218771  Rel. Test L2 Loss :  0.029432526975870132  Test L2 Loss :  0.014174942920605341  inv_L_scale:  [0.716]
Epoch :  379  Time:  52.797  Rel. Train L2 Loss :  0.06312305053075154  Rel. Test L2 Loss :  0.02975614239772161  Test L2 Loss :  0.014339361513654392  inv_L_scale:  [0.712]
Epoch :  380  Time:  51.679  Rel. Train L2 Loss :  0.06615333090225856  Rel. Test L2 Loss :  0.029668981035550435  Test L2 Loss :  0.014295179049173991  inv_L_scale:  [0.709]
Epoch :  381  Time:  51.76  Rel. Train L2 Loss :  0.06578972246249516  Rel. Test L2 Loss :  0.028942023515701295  Test L2 Loss :  0.013935196374853452  inv_L_scale:  [0.704]
Epoch :  382  Time:  51.612  Rel. Train L2 Loss :  0.06740860297282537  Rel. Test L2 Loss :  0.029508100400368373  Test L2 Loss :  0.014215982655684153  inv_L_scale:  [0.702]
Epoch :  383  Time:  51.732  Rel. Train L2 Loss :  0.06728899413347245  Rel. Test L2 Loss :  0.031004338016112645  Test L2 Loss :  0.014911991879343986  inv_L_scale:  [0.7]
Epoch :  384  Time:  51.389  Rel. Train L2 Loss :  0.06747131888071696  Rel. Test L2 Loss :  0.030433069666226706  Test L2 Loss :  0.01466662717362245  inv_L_scale:  [0.689]
Epoch :  385  Time:  51.813  Rel. Train L2 Loss :  0.06797067364056905  Rel. Test L2 Loss :  0.029886461198329925  Test L2 Loss :  0.014412594412763914  inv_L_scale:  [0.696]
Epoch :  386  Time:  51.774  Rel. Train L2 Loss :  0.06826529256502788  Rel. Test L2 Loss :  0.030595142394304276  Test L2 Loss :  0.014732711066802342  inv_L_scale:  [0.696]
Epoch :  387  Time:  51.411  Rel. Train L2 Loss :  0.066455517411232  Rel. Test L2 Loss :  0.02983439639210701  Test L2 Loss :  0.014380094781517982  inv_L_scale:  [0.696]
Epoch :  388  Time:  51.628  Rel. Train L2 Loss :  0.06605089501539867  Rel. Test L2 Loss :  0.02983198195695877  Test L2 Loss :  0.01438625082373619  inv_L_scale:  [0.694]
Epoch :  389  Time:  51.681  Rel. Train L2 Loss :  0.06742419095834096  Rel. Test L2 Loss :  0.029194853653510412  Test L2 Loss :  0.014075106208523114  inv_L_scale:  [0.694]
Epoch :  390  Time:  51.697  Rel. Train L2 Loss :  0.06684749319156011  Rel. Test L2 Loss :  0.03036024734377861  Test L2 Loss :  0.014614145581920942  inv_L_scale:  [0.694]
Epoch :  391  Time:  51.791  Rel. Train L2 Loss :  0.06523889476060868  Rel. Test L2 Loss :  0.028591021547714868  Test L2 Loss :  0.013785369917750359  inv_L_scale:  [0.694]
Epoch :  392  Time:  51.569  Rel. Train L2 Loss :  0.06314670866727828  Rel. Test L2 Loss :  0.029883408149083454  Test L2 Loss :  0.01442032332221667  inv_L_scale:  [0.694]
Epoch :  393  Time:  51.654  Rel. Train L2 Loss :  0.0659951470096906  Rel. Test L2 Loss :  0.03005605568488439  Test L2 Loss :  0.014492988884449005  inv_L_scale:  [0.694]
Epoch :  394  Time:  51.894  Rel. Train L2 Loss :  0.07933359734217325  Rel. Test L2 Loss :  0.03023374527692795  Test L2 Loss :  0.01457687127093474  inv_L_scale:  [0.694]
Epoch :  395  Time:  51.711  Rel. Train L2 Loss :  0.06757132605711619  Rel. Test L2 Loss :  0.0294166207810243  Test L2 Loss :  0.014178104847669602  inv_L_scale:  [0.694]
Epoch :  396  Time:  51.818  Rel. Train L2 Loss :  0.06556072080135346  Rel. Test L2 Loss :  0.029603232443332673  Test L2 Loss :  0.014273638625939687  inv_L_scale:  [0.695]
Epoch :  397  Time:  51.875  Rel. Train L2 Loss :  0.06498879569768906  Rel. Test L2 Loss :  0.029155839532613755  Test L2 Loss :  0.014062746837735176  inv_L_scale:  [0.698]
Epoch :  398  Time:  51.676  Rel. Train L2 Loss :  0.06346796600023906  Rel. Test L2 Loss :  0.028774764190117517  Test L2 Loss :  0.01388218196729819  inv_L_scale:  [0.699]
Epoch :  399  Time:  51.549  Rel. Train L2 Loss :  0.06725329029560088  Rel. Test L2 Loss :  0.02931175152460734  Test L2 Loss :  0.014109888498981794  inv_L_scale:  [0.7]
Epoch :  400  Time:  51.426  Rel. Train L2 Loss :  0.06378806889057159  Rel. Test L2 Loss :  0.028977104127407075  Test L2 Loss :  0.013977316071589788  inv_L_scale:  [0.7]
Epoch :  401  Time:  51.825  Rel. Train L2 Loss :  0.06471760022640229  Rel. Test L2 Loss :  0.02910118117928505  Test L2 Loss :  0.014026332944631577  inv_L_scale:  [0.696]
Epoch :  402  Time:  51.608  Rel. Train L2 Loss :  0.0654793444275856  Rel. Test L2 Loss :  0.028668199926614762  Test L2 Loss :  0.013811098784208298  inv_L_scale:  [0.696]
Epoch :  403  Time:  51.547  Rel. Train L2 Loss :  0.06438134616613388  Rel. Test L2 Loss :  0.03001389001806577  Test L2 Loss :  0.014470901439587276  inv_L_scale:  [0.696]
Epoch :  404  Time:  51.551  Rel. Train L2 Loss :  0.06533318930864335  Rel. Test L2 Loss :  0.028963795055945714  Test L2 Loss :  0.013955058604478836  inv_L_scale:  [0.695]
Epoch :  405  Time:  53.916  Rel. Train L2 Loss :  0.06442074757814407  Rel. Test L2 Loss :  0.029758505622545877  Test L2 Loss :  0.014337153881788254  inv_L_scale:  [0.694]
Epoch :  406  Time:  51.558  Rel. Train L2 Loss :  0.06453977372248967  Rel. Test L2 Loss :  0.030319072008132934  Test L2 Loss :  0.014601880212624868  inv_L_scale:  [0.687]
Epoch :  407  Time:  51.491  Rel. Train L2 Loss :  0.06407053085168203  Rel. Test L2 Loss :  0.02984398479262988  Test L2 Loss :  0.014383877068758011  inv_L_scale:  [0.687]
Epoch :  408  Time:  51.361  Rel. Train L2 Loss :  0.06345204915603002  Rel. Test L2 Loss :  0.03038113221526146  Test L2 Loss :  0.014634869024157525  inv_L_scale:  [0.685]
Epoch :  409  Time:  51.44  Rel. Train L2 Loss :  0.0653258631626765  Rel. Test L2 Loss :  0.029974799007177352  Test L2 Loss :  0.01443770704170068  inv_L_scale:  [0.685]
Epoch :  410  Time:  51.469  Rel. Train L2 Loss :  0.06387080295880636  Rel. Test L2 Loss :  0.02962999333937963  Test L2 Loss :  0.014267896960179011  inv_L_scale:  [0.685]
Epoch :  411  Time:  50.962  Rel. Train L2 Loss :  0.06468549821774165  Rel. Test L2 Loss :  0.029594903687636058  Test L2 Loss :  0.01425504207611084  inv_L_scale:  [0.685]
Epoch :  412  Time:  51.111  Rel. Train L2 Loss :  0.06386035617192587  Rel. Test L2 Loss :  0.02898693099617958  Test L2 Loss :  0.013953062742948531  inv_L_scale:  [0.684]
Epoch :  413  Time:  50.69  Rel. Train L2 Loss :  0.06583118025461833  Rel. Test L2 Loss :  0.0283282874027888  Test L2 Loss :  0.013641288752357166  inv_L_scale:  [0.685]
Epoch :  414  Time:  50.84  Rel. Train L2 Loss :  0.06408246626456579  Rel. Test L2 Loss :  0.029533242930968602  Test L2 Loss :  0.01422803613046805  inv_L_scale:  [0.683]
Epoch :  415  Time:  51.174  Rel. Train L2 Loss :  0.06433454859256744  Rel. Test L2 Loss :  0.02888101334373156  Test L2 Loss :  0.01391073373456796  inv_L_scale:  [0.683]
Epoch :  416  Time:  53.186  Rel. Train L2 Loss :  0.06321439095338185  Rel. Test L2 Loss :  0.028146901975075404  Test L2 Loss :  0.013544335042436918  inv_L_scale:  [0.683]
Epoch :  417  Time:  51.09  Rel. Train L2 Loss :  0.06527299386262894  Rel. Test L2 Loss :  0.028646800816059113  Test L2 Loss :  0.013807830860217413  inv_L_scale:  [0.685]
Epoch :  418  Time:  51.189  Rel. Train L2 Loss :  0.06589189541339874  Rel. Test L2 Loss :  0.02847135861714681  Test L2 Loss :  0.013714680497845013  inv_L_scale:  [0.683]
Epoch :  419  Time:  51.794  Rel. Train L2 Loss :  0.068403993109862  Rel. Test L2 Loss :  0.029399560838937758  Test L2 Loss :  0.014164503663778305  inv_L_scale:  [0.683]
Epoch :  420  Time:  50.688  Rel. Train L2 Loss :  0.06469010502099991  Rel. Test L2 Loss :  0.029043988982836406  Test L2 Loss :  0.01399539055923621  inv_L_scale:  [0.683]
Epoch :  421  Time:  50.841  Rel. Train L2 Loss :  0.06461595620711645  Rel. Test L2 Loss :  0.02901533767580986  Test L2 Loss :  0.013985348815719287  inv_L_scale:  [0.683]
Epoch :  422  Time:  50.893  Rel. Train L2 Loss :  0.06595372690757116  Rel. Test L2 Loss :  0.02894864797592163  Test L2 Loss :  0.013951783031225205  inv_L_scale:  [0.684]
Epoch :  423  Time:  50.922  Rel. Train L2 Loss :  0.06430951035022736  Rel. Test L2 Loss :  0.02929461419582367  Test L2 Loss :  0.014102732042471568  inv_L_scale:  [0.68]
Epoch :  424  Time:  50.787  Rel. Train L2 Loss :  0.06361538259188335  Rel. Test L2 Loss :  0.029296740939219794  Test L2 Loss :  0.014104699939489365  inv_L_scale:  [0.681]
Epoch :  425  Time:  51.287  Rel. Train L2 Loss :  0.06269607005516688  Rel. Test L2 Loss :  0.02939784437417984  Test L2 Loss :  0.014163078839580219  inv_L_scale:  [0.681]
Epoch :  426  Time:  51.784  Rel. Train L2 Loss :  0.0680815516114235  Rel. Test L2 Loss :  0.030975314080715178  Test L2 Loss :  0.014917622233430544  inv_L_scale:  [0.681]
Epoch :  427  Time:  51.088  Rel. Train L2 Loss :  0.06469118048747381  Rel. Test L2 Loss :  0.029709672778844832  Test L2 Loss :  0.014304855739076932  inv_L_scale:  [0.681]
Epoch :  428  Time:  50.967  Rel. Train L2 Loss :  0.06358041946093242  Rel. Test L2 Loss :  0.029612806340058643  Test L2 Loss :  0.014258294279376665  inv_L_scale:  [0.681]
Epoch :  429  Time:  50.734  Rel. Train L2 Loss :  0.06449841982126236  Rel. Test L2 Loss :  0.029944831480582555  Test L2 Loss :  0.014421720057725906  inv_L_scale:  [0.68]
Epoch :  430  Time:  51.013  Rel. Train L2 Loss :  0.06481139596303304  Rel. Test L2 Loss :  0.029239125152428946  Test L2 Loss :  0.014074875364700952  inv_L_scale:  [0.68]
Epoch :  431  Time:  50.971  Rel. Train L2 Loss :  0.06328835747639339  Rel. Test L2 Loss :  0.0293888558447361  Test L2 Loss :  0.014153978849450747  inv_L_scale:  [0.682]
Epoch :  432  Time:  50.928  Rel. Train L2 Loss :  0.06277543592453003  Rel. Test L2 Loss :  0.028968890806039174  Test L2 Loss :  0.013950693905353546  inv_L_scale:  [0.682]
Epoch :  433  Time:  50.638  Rel. Train L2 Loss :  0.06360015706221263  Rel. Test L2 Loss :  0.029042825351158777  Test L2 Loss :  0.013982463032007217  inv_L_scale:  [0.682]
Epoch :  434  Time:  50.715  Rel. Train L2 Loss :  0.06348166131973267  Rel. Test L2 Loss :  0.028835375656684238  Test L2 Loss :  0.013885835483670235  inv_L_scale:  [0.683]
Epoch :  435  Time:  50.912  Rel. Train L2 Loss :  0.06267742415269216  Rel. Test L2 Loss :  0.029021824449300765  Test L2 Loss :  0.013967092807094256  inv_L_scale:  [0.684]
Epoch :  436  Time:  50.889  Rel. Train L2 Loss :  0.0634458979566892  Rel. Test L2 Loss :  0.029265163491169612  Test L2 Loss :  0.01409292533993721  inv_L_scale:  [0.684]
Epoch :  437  Time:  51.014  Rel. Train L2 Loss :  0.0640285046696663  Rel. Test L2 Loss :  0.029012465526660283  Test L2 Loss :  0.013976772303382555  inv_L_scale:  [0.685]
Epoch :  438  Time:  51.12  Rel. Train L2 Loss :  0.06323346362511317  Rel. Test L2 Loss :  0.028861748377482097  Test L2 Loss :  0.013897418230772018  inv_L_scale:  [0.685]
Epoch :  439  Time:  51.015  Rel. Train L2 Loss :  0.06665314280986787  Rel. Test L2 Loss :  0.03133900155623754  Test L2 Loss :  0.015075005739927292  inv_L_scale:  [0.684]
Epoch :  440  Time:  50.949  Rel. Train L2 Loss :  0.06477365185817083  Rel. Test L2 Loss :  0.030020376145839692  Test L2 Loss :  0.014451835776368776  inv_L_scale:  [0.684]
Epoch :  441  Time:  50.957  Rel. Train L2 Loss :  0.06451926962534586  Rel. Test L2 Loss :  0.029394121716419856  Test L2 Loss :  0.014147819677988688  inv_L_scale:  [0.683]
Epoch :  442  Time:  51.053  Rel. Train L2 Loss :  0.06477682419617971  Rel. Test L2 Loss :  0.02910425325234731  Test L2 Loss :  0.014002475788195927  inv_L_scale:  [0.683]
Epoch :  443  Time:  51.083  Rel. Train L2 Loss :  0.06405972329775492  Rel. Test L2 Loss :  0.029185909231503805  Test L2 Loss :  0.014049056470394134  inv_L_scale:  [0.683]
Epoch :  444  Time:  51.171  Rel. Train L2 Loss :  0.06304993289709092  Rel. Test L2 Loss :  0.029111441175142923  Test L2 Loss :  0.014005635877450308  inv_L_scale:  [0.683]
Epoch :  445  Time:  51.034  Rel. Train L2 Loss :  0.06514576282103857  Rel. Test L2 Loss :  0.029135298182566962  Test L2 Loss :  0.014026989738146464  inv_L_scale:  [0.683]
Epoch :  446  Time:  50.813  Rel. Train L2 Loss :  0.06272570598125458  Rel. Test L2 Loss :  0.028856910268465676  Test L2 Loss :  0.01388702226181825  inv_L_scale:  [0.682]
Epoch :  447  Time:  50.819  Rel. Train L2 Loss :  0.06325077935059865  Rel. Test L2 Loss :  0.02882321298122406  Test L2 Loss :  0.013872510915001234  inv_L_scale:  [0.683]
Epoch :  448  Time:  51.01  Rel. Train L2 Loss :  0.06328320948282877  Rel. Test L2 Loss :  0.029119596282641092  Test L2 Loss :  0.014016604498028756  inv_L_scale:  [0.682]
Epoch :  449  Time:  50.867  Rel. Train L2 Loss :  0.06260980558395386  Rel. Test L2 Loss :  0.029220939427614213  Test L2 Loss :  0.014069411804278691  inv_L_scale:  [0.682]
Epoch :  450  Time:  50.871  Rel. Train L2 Loss :  0.06271525126695633  Rel. Test L2 Loss :  0.02892950957020124  Test L2 Loss :  0.01392360972861449  inv_L_scale:  [0.682]
Epoch :  451  Time:  51.129  Rel. Train L2 Loss :  0.06328193241357803  Rel. Test L2 Loss :  0.028755891422430676  Test L2 Loss :  0.013842320516705513  inv_L_scale:  [0.683]
Epoch :  452  Time:  51.055  Rel. Train L2 Loss :  0.06187238470713297  Rel. Test L2 Loss :  0.028675849636395773  Test L2 Loss :  0.013801398972670237  inv_L_scale:  [0.684]
Epoch :  453  Time:  51.15  Rel. Train L2 Loss :  0.0632808955113093  Rel. Test L2 Loss :  0.02847621535261472  Test L2 Loss :  0.01370270570119222  inv_L_scale:  [0.685]
Epoch :  454  Time:  50.889  Rel. Train L2 Loss :  0.06386180239915848  Rel. Test L2 Loss :  0.028953694701194764  Test L2 Loss :  0.013945327897866566  inv_L_scale:  [0.685]
Epoch :  455  Time:  50.845  Rel. Train L2 Loss :  0.06267160546779632  Rel. Test L2 Loss :  0.02865764359633128  Test L2 Loss :  0.013801029920578002  inv_L_scale:  [0.686]
Epoch :  456  Time:  50.865  Rel. Train L2 Loss :  0.06252519877751668  Rel. Test L2 Loss :  0.028586611896753312  Test L2 Loss :  0.013763111829757691  inv_L_scale:  [0.685]
Epoch :  457  Time:  50.943  Rel. Train L2 Loss :  0.06190294774373373  Rel. Test L2 Loss :  0.028771391361951826  Test L2 Loss :  0.013854765569170317  inv_L_scale:  [0.686]
Epoch :  458  Time:  50.976  Rel. Train L2 Loss :  0.061964493910471596  Rel. Test L2 Loss :  0.028876880059639613  Test L2 Loss :  0.013904719402392705  inv_L_scale:  [0.687]
Epoch :  459  Time:  51.023  Rel. Train L2 Loss :  0.06129919745524724  Rel. Test L2 Loss :  0.028936090767383574  Test L2 Loss :  0.013936405330896377  inv_L_scale:  [0.687]
Epoch :  460  Time:  51.092  Rel. Train L2 Loss :  0.06357070352633794  Rel. Test L2 Loss :  0.028568042169014613  Test L2 Loss :  0.013755678782860438  inv_L_scale:  [0.687]
Epoch :  461  Time:  51.048  Rel. Train L2 Loss :  0.061865338385105134  Rel. Test L2 Loss :  0.028640730281670888  Test L2 Loss :  0.013794633348782857  inv_L_scale:  [0.687]
Epoch :  462  Time:  51.0  Rel. Train L2 Loss :  0.06168779230117798  Rel. Test L2 Loss :  0.028506925851106642  Test L2 Loss :  0.013729711721340816  inv_L_scale:  [0.688]
Epoch :  463  Time:  51.11  Rel. Train L2 Loss :  0.062232971052328744  Rel. Test L2 Loss :  0.02875244935353597  Test L2 Loss :  0.01384989654024442  inv_L_scale:  [0.688]
Epoch :  464  Time:  51.068  Rel. Train L2 Loss :  0.061936350425084434  Rel. Test L2 Loss :  0.028596529761950176  Test L2 Loss :  0.013773942415912946  inv_L_scale:  [0.687]
Epoch :  465  Time:  51.073  Rel. Train L2 Loss :  0.061509650468826296  Rel. Test L2 Loss :  0.028438936521609625  Test L2 Loss :  0.013696798707048099  inv_L_scale:  [0.687]
Epoch :  466  Time:  50.702  Rel. Train L2 Loss :  0.06086800122261048  Rel. Test L2 Loss :  0.028487823108832043  Test L2 Loss :  0.013716377168893814  inv_L_scale:  [0.687]
Epoch :  467  Time:  50.753  Rel. Train L2 Loss :  0.06211746899286906  Rel. Test L2 Loss :  0.028398186713457108  Test L2 Loss :  0.013668529167771339  inv_L_scale:  [0.687]
Epoch :  468  Time:  50.954  Rel. Train L2 Loss :  0.06217119350035985  Rel. Test L2 Loss :  0.02867443725466728  Test L2 Loss :  0.013813773542642594  inv_L_scale:  [0.687]
Epoch :  469  Time:  50.855  Rel. Train L2 Loss :  0.06356062068541844  Rel. Test L2 Loss :  0.029046714852253595  Test L2 Loss :  0.013992303212483724  inv_L_scale:  [0.687]
Epoch :  470  Time:  50.92  Rel. Train L2 Loss :  0.06253337589899699  Rel. Test L2 Loss :  0.028475493093331656  Test L2 Loss :  0.013709273859858514  inv_L_scale:  [0.687]
Epoch :  471  Time:  50.967  Rel. Train L2 Loss :  0.06292332440614701  Rel. Test L2 Loss :  0.028339047034581503  Test L2 Loss :  0.013642457947134971  inv_L_scale:  [0.687]
Epoch :  472  Time:  50.868  Rel. Train L2 Loss :  0.06248232384522756  Rel. Test L2 Loss :  0.02839793880780538  Test L2 Loss :  0.013672576919198036  inv_L_scale:  [0.687]
Epoch :  473  Time:  51.26  Rel. Train L2 Loss :  0.0601453386147817  Rel. Test L2 Loss :  0.028340687950452168  Test L2 Loss :  0.013642972831924756  inv_L_scale:  [0.687]
Epoch :  474  Time:  50.841  Rel. Train L2 Loss :  0.062393810073534645  Rel. Test L2 Loss :  0.028371227433284123  Test L2 Loss :  0.013659677530328432  inv_L_scale:  [0.687]
Epoch :  475  Time:  51.02  Rel. Train L2 Loss :  0.06299734612305959  Rel. Test L2 Loss :  0.028468774805466335  Test L2 Loss :  0.013706093629201253  inv_L_scale:  [0.687]
Epoch :  476  Time:  50.859  Rel. Train L2 Loss :  0.062462087591489156  Rel. Test L2 Loss :  0.0286295984685421  Test L2 Loss :  0.013783221617341041  inv_L_scale:  [0.687]
Epoch :  477  Time:  50.964  Rel. Train L2 Loss :  0.061862454533576965  Rel. Test L2 Loss :  0.028586056331793466  Test L2 Loss :  0.013765088816483816  inv_L_scale:  [0.687]
Epoch :  478  Time:  51.2  Rel. Train L2 Loss :  0.061729310592015585  Rel. Test L2 Loss :  0.028398448129494984  Test L2 Loss :  0.013672689373294512  inv_L_scale:  [0.687]
Epoch :  479  Time:  51.027  Rel. Train L2 Loss :  0.06284529246886571  Rel. Test L2 Loss :  0.028430639853080114  Test L2 Loss :  0.013690433750549952  inv_L_scale:  [0.687]
Epoch :  480  Time:  50.884  Rel. Train L2 Loss :  0.06256972444057464  Rel. Test L2 Loss :  0.02835332617163658  Test L2 Loss :  0.013650041644771894  inv_L_scale:  [0.687]
Epoch :  481  Time:  50.905  Rel. Train L2 Loss :  0.061823770721753435  Rel. Test L2 Loss :  0.02835641458630562  Test L2 Loss :  0.013652114247282346  inv_L_scale:  [0.687]
Epoch :  482  Time:  52.69  Rel. Train L2 Loss :  0.06254183163245519  Rel. Test L2 Loss :  0.028365084677934648  Test L2 Loss :  0.013658925046523412  inv_L_scale:  [0.687]
Epoch :  483  Time:  50.891  Rel. Train L2 Loss :  0.06188605574766795  Rel. Test L2 Loss :  0.028373729238907495  Test L2 Loss :  0.013662851676344871  inv_L_scale:  [0.687]
Epoch :  484  Time:  51.013  Rel. Train L2 Loss :  0.06192171740531922  Rel. Test L2 Loss :  0.02831097940603892  Test L2 Loss :  0.013631362641851108  inv_L_scale:  [0.687]
Epoch :  485  Time:  51.226  Rel. Train L2 Loss :  0.0626492800116539  Rel. Test L2 Loss :  0.0283940090239048  Test L2 Loss :  0.013672181020180384  inv_L_scale:  [0.688]
Epoch :  486  Time:  50.781  Rel. Train L2 Loss :  0.061264163851737975  Rel. Test L2 Loss :  0.02829450691739718  Test L2 Loss :  0.013623118152221043  inv_L_scale:  [0.687]
Epoch :  487  Time:  52.572  Rel. Train L2 Loss :  0.06261105783780416  Rel. Test L2 Loss :  0.02843637893597285  Test L2 Loss :  0.013693398733933767  inv_L_scale:  [0.687]
Epoch :  488  Time:  52.0  Rel. Train L2 Loss :  0.061868872106075286  Rel. Test L2 Loss :  0.02839259386062622  Test L2 Loss :  0.013671826248367628  inv_L_scale:  [0.687]
Epoch :  489  Time:  50.771  Rel. Train L2 Loss :  0.06098988658189774  Rel. Test L2 Loss :  0.028346986770629884  Test L2 Loss :  0.01364859069387118  inv_L_scale:  [0.687]
Epoch :  490  Time:  51.231  Rel. Train L2 Loss :  0.06186220935980479  Rel. Test L2 Loss :  0.028445646713177362  Test L2 Loss :  0.013697144240140915  inv_L_scale:  [0.687]
Epoch :  491  Time:  51.335  Rel. Train L2 Loss :  0.062333548029263816  Rel. Test L2 Loss :  0.02854416936635971  Test L2 Loss :  0.013744270851214727  inv_L_scale:  [0.687]
Epoch :  492  Time:  50.836  Rel. Train L2 Loss :  0.061593632698059085  Rel. Test L2 Loss :  0.02846351290742556  Test L2 Loss :  0.013705903589725494  inv_L_scale:  [0.687]
Epoch :  493  Time:  51.199  Rel. Train L2 Loss :  0.0621742059191068  Rel. Test L2 Loss :  0.028457914491494495  Test L2 Loss :  0.01370237278441588  inv_L_scale:  [0.687]
Epoch :  494  Time:  51.046  Rel. Train L2 Loss :  0.06235761660337448  Rel. Test L2 Loss :  0.028327855467796325  Test L2 Loss :  0.013639400402704874  inv_L_scale:  [0.687]
Epoch :  495  Time:  51.114  Rel. Train L2 Loss :  0.062233118772506715  Rel. Test L2 Loss :  0.02849228337407112  Test L2 Loss :  0.013719723870356878  inv_L_scale:  [0.687]
Epoch :  496  Time:  51.156  Rel. Train L2 Loss :  0.062436387399832406  Rel. Test L2 Loss :  0.02834054797887802  Test L2 Loss :  0.013645977824926376  inv_L_scale:  [0.687]
Epoch :  497  Time:  51.173  Rel. Train L2 Loss :  0.06172709161043167  Rel. Test L2 Loss :  0.028388013790051143  Test L2 Loss :  0.01366844321290652  inv_L_scale:  [0.687]
Epoch :  498  Time:  50.641  Rel. Train L2 Loss :  0.06212129743893941  Rel. Test L2 Loss :  0.028365089396635693  Test L2 Loss :  0.01365798220038414  inv_L_scale:  [0.687]
Epoch :  499  Time:  50.939  Rel. Train L2 Loss :  0.06145337893565496  Rel. Test L2 Loss :  0.028321061034997305  Test L2 Loss :  0.013635711843768756  inv_L_scale:  [0.687]
