equal_weight: True
train_inv_L_scale: independently
lr_ratio: 10
batch_size: 10
Casting to tensor
In PCNO_train, ndims =  1
Epoch :  0  Time:  63.818  Rel. Train L2 Loss :  0.22906251406669617  Rel. Test L2 Loss :  0.11521940012772879  Test L2 Loss :  0.05543497294187546  inv_L_scale:  [1.035]
Epoch :  1  Time:  53.51  Rel. Train L2 Loss :  0.16512416132291158  Rel. Test L2 Loss :  0.05907071908315023  Test L2 Loss :  0.02846161072452863  inv_L_scale:  [0.975]
Epoch :  2  Time:  54.026  Rel. Train L2 Loss :  0.1685304160118103  Rel. Test L2 Loss :  0.05608837236960729  Test L2 Loss :  0.027011884798606237  inv_L_scale:  [0.987]
Epoch :  3  Time:  53.834  Rel. Train L2 Loss :  0.13170971353848776  Rel. Test L2 Loss :  0.06813968429962794  Test L2 Loss :  0.03280640954772631  inv_L_scale:  [1.035]
Epoch :  4  Time:  53.701  Rel. Train L2 Loss :  0.13028642265001933  Rel. Test L2 Loss :  0.0536370912194252  Test L2 Loss :  0.02583383282025655  inv_L_scale:  [1.015]
Epoch :  5  Time:  53.888  Rel. Train L2 Loss :  0.11550990756352743  Rel. Test L2 Loss :  0.05090900624791781  Test L2 Loss :  0.024533461307485897  inv_L_scale:  [1.023]
Epoch :  6  Time:  53.636  Rel. Train L2 Loss :  0.11546474115053813  Rel. Test L2 Loss :  0.05862217932939529  Test L2 Loss :  0.028222907235225043  inv_L_scale:  [1.044]
Epoch :  7  Time:  53.692  Rel. Train L2 Loss :  0.12133340227603913  Rel. Test L2 Loss :  0.08066998362541199  Test L2 Loss :  0.038844122737646106  inv_L_scale:  [1.095]
Epoch :  8  Time:  53.813  Rel. Train L2 Loss :  0.12534465630849204  Rel. Test L2 Loss :  0.07581125557422638  Test L2 Loss :  0.03650752569238345  inv_L_scale:  [1.093]
Epoch :  9  Time:  53.83  Rel. Train L2 Loss :  0.12772805500030518  Rel. Test L2 Loss :  0.07849092731873195  Test L2 Loss :  0.03779813195268313  inv_L_scale:  [1.101]
Epoch :  10  Time:  53.732  Rel. Train L2 Loss :  0.12643686664104462  Rel. Test L2 Loss :  0.07553452889124553  Test L2 Loss :  0.03638195052742958  inv_L_scale:  [1.102]
Epoch :  11  Time:  53.795  Rel. Train L2 Loss :  0.12101007556915283  Rel. Test L2 Loss :  0.07349123845497767  Test L2 Loss :  0.03540597662329674  inv_L_scale:  [1.103]
Epoch :  12  Time:  53.745  Rel. Train L2 Loss :  0.11759961028893788  Rel. Test L2 Loss :  0.07414623588323593  Test L2 Loss :  0.03572719956437747  inv_L_scale:  [1.102]
Epoch :  13  Time:  53.928  Rel. Train L2 Loss :  0.12041789889335633  Rel. Test L2 Loss :  0.07287356277306875  Test L2 Loss :  0.03511528958876928  inv_L_scale:  [1.106]
Epoch :  14  Time:  53.942  Rel. Train L2 Loss :  0.11851533595720927  Rel. Test L2 Loss :  0.07468849172194798  Test L2 Loss :  0.036041853229204814  inv_L_scale:  [1.113]
Epoch :  15  Time:  53.559  Rel. Train L2 Loss :  0.11879725603262584  Rel. Test L2 Loss :  0.07721873660882314  Test L2 Loss :  0.03728367472688357  inv_L_scale:  [1.127]
Epoch :  16  Time:  53.826  Rel. Train L2 Loss :  0.12448415430386861  Rel. Test L2 Loss :  0.07990996946891149  Test L2 Loss :  0.03857021257281303  inv_L_scale:  [1.136]
Epoch :  17  Time:  53.788  Rel. Train L2 Loss :  0.12214349027474722  Rel. Test L2 Loss :  0.08105017632246017  Test L2 Loss :  0.03914255986611048  inv_L_scale:  [1.137]
Epoch :  18  Time:  53.741  Rel. Train L2 Loss :  0.12508611500263214  Rel. Test L2 Loss :  0.07839779675006867  Test L2 Loss :  0.03785790766278903  inv_L_scale:  [1.141]
Epoch :  19  Time:  53.675  Rel. Train L2 Loss :  0.11921219273408254  Rel. Test L2 Loss :  0.08029350648323695  Test L2 Loss :  0.03873829305171966  inv_L_scale:  [1.133]
Epoch :  20  Time:  53.566  Rel. Train L2 Loss :  0.12190023946762085  Rel. Test L2 Loss :  0.07752967178821564  Test L2 Loss :  0.03743506068984667  inv_L_scale:  [1.133]
Epoch :  21  Time:  53.783  Rel. Train L2 Loss :  0.11647952910264334  Rel. Test L2 Loss :  0.07644093026717504  Test L2 Loss :  0.03693327516317368  inv_L_scale:  [1.133]
Epoch :  22  Time:  53.626  Rel. Train L2 Loss :  0.1151208032766978  Rel. Test L2 Loss :  0.07268703699111939  Test L2 Loss :  0.035062587012847264  inv_L_scale:  [1.115]
Epoch :  23  Time:  53.816  Rel. Train L2 Loss :  0.11673173475265503  Rel. Test L2 Loss :  0.07267259269952774  Test L2 Loss :  0.03503993799289067  inv_L_scale:  [1.113]
Epoch :  24  Time:  53.734  Rel. Train L2 Loss :  0.11100678884983063  Rel. Test L2 Loss :  0.06974798490603765  Test L2 Loss :  0.03360671281814575  inv_L_scale:  [1.104]
Epoch :  25  Time:  53.764  Rel. Train L2 Loss :  0.11010532987117767  Rel. Test L2 Loss :  0.06839374413092932  Test L2 Loss :  0.032936648925145466  inv_L_scale:  [1.101]
Epoch :  26  Time:  53.795  Rel. Train L2 Loss :  0.1092957326968511  Rel. Test L2 Loss :  0.06902406811714172  Test L2 Loss :  0.0332580783466498  inv_L_scale:  [1.104]
Epoch :  27  Time:  53.814  Rel. Train L2 Loss :  0.1097962489525477  Rel. Test L2 Loss :  0.06969862381617228  Test L2 Loss :  0.03357974524299304  inv_L_scale:  [1.101]
Epoch :  28  Time:  53.962  Rel. Train L2 Loss :  0.10838120849927266  Rel. Test L2 Loss :  0.06730209370454153  Test L2 Loss :  0.03240143616994222  inv_L_scale:  [1.091]
Epoch :  29  Time:  53.721  Rel. Train L2 Loss :  0.11023917659123739  Rel. Test L2 Loss :  0.06694091151158015  Test L2 Loss :  0.032231457183758416  inv_L_scale:  [1.092]
Epoch :  30  Time:  53.969  Rel. Train L2 Loss :  0.10787984693050384  Rel. Test L2 Loss :  0.06618358631928761  Test L2 Loss :  0.0318594790995121  inv_L_scale:  [1.088]
Epoch :  31  Time:  53.992  Rel. Train L2 Loss :  0.10935753444830576  Rel. Test L2 Loss :  0.07715953499078751  Test L2 Loss :  0.03715243846178055  inv_L_scale:  [1.097]
Epoch :  32  Time:  53.941  Rel. Train L2 Loss :  0.11106987484296163  Rel. Test L2 Loss :  0.06832720845937729  Test L2 Loss :  0.03287829478581746  inv_L_scale:  [1.095]
Epoch :  33  Time:  53.683  Rel. Train L2 Loss :  0.10862436934312185  Rel. Test L2 Loss :  0.07027766466140747  Test L2 Loss :  0.033838644723097486  inv_L_scale:  [1.095]
Epoch :  34  Time:  53.823  Rel. Train L2 Loss :  0.10593277466297149  Rel. Test L2 Loss :  0.06778690189123154  Test L2 Loss :  0.03264292726914088  inv_L_scale:  [1.093]
Epoch :  35  Time:  53.725  Rel. Train L2 Loss :  0.1058855851093928  Rel. Test L2 Loss :  0.06752163042624791  Test L2 Loss :  0.03252493590116501  inv_L_scale:  [1.095]
Epoch :  36  Time:  53.911  Rel. Train L2 Loss :  0.10689238846302032  Rel. Test L2 Loss :  0.06757327069838842  Test L2 Loss :  0.03255004023512204  inv_L_scale:  [1.096]
Epoch :  37  Time:  53.902  Rel. Train L2 Loss :  0.10865407156944275  Rel. Test L2 Loss :  0.07195287932952245  Test L2 Loss :  0.03469853823383649  inv_L_scale:  [1.108]
Epoch :  38  Time:  53.788  Rel. Train L2 Loss :  0.11182949280738831  Rel. Test L2 Loss :  0.0695688475171725  Test L2 Loss :  0.03350710516174634  inv_L_scale:  [1.097]
Epoch :  39  Time:  53.71  Rel. Train L2 Loss :  0.10953732891877492  Rel. Test L2 Loss :  0.07111416717370352  Test L2 Loss :  0.03428816998998324  inv_L_scale:  [1.104]
Epoch :  40  Time:  53.813  Rel. Train L2 Loss :  0.11013545616467794  Rel. Test L2 Loss :  0.08260934929052989  Test L2 Loss :  0.039802085012197494  inv_L_scale:  [1.105]
Epoch :  41  Time:  53.815  Rel. Train L2 Loss :  0.11557030193010966  Rel. Test L2 Loss :  0.07560178985198339  Test L2 Loss :  0.036536983748277026  inv_L_scale:  [1.14]
Epoch :  42  Time:  53.919  Rel. Train L2 Loss :  0.11223811737696329  Rel. Test L2 Loss :  0.07341574609279633  Test L2 Loss :  0.0354499543706576  inv_L_scale:  [1.131]
Epoch :  43  Time:  53.667  Rel. Train L2 Loss :  0.11096177597840627  Rel. Test L2 Loss :  0.06972018053134282  Test L2 Loss :  0.033660946687062585  inv_L_scale:  [1.129]
Epoch :  44  Time:  53.858  Rel. Train L2 Loss :  0.1084449421564738  Rel. Test L2 Loss :  0.06943701217571895  Test L2 Loss :  0.033538716534773506  inv_L_scale:  [1.136]
Epoch :  45  Time:  53.726  Rel. Train L2 Loss :  0.11124927830696106  Rel. Test L2 Loss :  0.06778805404901504  Test L2 Loss :  0.03273421620329221  inv_L_scale:  [1.164]
Epoch :  46  Time:  53.762  Rel. Train L2 Loss :  0.11123922351996104  Rel. Test L2 Loss :  0.06706856439510982  Test L2 Loss :  0.03237353831529617  inv_L_scale:  [1.173]
Epoch :  47  Time:  53.48  Rel. Train L2 Loss :  0.10717126246293386  Rel. Test L2 Loss :  0.05989615907271703  Test L2 Loss :  0.02888168692588806  inv_L_scale:  [1.172]
Epoch :  48  Time:  53.869  Rel. Train L2 Loss :  0.10606305499871573  Rel. Test L2 Loss :  0.056664405365784966  Test L2 Loss :  0.02731305663784345  inv_L_scale:  [1.179]
Epoch :  49  Time:  53.954  Rel. Train L2 Loss :  0.11305077222983043  Rel. Test L2 Loss :  0.06890587081511815  Test L2 Loss :  0.03318811257680257  inv_L_scale:  [1.18]
Epoch :  50  Time:  53.824  Rel. Train L2 Loss :  0.1090904220143954  Rel. Test L2 Loss :  0.05822104384501775  Test L2 Loss :  0.028061594317356744  inv_L_scale:  [1.187]
Epoch :  51  Time:  53.574  Rel. Train L2 Loss :  0.10372167734305064  Rel. Test L2 Loss :  0.05411560406287511  Test L2 Loss :  0.026062811811765035  inv_L_scale:  [1.194]
Epoch :  52  Time:  53.788  Rel. Train L2 Loss :  0.1036804982026418  Rel. Test L2 Loss :  0.05198192596435547  Test L2 Loss :  0.025055081819494566  inv_L_scale:  [1.199]
Epoch :  53  Time:  53.768  Rel. Train L2 Loss :  0.10690704985459645  Rel. Test L2 Loss :  0.058731701572736106  Test L2 Loss :  0.02829167678952217  inv_L_scale:  [1.189]
Epoch :  54  Time:  53.795  Rel. Train L2 Loss :  0.1018485220472018  Rel. Test L2 Loss :  0.05312751561403275  Test L2 Loss :  0.0256193341811498  inv_L_scale:  [1.183]
Epoch :  55  Time:  53.763  Rel. Train L2 Loss :  0.10103672071297963  Rel. Test L2 Loss :  0.052701457540194195  Test L2 Loss :  0.02539320526023706  inv_L_scale:  [1.191]
Epoch :  56  Time:  53.937  Rel. Train L2 Loss :  0.10296274630228679  Rel. Test L2 Loss :  0.0600461445748806  Test L2 Loss :  0.028913740068674088  inv_L_scale:  [1.186]
Epoch :  57  Time:  54.183  Rel. Train L2 Loss :  0.10046677521864573  Rel. Test L2 Loss :  0.05047706057627996  Test L2 Loss :  0.02430990628898144  inv_L_scale:  [1.185]
Epoch :  58  Time:  53.691  Rel. Train L2 Loss :  0.09630994101365407  Rel. Test L2 Loss :  0.05955842802921931  Test L2 Loss :  0.02870524287223816  inv_L_scale:  [1.153]
Epoch :  59  Time:  53.515  Rel. Train L2 Loss :  0.09388880135615667  Rel. Test L2 Loss :  0.05267654796441396  Test L2 Loss :  0.025409055799245836  inv_L_scale:  [1.132]
Epoch :  60  Time:  54.006  Rel. Train L2 Loss :  0.0937123763958613  Rel. Test L2 Loss :  0.05749613344669342  Test L2 Loss :  0.027712613294521966  inv_L_scale:  [1.132]
Epoch :  61  Time:  53.572  Rel. Train L2 Loss :  0.09037238881985346  Rel. Test L2 Loss :  0.048616722176472345  Test L2 Loss :  0.02342565417289734  inv_L_scale:  [1.121]
Epoch :  62  Time:  53.581  Rel. Train L2 Loss :  0.0912588015596072  Rel. Test L2 Loss :  0.04957712312539419  Test L2 Loss :  0.023915035873651503  inv_L_scale:  [1.129]
Epoch :  63  Time:  53.553  Rel. Train L2 Loss :  0.0916139927705129  Rel. Test L2 Loss :  0.047995312164227165  Test L2 Loss :  0.02313803565998872  inv_L_scale:  [1.144]
Epoch :  64  Time:  53.629  Rel. Train L2 Loss :  0.09552058923244476  Rel. Test L2 Loss :  0.05359422286351522  Test L2 Loss :  0.02586014861861865  inv_L_scale:  [1.125]
Epoch :  65  Time:  54.124  Rel. Train L2 Loss :  0.09831380961338679  Rel. Test L2 Loss :  0.04806435247262319  Test L2 Loss :  0.02317612538735072  inv_L_scale:  [1.118]
Epoch :  66  Time:  53.997  Rel. Train L2 Loss :  0.08990496355295181  Rel. Test L2 Loss :  0.04835475007692973  Test L2 Loss :  0.02331248884399732  inv_L_scale:  [1.112]
Epoch :  67  Time:  53.829  Rel. Train L2 Loss :  0.09062802942593892  Rel. Test L2 Loss :  0.048205418090025584  Test L2 Loss :  0.02326566701134046  inv_L_scale:  [1.125]
Epoch :  68  Time:  53.652  Rel. Train L2 Loss :  0.09248788738250732  Rel. Test L2 Loss :  0.051404502193133035  Test L2 Loss :  0.024728906999031703  inv_L_scale:  [1.086]
Epoch :  69  Time:  54.833  Rel. Train L2 Loss :  0.09107800328731537  Rel. Test L2 Loss :  0.04347635746002197  Test L2 Loss :  0.02093073698381583  inv_L_scale:  [1.092]
Epoch :  70  Time:  54.15  Rel. Train L2 Loss :  0.0876253784696261  Rel. Test L2 Loss :  0.04490995720028877  Test L2 Loss :  0.02161386045316855  inv_L_scale:  [1.071]
Epoch :  71  Time:  55.046  Rel. Train L2 Loss :  0.08419154425462087  Rel. Test L2 Loss :  0.04651802082856496  Test L2 Loss :  0.022412024810910224  inv_L_scale:  [1.071]
Epoch :  72  Time:  56.861  Rel. Train L2 Loss :  0.08506775500377019  Rel. Test L2 Loss :  0.04641952236493429  Test L2 Loss :  0.02235283692677816  inv_L_scale:  [1.086]
Epoch :  73  Time:  54.163  Rel. Train L2 Loss :  0.08977316991488139  Rel. Test L2 Loss :  0.04738563766082128  Test L2 Loss :  0.02283464680115382  inv_L_scale:  [1.09]
Epoch :  74  Time:  53.969  Rel. Train L2 Loss :  0.08766486362616221  Rel. Test L2 Loss :  0.04210434635480245  Test L2 Loss :  0.02027479906876882  inv_L_scale:  [1.088]
Epoch :  75  Time:  53.947  Rel. Train L2 Loss :  0.09444030159711837  Rel. Test L2 Loss :  0.05642659892638524  Test L2 Loss :  0.027208800613880157  inv_L_scale:  [1.182]
Epoch :  76  Time:  54.119  Rel. Train L2 Loss :  0.09672847127914429  Rel. Test L2 Loss :  0.05018359422683716  Test L2 Loss :  0.024209812631209693  inv_L_scale:  [1.184]
Epoch :  77  Time:  54.058  Rel. Train L2 Loss :  0.09296311277151108  Rel. Test L2 Loss :  0.04782472247878711  Test L2 Loss :  0.02305243375400702  inv_L_scale:  [1.177]
Epoch :  78  Time:  53.909  Rel. Train L2 Loss :  0.09474237261215845  Rel. Test L2 Loss :  0.049366631110509235  Test L2 Loss :  0.02381825109322866  inv_L_scale:  [1.151]
Epoch :  79  Time:  53.893  Rel. Train L2 Loss :  0.08923804279168447  Rel. Test L2 Loss :  0.05238978922367096  Test L2 Loss :  0.0252494278550148  inv_L_scale:  [1.124]
Epoch :  80  Time:  53.997  Rel. Train L2 Loss :  0.093967256128788  Rel. Test L2 Loss :  0.06349301775296529  Test L2 Loss :  0.03056584452589353  inv_L_scale:  [1.109]
Epoch :  81  Time:  54.065  Rel. Train L2 Loss :  0.08987984796365102  Rel. Test L2 Loss :  0.04337391416231791  Test L2 Loss :  0.020892326434453327  inv_L_scale:  [1.098]
Epoch :  82  Time:  54.497  Rel. Train L2 Loss :  0.08606625046332678  Rel. Test L2 Loss :  0.04388461177547773  Test L2 Loss :  0.02114387591679891  inv_L_scale:  [1.093]
Epoch :  83  Time:  53.822  Rel. Train L2 Loss :  0.08684164033333461  Rel. Test L2 Loss :  0.04494905109206836  Test L2 Loss :  0.02165277565519015  inv_L_scale:  [1.087]
Epoch :  84  Time:  54.038  Rel. Train L2 Loss :  0.08942054690917332  Rel. Test L2 Loss :  0.04553463468949  Test L2 Loss :  0.021934557234247525  inv_L_scale:  [1.105]
Epoch :  85  Time:  54.117  Rel. Train L2 Loss :  0.08952861138184866  Rel. Test L2 Loss :  0.048488857497771584  Test L2 Loss :  0.023377615958452225  inv_L_scale:  [1.125]
Epoch :  86  Time:  53.785  Rel. Train L2 Loss :  0.08889857770999272  Rel. Test L2 Loss :  0.0454648557305336  Test L2 Loss :  0.021942508046825727  inv_L_scale:  [1.132]
Epoch :  87  Time:  54.136  Rel. Train L2 Loss :  0.10646323867638906  Rel. Test L2 Loss :  0.07183903793493907  Test L2 Loss :  0.03453975632786751  inv_L_scale:  [1.171]
Epoch :  88  Time:  53.971  Rel. Train L2 Loss :  0.09962441913286844  Rel. Test L2 Loss :  0.04739103317260742  Test L2 Loss :  0.022835584556063018  inv_L_scale:  [1.165]
Epoch :  89  Time:  54.217  Rel. Train L2 Loss :  0.09147965665658316  Rel. Test L2 Loss :  0.055177691578865054  Test L2 Loss :  0.02661562373240789  inv_L_scale:  [1.153]
Epoch :  90  Time:  53.774  Rel. Train L2 Loss :  0.09197562179962794  Rel. Test L2 Loss :  0.0477066973845164  Test L2 Loss :  0.023030195410052936  inv_L_scale:  [1.176]
Epoch :  91  Time:  54.108  Rel. Train L2 Loss :  0.09222768795490265  Rel. Test L2 Loss :  0.04815786838531494  Test L2 Loss :  0.023236228426297505  inv_L_scale:  [1.164]
Epoch :  92  Time:  54.15  Rel. Train L2 Loss :  0.09111582408348719  Rel. Test L2 Loss :  0.04677680770556132  Test L2 Loss :  0.02255117356777191  inv_L_scale:  [1.149]
Epoch :  93  Time:  53.928  Rel. Train L2 Loss :  0.08888416882356008  Rel. Test L2 Loss :  0.041824437975883484  Test L2 Loss :  0.020166288167238235  inv_L_scale:  [1.138]
Epoch :  94  Time:  58.895  Rel. Train L2 Loss :  0.08874958479404449  Rel. Test L2 Loss :  0.04626682763298352  Test L2 Loss :  0.022292745982607207  inv_L_scale:  [1.118]
Epoch :  95  Time:  53.712  Rel. Train L2 Loss :  0.08070773504177729  Rel. Test L2 Loss :  0.037355152070522306  Test L2 Loss :  0.01795976683497429  inv_L_scale:  [1.023]
Epoch :  96  Time:  53.958  Rel. Train L2 Loss :  0.08777657675743103  Rel. Test L2 Loss :  0.05998119582732519  Test L2 Loss :  0.028909078786770504  inv_L_scale:  [1.023]
Epoch :  97  Time:  53.934  Rel. Train L2 Loss :  0.0798836487531662  Rel. Test L2 Loss :  0.035400937696297964  Test L2 Loss :  0.017038228288292885  inv_L_scale:  [1.033]
Epoch :  98  Time:  53.819  Rel. Train L2 Loss :  0.07789630303780237  Rel. Test L2 Loss :  0.0385217880209287  Test L2 Loss :  0.018550592983762423  inv_L_scale:  [0.997]
Epoch :  99  Time:  54.102  Rel. Train L2 Loss :  0.0754783417781194  Rel. Test L2 Loss :  0.032807921369870506  Test L2 Loss :  0.015777589827775954  inv_L_scale:  [0.991]
Epoch :  100  Time:  53.879  Rel. Train L2 Loss :  0.08269654287894566  Rel. Test L2 Loss :  0.04042371769746145  Test L2 Loss :  0.019455951899290086  inv_L_scale:  [1.067]
Epoch :  101  Time:  53.923  Rel. Train L2 Loss :  0.08614373874664306  Rel. Test L2 Loss :  0.043890093863010404  Test L2 Loss :  0.021110840688149134  inv_L_scale:  [1.081]
Epoch :  102  Time:  53.868  Rel. Train L2 Loss :  0.0872033777832985  Rel. Test L2 Loss :  0.05246833721796672  Test L2 Loss :  0.025278477917114895  inv_L_scale:  [1.105]
Epoch :  103  Time:  53.919  Rel. Train L2 Loss :  0.0903268644809723  Rel. Test L2 Loss :  0.04574646264314652  Test L2 Loss :  0.022020276735226312  inv_L_scale:  [1.101]
Epoch :  104  Time:  54.055  Rel. Train L2 Loss :  0.09806593636671702  Rel. Test L2 Loss :  0.045534172852834065  Test L2 Loss :  0.02196760820845763  inv_L_scale:  [1.16]
Epoch :  105  Time:  53.873  Rel. Train L2 Loss :  0.09049292828639348  Rel. Test L2 Loss :  0.043675592243671416  Test L2 Loss :  0.02107541888952255  inv_L_scale:  [1.165]
Epoch :  106  Time:  53.889  Rel. Train L2 Loss :  0.09144339406490326  Rel. Test L2 Loss :  0.0457636891802152  Test L2 Loss :  0.022062487080693246  inv_L_scale:  [1.163]
Epoch :  107  Time:  53.987  Rel. Train L2 Loss :  0.08623175474007924  Rel. Test L2 Loss :  0.0425682287911574  Test L2 Loss :  0.020523959572116533  inv_L_scale:  [1.14]
Epoch :  108  Time:  54.032  Rel. Train L2 Loss :  0.08800889909267426  Rel. Test L2 Loss :  0.050766164362430574  Test L2 Loss :  0.02447364571193854  inv_L_scale:  [1.157]
Epoch :  109  Time:  54.121  Rel. Train L2 Loss :  0.08815082176526387  Rel. Test L2 Loss :  0.04302635232607523  Test L2 Loss :  0.02072912486890952  inv_L_scale:  [1.174]
Epoch :  110  Time:  53.933  Rel. Train L2 Loss :  0.08705724370479584  Rel. Test L2 Loss :  0.04667884260416031  Test L2 Loss :  0.022511388286948205  inv_L_scale:  [1.164]
Epoch :  111  Time:  53.922  Rel. Train L2 Loss :  0.08530486710866292  Rel. Test L2 Loss :  0.04398771474758784  Test L2 Loss :  0.021189444214105606  inv_L_scale:  [1.162]
Epoch :  112  Time:  53.94  Rel. Train L2 Loss :  0.08765319122870763  Rel. Test L2 Loss :  0.04248387346665065  Test L2 Loss :  0.020427750870585442  inv_L_scale:  [1.074]
Epoch :  113  Time:  53.949  Rel. Train L2 Loss :  0.07642828071117401  Rel. Test L2 Loss :  0.035543741434812544  Test L2 Loss :  0.01710039809346199  inv_L_scale:  [1.045]
Epoch :  114  Time:  53.794  Rel. Train L2 Loss :  0.07772524976730347  Rel. Test L2 Loss :  0.036718324820200605  Test L2 Loss :  0.017677938391764958  inv_L_scale:  [1.049]
Epoch :  115  Time:  54.139  Rel. Train L2 Loss :  0.0867297343214353  Rel. Test L2 Loss :  0.04231649657090505  Test L2 Loss :  0.02036618560552597  inv_L_scale:  [1.054]
Epoch :  116  Time:  53.938  Rel. Train L2 Loss :  0.08341278127829234  Rel. Test L2 Loss :  0.04200053180257479  Test L2 Loss :  0.020225248088439306  inv_L_scale:  [1.061]
Epoch :  117  Time:  53.993  Rel. Train L2 Loss :  0.09128432246049245  Rel. Test L2 Loss :  0.036213500748078026  Test L2 Loss :  0.01745601534843445  inv_L_scale:  [0.985]
Epoch :  118  Time:  54.053  Rel. Train L2 Loss :  0.07727351808547973  Rel. Test L2 Loss :  0.039069928626219434  Test L2 Loss :  0.018825839459896087  inv_L_scale:  [1.035]
Epoch :  119  Time:  54.0  Rel. Train L2 Loss :  0.08246859143177668  Rel. Test L2 Loss :  0.03668298895160357  Test L2 Loss :  0.017678050051132838  inv_L_scale:  [1.025]
Epoch :  120  Time:  54.165  Rel. Train L2 Loss :  0.07631819512446722  Rel. Test L2 Loss :  0.03508235653241475  Test L2 Loss :  0.016910658131043116  inv_L_scale:  [0.981]
Epoch :  121  Time:  53.923  Rel. Train L2 Loss :  0.07416783765951793  Rel. Test L2 Loss :  0.03252912362416585  Test L2 Loss :  0.015652206167578696  inv_L_scale:  [0.982]
Epoch :  122  Time:  53.683  Rel. Train L2 Loss :  0.08792065674066543  Rel. Test L2 Loss :  0.04752292364835739  Test L2 Loss :  0.02287666822473208  inv_L_scale:  [1.057]
Epoch :  123  Time:  54.035  Rel. Train L2 Loss :  0.08156945101420085  Rel. Test L2 Loss :  0.03608286286393801  Test L2 Loss :  0.017376870587468146  inv_L_scale:  [1.025]
Epoch :  124  Time:  53.997  Rel. Train L2 Loss :  0.0825082866748174  Rel. Test L2 Loss :  0.03772594685355822  Test L2 Loss :  0.018157155240575474  inv_L_scale:  [0.932]
Epoch :  125  Time:  53.86  Rel. Train L2 Loss :  0.08144754588603974  Rel. Test L2 Loss :  0.03793846160173416  Test L2 Loss :  0.018294505278269448  inv_L_scale:  [0.905]
Epoch :  126  Time:  53.844  Rel. Train L2 Loss :  0.07641718536615372  Rel. Test L2 Loss :  0.03439759458104769  Test L2 Loss :  0.01656932145357132  inv_L_scale:  [0.9]
Epoch :  127  Time:  53.868  Rel. Train L2 Loss :  0.07534771112600962  Rel. Test L2 Loss :  0.03417198056976001  Test L2 Loss :  0.016467012440164883  inv_L_scale:  [0.905]
Epoch :  128  Time:  54.02  Rel. Train L2 Loss :  0.07366916561126709  Rel. Test L2 Loss :  0.03197468986113866  Test L2 Loss :  0.015385021194815636  inv_L_scale:  [0.906]
Epoch :  129  Time:  53.852  Rel. Train L2 Loss :  0.07043680602312088  Rel. Test L2 Loss :  0.032156642774740854  Test L2 Loss :  0.015485764369368554  inv_L_scale:  [0.902]
Epoch :  130  Time:  54.065  Rel. Train L2 Loss :  0.09325304462512334  Rel. Test L2 Loss :  0.12704342504342397  Test L2 Loss :  0.06106816560029984  inv_L_scale:  [0.896]
Epoch :  131  Time:  53.922  Rel. Train L2 Loss :  0.08669042694568634  Rel. Test L2 Loss :  0.03828581839799881  Test L2 Loss :  0.01842615174750487  inv_L_scale:  [0.905]
Epoch :  132  Time:  53.821  Rel. Train L2 Loss :  0.0789059472878774  Rel. Test L2 Loss :  0.0381787150601546  Test L2 Loss :  0.018379985590775808  inv_L_scale:  [0.899]
Epoch :  133  Time:  53.819  Rel. Train L2 Loss :  0.07369213934739431  Rel. Test L2 Loss :  0.03332315186659495  Test L2 Loss :  0.016042974417408307  inv_L_scale:  [0.894]
Epoch :  134  Time:  53.832  Rel. Train L2 Loss :  0.09017718923091889  Rel. Test L2 Loss :  0.07602304498354594  Test L2 Loss :  0.0365621754527092  inv_L_scale:  [0.879]
Epoch :  135  Time:  54.079  Rel. Train L2 Loss :  0.08985475351413091  Rel. Test L2 Loss :  0.03853550831476847  Test L2 Loss :  0.018559390703837077  inv_L_scale:  [0.898]
Epoch :  136  Time:  53.925  Rel. Train L2 Loss :  0.08506025294462839  Rel. Test L2 Loss :  0.04575821667909622  Test L2 Loss :  0.022041997959216436  inv_L_scale:  [0.951]
Epoch :  137  Time:  54.044  Rel. Train L2 Loss :  0.07984905803203583  Rel. Test L2 Loss :  0.0423157799243927  Test L2 Loss :  0.020342957402269046  inv_L_scale:  [0.923]
Epoch :  138  Time:  53.99  Rel. Train L2 Loss :  0.08254752705494563  Rel. Test L2 Loss :  0.04804811348517736  Test L2 Loss :  0.023093097458283106  inv_L_scale:  [0.983]
Epoch :  139  Time:  53.786  Rel. Train L2 Loss :  0.07594056445360184  Rel. Test L2 Loss :  0.04004129335284233  Test L2 Loss :  0.01932401130596797  inv_L_scale:  [0.995]
Epoch :  140  Time:  54.728  Rel. Train L2 Loss :  0.08228406737248103  Rel. Test L2 Loss :  0.039214037805795667  Test L2 Loss :  0.01885557122528553  inv_L_scale:  [0.979]
Epoch :  141  Time:  54.513  Rel. Train L2 Loss :  0.07712307220697404  Rel. Test L2 Loss :  0.03719126085440318  Test L2 Loss :  0.01789709915717443  inv_L_scale:  [1.001]
Epoch :  142  Time:  54.535  Rel. Train L2 Loss :  0.07465266305208205  Rel. Test L2 Loss :  0.036663728505373  Test L2 Loss :  0.01763377440472444  inv_L_scale:  [0.996]
Epoch :  143  Time:  54.9  Rel. Train L2 Loss :  0.07521200780073801  Rel. Test L2 Loss :  0.0371467724442482  Test L2 Loss :  0.01787366107106209  inv_L_scale:  [0.99]
Epoch :  144  Time:  54.795  Rel. Train L2 Loss :  0.07514219862222672  Rel. Test L2 Loss :  0.03805696229139964  Test L2 Loss :  0.018313526635368664  inv_L_scale:  [0.972]
Epoch :  145  Time:  54.526  Rel. Train L2 Loss :  0.07576103725035985  Rel. Test L2 Loss :  0.03727481832106908  Test L2 Loss :  0.017938114628195764  inv_L_scale:  [0.971]
Epoch :  146  Time:  54.223  Rel. Train L2 Loss :  0.0785812965631485  Rel. Test L2 Loss :  0.03579822068413099  Test L2 Loss :  0.017247081970175108  inv_L_scale:  [0.963]
Epoch :  147  Time:  54.465  Rel. Train L2 Loss :  0.07716273017724355  Rel. Test L2 Loss :  0.03993886272112528  Test L2 Loss :  0.019246067727605502  inv_L_scale:  [0.992]
Epoch :  148  Time:  54.055  Rel. Train L2 Loss :  0.07883959943056107  Rel. Test L2 Loss :  0.035908028731743494  Test L2 Loss :  0.017308211972316107  inv_L_scale:  [0.984]
Epoch :  149  Time:  54.371  Rel. Train L2 Loss :  0.0753718402783076  Rel. Test L2 Loss :  0.04005796646078428  Test L2 Loss :  0.019342263340950013  inv_L_scale:  [1.01]
Epoch :  150  Time:  54.205  Rel. Train L2 Loss :  0.10322776663303375  Rel. Test L2 Loss :  0.05295897195736567  Test L2 Loss :  0.02552095741033554  inv_L_scale:  [1.088]
Epoch :  151  Time:  54.305  Rel. Train L2 Loss :  0.09697815942764282  Rel. Test L2 Loss :  0.054363990724086764  Test L2 Loss :  0.026185110012690225  inv_L_scale:  [1.118]
Epoch :  152  Time:  54.229  Rel. Train L2 Loss :  0.09320717036724091  Rel. Test L2 Loss :  0.04674905757109324  Test L2 Loss :  0.02251985192298889  inv_L_scale:  [1.084]
Epoch :  153  Time:  54.594  Rel. Train L2 Loss :  0.09070438210169474  Rel. Test L2 Loss :  0.04625238796075185  Test L2 Loss :  0.02227945511539777  inv_L_scale:  [1.088]
Epoch :  154  Time:  54.548  Rel. Train L2 Loss :  0.0858894585967064  Rel. Test L2 Loss :  0.04270239184300105  Test L2 Loss :  0.020597278624773025  inv_L_scale:  [1.063]
Epoch :  155  Time:  54.355  Rel. Train L2 Loss :  0.08933599050839743  Rel. Test L2 Loss :  0.0507219323515892  Test L2 Loss :  0.02447731614112854  inv_L_scale:  [1.164]
Epoch :  156  Time:  54.188  Rel. Train L2 Loss :  0.09294262039661408  Rel. Test L2 Loss :  0.04614386970798175  Test L2 Loss :  0.022258844673633576  inv_L_scale:  [1.168]
Epoch :  157  Time:  54.157  Rel. Train L2 Loss :  0.09719741531213125  Rel. Test L2 Loss :  0.0685091142853101  Test L2 Loss :  0.03297764743367831  inv_L_scale:  [1.26]
Epoch :  158  Time:  54.04  Rel. Train L2 Loss :  0.11891722321510315  Rel. Test L2 Loss :  0.05618975579738617  Test L2 Loss :  0.02708664576212565  inv_L_scale:  [1.274]
Epoch :  159  Time:  53.846  Rel. Train L2 Loss :  0.10439422464370728  Rel. Test L2 Loss :  0.05653407807151477  Test L2 Loss :  0.027244531959295274  inv_L_scale:  [1.273]
Epoch :  160  Time:  54.187  Rel. Train L2 Loss :  0.10023574753602346  Rel. Test L2 Loss :  0.04766188641389211  Test L2 Loss :  0.022974844947457315  inv_L_scale:  [1.272]
Epoch :  161  Time:  53.759  Rel. Train L2 Loss :  0.09803588078419367  Rel. Test L2 Loss :  0.047066705723603566  Test L2 Loss :  0.022684016674757005  inv_L_scale:  [1.281]
Epoch :  162  Time:  53.941  Rel. Train L2 Loss :  0.10028497250874838  Rel. Test L2 Loss :  0.05007279525200526  Test L2 Loss :  0.02411889046430588  inv_L_scale:  [1.285]
Epoch :  163  Time:  54.203  Rel. Train L2 Loss :  0.09730873322486877  Rel. Test L2 Loss :  0.04679219454526901  Test L2 Loss :  0.022567292402187984  inv_L_scale:  [1.29]
Epoch :  164  Time:  53.796  Rel. Train L2 Loss :  0.09721628002325694  Rel. Test L2 Loss :  0.05184027011195819  Test L2 Loss :  0.024985221649209657  inv_L_scale:  [1.291]
Epoch :  165  Time:  53.999  Rel. Train L2 Loss :  0.0967077744404475  Rel. Test L2 Loss :  0.04499631961186727  Test L2 Loss :  0.021650763327876726  inv_L_scale:  [1.29]
Epoch :  166  Time:  54.229  Rel. Train L2 Loss :  0.09694085355599721  Rel. Test L2 Loss :  0.050608071734507876  Test L2 Loss :  0.024368204871813456  inv_L_scale:  [1.299]
Epoch :  167  Time:  57.242  Rel. Train L2 Loss :  0.09797588227192561  Rel. Test L2 Loss :  0.04802763412396113  Test L2 Loss :  0.02312791722516219  inv_L_scale:  [1.298]
Epoch :  168  Time:  53.858  Rel. Train L2 Loss :  0.09896046630541483  Rel. Test L2 Loss :  0.04943253065148989  Test L2 Loss :  0.0237826402982076  inv_L_scale:  [1.301]
Epoch :  169  Time:  53.987  Rel. Train L2 Loss :  0.09474438997109731  Rel. Test L2 Loss :  0.04646293466289838  Test L2 Loss :  0.0223976847777764  inv_L_scale:  [1.291]
Epoch :  170  Time:  53.588  Rel. Train L2 Loss :  0.0952240774432818  Rel. Test L2 Loss :  0.04725710153579712  Test L2 Loss :  0.02275978135565917  inv_L_scale:  [1.288]
Epoch :  171  Time:  54.175  Rel. Train L2 Loss :  0.0940968641837438  Rel. Test L2 Loss :  0.047116837700208025  Test L2 Loss :  0.022709251493215562  inv_L_scale:  [1.289]
Epoch :  172  Time:  54.549  Rel. Train L2 Loss :  0.09435463605324428  Rel. Test L2 Loss :  0.04660397653778394  Test L2 Loss :  0.022448813393712044  inv_L_scale:  [1.283]
Epoch :  173  Time:  54.193  Rel. Train L2 Loss :  0.096503042558829  Rel. Test L2 Loss :  0.04497540578246117  Test L2 Loss :  0.021668195873498917  inv_L_scale:  [1.282]
Epoch :  174  Time:  53.992  Rel. Train L2 Loss :  0.09500990724563599  Rel. Test L2 Loss :  0.04800155614813169  Test L2 Loss :  0.02313282204171022  inv_L_scale:  [1.283]
Epoch :  175  Time:  54.396  Rel. Train L2 Loss :  0.09543860665957132  Rel. Test L2 Loss :  0.047784434954325355  Test L2 Loss :  0.023049883420268695  inv_L_scale:  [1.281]
Epoch :  176  Time:  54.482  Rel. Train L2 Loss :  0.09879233421881993  Rel. Test L2 Loss :  0.048634521514177326  Test L2 Loss :  0.023420041898886364  inv_L_scale:  [1.294]
Epoch :  177  Time:  54.062  Rel. Train L2 Loss :  0.09632946147521337  Rel. Test L2 Loss :  0.04427782242496808  Test L2 Loss :  0.02132442022363345  inv_L_scale:  [1.282]
Epoch :  178  Time:  54.365  Rel. Train L2 Loss :  0.09290849177042643  Rel. Test L2 Loss :  0.04361329182982445  Test L2 Loss :  0.021027551392714183  inv_L_scale:  [1.286]
Epoch :  179  Time:  54.364  Rel. Train L2 Loss :  0.0926438872218132  Rel. Test L2 Loss :  0.05057955930630366  Test L2 Loss :  0.024352986266215643  inv_L_scale:  [1.287]
Epoch :  180  Time:  54.189  Rel. Train L2 Loss :  0.09291547936201096  Rel. Test L2 Loss :  0.04512535706162453  Test L2 Loss :  0.02173919921120008  inv_L_scale:  [1.282]
Epoch :  181  Time:  53.918  Rel. Train L2 Loss :  0.09176796501874923  Rel. Test L2 Loss :  0.04235758309563001  Test L2 Loss :  0.020386122837662696  inv_L_scale:  [1.287]
Epoch :  182  Time:  54.34  Rel. Train L2 Loss :  0.09910161701838176  Rel. Test L2 Loss :  0.05103825454910596  Test L2 Loss :  0.024631152252356212  inv_L_scale:  [1.287]
Epoch :  183  Time:  54.576  Rel. Train L2 Loss :  0.10566297396024069  Rel. Test L2 Loss :  0.04888353923956553  Test L2 Loss :  0.02354947162171205  inv_L_scale:  [1.284]
Epoch :  184  Time:  54.391  Rel. Train L2 Loss :  0.09739047183593114  Rel. Test L2 Loss :  0.04932935158411662  Test L2 Loss :  0.02377468506495158  inv_L_scale:  [1.293]
Epoch :  185  Time:  54.458  Rel. Train L2 Loss :  0.10209906587998073  Rel. Test L2 Loss :  0.04839777151743571  Test L2 Loss :  0.023296888147791225  inv_L_scale:  [1.293]
Epoch :  186  Time:  54.584  Rel. Train L2 Loss :  0.09849306694666544  Rel. Test L2 Loss :  0.049998110135396324  Test L2 Loss :  0.024046858474612236  inv_L_scale:  [1.288]
Epoch :  187  Time:  54.261  Rel. Train L2 Loss :  0.101363872051239  Rel. Test L2 Loss :  0.04911899959047635  Test L2 Loss :  0.02364542081952095  inv_L_scale:  [1.298]
Epoch :  188  Time:  53.928  Rel. Train L2 Loss :  0.09807668197154999  Rel. Test L2 Loss :  0.04638277530670166  Test L2 Loss :  0.022307935481270153  inv_L_scale:  [1.302]
Epoch :  189  Time:  53.83  Rel. Train L2 Loss :  0.09562655889987945  Rel. Test L2 Loss :  0.047307549019654595  Test L2 Loss :  0.02275593802332878  inv_L_scale:  [1.309]
Epoch :  190  Time:  54.256  Rel. Train L2 Loss :  0.0948803102572759  Rel. Test L2 Loss :  0.04683326969544093  Test L2 Loss :  0.022491663793722787  inv_L_scale:  [1.324]
Epoch :  191  Time:  54.198  Rel. Train L2 Loss :  0.09551145245631536  Rel. Test L2 Loss :  0.051091117958227794  Test L2 Loss :  0.02453654942413171  inv_L_scale:  [1.336]
Epoch :  192  Time:  53.673  Rel. Train L2 Loss :  0.09972903513908386  Rel. Test L2 Loss :  0.05214687963326772  Test L2 Loss :  0.02504144993921121  inv_L_scale:  [1.345]
Epoch :  193  Time:  53.871  Rel. Train L2 Loss :  0.09686324898401896  Rel. Test L2 Loss :  0.04997496336698532  Test L2 Loss :  0.024000222608447076  inv_L_scale:  [1.343]
Epoch :  194  Time:  53.89  Rel. Train L2 Loss :  0.10432091816266378  Rel. Test L2 Loss :  0.05211154113213221  Test L2 Loss :  0.025115277022123336  inv_L_scale:  [1.44]
Epoch :  195  Time:  53.957  Rel. Train L2 Loss :  0.10471173071861267  Rel. Test L2 Loss :  0.049925602575143176  Test L2 Loss :  0.024066662366191545  inv_L_scale:  [1.444]
Epoch :  196  Time:  53.845  Rel. Train L2 Loss :  0.10115000579754511  Rel. Test L2 Loss :  0.050156368364890416  Test L2 Loss :  0.024184171731273334  inv_L_scale:  [1.44]
Epoch :  197  Time:  53.779  Rel. Train L2 Loss :  0.10322254552443823  Rel. Test L2 Loss :  0.04843435029188792  Test L2 Loss :  0.023369344770908355  inv_L_scale:  [1.44]
Epoch :  198  Time:  54.161  Rel. Train L2 Loss :  0.10382446360588074  Rel. Test L2 Loss :  0.051213283439477286  Test L2 Loss :  0.02468809572358926  inv_L_scale:  [1.442]
Epoch :  199  Time:  53.731  Rel. Train L2 Loss :  0.10246369500954945  Rel. Test L2 Loss :  0.050662897477547326  Test L2 Loss :  0.024433999806642532  inv_L_scale:  [1.442]
Epoch :  200  Time:  53.702  Rel. Train L2 Loss :  0.1012418324748675  Rel. Test L2 Loss :  0.04940851738055547  Test L2 Loss :  0.02383727051317692  inv_L_scale:  [1.442]
Epoch :  201  Time:  54.172  Rel. Train L2 Loss :  0.09990051023165385  Rel. Test L2 Loss :  0.049372331152359644  Test L2 Loss :  0.02382097358504931  inv_L_scale:  [1.448]
Epoch :  202  Time:  54.194  Rel. Train L2 Loss :  0.10249600809812545  Rel. Test L2 Loss :  0.0527298774321874  Test L2 Loss :  0.025448840459187827  inv_L_scale:  [1.446]
Epoch :  203  Time:  54.022  Rel. Train L2 Loss :  0.10227150857448578  Rel. Test L2 Loss :  0.05151052345832189  Test L2 Loss :  0.024851723561684292  inv_L_scale:  [1.441]
Epoch :  204  Time:  53.56  Rel. Train L2 Loss :  0.10119450440009435  Rel. Test L2 Loss :  0.05034696459770203  Test L2 Loss :  0.024290931473175684  inv_L_scale:  [1.439]
Epoch :  205  Time:  53.836  Rel. Train L2 Loss :  0.10158053203423818  Rel. Test L2 Loss :  0.04967842618624369  Test L2 Loss :  0.02395879367987315  inv_L_scale:  [1.441]
Epoch :  206  Time:  54.226  Rel. Train L2 Loss :  0.10233116467793782  Rel. Test L2 Loss :  0.05211538473765055  Test L2 Loss :  0.02513756272693475  inv_L_scale:  [1.438]
Epoch :  207  Time:  53.935  Rel. Train L2 Loss :  0.09921961756547291  Rel. Test L2 Loss :  0.04909940133492152  Test L2 Loss :  0.023700445791085562  inv_L_scale:  [1.442]
Epoch :  208  Time:  54.181  Rel. Train L2 Loss :  0.09993473319212595  Rel. Test L2 Loss :  0.051927128434181215  Test L2 Loss :  0.025052732328573864  inv_L_scale:  [1.444]
Epoch :  209  Time:  54.131  Rel. Train L2 Loss :  0.0996097782254219  Rel. Test L2 Loss :  0.04923256869117419  Test L2 Loss :  0.023769415294130642  inv_L_scale:  [1.444]
Epoch :  210  Time:  54.312  Rel. Train L2 Loss :  0.09882663969198863  Rel. Test L2 Loss :  0.0482016825179259  Test L2 Loss :  0.02326330304145813  inv_L_scale:  [1.44]
Epoch :  211  Time:  54.96  Rel. Train L2 Loss :  0.0989129207332929  Rel. Test L2 Loss :  0.05154460554321607  Test L2 Loss :  0.024869212160507838  inv_L_scale:  [1.439]
Epoch :  212  Time:  53.809  Rel. Train L2 Loss :  0.10541621291637421  Rel. Test L2 Loss :  0.05803966293732325  Test L2 Loss :  0.028002710690100987  inv_L_scale:  [1.439]
Epoch :  213  Time:  53.69  Rel. Train L2 Loss :  0.10209415143728257  Rel. Test L2 Loss :  0.049833458214998246  Test L2 Loss :  0.024033397485812506  inv_L_scale:  [1.429]
Epoch :  214  Time:  53.996  Rel. Train L2 Loss :  0.10154257659117381  Rel. Test L2 Loss :  0.05160270169377327  Test L2 Loss :  0.02489483100672563  inv_L_scale:  [1.425]
Epoch :  215  Time:  53.988  Rel. Train L2 Loss :  0.1013221881389618  Rel. Test L2 Loss :  0.05090098639329275  Test L2 Loss :  0.024559098457296688  inv_L_scale:  [1.419]
Epoch :  216  Time:  53.956  Rel. Train L2 Loss :  0.09853169419368109  Rel. Test L2 Loss :  0.04773571675022443  Test L2 Loss :  0.02305803378423055  inv_L_scale:  [1.434]
Epoch :  217  Time:  53.896  Rel. Train L2 Loss :  0.10147126684586207  Rel. Test L2 Loss :  0.04885138814647993  Test L2 Loss :  0.0235812300692002  inv_L_scale:  [1.433]
Epoch :  218  Time:  54.133  Rel. Train L2 Loss :  0.09725195682048797  Rel. Test L2 Loss :  0.04922136435906092  Test L2 Loss :  0.023763312896092733  inv_L_scale:  [1.433]
Epoch :  219  Time:  53.983  Rel. Train L2 Loss :  0.101965602517128  Rel. Test L2 Loss :  0.05382648453116417  Test L2 Loss :  0.025966067587335905  inv_L_scale:  [1.433]
Epoch :  220  Time:  53.812  Rel. Train L2 Loss :  0.0984039828379949  Rel. Test L2 Loss :  0.052263447791337965  Test L2 Loss :  0.025224895228942234  inv_L_scale:  [1.436]
Epoch :  221  Time:  53.623  Rel. Train L2 Loss :  0.09650868807236354  Rel. Test L2 Loss :  0.046852056384086606  Test L2 Loss :  0.02260738454759121  inv_L_scale:  [1.428]
Epoch :  222  Time:  53.65  Rel. Train L2 Loss :  0.09649902800718943  Rel. Test L2 Loss :  0.04925643960634867  Test L2 Loss :  0.023769006505608557  inv_L_scale:  [1.449]
Epoch :  223  Time:  53.605  Rel. Train L2 Loss :  0.10058667220671971  Rel. Test L2 Loss :  0.05053897360960642  Test L2 Loss :  0.024422273536523185  inv_L_scale:  [1.482]
Epoch :  224  Time:  53.791  Rel. Train L2 Loss :  0.0975996754169464  Rel. Test L2 Loss :  0.04821327472726504  Test L2 Loss :  0.023313175017635027  inv_L_scale:  [1.476]
Epoch :  225  Time:  53.76  Rel. Train L2 Loss :  0.09591275539000829  Rel. Test L2 Loss :  0.048934781551361085  Test L2 Loss :  0.023635799338420232  inv_L_scale:  [1.479]
Epoch :  226  Time:  54.001  Rel. Train L2 Loss :  0.09679342023531595  Rel. Test L2 Loss :  0.04927826409538587  Test L2 Loss :  0.02376998481651147  inv_L_scale:  [1.476]
Epoch :  227  Time:  53.974  Rel. Train L2 Loss :  0.09642150350411734  Rel. Test L2 Loss :  0.04766652618845304  Test L2 Loss :  0.023006860862175623  inv_L_scale:  [1.441]
Epoch :  228  Time:  53.949  Rel. Train L2 Loss :  0.09760157803694407  Rel. Test L2 Loss :  0.05435772230227788  Test L2 Loss :  0.026224523236354193  inv_L_scale:  [1.432]
Epoch :  229  Time:  53.984  Rel. Train L2 Loss :  0.09725362994273504  Rel. Test L2 Loss :  0.04935951699813207  Test L2 Loss :  0.023808349817991258  inv_L_scale:  [1.42]
Epoch :  230  Time:  53.714  Rel. Train L2 Loss :  0.09588163125514984  Rel. Test L2 Loss :  0.04580813616514206  Test L2 Loss :  0.022086207369963327  inv_L_scale:  [1.423]
Epoch :  231  Time:  54.03  Rel. Train L2 Loss :  0.09351540096600851  Rel. Test L2 Loss :  0.049769605298837026  Test L2 Loss :  0.02399164833128452  inv_L_scale:  [1.421]
Epoch :  232  Time:  54.142  Rel. Train L2 Loss :  0.09374453528722128  Rel. Test L2 Loss :  0.04882063960035642  Test L2 Loss :  0.023516494010885555  inv_L_scale:  [1.392]
Epoch :  233  Time:  54.007  Rel. Train L2 Loss :  0.09453047494093578  Rel. Test L2 Loss :  0.04650252088904381  Test L2 Loss :  0.022364826401074726  inv_L_scale:  [1.378]
Epoch :  234  Time:  54.011  Rel. Train L2 Loss :  0.09213481128215789  Rel. Test L2 Loss :  0.04776066477100054  Test L2 Loss :  0.02297967513402303  inv_L_scale:  [1.36]
Epoch :  235  Time:  53.821  Rel. Train L2 Loss :  0.09017390690247218  Rel. Test L2 Loss :  0.04557934537529945  Test L2 Loss :  0.021926539291938146  inv_L_scale:  [1.362]
Epoch :  236  Time:  53.96  Rel. Train L2 Loss :  0.09083685831228892  Rel. Test L2 Loss :  0.046605311582485834  Test L2 Loss :  0.022437353208661078  inv_L_scale:  [1.372]
Epoch :  237  Time:  53.711  Rel. Train L2 Loss :  0.09204039041201273  Rel. Test L2 Loss :  0.05049155746897062  Test L2 Loss :  0.024342004458109537  inv_L_scale:  [1.399]
Epoch :  238  Time:  54.176  Rel. Train L2 Loss :  0.08925642555952072  Rel. Test L2 Loss :  0.045908173521359764  Test L2 Loss :  0.02208647775153319  inv_L_scale:  [1.372]
Epoch :  239  Time:  53.94  Rel. Train L2 Loss :  0.09023832913239797  Rel. Test L2 Loss :  0.047170441697041196  Test L2 Loss :  0.02270011859635512  inv_L_scale:  [1.379]
Epoch :  240  Time:  53.79  Rel. Train L2 Loss :  0.0941992299159368  Rel. Test L2 Loss :  0.049198111097017924  Test L2 Loss :  0.023646286204457283  inv_L_scale:  [1.352]
Epoch :  241  Time:  54.034  Rel. Train L2 Loss :  0.09076810306310654  Rel. Test L2 Loss :  0.05153593257069588  Test L2 Loss :  0.02475963845849037  inv_L_scale:  [1.348]
Epoch :  242  Time:  53.945  Rel. Train L2 Loss :  0.09270279288291931  Rel. Test L2 Loss :  0.04916465729475021  Test L2 Loss :  0.023634790629148483  inv_L_scale:  [1.352]
Epoch :  243  Time:  54.051  Rel. Train L2 Loss :  0.09534985101222992  Rel. Test L2 Loss :  0.05228137875596682  Test L2 Loss :  0.025139241466919583  inv_L_scale:  [1.377]
Epoch :  244  Time:  54.031  Rel. Train L2 Loss :  0.09817406010627747  Rel. Test L2 Loss :  0.050157857785622276  Test L2 Loss :  0.02417573836942514  inv_L_scale:  [1.41]
Epoch :  245  Time:  53.895  Rel. Train L2 Loss :  0.09630677618583043  Rel. Test L2 Loss :  0.051523783802986146  Test L2 Loss :  0.024823776508371035  inv_L_scale:  [1.406]
Epoch :  246  Time:  53.952  Rel. Train L2 Loss :  0.09243017333745956  Rel. Test L2 Loss :  0.04875564704338709  Test L2 Loss :  0.023486966515580812  inv_L_scale:  [1.397]
Epoch :  247  Time:  53.799  Rel. Train L2 Loss :  0.09504539732138316  Rel. Test L2 Loss :  0.051097819407780964  Test L2 Loss :  0.02466017708182335  inv_L_scale:  [1.484]
Epoch :  248  Time:  53.969  Rel. Train L2 Loss :  0.09877669322490693  Rel. Test L2 Loss :  0.04895312905311584  Test L2 Loss :  0.023646675497293473  inv_L_scale:  [1.482]
Epoch :  249  Time:  53.775  Rel. Train L2 Loss :  0.09652896422147751  Rel. Test L2 Loss :  0.04899658918380737  Test L2 Loss :  0.023656418323516847  inv_L_scale:  [1.483]
Epoch :  250  Time:  53.865  Rel. Train L2 Loss :  0.09282872585455576  Rel. Test L2 Loss :  0.048349339216947555  Test L2 Loss :  0.023360069716970126  inv_L_scale:  [1.487]
Epoch :  251  Time:  54.175  Rel. Train L2 Loss :  0.09384835644563039  Rel. Test L2 Loss :  0.04973763823509216  Test L2 Loss :  0.024019714693228403  inv_L_scale:  [1.489]
Epoch :  252  Time:  53.882  Rel. Train L2 Loss :  0.09202682860692342  Rel. Test L2 Loss :  0.05203274885813395  Test L2 Loss :  0.025103392302989958  inv_L_scale:  [1.507]
Epoch :  253  Time:  53.946  Rel. Train L2 Loss :  0.09392210896809895  Rel. Test L2 Loss :  0.04950628181298574  Test L2 Loss :  0.023857034494479498  inv_L_scale:  [1.507]
Epoch :  254  Time:  53.721  Rel. Train L2 Loss :  0.09589985531568528  Rel. Test L2 Loss :  0.0571263562142849  Test L2 Loss :  0.02751068979501724  inv_L_scale:  [1.503]
Epoch :  255  Time:  53.864  Rel. Train L2 Loss :  0.09466778866449992  Rel. Test L2 Loss :  0.05489194552103678  Test L2 Loss :  0.026467278947432837  inv_L_scale:  [1.51]
Epoch :  256  Time:  53.699  Rel. Train L2 Loss :  0.09372462952136994  Rel. Test L2 Loss :  0.051526583433151245  Test L2 Loss :  0.024846457317471503  inv_L_scale:  [1.48]
Epoch :  257  Time:  53.932  Rel. Train L2 Loss :  0.09283927236000697  Rel. Test L2 Loss :  0.052294833908478416  Test L2 Loss :  0.02523888538281123  inv_L_scale:  [1.482]
Epoch :  258  Time:  53.551  Rel. Train L2 Loss :  0.09121368290980657  Rel. Test L2 Loss :  0.052552539904912314  Test L2 Loss :  0.02536422496040662  inv_L_scale:  [1.483]
Epoch :  259  Time:  53.743  Rel. Train L2 Loss :  0.08959025845925013  Rel. Test L2 Loss :  0.04839505225419998  Test L2 Loss :  0.023316912353038788  inv_L_scale:  [1.486]
Epoch :  260  Time:  54.016  Rel. Train L2 Loss :  0.09195458275079728  Rel. Test L2 Loss :  0.048744838237762454  Test L2 Loss :  0.023515410721302032  inv_L_scale:  [1.487]
Epoch :  261  Time:  53.827  Rel. Train L2 Loss :  0.09408715615669887  Rel. Test L2 Loss :  0.04995958755413691  Test L2 Loss :  0.02409519279996554  inv_L_scale:  [1.49]
Epoch :  262  Time:  57.955  Rel. Train L2 Loss :  0.0894158246119817  Rel. Test L2 Loss :  0.04738707279165586  Test L2 Loss :  0.022870503241817157  inv_L_scale:  [1.482]
Epoch :  263  Time:  53.935  Rel. Train L2 Loss :  0.09264933149019877  Rel. Test L2 Loss :  0.047481546700000765  Test L2 Loss :  0.022921183879176774  inv_L_scale:  [1.477]
Epoch :  264  Time:  54.065  Rel. Train L2 Loss :  0.09188356121381124  Rel. Test L2 Loss :  0.0492081522444884  Test L2 Loss :  0.023749774172902107  inv_L_scale:  [1.457]
Epoch :  265  Time:  53.852  Rel. Train L2 Loss :  0.09377056920528412  Rel. Test L2 Loss :  0.04559393242001533  Test L2 Loss :  0.022036487932006518  inv_L_scale:  [1.449]
Epoch :  266  Time:  53.937  Rel. Train L2 Loss :  0.09211055068174998  Rel. Test L2 Loss :  0.04841540599862734  Test L2 Loss :  0.023394733642538388  inv_L_scale:  [1.446]
Epoch :  267  Time:  54.199  Rel. Train L2 Loss :  0.09539976765712102  Rel. Test L2 Loss :  0.04714206943909327  Test L2 Loss :  0.022762038012345633  inv_L_scale:  [1.449]
Epoch :  268  Time:  53.953  Rel. Train L2 Loss :  0.0916290605465571  Rel. Test L2 Loss :  0.04747767706712087  Test L2 Loss :  0.02292426270743211  inv_L_scale:  [1.454]
Epoch :  269  Time:  53.65  Rel. Train L2 Loss :  0.09146495318412781  Rel. Test L2 Loss :  0.05339599510033925  Test L2 Loss :  0.025774044146140415  inv_L_scale:  [1.444]
Epoch :  270  Time:  53.749  Rel. Train L2 Loss :  0.09286711621284485  Rel. Test L2 Loss :  0.046227032293876015  Test L2 Loss :  0.022289025535186132  inv_L_scale:  [1.442]
Epoch :  271  Time:  54.243  Rel. Train L2 Loss :  0.09036754580338796  Rel. Test L2 Loss :  0.04839569598436356  Test L2 Loss :  0.02336611146728198  inv_L_scale:  [1.464]
Epoch :  272  Time:  53.71  Rel. Train L2 Loss :  0.0897978807091713  Rel. Test L2 Loss :  0.04542877167463302  Test L2 Loss :  0.021893109207352  inv_L_scale:  [1.467]
Epoch :  273  Time:  53.959  Rel. Train L2 Loss :  0.08896521510680516  Rel. Test L2 Loss :  0.04894625534613927  Test L2 Loss :  0.023619151065746944  inv_L_scale:  [1.474]
Epoch :  274  Time:  54.126  Rel. Train L2 Loss :  0.08834448480606079  Rel. Test L2 Loss :  0.048859866559505465  Test L2 Loss :  0.023571836998065313  inv_L_scale:  [1.456]
Epoch :  275  Time:  53.722  Rel. Train L2 Loss :  0.08783108381430307  Rel. Test L2 Loss :  0.04940984507401784  Test L2 Loss :  0.023852788135409354  inv_L_scale:  [1.467]
Epoch :  276  Time:  54.094  Rel. Train L2 Loss :  0.08878360919157664  Rel. Test L2 Loss :  0.05055586944023768  Test L2 Loss :  0.024370730022589365  inv_L_scale:  [1.486]
Epoch :  277  Time:  53.691  Rel. Train L2 Loss :  0.08790375262498856  Rel. Test L2 Loss :  0.04700282340248426  Test L2 Loss :  0.022636251250902812  inv_L_scale:  [1.499]
Epoch :  278  Time:  53.96  Rel. Train L2 Loss :  0.08917150809367498  Rel. Test L2 Loss :  0.047411448657512664  Test L2 Loss :  0.02283565379679203  inv_L_scale:  [1.494]
Epoch :  279  Time:  53.957  Rel. Train L2 Loss :  0.08702391674121221  Rel. Test L2 Loss :  0.04917787944277128  Test L2 Loss :  0.02369910329580307  inv_L_scale:  [1.506]
Epoch :  280  Time:  53.838  Rel. Train L2 Loss :  0.08844124287366867  Rel. Test L2 Loss :  0.049216731091340386  Test L2 Loss :  0.023692220052083334  inv_L_scale:  [1.507]
Epoch :  281  Time:  53.715  Rel. Train L2 Loss :  0.09129060830672582  Rel. Test L2 Loss :  0.04967694103717804  Test L2 Loss :  0.02391014004747073  inv_L_scale:  [1.551]
Epoch :  282  Time:  54.033  Rel. Train L2 Loss :  0.09394761099418004  Rel. Test L2 Loss :  0.05093722323576609  Test L2 Loss :  0.024515743032097817  inv_L_scale:  [1.545]
Epoch :  283  Time:  54.028  Rel. Train L2 Loss :  0.09090657317638397  Rel. Test L2 Loss :  0.050639376640319825  Test L2 Loss :  0.024346737811962765  inv_L_scale:  [1.545]
Epoch :  284  Time:  53.802  Rel. Train L2 Loss :  0.08985150450468063  Rel. Test L2 Loss :  0.04727935329079628  Test L2 Loss :  0.02273430978258451  inv_L_scale:  [1.529]
Epoch :  285  Time:  53.8  Rel. Train L2 Loss :  0.08696112845341364  Rel. Test L2 Loss :  0.04679108922680219  Test L2 Loss :  0.022504768719275793  inv_L_scale:  [1.511]
Epoch :  286  Time:  53.96  Rel. Train L2 Loss :  0.08550843858718872  Rel. Test L2 Loss :  0.04425216550628344  Test L2 Loss :  0.021314170186718304  inv_L_scale:  [1.51]
Epoch :  287  Time:  53.855  Rel. Train L2 Loss :  0.08608004721005758  Rel. Test L2 Loss :  0.047106796701749165  Test L2 Loss :  0.022695134207606316  inv_L_scale:  [1.502]
Epoch :  288  Time:  54.012  Rel. Train L2 Loss :  0.08589131569862365  Rel. Test L2 Loss :  0.0483750681579113  Test L2 Loss :  0.0233304796119531  inv_L_scale:  [1.484]
Epoch :  289  Time:  53.838  Rel. Train L2 Loss :  0.08718167871236801  Rel. Test L2 Loss :  0.04528112083673477  Test L2 Loss :  0.021834061245123545  inv_L_scale:  [1.47]
Epoch :  290  Time:  53.841  Rel. Train L2 Loss :  0.08701559025049209  Rel. Test L2 Loss :  0.046446779469648994  Test L2 Loss :  0.02241630730529626  inv_L_scale:  [1.462]
Epoch :  291  Time:  56.63  Rel. Train L2 Loss :  0.08737546503543854  Rel. Test L2 Loss :  0.04707664539416631  Test L2 Loss :  0.02270431011915207  inv_L_scale:  [1.448]
Epoch :  292  Time:  53.748  Rel. Train L2 Loss :  0.088299236814181  Rel. Test L2 Loss :  0.044077592144409816  Test L2 Loss :  0.021263605207204817  inv_L_scale:  [1.454]
Epoch :  293  Time:  53.828  Rel. Train L2 Loss :  0.08630548892418544  Rel. Test L2 Loss :  0.046656378606955214  Test L2 Loss :  0.02249468517800172  inv_L_scale:  [1.485]
Epoch :  294  Time:  53.982  Rel. Train L2 Loss :  0.08360066612561544  Rel. Test L2 Loss :  0.047539896567662554  Test L2 Loss :  0.02289644829928875  inv_L_scale:  [1.492]
Epoch :  295  Time:  54.017  Rel. Train L2 Loss :  0.08312936703364054  Rel. Test L2 Loss :  0.04143827254573504  Test L2 Loss :  0.01997685876985391  inv_L_scale:  [1.467]
Epoch :  296  Time:  53.868  Rel. Train L2 Loss :  0.08407044905424119  Rel. Test L2 Loss :  0.04641147946317991  Test L2 Loss :  0.022336644008755683  inv_L_scale:  [1.505]
Epoch :  297  Time:  53.989  Rel. Train L2 Loss :  0.0824170655409495  Rel. Test L2 Loss :  0.043763724168141685  Test L2 Loss :  0.021060135439038275  inv_L_scale:  [1.507]
Epoch :  298  Time:  54.059  Rel. Train L2 Loss :  0.08410166825850805  Rel. Test L2 Loss :  0.04565518101056417  Test L2 Loss :  0.02197669153412183  inv_L_scale:  [1.525]
Epoch :  299  Time:  54.069  Rel. Train L2 Loss :  0.0856760343114535  Rel. Test L2 Loss :  0.0454303536315759  Test L2 Loss :  0.02183917281528314  inv_L_scale:  [1.527]
Epoch :  300  Time:  53.849  Rel. Train L2 Loss :  0.08531941390037537  Rel. Test L2 Loss :  0.04638594503204028  Test L2 Loss :  0.02230991579592228  inv_L_scale:  [1.525]
Epoch :  301  Time:  53.917  Rel. Train L2 Loss :  0.08629250160853068  Rel. Test L2 Loss :  0.04420756965875625  Test L2 Loss :  0.02123718798160553  inv_L_scale:  [1.529]
Epoch :  302  Time:  53.758  Rel. Train L2 Loss :  0.08505551139513652  Rel. Test L2 Loss :  0.047113921989997226  Test L2 Loss :  0.02266730139652888  inv_L_scale:  [1.529]
Epoch :  303  Time:  53.876  Rel. Train L2 Loss :  0.08363795797030131  Rel. Test L2 Loss :  0.04678356533249219  Test L2 Loss :  0.022529219165444373  inv_L_scale:  [1.526]
Epoch :  304  Time:  54.083  Rel. Train L2 Loss :  0.08406652696927389  Rel. Test L2 Loss :  0.04657966787616412  Test L2 Loss :  0.02241768144071102  inv_L_scale:  [1.52]
Epoch :  305  Time:  54.113  Rel. Train L2 Loss :  0.08464128408829372  Rel. Test L2 Loss :  0.046179145326217017  Test L2 Loss :  0.022262550567587216  inv_L_scale:  [1.494]
Epoch :  306  Time:  53.875  Rel. Train L2 Loss :  0.08095279709498088  Rel. Test L2 Loss :  0.0414664622147878  Test L2 Loss :  0.01996879421174526  inv_L_scale:  [1.495]
Epoch :  307  Time:  53.915  Rel. Train L2 Loss :  0.08286265589793523  Rel. Test L2 Loss :  0.045964818249146146  Test L2 Loss :  0.02211271007855733  inv_L_scale:  [1.522]
Epoch :  308  Time:  53.972  Rel. Train L2 Loss :  0.08106393730640411  Rel. Test L2 Loss :  0.043750367611646655  Test L2 Loss :  0.02105189226567745  inv_L_scale:  [1.529]
Epoch :  309  Time:  53.804  Rel. Train L2 Loss :  0.0830168202718099  Rel. Test L2 Loss :  0.04713175485531489  Test L2 Loss :  0.02268090379734834  inv_L_scale:  [1.511]
Epoch :  310  Time:  54.064  Rel. Train L2 Loss :  0.08067140263319016  Rel. Test L2 Loss :  0.04943779548009237  Test L2 Loss :  0.023794997533162436  inv_L_scale:  [1.512]
Epoch :  311  Time:  53.837  Rel. Train L2 Loss :  0.08157885676622391  Rel. Test L2 Loss :  0.04240417907635371  Test L2 Loss :  0.020420899068315825  inv_L_scale:  [1.501]
Epoch :  312  Time:  54.094  Rel. Train L2 Loss :  0.07940641029675802  Rel. Test L2 Loss :  0.04263314947485924  Test L2 Loss :  0.02051368368168672  inv_L_scale:  [1.5]
Epoch :  313  Time:  53.899  Rel. Train L2 Loss :  0.0794469499985377  Rel. Test L2 Loss :  0.04384940678874651  Test L2 Loss :  0.021117241084575654  inv_L_scale:  [1.51]
Epoch :  314  Time:  53.94  Rel. Train L2 Loss :  0.07959343826770783  Rel. Test L2 Loss :  0.04856858392556508  Test L2 Loss :  0.023402545948823295  inv_L_scale:  [1.491]
Epoch :  315  Time:  53.868  Rel. Train L2 Loss :  0.07991650591293971  Rel. Test L2 Loss :  0.04394155532121658  Test L2 Loss :  0.021159434268871943  inv_L_scale:  [1.5]
Epoch :  316  Time:  54.05  Rel. Train L2 Loss :  0.07929826923211415  Rel. Test L2 Loss :  0.04689308901627858  Test L2 Loss :  0.0225921314706405  inv_L_scale:  [1.49]
Epoch :  317  Time:  54.018  Rel. Train L2 Loss :  0.08022933773199717  Rel. Test L2 Loss :  0.04547246620059013  Test L2 Loss :  0.021904167930285136  inv_L_scale:  [1.499]
Epoch :  318  Time:  53.968  Rel. Train L2 Loss :  0.07962318698565166  Rel. Test L2 Loss :  0.043544202695290246  Test L2 Loss :  0.020964204967021942  inv_L_scale:  [1.49]
Epoch :  319  Time:  53.941  Rel. Train L2 Loss :  0.07935383651653925  Rel. Test L2 Loss :  0.046929188172022504  Test L2 Loss :  0.02261034905910492  inv_L_scale:  [1.494]
Epoch :  320  Time:  54.062  Rel. Train L2 Loss :  0.08420755503575007  Rel. Test L2 Loss :  0.04714471384882927  Test L2 Loss :  0.0227059439321359  inv_L_scale:  [1.476]
Epoch :  321  Time:  53.802  Rel. Train L2 Loss :  0.08474273308118184  Rel. Test L2 Loss :  0.04388563816746076  Test L2 Loss :  0.021142776409784955  inv_L_scale:  [1.465]
Epoch :  322  Time:  53.913  Rel. Train L2 Loss :  0.08188635961214702  Rel. Test L2 Loss :  0.043446878542502725  Test L2 Loss :  0.02093458627661069  inv_L_scale:  [1.484]
Epoch :  323  Time:  53.921  Rel. Train L2 Loss :  0.07777807033061981  Rel. Test L2 Loss :  0.04299641276399294  Test L2 Loss :  0.020702019259333612  inv_L_scale:  [1.478]
Epoch :  324  Time:  53.965  Rel. Train L2 Loss :  0.08295912816127142  Rel. Test L2 Loss :  0.045519815534353254  Test L2 Loss :  0.021925730655590694  inv_L_scale:  [1.454]
Epoch :  325  Time:  53.604  Rel. Train L2 Loss :  0.08457100123167038  Rel. Test L2 Loss :  0.041936191419760384  Test L2 Loss :  0.020203805069128673  inv_L_scale:  [1.471]
Epoch :  326  Time:  53.643  Rel. Train L2 Loss :  0.08128586691617966  Rel. Test L2 Loss :  0.04468332027395566  Test L2 Loss :  0.021535722787181535  inv_L_scale:  [1.496]
Epoch :  327  Time:  53.893  Rel. Train L2 Loss :  0.08380984870592753  Rel. Test L2 Loss :  0.04544599642356237  Test L2 Loss :  0.021876547659436862  inv_L_scale:  [1.53]
Epoch :  328  Time:  54.154  Rel. Train L2 Loss :  0.0821520406405131  Rel. Test L2 Loss :  0.04172539368271828  Test L2 Loss :  0.020082463721434275  inv_L_scale:  [1.529]
Epoch :  329  Time:  53.882  Rel. Train L2 Loss :  0.07887017448743185  Rel. Test L2 Loss :  0.04177257229884466  Test L2 Loss :  0.02012359954416752  inv_L_scale:  [1.525]
Epoch :  330  Time:  53.733  Rel. Train L2 Loss :  0.08110919408003489  Rel. Test L2 Loss :  0.04346160138646762  Test L2 Loss :  0.0209259778012832  inv_L_scale:  [1.523]
Epoch :  331  Time:  53.728  Rel. Train L2 Loss :  0.07980536693334579  Rel. Test L2 Loss :  0.04211026097337405  Test L2 Loss :  0.020261794005831082  inv_L_scale:  [1.535]
Epoch :  332  Time:  53.922  Rel. Train L2 Loss :  0.08293328968683879  Rel. Test L2 Loss :  0.042758732487758  Test L2 Loss :  0.020575374414523444  inv_L_scale:  [1.535]
Epoch :  333  Time:  53.85  Rel. Train L2 Loss :  0.07862579905986786  Rel. Test L2 Loss :  0.04448648611704509  Test L2 Loss :  0.021393866688013078  inv_L_scale:  [1.525]
Epoch :  334  Time:  53.711  Rel. Train L2 Loss :  0.0778304848074913  Rel. Test L2 Loss :  0.04257639358441035  Test L2 Loss :  0.02048270935813586  inv_L_scale:  [1.507]
Epoch :  335  Time:  53.867  Rel. Train L2 Loss :  0.08058939848343531  Rel. Test L2 Loss :  0.04168184285362562  Test L2 Loss :  0.02009576365351677  inv_L_scale:  [1.481]
Epoch :  336  Time:  53.937  Rel. Train L2 Loss :  0.07809668626387914  Rel. Test L2 Loss :  0.042437694172064465  Test L2 Loss :  0.020472050607204438  inv_L_scale:  [1.484]
Epoch :  337  Time:  53.947  Rel. Train L2 Loss :  0.07807809410492579  Rel. Test L2 Loss :  0.03976271500190099  Test L2 Loss :  0.01916894756257534  inv_L_scale:  [1.483]
Epoch :  338  Time:  53.635  Rel. Train L2 Loss :  0.07770938378572464  Rel. Test L2 Loss :  0.03833705907066663  Test L2 Loss :  0.018478073254227637  inv_L_scale:  [1.468]
Epoch :  339  Time:  53.846  Rel. Train L2 Loss :  0.07828991184631984  Rel. Test L2 Loss :  0.04024407784144084  Test L2 Loss :  0.019401273528734844  inv_L_scale:  [1.469]
Epoch :  340  Time:  53.751  Rel. Train L2 Loss :  0.07784742917617161  Rel. Test L2 Loss :  0.03904357771078745  Test L2 Loss :  0.01883102039496104  inv_L_scale:  [1.471]
Epoch :  341  Time:  53.934  Rel. Train L2 Loss :  0.07890020056565603  Rel. Test L2 Loss :  0.04111241484681765  Test L2 Loss :  0.01983206979930401  inv_L_scale:  [1.462]
Epoch :  342  Time:  54.027  Rel. Train L2 Loss :  0.07709234529733658  Rel. Test L2 Loss :  0.03943762833873431  Test L2 Loss :  0.01902454992135366  inv_L_scale:  [1.481]
Epoch :  343  Time:  54.059  Rel. Train L2 Loss :  0.07716760482390722  Rel. Test L2 Loss :  0.04337068518002828  Test L2 Loss :  0.020931176220377285  inv_L_scale:  [1.481]
Epoch :  344  Time:  54.178  Rel. Train L2 Loss :  0.07588581041495006  Rel. Test L2 Loss :  0.040259436269601184  Test L2 Loss :  0.019425950298706692  inv_L_scale:  [1.483]
Epoch :  345  Time:  54.005  Rel. Train L2 Loss :  0.07427780801057815  Rel. Test L2 Loss :  0.04128156016270319  Test L2 Loss :  0.01991019015510877  inv_L_scale:  [1.493]
Epoch :  346  Time:  54.042  Rel. Train L2 Loss :  0.07702587095896403  Rel. Test L2 Loss :  0.04336784218748411  Test L2 Loss :  0.02090434027214845  inv_L_scale:  [1.496]
Epoch :  347  Time:  53.871  Rel. Train L2 Loss :  0.07774731800953547  Rel. Test L2 Loss :  0.04046172072490056  Test L2 Loss :  0.0194979161520799  inv_L_scale:  [1.511]
Epoch :  348  Time:  53.854  Rel. Train L2 Loss :  0.07746336712439855  Rel. Test L2 Loss :  0.03953878660996755  Test L2 Loss :  0.019031693240006763  inv_L_scale:  [1.52]
Epoch :  349  Time:  53.96  Rel. Train L2 Loss :  0.07873974736531575  Rel. Test L2 Loss :  0.040059590488672255  Test L2 Loss :  0.019295901134610174  inv_L_scale:  [1.519]
Epoch :  350  Time:  53.732  Rel. Train L2 Loss :  0.07569693930943806  Rel. Test L2 Loss :  0.04003829643130302  Test L2 Loss :  0.01930289906760057  inv_L_scale:  [1.499]
Epoch :  351  Time:  53.9  Rel. Train L2 Loss :  0.07472809384266535  Rel. Test L2 Loss :  0.04120951071381569  Test L2 Loss :  0.019869620501995085  inv_L_scale:  [1.502]
Epoch :  352  Time:  53.806  Rel. Train L2 Loss :  0.07348276867469151  Rel. Test L2 Loss :  0.04326525752743085  Test L2 Loss :  0.020871237392226856  inv_L_scale:  [1.493]
Epoch :  353  Time:  53.845  Rel. Train L2 Loss :  0.07433902937173843  Rel. Test L2 Loss :  0.04070867091417313  Test L2 Loss :  0.01963211181263129  inv_L_scale:  [1.498]
Epoch :  354  Time:  53.849  Rel. Train L2 Loss :  0.07372370702028275  Rel. Test L2 Loss :  0.04069521422187487  Test L2 Loss :  0.019625092645486196  inv_L_scale:  [1.496]
Epoch :  355  Time:  53.855  Rel. Train L2 Loss :  0.07401478306452433  Rel. Test L2 Loss :  0.040960417687892915  Test L2 Loss :  0.019740793431798617  inv_L_scale:  [1.509]
Epoch :  356  Time:  53.827  Rel. Train L2 Loss :  0.07508252616723378  Rel. Test L2 Loss :  0.04074646659195423  Test L2 Loss :  0.019656188935041428  inv_L_scale:  [1.495]
Epoch :  357  Time:  53.77  Rel. Train L2 Loss :  0.07373228339354197  Rel. Test L2 Loss :  0.039142510195573174  Test L2 Loss :  0.018888256400823592  inv_L_scale:  [1.489]
Epoch :  358  Time:  53.802  Rel. Train L2 Loss :  0.0741449010570844  Rel. Test L2 Loss :  0.04080028677980105  Test L2 Loss :  0.019681227828065553  inv_L_scale:  [1.509]
Epoch :  359  Time:  53.557  Rel. Train L2 Loss :  0.07512928527593613  Rel. Test L2 Loss :  0.04071154966950417  Test L2 Loss :  0.01963367940237125  inv_L_scale:  [1.489]
Epoch :  360  Time:  53.652  Rel. Train L2 Loss :  0.07403272418181102  Rel. Test L2 Loss :  0.040682636871933936  Test L2 Loss :  0.019623902440071107  inv_L_scale:  [1.497]
Epoch :  361  Time:  53.939  Rel. Train L2 Loss :  0.07282990183432897  Rel. Test L2 Loss :  0.03927492799858252  Test L2 Loss :  0.018952085425456365  inv_L_scale:  [1.488]
Epoch :  362  Time:  53.896  Rel. Train L2 Loss :  0.0727510664065679  Rel. Test L2 Loss :  0.039434389149149256  Test L2 Loss :  0.019018068537116052  inv_L_scale:  [1.497]
Epoch :  363  Time:  54.288  Rel. Train L2 Loss :  0.07273909831047058  Rel. Test L2 Loss :  0.04073673208554586  Test L2 Loss :  0.019667714685201645  inv_L_scale:  [1.479]
Epoch :  364  Time:  53.782  Rel. Train L2 Loss :  0.07636167589823405  Rel. Test L2 Loss :  0.042709917426109315  Test L2 Loss :  0.020591445689400037  inv_L_scale:  [1.479]
Epoch :  365  Time:  53.628  Rel. Train L2 Loss :  0.07528290603558223  Rel. Test L2 Loss :  0.040553773194551467  Test L2 Loss :  0.019539382979273795  inv_L_scale:  [1.499]
Epoch :  366  Time:  53.794  Rel. Train L2 Loss :  0.07290184386571248  Rel. Test L2 Loss :  0.039455408652623494  Test L2 Loss :  0.01902070882419745  inv_L_scale:  [1.496]
Epoch :  367  Time:  53.988  Rel. Train L2 Loss :  0.07062590511639913  Rel. Test L2 Loss :  0.04033830260237058  Test L2 Loss :  0.019454763407508534  inv_L_scale:  [1.493]
Epoch :  368  Time:  53.95  Rel. Train L2 Loss :  0.07229910908142725  Rel. Test L2 Loss :  0.038791249146064126  Test L2 Loss :  0.018715985305607318  inv_L_scale:  [1.501]
Epoch :  369  Time:  53.796  Rel. Train L2 Loss :  0.07625325045982996  Rel. Test L2 Loss :  0.03945172317326069  Test L2 Loss :  0.019037410020828247  inv_L_scale:  [1.496]
Epoch :  370  Time:  53.632  Rel. Train L2 Loss :  0.0724767868121465  Rel. Test L2 Loss :  0.04048505365848541  Test L2 Loss :  0.01953746924797694  inv_L_scale:  [1.5]
Epoch :  371  Time:  53.821  Rel. Train L2 Loss :  0.07122203663984934  Rel. Test L2 Loss :  0.039116725126902264  Test L2 Loss :  0.01886110248665015  inv_L_scale:  [1.497]
Epoch :  372  Time:  55.28  Rel. Train L2 Loss :  0.07161537088950475  Rel. Test L2 Loss :  0.040911638190348945  Test L2 Loss :  0.019730562418699263  inv_L_scale:  [1.501]
Epoch :  373  Time:  53.76  Rel. Train L2 Loss :  0.07054762734969457  Rel. Test L2 Loss :  0.040673165917396545  Test L2 Loss :  0.019618955478072166  inv_L_scale:  [1.5]
Epoch :  374  Time:  53.889  Rel. Train L2 Loss :  0.06948682512839635  Rel. Test L2 Loss :  0.04060132399201393  Test L2 Loss :  0.01957880176603794  inv_L_scale:  [1.503]
Epoch :  375  Time:  53.611  Rel. Train L2 Loss :  0.07296366512775421  Rel. Test L2 Loss :  0.04033621874948343  Test L2 Loss :  0.01945157157878081  inv_L_scale:  [1.506]
Epoch :  376  Time:  53.827  Rel. Train L2 Loss :  0.07175185561180114  Rel. Test L2 Loss :  0.04009949256976446  Test L2 Loss :  0.01933882638812065  inv_L_scale:  [1.508]
Epoch :  377  Time:  53.822  Rel. Train L2 Loss :  0.07158668118715286  Rel. Test L2 Loss :  0.04313781529664993  Test L2 Loss :  0.02080197667082151  inv_L_scale:  [1.5]
Epoch :  378  Time:  53.782  Rel. Train L2 Loss :  0.07051247642437616  Rel. Test L2 Loss :  0.03999778613448143  Test L2 Loss :  0.019280792971452076  inv_L_scale:  [1.497]
Epoch :  379  Time:  53.859  Rel. Train L2 Loss :  0.07146274244785308  Rel. Test L2 Loss :  0.038837379987041155  Test L2 Loss :  0.018725263799230257  inv_L_scale:  [1.496]
Epoch :  380  Time:  53.875  Rel. Train L2 Loss :  0.07268344434102376  Rel. Test L2 Loss :  0.04318274145325025  Test L2 Loss :  0.020848312725623448  inv_L_scale:  [1.483]
Epoch :  381  Time:  53.779  Rel. Train L2 Loss :  0.07263481628894806  Rel. Test L2 Loss :  0.040244862188895544  Test L2 Loss :  0.019432811811566354  inv_L_scale:  [1.481]
Epoch :  382  Time:  53.625  Rel. Train L2 Loss :  0.0726998139222463  Rel. Test L2 Loss :  0.0410063769419988  Test L2 Loss :  0.01981201613942782  inv_L_scale:  [1.481]
Epoch :  383  Time:  53.555  Rel. Train L2 Loss :  0.07285634843508403  Rel. Test L2 Loss :  0.04122057278951009  Test L2 Loss :  0.019911658043662708  inv_L_scale:  [1.471]
Epoch :  384  Time:  53.506  Rel. Train L2 Loss :  0.07101980586846669  Rel. Test L2 Loss :  0.03943443949023882  Test L2 Loss :  0.019050478835900626  inv_L_scale:  [1.476]
Epoch :  385  Time:  53.466  Rel. Train L2 Loss :  0.07169379252195358  Rel. Test L2 Loss :  0.04205169290304184  Test L2 Loss :  0.02030762436489264  inv_L_scale:  [1.48]
Epoch :  386  Time:  53.817  Rel. Train L2 Loss :  0.0715478486418724  Rel. Test L2 Loss :  0.040615432759126026  Test L2 Loss :  0.01961303080121676  inv_L_scale:  [1.483]
Epoch :  387  Time:  53.899  Rel. Train L2 Loss :  0.07046335321664811  Rel. Test L2 Loss :  0.04179962183038394  Test L2 Loss :  0.020190490260720253  inv_L_scale:  [1.484]
Epoch :  388  Time:  53.947  Rel. Train L2 Loss :  0.07027971881628037  Rel. Test L2 Loss :  0.041763477101922034  Test L2 Loss :  0.02016589025656382  inv_L_scale:  [1.5]
Epoch :  389  Time:  53.812  Rel. Train L2 Loss :  0.07007273429632187  Rel. Test L2 Loss :  0.03977788160244624  Test L2 Loss :  0.019201642274856566  inv_L_scale:  [1.493]
Epoch :  390  Time:  53.791  Rel. Train L2 Loss :  0.06975895011425018  Rel. Test L2 Loss :  0.04014840198059877  Test L2 Loss :  0.019370867262283962  inv_L_scale:  [1.496]
Epoch :  391  Time:  53.682  Rel. Train L2 Loss :  0.07146070412794749  Rel. Test L2 Loss :  0.041168131331602735  Test L2 Loss :  0.01986144078274568  inv_L_scale:  [1.501]
Epoch :  392  Time:  53.737  Rel. Train L2 Loss :  0.0700437638560931  Rel. Test L2 Loss :  0.04163537631432215  Test L2 Loss :  0.020089794347683588  inv_L_scale:  [1.501]
Epoch :  393  Time:  53.945  Rel. Train L2 Loss :  0.06931168973445892  Rel. Test L2 Loss :  0.04023468886812528  Test L2 Loss :  0.019416753302017847  inv_L_scale:  [1.504]
Epoch :  394  Time:  53.995  Rel. Train L2 Loss :  0.07109029000997544  Rel. Test L2 Loss :  0.04073164502779643  Test L2 Loss :  0.01963508720199267  inv_L_scale:  [1.511]
Epoch :  395  Time:  53.76  Rel. Train L2 Loss :  0.06981842184066772  Rel. Test L2 Loss :  0.04023388346036275  Test L2 Loss :  0.019413067698478698  inv_L_scale:  [1.507]
Epoch :  396  Time:  53.699  Rel. Train L2 Loss :  0.06954599861303966  Rel. Test L2 Loss :  0.0412964211901029  Test L2 Loss :  0.019923908536632857  inv_L_scale:  [1.508]
Epoch :  397  Time:  53.94  Rel. Train L2 Loss :  0.06831948691606522  Rel. Test L2 Loss :  0.04032582893967628  Test L2 Loss :  0.019459542607267698  inv_L_scale:  [1.504]
Epoch :  398  Time:  53.742  Rel. Train L2 Loss :  0.06948108863830567  Rel. Test L2 Loss :  0.04128613486886024  Test L2 Loss :  0.01990690790116787  inv_L_scale:  [1.514]
Epoch :  399  Time:  53.684  Rel. Train L2 Loss :  0.07043251931667328  Rel. Test L2 Loss :  0.03983236789703369  Test L2 Loss :  0.019207416822512945  inv_L_scale:  [1.51]
Epoch :  400  Time:  53.681  Rel. Train L2 Loss :  0.06961932269732157  Rel. Test L2 Loss :  0.04054680397113164  Test L2 Loss :  0.019562158485253653  inv_L_scale:  [1.505]
Epoch :  401  Time:  53.927  Rel. Train L2 Loss :  0.06868362704912821  Rel. Test L2 Loss :  0.04043520552416643  Test L2 Loss :  0.019513474479317665  inv_L_scale:  [1.504]
Epoch :  402  Time:  53.956  Rel. Train L2 Loss :  0.06961542908350626  Rel. Test L2 Loss :  0.040388309955596925  Test L2 Loss :  0.019475213972230752  inv_L_scale:  [1.508]
Epoch :  403  Time:  53.898  Rel. Train L2 Loss :  0.06989263647794723  Rel. Test L2 Loss :  0.040347082590063414  Test L2 Loss :  0.019469440951943397  inv_L_scale:  [1.503]
Epoch :  404  Time:  53.755  Rel. Train L2 Loss :  0.0685436396797498  Rel. Test L2 Loss :  0.0407199294368426  Test L2 Loss :  0.019637047027548152  inv_L_scale:  [1.506]
Epoch :  405  Time:  53.709  Rel. Train L2 Loss :  0.06774482991298039  Rel. Test L2 Loss :  0.040500387623906134  Test L2 Loss :  0.019527960096796353  inv_L_scale:  [1.513]
Epoch :  406  Time:  53.372  Rel. Train L2 Loss :  0.06988731203476588  Rel. Test L2 Loss :  0.03930914523700873  Test L2 Loss :  0.01895460064212481  inv_L_scale:  [1.514]
Epoch :  407  Time:  54.006  Rel. Train L2 Loss :  0.06871782475709916  Rel. Test L2 Loss :  0.03970329796274503  Test L2 Loss :  0.01914879374206066  inv_L_scale:  [1.509]
Epoch :  408  Time:  54.023  Rel. Train L2 Loss :  0.0681694060365359  Rel. Test L2 Loss :  0.0415572069833676  Test L2 Loss :  0.02005616970360279  inv_L_scale:  [1.499]
Epoch :  409  Time:  53.684  Rel. Train L2 Loss :  0.06700431629021962  Rel. Test L2 Loss :  0.04147313411037127  Test L2 Loss :  0.020017271066705387  inv_L_scale:  [1.501]
Epoch :  410  Time:  53.828  Rel. Train L2 Loss :  0.06659965703884761  Rel. Test L2 Loss :  0.04053048349916935  Test L2 Loss :  0.019556951808432737  inv_L_scale:  [1.501]
Epoch :  411  Time:  53.649  Rel. Train L2 Loss :  0.06602321594953536  Rel. Test L2 Loss :  0.0401477961242199  Test L2 Loss :  0.019378926182786624  inv_L_scale:  [1.499]
Epoch :  412  Time:  53.796  Rel. Train L2 Loss :  0.06650171834230423  Rel. Test L2 Loss :  0.04108682930469513  Test L2 Loss :  0.019821010964612164  inv_L_scale:  [1.5]
Epoch :  413  Time:  53.667  Rel. Train L2 Loss :  0.06717096960544586  Rel. Test L2 Loss :  0.03972748473286629  Test L2 Loss :  0.019176471556226413  inv_L_scale:  [1.496]
Epoch :  414  Time:  53.796  Rel. Train L2 Loss :  0.06640823505322138  Rel. Test L2 Loss :  0.04088049714763959  Test L2 Loss :  0.01972284112125635  inv_L_scale:  [1.506]
Epoch :  415  Time:  53.719  Rel. Train L2 Loss :  0.06756524594624837  Rel. Test L2 Loss :  0.04137514114379883  Test L2 Loss :  0.019970476453502972  inv_L_scale:  [1.507]
Epoch :  416  Time:  53.898  Rel. Train L2 Loss :  0.0672709384560585  Rel. Test L2 Loss :  0.04119391346971194  Test L2 Loss :  0.019876659537355106  inv_L_scale:  [1.507]
Epoch :  417  Time:  53.803  Rel. Train L2 Loss :  0.06610523714621862  Rel. Test L2 Loss :  0.040742622464895246  Test L2 Loss :  0.019661466280619305  inv_L_scale:  [1.506]
Epoch :  418  Time:  53.321  Rel. Train L2 Loss :  0.06583563832441966  Rel. Test L2 Loss :  0.04018684787054857  Test L2 Loss :  0.019393633169432482  inv_L_scale:  [1.5]
Epoch :  419  Time:  53.694  Rel. Train L2 Loss :  0.0656230680545171  Rel. Test L2 Loss :  0.04050412699580193  Test L2 Loss :  0.019551926975448927  inv_L_scale:  [1.5]
Epoch :  420  Time:  53.46  Rel. Train L2 Loss :  0.06523156468073527  Rel. Test L2 Loss :  0.041378212223450346  Test L2 Loss :  0.019971544792254766  inv_L_scale:  [1.5]
Epoch :  421  Time:  53.788  Rel. Train L2 Loss :  0.06556811283032099  Rel. Test L2 Loss :  0.04136095161239306  Test L2 Loss :  0.019956967830657958  inv_L_scale:  [1.503]
Epoch :  422  Time:  53.703  Rel. Train L2 Loss :  0.0655465192993482  Rel. Test L2 Loss :  0.0405912376443545  Test L2 Loss :  0.01958386182785034  inv_L_scale:  [1.502]
Epoch :  423  Time:  53.601  Rel. Train L2 Loss :  0.06454889746507009  Rel. Test L2 Loss :  0.04040929098924001  Test L2 Loss :  0.019486989627281823  inv_L_scale:  [1.504]
Epoch :  424  Time:  53.799  Rel. Train L2 Loss :  0.06468654495477677  Rel. Test L2 Loss :  0.040252643674612044  Test L2 Loss :  0.01942100798090299  inv_L_scale:  [1.503]
Epoch :  425  Time:  53.877  Rel. Train L2 Loss :  0.06552311527729035  Rel. Test L2 Loss :  0.041896878331899645  Test L2 Loss :  0.020215346316496532  inv_L_scale:  [1.504]
Epoch :  426  Time:  53.846  Rel. Train L2 Loss :  0.06465203567345937  Rel. Test L2 Loss :  0.04113743955890337  Test L2 Loss :  0.019852006683746974  inv_L_scale:  [1.503]
Epoch :  427  Time:  54.038  Rel. Train L2 Loss :  0.06423924630880355  Rel. Test L2 Loss :  0.041127723902463914  Test L2 Loss :  0.019847640270988145  inv_L_scale:  [1.502]
Epoch :  428  Time:  54.067  Rel. Train L2 Loss :  0.06511274439096451  Rel. Test L2 Loss :  0.04063437143961589  Test L2 Loss :  0.019612372939785322  inv_L_scale:  [1.502]
Epoch :  429  Time:  53.581  Rel. Train L2 Loss :  0.06519535891215006  Rel. Test L2 Loss :  0.040768005549907685  Test L2 Loss :  0.019689497152964273  inv_L_scale:  [1.495]
Epoch :  430  Time:  53.954  Rel. Train L2 Loss :  0.06424709739287694  Rel. Test L2 Loss :  0.04075731853644053  Test L2 Loss :  0.019680780495206517  inv_L_scale:  [1.495]
Epoch :  431  Time:  53.826  Rel. Train L2 Loss :  0.06324882417917252  Rel. Test L2 Loss :  0.04124896513919036  Test L2 Loss :  0.019912945851683617  inv_L_scale:  [1.502]
Epoch :  432  Time:  53.689  Rel. Train L2 Loss :  0.06275875182946523  Rel. Test L2 Loss :  0.041119891678293545  Test L2 Loss :  0.019854432940483092  inv_L_scale:  [1.501]
Epoch :  433  Time:  53.776  Rel. Train L2 Loss :  0.06411931246519088  Rel. Test L2 Loss :  0.040669544413685796  Test L2 Loss :  0.019627714728315673  inv_L_scale:  [1.501]
Epoch :  434  Time:  53.623  Rel. Train L2 Loss :  0.06433995952208837  Rel. Test L2 Loss :  0.04146970835824808  Test L2 Loss :  0.020023080346484978  inv_L_scale:  [1.502]
Epoch :  435  Time:  53.864  Rel. Train L2 Loss :  0.06319619858264923  Rel. Test L2 Loss :  0.04204824455082416  Test L2 Loss :  0.020299786602457365  inv_L_scale:  [1.502]
Epoch :  436  Time:  53.536  Rel. Train L2 Loss :  0.06422517528136572  Rel. Test L2 Loss :  0.04078326125939687  Test L2 Loss :  0.01967590697109699  inv_L_scale:  [1.509]
Epoch :  437  Time:  53.834  Rel. Train L2 Loss :  0.06431965992848078  Rel. Test L2 Loss :  0.0408309230953455  Test L2 Loss :  0.019705273310343423  inv_L_scale:  [1.509]
Epoch :  438  Time:  53.703  Rel. Train L2 Loss :  0.06450272951523463  Rel. Test L2 Loss :  0.040644806325435635  Test L2 Loss :  0.019612349222103753  inv_L_scale:  [1.508]
Epoch :  439  Time:  53.708  Rel. Train L2 Loss :  0.0627641339302063  Rel. Test L2 Loss :  0.04066071401039759  Test L2 Loss :  0.01961899456878503  inv_L_scale:  [1.508]
Epoch :  440  Time:  53.764  Rel. Train L2 Loss :  0.06426718852917353  Rel. Test L2 Loss :  0.041546255350112915  Test L2 Loss :  0.020045109490553537  inv_L_scale:  [1.507]
Epoch :  441  Time:  53.81  Rel. Train L2 Loss :  0.06368856453895569  Rel. Test L2 Loss :  0.04119198883573214  Test L2 Loss :  0.019877935871481896  inv_L_scale:  [1.507]
Epoch :  442  Time:  53.547  Rel. Train L2 Loss :  0.06427921783924102  Rel. Test L2 Loss :  0.04083528459072113  Test L2 Loss :  0.01970247842371464  inv_L_scale:  [1.508]
Epoch :  443  Time:  53.681  Rel. Train L2 Loss :  0.06359125483036042  Rel. Test L2 Loss :  0.04067210192481677  Test L2 Loss :  0.01962157666683197  inv_L_scale:  [1.509]
Epoch :  444  Time:  53.569  Rel. Train L2 Loss :  0.0628365131020546  Rel. Test L2 Loss :  0.0404663738856713  Test L2 Loss :  0.019519787430763245  inv_L_scale:  [1.509]
Epoch :  445  Time:  54.024  Rel. Train L2 Loss :  0.06311667199929555  Rel. Test L2 Loss :  0.04109958509604136  Test L2 Loss :  0.019831262802084287  inv_L_scale:  [1.509]
Epoch :  446  Time:  53.683  Rel. Train L2 Loss :  0.06371687787771226  Rel. Test L2 Loss :  0.0414764075477918  Test L2 Loss :  0.02001345453162988  inv_L_scale:  [1.51]
Epoch :  447  Time:  53.587  Rel. Train L2 Loss :  0.06486204280455907  Rel. Test L2 Loss :  0.04104589564104875  Test L2 Loss :  0.019808053821325302  inv_L_scale:  [1.51]
Epoch :  448  Time:  53.865  Rel. Train L2 Loss :  0.06423575880130132  Rel. Test L2 Loss :  0.04155094499389331  Test L2 Loss :  0.02005119840304057  inv_L_scale:  [1.51]
Epoch :  449  Time:  53.992  Rel. Train L2 Loss :  0.0640986217657725  Rel. Test L2 Loss :  0.04173376962542534  Test L2 Loss :  0.020137353738149007  inv_L_scale:  [1.507]
Epoch :  450  Time:  53.641  Rel. Train L2 Loss :  0.06260280974706015  Rel. Test L2 Loss :  0.04139471707244714  Test L2 Loss :  0.0199788448959589  inv_L_scale:  [1.505]
Epoch :  451  Time:  53.666  Rel. Train L2 Loss :  0.06186194342374802  Rel. Test L2 Loss :  0.04075351697703203  Test L2 Loss :  0.01966207757592201  inv_L_scale:  [1.509]
Epoch :  452  Time:  53.766  Rel. Train L2 Loss :  0.062087181786696116  Rel. Test L2 Loss :  0.040797285288572314  Test L2 Loss :  0.019681266248226165  inv_L_scale:  [1.509]
Epoch :  453  Time:  53.835  Rel. Train L2 Loss :  0.06315376337369283  Rel. Test L2 Loss :  0.0408709820608298  Test L2 Loss :  0.019723382083078226  inv_L_scale:  [1.509]
Epoch :  454  Time:  53.809  Rel. Train L2 Loss :  0.06308032763004302  Rel. Test L2 Loss :  0.04137654940287272  Test L2 Loss :  0.019970661004384358  inv_L_scale:  [1.509]
Epoch :  455  Time:  53.784  Rel. Train L2 Loss :  0.062364645302295685  Rel. Test L2 Loss :  0.04099241418143113  Test L2 Loss :  0.019782020474473635  inv_L_scale:  [1.508]
Epoch :  456  Time:  53.681  Rel. Train L2 Loss :  0.06211165291070938  Rel. Test L2 Loss :  0.041628820051749546  Test L2 Loss :  0.020094266273081304  inv_L_scale:  [1.508]
Epoch :  457  Time:  53.855  Rel. Train L2 Loss :  0.062162997225920356  Rel. Test L2 Loss :  0.04139430930217107  Test L2 Loss :  0.019982711896300315  inv_L_scale:  [1.507]
Epoch :  458  Time:  53.677  Rel. Train L2 Loss :  0.06259679092963537  Rel. Test L2 Loss :  0.04113807166616122  Test L2 Loss :  0.019858397841453553  inv_L_scale:  [1.507]
Epoch :  459  Time:  53.865  Rel. Train L2 Loss :  0.06352667866150538  Rel. Test L2 Loss :  0.04228359095752239  Test L2 Loss :  0.020414101059238115  inv_L_scale:  [1.506]
Epoch :  460  Time:  53.734  Rel. Train L2 Loss :  0.06366229462623596  Rel. Test L2 Loss :  0.04197342855234941  Test L2 Loss :  0.020259286885460217  inv_L_scale:  [1.506]
Epoch :  461  Time:  53.809  Rel. Train L2 Loss :  0.061344402412573495  Rel. Test L2 Loss :  0.041500485291083654  Test L2 Loss :  0.020034509388109047  inv_L_scale:  [1.506]
Epoch :  462  Time:  53.669  Rel. Train L2 Loss :  0.06205428123474121  Rel. Test L2 Loss :  0.0414578020075957  Test L2 Loss :  0.02001752909272909  inv_L_scale:  [1.504]
Epoch :  463  Time:  53.942  Rel. Train L2 Loss :  0.06163166654109955  Rel. Test L2 Loss :  0.0418199339012305  Test L2 Loss :  0.020195791063209376  inv_L_scale:  [1.504]
Epoch :  464  Time:  53.846  Rel. Train L2 Loss :  0.061494915187358855  Rel. Test L2 Loss :  0.04183931365609169  Test L2 Loss :  0.020201112466553848  inv_L_scale:  [1.504]
Epoch :  465  Time:  53.597  Rel. Train L2 Loss :  0.061249389946460724  Rel. Test L2 Loss :  0.04159946203231812  Test L2 Loss :  0.020087214534481368  inv_L_scale:  [1.505]
Epoch :  466  Time:  53.527  Rel. Train L2 Loss :  0.06110647922754288  Rel. Test L2 Loss :  0.0414154659708341  Test L2 Loss :  0.020000833508869012  inv_L_scale:  [1.504]
Epoch :  467  Time:  53.844  Rel. Train L2 Loss :  0.061096787889798485  Rel. Test L2 Loss :  0.04101285686095556  Test L2 Loss :  0.019802758817871413  inv_L_scale:  [1.504]
Epoch :  468  Time:  53.879  Rel. Train L2 Loss :  0.06123136931657791  Rel. Test L2 Loss :  0.042464833209911984  Test L2 Loss :  0.020514140402277312  inv_L_scale:  [1.503]
Epoch :  469  Time:  53.931  Rel. Train L2 Loss :  0.061552880009015404  Rel. Test L2 Loss :  0.0412605719268322  Test L2 Loss :  0.019917968163887658  inv_L_scale:  [1.503]
Epoch :  470  Time:  53.927  Rel. Train L2 Loss :  0.06108038002252579  Rel. Test L2 Loss :  0.04131117021044095  Test L2 Loss :  0.019942784731586775  inv_L_scale:  [1.503]
Epoch :  471  Time:  54.032  Rel. Train L2 Loss :  0.05985878040393194  Rel. Test L2 Loss :  0.04166539097825686  Test L2 Loss :  0.020121358806888263  inv_L_scale:  [1.503]
Epoch :  472  Time:  54.679  Rel. Train L2 Loss :  0.06171965271234512  Rel. Test L2 Loss :  0.04118139997124672  Test L2 Loss :  0.019882670864462854  inv_L_scale:  [1.504]
Epoch :  473  Time:  53.807  Rel. Train L2 Loss :  0.061741824448108676  Rel. Test L2 Loss :  0.041405349175135296  Test L2 Loss :  0.01999142865339915  inv_L_scale:  [1.505]
Epoch :  474  Time:  53.854  Rel. Train L2 Loss :  0.0611354039311409  Rel. Test L2 Loss :  0.041553985724846525  Test L2 Loss :  0.020064807782570523  inv_L_scale:  [1.506]
Epoch :  475  Time:  53.74  Rel. Train L2 Loss :  0.05987420356273651  Rel. Test L2 Loss :  0.04099681705236435  Test L2 Loss :  0.019793849090735116  inv_L_scale:  [1.506]
Epoch :  476  Time:  53.658  Rel. Train L2 Loss :  0.06079877907037735  Rel. Test L2 Loss :  0.041565394525726634  Test L2 Loss :  0.020070589805642764  inv_L_scale:  [1.506]
Epoch :  477  Time:  54.154  Rel. Train L2 Loss :  0.06099856036901474  Rel. Test L2 Loss :  0.04147878294189771  Test L2 Loss :  0.02003172442317009  inv_L_scale:  [1.506]
Epoch :  478  Time:  53.923  Rel. Train L2 Loss :  0.06111049795150757  Rel. Test L2 Loss :  0.041636573647459346  Test L2 Loss :  0.020107139150301614  inv_L_scale:  [1.506]
Epoch :  479  Time:  53.84  Rel. Train L2 Loss :  0.06069295038779576  Rel. Test L2 Loss :  0.04154093950986862  Test L2 Loss :  0.020057126296063266  inv_L_scale:  [1.506]
Epoch :  480  Time:  53.829  Rel. Train L2 Loss :  0.06034287768602371  Rel. Test L2 Loss :  0.04148570897678534  Test L2 Loss :  0.02003075708945592  inv_L_scale:  [1.506]
Epoch :  481  Time:  53.806  Rel. Train L2 Loss :  0.06136729866266251  Rel. Test L2 Loss :  0.04101107100645701  Test L2 Loss :  0.019798281540473302  inv_L_scale:  [1.506]
Epoch :  482  Time:  53.804  Rel. Train L2 Loss :  0.06061537865797679  Rel. Test L2 Loss :  0.04126955218613148  Test L2 Loss :  0.01992734002570311  inv_L_scale:  [1.506]
Epoch :  483  Time:  53.663  Rel. Train L2 Loss :  0.061030792673428855  Rel. Test L2 Loss :  0.041756164928277335  Test L2 Loss :  0.02016476549208164  inv_L_scale:  [1.506]
Epoch :  484  Time:  54.94  Rel. Train L2 Loss :  0.059999427775541944  Rel. Test L2 Loss :  0.041497432639201484  Test L2 Loss :  0.020036727065841357  inv_L_scale:  [1.506]
Epoch :  485  Time:  54.194  Rel. Train L2 Loss :  0.06091926332314809  Rel. Test L2 Loss :  0.04160062586267789  Test L2 Loss :  0.02008857703457276  inv_L_scale:  [1.506]
Epoch :  486  Time:  53.848  Rel. Train L2 Loss :  0.060628463049729665  Rel. Test L2 Loss :  0.04146415837109089  Test L2 Loss :  0.020023092553019525  inv_L_scale:  [1.506]
Epoch :  487  Time:  53.75  Rel. Train L2 Loss :  0.06086349348227183  Rel. Test L2 Loss :  0.04173391732076804  Test L2 Loss :  0.020153736745317778  inv_L_scale:  [1.506]
Epoch :  488  Time:  53.891  Rel. Train L2 Loss :  0.06054033643007278  Rel. Test L2 Loss :  0.04167335249483586  Test L2 Loss :  0.020124728629986446  inv_L_scale:  [1.506]
Epoch :  489  Time:  53.797  Rel. Train L2 Loss :  0.05942520616451899  Rel. Test L2 Loss :  0.04140008496741454  Test L2 Loss :  0.01998985483000676  inv_L_scale:  [1.506]
Epoch :  490  Time:  53.816  Rel. Train L2 Loss :  0.060777591109275816  Rel. Test L2 Loss :  0.04163580959041913  Test L2 Loss :  0.0201066837956508  inv_L_scale:  [1.506]
Epoch :  491  Time:  53.532  Rel. Train L2 Loss :  0.06093130840857824  Rel. Test L2 Loss :  0.041754812101523084  Test L2 Loss :  0.020165588334202768  inv_L_scale:  [1.506]
Epoch :  492  Time:  53.829  Rel. Train L2 Loss :  0.061018500089645385  Rel. Test L2 Loss :  0.04181109478076299  Test L2 Loss :  0.020190927237272262  inv_L_scale:  [1.506]
Epoch :  493  Time:  53.785  Rel. Train L2 Loss :  0.06004177154103915  Rel. Test L2 Loss :  0.04164203266302745  Test L2 Loss :  0.020108896804352603  inv_L_scale:  [1.506]
Epoch :  494  Time:  53.946  Rel. Train L2 Loss :  0.06032003297408422  Rel. Test L2 Loss :  0.04167425068716208  Test L2 Loss :  0.020124856643378736  inv_L_scale:  [1.506]
Epoch :  495  Time:  53.839  Rel. Train L2 Loss :  0.06009876227378845  Rel. Test L2 Loss :  0.04176322340965271  Test L2 Loss :  0.02016986665626367  inv_L_scale:  [1.506]
Epoch :  496  Time:  53.817  Rel. Train L2 Loss :  0.059924149374167124  Rel. Test L2 Loss :  0.041960135325789454  Test L2 Loss :  0.020264332046111423  inv_L_scale:  [1.506]
Epoch :  497  Time:  53.983  Rel. Train L2 Loss :  0.0593538835644722  Rel. Test L2 Loss :  0.04181007521847884  Test L2 Loss :  0.020192938645680746  inv_L_scale:  [1.506]
Epoch :  498  Time:  53.986  Rel. Train L2 Loss :  0.059817729373772936  Rel. Test L2 Loss :  0.04173036262392998  Test L2 Loss :  0.020154763646423816  inv_L_scale:  [1.506]
Epoch :  499  Time:  53.984  Rel. Train L2 Loss :  0.060421931505203245  Rel. Test L2 Loss :  0.041794223561882976  Test L2 Loss :  0.020187281916538874  inv_L_scale:  [1.506]
