data_in.shape: (2490, 221, 51, 2)
data_out.shape (2490, 221, 51)
(2490, 221, 51, 2) (2490, 221, 51, 2) (2490, 221, 51, 1)
x_train.shape:  (1000, 11271, 6)
y_train.shape:  (1000, 11271, 1)
initial L=[4.0, 4.0],should_learn_L=False,rank=32
In GeoFNO_train, ndim =  2
Epoch :  0  Rel. Train L2 Loss :  0.11774959433078766  Rel. Test L2 Loss :  0.0919207775592804  Test L2 Loss :  0.07601577997207641  Time :  18.45437741279602  L:  [4.0, 4.0]
Epoch :  1  Rel. Train L2 Loss :  0.0855485714673996  Rel. Test L2 Loss :  0.07524278461933136  Test L2 Loss :  0.06222390055656433  Time :  9.971356868743896  L:  [4.0, 4.0]
Epoch :  2  Rel. Train L2 Loss :  0.07101994740962982  Rel. Test L2 Loss :  0.062304461002349855  Test L2 Loss :  0.05152521848678589  Time :  9.990329504013062  L:  [4.0, 4.0]
Epoch :  3  Rel. Train L2 Loss :  0.05905563592910767  Rel. Test L2 Loss :  0.0515281292796135  Test L2 Loss :  0.04261616230010987  Time :  10.018657684326172  L:  [4.0, 4.0]
Epoch :  4  Rel. Train L2 Loss :  0.04961108034849167  Rel. Test L2 Loss :  0.042716229259967806  Test L2 Loss :  0.0353232404589653  Time :  10.029820203781128  L:  [4.0, 4.0]
Epoch :  5  Rel. Train L2 Loss :  0.041883381843566894  Rel. Test L2 Loss :  0.03806263208389282  Test L2 Loss :  0.031473386585712436  Time :  10.062143325805664  L:  [4.0, 4.0]
Epoch :  6  Rel. Train L2 Loss :  0.036975220143795014  Rel. Test L2 Loss :  0.03429660081863403  Test L2 Loss :  0.028358187228441238  Time :  10.078261137008667  L:  [4.0, 4.0]
Epoch :  7  Rel. Train L2 Loss :  0.03635751068592072  Rel. Test L2 Loss :  0.03506249457597733  Test L2 Loss :  0.028982538282871246  Time :  10.093613862991333  L:  [4.0, 4.0]
Epoch :  8  Rel. Train L2 Loss :  0.03149480241537094  Rel. Test L2 Loss :  0.028210861682891844  Test L2 Loss :  0.02332379072904587  Time :  10.098000526428223  L:  [4.0, 4.0]
Epoch :  9  Rel. Train L2 Loss :  0.028802672028541566  Rel. Test L2 Loss :  0.02844182461500168  Test L2 Loss :  0.02351501613855362  Time :  10.102229118347168  L:  [4.0, 4.0]
Epoch :  10  Rel. Train L2 Loss :  0.0271838858127594  Rel. Test L2 Loss :  0.027598948180675507  Test L2 Loss :  0.02281936079263687  Time :  10.108495235443115  L:  [4.0, 4.0]
Epoch :  11  Rel. Train L2 Loss :  0.02663153392076492  Rel. Test L2 Loss :  0.02971766620874405  Test L2 Loss :  0.02455997049808502  Time :  10.113050937652588  L:  [4.0, 4.0]
Epoch :  12  Rel. Train L2 Loss :  0.02751989468932152  Rel. Test L2 Loss :  0.024722881466150284  Test L2 Loss :  0.0204420568048954  Time :  10.131936311721802  L:  [4.0, 4.0]
Epoch :  13  Rel. Train L2 Loss :  0.024108646869659425  Rel. Test L2 Loss :  0.02575281634926796  Test L2 Loss :  0.021282887458801268  Time :  10.142801761627197  L:  [4.0, 4.0]
Epoch :  14  Rel. Train L2 Loss :  0.025347264528274537  Rel. Test L2 Loss :  0.025543213337659836  Test L2 Loss :  0.021117619574069976  Time :  10.147570610046387  L:  [4.0, 4.0]
Epoch :  15  Rel. Train L2 Loss :  0.022855884313583374  Rel. Test L2 Loss :  0.021056895405054094  Test L2 Loss :  0.01740838661789894  Time :  10.150721549987793  L:  [4.0, 4.0]
Epoch :  16  Rel. Train L2 Loss :  0.020972346007823946  Rel. Test L2 Loss :  0.0224452605843544  Test L2 Loss :  0.01854524329304695  Time :  10.158910036087036  L:  [4.0, 4.0]
Epoch :  17  Rel. Train L2 Loss :  0.0222999005317688  Rel. Test L2 Loss :  0.02032726749777794  Test L2 Loss :  0.016802234798669814  Time :  10.162024736404419  L:  [4.0, 4.0]
Epoch :  18  Rel. Train L2 Loss :  0.02372961926460266  Rel. Test L2 Loss :  0.023570556938648225  Test L2 Loss :  0.019477444738149642  Time :  10.167514324188232  L:  [4.0, 4.0]
Epoch :  19  Rel. Train L2 Loss :  0.022764823466539384  Rel. Test L2 Loss :  0.021898372322320937  Test L2 Loss :  0.01809628903865814  Time :  10.181001424789429  L:  [4.0, 4.0]
Epoch :  20  Rel. Train L2 Loss :  0.02118101587891579  Rel. Test L2 Loss :  0.022209444344043733  Test L2 Loss :  0.018352761417627334  Time :  10.199246883392334  L:  [4.0, 4.0]
Epoch :  21  Rel. Train L2 Loss :  0.022186975210905076  Rel. Test L2 Loss :  0.021956654191017153  Test L2 Loss :  0.01814734175801277  Time :  10.210222244262695  L:  [4.0, 4.0]
Epoch :  22  Rel. Train L2 Loss :  0.022390763252973556  Rel. Test L2 Loss :  0.02083048701286316  Test L2 Loss :  0.017226960808038712  Time :  10.228139162063599  L:  [4.0, 4.0]
Epoch :  23  Rel. Train L2 Loss :  0.018995877593755723  Rel. Test L2 Loss :  0.019653944075107576  Test L2 Loss :  0.01624788537621498  Time :  10.249889373779297  L:  [4.0, 4.0]
Epoch :  24  Rel. Train L2 Loss :  0.019218551605939865  Rel. Test L2 Loss :  0.019101415276527405  Test L2 Loss :  0.015789322704076767  Time :  10.274048089981079  L:  [4.0, 4.0]
Epoch :  25  Rel. Train L2 Loss :  0.020678269386291505  Rel. Test L2 Loss :  0.01884060099720955  Test L2 Loss :  0.015573333948850632  Time :  10.304843664169312  L:  [4.0, 4.0]
Epoch :  26  Rel. Train L2 Loss :  0.018656833320856093  Rel. Test L2 Loss :  0.021713458746671677  Test L2 Loss :  0.017946886718273162  Time :  10.320265054702759  L:  [4.0, 4.0]
Epoch :  27  Rel. Train L2 Loss :  0.022383082062005996  Rel. Test L2 Loss :  0.019882658571004866  Test L2 Loss :  0.016440116614103318  Time :  10.326782941818237  L:  [4.0, 4.0]
Epoch :  28  Rel. Train L2 Loss :  0.018090302497148512  Rel. Test L2 Loss :  0.017446009814739226  Test L2 Loss :  0.014418776184320449  Time :  10.332432985305786  L:  [4.0, 4.0]
Epoch :  29  Rel. Train L2 Loss :  0.018932286858558654  Rel. Test L2 Loss :  0.018850282579660416  Test L2 Loss :  0.01557074710726738  Time :  10.337300777435303  L:  [4.0, 4.0]
Epoch :  30  Rel. Train L2 Loss :  0.020859682232141494  Rel. Test L2 Loss :  0.017159342020750045  Test L2 Loss :  0.014185637086629867  Time :  10.337942838668823  L:  [4.0, 4.0]
Epoch :  31  Rel. Train L2 Loss :  0.01725011509656906  Rel. Test L2 Loss :  0.017889951020479203  Test L2 Loss :  0.014783022850751877  Time :  10.343865156173706  L:  [4.0, 4.0]
Epoch :  32  Rel. Train L2 Loss :  0.016561039477586748  Rel. Test L2 Loss :  0.018455774784088136  Test L2 Loss :  0.015249505043029785  Time :  10.344420671463013  L:  [4.0, 4.0]
Epoch :  33  Rel. Train L2 Loss :  0.016825815796852113  Rel. Test L2 Loss :  0.01827114224433899  Test L2 Loss :  0.015104845613241196  Time :  10.362683057785034  L:  [4.0, 4.0]
Epoch :  34  Rel. Train L2 Loss :  0.02057700189948082  Rel. Test L2 Loss :  0.02030404731631279  Test L2 Loss :  0.016788901388645174  Time :  10.379892826080322  L:  [4.0, 4.0]
Epoch :  35  Rel. Train L2 Loss :  0.01863009434938431  Rel. Test L2 Loss :  0.018285268098115922  Test L2 Loss :  0.015114917308092118  Time :  10.39419937133789  L:  [4.0, 4.0]
Epoch :  36  Rel. Train L2 Loss :  0.017746620655059813  Rel. Test L2 Loss :  0.015325203835964203  Test L2 Loss :  0.012664112597703933  Time :  10.351791381835938  L:  [4.0, 4.0]
Epoch :  37  Rel. Train L2 Loss :  0.017238267719745636  Rel. Test L2 Loss :  0.017718155533075333  Test L2 Loss :  0.014650707989931106  Time :  10.291112184524536  L:  [4.0, 4.0]
Epoch :  38  Rel. Train L2 Loss :  0.016578189373016358  Rel. Test L2 Loss :  0.01786238506436348  Test L2 Loss :  0.01476400762796402  Time :  10.235288381576538  L:  [4.0, 4.0]
Epoch :  39  Rel. Train L2 Loss :  0.016280416667461394  Rel. Test L2 Loss :  0.015610551238059997  Test L2 Loss :  0.012894151359796524  Time :  10.223498821258545  L:  [4.0, 4.0]
Epoch :  40  Rel. Train L2 Loss :  0.016392639577388762  Rel. Test L2 Loss :  0.017725500762462616  Test L2 Loss :  0.014656515568494797  Time :  10.22229790687561  L:  [4.0, 4.0]
Epoch :  41  Rel. Train L2 Loss :  0.01876689487695694  Rel. Test L2 Loss :  0.01670567974448204  Test L2 Loss :  0.013808209598064423  Time :  10.228175163269043  L:  [4.0, 4.0]
Epoch :  42  Rel. Train L2 Loss :  0.019118205666542053  Rel. Test L2 Loss :  0.017047089487314225  Test L2 Loss :  0.014091445207595825  Time :  10.245878219604492  L:  [4.0, 4.0]
Epoch :  43  Rel. Train L2 Loss :  0.016960804209113122  Rel. Test L2 Loss :  0.015512114763259888  Test L2 Loss :  0.01281804271042347  Time :  10.282846927642822  L:  [4.0, 4.0]
Epoch :  44  Rel. Train L2 Loss :  0.01724069607257843  Rel. Test L2 Loss :  0.01602833643555641  Test L2 Loss :  0.01324631154537201  Time :  10.310836791992188  L:  [4.0, 4.0]
Epoch :  45  Rel. Train L2 Loss :  0.017422414660453796  Rel. Test L2 Loss :  0.01829397052526474  Test L2 Loss :  0.015125297456979752  Time :  10.365994930267334  L:  [4.0, 4.0]
Epoch :  46  Rel. Train L2 Loss :  0.016748417034745215  Rel. Test L2 Loss :  0.018042000383138655  Test L2 Loss :  0.014920240342617035  Time :  10.394516944885254  L:  [4.0, 4.0]
Epoch :  47  Rel. Train L2 Loss :  0.018857532143592835  Rel. Test L2 Loss :  0.018703598529100418  Test L2 Loss :  0.015450012683868409  Time :  10.387374877929688  L:  [4.0, 4.0]
Epoch :  48  Rel. Train L2 Loss :  0.020968642354011535  Rel. Test L2 Loss :  0.01692661851644516  Test L2 Loss :  0.013980590105056763  Time :  10.389521598815918  L:  [4.0, 4.0]
Epoch :  49  Rel. Train L2 Loss :  0.018136501163244247  Rel. Test L2 Loss :  0.016966139674186708  Test L2 Loss :  0.014029297828674316  Time :  10.35423469543457  L:  [4.0, 4.0]
Epoch :  50  Rel. Train L2 Loss :  0.016211943358182906  Rel. Test L2 Loss :  0.017904050201177597  Test L2 Loss :  0.014804050624370575  Time :  10.34240436553955  L:  [4.0, 4.0]
Epoch :  51  Rel. Train L2 Loss :  0.016917284429073334  Rel. Test L2 Loss :  0.022811994403600693  Test L2 Loss :  0.01885285332798958  Time :  10.337471961975098  L:  [4.0, 4.0]
Epoch :  52  Rel. Train L2 Loss :  0.017481780499219893  Rel. Test L2 Loss :  0.016488913297653198  Test L2 Loss :  0.01362961232662201  Time :  10.370589971542358  L:  [4.0, 4.0]
Epoch :  53  Rel. Train L2 Loss :  0.014616735085844993  Rel. Test L2 Loss :  0.013541543632745743  Test L2 Loss :  0.011193027272820472  Time :  10.344966650009155  L:  [4.0, 4.0]
Epoch :  54  Rel. Train L2 Loss :  0.014863485887646676  Rel. Test L2 Loss :  0.014756990075111389  Test L2 Loss :  0.012195497751235962  Time :  10.334149360656738  L:  [4.0, 4.0]
Epoch :  55  Rel. Train L2 Loss :  0.01791345775127411  Rel. Test L2 Loss :  0.01568435236811638  Test L2 Loss :  0.01296454481780529  Time :  10.338692665100098  L:  [4.0, 4.0]
Epoch :  56  Rel. Train L2 Loss :  0.015022702932357789  Rel. Test L2 Loss :  0.015570451319217683  Test L2 Loss :  0.01287172719836235  Time :  10.334310054779053  L:  [4.0, 4.0]
Epoch :  57  Rel. Train L2 Loss :  0.019428190886974336  Rel. Test L2 Loss :  0.015467679500579834  Test L2 Loss :  0.012779985070228577  Time :  10.337631940841675  L:  [4.0, 4.0]
Epoch :  58  Rel. Train L2 Loss :  0.016600864633917807  Rel. Test L2 Loss :  0.018652883470058442  Test L2 Loss :  0.015430332124233247  Time :  10.34030818939209  L:  [4.0, 4.0]
Epoch :  59  Rel. Train L2 Loss :  0.01701536600291729  Rel. Test L2 Loss :  0.014230163842439652  Test L2 Loss :  0.011758442521095275  Time :  10.335399150848389  L:  [4.0, 4.0]
Epoch :  60  Rel. Train L2 Loss :  0.017096856147050858  Rel. Test L2 Loss :  0.019044509828090667  Test L2 Loss :  0.015747616440057753  Time :  10.319210052490234  L:  [4.0, 4.0]
Epoch :  61  Rel. Train L2 Loss :  0.019267459988594055  Rel. Test L2 Loss :  0.02154318317770958  Test L2 Loss :  0.017831220030784606  Time :  10.304543018341064  L:  [4.0, 4.0]
Epoch :  62  Rel. Train L2 Loss :  0.01783033147454262  Rel. Test L2 Loss :  0.014359020739793777  Test L2 Loss :  0.011867965385317803  Time :  10.274512767791748  L:  [4.0, 4.0]
Epoch :  63  Rel. Train L2 Loss :  0.017827588349580765  Rel. Test L2 Loss :  0.015677502900362014  Test L2 Loss :  0.012965540289878846  Time :  10.240464925765991  L:  [4.0, 4.0]
Epoch :  64  Rel. Train L2 Loss :  0.015318448200821877  Rel. Test L2 Loss :  0.01781233638525009  Test L2 Loss :  0.014727124273777007  Time :  10.216231107711792  L:  [4.0, 4.0]
Epoch :  65  Rel. Train L2 Loss :  0.01773973163962364  Rel. Test L2 Loss :  0.015557259172201156  Test L2 Loss :  0.01286060556769371  Time :  10.201767444610596  L:  [4.0, 4.0]
Epoch :  66  Rel. Train L2 Loss :  0.016677541017532348  Rel. Test L2 Loss :  0.01731984004378319  Test L2 Loss :  0.014313206970691682  Time :  10.190017461776733  L:  [4.0, 4.0]
Epoch :  67  Rel. Train L2 Loss :  0.0180372916162014  Rel. Test L2 Loss :  0.016719132512807846  Test L2 Loss :  0.013814162239432335  Time :  10.17917513847351  L:  [4.0, 4.0]
Epoch :  68  Rel. Train L2 Loss :  0.01824343675374985  Rel. Test L2 Loss :  0.019692771881818772  Test L2 Loss :  0.016288642287254334  Time :  10.196662187576294  L:  [4.0, 4.0]
Epoch :  69  Rel. Train L2 Loss :  0.018666411995887755  Rel. Test L2 Loss :  0.01661541938781738  Test L2 Loss :  0.013726768270134925  Time :  10.186708927154541  L:  [4.0, 4.0]
Epoch :  70  Rel. Train L2 Loss :  0.017812348440289498  Rel. Test L2 Loss :  0.02126129135489464  Test L2 Loss :  0.01760753720998764  Time :  10.18326711654663  L:  [4.0, 4.0]
Epoch :  71  Rel. Train L2 Loss :  0.01644668924808502  Rel. Test L2 Loss :  0.015110975652933121  Test L2 Loss :  0.012484374493360519  Time :  10.189083576202393  L:  [4.0, 4.0]
Epoch :  72  Rel. Train L2 Loss :  0.016068840593099595  Rel. Test L2 Loss :  0.01836229145526886  Test L2 Loss :  0.015172480791807174  Time :  10.190926313400269  L:  [4.0, 4.0]
Epoch :  73  Rel. Train L2 Loss :  0.016988380670547486  Rel. Test L2 Loss :  0.01878389924764633  Test L2 Loss :  0.015540832132101058  Time :  10.201342821121216  L:  [4.0, 4.0]
Epoch :  74  Rel. Train L2 Loss :  0.019458360970020294  Rel. Test L2 Loss :  0.01689562514424324  Test L2 Loss :  0.013967474028468131  Time :  10.215206623077393  L:  [4.0, 4.0]
Epoch :  75  Rel. Train L2 Loss :  0.01659198221564293  Rel. Test L2 Loss :  0.015832131952047346  Test L2 Loss :  0.013095527440309524  Time :  10.21707558631897  L:  [4.0, 4.0]
Epoch :  76  Rel. Train L2 Loss :  0.01504645961523056  Rel. Test L2 Loss :  0.014138447791337968  Test L2 Loss :  0.011693236827850341  Time :  10.237159013748169  L:  [4.0, 4.0]
Epoch :  77  Rel. Train L2 Loss :  0.01617744818329811  Rel. Test L2 Loss :  0.016075502038002013  Test L2 Loss :  0.013295026794075966  Time :  10.250141143798828  L:  [4.0, 4.0]
Epoch :  78  Rel. Train L2 Loss :  0.016434397339820862  Rel. Test L2 Loss :  0.017665145993232725  Test L2 Loss :  0.014616085886955262  Time :  10.283753395080566  L:  [4.0, 4.0]
Epoch :  79  Rel. Train L2 Loss :  0.016360218659043312  Rel. Test L2 Loss :  0.014344172328710556  Test L2 Loss :  0.01185327485203743  Time :  10.316766500473022  L:  [4.0, 4.0]
Epoch :  80  Rel. Train L2 Loss :  0.016318642914295196  Rel. Test L2 Loss :  0.01802919402718544  Test L2 Loss :  0.014893885850906372  Time :  10.348318338394165  L:  [4.0, 4.0]
Epoch :  81  Rel. Train L2 Loss :  0.01713471904397011  Rel. Test L2 Loss :  0.019398876279592515  Test L2 Loss :  0.016041510552167893  Time :  10.353640079498291  L:  [4.0, 4.0]
Epoch :  82  Rel. Train L2 Loss :  0.017764853179454802  Rel. Test L2 Loss :  0.017488654404878616  Test L2 Loss :  0.014468258917331696  Time :  10.358818054199219  L:  [4.0, 4.0]
Epoch :  83  Rel. Train L2 Loss :  0.01658428969979286  Rel. Test L2 Loss :  0.01666330635547638  Test L2 Loss :  0.01377778559923172  Time :  10.36474061012268  L:  [4.0, 4.0]
Epoch :  84  Rel. Train L2 Loss :  0.017634621739387513  Rel. Test L2 Loss :  0.014548701196908952  Test L2 Loss :  0.01202600359916687  Time :  10.353435277938843  L:  [4.0, 4.0]
Epoch :  85  Rel. Train L2 Loss :  0.01567074128985405  Rel. Test L2 Loss :  0.0168386709690094  Test L2 Loss :  0.013906674683094025  Time :  10.340476989746094  L:  [4.0, 4.0]
Epoch :  86  Rel. Train L2 Loss :  0.016387630358338356  Rel. Test L2 Loss :  0.016150267571210863  Test L2 Loss :  0.013338298052549363  Time :  10.305438995361328  L:  [4.0, 4.0]
Epoch :  87  Rel. Train L2 Loss :  0.01545031875371933  Rel. Test L2 Loss :  0.013657226115465165  Test L2 Loss :  0.011280393451452255  Time :  10.314512968063354  L:  [4.0, 4.0]
Epoch :  88  Rel. Train L2 Loss :  0.017784871876239776  Rel. Test L2 Loss :  0.016173662543296816  Test L2 Loss :  0.013372790142893791  Time :  10.356784343719482  L:  [4.0, 4.0]
Epoch :  89  Rel. Train L2 Loss :  0.015771705687046052  Rel. Test L2 Loss :  0.014580039083957672  Test L2 Loss :  0.012051237151026725  Time :  10.35359525680542  L:  [4.0, 4.0]
Epoch :  90  Rel. Train L2 Loss :  0.015317972227931022  Rel. Test L2 Loss :  0.013405637517571449  Test L2 Loss :  0.011083655059337616  Time :  10.384854793548584  L:  [4.0, 4.0]
Epoch :  91  Rel. Train L2 Loss :  0.015598335698246956  Rel. Test L2 Loss :  0.015214235037565232  Test L2 Loss :  0.012567871958017349  Time :  10.399240016937256  L:  [4.0, 4.0]
Epoch :  92  Rel. Train L2 Loss :  0.01629989030957222  Rel. Test L2 Loss :  0.016883202344179154  Test L2 Loss :  0.013956888169050217  Time :  10.425525903701782  L:  [4.0, 4.0]
Epoch :  93  Rel. Train L2 Loss :  0.018419680655002595  Rel. Test L2 Loss :  0.020998207330703737  Test L2 Loss :  0.017369520962238313  Time :  10.3819899559021  L:  [4.0, 4.0]
Epoch :  94  Rel. Train L2 Loss :  0.017355206549167633  Rel. Test L2 Loss :  0.015505063980817795  Test L2 Loss :  0.012822142317891121  Time :  10.303650856018066  L:  [4.0, 4.0]
Epoch :  95  Rel. Train L2 Loss :  0.018265662491321565  Rel. Test L2 Loss :  0.016167503148317337  Test L2 Loss :  0.01336931973695755  Time :  10.232402086257935  L:  [4.0, 4.0]
Epoch :  96  Rel. Train L2 Loss :  0.0154141303896904  Rel. Test L2 Loss :  0.013671845346689224  Test L2 Loss :  0.011294680610299111  Time :  10.21603775024414  L:  [4.0, 4.0]
Epoch :  97  Rel. Train L2 Loss :  0.01649808929860592  Rel. Test L2 Loss :  0.014965314716100693  Test L2 Loss :  0.01236981526017189  Time :  10.207393646240234  L:  [4.0, 4.0]
Epoch :  98  Rel. Train L2 Loss :  0.01573027563095093  Rel. Test L2 Loss :  0.015608284622430801  Test L2 Loss :  0.012906614914536476  Time :  10.215774297714233  L:  [4.0, 4.0]
Epoch :  99  Rel. Train L2 Loss :  0.017261340379714964  Rel. Test L2 Loss :  0.01594781056046486  Test L2 Loss :  0.013179649785161018  Time :  10.237244367599487  L:  [4.0, 4.0]
Epoch :  100  Rel. Train L2 Loss :  0.01566571293771267  Rel. Test L2 Loss :  0.01717744380235672  Test L2 Loss :  0.014196806102991105  Time :  10.26204800605774  L:  [4.0, 4.0]
Epoch :  101  Rel. Train L2 Loss :  0.016161066189408303  Rel. Test L2 Loss :  0.015544867366552353  Test L2 Loss :  0.012847569137811661  Time :  10.30019474029541  L:  [4.0, 4.0]
Epoch :  102  Rel. Train L2 Loss :  0.015187288597226144  Rel. Test L2 Loss :  0.017600200474262237  Test L2 Loss :  0.014548026993870734  Time :  10.340269327163696  L:  [4.0, 4.0]
Epoch :  103  Rel. Train L2 Loss :  0.016056179329752923  Rel. Test L2 Loss :  0.014226467981934547  Test L2 Loss :  0.011771143525838851  Time :  10.342460870742798  L:  [4.0, 4.0]
Epoch :  104  Rel. Train L2 Loss :  0.015550530523061752  Rel. Test L2 Loss :  0.013110288679599761  Test L2 Loss :  0.010836578831076622  Time :  10.321990013122559  L:  [4.0, 4.0]
Epoch :  105  Rel. Train L2 Loss :  0.014858128651976586  Rel. Test L2 Loss :  0.012925258055329323  Test L2 Loss :  0.010684614405035972  Time :  10.327668190002441  L:  [4.0, 4.0]
Epoch :  106  Rel. Train L2 Loss :  0.014694181770086289  Rel. Test L2 Loss :  0.014762352257966994  Test L2 Loss :  0.012205503657460212  Time :  10.331785678863525  L:  [4.0, 4.0]
Epoch :  107  Rel. Train L2 Loss :  0.016279526978731154  Rel. Test L2 Loss :  0.013976036757230758  Test L2 Loss :  0.011548575535416604  Time :  10.330590963363647  L:  [4.0, 4.0]
Epoch :  108  Rel. Train L2 Loss :  0.015727250412106514  Rel. Test L2 Loss :  0.014277649223804473  Test L2 Loss :  0.011801119446754455  Time :  10.338541984558105  L:  [4.0, 4.0]
Epoch :  109  Rel. Train L2 Loss :  0.014737229749560356  Rel. Test L2 Loss :  0.014588364884257316  Test L2 Loss :  0.012057252004742622  Time :  10.354869842529297  L:  [4.0, 4.0]
Epoch :  110  Rel. Train L2 Loss :  0.01617892126739025  Rel. Test L2 Loss :  0.014488360881805419  Test L2 Loss :  0.011980559155344963  Time :  10.387227058410645  L:  [4.0, 4.0]
Epoch :  111  Rel. Train L2 Loss :  0.015038345023989678  Rel. Test L2 Loss :  0.015838581919670105  Test L2 Loss :  0.013104146420955658  Time :  10.385139465332031  L:  [4.0, 4.0]
Epoch :  112  Rel. Train L2 Loss :  0.015477992683649064  Rel. Test L2 Loss :  0.0152732153236866  Test L2 Loss :  0.012623797208070754  Time :  10.34333062171936  L:  [4.0, 4.0]
Epoch :  113  Rel. Train L2 Loss :  0.01694547525048256  Rel. Test L2 Loss :  0.015623493641614914  Test L2 Loss :  0.01291747510433197  Time :  10.294336557388306  L:  [4.0, 4.0]
Epoch :  114  Rel. Train L2 Loss :  0.015030820295214653  Rel. Test L2 Loss :  0.014031725600361825  Test L2 Loss :  0.011594529747962951  Time :  10.237562417984009  L:  [4.0, 4.0]
Epoch :  115  Rel. Train L2 Loss :  0.01404720075428486  Rel. Test L2 Loss :  0.014284773319959641  Test L2 Loss :  0.011807314455509185  Time :  10.232179880142212  L:  [4.0, 4.0]
Epoch :  116  Rel. Train L2 Loss :  0.01567682944238186  Rel. Test L2 Loss :  0.015526593625545503  Test L2 Loss :  0.012829647734761238  Time :  10.22294807434082  L:  [4.0, 4.0]
Epoch :  117  Rel. Train L2 Loss :  0.01499897900223732  Rel. Test L2 Loss :  0.014698815420269967  Test L2 Loss :  0.012141506895422935  Time :  10.22377061843872  L:  [4.0, 4.0]
Epoch :  118  Rel. Train L2 Loss :  0.014518267780542373  Rel. Test L2 Loss :  0.012872811406850815  Test L2 Loss :  0.01064528651535511  Time :  10.242624521255493  L:  [4.0, 4.0]
Epoch :  119  Rel. Train L2 Loss :  0.01520791132748127  Rel. Test L2 Loss :  0.016257794350385667  Test L2 Loss :  0.013444300666451454  Time :  10.279390811920166  L:  [4.0, 4.0]
Epoch :  120  Rel. Train L2 Loss :  0.013982444837689399  Rel. Test L2 Loss :  0.012944878488779068  Test L2 Loss :  0.010708166956901551  Time :  10.312781572341919  L:  [4.0, 4.0]
Epoch :  121  Rel. Train L2 Loss :  0.013978824153542518  Rel. Test L2 Loss :  0.01324680469930172  Test L2 Loss :  0.010952465757727623  Time :  10.338447332382202  L:  [4.0, 4.0]
Epoch :  122  Rel. Train L2 Loss :  0.013624951213598252  Rel. Test L2 Loss :  0.013044365271925927  Test L2 Loss :  0.010772908627986908  Time :  10.369386196136475  L:  [4.0, 4.0]
Epoch :  123  Rel. Train L2 Loss :  0.015116089522838593  Rel. Test L2 Loss :  0.012914432883262635  Test L2 Loss :  0.010674444362521171  Time :  10.378995656967163  L:  [4.0, 4.0]
Epoch :  124  Rel. Train L2 Loss :  0.014145753294229508  Rel. Test L2 Loss :  0.015208971351385117  Test L2 Loss :  0.01258327268064022  Time :  10.35388469696045  L:  [4.0, 4.0]
Epoch :  125  Rel. Train L2 Loss :  0.016788336485624313  Rel. Test L2 Loss :  0.013587070107460021  Test L2 Loss :  0.01122911401093006  Time :  10.338804006576538  L:  [4.0, 4.0]
Epoch :  126  Rel. Train L2 Loss :  0.01392367622256279  Rel. Test L2 Loss :  0.012440293431282043  Test L2 Loss :  0.010276916995644569  Time :  10.307154417037964  L:  [4.0, 4.0]
Epoch :  127  Rel. Train L2 Loss :  0.014930080071091652  Rel. Test L2 Loss :  0.01906255304813385  Test L2 Loss :  0.01575846418738365  Time :  10.285825967788696  L:  [4.0, 4.0]
Epoch :  128  Rel. Train L2 Loss :  0.014687833517789841  Rel. Test L2 Loss :  0.013038369342684746  Test L2 Loss :  0.010782591626048088  Time :  10.299805879592896  L:  [4.0, 4.0]
Epoch :  129  Rel. Train L2 Loss :  0.015228823155164719  Rel. Test L2 Loss :  0.013681073635816575  Test L2 Loss :  0.011301024109125138  Time :  10.319884061813354  L:  [4.0, 4.0]
Epoch :  130  Rel. Train L2 Loss :  0.013297858834266662  Rel. Test L2 Loss :  0.012398143038153649  Test L2 Loss :  0.010242536813020706  Time :  10.343551874160767  L:  [4.0, 4.0]
Epoch :  131  Rel. Train L2 Loss :  0.01325190795958042  Rel. Test L2 Loss :  0.012543797492980957  Test L2 Loss :  0.010371678024530411  Time :  10.3444983959198  L:  [4.0, 4.0]
Epoch :  132  Rel. Train L2 Loss :  0.014092581138014794  Rel. Test L2 Loss :  0.013962087333202361  Test L2 Loss :  0.011545359715819358  Time :  10.3684663772583  L:  [4.0, 4.0]
Epoch :  133  Rel. Train L2 Loss :  0.012989472195506096  Rel. Test L2 Loss :  0.012307438403367996  Test L2 Loss :  0.01017283707857132  Time :  10.382301092147827  L:  [4.0, 4.0]
Epoch :  134  Rel. Train L2 Loss :  0.013004703089594841  Rel. Test L2 Loss :  0.01424349620938301  Test L2 Loss :  0.011777389645576477  Time :  10.401301145553589  L:  [4.0, 4.0]
Epoch :  135  Rel. Train L2 Loss :  0.013834355413913728  Rel. Test L2 Loss :  0.014816314578056336  Test L2 Loss :  0.012242976278066635  Time :  10.35014796257019  L:  [4.0, 4.0]
Epoch :  136  Rel. Train L2 Loss :  0.014470496416091919  Rel. Test L2 Loss :  0.01732558012008667  Test L2 Loss :  0.014331523403525353  Time :  10.295756101608276  L:  [4.0, 4.0]
Epoch :  137  Rel. Train L2 Loss :  0.01564767546951771  Rel. Test L2 Loss :  0.014334651306271554  Test L2 Loss :  0.011854508072137832  Time :  10.239902973175049  L:  [4.0, 4.0]
Epoch :  138  Rel. Train L2 Loss :  0.014089410409331322  Rel. Test L2 Loss :  0.01303457722067833  Test L2 Loss :  0.010770523250102996  Time :  10.203734874725342  L:  [4.0, 4.0]
Epoch :  139  Rel. Train L2 Loss :  0.012371419191360474  Rel. Test L2 Loss :  0.014233402013778686  Test L2 Loss :  0.011772535517811775  Time :  10.212246417999268  L:  [4.0, 4.0]
Epoch :  140  Rel. Train L2 Loss :  0.014065481051802635  Rel. Test L2 Loss :  0.014415755122900008  Test L2 Loss :  0.011917295306921006  Time :  10.208909273147583  L:  [4.0, 4.0]
Epoch :  141  Rel. Train L2 Loss :  0.013936347857117653  Rel. Test L2 Loss :  0.012718401551246643  Test L2 Loss :  0.010511929765343667  Time :  10.21541690826416  L:  [4.0, 4.0]
Epoch :  142  Rel. Train L2 Loss :  0.014495284140110016  Rel. Test L2 Loss :  0.016807127594947815  Test L2 Loss :  0.013897793591022492  Time :  10.242696523666382  L:  [4.0, 4.0]
Epoch :  143  Rel. Train L2 Loss :  0.014155894577503204  Rel. Test L2 Loss :  0.011783688813447952  Test L2 Loss :  0.009732441380620002  Time :  10.286452770233154  L:  [4.0, 4.0]
Epoch :  144  Rel. Train L2 Loss :  0.013225007474422455  Rel. Test L2 Loss :  0.017390741407871245  Test L2 Loss :  0.014393057152628898  Time :  10.330503463745117  L:  [4.0, 4.0]
Epoch :  145  Rel. Train L2 Loss :  0.014358447700738906  Rel. Test L2 Loss :  0.013692132011055947  Test L2 Loss :  0.011322422325611115  Time :  10.345185041427612  L:  [4.0, 4.0]
Epoch :  146  Rel. Train L2 Loss :  0.01260532784461975  Rel. Test L2 Loss :  0.011149729192256928  Test L2 Loss :  0.009211036413908004  Time :  10.341649532318115  L:  [4.0, 4.0]
Epoch :  147  Rel. Train L2 Loss :  0.01442825411260128  Rel. Test L2 Loss :  0.012776140198111534  Test L2 Loss :  0.01056208498775959  Time :  10.32694149017334  L:  [4.0, 4.0]
Epoch :  148  Rel. Train L2 Loss :  0.013277177691459656  Rel. Test L2 Loss :  0.014358085989952087  Test L2 Loss :  0.011862673833966254  Time :  10.326661109924316  L:  [4.0, 4.0]
Epoch :  149  Rel. Train L2 Loss :  0.014794762820005417  Rel. Test L2 Loss :  0.012162658870220184  Test L2 Loss :  0.010052668452262879  Time :  10.357553243637085  L:  [4.0, 4.0]
Epoch :  150  Rel. Train L2 Loss :  0.013202704384922982  Rel. Test L2 Loss :  0.014611114710569383  Test L2 Loss :  0.012083605974912643  Time :  10.34256887435913  L:  [4.0, 4.0]
Epoch :  151  Rel. Train L2 Loss :  0.013063645601272583  Rel. Test L2 Loss :  0.018176331371068954  Test L2 Loss :  0.015036760866641997  Time :  10.341221570968628  L:  [4.0, 4.0]
Epoch :  152  Rel. Train L2 Loss :  0.01257469666004181  Rel. Test L2 Loss :  0.011323216706514358  Test L2 Loss :  0.009358877837657929  Time :  10.35294485092163  L:  [4.0, 4.0]
Epoch :  153  Rel. Train L2 Loss :  0.012617573767900467  Rel. Test L2 Loss :  0.016053880602121352  Test L2 Loss :  0.013280758932232857  Time :  10.352877378463745  L:  [4.0, 4.0]
Epoch :  154  Rel. Train L2 Loss :  0.014989216089248657  Rel. Test L2 Loss :  0.01384816437959671  Test L2 Loss :  0.011445106044411658  Time :  10.345262050628662  L:  [4.0, 4.0]
Epoch :  155  Rel. Train L2 Loss :  0.013261656433343887  Rel. Test L2 Loss :  0.014613579660654068  Test L2 Loss :  0.012079364508390427  Time :  10.329432249069214  L:  [4.0, 4.0]
Epoch :  156  Rel. Train L2 Loss :  0.01273535792529583  Rel. Test L2 Loss :  0.015006987303495407  Test L2 Loss :  0.012414336800575257  Time :  10.318006753921509  L:  [4.0, 4.0]
Epoch :  157  Rel. Train L2 Loss :  0.012742741838097572  Rel. Test L2 Loss :  0.011407692730426789  Test L2 Loss :  0.009430812895298004  Time :  10.308948278427124  L:  [4.0, 4.0]
Epoch :  158  Rel. Train L2 Loss :  0.01324195972084999  Rel. Test L2 Loss :  0.013253467381000519  Test L2 Loss :  0.010961979255080223  Time :  10.296769618988037  L:  [4.0, 4.0]
Epoch :  159  Rel. Train L2 Loss :  0.01278263008594513  Rel. Test L2 Loss :  0.012222731783986092  Test L2 Loss :  0.010097227692604065  Time :  10.331830501556396  L:  [4.0, 4.0]
Epoch :  160  Rel. Train L2 Loss :  0.012858379662036895  Rel. Test L2 Loss :  0.01524012878537178  Test L2 Loss :  0.012607248425483704  Time :  10.362689733505249  L:  [4.0, 4.0]
Epoch :  161  Rel. Train L2 Loss :  0.013284948840737342  Rel. Test L2 Loss :  0.010418760925531387  Test L2 Loss :  0.00861339531838894  Time :  10.385565996170044  L:  [4.0, 4.0]
Epoch :  162  Rel. Train L2 Loss :  0.013290379360318185  Rel. Test L2 Loss :  0.01706703156232834  Test L2 Loss :  0.014127087071537972  Time :  10.43447732925415  L:  [4.0, 4.0]
Epoch :  163  Rel. Train L2 Loss :  0.012321357324719428  Rel. Test L2 Loss :  0.015045463740825653  Test L2 Loss :  0.012442552894353866  Time :  10.36691665649414  L:  [4.0, 4.0]
Epoch :  164  Rel. Train L2 Loss :  0.014047638818621635  Rel. Test L2 Loss :  0.018021196871995927  Test L2 Loss :  0.01491764560341835  Time :  10.28952670097351  L:  [4.0, 4.0]
Epoch :  165  Rel. Train L2 Loss :  0.013246797889471053  Rel. Test L2 Loss :  0.01055173583328724  Test L2 Loss :  0.008721737191081047  Time :  10.204891443252563  L:  [4.0, 4.0]
Epoch :  166  Rel. Train L2 Loss :  0.012800854444503785  Rel. Test L2 Loss :  0.013177425414323807  Test L2 Loss :  0.010891157537698745  Time :  10.182571411132812  L:  [4.0, 4.0]
Epoch :  167  Rel. Train L2 Loss :  0.012640177935361862  Rel. Test L2 Loss :  0.01100363813340664  Test L2 Loss :  0.009097047597169877  Time :  10.18765926361084  L:  [4.0, 4.0]
Epoch :  168  Rel. Train L2 Loss :  0.012424722075462342  Rel. Test L2 Loss :  0.014332113042473792  Test L2 Loss :  0.01185351014137268  Time :  10.188383340835571  L:  [4.0, 4.0]
Epoch :  169  Rel. Train L2 Loss :  0.011846183851361275  Rel. Test L2 Loss :  0.011135452017188073  Test L2 Loss :  0.00920332171022892  Time :  10.205969095230103  L:  [4.0, 4.0]
Epoch :  170  Rel. Train L2 Loss :  0.013063969776034355  Rel. Test L2 Loss :  0.014330994784832001  Test L2 Loss :  0.011863321736454964  Time :  10.226843118667603  L:  [4.0, 4.0]
Epoch :  171  Rel. Train L2 Loss :  0.012118690997362137  Rel. Test L2 Loss :  0.012899353727698326  Test L2 Loss :  0.010660382509231568  Time :  10.25230360031128  L:  [4.0, 4.0]
Epoch :  172  Rel. Train L2 Loss :  0.011549613997340202  Rel. Test L2 Loss :  0.011858600676059722  Test L2 Loss :  0.009805592224001885  Time :  10.277575731277466  L:  [4.0, 4.0]
Epoch :  173  Rel. Train L2 Loss :  0.012468470364809036  Rel. Test L2 Loss :  0.011132519990205765  Test L2 Loss :  0.009202049970626831  Time :  10.307299852371216  L:  [4.0, 4.0]
Epoch :  174  Rel. Train L2 Loss :  0.012070777356624603  Rel. Test L2 Loss :  0.012444693818688393  Test L2 Loss :  0.010288467109203338  Time :  10.343333721160889  L:  [4.0, 4.0]
Epoch :  175  Rel. Train L2 Loss :  0.012941455855965614  Rel. Test L2 Loss :  0.014896412789821624  Test L2 Loss :  0.012317757532000541  Time :  10.362885475158691  L:  [4.0, 4.0]
Epoch :  176  Rel. Train L2 Loss :  0.013327598333358765  Rel. Test L2 Loss :  0.010854789763689041  Test L2 Loss :  0.008969011381268502  Time :  10.361730813980103  L:  [4.0, 4.0]
Epoch :  177  Rel. Train L2 Loss :  0.012851002037525178  Rel. Test L2 Loss :  0.011860108897089959  Test L2 Loss :  0.009799465090036392  Time :  10.344834089279175  L:  [4.0, 4.0]
Epoch :  178  Rel. Train L2 Loss :  0.01200779451429844  Rel. Test L2 Loss :  0.015564450174570083  Test L2 Loss :  0.012871687710285186  Time :  10.343043804168701  L:  [4.0, 4.0]
Epoch :  179  Rel. Train L2 Loss :  0.011967617824673652  Rel. Test L2 Loss :  0.010858479589223861  Test L2 Loss :  0.008973181322216988  Time :  10.349925518035889  L:  [4.0, 4.0]
Epoch :  180  Rel. Train L2 Loss :  0.012231474861502648  Rel. Test L2 Loss :  0.01478392854332924  Test L2 Loss :  0.012236487045884132  Time :  10.346202850341797  L:  [4.0, 4.0]
Epoch :  181  Rel. Train L2 Loss :  0.0125234095454216  Rel. Test L2 Loss :  0.012986198663711548  Test L2 Loss :  0.010743370056152344  Time :  10.349931716918945  L:  [4.0, 4.0]
Epoch :  182  Rel. Train L2 Loss :  0.012882902398705482  Rel. Test L2 Loss :  0.016239335387945177  Test L2 Loss :  0.01342640832066536  Time :  10.361066341400146  L:  [4.0, 4.0]
Epoch :  183  Rel. Train L2 Loss :  0.01220439639687538  Rel. Test L2 Loss :  0.013830533474683762  Test L2 Loss :  0.011445824354887009  Time :  10.362659692764282  L:  [4.0, 4.0]
Epoch :  184  Rel. Train L2 Loss :  0.012162961304187774  Rel. Test L2 Loss :  0.010416988208889961  Test L2 Loss :  0.00861224628984928  Time :  10.374397039413452  L:  [4.0, 4.0]
Epoch :  185  Rel. Train L2 Loss :  0.011114554300904274  Rel. Test L2 Loss :  0.010992310717701912  Test L2 Loss :  0.00908166728913784  Time :  10.339014291763306  L:  [4.0, 4.0]
Epoch :  186  Rel. Train L2 Loss :  0.012301816374063492  Rel. Test L2 Loss :  0.013599443584680557  Test L2 Loss :  0.011250498443841935  Time :  10.336162805557251  L:  [4.0, 4.0]
Epoch :  187  Rel. Train L2 Loss :  0.013275331646203994  Rel. Test L2 Loss :  0.014304831922054291  Test L2 Loss :  0.011823569536209106  Time :  10.349426507949829  L:  [4.0, 4.0]
Epoch :  188  Rel. Train L2 Loss :  0.014348695531487465  Rel. Test L2 Loss :  0.012097730338573455  Test L2 Loss :  0.010006486028432847  Time :  10.342687606811523  L:  [4.0, 4.0]
Epoch :  189  Rel. Train L2 Loss :  0.011325354605913163  Rel. Test L2 Loss :  0.013010679855942725  Test L2 Loss :  0.010757192820310593  Time :  10.341147899627686  L:  [4.0, 4.0]
Epoch :  190  Rel. Train L2 Loss :  0.012658541709184647  Rel. Test L2 Loss :  0.01391952060163021  Test L2 Loss :  0.011510169580578804  Time :  10.33795714378357  L:  [4.0, 4.0]
Epoch :  191  Rel. Train L2 Loss :  0.011925059840083123  Rel. Test L2 Loss :  0.014088713377714158  Test L2 Loss :  0.011644379496574401  Time :  10.347952365875244  L:  [4.0, 4.0]
Epoch :  192  Rel. Train L2 Loss :  0.013508853614330291  Rel. Test L2 Loss :  0.014005343914031982  Test L2 Loss :  0.011581112146377564  Time :  10.339896202087402  L:  [4.0, 4.0]
Epoch :  193  Rel. Train L2 Loss :  0.012373831614851952  Rel. Test L2 Loss :  0.012113550677895546  Test L2 Loss :  0.010016019716858863  Time :  10.34093189239502  L:  [4.0, 4.0]
Epoch :  194  Rel. Train L2 Loss :  0.010816065579652786  Rel. Test L2 Loss :  0.010100729987025261  Test L2 Loss :  0.008350623548030853  Time :  10.347780466079712  L:  [4.0, 4.0]
Epoch :  195  Rel. Train L2 Loss :  0.011582460761070251  Rel. Test L2 Loss :  0.013813516050577164  Test L2 Loss :  0.011429994106292725  Time :  10.339415788650513  L:  [4.0, 4.0]
Epoch :  196  Rel. Train L2 Loss :  0.011830328956246377  Rel. Test L2 Loss :  0.012297894731163979  Test L2 Loss :  0.010169693529605865  Time :  10.342507600784302  L:  [4.0, 4.0]
Epoch :  197  Rel. Train L2 Loss :  0.011153434112668037  Rel. Test L2 Loss :  0.011370828002691269  Test L2 Loss :  0.009398792162537575  Time :  10.338810920715332  L:  [4.0, 4.0]
Epoch :  198  Rel. Train L2 Loss :  0.01076161552965641  Rel. Test L2 Loss :  0.009506111815571785  Test L2 Loss :  0.007856627255678176  Time :  10.328195810317993  L:  [4.0, 4.0]
Epoch :  199  Rel. Train L2 Loss :  0.011331574961543084  Rel. Test L2 Loss :  0.01134062059223652  Test L2 Loss :  0.009366963654756547  Time :  10.310767650604248  L:  [4.0, 4.0]
Epoch :  200  Rel. Train L2 Loss :  0.012467702835798263  Rel. Test L2 Loss :  0.016156235188245775  Test L2 Loss :  0.01337407059967518  Time :  10.303955078125  L:  [4.0, 4.0]
Epoch :  201  Rel. Train L2 Loss :  0.011954692766070366  Rel. Test L2 Loss :  0.012717555686831474  Test L2 Loss :  0.01051278032362461  Time :  10.314891815185547  L:  [4.0, 4.0]
Epoch :  202  Rel. Train L2 Loss :  0.011614179477095603  Rel. Test L2 Loss :  0.010054503232240677  Test L2 Loss :  0.008311451449990272  Time :  10.279683589935303  L:  [4.0, 4.0]
Epoch :  203  Rel. Train L2 Loss :  0.01048282790184021  Rel. Test L2 Loss :  0.011061164736747741  Test L2 Loss :  0.009145462214946746  Time :  10.257308959960938  L:  [4.0, 4.0]
Epoch :  204  Rel. Train L2 Loss :  0.01111508582532406  Rel. Test L2 Loss :  0.013785025030374527  Test L2 Loss :  0.011408602520823478  Time :  10.264690160751343  L:  [4.0, 4.0]
Epoch :  205  Rel. Train L2 Loss :  0.011648676618933677  Rel. Test L2 Loss :  0.010946737229824066  Test L2 Loss :  0.009045152738690377  Time :  10.216275453567505  L:  [4.0, 4.0]
Epoch :  206  Rel. Train L2 Loss :  0.01143410250544548  Rel. Test L2 Loss :  0.012058504074811936  Test L2 Loss :  0.009970120117068292  Time :  10.192810773849487  L:  [4.0, 4.0]
Epoch :  207  Rel. Train L2 Loss :  0.01045065477490425  Rel. Test L2 Loss :  0.010896676406264304  Test L2 Loss :  0.009013157859444619  Time :  10.194944858551025  L:  [4.0, 4.0]
Epoch :  208  Rel. Train L2 Loss :  0.010883993700146675  Rel. Test L2 Loss :  0.011525678783655166  Test L2 Loss :  0.009526876658201218  Time :  10.195530891418457  L:  [4.0, 4.0]
Epoch :  209  Rel. Train L2 Loss :  0.011200724393129349  Rel. Test L2 Loss :  0.011901878044009209  Test L2 Loss :  0.009843596965074539  Time :  10.189071893692017  L:  [4.0, 4.0]
Epoch :  210  Rel. Train L2 Loss :  0.011129462733864785  Rel. Test L2 Loss :  0.011499712467193604  Test L2 Loss :  0.009509482532739639  Time :  10.181885480880737  L:  [4.0, 4.0]
Epoch :  211  Rel. Train L2 Loss :  0.010389617413282395  Rel. Test L2 Loss :  0.010149466544389725  Test L2 Loss :  0.008393176272511483  Time :  10.180631399154663  L:  [4.0, 4.0]
Epoch :  212  Rel. Train L2 Loss :  0.010904809147119523  Rel. Test L2 Loss :  0.011341305673122406  Test L2 Loss :  0.009374172613024711  Time :  10.185548543930054  L:  [4.0, 4.0]
Epoch :  213  Rel. Train L2 Loss :  0.011819066852331162  Rel. Test L2 Loss :  0.012302383184432983  Test L2 Loss :  0.010171113684773445  Time :  10.196531057357788  L:  [4.0, 4.0]
Epoch :  214  Rel. Train L2 Loss :  0.012762390524148941  Rel. Test L2 Loss :  0.010085314512252808  Test L2 Loss :  0.008331072852015495  Time :  10.204809427261353  L:  [4.0, 4.0]
Epoch :  215  Rel. Train L2 Loss :  0.011216015219688416  Rel. Test L2 Loss :  0.010381321981549263  Test L2 Loss :  0.008578823581337928  Time :  10.226582050323486  L:  [4.0, 4.0]
Epoch :  216  Rel. Train L2 Loss :  0.010666572108864784  Rel. Test L2 Loss :  0.010282082483172417  Test L2 Loss :  0.008498376160860062  Time :  10.244029521942139  L:  [4.0, 4.0]
Epoch :  217  Rel. Train L2 Loss :  0.01063509051501751  Rel. Test L2 Loss :  0.010205405801534652  Test L2 Loss :  0.008431904092431068  Time :  10.256275653839111  L:  [4.0, 4.0]
Epoch :  218  Rel. Train L2 Loss :  0.009796298444271087  Rel. Test L2 Loss :  0.010534380823373794  Test L2 Loss :  0.008708735778927803  Time :  10.267103910446167  L:  [4.0, 4.0]
Epoch :  219  Rel. Train L2 Loss :  0.012733826637268067  Rel. Test L2 Loss :  0.01242580197751522  Test L2 Loss :  0.010284506157040596  Time :  10.32039499282837  L:  [4.0, 4.0]
Epoch :  220  Rel. Train L2 Loss :  0.010759718760848046  Rel. Test L2 Loss :  0.010695661157369614  Test L2 Loss :  0.008844461962580681  Time :  10.347193717956543  L:  [4.0, 4.0]
Epoch :  221  Rel. Train L2 Loss :  0.010703837797045708  Rel. Test L2 Loss :  0.010780321210622787  Test L2 Loss :  0.008912160098552703  Time :  10.37597918510437  L:  [4.0, 4.0]
Epoch :  222  Rel. Train L2 Loss :  0.01026388156414032  Rel. Test L2 Loss :  0.01072301208972931  Test L2 Loss :  0.008872802183032037  Time :  10.367035150527954  L:  [4.0, 4.0]
Epoch :  223  Rel. Train L2 Loss :  0.010105836123228074  Rel. Test L2 Loss :  0.010059978440403938  Test L2 Loss :  0.008312874287366868  Time :  10.366779327392578  L:  [4.0, 4.0]
Epoch :  224  Rel. Train L2 Loss :  0.01005527538061142  Rel. Test L2 Loss :  0.01027399607002735  Test L2 Loss :  0.008497815206646919  Time :  10.372008323669434  L:  [4.0, 4.0]
Epoch :  225  Rel. Train L2 Loss :  0.010315659418702126  Rel. Test L2 Loss :  0.011207627952098847  Test L2 Loss :  0.009265747368335724  Time :  10.383233547210693  L:  [4.0, 4.0]
Epoch :  226  Rel. Train L2 Loss :  0.00979088582098484  Rel. Test L2 Loss :  0.011750249639153481  Test L2 Loss :  0.009716756045818328  Time :  10.388111352920532  L:  [4.0, 4.0]
Epoch :  227  Rel. Train L2 Loss :  0.010497574254870416  Rel. Test L2 Loss :  0.009845542088150978  Test L2 Loss :  0.008137647360563278  Time :  10.38150954246521  L:  [4.0, 4.0]
Epoch :  228  Rel. Train L2 Loss :  0.011894108891487122  Rel. Test L2 Loss :  0.01186335377395153  Test L2 Loss :  0.009801246374845505  Time :  10.300613164901733  L:  [4.0, 4.0]
Epoch :  229  Rel. Train L2 Loss :  0.01007782481610775  Rel. Test L2 Loss :  0.009656168594956398  Test L2 Loss :  0.007978882566094398  Time :  10.246511220932007  L:  [4.0, 4.0]
Epoch :  230  Rel. Train L2 Loss :  0.009374765381217003  Rel. Test L2 Loss :  0.010289861112833023  Test L2 Loss :  0.008511732518672942  Time :  10.231455564498901  L:  [4.0, 4.0]
Epoch :  231  Rel. Train L2 Loss :  0.009219202935695649  Rel. Test L2 Loss :  0.00899436391890049  Test L2 Loss :  0.007434219047427177  Time :  10.220401525497437  L:  [4.0, 4.0]
Epoch :  232  Rel. Train L2 Loss :  0.009727086618542671  Rel. Test L2 Loss :  0.010482760146260262  Test L2 Loss :  0.00866724267601967  Time :  10.228693962097168  L:  [4.0, 4.0]
Epoch :  233  Rel. Train L2 Loss :  0.010654261142015457  Rel. Test L2 Loss :  0.00943303868174553  Test L2 Loss :  0.007798801511526108  Time :  10.245481729507446  L:  [4.0, 4.0]
Epoch :  234  Rel. Train L2 Loss :  0.010805604487657546  Rel. Test L2 Loss :  0.010485912263393403  Test L2 Loss :  0.00867271862924099  Time :  10.268836736679077  L:  [4.0, 4.0]
Epoch :  235  Rel. Train L2 Loss :  0.008985531494021416  Rel. Test L2 Loss :  0.00946221835911274  Test L2 Loss :  0.007824944108724594  Time :  10.297985553741455  L:  [4.0, 4.0]
Epoch :  236  Rel. Train L2 Loss :  0.009100868597626686  Rel. Test L2 Loss :  0.010181768611073495  Test L2 Loss :  0.0084194315969944  Time :  10.321501731872559  L:  [4.0, 4.0]
Epoch :  237  Rel. Train L2 Loss :  0.009643863677978516  Rel. Test L2 Loss :  0.012729534730315208  Test L2 Loss :  0.010527741312980652  Time :  10.35286021232605  L:  [4.0, 4.0]
Epoch :  238  Rel. Train L2 Loss :  0.00997030757367611  Rel. Test L2 Loss :  0.01008632279932499  Test L2 Loss :  0.008344410583376885  Time :  10.36149287223816  L:  [4.0, 4.0]
Epoch :  239  Rel. Train L2 Loss :  0.010432340323925019  Rel. Test L2 Loss :  0.010697455033659936  Test L2 Loss :  0.008843599930405616  Time :  10.355370283126831  L:  [4.0, 4.0]
Epoch :  240  Rel. Train L2 Loss :  0.009367259159684182  Rel. Test L2 Loss :  0.010210763290524482  Test L2 Loss :  0.00843469426035881  Time :  10.34252381324768  L:  [4.0, 4.0]
Epoch :  241  Rel. Train L2 Loss :  0.01052991345524788  Rel. Test L2 Loss :  0.012282859534025192  Test L2 Loss :  0.010154212191700936  Time :  10.338448286056519  L:  [4.0, 4.0]
Epoch :  242  Rel. Train L2 Loss :  0.011921815484762191  Rel. Test L2 Loss :  0.011941989809274673  Test L2 Loss :  0.009890057891607285  Time :  10.335428953170776  L:  [4.0, 4.0]
Epoch :  243  Rel. Train L2 Loss :  0.010546327486634255  Rel. Test L2 Loss :  0.011559550166130066  Test L2 Loss :  0.009559001177549362  Time :  10.32566213607788  L:  [4.0, 4.0]
Epoch :  244  Rel. Train L2 Loss :  0.010606840997934342  Rel. Test L2 Loss :  0.009121054410934448  Test L2 Loss :  0.00753934271633625  Time :  10.325327634811401  L:  [4.0, 4.0]
Epoch :  245  Rel. Train L2 Loss :  0.009495939552783966  Rel. Test L2 Loss :  0.0103061743080616  Test L2 Loss :  0.00852090060710907  Time :  10.328433513641357  L:  [4.0, 4.0]
Epoch :  246  Rel. Train L2 Loss :  0.009617429837584495  Rel. Test L2 Loss :  0.009494908750057221  Test L2 Loss :  0.007845223993062972  Time :  10.33744478225708  L:  [4.0, 4.0]
Epoch :  247  Rel. Train L2 Loss :  0.009792179763317109  Rel. Test L2 Loss :  0.010305809676647187  Test L2 Loss :  0.008525196760892868  Time :  10.341918706893921  L:  [4.0, 4.0]
Epoch :  248  Rel. Train L2 Loss :  0.010061885058879852  Rel. Test L2 Loss :  0.009295428022742271  Test L2 Loss :  0.00768404558300972  Time :  10.351727485656738  L:  [4.0, 4.0]
Epoch :  249  Rel. Train L2 Loss :  0.009318137839436531  Rel. Test L2 Loss :  0.0101642744243145  Test L2 Loss :  0.008404901698231697  Time :  10.34917402267456  L:  [4.0, 4.0]
Epoch :  250  Rel. Train L2 Loss :  0.008975375682115554  Rel. Test L2 Loss :  0.010120819956064224  Test L2 Loss :  0.008369015827775002  Time :  10.358572959899902  L:  [4.0, 4.0]
Epoch :  251  Rel. Train L2 Loss :  0.009900845736265183  Rel. Test L2 Loss :  0.009227697774767875  Test L2 Loss :  0.007626401782035827  Time :  10.366013288497925  L:  [4.0, 4.0]
Epoch :  252  Rel. Train L2 Loss :  0.009276178479194642  Rel. Test L2 Loss :  0.009304318353533745  Test L2 Loss :  0.00769087977707386  Time :  10.384880065917969  L:  [4.0, 4.0]
Epoch :  253  Rel. Train L2 Loss :  0.008961344406008721  Rel. Test L2 Loss :  0.0092298324406147  Test L2 Loss :  0.0076280046254396435  Time :  10.34577465057373  L:  [4.0, 4.0]
Epoch :  254  Rel. Train L2 Loss :  0.00993309584259987  Rel. Test L2 Loss :  0.009144450947642326  Test L2 Loss :  0.00755812183022499  Time :  10.340267658233643  L:  [4.0, 4.0]
Epoch :  255  Rel. Train L2 Loss :  0.009783544838428497  Rel. Test L2 Loss :  0.009171248823404312  Test L2 Loss :  0.00758029043674469  Time :  10.334227323532104  L:  [4.0, 4.0]
Epoch :  256  Rel. Train L2 Loss :  0.009343828096985817  Rel. Test L2 Loss :  0.013612097352743149  Test L2 Loss :  0.01125650353729725  Time :  10.320226430892944  L:  [4.0, 4.0]
Epoch :  257  Rel. Train L2 Loss :  0.009438893139362334  Rel. Test L2 Loss :  0.009763083308935166  Test L2 Loss :  0.008066534474492073  Time :  10.309799909591675  L:  [4.0, 4.0]
Epoch :  258  Rel. Train L2 Loss :  0.008393610313534737  Rel. Test L2 Loss :  0.0089869973808527  Test L2 Loss :  0.0074276808649301525  Time :  10.327142715454102  L:  [4.0, 4.0]
Epoch :  259  Rel. Train L2 Loss :  0.009822405591607094  Rel. Test L2 Loss :  0.01082422249019146  Test L2 Loss :  0.008951288983225822  Time :  10.343536138534546  L:  [4.0, 4.0]
Epoch :  260  Rel. Train L2 Loss :  0.008461537510156632  Rel. Test L2 Loss :  0.009055404216051102  Test L2 Loss :  0.007480909824371338  Time :  10.368837356567383  L:  [4.0, 4.0]
Epoch :  261  Rel. Train L2 Loss :  0.009464675486087799  Rel. Test L2 Loss :  0.008919565007090569  Test L2 Loss :  0.007371599376201629  Time :  10.391209840774536  L:  [4.0, 4.0]
Epoch :  262  Rel. Train L2 Loss :  0.009479907378554343  Rel. Test L2 Loss :  0.00980579249560833  Test L2 Loss :  0.008106932267546654  Time :  10.37813663482666  L:  [4.0, 4.0]
Epoch :  263  Rel. Train L2 Loss :  0.008518935918807983  Rel. Test L2 Loss :  0.009208479970693588  Test L2 Loss :  0.007612551599740982  Time :  10.37068796157837  L:  [4.0, 4.0]
Epoch :  264  Rel. Train L2 Loss :  0.008317981891334057  Rel. Test L2 Loss :  0.00909904308617115  Test L2 Loss :  0.007523923963308334  Time :  10.35019326210022  L:  [4.0, 4.0]
Epoch :  265  Rel. Train L2 Loss :  0.008495569169521332  Rel. Test L2 Loss :  0.008470189943909644  Test L2 Loss :  0.007003013826906681  Time :  10.350469827651978  L:  [4.0, 4.0]
Epoch :  266  Rel. Train L2 Loss :  0.008735804781317712  Rel. Test L2 Loss :  0.010102112591266633  Test L2 Loss :  0.008351815342903137  Time :  10.33873200416565  L:  [4.0, 4.0]
Epoch :  267  Rel. Train L2 Loss :  0.00949712796509266  Rel. Test L2 Loss :  0.008844095021486283  Test L2 Loss :  0.007309729307889938  Time :  10.333349704742432  L:  [4.0, 4.0]
Epoch :  268  Rel. Train L2 Loss :  0.008947881251573562  Rel. Test L2 Loss :  0.011214054748415947  Test L2 Loss :  0.009279379323124885  Time :  10.331880331039429  L:  [4.0, 4.0]
Epoch :  269  Rel. Train L2 Loss :  0.009278306856751442  Rel. Test L2 Loss :  0.0100572819262743  Test L2 Loss :  0.008317873179912567  Time :  10.32683277130127  L:  [4.0, 4.0]
Epoch :  270  Rel. Train L2 Loss :  0.008658305376768111  Rel. Test L2 Loss :  0.008645540773868561  Test L2 Loss :  0.0071459954977035525  Time :  10.321475982666016  L:  [4.0, 4.0]
Epoch :  271  Rel. Train L2 Loss :  0.008971559435129166  Rel. Test L2 Loss :  0.009974544942378998  Test L2 Loss :  0.008254590779542922  Time :  10.307178497314453  L:  [4.0, 4.0]
Epoch :  272  Rel. Train L2 Loss :  0.008504010289907455  Rel. Test L2 Loss :  0.009450822919607162  Test L2 Loss :  0.007816589772701263  Time :  10.290061473846436  L:  [4.0, 4.0]
Epoch :  273  Rel. Train L2 Loss :  0.00806923735141754  Rel. Test L2 Loss :  0.00911766767501831  Test L2 Loss :  0.007532858476042748  Time :  10.2554030418396  L:  [4.0, 4.0]
Epoch :  274  Rel. Train L2 Loss :  0.009441024124622345  Rel. Test L2 Loss :  0.010123460069298745  Test L2 Loss :  0.00837113343179226  Time :  10.238941431045532  L:  [4.0, 4.0]
Epoch :  275  Rel. Train L2 Loss :  0.009440236926078796  Rel. Test L2 Loss :  0.010255724862217904  Test L2 Loss :  0.008476576209068299  Time :  10.22791862487793  L:  [4.0, 4.0]
Epoch :  276  Rel. Train L2 Loss :  0.008068582579493522  Rel. Test L2 Loss :  0.00964772842824459  Test L2 Loss :  0.007978134453296662  Time :  10.215731859207153  L:  [4.0, 4.0]
Epoch :  277  Rel. Train L2 Loss :  0.00868764926493168  Rel. Test L2 Loss :  0.008822438269853593  Test L2 Loss :  0.007296988144516945  Time :  10.19321346282959  L:  [4.0, 4.0]
Epoch :  278  Rel. Train L2 Loss :  0.008645274206995963  Rel. Test L2 Loss :  0.008804670348763467  Test L2 Loss :  0.007279571071267128  Time :  10.187387466430664  L:  [4.0, 4.0]
Epoch :  279  Rel. Train L2 Loss :  0.008623582184314728  Rel. Test L2 Loss :  0.008984917029738426  Test L2 Loss :  0.007429680973291397  Time :  10.203697919845581  L:  [4.0, 4.0]
Epoch :  280  Rel. Train L2 Loss :  0.009373084127902985  Rel. Test L2 Loss :  0.008935080766677856  Test L2 Loss :  0.007388074025511742  Time :  10.196690559387207  L:  [4.0, 4.0]
Epoch :  281  Rel. Train L2 Loss :  0.009334493473172188  Rel. Test L2 Loss :  0.009913116842508316  Test L2 Loss :  0.008198655173182488  Time :  10.199041604995728  L:  [4.0, 4.0]
Epoch :  282  Rel. Train L2 Loss :  0.008983002543449402  Rel. Test L2 Loss :  0.010391874834895135  Test L2 Loss :  0.008586293011903763  Time :  10.187736988067627  L:  [4.0, 4.0]
Epoch :  283  Rel. Train L2 Loss :  0.008048177249729633  Rel. Test L2 Loss :  0.008389343023300171  Test L2 Loss :  0.006936824694275856  Time :  10.187061786651611  L:  [4.0, 4.0]
Epoch :  284  Rel. Train L2 Loss :  0.007815628334879875  Rel. Test L2 Loss :  0.008278759270906448  Test L2 Loss :  0.006844497919082641  Time :  10.197970390319824  L:  [4.0, 4.0]
Epoch :  285  Rel. Train L2 Loss :  0.007621899485588074  Rel. Test L2 Loss :  0.008991770222783088  Test L2 Loss :  0.007437029108405113  Time :  10.214426279067993  L:  [4.0, 4.0]
Epoch :  286  Rel. Train L2 Loss :  0.008094108492136001  Rel. Test L2 Loss :  0.008414153978228568  Test L2 Loss :  0.006960400082170963  Time :  10.236987352371216  L:  [4.0, 4.0]
Epoch :  287  Rel. Train L2 Loss :  0.00818447482585907  Rel. Test L2 Loss :  0.009344351217150689  Test L2 Loss :  0.007727883271872998  Time :  10.26908564567566  L:  [4.0, 4.0]
Epoch :  288  Rel. Train L2 Loss :  0.008827752470970153  Rel. Test L2 Loss :  0.008944785818457604  Test L2 Loss :  0.00739736720919609  Time :  10.30667519569397  L:  [4.0, 4.0]
Epoch :  289  Rel. Train L2 Loss :  0.008322986170649528  Rel. Test L2 Loss :  0.00936485305428505  Test L2 Loss :  0.007747992128133774  Time :  10.28370976448059  L:  [4.0, 4.0]
Epoch :  290  Rel. Train L2 Loss :  0.008750286638736724  Rel. Test L2 Loss :  0.008519517108798027  Test L2 Loss :  0.007039883360266686  Time :  10.306125402450562  L:  [4.0, 4.0]
Epoch :  291  Rel. Train L2 Loss :  0.008282504379749298  Rel. Test L2 Loss :  0.009252361804246902  Test L2 Loss :  0.007651437148451805  Time :  10.329132556915283  L:  [4.0, 4.0]
Epoch :  292  Rel. Train L2 Loss :  0.008583597585558891  Rel. Test L2 Loss :  0.00867506742477417  Test L2 Loss :  0.007173773571848869  Time :  10.339581966400146  L:  [4.0, 4.0]
Epoch :  293  Rel. Train L2 Loss :  0.007745917811989784  Rel. Test L2 Loss :  0.009623525217175483  Test L2 Loss :  0.007959123477339744  Time :  10.341978549957275  L:  [4.0, 4.0]
Epoch :  294  Rel. Train L2 Loss :  0.008805445462465287  Rel. Test L2 Loss :  0.010085687711834908  Test L2 Loss :  0.008344288989901543  Time :  10.342284440994263  L:  [4.0, 4.0]
Epoch :  295  Rel. Train L2 Loss :  0.009563072815537452  Rel. Test L2 Loss :  0.009172849133610725  Test L2 Loss :  0.007585889473557472  Time :  10.346953392028809  L:  [4.0, 4.0]
Epoch :  296  Rel. Train L2 Loss :  0.008332625471055507  Rel. Test L2 Loss :  0.009873703345656395  Test L2 Loss :  0.008165148347616195  Time :  10.346622705459595  L:  [4.0, 4.0]
Epoch :  297  Rel. Train L2 Loss :  0.007949466489255428  Rel. Test L2 Loss :  0.008635554984211922  Test L2 Loss :  0.0071342382580041885  Time :  10.3346586227417  L:  [4.0, 4.0]
Epoch :  298  Rel. Train L2 Loss :  0.007879135936498641  Rel. Test L2 Loss :  0.00820585198700428  Test L2 Loss :  0.006785445734858513  Time :  10.325485944747925  L:  [4.0, 4.0]
Epoch :  299  Rel. Train L2 Loss :  0.0074394972547888755  Rel. Test L2 Loss :  0.009178934395313263  Test L2 Loss :  0.0075929823145270345  Time :  10.325602054595947  L:  [4.0, 4.0]
Epoch :  300  Rel. Train L2 Loss :  0.00834136125445366  Rel. Test L2 Loss :  0.010100654065608979  Test L2 Loss :  0.00835587278008461  Time :  10.340975761413574  L:  [4.0, 4.0]
Epoch :  301  Rel. Train L2 Loss :  0.008551183961331844  Rel. Test L2 Loss :  0.008025705888867378  Test L2 Loss :  0.006635170876979828  Time :  10.330538988113403  L:  [4.0, 4.0]
Epoch :  302  Rel. Train L2 Loss :  0.007792274981737137  Rel. Test L2 Loss :  0.009059529304504394  Test L2 Loss :  0.007487912103533745  Time :  10.322122573852539  L:  [4.0, 4.0]
Epoch :  303  Rel. Train L2 Loss :  0.008138685584068299  Rel. Test L2 Loss :  0.008728673383593559  Test L2 Loss :  0.007216403782367706  Time :  10.320026874542236  L:  [4.0, 4.0]
Epoch :  304  Rel. Train L2 Loss :  0.00713402683287859  Rel. Test L2 Loss :  0.007421574220061302  Test L2 Loss :  0.00613553699105978  Time :  10.321435689926147  L:  [4.0, 4.0]
Epoch :  305  Rel. Train L2 Loss :  0.007196474999189377  Rel. Test L2 Loss :  0.007982763051986695  Test L2 Loss :  0.006598928943276405  Time :  10.297452926635742  L:  [4.0, 4.0]
Epoch :  306  Rel. Train L2 Loss :  0.0075781595408916476  Rel. Test L2 Loss :  0.01027124099433422  Test L2 Loss :  0.008502777367830276  Time :  10.266628980636597  L:  [4.0, 4.0]
Epoch :  307  Rel. Train L2 Loss :  0.0078710183724761  Rel. Test L2 Loss :  0.007965888977050781  Test L2 Loss :  0.0065858417004346845  Time :  10.27681303024292  L:  [4.0, 4.0]
Epoch :  308  Rel. Train L2 Loss :  0.0074101402461528776  Rel. Test L2 Loss :  0.009422553107142448  Test L2 Loss :  0.007789022102952003  Time :  10.277759313583374  L:  [4.0, 4.0]
Epoch :  309  Rel. Train L2 Loss :  0.00806339830160141  Rel. Test L2 Loss :  0.008280064761638641  Test L2 Loss :  0.006846767328679562  Time :  10.267250299453735  L:  [4.0, 4.0]
Epoch :  310  Rel. Train L2 Loss :  0.007174928955733776  Rel. Test L2 Loss :  0.007778943851590157  Test L2 Loss :  0.00643170315772295  Time :  10.264240026473999  L:  [4.0, 4.0]
Epoch :  311  Rel. Train L2 Loss :  0.0074610947221517565  Rel. Test L2 Loss :  0.007746996693313122  Test L2 Loss :  0.006405423358082771  Time :  10.254623413085938  L:  [4.0, 4.0]
Epoch :  312  Rel. Train L2 Loss :  0.007387281440198422  Rel. Test L2 Loss :  0.009577544927597046  Test L2 Loss :  0.007916970252990723  Time :  10.267130136489868  L:  [4.0, 4.0]
Epoch :  313  Rel. Train L2 Loss :  0.007591959789395333  Rel. Test L2 Loss :  0.00788179412484169  Test L2 Loss :  0.006517299264669418  Time :  10.254179239273071  L:  [4.0, 4.0]
Epoch :  314  Rel. Train L2 Loss :  0.007246592052280903  Rel. Test L2 Loss :  0.00812854416668415  Test L2 Loss :  0.0067178445309400555  Time :  10.224995136260986  L:  [4.0, 4.0]
Epoch :  315  Rel. Train L2 Loss :  0.006894079081714154  Rel. Test L2 Loss :  0.007793227136135101  Test L2 Loss :  0.006445867083966732  Time :  10.225905179977417  L:  [4.0, 4.0]
Epoch :  316  Rel. Train L2 Loss :  0.007660029895603657  Rel. Test L2 Loss :  0.008167484179139137  Test L2 Loss :  0.00675142765045166  Time :  10.223697185516357  L:  [4.0, 4.0]
Epoch :  317  Rel. Train L2 Loss :  0.00822695705294609  Rel. Test L2 Loss :  0.00783347986638546  Test L2 Loss :  0.006474703922867775  Time :  10.221084833145142  L:  [4.0, 4.0]
Epoch :  318  Rel. Train L2 Loss :  0.006958726584911346  Rel. Test L2 Loss :  0.008457868099212647  Test L2 Loss :  0.006994337514042854  Time :  10.216636419296265  L:  [4.0, 4.0]
Epoch :  319  Rel. Train L2 Loss :  0.0070333234965801236  Rel. Test L2 Loss :  0.009344847425818443  Test L2 Loss :  0.007731901705265045  Time :  10.21619963645935  L:  [4.0, 4.0]
Epoch :  320  Rel. Train L2 Loss :  0.007032833516597748  Rel. Test L2 Loss :  0.007706931605935097  Test L2 Loss :  0.006369265392422676  Time :  10.204405069351196  L:  [4.0, 4.0]
Epoch :  321  Rel. Train L2 Loss :  0.007661918088793755  Rel. Test L2 Loss :  0.00803171806037426  Test L2 Loss :  0.006639031916856766  Time :  10.197486400604248  L:  [4.0, 4.0]
Epoch :  322  Rel. Train L2 Loss :  0.007482744432985783  Rel. Test L2 Loss :  0.007763378396630287  Test L2 Loss :  0.006418607681989669  Time :  10.200922012329102  L:  [4.0, 4.0]
Epoch :  323  Rel. Train L2 Loss :  0.0066555459201335905  Rel. Test L2 Loss :  0.007912580966949462  Test L2 Loss :  0.006541119404137135  Time :  10.208409309387207  L:  [4.0, 4.0]
Epoch :  324  Rel. Train L2 Loss :  0.006744056440889835  Rel. Test L2 Loss :  0.008300273790955543  Test L2 Loss :  0.006868005655705929  Time :  10.215657234191895  L:  [4.0, 4.0]
Epoch :  325  Rel. Train L2 Loss :  0.008120544910430908  Rel. Test L2 Loss :  0.00830366924405098  Test L2 Loss :  0.006869612559676171  Time :  10.225130558013916  L:  [4.0, 4.0]
Epoch :  326  Rel. Train L2 Loss :  0.007626015312969685  Rel. Test L2 Loss :  0.008208060264587402  Test L2 Loss :  0.006783977188169956  Time :  10.23777437210083  L:  [4.0, 4.0]
Epoch :  327  Rel. Train L2 Loss :  0.0073449833393096926  Rel. Test L2 Loss :  0.008461328968405724  Test L2 Loss :  0.006992846503853798  Time :  10.253074884414673  L:  [4.0, 4.0]
Epoch :  328  Rel. Train L2 Loss :  0.0069648253992199895  Rel. Test L2 Loss :  0.007330409660935402  Test L2 Loss :  0.0060599206015467645  Time :  10.266952991485596  L:  [4.0, 4.0]
Epoch :  329  Rel. Train L2 Loss :  0.0066129001453518865  Rel. Test L2 Loss :  0.007685932293534279  Test L2 Loss :  0.006355205737054348  Time :  10.29410433769226  L:  [4.0, 4.0]
Epoch :  330  Rel. Train L2 Loss :  0.006588950239121914  Rel. Test L2 Loss :  0.00802609220147133  Test L2 Loss :  0.0066346670687198635  Time :  10.30885124206543  L:  [4.0, 4.0]
Epoch :  331  Rel. Train L2 Loss :  0.0071588573977351185  Rel. Test L2 Loss :  0.008273588865995407  Test L2 Loss :  0.006840302757918835  Time :  10.301548719406128  L:  [4.0, 4.0]
Epoch :  332  Rel. Train L2 Loss :  0.006773228362202645  Rel. Test L2 Loss :  0.007269974797964096  Test L2 Loss :  0.006011813320219517  Time :  10.33553409576416  L:  [4.0, 4.0]
Epoch :  333  Rel. Train L2 Loss :  0.006580741547048092  Rel. Test L2 Loss :  0.0073012314736843106  Test L2 Loss :  0.00603638082742691  Time :  10.328073263168335  L:  [4.0, 4.0]
Epoch :  334  Rel. Train L2 Loss :  0.0066920449957251545  Rel. Test L2 Loss :  0.007448911741375923  Test L2 Loss :  0.006158455647528172  Time :  10.325098991394043  L:  [4.0, 4.0]
Epoch :  335  Rel. Train L2 Loss :  0.006398155927658081  Rel. Test L2 Loss :  0.007378058433532715  Test L2 Loss :  0.006099033541977406  Time :  10.3236083984375  L:  [4.0, 4.0]
Epoch :  336  Rel. Train L2 Loss :  0.006804198570549488  Rel. Test L2 Loss :  0.007594704627990723  Test L2 Loss :  0.006279621087014675  Time :  10.330744743347168  L:  [4.0, 4.0]
Epoch :  337  Rel. Train L2 Loss :  0.00731810823827982  Rel. Test L2 Loss :  0.00798512652516365  Test L2 Loss :  0.006603644900023937  Time :  10.32575511932373  L:  [4.0, 4.0]
Epoch :  338  Rel. Train L2 Loss :  0.006811655588448048  Rel. Test L2 Loss :  0.008086263313889503  Test L2 Loss :  0.006688804551959038  Time :  10.296763896942139  L:  [4.0, 4.0]
Epoch :  339  Rel. Train L2 Loss :  0.006445850394666195  Rel. Test L2 Loss :  0.007183643318712712  Test L2 Loss :  0.0059397219121456145  Time :  10.308014631271362  L:  [4.0, 4.0]
Epoch :  340  Rel. Train L2 Loss :  0.007032080635428429  Rel. Test L2 Loss :  0.008654370307922363  Test L2 Loss :  0.007156423963606357  Time :  10.314176559448242  L:  [4.0, 4.0]
Epoch :  341  Rel. Train L2 Loss :  0.006783992104232311  Rel. Test L2 Loss :  0.008978333249688148  Test L2 Loss :  0.007431826293468475  Time :  10.30832314491272  L:  [4.0, 4.0]
Epoch :  342  Rel. Train L2 Loss :  0.00701998183876276  Rel. Test L2 Loss :  0.0077613979578018185  Test L2 Loss :  0.006416647545993328  Time :  10.31260347366333  L:  [4.0, 4.0]
Epoch :  343  Rel. Train L2 Loss :  0.0062824940457940105  Rel. Test L2 Loss :  0.007245547361671925  Test L2 Loss :  0.005992625504732132  Time :  10.312227964401245  L:  [4.0, 4.0]
Epoch :  344  Rel. Train L2 Loss :  0.006418073572218418  Rel. Test L2 Loss :  0.008211788386106492  Test L2 Loss :  0.006788481920957565  Time :  10.304399013519287  L:  [4.0, 4.0]
Epoch :  345  Rel. Train L2 Loss :  0.006975649788975716  Rel. Test L2 Loss :  0.00782951809465885  Test L2 Loss :  0.006473006494343281  Time :  10.293922185897827  L:  [4.0, 4.0]
Epoch :  346  Rel. Train L2 Loss :  0.006473744243383407  Rel. Test L2 Loss :  0.00713053211569786  Test L2 Loss :  0.005894908756017685  Time :  10.287632465362549  L:  [4.0, 4.0]
Epoch :  347  Rel. Train L2 Loss :  0.006429401837289334  Rel. Test L2 Loss :  0.0074539993703365325  Test L2 Loss :  0.0061647194996476175  Time :  10.29343581199646  L:  [4.0, 4.0]
Epoch :  348  Rel. Train L2 Loss :  0.006524265244603157  Rel. Test L2 Loss :  0.007320441529154778  Test L2 Loss :  0.006052041016519069  Time :  10.28496789932251  L:  [4.0, 4.0]
Epoch :  349  Rel. Train L2 Loss :  0.006522548101842404  Rel. Test L2 Loss :  0.008452287241816521  Test L2 Loss :  0.006991317756474018  Time :  10.293686628341675  L:  [4.0, 4.0]
Epoch :  350  Rel. Train L2 Loss :  0.006441877216100692  Rel. Test L2 Loss :  0.007910174578428268  Test L2 Loss :  0.006540139317512512  Time :  10.26888632774353  L:  [4.0, 4.0]
Epoch :  351  Rel. Train L2 Loss :  0.006350387141108513  Rel. Test L2 Loss :  0.0074769103527069095  Test L2 Loss :  0.006184141859412193  Time :  10.228062629699707  L:  [4.0, 4.0]
Epoch :  352  Rel. Train L2 Loss :  0.006239807955920696  Rel. Test L2 Loss :  0.0073485150188207626  Test L2 Loss :  0.006078173145651817  Time :  10.236565828323364  L:  [4.0, 4.0]
Epoch :  353  Rel. Train L2 Loss :  0.0061586773246526715  Rel. Test L2 Loss :  0.007323324829339981  Test L2 Loss :  0.0060556935146451  Time :  10.230098724365234  L:  [4.0, 4.0]
Epoch :  354  Rel. Train L2 Loss :  0.006654380984604359  Rel. Test L2 Loss :  0.007704080864787102  Test L2 Loss :  0.006372189633548259  Time :  10.227569103240967  L:  [4.0, 4.0]
Epoch :  355  Rel. Train L2 Loss :  0.005994453564286232  Rel. Test L2 Loss :  0.00805130310356617  Test L2 Loss :  0.0066565975919365885  Time :  10.220741987228394  L:  [4.0, 4.0]
Epoch :  356  Rel. Train L2 Loss :  0.005951334670186043  Rel. Test L2 Loss :  0.007663151323795319  Test L2 Loss :  0.006335917562246322  Time :  10.218922138214111  L:  [4.0, 4.0]
Epoch :  357  Rel. Train L2 Loss :  0.006301920607686043  Rel. Test L2 Loss :  0.007126941420137882  Test L2 Loss :  0.005893164612352848  Time :  10.216577768325806  L:  [4.0, 4.0]
Epoch :  358  Rel. Train L2 Loss :  0.00617069935798645  Rel. Test L2 Loss :  0.007793323248624802  Test L2 Loss :  0.006444111987948417  Time :  10.21417236328125  L:  [4.0, 4.0]
Epoch :  359  Rel. Train L2 Loss :  0.0060993022173643115  Rel. Test L2 Loss :  0.007171677574515343  Test L2 Loss :  0.005929890498518944  Time :  10.215406656265259  L:  [4.0, 4.0]
Epoch :  360  Rel. Train L2 Loss :  0.006189540833234787  Rel. Test L2 Loss :  0.006934235766530037  Test L2 Loss :  0.005735223032534122  Time :  10.224041938781738  L:  [4.0, 4.0]
Epoch :  361  Rel. Train L2 Loss :  0.006192485265433788  Rel. Test L2 Loss :  0.008012750670313835  Test L2 Loss :  0.006626623421907425  Time :  10.233824491500854  L:  [4.0, 4.0]
Epoch :  362  Rel. Train L2 Loss :  0.006463084660470486  Rel. Test L2 Loss :  0.007669817805290222  Test L2 Loss :  0.006341213807463646  Time :  10.240744829177856  L:  [4.0, 4.0]
Epoch :  363  Rel. Train L2 Loss :  0.005988840393722057  Rel. Test L2 Loss :  0.0072599840164184574  Test L2 Loss :  0.006003455556929112  Time :  10.253421306610107  L:  [4.0, 4.0]
Epoch :  364  Rel. Train L2 Loss :  0.005990386858582496  Rel. Test L2 Loss :  0.007003238275647163  Test L2 Loss :  0.005791855715215206  Time :  10.270203113555908  L:  [4.0, 4.0]
Epoch :  365  Rel. Train L2 Loss :  0.005703028999269008  Rel. Test L2 Loss :  0.006836049780249595  Test L2 Loss :  0.0056537981331348415  Time :  10.328050136566162  L:  [4.0, 4.0]
Epoch :  366  Rel. Train L2 Loss :  0.005641864359378815  Rel. Test L2 Loss :  0.007534579113125801  Test L2 Loss :  0.0062316501140594486  Time :  10.338245391845703  L:  [4.0, 4.0]
Epoch :  367  Rel. Train L2 Loss :  0.005792591564357281  Rel. Test L2 Loss :  0.00675540417432785  Test L2 Loss :  0.005586207024753094  Time :  10.314318895339966  L:  [4.0, 4.0]
Epoch :  368  Rel. Train L2 Loss :  0.006052052192389965  Rel. Test L2 Loss :  0.007308757305145264  Test L2 Loss :  0.0060442895069718365  Time :  10.284286975860596  L:  [4.0, 4.0]
Epoch :  369  Rel. Train L2 Loss :  0.0058978116884827615  Rel. Test L2 Loss :  0.007066727690398693  Test L2 Loss :  0.005844768434762955  Time :  10.30623722076416  L:  [4.0, 4.0]
Epoch :  370  Rel. Train L2 Loss :  0.006126597084105015  Rel. Test L2 Loss :  0.007639326378703118  Test L2 Loss :  0.006314209289848804  Time :  10.305569887161255  L:  [4.0, 4.0]
Epoch :  371  Rel. Train L2 Loss :  0.00581280542165041  Rel. Test L2 Loss :  0.00683701615780592  Test L2 Loss :  0.005653942301869393  Time :  10.297944068908691  L:  [4.0, 4.0]
Epoch :  372  Rel. Train L2 Loss :  0.005592335358262062  Rel. Test L2 Loss :  0.006873946376144886  Test L2 Loss :  0.005685126036405563  Time :  10.294606924057007  L:  [4.0, 4.0]
Epoch :  373  Rel. Train L2 Loss :  0.005956721805036068  Rel. Test L2 Loss :  0.007022125162184239  Test L2 Loss :  0.0058075664564967155  Time :  10.320542335510254  L:  [4.0, 4.0]
Epoch :  374  Rel. Train L2 Loss :  0.005630504243075847  Rel. Test L2 Loss :  0.007265675626695156  Test L2 Loss :  0.006010268479585647  Time :  10.299247741699219  L:  [4.0, 4.0]
Epoch :  375  Rel. Train L2 Loss :  0.0058286841809749605  Rel. Test L2 Loss :  0.007172432616353035  Test L2 Loss :  0.005930673889815807  Time :  10.280685186386108  L:  [4.0, 4.0]
Epoch :  376  Rel. Train L2 Loss :  0.006087672181427479  Rel. Test L2 Loss :  0.00678011916577816  Test L2 Loss :  0.005605703555047512  Time :  10.297876358032227  L:  [4.0, 4.0]
Epoch :  377  Rel. Train L2 Loss :  0.005763609796762466  Rel. Test L2 Loss :  0.007163007818162441  Test L2 Loss :  0.005921238251030445  Time :  10.318121910095215  L:  [4.0, 4.0]
Epoch :  378  Rel. Train L2 Loss :  0.005933893866837025  Rel. Test L2 Loss :  0.007173185013234615  Test L2 Loss :  0.005932757407426834  Time :  10.562666416168213  L:  [4.0, 4.0]
Epoch :  379  Rel. Train L2 Loss :  0.005674970015883446  Rel. Test L2 Loss :  0.007528652027249336  Test L2 Loss :  0.00622555073350668  Time :  10.281765222549438  L:  [4.0, 4.0]
Epoch :  380  Rel. Train L2 Loss :  0.005547506466507912  Rel. Test L2 Loss :  0.006479966938495636  Test L2 Loss :  0.0053582551330327985  Time :  10.231468200683594  L:  [4.0, 4.0]
Epoch :  381  Rel. Train L2 Loss :  0.005378048799932003  Rel. Test L2 Loss :  0.006671542376279831  Test L2 Loss :  0.005517479516565799  Time :  10.22352647781372  L:  [4.0, 4.0]
Epoch :  382  Rel. Train L2 Loss :  0.005641548886895179  Rel. Test L2 Loss :  0.006971300318837166  Test L2 Loss :  0.005764932632446289  Time :  10.21372103691101  L:  [4.0, 4.0]
Epoch :  383  Rel. Train L2 Loss :  0.005694310665130615  Rel. Test L2 Loss :  0.006827500574290752  Test L2 Loss :  0.005646483302116394  Time :  10.202939987182617  L:  [4.0, 4.0]
Epoch :  384  Rel. Train L2 Loss :  0.005480449274182319  Rel. Test L2 Loss :  0.006511922739446163  Test L2 Loss :  0.005384634025394916  Time :  10.194332122802734  L:  [4.0, 4.0]
Epoch :  385  Rel. Train L2 Loss :  0.0053083269074559215  Rel. Test L2 Loss :  0.006559099331498146  Test L2 Loss :  0.005423750579357147  Time :  10.199732542037964  L:  [4.0, 4.0]
Epoch :  386  Rel. Train L2 Loss :  0.005361164070665837  Rel. Test L2 Loss :  0.006765777915716171  Test L2 Loss :  0.0055946031212806705  Time :  10.196340322494507  L:  [4.0, 4.0]
Epoch :  387  Rel. Train L2 Loss :  0.005323549047112465  Rel. Test L2 Loss :  0.0067553197592496875  Test L2 Loss :  0.00558738961815834  Time :  10.196009159088135  L:  [4.0, 4.0]
Epoch :  388  Rel. Train L2 Loss :  0.005497689731419087  Rel. Test L2 Loss :  0.0068100358173251154  Test L2 Loss :  0.005629900246858597  Time :  10.193645238876343  L:  [4.0, 4.0]
Epoch :  389  Rel. Train L2 Loss :  0.005664710506796837  Rel. Test L2 Loss :  0.00714773740619421  Test L2 Loss :  0.005910755060613155  Time :  10.191951513290405  L:  [4.0, 4.0]
Epoch :  390  Rel. Train L2 Loss :  0.0056935537457466125  Rel. Test L2 Loss :  0.006887927465140819  Test L2 Loss :  0.005697930380702019  Time :  10.198430299758911  L:  [4.0, 4.0]
Epoch :  391  Rel. Train L2 Loss :  0.005501192763447762  Rel. Test L2 Loss :  0.006778715811669826  Test L2 Loss :  0.005607261769473553  Time :  10.211137771606445  L:  [4.0, 4.0]
Epoch :  392  Rel. Train L2 Loss :  0.005495286509394646  Rel. Test L2 Loss :  0.00674919530749321  Test L2 Loss :  0.005581817626953125  Time :  10.21765685081482  L:  [4.0, 4.0]
Epoch :  393  Rel. Train L2 Loss :  0.005343365207314491  Rel. Test L2 Loss :  0.006927817463874817  Test L2 Loss :  0.005727208256721497  Time :  10.231448650360107  L:  [4.0, 4.0]
Epoch :  394  Rel. Train L2 Loss :  0.005312639944255352  Rel. Test L2 Loss :  0.006572949029505253  Test L2 Loss :  0.005435072630643844  Time :  10.251981019973755  L:  [4.0, 4.0]
Epoch :  395  Rel. Train L2 Loss :  0.00545964290946722  Rel. Test L2 Loss :  0.006814526319503784  Test L2 Loss :  0.005635090097784996  Time :  10.267796516418457  L:  [4.0, 4.0]
Epoch :  396  Rel. Train L2 Loss :  0.005276893183588981  Rel. Test L2 Loss :  0.006551938354969025  Test L2 Loss :  0.005419881716370582  Time :  10.33138632774353  L:  [4.0, 4.0]
Epoch :  397  Rel. Train L2 Loss :  0.005204261161386967  Rel. Test L2 Loss :  0.006437084190547466  Test L2 Loss :  0.005324317030608654  Time :  10.371042251586914  L:  [4.0, 4.0]
Epoch :  398  Rel. Train L2 Loss :  0.005225900590419769  Rel. Test L2 Loss :  0.006582896560430527  Test L2 Loss :  0.005445362031459808  Time :  10.371840238571167  L:  [4.0, 4.0]
Epoch :  399  Rel. Train L2 Loss :  0.005090252928435802  Rel. Test L2 Loss :  0.0064440684020519255  Test L2 Loss :  0.0053289831057190895  Time :  10.351781129837036  L:  [4.0, 4.0]
Epoch :  400  Rel. Train L2 Loss :  0.0051434400081634525  Rel. Test L2 Loss :  0.006590456292033195  Test L2 Loss :  0.005451228804886341  Time :  10.277920484542847  L:  [4.0, 4.0]
Epoch :  401  Rel. Train L2 Loss :  0.005219432927668095  Rel. Test L2 Loss :  0.006786890029907226  Test L2 Loss :  0.005612123571336269  Time :  10.241552114486694  L:  [4.0, 4.0]
Epoch :  402  Rel. Train L2 Loss :  0.0054594407379627225  Rel. Test L2 Loss :  0.0070450552552938465  Test L2 Loss :  0.005824090726673603  Time :  10.24142050743103  L:  [4.0, 4.0]
Epoch :  403  Rel. Train L2 Loss :  0.005569258473813534  Rel. Test L2 Loss :  0.006845450252294541  Test L2 Loss :  0.005660610161721706  Time :  10.235597133636475  L:  [4.0, 4.0]
Epoch :  404  Rel. Train L2 Loss :  0.0051164009794592855  Rel. Test L2 Loss :  0.00687456451356411  Test L2 Loss :  0.00568839181214571  Time :  10.275822401046753  L:  [4.0, 4.0]
Epoch :  405  Rel. Train L2 Loss :  0.005113151200115681  Rel. Test L2 Loss :  0.0066607753932476045  Test L2 Loss :  0.005509384535253048  Time :  10.328873872756958  L:  [4.0, 4.0]
Epoch :  406  Rel. Train L2 Loss :  0.005204114280641079  Rel. Test L2 Loss :  0.00655268095433712  Test L2 Loss :  0.005419602915644646  Time :  10.374683856964111  L:  [4.0, 4.0]
Epoch :  407  Rel. Train L2 Loss :  0.005171989850699901  Rel. Test L2 Loss :  0.006420676857233048  Test L2 Loss :  0.0053096780925989155  Time :  10.419158220291138  L:  [4.0, 4.0]
Epoch :  408  Rel. Train L2 Loss :  0.00503550311177969  Rel. Test L2 Loss :  0.006793221123516559  Test L2 Loss :  0.005620732009410858  Time :  10.432248592376709  L:  [4.0, 4.0]
Epoch :  409  Rel. Train L2 Loss :  0.0051702457293868066  Rel. Test L2 Loss :  0.0066226223111152645  Test L2 Loss :  0.005476967394351959  Time :  10.338711977005005  L:  [4.0, 4.0]
Epoch :  410  Rel. Train L2 Loss :  0.005183993920683861  Rel. Test L2 Loss :  0.006534399464726448  Test L2 Loss :  0.005404144898056984  Time :  10.235756635665894  L:  [4.0, 4.0]
Epoch :  411  Rel. Train L2 Loss :  0.00500789836794138  Rel. Test L2 Loss :  0.006314911656081676  Test L2 Loss :  0.005222461521625519  Time :  10.186490774154663  L:  [4.0, 4.0]
Epoch :  412  Rel. Train L2 Loss :  0.0051724426969885825  Rel. Test L2 Loss :  0.006863056570291519  Test L2 Loss :  0.0056766365468502045  Time :  10.168022632598877  L:  [4.0, 4.0]
Epoch :  413  Rel. Train L2 Loss :  0.005099562838673592  Rel. Test L2 Loss :  0.007029103003442287  Test L2 Loss :  0.005815442614257336  Time :  10.163825035095215  L:  [4.0, 4.0]
Epoch :  414  Rel. Train L2 Loss :  0.005047442242503166  Rel. Test L2 Loss :  0.006541727557778359  Test L2 Loss :  0.005410484038293362  Time :  10.18220329284668  L:  [4.0, 4.0]
Epoch :  415  Rel. Train L2 Loss :  0.005034554958343506  Rel. Test L2 Loss :  0.0064900219440460205  Test L2 Loss :  0.005369317904114723  Time :  10.204042434692383  L:  [4.0, 4.0]
Epoch :  416  Rel. Train L2 Loss :  0.005164796441793441  Rel. Test L2 Loss :  0.006291594617068768  Test L2 Loss :  0.005202945843338966  Time :  10.232089281082153  L:  [4.0, 4.0]
Epoch :  417  Rel. Train L2 Loss :  0.00508681820333004  Rel. Test L2 Loss :  0.006300954930484295  Test L2 Loss :  0.005211414620280266  Time :  10.26060175895691  L:  [4.0, 4.0]
Epoch :  418  Rel. Train L2 Loss :  0.004916161112487316  Rel. Test L2 Loss :  0.006344272717833519  Test L2 Loss :  0.005247853249311447  Time :  10.302978515625  L:  [4.0, 4.0]
Epoch :  419  Rel. Train L2 Loss :  0.004961118035018444  Rel. Test L2 Loss :  0.006359074376523495  Test L2 Loss :  0.005259364955127239  Time :  10.363774299621582  L:  [4.0, 4.0]
Epoch :  420  Rel. Train L2 Loss :  0.004787232950329781  Rel. Test L2 Loss :  0.0062497125566005705  Test L2 Loss :  0.005168112441897393  Time :  10.381264686584473  L:  [4.0, 4.0]
Epoch :  421  Rel. Train L2 Loss :  0.004872457779943943  Rel. Test L2 Loss :  0.006352478414773941  Test L2 Loss :  0.005252970755100251  Time :  10.371638774871826  L:  [4.0, 4.0]
Epoch :  422  Rel. Train L2 Loss :  0.004875383943319321  Rel. Test L2 Loss :  0.006281413473188877  Test L2 Loss :  0.0051952250301837925  Time :  10.360543966293335  L:  [4.0, 4.0]
Epoch :  423  Rel. Train L2 Loss :  0.004832036077976227  Rel. Test L2 Loss :  0.006512367688119411  Test L2 Loss :  0.005386453010141849  Time :  10.359619855880737  L:  [4.0, 4.0]
Epoch :  424  Rel. Train L2 Loss :  0.0048809415847063066  Rel. Test L2 Loss :  0.006497093997895717  Test L2 Loss :  0.005373378619551659  Time :  10.339879035949707  L:  [4.0, 4.0]
Epoch :  425  Rel. Train L2 Loss :  0.004829882085323334  Rel. Test L2 Loss :  0.006515431776642799  Test L2 Loss :  0.005388473086059093  Time :  10.339082717895508  L:  [4.0, 4.0]
Epoch :  426  Rel. Train L2 Loss :  0.00484997507929802  Rel. Test L2 Loss :  0.006449846103787422  Test L2 Loss :  0.005334959626197815  Time :  10.338304042816162  L:  [4.0, 4.0]
Epoch :  427  Rel. Train L2 Loss :  0.004759690508246422  Rel. Test L2 Loss :  0.00626366425305605  Test L2 Loss :  0.00518039558082819  Time :  10.353790760040283  L:  [4.0, 4.0]
Epoch :  428  Rel. Train L2 Loss :  0.004748167537152767  Rel. Test L2 Loss :  0.00624786525964737  Test L2 Loss :  0.005167047679424286  Time :  10.340721368789673  L:  [4.0, 4.0]
Epoch :  429  Rel. Train L2 Loss :  0.0048209109157323835  Rel. Test L2 Loss :  0.006383208110928535  Test L2 Loss :  0.005279657281935215  Time :  10.341951847076416  L:  [4.0, 4.0]
Epoch :  430  Rel. Train L2 Loss :  0.004751721829175949  Rel. Test L2 Loss :  0.006288884542882443  Test L2 Loss :  0.005200989246368408  Time :  10.325807332992554  L:  [4.0, 4.0]
Epoch :  431  Rel. Train L2 Loss :  0.004774749360978604  Rel. Test L2 Loss :  0.006286287903785706  Test L2 Loss :  0.005199633128941059  Time :  10.313611030578613  L:  [4.0, 4.0]
Epoch :  432  Rel. Train L2 Loss :  0.00478754872828722  Rel. Test L2 Loss :  0.006348532810807228  Test L2 Loss :  0.0052511819452047345  Time :  10.344807863235474  L:  [4.0, 4.0]
Epoch :  433  Rel. Train L2 Loss :  0.004721967130899429  Rel. Test L2 Loss :  0.006268876753747463  Test L2 Loss :  0.005184872932732105  Time :  10.299354076385498  L:  [4.0, 4.0]
Epoch :  434  Rel. Train L2 Loss :  0.004603916473686695  Rel. Test L2 Loss :  0.006210280172526836  Test L2 Loss :  0.005135804861783982  Time :  10.34206509590149  L:  [4.0, 4.0]
Epoch :  435  Rel. Train L2 Loss :  0.004665390379726886  Rel. Test L2 Loss :  0.006269149444997311  Test L2 Loss :  0.005185738019645214  Time :  10.350431203842163  L:  [4.0, 4.0]
Epoch :  436  Rel. Train L2 Loss :  0.0046607588827610015  Rel. Test L2 Loss :  0.006238637492060661  Test L2 Loss :  0.005159595534205436  Time :  10.377522230148315  L:  [4.0, 4.0]
Epoch :  437  Rel. Train L2 Loss :  0.004683820441365242  Rel. Test L2 Loss :  0.006329100131988525  Test L2 Loss :  0.005236405320465565  Time :  10.351130485534668  L:  [4.0, 4.0]
Epoch :  438  Rel. Train L2 Loss :  0.004588174425065517  Rel. Test L2 Loss :  0.006301744356751442  Test L2 Loss :  0.005212852209806443  Time :  10.334256172180176  L:  [4.0, 4.0]
Epoch :  439  Rel. Train L2 Loss :  0.004561284020543098  Rel. Test L2 Loss :  0.0061111699044704435  Test L2 Loss :  0.005054493509232998  Time :  10.313580751419067  L:  [4.0, 4.0]
Epoch :  440  Rel. Train L2 Loss :  0.004644737616181374  Rel. Test L2 Loss :  0.006220353804528713  Test L2 Loss :  0.005144621580839157  Time :  10.355159282684326  L:  [4.0, 4.0]
Epoch :  441  Rel. Train L2 Loss :  0.004664909906685353  Rel. Test L2 Loss :  0.006246269643306732  Test L2 Loss :  0.005166773721575737  Time :  10.377976179122925  L:  [4.0, 4.0]
Epoch :  442  Rel. Train L2 Loss :  0.004636236891150475  Rel. Test L2 Loss :  0.006114294528961181  Test L2 Loss :  0.005057333335280419  Time :  10.399735689163208  L:  [4.0, 4.0]
Epoch :  443  Rel. Train L2 Loss :  0.004606353327631951  Rel. Test L2 Loss :  0.006144066564738751  Test L2 Loss :  0.005082020685076714  Time :  10.426003694534302  L:  [4.0, 4.0]
Epoch :  444  Rel. Train L2 Loss :  0.004601738482713699  Rel. Test L2 Loss :  0.006353508569300175  Test L2 Loss :  0.005254977159202099  Time :  10.400022983551025  L:  [4.0, 4.0]
Epoch :  445  Rel. Train L2 Loss :  0.004618015810847282  Rel. Test L2 Loss :  0.006233619414269924  Test L2 Loss :  0.005156693197786808  Time :  10.320621252059937  L:  [4.0, 4.0]
Epoch :  446  Rel. Train L2 Loss :  0.004569184765219688  Rel. Test L2 Loss :  0.006352071911096573  Test L2 Loss :  0.0052549587562680244  Time :  10.252323389053345  L:  [4.0, 4.0]
Epoch :  447  Rel. Train L2 Loss :  0.0045512280911207195  Rel. Test L2 Loss :  0.006196416579186916  Test L2 Loss :  0.00512579832226038  Time :  10.214600324630737  L:  [4.0, 4.0]
Epoch :  448  Rel. Train L2 Loss :  0.004527777217328549  Rel. Test L2 Loss :  0.006101300083100796  Test L2 Loss :  0.005046490505337715  Time :  10.178539991378784  L:  [4.0, 4.0]
Epoch :  449  Rel. Train L2 Loss :  0.004514809511601925  Rel. Test L2 Loss :  0.006200197860598564  Test L2 Loss :  0.005128556489944458  Time :  10.168309211730957  L:  [4.0, 4.0]
Epoch :  450  Rel. Train L2 Loss :  0.004572816029191017  Rel. Test L2 Loss :  0.006148010902106762  Test L2 Loss :  0.005085626728832722  Time :  10.182226181030273  L:  [4.0, 4.0]
Epoch :  451  Rel. Train L2 Loss :  0.004561910383403301  Rel. Test L2 Loss :  0.006214333847165108  Test L2 Loss :  0.0051401153579354285  Time :  10.228261470794678  L:  [4.0, 4.0]
Epoch :  452  Rel. Train L2 Loss :  0.00455202329903841  Rel. Test L2 Loss :  0.006196695119142532  Test L2 Loss :  0.005125834532082081  Time :  10.235219717025757  L:  [4.0, 4.0]
Epoch :  453  Rel. Train L2 Loss :  0.004476521126925945  Rel. Test L2 Loss :  0.006185567304491997  Test L2 Loss :  0.005116997733712197  Time :  10.279444694519043  L:  [4.0, 4.0]
Epoch :  454  Rel. Train L2 Loss :  0.004484040662646294  Rel. Test L2 Loss :  0.006098866164684295  Test L2 Loss :  0.005044792890548706  Time :  10.31662631034851  L:  [4.0, 4.0]
Epoch :  455  Rel. Train L2 Loss :  0.004466622494161129  Rel. Test L2 Loss :  0.00606586679816246  Test L2 Loss :  0.005016532279551029  Time :  10.344669342041016  L:  [4.0, 4.0]
Epoch :  456  Rel. Train L2 Loss :  0.0044885089546442035  Rel. Test L2 Loss :  0.006131538935005665  Test L2 Loss :  0.005071621462702751  Time :  10.366129875183105  L:  [4.0, 4.0]
Epoch :  457  Rel. Train L2 Loss :  0.0044403942450881  Rel. Test L2 Loss :  0.006117292530834675  Test L2 Loss :  0.005059731863439083  Time :  10.373843669891357  L:  [4.0, 4.0]
Epoch :  458  Rel. Train L2 Loss :  0.004445762194693089  Rel. Test L2 Loss :  0.0062085815519094464  Test L2 Loss :  0.005136185064911842  Time :  10.368005514144897  L:  [4.0, 4.0]
Epoch :  459  Rel. Train L2 Loss :  0.004416370943188667  Rel. Test L2 Loss :  0.006279433891177177  Test L2 Loss :  0.005195265710353851  Time :  10.357736825942993  L:  [4.0, 4.0]
Epoch :  460  Rel. Train L2 Loss :  0.0044809460043907165  Rel. Test L2 Loss :  0.006100374311208725  Test L2 Loss :  0.005046287104487419  Time :  10.360001564025879  L:  [4.0, 4.0]
Epoch :  461  Rel. Train L2 Loss :  0.004499852173030377  Rel. Test L2 Loss :  0.006080854833126068  Test L2 Loss :  0.005029267892241478  Time :  10.35386610031128  L:  [4.0, 4.0]
Epoch :  462  Rel. Train L2 Loss :  0.004465730600059032  Rel. Test L2 Loss :  0.006150570549070835  Test L2 Loss :  0.005087690688669682  Time :  10.390716552734375  L:  [4.0, 4.0]
Epoch :  463  Rel. Train L2 Loss :  0.004405645817518234  Rel. Test L2 Loss :  0.0061115406453609465  Test L2 Loss :  0.0050550072267651555  Time :  10.351272344589233  L:  [4.0, 4.0]
Epoch :  464  Rel. Train L2 Loss :  0.004464788727462292  Rel. Test L2 Loss :  0.006125346720218658  Test L2 Loss :  0.005066278278827667  Time :  10.339176416397095  L:  [4.0, 4.0]
Epoch :  465  Rel. Train L2 Loss :  0.0044308298379182815  Rel. Test L2 Loss :  0.00605054922401905  Test L2 Loss :  0.005004589557647705  Time :  10.315479040145874  L:  [4.0, 4.0]
Epoch :  466  Rel. Train L2 Loss :  0.004414516158401966  Rel. Test L2 Loss :  0.006051002331078053  Test L2 Loss :  0.005004522614181042  Time :  10.29908275604248  L:  [4.0, 4.0]
Epoch :  467  Rel. Train L2 Loss :  0.004401491723954678  Rel. Test L2 Loss :  0.006053556427359581  Test L2 Loss :  0.005007316134870052  Time :  10.28586196899414  L:  [4.0, 4.0]
Epoch :  468  Rel. Train L2 Loss :  0.004378767609596252  Rel. Test L2 Loss :  0.006068888567388058  Test L2 Loss :  0.005019811876118183  Time :  10.28444766998291  L:  [4.0, 4.0]
Epoch :  469  Rel. Train L2 Loss :  0.00436227960139513  Rel. Test L2 Loss :  0.0060659095644950865  Test L2 Loss :  0.005017407462000847  Time :  10.302488565444946  L:  [4.0, 4.0]
Epoch :  470  Rel. Train L2 Loss :  0.004375443026423454  Rel. Test L2 Loss :  0.00610889308154583  Test L2 Loss :  0.005053400620818138  Time :  10.285687685012817  L:  [4.0, 4.0]
Epoch :  471  Rel. Train L2 Loss :  0.004395568415522575  Rel. Test L2 Loss :  0.006032754741609097  Test L2 Loss :  0.004989646412432194  Time :  10.299259901046753  L:  [4.0, 4.0]
Epoch :  472  Rel. Train L2 Loss :  0.004366355501115322  Rel. Test L2 Loss :  0.006060573905706405  Test L2 Loss :  0.0050128292292356495  Time :  10.315924644470215  L:  [4.0, 4.0]
Epoch :  473  Rel. Train L2 Loss :  0.004358915254473687  Rel. Test L2 Loss :  0.006067462302744389  Test L2 Loss :  0.005018673688173294  Time :  10.32641077041626  L:  [4.0, 4.0]
Epoch :  474  Rel. Train L2 Loss :  0.004364367835223675  Rel. Test L2 Loss :  0.006063943803310394  Test L2 Loss :  0.005015680678188801  Time :  10.37053370475769  L:  [4.0, 4.0]
Epoch :  475  Rel. Train L2 Loss :  0.00440880598127842  Rel. Test L2 Loss :  0.006130119040608406  Test L2 Loss :  0.005070810541510582  Time :  10.397738218307495  L:  [4.0, 4.0]
Epoch :  476  Rel. Train L2 Loss :  0.004350803852081299  Rel. Test L2 Loss :  0.006119574718177319  Test L2 Loss :  0.005062224306166172  Time :  10.397053480148315  L:  [4.0, 4.0]
Epoch :  477  Rel. Train L2 Loss :  0.004348095819354057  Rel. Test L2 Loss :  0.006046077571809292  Test L2 Loss :  0.005000723153352737  Time :  10.387810468673706  L:  [4.0, 4.0]
Epoch :  478  Rel. Train L2 Loss :  0.0043823963478207585  Rel. Test L2 Loss :  0.006120331548154354  Test L2 Loss :  0.005062554739415645  Time :  10.383008003234863  L:  [4.0, 4.0]
Epoch :  479  Rel. Train L2 Loss :  0.004351072952151299  Rel. Test L2 Loss :  0.006039102971553803  Test L2 Loss :  0.004995105564594269  Time :  10.395515441894531  L:  [4.0, 4.0]
Epoch :  480  Rel. Train L2 Loss :  0.004330638594925404  Rel. Test L2 Loss :  0.006019751280546188  Test L2 Loss :  0.004978794828057289  Time :  10.363922119140625  L:  [4.0, 4.0]
Epoch :  481  Rel. Train L2 Loss :  0.00433622270077467  Rel. Test L2 Loss :  0.006086398102343083  Test L2 Loss :  0.00503467459231615  Time :  10.34826374053955  L:  [4.0, 4.0]
Epoch :  482  Rel. Train L2 Loss :  0.004326901644468308  Rel. Test L2 Loss :  0.00607845451682806  Test L2 Loss :  0.005028070248663426  Time :  10.337287425994873  L:  [4.0, 4.0]
Epoch :  483  Rel. Train L2 Loss :  0.004317324683070183  Rel. Test L2 Loss :  0.006044403202831745  Test L2 Loss :  0.004999768882989883  Time :  10.29616641998291  L:  [4.0, 4.0]
Epoch :  484  Rel. Train L2 Loss :  0.004322579719126225  Rel. Test L2 Loss :  0.006149991378188133  Test L2 Loss :  0.005087812431156635  Time :  10.280335664749146  L:  [4.0, 4.0]
Epoch :  485  Rel. Train L2 Loss :  0.0043183864057064055  Rel. Test L2 Loss :  0.006077950447797775  Test L2 Loss :  0.00502734325826168  Time :  10.267318964004517  L:  [4.0, 4.0]
Epoch :  486  Rel. Train L2 Loss :  0.004331296153366566  Rel. Test L2 Loss :  0.006065274924039841  Test L2 Loss :  0.005017070733010769  Time :  10.254510641098022  L:  [4.0, 4.0]
Epoch :  487  Rel. Train L2 Loss :  0.004344292104244232  Rel. Test L2 Loss :  0.006080704107880593  Test L2 Loss :  0.0050297342985868455  Time :  10.244220972061157  L:  [4.0, 4.0]
Epoch :  488  Rel. Train L2 Loss :  0.004327512949705124  Rel. Test L2 Loss :  0.006058201044797897  Test L2 Loss :  0.005011329278349876  Time :  10.253782033920288  L:  [4.0, 4.0]
Epoch :  489  Rel. Train L2 Loss :  0.004303486816585064  Rel. Test L2 Loss :  0.0060558954998850825  Test L2 Loss :  0.005009364411234856  Time :  10.260249853134155  L:  [4.0, 4.0]
Epoch :  490  Rel. Train L2 Loss :  0.004310014944523573  Rel. Test L2 Loss :  0.006064545772969723  Test L2 Loss :  0.005016653947532177  Time :  10.269550323486328  L:  [4.0, 4.0]
Epoch :  491  Rel. Train L2 Loss :  0.0043121383637189864  Rel. Test L2 Loss :  0.006090349480509758  Test L2 Loss :  0.005038114972412586  Time :  10.281321048736572  L:  [4.0, 4.0]
Epoch :  492  Rel. Train L2 Loss :  0.004304183408617973  Rel. Test L2 Loss :  0.006065963245928288  Test L2 Loss :  0.005017802380025387  Time :  10.301805019378662  L:  [4.0, 4.0]
Epoch :  493  Rel. Train L2 Loss :  0.00430081494897604  Rel. Test L2 Loss :  0.006045675687491894  Test L2 Loss :  0.005000876300036907  Time :  10.332966566085815  L:  [4.0, 4.0]
Epoch :  494  Rel. Train L2 Loss :  0.004298454105854034  Rel. Test L2 Loss :  0.0060582392290234564  Test L2 Loss :  0.005011347606778144  Time :  10.362005710601807  L:  [4.0, 4.0]
Epoch :  495  Rel. Train L2 Loss :  0.004298098728060722  Rel. Test L2 Loss :  0.006035022288560867  Test L2 Loss :  0.004992033503949642  Time :  10.43867826461792  L:  [4.0, 4.0]
Epoch :  496  Rel. Train L2 Loss :  0.004315138645470142  Rel. Test L2 Loss :  0.006041142232716084  Test L2 Loss :  0.0049971301108598706  Time :  10.39975380897522  L:  [4.0, 4.0]
Epoch :  497  Rel. Train L2 Loss :  0.0043170788660645484  Rel. Test L2 Loss :  0.0060530960932374004  Test L2 Loss :  0.0050071367993950846  Time :  10.336127758026123  L:  [4.0, 4.0]
Epoch :  498  Rel. Train L2 Loss :  0.004300436414778233  Rel. Test L2 Loss :  0.00609369084239006  Test L2 Loss :  0.00504098080098629  Time :  10.293319463729858  L:  [4.0, 4.0]
Epoch :  499  Rel. Train L2 Loss :  0.004300962723791599  Rel. Test L2 Loss :  0.006044457703828812  Test L2 Loss :  0.004999856762588024  Time :  10.262570858001709  L:  [4.0, 4.0]
