data_in.shape: (1324, 421, 421)
data_out.shape (1324, 421, 421)
x_train.shape:  (1000, 44521, 5)
y_train.shape:  (1000, 44521, 1)
In GeoFNO_train, ndim =  2
Epoch :  0  Rel. Train L2 Loss :  0.17010372346639632  Rel. Test L2 Loss :  0.07174566730856896  Test L2 Loss :  0.0004891464032698423  Time :  35.64807486534119
Epoch :  1  Rel. Train L2 Loss :  0.06418284147977829  Rel. Test L2 Loss :  0.04797979518771171  Test L2 Loss :  0.0003278794477228075  Time :  32.99327564239502
Epoch :  2  Rel. Train L2 Loss :  0.044977700889110565  Rel. Test L2 Loss :  0.03738434322178364  Test L2 Loss :  0.00025136113225016744  Time :  32.985026359558105
Epoch :  3  Rel. Train L2 Loss :  0.03478281091153622  Rel. Test L2 Loss :  0.03491578511893749  Test L2 Loss :  0.00023427802487276494  Time :  33.04198598861694
Epoch :  4  Rel. Train L2 Loss :  0.0303268807977438  Rel. Test L2 Loss :  0.03068312644958496  Test L2 Loss :  0.00020800893602427096  Time :  33.097973346710205
Epoch :  5  Rel. Train L2 Loss :  0.027607653513550757  Rel. Test L2 Loss :  0.023656034842133522  Test L2 Loss :  0.00016009194252546876  Time :  33.05700492858887
Epoch :  6  Rel. Train L2 Loss :  0.027513282716274262  Rel. Test L2 Loss :  0.033237027674913405  Test L2 Loss :  0.00022167949995491654  Time :  33.0634880065918
Epoch :  7  Rel. Train L2 Loss :  0.025823819682002067  Rel. Test L2 Loss :  0.02497758060693741  Test L2 Loss :  0.000169638903462328  Time :  33.10884428024292
Epoch :  8  Rel. Train L2 Loss :  0.022658737435936927  Rel. Test L2 Loss :  0.022146511003375054  Test L2 Loss :  0.0001496930539724417  Time :  33.14362549781799
Epoch :  9  Rel. Train L2 Loss :  0.02089809973537922  Rel. Test L2 Loss :  0.028230934888124466  Test L2 Loss :  0.00019247831485699862  Time :  33.16431498527527
Epoch :  10  Rel. Train L2 Loss :  0.02009592643380165  Rel. Test L2 Loss :  0.025800052881240845  Test L2 Loss :  0.00017295664467383175  Time :  33.11485695838928
Epoch :  11  Rel. Train L2 Loss :  0.01980283187329769  Rel. Test L2 Loss :  0.030052990913391114  Test L2 Loss :  0.00020192881813272835  Time :  33.13132858276367
Epoch :  12  Rel. Train L2 Loss :  0.021492829516530036  Rel. Test L2 Loss :  0.021618310436606406  Test L2 Loss :  0.00014653573249233886  Time :  33.13519597053528
Epoch :  13  Rel. Train L2 Loss :  0.018267850123345853  Rel. Test L2 Loss :  0.019297993779182433  Test L2 Loss :  0.00013057395291980357  Time :  33.168091773986816
Epoch :  14  Rel. Train L2 Loss :  0.019731352403759957  Rel. Test L2 Loss :  0.020045665353536607  Test L2 Loss :  0.00013534856348996983  Time :  33.17658877372742
Epoch :  15  Rel. Train L2 Loss :  0.018730508886277676  Rel. Test L2 Loss :  0.018900959119200707  Test L2 Loss :  0.00012783673824742436  Time :  33.1521897315979
Epoch :  16  Rel. Train L2 Loss :  0.018281362034380435  Rel. Test L2 Loss :  0.019348289296031  Test L2 Loss :  0.00013081015174975618  Time :  33.15058445930481
Epoch :  17  Rel. Train L2 Loss :  0.018606433667242527  Rel. Test L2 Loss :  0.019284496456384657  Test L2 Loss :  0.00013043079990893603  Time :  33.16190266609192
Epoch :  18  Rel. Train L2 Loss :  0.017608648531138898  Rel. Test L2 Loss :  0.021138190925121307  Test L2 Loss :  0.00014416589081520215  Time :  33.17477512359619
Epoch :  19  Rel. Train L2 Loss :  0.01660683173686266  Rel. Test L2 Loss :  0.01577203392982483  Test L2 Loss :  0.00010681320709409192  Time :  32.99937415122986
Epoch :  20  Rel. Train L2 Loss :  0.017324986733496188  Rel. Test L2 Loss :  0.02159280441701412  Test L2 Loss :  0.0001454008393920958  Time :  33.108614444732666
Epoch :  21  Rel. Train L2 Loss :  0.01945411106199026  Rel. Test L2 Loss :  0.021210110187530516  Test L2 Loss :  0.0001430909422924742  Time :  33.1433322429657
Epoch :  22  Rel. Train L2 Loss :  0.01734876159578562  Rel. Test L2 Loss :  0.016995295770466327  Test L2 Loss :  0.00011445421347161755  Time :  33.14721393585205
Epoch :  23  Rel. Train L2 Loss :  0.019600289188325404  Rel. Test L2 Loss :  0.02657081723213196  Test L2 Loss :  0.00018044158117845653  Time :  33.149179220199585
Epoch :  24  Rel. Train L2 Loss :  0.018711027957499026  Rel. Test L2 Loss :  0.022654675021767615  Test L2 Loss :  0.00015472013503313066  Time :  33.136807680130005
Epoch :  25  Rel. Train L2 Loss :  0.015460269309580325  Rel. Test L2 Loss :  0.018819001093506812  Test L2 Loss :  0.00012678565690293908  Time :  33.13596987724304
Epoch :  26  Rel. Train L2 Loss :  0.01776924666762352  Rel. Test L2 Loss :  0.02939920052886009  Test L2 Loss :  0.00019518869114108385  Time :  33.16459798812866
Epoch :  27  Rel. Train L2 Loss :  0.02157727078348398  Rel. Test L2 Loss :  0.01808266170322895  Test L2 Loss :  0.00012334888655459508  Time :  33.14081907272339
Epoch :  28  Rel. Train L2 Loss :  0.015244985103607177  Rel. Test L2 Loss :  0.013848706372082234  Test L2 Loss :  9.385509765706957e-05  Time :  33.16013717651367
Epoch :  29  Rel. Train L2 Loss :  0.013712514877319336  Rel. Test L2 Loss :  0.016774628907442093  Test L2 Loss :  0.00011347460123943165  Time :  33.1760835647583
Epoch :  30  Rel. Train L2 Loss :  0.015438300468027591  Rel. Test L2 Loss :  0.01620052020996809  Test L2 Loss :  0.00010927018796792253  Time :  33.173699140548706
Epoch :  31  Rel. Train L2 Loss :  0.014947406835854054  Rel. Test L2 Loss :  0.0160462299734354  Test L2 Loss :  0.00010833847802132367  Time :  33.14597725868225
Epoch :  32  Rel. Train L2 Loss :  0.01704259227961302  Rel. Test L2 Loss :  0.015455320626497269  Test L2 Loss :  0.00010418333200505003  Time :  33.15111517906189
Epoch :  33  Rel. Train L2 Loss :  0.015267782799899578  Rel. Test L2 Loss :  0.017525200024247168  Test L2 Loss :  0.00011870596150401979  Time :  33.16001653671265
Epoch :  34  Rel. Train L2 Loss :  0.014960067704319954  Rel. Test L2 Loss :  0.013366860076785088  Test L2 Loss :  9.058743715286255e-05  Time :  33.14546060562134
Epoch :  35  Rel. Train L2 Loss :  0.015272959478199483  Rel. Test L2 Loss :  0.016859837472438813  Test L2 Loss :  0.0001138426992110908  Time :  33.13181185722351
Epoch :  36  Rel. Train L2 Loss :  0.014629212699830533  Rel. Test L2 Loss :  0.014754574038088322  Test L2 Loss :  9.974344924557954e-05  Time :  33.143903970718384
Epoch :  37  Rel. Train L2 Loss :  0.01391196759790182  Rel. Test L2 Loss :  0.014225733280181885  Test L2 Loss :  9.649889048887416e-05  Time :  33.139137506484985
Epoch :  38  Rel. Train L2 Loss :  0.015011359468102455  Rel. Test L2 Loss :  0.013888703770935535  Test L2 Loss :  9.423130890354514e-05  Time :  33.164403200149536
Epoch :  39  Rel. Train L2 Loss :  0.01432411303371191  Rel. Test L2 Loss :  0.017199067398905754  Test L2 Loss :  0.0001161554316058755  Time :  33.21990370750427
Epoch :  40  Rel. Train L2 Loss :  0.015419531755149365  Rel. Test L2 Loss :  0.01650749534368515  Test L2 Loss :  0.00011102063697762787  Time :  33.202353715896606
Epoch :  41  Rel. Train L2 Loss :  0.015439374268054962  Rel. Test L2 Loss :  0.01886094607412815  Test L2 Loss :  0.00012843965232605113  Time :  33.159417390823364
Epoch :  42  Rel. Train L2 Loss :  0.015573010675609112  Rel. Test L2 Loss :  0.014354442320764065  Test L2 Loss :  9.77586256340146e-05  Time :  33.138824462890625
Epoch :  43  Rel. Train L2 Loss :  0.014671597458422184  Rel. Test L2 Loss :  0.01506219107657671  Test L2 Loss :  0.00010223905264865607  Time :  33.131284952163696
Epoch :  44  Rel. Train L2 Loss :  0.013003288500010967  Rel. Test L2 Loss :  0.013625568263232708  Test L2 Loss :  9.226274414686486e-05  Time :  33.17486500740051
Epoch :  45  Rel. Train L2 Loss :  0.014289886951446533  Rel. Test L2 Loss :  0.013793697841465473  Test L2 Loss :  9.333313821116462e-05  Time :  33.17113733291626
Epoch :  46  Rel. Train L2 Loss :  0.013596673890948296  Rel. Test L2 Loss :  0.017279656790196895  Test L2 Loss :  0.00011661311698844656  Time :  33.14221429824829
Epoch :  47  Rel. Train L2 Loss :  0.014865023955702782  Rel. Test L2 Loss :  0.019728080704808235  Test L2 Loss :  0.00013442441559163854  Time :  33.1419939994812
Epoch :  48  Rel. Train L2 Loss :  0.015967157147824766  Rel. Test L2 Loss :  0.013730018027126789  Test L2 Loss :  9.253344731405377e-05  Time :  33.12765717506409
Epoch :  49  Rel. Train L2 Loss :  0.014538875997066499  Rel. Test L2 Loss :  0.0183623418956995  Test L2 Loss :  0.0001258033313206397  Time :  33.17999291419983
Epoch :  50  Rel. Train L2 Loss :  0.01338242445141077  Rel. Test L2 Loss :  0.015601950138807297  Test L2 Loss :  0.00010469936387380585  Time :  33.15949726104736
Epoch :  51  Rel. Train L2 Loss :  0.016060715980827808  Rel. Test L2 Loss :  0.01735404212027788  Test L2 Loss :  0.00011740339657990263  Time :  33.15130829811096
Epoch :  52  Rel. Train L2 Loss :  0.013600229650735856  Rel. Test L2 Loss :  0.01816054455935955  Test L2 Loss :  0.00012317759450525045  Time :  33.145315647125244
Epoch :  53  Rel. Train L2 Loss :  0.015621791437268258  Rel. Test L2 Loss :  0.01714457131922245  Test L2 Loss :  0.0001152134346193634  Time :  33.16637682914734
Epoch :  54  Rel. Train L2 Loss :  0.013426613137125969  Rel. Test L2 Loss :  0.016181117184460164  Test L2 Loss :  0.00010976842313539236  Time :  33.18326997756958
Epoch :  55  Rel. Train L2 Loss :  0.015388398729264736  Rel. Test L2 Loss :  0.015196352414786816  Test L2 Loss :  0.00010272396611981094  Time :  33.152955532073975
Epoch :  56  Rel. Train L2 Loss :  0.015086523562669754  Rel. Test L2 Loss :  0.014446427039802074  Test L2 Loss :  9.773184574441984e-05  Time :  33.13855504989624
Epoch :  57  Rel. Train L2 Loss :  0.014186725050210952  Rel. Test L2 Loss :  0.015482699200510978  Test L2 Loss :  0.00010513360495679081  Time :  33.14793682098389
Epoch :  58  Rel. Train L2 Loss :  0.013525581881403924  Rel. Test L2 Loss :  0.016783069670200348  Test L2 Loss :  0.0001132158370455727  Time :  33.1458535194397
Epoch :  59  Rel. Train L2 Loss :  0.013396372243762016  Rel. Test L2 Loss :  0.016467922963202  Test L2 Loss :  0.00011139576468849555  Time :  33.159523010253906
Epoch :  60  Rel. Train L2 Loss :  0.014443512931466103  Rel. Test L2 Loss :  0.01287215355783701  Test L2 Loss :  8.72177752899006e-05  Time :  33.17426633834839
Epoch :  61  Rel. Train L2 Loss :  0.013443788386881352  Rel. Test L2 Loss :  0.014627449735999108  Test L2 Loss :  9.905461454764009e-05  Time :  33.532548666000366
Epoch :  62  Rel. Train L2 Loss :  0.013451316744089127  Rel. Test L2 Loss :  0.014617467559874057  Test L2 Loss :  9.97603265568614e-05  Time :  33.141297340393066
Epoch :  63  Rel. Train L2 Loss :  0.012926179818809032  Rel. Test L2 Loss :  0.012052235864102841  Test L2 Loss :  8.143675717292353e-05  Time :  33.137593269348145
Epoch :  64  Rel. Train L2 Loss :  0.014488947212696075  Rel. Test L2 Loss :  0.013087470196187495  Test L2 Loss :  8.833083702484146e-05  Time :  33.152743339538574
Epoch :  65  Rel. Train L2 Loss :  0.014299722917377949  Rel. Test L2 Loss :  0.013855710476636886  Test L2 Loss :  9.394618100486696e-05  Time :  33.14482760429382
Epoch :  66  Rel. Train L2 Loss :  0.012316266261041164  Rel. Test L2 Loss :  0.014304990619421006  Test L2 Loss :  9.633688401663676e-05  Time :  33.20970606803894
Epoch :  67  Rel. Train L2 Loss :  0.012929319642484187  Rel. Test L2 Loss :  0.015630584806203843  Test L2 Loss :  0.00010631914774421603  Time :  33.14875841140747
Epoch :  68  Rel. Train L2 Loss :  0.013752456463873386  Rel. Test L2 Loss :  0.013855504542589188  Test L2 Loss :  9.323952865088359e-05  Time :  33.14839172363281
Epoch :  69  Rel. Train L2 Loss :  0.014501644797623158  Rel. Test L2 Loss :  0.019949468448758126  Test L2 Loss :  0.00013598923396784812  Time :  33.15176510810852
Epoch :  70  Rel. Train L2 Loss :  0.014149761535227299  Rel. Test L2 Loss :  0.012453420348465442  Test L2 Loss :  8.410089329117909e-05  Time :  33.184980630874634
Epoch :  71  Rel. Train L2 Loss :  0.013399968937039375  Rel. Test L2 Loss :  0.015894561745226382  Test L2 Loss :  0.00010779671400086955  Time :  33.1991810798645
Epoch :  72  Rel. Train L2 Loss :  0.014610175617039204  Rel. Test L2 Loss :  0.014760925620794296  Test L2 Loss :  0.00010028493095887826  Time :  33.1596405506134
Epoch :  73  Rel. Train L2 Loss :  0.013132594227790832  Rel. Test L2 Loss :  0.012973815649747849  Test L2 Loss :  8.749614265980198e-05  Time :  33.13636040687561
Epoch :  74  Rel. Train L2 Loss :  0.013342053219676018  Rel. Test L2 Loss :  0.013811078630387783  Test L2 Loss :  9.269400266930461e-05  Time :  33.16378736495972
Epoch :  75  Rel. Train L2 Loss :  0.015332795150578022  Rel. Test L2 Loss :  0.01762038953602314  Test L2 Loss :  0.00011839728918857872  Time :  33.151973724365234
Epoch :  76  Rel. Train L2 Loss :  0.01282531437277794  Rel. Test L2 Loss :  0.01275109563022852  Test L2 Loss :  8.629106887383386e-05  Time :  33.18428945541382
Epoch :  77  Rel. Train L2 Loss :  0.013836218051612377  Rel. Test L2 Loss :  0.013827734403312206  Test L2 Loss :  9.35066695092246e-05  Time :  33.17672395706177
Epoch :  78  Rel. Train L2 Loss :  0.01311686374247074  Rel. Test L2 Loss :  0.013187438435852527  Test L2 Loss :  8.91673268051818e-05  Time :  33.13709878921509
Epoch :  79  Rel. Train L2 Loss :  0.012256246075034142  Rel. Test L2 Loss :  0.01322176430374384  Test L2 Loss :  8.887473377399147e-05  Time :  33.14117074012756
Epoch :  80  Rel. Train L2 Loss :  0.01294207503646612  Rel. Test L2 Loss :  0.016524727195501326  Test L2 Loss :  0.00011221306252991781  Time :  33.186609506607056
Epoch :  81  Rel. Train L2 Loss :  0.013939180552959443  Rel. Test L2 Loss :  0.016391755901277064  Test L2 Loss :  0.0001102939058910124  Time :  33.15065932273865
Epoch :  82  Rel. Train L2 Loss :  0.012115074388682843  Rel. Test L2 Loss :  0.014483624435961247  Test L2 Loss :  9.775256068678573e-05  Time :  33.15762138366699
Epoch :  83  Rel. Train L2 Loss :  0.012207629181444645  Rel. Test L2 Loss :  0.014468450136482715  Test L2 Loss :  9.736706357216463e-05  Time :  33.1477837562561
Epoch :  84  Rel. Train L2 Loss :  0.01318603253364563  Rel. Test L2 Loss :  0.018791340813040732  Test L2 Loss :  0.00012626047624507918  Time :  33.13540744781494
Epoch :  85  Rel. Train L2 Loss :  0.012636170886456967  Rel. Test L2 Loss :  0.013434199132025242  Test L2 Loss :  9.11194013315253e-05  Time :  33.20594310760498
Epoch :  86  Rel. Train L2 Loss :  0.012030636496841907  Rel. Test L2 Loss :  0.014435354657471179  Test L2 Loss :  9.750527504365892e-05  Time :  33.16629433631897
Epoch :  87  Rel. Train L2 Loss :  0.014186510391533375  Rel. Test L2 Loss :  0.012845589593052865  Test L2 Loss :  8.703485829755664e-05  Time :  33.23826885223389
Epoch :  88  Rel. Train L2 Loss :  0.012854740284383296  Rel. Test L2 Loss :  0.023690251484513283  Test L2 Loss :  0.0001603151357267052  Time :  33.33547043800354
Epoch :  89  Rel. Train L2 Loss :  0.013962560810148716  Rel. Test L2 Loss :  0.014136750772595406  Test L2 Loss :  9.549465117743239e-05  Time :  33.144851207733154
Epoch :  90  Rel. Train L2 Loss :  0.012315854519605637  Rel. Test L2 Loss :  0.012763480804860592  Test L2 Loss :  8.614751393906772e-05  Time :  33.19065761566162
Epoch :  91  Rel. Train L2 Loss :  0.013037490487098694  Rel. Test L2 Loss :  0.013195214457809926  Test L2 Loss :  8.902628760552034e-05  Time :  33.16977071762085
Epoch :  92  Rel. Train L2 Loss :  0.013478078246116638  Rel. Test L2 Loss :  0.01931692473590374  Test L2 Loss :  0.00012978981132619083  Time :  33.1626398563385
Epoch :  93  Rel. Train L2 Loss :  0.013169608891010284  Rel. Test L2 Loss :  0.012158493772149085  Test L2 Loss :  8.230433712014929e-05  Time :  33.13874912261963
Epoch :  94  Rel. Train L2 Loss :  0.012379832237958908  Rel. Test L2 Loss :  0.014896540753543377  Test L2 Loss :  0.00010155767609830946  Time :  33.129207611083984
Epoch :  95  Rel. Train L2 Loss :  0.014016486369073392  Rel. Test L2 Loss :  0.013467853628098965  Test L2 Loss :  9.07550091505982e-05  Time :  33.180492877960205
Epoch :  96  Rel. Train L2 Loss :  0.014363567002117633  Rel. Test L2 Loss :  0.018814154043793677  Test L2 Loss :  0.00012795400980394333  Time :  33.16901755332947
Epoch :  97  Rel. Train L2 Loss :  0.014319910153746606  Rel. Test L2 Loss :  0.01320928256958723  Test L2 Loss :  8.957239595474675e-05  Time :  33.1435227394104
Epoch :  98  Rel. Train L2 Loss :  0.01241803665459156  Rel. Test L2 Loss :  0.01240543831139803  Test L2 Loss :  8.401179366046563e-05  Time :  33.159367084503174
Epoch :  99  Rel. Train L2 Loss :  0.012730257354676724  Rel. Test L2 Loss :  0.013012472800910472  Test L2 Loss :  8.785968908341602e-05  Time :  33.189887285232544
Epoch :  100  Rel. Train L2 Loss :  0.012243985258042812  Rel. Test L2 Loss :  0.014823261387646199  Test L2 Loss :  9.952882333891466e-05  Time :  33.19234251976013
Epoch :  101  Rel. Train L2 Loss :  0.011827818781137466  Rel. Test L2 Loss :  0.013238473013043404  Test L2 Loss :  8.929171017371118e-05  Time :  33.16200923919678
Epoch :  102  Rel. Train L2 Loss :  0.012320952035486698  Rel. Test L2 Loss :  0.011923353523015975  Test L2 Loss :  8.072656142758205e-05  Time :  33.175846576690674
Epoch :  103  Rel. Train L2 Loss :  0.011218757204711436  Rel. Test L2 Loss :  0.019519244953989982  Test L2 Loss :  0.00013301411032443867  Time :  33.13371825218201
Epoch :  104  Rel. Train L2 Loss :  0.01378586381673813  Rel. Test L2 Loss :  0.01256670456379652  Test L2 Loss :  8.460511569865048e-05  Time :  33.148412466049194
Epoch :  105  Rel. Train L2 Loss :  0.01404815347492695  Rel. Test L2 Loss :  0.012730867452919483  Test L2 Loss :  8.62885787501e-05  Time :  33.14235210418701
Epoch :  106  Rel. Train L2 Loss :  0.012253938220441341  Rel. Test L2 Loss :  0.011881204433739185  Test L2 Loss :  8.031693927478045e-05  Time :  33.17136526107788
Epoch :  107  Rel. Train L2 Loss :  0.013887153007090092  Rel. Test L2 Loss :  0.01424538493156433  Test L2 Loss :  9.71057458082214e-05  Time :  33.18664884567261
Epoch :  108  Rel. Train L2 Loss :  0.014356404080986977  Rel. Test L2 Loss :  0.015499099679291249  Test L2 Loss :  0.00010559518384980038  Time :  33.16525387763977
Epoch :  109  Rel. Train L2 Loss :  0.012232895724475383  Rel. Test L2 Loss :  0.011463145799934864  Test L2 Loss :  7.7762991131749e-05  Time :  33.16115069389343
Epoch :  110  Rel. Train L2 Loss :  0.012239041313529014  Rel. Test L2 Loss :  0.015449858866631985  Test L2 Loss :  0.00010531203210121021  Time :  33.16590690612793
Epoch :  111  Rel. Train L2 Loss :  0.012453094840049743  Rel. Test L2 Loss :  0.012874198034405709  Test L2 Loss :  8.722319937078282e-05  Time :  33.19532561302185
Epoch :  112  Rel. Train L2 Loss :  0.012693385042250156  Rel. Test L2 Loss :  0.013312719576060773  Test L2 Loss :  8.984507265267894e-05  Time :  33.17288637161255
Epoch :  113  Rel. Train L2 Loss :  0.012584900394082069  Rel. Test L2 Loss :  0.013897505179047585  Test L2 Loss :  9.420122456504033e-05  Time :  33.144068002700806
Epoch :  114  Rel. Train L2 Loss :  0.013160855092108249  Rel. Test L2 Loss :  0.015868881568312645  Test L2 Loss :  0.00010848237958271057  Time :  33.14416694641113
Epoch :  115  Rel. Train L2 Loss :  0.013459252744913101  Rel. Test L2 Loss :  0.017380108870565892  Test L2 Loss :  0.00011682802520226687  Time :  33.896087408065796
Epoch :  116  Rel. Train L2 Loss :  0.013051759071648121  Rel. Test L2 Loss :  0.012838435061275959  Test L2 Loss :  8.64787373575382e-05  Time :  33.186891317367554
Epoch :  117  Rel. Train L2 Loss :  0.01207806707918644  Rel. Test L2 Loss :  0.0122951752319932  Test L2 Loss :  8.338046114658937e-05  Time :  33.19045972824097
Epoch :  118  Rel. Train L2 Loss :  0.01278267040848732  Rel. Test L2 Loss :  0.01729730103164911  Test L2 Loss :  0.00011638758238404989  Time :  33.13638162612915
Epoch :  119  Rel. Train L2 Loss :  0.013990794360637665  Rel. Test L2 Loss :  0.012340434566140175  Test L2 Loss :  8.371854521101341e-05  Time :  33.158249855041504
Epoch :  120  Rel. Train L2 Loss :  0.011520851753652096  Rel. Test L2 Loss :  0.011650048419833183  Test L2 Loss :  7.867092645028607e-05  Time :  33.176267862319946
Epoch :  121  Rel. Train L2 Loss :  0.012165956340730191  Rel. Test L2 Loss :  0.013903427422046661  Test L2 Loss :  9.38206142745912e-05  Time :  33.19409656524658
Epoch :  122  Rel. Train L2 Loss :  0.01249899036437273  Rel. Test L2 Loss :  0.015566796325147151  Test L2 Loss :  0.00010759441822301597  Time :  33.188573598861694
Epoch :  123  Rel. Train L2 Loss :  0.01176688776910305  Rel. Test L2 Loss :  0.013666197396814824  Test L2 Loss :  9.265702508855611e-05  Time :  33.13075828552246
Epoch :  124  Rel. Train L2 Loss :  0.011999798201024533  Rel. Test L2 Loss :  0.012054130658507347  Test L2 Loss :  8.138489647535607e-05  Time :  33.17581629753113
Epoch :  125  Rel. Train L2 Loss :  0.011646465502679348  Rel. Test L2 Loss :  0.015990674830973148  Test L2 Loss :  0.00010834674088982865  Time :  33.205488204956055
Epoch :  126  Rel. Train L2 Loss :  0.012167536705732345  Rel. Test L2 Loss :  0.03060059614479542  Test L2 Loss :  0.0002071461669402197  Time :  33.19457960128784
Epoch :  127  Rel. Train L2 Loss :  0.013447485499083995  Rel. Test L2 Loss :  0.016331555545330046  Test L2 Loss :  0.0001111359181231819  Time :  33.155044078826904
Epoch :  128  Rel. Train L2 Loss :  0.01155225621163845  Rel. Test L2 Loss :  0.011779262945055961  Test L2 Loss :  7.979301561135799e-05  Time :  33.12815237045288
Epoch :  129  Rel. Train L2 Loss :  0.01505617681145668  Rel. Test L2 Loss :  0.015140281617641449  Test L2 Loss :  0.0001014131898409687  Time :  33.16135120391846
Epoch :  130  Rel. Train L2 Loss :  0.011783367045223713  Rel. Test L2 Loss :  0.01277618944644928  Test L2 Loss :  8.638052706373856e-05  Time :  33.18811655044556
Epoch :  131  Rel. Train L2 Loss :  0.011835353523492813  Rel. Test L2 Loss :  0.014294985383749008  Test L2 Loss :  9.646336664445698e-05  Time :  33.16675353050232
Epoch :  132  Rel. Train L2 Loss :  0.012535528935492039  Rel. Test L2 Loss :  0.014192414917051793  Test L2 Loss :  9.581137477653101e-05  Time :  33.155741691589355
Epoch :  133  Rel. Train L2 Loss :  0.011839329093694687  Rel. Test L2 Loss :  0.013417838849127292  Test L2 Loss :  9.025450650369748e-05  Time :  33.12021446228027
Epoch :  134  Rel. Train L2 Loss :  0.012599051639437675  Rel. Test L2 Loss :  0.012682447731494904  Test L2 Loss :  8.55830276850611e-05  Time :  33.16133761405945
Epoch :  135  Rel. Train L2 Loss :  0.013216951876878739  Rel. Test L2 Loss :  0.013443519175052644  Test L2 Loss :  9.082080883672461e-05  Time :  33.173742055892944
Epoch :  136  Rel. Train L2 Loss :  0.01123256977647543  Rel. Test L2 Loss :  0.011408640742301942  Test L2 Loss :  7.72159946791362e-05  Time :  33.17768955230713
Epoch :  137  Rel. Train L2 Loss :  0.012023029550909996  Rel. Test L2 Loss :  0.01207840371876955  Test L2 Loss :  8.147378481226042e-05  Time :  33.182329416275024
Epoch :  138  Rel. Train L2 Loss :  0.011980575099587441  Rel. Test L2 Loss :  0.012753632627427578  Test L2 Loss :  8.640974177978933e-05  Time :  33.14869713783264
Epoch :  139  Rel. Train L2 Loss :  0.012922971241176128  Rel. Test L2 Loss :  0.011950869262218475  Test L2 Loss :  8.090550894849003e-05  Time :  33.14074492454529
Epoch :  140  Rel. Train L2 Loss :  0.01158848337084055  Rel. Test L2 Loss :  0.012458674423396588  Test L2 Loss :  8.497385948430747e-05  Time :  33.165374755859375
Epoch :  141  Rel. Train L2 Loss :  0.012591172873973846  Rel. Test L2 Loss :  0.015519823618233205  Test L2 Loss :  0.00010501024924451485  Time :  33.16852569580078
Epoch :  142  Rel. Train L2 Loss :  0.01287480115890503  Rel. Test L2 Loss :  0.014619072787463666  Test L2 Loss :  9.797323087695986e-05  Time :  33.146681785583496
Epoch :  143  Rel. Train L2 Loss :  0.012229616589844226  Rel. Test L2 Loss :  0.013248717822134494  Test L2 Loss :  8.930441836128012e-05  Time :  33.14740872383118
Epoch :  144  Rel. Train L2 Loss :  0.011952804446220398  Rel. Test L2 Loss :  0.011224448643624783  Test L2 Loss :  7.604201862704941e-05  Time :  33.145610094070435
Epoch :  145  Rel. Train L2 Loss :  0.01123613627254963  Rel. Test L2 Loss :  0.015019261762499809  Test L2 Loss :  0.00010179379634791985  Time :  33.14994764328003
Epoch :  146  Rel. Train L2 Loss :  0.013629935957491398  Rel. Test L2 Loss :  0.013168835565447807  Test L2 Loss :  8.937848004279658e-05  Time :  33.167787313461304
Epoch :  147  Rel. Train L2 Loss :  0.012893579430878162  Rel. Test L2 Loss :  0.013527056239545344  Test L2 Loss :  9.123379742959515e-05  Time :  33.18154788017273
Epoch :  148  Rel. Train L2 Loss :  0.011333962678909302  Rel. Test L2 Loss :  0.013628192842006684  Test L2 Loss :  9.135050495387987e-05  Time :  33.15245962142944
Epoch :  149  Rel. Train L2 Loss :  0.01191854240000248  Rel. Test L2 Loss :  0.013397242836654187  Test L2 Loss :  9.024586848681793e-05  Time :  33.136762619018555
Epoch :  150  Rel. Train L2 Loss :  0.011576229024678468  Rel. Test L2 Loss :  0.014065290801227093  Test L2 Loss :  9.556310484185814e-05  Time :  33.17892575263977
Epoch :  151  Rel. Train L2 Loss :  0.012685383692383766  Rel. Test L2 Loss :  0.012479929849505425  Test L2 Loss :  8.447397587588057e-05  Time :  33.165350675582886
Epoch :  152  Rel. Train L2 Loss :  0.013044973291456699  Rel. Test L2 Loss :  0.012123710699379444  Test L2 Loss :  8.233833548729308e-05  Time :  33.16850543022156
Epoch :  153  Rel. Train L2 Loss :  0.012545506462454796  Rel. Test L2 Loss :  0.016223711147904395  Test L2 Loss :  0.00010938630177406594  Time :  33.14893960952759
Epoch :  154  Rel. Train L2 Loss :  0.011671175315976143  Rel. Test L2 Loss :  0.011368723697960376  Test L2 Loss :  7.710406775004231e-05  Time :  33.152422189712524
Epoch :  155  Rel. Train L2 Loss :  0.011929039500653743  Rel. Test L2 Loss :  0.011342765018343925  Test L2 Loss :  7.641814430826343e-05  Time :  33.177629232406616
Epoch :  156  Rel. Train L2 Loss :  0.01190435104817152  Rel. Test L2 Loss :  0.015414127483963966  Test L2 Loss :  0.00010407314635813236  Time :  33.17788362503052
Epoch :  157  Rel. Train L2 Loss :  0.011400000013411045  Rel. Test L2 Loss :  0.014676869586110116  Test L2 Loss :  0.00010020704270573333  Time :  33.12401866912842
Epoch :  158  Rel. Train L2 Loss :  0.012644701585173607  Rel. Test L2 Loss :  0.013396095037460327  Test L2 Loss :  8.984034240711481e-05  Time :  33.20832324028015
Epoch :  159  Rel. Train L2 Loss :  0.01298011239618063  Rel. Test L2 Loss :  0.016429937444627285  Test L2 Loss :  0.00011188702774234116  Time :  33.14567589759827
Epoch :  160  Rel. Train L2 Loss :  0.0135740936845541  Rel. Test L2 Loss :  0.012711240090429782  Test L2 Loss :  8.581973204854876e-05  Time :  33.17012548446655
Epoch :  161  Rel. Train L2 Loss :  0.012269691668450832  Rel. Test L2 Loss :  0.013160482086241244  Test L2 Loss :  8.931638323701918e-05  Time :  33.19079113006592
Epoch :  162  Rel. Train L2 Loss :  0.011981400020420552  Rel. Test L2 Loss :  0.01419886849820614  Test L2 Loss :  9.532780473819003e-05  Time :  33.17550325393677
Epoch :  163  Rel. Train L2 Loss :  0.010774857223033904  Rel. Test L2 Loss :  0.016503118872642518  Test L2 Loss :  0.00011075229791458696  Time :  33.169121503829956
Epoch :  164  Rel. Train L2 Loss :  0.011037705726921558  Rel. Test L2 Loss :  0.01195634063333273  Test L2 Loss :  8.056106482399627e-05  Time :  33.16718578338623
Epoch :  165  Rel. Train L2 Loss :  0.011819403201341628  Rel. Test L2 Loss :  0.012412621304392815  Test L2 Loss :  8.415942313149571e-05  Time :  33.159857749938965
Epoch :  166  Rel. Train L2 Loss :  0.01216876295208931  Rel. Test L2 Loss :  0.01154249232262373  Test L2 Loss :  7.825563283404335e-05  Time :  33.1709361076355
Epoch :  167  Rel. Train L2 Loss :  0.011068103916943073  Rel. Test L2 Loss :  0.011488728970289231  Test L2 Loss :  7.760513020912186e-05  Time :  33.181535482406616
Epoch :  168  Rel. Train L2 Loss :  0.012461549639701842  Rel. Test L2 Loss :  0.013056889846920968  Test L2 Loss :  8.88811843469739e-05  Time :  33.14683508872986
Epoch :  169  Rel. Train L2 Loss :  0.011775574319064617  Rel. Test L2 Loss :  0.012966892831027508  Test L2 Loss :  8.809355786070228e-05  Time :  33.17127180099487
Epoch :  170  Rel. Train L2 Loss :  0.012864522546529769  Rel. Test L2 Loss :  0.012590398415923118  Test L2 Loss :  8.479489799356087e-05  Time :  33.15569996833801
Epoch :  171  Rel. Train L2 Loss :  0.012095155224204063  Rel. Test L2 Loss :  0.016325362473726273  Test L2 Loss :  0.00011148729274282232  Time :  33.13417339324951
Epoch :  172  Rel. Train L2 Loss :  0.012052008226513863  Rel. Test L2 Loss :  0.018199986182153224  Test L2 Loss :  0.00012251884909346699  Time :  33.1682653427124
Epoch :  173  Rel. Train L2 Loss :  0.012446798965334892  Rel. Test L2 Loss :  0.016642356775701046  Test L2 Loss :  0.00011414429405704141  Time :  33.163986682891846
Epoch :  174  Rel. Train L2 Loss :  0.013544163070619106  Rel. Test L2 Loss :  0.012347999326884747  Test L2 Loss :  8.347097056685015e-05  Time :  33.20029616355896
Epoch :  175  Rel. Train L2 Loss :  0.010992445170879364  Rel. Test L2 Loss :  0.014005342088639737  Test L2 Loss :  9.544376807752996e-05  Time :  33.17398929595947
Epoch :  176  Rel. Train L2 Loss :  0.010890608385205268  Rel. Test L2 Loss :  0.012098359204828739  Test L2 Loss :  8.166734594851733e-05  Time :  33.18010878562927
Epoch :  177  Rel. Train L2 Loss :  0.011605027679353952  Rel. Test L2 Loss :  0.014380541183054447  Test L2 Loss :  9.707034361781552e-05  Time :  33.144968032836914
Epoch :  178  Rel. Train L2 Loss :  0.011272339530289173  Rel. Test L2 Loss :  0.01192825734615326  Test L2 Loss :  8.09255414060317e-05  Time :  33.15353035926819
Epoch :  179  Rel. Train L2 Loss :  0.011719136647880078  Rel. Test L2 Loss :  0.009696491472423076  Test L2 Loss :  6.542802468175069e-05  Time :  33.253233909606934
Epoch :  180  Rel. Train L2 Loss :  0.010717876311391593  Rel. Test L2 Loss :  0.011035763174295426  Test L2 Loss :  7.44527779170312e-05  Time :  33.17975068092346
Epoch :  181  Rel. Train L2 Loss :  0.012228170558810234  Rel. Test L2 Loss :  0.012362021431326866  Test L2 Loss :  8.348390285391361e-05  Time :  33.59329295158386
Epoch :  182  Rel. Train L2 Loss :  0.010654325291514397  Rel. Test L2 Loss :  0.013516474850475788  Test L2 Loss :  9.107524791033938e-05  Time :  33.16948699951172
Epoch :  183  Rel. Train L2 Loss :  0.011071472600102425  Rel. Test L2 Loss :  0.011433105655014516  Test L2 Loss :  7.714898005360737e-05  Time :  33.1478967666626
Epoch :  184  Rel. Train L2 Loss :  0.010636379271745681  Rel. Test L2 Loss :  0.010934431850910187  Test L2 Loss :  7.398505375022068e-05  Time :  33.17631268501282
Epoch :  185  Rel. Train L2 Loss :  0.011002543941140175  Rel. Test L2 Loss :  0.01112344726920128  Test L2 Loss :  7.488419156288728e-05  Time :  33.1550407409668
Epoch :  186  Rel. Train L2 Loss :  0.011055834390223026  Rel. Test L2 Loss :  0.012021912634372712  Test L2 Loss :  8.091782918199897e-05  Time :  33.16173052787781
Epoch :  187  Rel. Train L2 Loss :  0.012949488818645478  Rel. Test L2 Loss :  0.015867624878883362  Test L2 Loss :  0.0001055884049856104  Time :  33.1567702293396
Epoch :  188  Rel. Train L2 Loss :  0.011227208904922008  Rel. Test L2 Loss :  0.01332592822611332  Test L2 Loss :  9.074692119611428e-05  Time :  33.1970374584198
Epoch :  189  Rel. Train L2 Loss :  0.011342737577855587  Rel. Test L2 Loss :  0.0111761986464262  Test L2 Loss :  7.585118029965088e-05  Time :  33.16825866699219
Epoch :  190  Rel. Train L2 Loss :  0.011471371695399284  Rel. Test L2 Loss :  0.014920250661671162  Test L2 Loss :  0.00010122645384399221  Time :  33.14683651924133
Epoch :  191  Rel. Train L2 Loss :  0.012331121362745763  Rel. Test L2 Loss :  0.01247373979538679  Test L2 Loss :  8.419257414061576e-05  Time :  33.16399621963501
Epoch :  192  Rel. Train L2 Loss :  0.012042631089687348  Rel. Test L2 Loss :  0.012482402101159095  Test L2 Loss :  8.450650435406714e-05  Time :  33.193852186203
Epoch :  193  Rel. Train L2 Loss :  0.011738446824252605  Rel. Test L2 Loss :  0.013117566853761673  Test L2 Loss :  8.883205620804801e-05  Time :  33.18879008293152
Epoch :  194  Rel. Train L2 Loss :  0.01211155441403389  Rel. Test L2 Loss :  0.011308161877095699  Test L2 Loss :  7.644593802979216e-05  Time :  33.179665327072144
Epoch :  195  Rel. Train L2 Loss :  0.010268081076443196  Rel. Test L2 Loss :  0.0115665565431118  Test L2 Loss :  7.751091587124392e-05  Time :  33.13212609291077
Epoch :  196  Rel. Train L2 Loss :  0.010755396142601967  Rel. Test L2 Loss :  0.011147025600075721  Test L2 Loss :  7.56826093129348e-05  Time :  33.163103103637695
Epoch :  197  Rel. Train L2 Loss :  0.011222683023661376  Rel. Test L2 Loss :  0.010532140098512173  Test L2 Loss :  7.138487591873855e-05  Time :  33.53463935852051
Epoch :  198  Rel. Train L2 Loss :  0.010122500386089087  Rel. Test L2 Loss :  0.011954153068363666  Test L2 Loss :  8.072101802099496e-05  Time :  33.15278768539429
Epoch :  199  Rel. Train L2 Loss :  0.011432032369077206  Rel. Test L2 Loss :  0.010823924504220485  Test L2 Loss :  7.319634591112844e-05  Time :  33.14138174057007
Epoch :  200  Rel. Train L2 Loss :  0.013182048663496971  Rel. Test L2 Loss :  0.01106305092573166  Test L2 Loss :  7.483979876269586e-05  Time :  33.18533110618591
Epoch :  201  Rel. Train L2 Loss :  0.011516643788665532  Rel. Test L2 Loss :  0.012342914640903473  Test L2 Loss :  8.318020409205928e-05  Time :  33.16672229766846
Epoch :  202  Rel. Train L2 Loss :  0.010570507995784283  Rel. Test L2 Loss :  0.011333279088139534  Test L2 Loss :  7.635146539541893e-05  Time :  33.180959701538086
Epoch :  203  Rel. Train L2 Loss :  0.010477300673723221  Rel. Test L2 Loss :  0.013483724147081376  Test L2 Loss :  9.174387785606087e-05  Time :  33.14196538925171
Epoch :  204  Rel. Train L2 Loss :  0.011667989328503608  Rel. Test L2 Loss :  0.010554061457514762  Test L2 Loss :  7.1442732878495e-05  Time :  33.172794342041016
Epoch :  205  Rel. Train L2 Loss :  0.010588943649083376  Rel. Test L2 Loss :  0.016084209121763705  Test L2 Loss :  0.0001092512856121175  Time :  33.164663791656494
Epoch :  206  Rel. Train L2 Loss :  0.011521371558308601  Rel. Test L2 Loss :  0.012094983458518982  Test L2 Loss :  8.187952567823231e-05  Time :  33.16878581047058
Epoch :  207  Rel. Train L2 Loss :  0.011251344181597232  Rel. Test L2 Loss :  0.019658389165997506  Test L2 Loss :  0.00013426056917523966  Time :  33.159588098526
Epoch :  208  Rel. Train L2 Loss :  0.011029982797801494  Rel. Test L2 Loss :  0.011243045963346958  Test L2 Loss :  7.606019702507184e-05  Time :  33.16558909416199
Epoch :  209  Rel. Train L2 Loss :  0.010707223266363143  Rel. Test L2 Loss :  0.013915113657712936  Test L2 Loss :  9.467033873079344e-05  Time :  33.159236669540405
Epoch :  210  Rel. Train L2 Loss :  0.01019722343981266  Rel. Test L2 Loss :  0.012046390548348426  Test L2 Loss :  8.120534475892782e-05  Time :  33.15119504928589
Epoch :  211  Rel. Train L2 Loss :  0.010217839602380992  Rel. Test L2 Loss :  0.011133402474224568  Test L2 Loss :  7.533567491918802e-05  Time :  33.15936779975891
Epoch :  212  Rel. Train L2 Loss :  0.010629466366022826  Rel. Test L2 Loss :  0.012187777534127236  Test L2 Loss :  8.224191726185381e-05  Time :  33.17987775802612
Epoch :  213  Rel. Train L2 Loss :  0.009714652113616466  Rel. Test L2 Loss :  0.010887961611151695  Test L2 Loss :  7.35535986314062e-05  Time :  33.162991523742676
Epoch :  214  Rel. Train L2 Loss :  0.010470901768654586  Rel. Test L2 Loss :  0.012643433995544911  Test L2 Loss :  8.584287948906421e-05  Time :  33.20377206802368
Epoch :  215  Rel. Train L2 Loss :  0.010387862343341112  Rel. Test L2 Loss :  0.010980294868350029  Test L2 Loss :  7.395346532575787e-05  Time :  33.1486611366272
Epoch :  216  Rel. Train L2 Loss :  0.011149240393191576  Rel. Test L2 Loss :  0.012658322937786579  Test L2 Loss :  8.579037297749892e-05  Time :  33.17207908630371
Epoch :  217  Rel. Train L2 Loss :  0.010598309736698865  Rel. Test L2 Loss :  0.014956804066896439  Test L2 Loss :  0.00010208340681856498  Time :  33.16248679161072
Epoch :  218  Rel. Train L2 Loss :  0.011683080978691578  Rel. Test L2 Loss :  0.012338552065193653  Test L2 Loss :  8.346197049831972e-05  Time :  33.1812424659729
Epoch :  219  Rel. Train L2 Loss :  0.010963817100971936  Rel. Test L2 Loss :  0.013097844272851943  Test L2 Loss :  8.871123805874959e-05  Time :  33.16242480278015
Epoch :  220  Rel. Train L2 Loss :  0.010020320408046245  Rel. Test L2 Loss :  0.010972815454006196  Test L2 Loss :  7.37515305809211e-05  Time :  33.138728857040405
Epoch :  221  Rel. Train L2 Loss :  0.010613477889448403  Rel. Test L2 Loss :  0.012442515082657337  Test L2 Loss :  8.512851112755016e-05  Time :  33.157007932662964
Epoch :  222  Rel. Train L2 Loss :  0.010632928099483251  Rel. Test L2 Loss :  0.010386706776916981  Test L2 Loss :  7.004471262916923e-05  Time :  33.15746760368347
Epoch :  223  Rel. Train L2 Loss :  0.011173623081296682  Rel. Test L2 Loss :  0.010580644272267818  Test L2 Loss :  7.137763153878041e-05  Time :  33.187466621398926
Epoch :  224  Rel. Train L2 Loss :  0.010353307288140058  Rel. Test L2 Loss :  0.011433419473469257  Test L2 Loss :  7.762844325043261e-05  Time :  33.16721558570862
Epoch :  225  Rel. Train L2 Loss :  0.011596671916544437  Rel. Test L2 Loss :  0.011787851639091969  Test L2 Loss :  8.036592364078387e-05  Time :  33.15831685066223
Epoch :  226  Rel. Train L2 Loss :  0.0112633205242455  Rel. Test L2 Loss :  0.013886509090662002  Test L2 Loss :  9.450838377233594e-05  Time :  33.14001512527466
Epoch :  227  Rel. Train L2 Loss :  0.010431355528533458  Rel. Test L2 Loss :  0.010739795565605163  Test L2 Loss :  7.281788508407772e-05  Time :  33.154932737350464
Epoch :  228  Rel. Train L2 Loss :  0.009424803487956523  Rel. Test L2 Loss :  0.010694772563874721  Test L2 Loss :  7.289073197171092e-05  Time :  33.15143704414368
Epoch :  229  Rel. Train L2 Loss :  0.009586872663348914  Rel. Test L2 Loss :  0.012259128279983997  Test L2 Loss :  8.277955086668953e-05  Time :  33.15280270576477
Epoch :  230  Rel. Train L2 Loss :  0.010917668800801038  Rel. Test L2 Loss :  0.011862113885581494  Test L2 Loss :  8.002426591701805e-05  Time :  33.16148376464844
Epoch :  231  Rel. Train L2 Loss :  0.01106915694847703  Rel. Test L2 Loss :  0.011495088078081608  Test L2 Loss :  7.764741458231584e-05  Time :  33.155556440353394
Epoch :  232  Rel. Train L2 Loss :  0.010114248223602771  Rel. Test L2 Loss :  0.009918300788849593  Test L2 Loss :  6.704772386001423e-05  Time :  33.165053367614746
Epoch :  233  Rel. Train L2 Loss :  0.00933471306785941  Rel. Test L2 Loss :  0.011798559725284576  Test L2 Loss :  7.943912642076612e-05  Time :  33.18986654281616
Epoch :  234  Rel. Train L2 Loss :  0.00987129919975996  Rel. Test L2 Loss :  0.011721392758190632  Test L2 Loss :  7.87448525079526e-05  Time :  33.1585898399353
Epoch :  235  Rel. Train L2 Loss :  0.011298787008970976  Rel. Test L2 Loss :  0.017929313071072102  Test L2 Loss :  0.00012278413138119504  Time :  33.47103309631348
Epoch :  236  Rel. Train L2 Loss :  0.012188080135732889  Rel. Test L2 Loss :  0.013758406937122346  Test L2 Loss :  9.364077122882008e-05  Time :  33.131187915802
Epoch :  237  Rel. Train L2 Loss :  0.010181199491024017  Rel. Test L2 Loss :  0.01062703687697649  Test L2 Loss :  7.156699386541732e-05  Time :  33.14698004722595
Epoch :  238  Rel. Train L2 Loss :  0.009350192196667195  Rel. Test L2 Loss :  0.010845782458782196  Test L2 Loss :  7.327106228331103e-05  Time :  33.147772550582886
Epoch :  239  Rel. Train L2 Loss :  0.010592645172029734  Rel. Test L2 Loss :  0.011046587936580182  Test L2 Loss :  7.461695873644203e-05  Time :  33.17381477355957
Epoch :  240  Rel. Train L2 Loss :  0.01077749552577734  Rel. Test L2 Loss :  0.010973052345216274  Test L2 Loss :  7.394458749331534e-05  Time :  33.14796447753906
Epoch :  241  Rel. Train L2 Loss :  0.010033603530377149  Rel. Test L2 Loss :  0.011831626109778882  Test L2 Loss :  8.017243788344786e-05  Time :  33.16106128692627
Epoch :  242  Rel. Train L2 Loss :  0.01011509419977665  Rel. Test L2 Loss :  0.010972544141113759  Test L2 Loss :  7.485253503546119e-05  Time :  33.15720891952515
Epoch :  243  Rel. Train L2 Loss :  0.010509082037955522  Rel. Test L2 Loss :  0.011045089773833752  Test L2 Loss :  7.454269245499745e-05  Time :  33.16735529899597
Epoch :  244  Rel. Train L2 Loss :  0.009737980730831623  Rel. Test L2 Loss :  0.013096617422997952  Test L2 Loss :  8.849181816913188e-05  Time :  33.1449499130249
Epoch :  245  Rel. Train L2 Loss :  0.010112989377230406  Rel. Test L2 Loss :  0.010742664039134979  Test L2 Loss :  7.321403725654818e-05  Time :  33.119828939437866
Epoch :  246  Rel. Train L2 Loss :  0.01026637141779065  Rel. Test L2 Loss :  0.014871013164520264  Test L2 Loss :  0.00010142317943973467  Time :  33.14197611808777
Epoch :  247  Rel. Train L2 Loss :  0.00991108649596572  Rel. Test L2 Loss :  0.009718853309750556  Test L2 Loss :  6.58743770327419e-05  Time :  33.16600966453552
Epoch :  248  Rel. Train L2 Loss :  0.00952315454557538  Rel. Test L2 Loss :  0.012328882068395615  Test L2 Loss :  8.395178010687233e-05  Time :  33.16384196281433
Epoch :  249  Rel. Train L2 Loss :  0.010985545091331005  Rel. Test L2 Loss :  0.010350022688508034  Test L2 Loss :  7.006710133282468e-05  Time :  33.167224168777466
Epoch :  250  Rel. Train L2 Loss :  0.009631231840699911  Rel. Test L2 Loss :  0.015638317838311197  Test L2 Loss :  0.00010650986980181187  Time :  33.184420585632324
Epoch :  251  Rel. Train L2 Loss :  0.00986354062333703  Rel. Test L2 Loss :  0.01084997843950987  Test L2 Loss :  7.349067062023095e-05  Time :  33.134196043014526
Epoch :  252  Rel. Train L2 Loss :  0.011207934770733117  Rel. Test L2 Loss :  0.013558020368218422  Test L2 Loss :  9.124944976065308e-05  Time :  33.16014122962952
Epoch :  253  Rel. Train L2 Loss :  0.009719787381589413  Rel. Test L2 Loss :  0.012799595445394517  Test L2 Loss :  8.664313063491135e-05  Time :  33.17201495170593
Epoch :  254  Rel. Train L2 Loss :  0.010436116486787796  Rel. Test L2 Loss :  0.011598401293158532  Test L2 Loss :  7.808851572917775e-05  Time :  33.17925953865051
Epoch :  255  Rel. Train L2 Loss :  0.010808288764208555  Rel. Test L2 Loss :  0.010387313961982727  Test L2 Loss :  6.998179742367938e-05  Time :  33.15947484970093
Epoch :  256  Rel. Train L2 Loss :  0.008951283637434243  Rel. Test L2 Loss :  0.010498506128787994  Test L2 Loss :  7.084742421284318e-05  Time :  33.14084029197693
Epoch :  257  Rel. Train L2 Loss :  0.00906240687519312  Rel. Test L2 Loss :  0.011053201295435428  Test L2 Loss :  7.449705997714773e-05  Time :  33.14291286468506
Epoch :  258  Rel. Train L2 Loss :  0.009576946970075368  Rel. Test L2 Loss :  0.011850099340081214  Test L2 Loss :  8.084887303994037e-05  Time :  33.17254853248596
Epoch :  259  Rel. Train L2 Loss :  0.009948918379843234  Rel. Test L2 Loss :  0.011648525707423687  Test L2 Loss :  7.776491591357626e-05  Time :  33.134655475616455
Epoch :  260  Rel. Train L2 Loss :  0.009991804655641317  Rel. Test L2 Loss :  0.012029702700674534  Test L2 Loss :  8.193651941837743e-05  Time :  33.15509796142578
Epoch :  261  Rel. Train L2 Loss :  0.009781985469162464  Rel. Test L2 Loss :  0.009899122714996338  Test L2 Loss :  6.7321865062695e-05  Time :  33.1774845123291
Epoch :  262  Rel. Train L2 Loss :  0.009849026195704937  Rel. Test L2 Loss :  0.01569039426743984  Test L2 Loss :  0.00010784669837448746  Time :  33.17479586601257
Epoch :  263  Rel. Train L2 Loss :  0.010546234756708146  Rel. Test L2 Loss :  0.01200507041066885  Test L2 Loss :  8.118823810946197e-05  Time :  33.17537021636963
Epoch :  264  Rel. Train L2 Loss :  0.009250988598912954  Rel. Test L2 Loss :  0.013031559959053994  Test L2 Loss :  8.849201374687254e-05  Time :  33.14132595062256
Epoch :  265  Rel. Train L2 Loss :  0.009710777826607227  Rel. Test L2 Loss :  0.010523036308586597  Test L2 Loss :  7.09549683961086e-05  Time :  33.15133881568909
Epoch :  266  Rel. Train L2 Loss :  0.009581187795847655  Rel. Test L2 Loss :  0.009942984730005265  Test L2 Loss :  6.716382049489766e-05  Time :  33.1660943031311
Epoch :  267  Rel. Train L2 Loss :  0.009602366972714663  Rel. Test L2 Loss :  0.011891561225056649  Test L2 Loss :  8.083639841061085e-05  Time :  33.30094504356384
Epoch :  268  Rel. Train L2 Loss :  0.009459640763700008  Rel. Test L2 Loss :  0.01280423041433096  Test L2 Loss :  8.650186005979776e-05  Time :  33.26842451095581
Epoch :  269  Rel. Train L2 Loss :  0.009583892662078142  Rel. Test L2 Loss :  0.010082244090735912  Test L2 Loss :  6.785036690416746e-05  Time :  33.20439291000366
Epoch :  270  Rel. Train L2 Loss :  0.009945070128887892  Rel. Test L2 Loss :  0.015404342487454415  Test L2 Loss :  0.00010482533689355477  Time :  33.10253310203552
Epoch :  271  Rel. Train L2 Loss :  0.010385470889508724  Rel. Test L2 Loss :  0.010029537566006184  Test L2 Loss :  6.797502763220109e-05  Time :  33.105369091033936
Epoch :  272  Rel. Train L2 Loss :  0.00913355665281415  Rel. Test L2 Loss :  0.01090905860066414  Test L2 Loss :  7.352361339144409e-05  Time :  33.1873197555542
Epoch :  273  Rel. Train L2 Loss :  0.009466031059622765  Rel. Test L2 Loss :  0.009637890830636025  Test L2 Loss :  6.52996684948448e-05  Time :  33.32011675834656
Epoch :  274  Rel. Train L2 Loss :  0.009758748080581426  Rel. Test L2 Loss :  0.013185514584183693  Test L2 Loss :  9.00017490494065e-05  Time :  33.10311436653137
Epoch :  275  Rel. Train L2 Loss :  0.008829010143876076  Rel. Test L2 Loss :  0.01062280148267746  Test L2 Loss :  7.174422906246036e-05  Time :  33.086021900177
Epoch :  276  Rel. Train L2 Loss :  0.010485534846782685  Rel. Test L2 Loss :  0.010825941488146782  Test L2 Loss :  7.290281224413775e-05  Time :  33.21722054481506
Epoch :  277  Rel. Train L2 Loss :  0.009428721532225608  Rel. Test L2 Loss :  0.010374267362058162  Test L2 Loss :  7.00641903677024e-05  Time :  33.34328866004944
Epoch :  278  Rel. Train L2 Loss :  0.010191836681216955  Rel. Test L2 Loss :  0.010274458862841129  Test L2 Loss :  6.950564129510894e-05  Time :  33.10017371177673
Epoch :  279  Rel. Train L2 Loss :  0.009183578282594682  Rel. Test L2 Loss :  0.010797623284161091  Test L2 Loss :  7.30255842790939e-05  Time :  33.09722852706909
Epoch :  280  Rel. Train L2 Loss :  0.009101452354341745  Rel. Test L2 Loss :  0.010215822719037532  Test L2 Loss :  6.906056674779392e-05  Time :  33.21418023109436
Epoch :  281  Rel. Train L2 Loss :  0.008794460032135248  Rel. Test L2 Loss :  0.01267960537225008  Test L2 Loss :  8.631700213300064e-05  Time :  33.302671909332275
Epoch :  282  Rel. Train L2 Loss :  0.0091400152631104  Rel. Test L2 Loss :  0.011642134748399258  Test L2 Loss :  7.87549396045506e-05  Time :  33.18164277076721
Epoch :  283  Rel. Train L2 Loss :  0.009465939238667488  Rel. Test L2 Loss :  0.012356682419776917  Test L2 Loss :  8.4051369340159e-05  Time :  33.1189649105072
Epoch :  284  Rel. Train L2 Loss :  0.009859948236495256  Rel. Test L2 Loss :  0.010469410791993141  Test L2 Loss :  7.050894579151646e-05  Time :  33.21848392486572
Epoch :  285  Rel. Train L2 Loss :  0.010008911978453397  Rel. Test L2 Loss :  0.012244680486619473  Test L2 Loss :  8.280642505269498e-05  Time :  33.29160022735596
Epoch :  286  Rel. Train L2 Loss :  0.008633415881544352  Rel. Test L2 Loss :  0.00976675357669592  Test L2 Loss :  6.604218855500221e-05  Time :  33.22275900840759
Epoch :  287  Rel. Train L2 Loss :  0.009630754552781583  Rel. Test L2 Loss :  0.009505348354578018  Test L2 Loss :  6.435886694816873e-05  Time :  33.094446897506714
Epoch :  288  Rel. Train L2 Loss :  0.008804318483918905  Rel. Test L2 Loss :  0.009586850330233574  Test L2 Loss :  6.499951079604216e-05  Time :  33.20000076293945
Epoch :  289  Rel. Train L2 Loss :  0.008993889641016722  Rel. Test L2 Loss :  0.010411129780113697  Test L2 Loss :  7.033730114926584e-05  Time :  33.267616271972656
Epoch :  290  Rel. Train L2 Loss :  0.008615921657532454  Rel. Test L2 Loss :  0.01010515507310629  Test L2 Loss :  6.857604152173736e-05  Time :  33.2335319519043
Epoch :  291  Rel. Train L2 Loss :  0.009019508861005306  Rel. Test L2 Loss :  0.010369679927825927  Test L2 Loss :  7.017941316007636e-05  Time :  33.120529890060425
Epoch :  292  Rel. Train L2 Loss :  0.008597035828977823  Rel. Test L2 Loss :  0.009761097468435764  Test L2 Loss :  6.579450142453425e-05  Time :  33.18304896354675
Epoch :  293  Rel. Train L2 Loss :  0.008623375955969095  Rel. Test L2 Loss :  0.011416737772524357  Test L2 Loss :  7.75401113787666e-05  Time :  33.26626944541931
Epoch :  294  Rel. Train L2 Loss :  0.00867895122244954  Rel. Test L2 Loss :  0.00980164110660553  Test L2 Loss :  6.620212734560482e-05  Time :  33.24127149581909
Epoch :  295  Rel. Train L2 Loss :  0.009109874360263347  Rel. Test L2 Loss :  0.010677780136466026  Test L2 Loss :  7.250626338645816e-05  Time :  33.09740900993347
Epoch :  296  Rel. Train L2 Loss :  0.010102449841797352  Rel. Test L2 Loss :  0.009462558813393116  Test L2 Loss :  6.397603181540034e-05  Time :  33.680689096450806
Epoch :  297  Rel. Train L2 Loss :  0.009207818262279033  Rel. Test L2 Loss :  0.013360982798039912  Test L2 Loss :  9.138558350969107e-05  Time :  33.21666717529297
Epoch :  298  Rel. Train L2 Loss :  0.01009962883591652  Rel. Test L2 Loss :  0.010190955065190792  Test L2 Loss :  6.882205649162643e-05  Time :  33.32504081726074
Epoch :  299  Rel. Train L2 Loss :  0.008893313258886338  Rel. Test L2 Loss :  0.01018655352294445  Test L2 Loss :  6.884428803459741e-05  Time :  33.139060497283936
Epoch :  300  Rel. Train L2 Loss :  0.00872667720541358  Rel. Test L2 Loss :  0.010847900174558162  Test L2 Loss :  7.295544113731012e-05  Time :  33.105382204055786
Epoch :  301  Rel. Train L2 Loss :  0.009035976637154818  Rel. Test L2 Loss :  0.00952843090519309  Test L2 Loss :  6.447155683417805e-05  Time :  33.18940615653992
Epoch :  302  Rel. Train L2 Loss :  0.00906163390353322  Rel. Test L2 Loss :  0.009225976243615151  Test L2 Loss :  6.251906714169309e-05  Time :  33.33629822731018
Epoch :  303  Rel. Train L2 Loss :  0.009118290964514017  Rel. Test L2 Loss :  0.009739762619137764  Test L2 Loss :  6.589675671420991e-05  Time :  33.15959668159485
Epoch :  304  Rel. Train L2 Loss :  0.008251181393861771  Rel. Test L2 Loss :  0.011077087484300136  Test L2 Loss :  7.488617906346917e-05  Time :  33.15178084373474
Epoch :  305  Rel. Train L2 Loss :  0.008524618063122035  Rel. Test L2 Loss :  0.01062020618468523  Test L2 Loss :  7.156416832003743e-05  Time :  33.230220794677734
Epoch :  306  Rel. Train L2 Loss :  0.009385990399867296  Rel. Test L2 Loss :  0.011143998280167579  Test L2 Loss :  7.556155323982239e-05  Time :  33.29305648803711
Epoch :  307  Rel. Train L2 Loss :  0.009104853268712758  Rel. Test L2 Loss :  0.010426990799605846  Test L2 Loss :  7.059818657580764e-05  Time :  33.141942501068115
Epoch :  308  Rel. Train L2 Loss :  0.008932689301669598  Rel. Test L2 Loss :  0.011002043038606643  Test L2 Loss :  7.472934274119325e-05  Time :  33.096805810928345
Epoch :  309  Rel. Train L2 Loss :  0.008986189175397157  Rel. Test L2 Loss :  0.011209112629294395  Test L2 Loss :  7.583790516946465e-05  Time :  33.21025776863098
Epoch :  310  Rel. Train L2 Loss :  0.008161622043699026  Rel. Test L2 Loss :  0.008937873654067516  Test L2 Loss :  6.04016418219544e-05  Time :  33.397544384002686
Epoch :  311  Rel. Train L2 Loss :  0.008464165046811105  Rel. Test L2 Loss :  0.00995378516614437  Test L2 Loss :  6.734009701176547e-05  Time :  33.19122624397278
Epoch :  312  Rel. Train L2 Loss :  0.00964548896253109  Rel. Test L2 Loss :  0.012718853577971458  Test L2 Loss :  8.588608005084098e-05  Time :  33.14936709403992
Epoch :  313  Rel. Train L2 Loss :  0.008835324916988612  Rel. Test L2 Loss :  0.009002353809773923  Test L2 Loss :  6.0621959710260855e-05  Time :  33.18242955207825
Epoch :  314  Rel. Train L2 Loss :  0.009280853666365147  Rel. Test L2 Loss :  0.009706850498914718  Test L2 Loss :  6.54462183592841e-05  Time :  33.31701374053955
Epoch :  315  Rel. Train L2 Loss :  0.00869136678799987  Rel. Test L2 Loss :  0.009054183531552552  Test L2 Loss :  6.110492802690714e-05  Time :  33.52362895011902
Epoch :  316  Rel. Train L2 Loss :  0.0084028315320611  Rel. Test L2 Loss :  0.010542574971914291  Test L2 Loss :  7.188194736954755e-05  Time :  33.12740230560303
Epoch :  317  Rel. Train L2 Loss :  0.008778871245682239  Rel. Test L2 Loss :  0.01088677916675806  Test L2 Loss :  7.379763119388371e-05  Time :  33.11012101173401
Epoch :  318  Rel. Train L2 Loss :  0.008698405485600233  Rel. Test L2 Loss :  0.013080721460282803  Test L2 Loss :  8.902099449187517e-05  Time :  33.218148946762085
Epoch :  319  Rel. Train L2 Loss :  0.008434855826199055  Rel. Test L2 Loss :  0.01041689645498991  Test L2 Loss :  7.073139538988472e-05  Time :  33.35277533531189
Epoch :  320  Rel. Train L2 Loss :  0.009257553603500128  Rel. Test L2 Loss :  0.009509682692587375  Test L2 Loss :  6.469046187703498e-05  Time :  33.185728788375854
Epoch :  321  Rel. Train L2 Loss :  0.0083018146045506  Rel. Test L2 Loss :  0.011363067105412484  Test L2 Loss :  7.723247486865148e-05  Time :  33.14472317695618
Epoch :  322  Rel. Train L2 Loss :  0.008690273080021143  Rel. Test L2 Loss :  0.011470602117478848  Test L2 Loss :  7.783447945257649e-05  Time :  33.195555686950684
Epoch :  323  Rel. Train L2 Loss :  0.008428235609084367  Rel. Test L2 Loss :  0.01007825080305338  Test L2 Loss :  6.833460167399608e-05  Time :  33.29495358467102
Epoch :  324  Rel. Train L2 Loss :  0.008693319525569678  Rel. Test L2 Loss :  0.012093632481992245  Test L2 Loss :  8.238561189500615e-05  Time :  33.236270904541016
Epoch :  325  Rel. Train L2 Loss :  0.00809315936267376  Rel. Test L2 Loss :  0.014161944128572941  Test L2 Loss :  9.564870764734223e-05  Time :  33.15541410446167
Epoch :  326  Rel. Train L2 Loss :  0.009580856092274189  Rel. Test L2 Loss :  0.012742312103509902  Test L2 Loss :  8.630828291643411e-05  Time :  34.00453543663025
Epoch :  327  Rel. Train L2 Loss :  0.008653374765068292  Rel. Test L2 Loss :  0.009498106632381677  Test L2 Loss :  6.393060059053823e-05  Time :  33.32061815261841
Epoch :  328  Rel. Train L2 Loss :  0.008244767207652331  Rel. Test L2 Loss :  0.009812557958066464  Test L2 Loss :  6.63405514205806e-05  Time :  33.22791647911072
Epoch :  329  Rel. Train L2 Loss :  0.008537116307765245  Rel. Test L2 Loss :  0.011585792787373065  Test L2 Loss :  7.833576702978462e-05  Time :  33.080392599105835
Epoch :  330  Rel. Train L2 Loss :  0.008861085336655378  Rel. Test L2 Loss :  0.009124974869191647  Test L2 Loss :  6.149021690362133e-05  Time :  33.1647732257843
Epoch :  331  Rel. Train L2 Loss :  0.008878002990037203  Rel. Test L2 Loss :  0.012207158170640468  Test L2 Loss :  8.27930384548381e-05  Time :  33.246883392333984
Epoch :  332  Rel. Train L2 Loss :  0.008612046390771866  Rel. Test L2 Loss :  0.010208299271762372  Test L2 Loss :  6.871173216495663e-05  Time :  33.32747673988342
Epoch :  333  Rel. Train L2 Loss :  0.008744284734129906  Rel. Test L2 Loss :  0.01014329470694065  Test L2 Loss :  6.862815178465098e-05  Time :  33.087294816970825
/var/spool/slurmd/job4014918/slurm_script: line 11: 1721548 Killed                  python test_0_darcy.py
slurmstepd: error: Detected 1 oom_kill event in StepId=4014918.batch. Some of the step tasks have been OOM Killed.
