data_in.shape: (2490, 221, 51, 2)
data_out.shape (2490, 221, 51)
(2490, 221, 51, 2) (2490, 221, 51, 2) (2490, 221, 51, 1)
x_train.shape:  (1000, 11271, 6)
y_train.shape:  (1000, 11271, 1)
initial L=[4.0, 4.0],should_learn_L=False,rank=4
In GeoFNO_train, ndim =  2
Epoch :  0  Rel. Train L2 Loss :  0.12671126413345338  Rel. Test L2 Loss :  0.09946055829524994  Test L2 Loss :  0.0822442477941513  Time :  16.90213680267334  L:  [4.0, 4.0]
Epoch :  1  Rel. Train L2 Loss :  0.09653578841686249  Rel. Test L2 Loss :  0.08679344773292541  Test L2 Loss :  0.07177174270153046  Time :  9.47657585144043  L:  [4.0, 4.0]
Epoch :  2  Rel. Train L2 Loss :  0.08518793535232544  Rel. Test L2 Loss :  0.07817954838275909  Test L2 Loss :  0.06465215086936951  Time :  9.504958391189575  L:  [4.0, 4.0]
Epoch :  3  Rel. Train L2 Loss :  0.07720652365684509  Rel. Test L2 Loss :  0.07193024814128876  Test L2 Loss :  0.05948228895664215  Time :  9.532768964767456  L:  [4.0, 4.0]
Epoch :  4  Rel. Train L2 Loss :  0.07176151633262634  Rel. Test L2 Loss :  0.06768193542957306  Test L2 Loss :  0.05595133721828461  Time :  9.566078901290894  L:  [4.0, 4.0]
Epoch :  5  Rel. Train L2 Loss :  0.0660990036725998  Rel. Test L2 Loss :  0.060408434867858886  Test L2 Loss :  0.04995250701904297  Time :  9.62174105644226  L:  [4.0, 4.0]
Epoch :  6  Rel. Train L2 Loss :  0.060520210027694706  Rel. Test L2 Loss :  0.056396168172359463  Test L2 Loss :  0.046635966002941134  Time :  9.67203688621521  L:  [4.0, 4.0]
Epoch :  7  Rel. Train L2 Loss :  0.055686482667922976  Rel. Test L2 Loss :  0.0526201719045639  Test L2 Loss :  0.04352300345897674  Time :  9.725093603134155  L:  [4.0, 4.0]
Epoch :  8  Rel. Train L2 Loss :  0.051796044528484346  Rel. Test L2 Loss :  0.047396824657917024  Test L2 Loss :  0.03919824868440628  Time :  9.766530513763428  L:  [4.0, 4.0]
Epoch :  9  Rel. Train L2 Loss :  0.04804384225606918  Rel. Test L2 Loss :  0.04568894505500794  Test L2 Loss :  0.03778323262929916  Time :  9.799899816513062  L:  [4.0, 4.0]
Epoch :  10  Rel. Train L2 Loss :  0.043768855094909666  Rel. Test L2 Loss :  0.041886592209339144  Test L2 Loss :  0.03463690847158432  Time :  9.817231178283691  L:  [4.0, 4.0]
Epoch :  11  Rel. Train L2 Loss :  0.0407988315820694  Rel. Test L2 Loss :  0.038346030712127686  Test L2 Loss :  0.03170739501714706  Time :  9.839366674423218  L:  [4.0, 4.0]
Epoch :  12  Rel. Train L2 Loss :  0.039478132903575894  Rel. Test L2 Loss :  0.03734257280826569  Test L2 Loss :  0.03088547468185425  Time :  9.850131511688232  L:  [4.0, 4.0]
Epoch :  13  Rel. Train L2 Loss :  0.036560713410377504  Rel. Test L2 Loss :  0.034074567556381226  Test L2 Loss :  0.028177570700645447  Time :  9.79186487197876  L:  [4.0, 4.0]
Epoch :  14  Rel. Train L2 Loss :  0.03506438386440277  Rel. Test L2 Loss :  0.03622436940670013  Test L2 Loss :  0.029955230355262756  Time :  9.740729093551636  L:  [4.0, 4.0]
Epoch :  15  Rel. Train L2 Loss :  0.03311287254095077  Rel. Test L2 Loss :  0.03111614465713501  Test L2 Loss :  0.025734858214855195  Time :  9.70601224899292  L:  [4.0, 4.0]
Epoch :  16  Rel. Train L2 Loss :  0.030501561045646667  Rel. Test L2 Loss :  0.029775351583957672  Test L2 Loss :  0.024624638110399246  Time :  9.685155630111694  L:  [4.0, 4.0]
Epoch :  17  Rel. Train L2 Loss :  0.03010954660177231  Rel. Test L2 Loss :  0.028238853514194487  Test L2 Loss :  0.02334630027413368  Time :  9.68129014968872  L:  [4.0, 4.0]
Epoch :  18  Rel. Train L2 Loss :  0.02827224689722061  Rel. Test L2 Loss :  0.026660155355930328  Test L2 Loss :  0.02204635202884674  Time :  9.68201756477356  L:  [4.0, 4.0]
Epoch :  19  Rel. Train L2 Loss :  0.02771843808889389  Rel. Test L2 Loss :  0.025602263659238816  Test L2 Loss :  0.021165844947099687  Time :  9.696048974990845  L:  [4.0, 4.0]
Epoch :  20  Rel. Train L2 Loss :  0.025733074635267257  Rel. Test L2 Loss :  0.024941307455301286  Test L2 Loss :  0.020621945410966874  Time :  9.74905014038086  L:  [4.0, 4.0]
Epoch :  21  Rel. Train L2 Loss :  0.0257930468916893  Rel. Test L2 Loss :  0.024300077110528947  Test L2 Loss :  0.02008830726146698  Time :  9.783919095993042  L:  [4.0, 4.0]
Epoch :  22  Rel. Train L2 Loss :  0.024257077127695082  Rel. Test L2 Loss :  0.022937365770339967  Test L2 Loss :  0.018955463320016862  Time :  9.766991376876831  L:  [4.0, 4.0]
Epoch :  23  Rel. Train L2 Loss :  0.024495501458644868  Rel. Test L2 Loss :  0.024621592015028  Test L2 Loss :  0.02034850060939789  Time :  9.783146142959595  L:  [4.0, 4.0]
Epoch :  24  Rel. Train L2 Loss :  0.02378837040066719  Rel. Test L2 Loss :  0.02232347249984741  Test L2 Loss :  0.018448486179113387  Time :  9.816729307174683  L:  [4.0, 4.0]
Epoch :  25  Rel. Train L2 Loss :  0.02228340420126915  Rel. Test L2 Loss :  0.023702295273542406  Test L2 Loss :  0.019593166708946227  Time :  9.81577730178833  L:  [4.0, 4.0]
Epoch :  26  Rel. Train L2 Loss :  0.022661141455173492  Rel. Test L2 Loss :  0.021124392449855804  Test L2 Loss :  0.017457112818956375  Time :  9.834146738052368  L:  [4.0, 4.0]
Epoch :  27  Rel. Train L2 Loss :  0.02139253196120262  Rel. Test L2 Loss :  0.02031180426478386  Test L2 Loss :  0.016785221844911574  Time :  9.83354902267456  L:  [4.0, 4.0]
Epoch :  28  Rel. Train L2 Loss :  0.020702166110277177  Rel. Test L2 Loss :  0.022193868160247803  Test L2 Loss :  0.01834714025259018  Time :  9.821556568145752  L:  [4.0, 4.0]
Epoch :  29  Rel. Train L2 Loss :  0.02176378709077835  Rel. Test L2 Loss :  0.02049949899315834  Test L2 Loss :  0.016947127729654312  Time :  9.809236764907837  L:  [4.0, 4.0]
Epoch :  30  Rel. Train L2 Loss :  0.021923965990543366  Rel. Test L2 Loss :  0.01900741145014763  Test L2 Loss :  0.01570721685886383  Time :  9.742331743240356  L:  [4.0, 4.0]
Epoch :  31  Rel. Train L2 Loss :  0.0194387246966362  Rel. Test L2 Loss :  0.019153268337249757  Test L2 Loss :  0.015824849754571914  Time :  9.71038031578064  L:  [4.0, 4.0]
Epoch :  32  Rel. Train L2 Loss :  0.01916567438840866  Rel. Test L2 Loss :  0.018438496440649033  Test L2 Loss :  0.015236600339412688  Time :  9.697810649871826  L:  [4.0, 4.0]
Epoch :  33  Rel. Train L2 Loss :  0.020429660886526108  Rel. Test L2 Loss :  0.0214016717672348  Test L2 Loss :  0.01768324092030525  Time :  9.697426080703735  L:  [4.0, 4.0]
Epoch :  34  Rel. Train L2 Loss :  0.02062059959769249  Rel. Test L2 Loss :  0.01778104931116104  Test L2 Loss :  0.014691391885280609  Time :  9.701183080673218  L:  [4.0, 4.0]
Epoch :  35  Rel. Train L2 Loss :  0.019843633621931075  Rel. Test L2 Loss :  0.01826638534665108  Test L2 Loss :  0.015093291401863098  Time :  9.719027280807495  L:  [4.0, 4.0]
Epoch :  36  Rel. Train L2 Loss :  0.018120835542678834  Rel. Test L2 Loss :  0.01716606631875038  Test L2 Loss :  0.014183625876903534  Time :  9.726402997970581  L:  [4.0, 4.0]
Epoch :  37  Rel. Train L2 Loss :  0.019110483378171922  Rel. Test L2 Loss :  0.0182185997068882  Test L2 Loss :  0.01506514012813568  Time :  9.743486642837524  L:  [4.0, 4.0]
Epoch :  38  Rel. Train L2 Loss :  0.018474664837121964  Rel. Test L2 Loss :  0.018883894830942154  Test L2 Loss :  0.015607115179300309  Time :  9.758902788162231  L:  [4.0, 4.0]
Epoch :  39  Rel. Train L2 Loss :  0.017273630440235138  Rel. Test L2 Loss :  0.01705778181552887  Test L2 Loss :  0.01409593477845192  Time :  9.777472734451294  L:  [4.0, 4.0]
Epoch :  40  Rel. Train L2 Loss :  0.01977144780755043  Rel. Test L2 Loss :  0.018113901019096375  Test L2 Loss :  0.014964734464883804  Time :  9.792198896408081  L:  [4.0, 4.0]
Epoch :  41  Rel. Train L2 Loss :  0.01729330989718437  Rel. Test L2 Loss :  0.018582702577114106  Test L2 Loss :  0.015360846817493438  Time :  9.807650566101074  L:  [4.0, 4.0]
Epoch :  42  Rel. Train L2 Loss :  0.01801380503177643  Rel. Test L2 Loss :  0.01968423843383789  Test L2 Loss :  0.016266077011823653  Time :  9.81815791130066  L:  [4.0, 4.0]
Epoch :  43  Rel. Train L2 Loss :  0.018904248982667925  Rel. Test L2 Loss :  0.01661246344447136  Test L2 Loss :  0.013725421279668809  Time :  9.831180810928345  L:  [4.0, 4.0]
Epoch :  44  Rel. Train L2 Loss :  0.01699482908844948  Rel. Test L2 Loss :  0.01967063769698143  Test L2 Loss :  0.016252032369375228  Time :  9.818326473236084  L:  [4.0, 4.0]
Epoch :  45  Rel. Train L2 Loss :  0.017122943341732026  Rel. Test L2 Loss :  0.01723355323076248  Test L2 Loss :  0.014245884716510773  Time :  9.808058500289917  L:  [4.0, 4.0]
Epoch :  46  Rel. Train L2 Loss :  0.015831522852182388  Rel. Test L2 Loss :  0.01546323522925377  Test L2 Loss :  0.012775759622454643  Time :  9.803576231002808  L:  [4.0, 4.0]
Epoch :  47  Rel. Train L2 Loss :  0.020397820949554443  Rel. Test L2 Loss :  0.02002904027700424  Test L2 Loss :  0.016562368124723434  Time :  9.785132646560669  L:  [4.0, 4.0]
Epoch :  48  Rel. Train L2 Loss :  0.018344649851322174  Rel. Test L2 Loss :  0.015540205836296082  Test L2 Loss :  0.012840542197227477  Time :  9.778492450714111  L:  [4.0, 4.0]
Epoch :  49  Rel. Train L2 Loss :  0.017106779873371124  Rel. Test L2 Loss :  0.016679724454879762  Test L2 Loss :  0.013784516006708145  Time :  9.768482446670532  L:  [4.0, 4.0]
Epoch :  50  Rel. Train L2 Loss :  0.01633593925833702  Rel. Test L2 Loss :  0.016260813623666763  Test L2 Loss :  0.013433945700526237  Time :  9.768153190612793  L:  [4.0, 4.0]
Epoch :  51  Rel. Train L2 Loss :  0.016554397851228714  Rel. Test L2 Loss :  0.01617093935608864  Test L2 Loss :  0.013364892601966858  Time :  9.759074449539185  L:  [4.0, 4.0]
Epoch :  52  Rel. Train L2 Loss :  0.017423348665237426  Rel. Test L2 Loss :  0.018262931853532793  Test L2 Loss :  0.01508906602859497  Time :  9.759237051010132  L:  [4.0, 4.0]
Epoch :  53  Rel. Train L2 Loss :  0.01824303835630417  Rel. Test L2 Loss :  0.017615863382816316  Test L2 Loss :  0.014559116512537003  Time :  9.760344505310059  L:  [4.0, 4.0]
Epoch :  54  Rel. Train L2 Loss :  0.017031423836946488  Rel. Test L2 Loss :  0.016977720111608505  Test L2 Loss :  0.014033970981836319  Time :  9.760959148406982  L:  [4.0, 4.0]
Epoch :  55  Rel. Train L2 Loss :  0.016178804516792298  Rel. Test L2 Loss :  0.015356112867593766  Test L2 Loss :  0.012690029144287109  Time :  9.767284154891968  L:  [4.0, 4.0]
Epoch :  56  Rel. Train L2 Loss :  0.01648581922054291  Rel. Test L2 Loss :  0.015054564327001571  Test L2 Loss :  0.01244176112115383  Time :  9.77496337890625  L:  [4.0, 4.0]
Epoch :  57  Rel. Train L2 Loss :  0.015505801439285278  Rel. Test L2 Loss :  0.015963364392518997  Test L2 Loss :  0.013195248767733574  Time :  9.78775954246521  L:  [4.0, 4.0]
Epoch :  58  Rel. Train L2 Loss :  0.016343148559331895  Rel. Test L2 Loss :  0.0162058362364769  Test L2 Loss :  0.013394517004489898  Time :  9.809900283813477  L:  [4.0, 4.0]
Epoch :  59  Rel. Train L2 Loss :  0.017006294071674345  Rel. Test L2 Loss :  0.01709561988711357  Test L2 Loss :  0.014125445187091827  Time :  9.812795162200928  L:  [4.0, 4.0]
Epoch :  60  Rel. Train L2 Loss :  0.017299707114696503  Rel. Test L2 Loss :  0.016862549632787705  Test L2 Loss :  0.01393726907670498  Time :  9.80907416343689  L:  [4.0, 4.0]
Epoch :  61  Rel. Train L2 Loss :  0.016802643597126007  Rel. Test L2 Loss :  0.017190469801425932  Test L2 Loss :  0.014207424074411392  Time :  9.8163423538208  L:  [4.0, 4.0]
Epoch :  62  Rel. Train L2 Loss :  0.015801549166440963  Rel. Test L2 Loss :  0.01535350203514099  Test L2 Loss :  0.01269082635641098  Time :  9.806291103363037  L:  [4.0, 4.0]
Epoch :  63  Rel. Train L2 Loss :  0.017323920398950577  Rel. Test L2 Loss :  0.02380482330918312  Test L2 Loss :  0.019699026942253114  Time :  9.803591012954712  L:  [4.0, 4.0]
Epoch :  64  Rel. Train L2 Loss :  0.01733205455541611  Rel. Test L2 Loss :  0.014501305222511291  Test L2 Loss :  0.011981228068470955  Time :  9.794824600219727  L:  [4.0, 4.0]
Epoch :  65  Rel. Train L2 Loss :  0.015830649629235267  Rel. Test L2 Loss :  0.015003132820129394  Test L2 Loss :  0.012400062754750252  Time :  9.789546251296997  L:  [4.0, 4.0]
Epoch :  66  Rel. Train L2 Loss :  0.015386565536260605  Rel. Test L2 Loss :  0.015263390392065049  Test L2 Loss :  0.012617719620466232  Time :  9.791724443435669  L:  [4.0, 4.0]
Epoch :  67  Rel. Train L2 Loss :  0.016274522095918655  Rel. Test L2 Loss :  0.015299813449382782  Test L2 Loss :  0.012644729688763618  Time :  9.770726203918457  L:  [4.0, 4.0]
Epoch :  68  Rel. Train L2 Loss :  0.017655505090951918  Rel. Test L2 Loss :  0.015830145925283434  Test L2 Loss :  0.013079242184758186  Time :  9.767441987991333  L:  [4.0, 4.0]
Epoch :  69  Rel. Train L2 Loss :  0.015405641436576844  Rel. Test L2 Loss :  0.016816902607679367  Test L2 Loss :  0.013894014805555344  Time :  9.757869720458984  L:  [4.0, 4.0]
Epoch :  70  Rel. Train L2 Loss :  0.016211548924446106  Rel. Test L2 Loss :  0.014158204048871994  Test L2 Loss :  0.011695936247706413  Time :  9.756305456161499  L:  [4.0, 4.0]
Epoch :  71  Rel. Train L2 Loss :  0.016743589580059053  Rel. Test L2 Loss :  0.01904845029115677  Test L2 Loss :  0.0157431323826313  Time :  9.759477376937866  L:  [4.0, 4.0]
Epoch :  72  Rel. Train L2 Loss :  0.016524590402841568  Rel. Test L2 Loss :  0.01567398726940155  Test L2 Loss :  0.012945724874734879  Time :  9.769428491592407  L:  [4.0, 4.0]
Epoch :  73  Rel. Train L2 Loss :  0.01538205786049366  Rel. Test L2 Loss :  0.015879264324903487  Test L2 Loss :  0.013125085160136224  Time :  9.778161525726318  L:  [4.0, 4.0]
Epoch :  74  Rel. Train L2 Loss :  0.017995961278676986  Rel. Test L2 Loss :  0.015782875269651414  Test L2 Loss :  0.013046855330467224  Time :  9.78941535949707  L:  [4.0, 4.0]
Epoch :  75  Rel. Train L2 Loss :  0.015802342370152475  Rel. Test L2 Loss :  0.015387715548276901  Test L2 Loss :  0.012714420780539512  Time :  9.801381826400757  L:  [4.0, 4.0]
Epoch :  76  Rel. Train L2 Loss :  0.015836074084043503  Rel. Test L2 Loss :  0.015675625056028365  Test L2 Loss :  0.01295444905757904  Time :  9.817473411560059  L:  [4.0, 4.0]
Epoch :  77  Rel. Train L2 Loss :  0.01575546959042549  Rel. Test L2 Loss :  0.01696041613817215  Test L2 Loss :  0.014021279811859131  Time :  9.815587282180786  L:  [4.0, 4.0]
Epoch :  78  Rel. Train L2 Loss :  0.015711028546094893  Rel. Test L2 Loss :  0.014750779420137406  Test L2 Loss :  0.012191596776247024  Time :  9.820244789123535  L:  [4.0, 4.0]
Epoch :  79  Rel. Train L2 Loss :  0.015590088367462158  Rel. Test L2 Loss :  0.016258130222558974  Test L2 Loss :  0.013434953168034553  Time :  9.808576107025146  L:  [4.0, 4.0]
Epoch :  80  Rel. Train L2 Loss :  0.01501392212510109  Rel. Test L2 Loss :  0.014335928559303284  Test L2 Loss :  0.011846522837877273  Time :  9.797907590866089  L:  [4.0, 4.0]
Epoch :  81  Rel. Train L2 Loss :  0.014858459025621414  Rel. Test L2 Loss :  0.019345420747995376  Test L2 Loss :  0.016000366508960723  Time :  9.789859056472778  L:  [4.0, 4.0]
Epoch :  82  Rel. Train L2 Loss :  0.017517682939767836  Rel. Test L2 Loss :  0.015427416414022446  Test L2 Loss :  0.012757219523191452  Time :  9.78070878982544  L:  [4.0, 4.0]
Epoch :  83  Rel. Train L2 Loss :  0.014667344644665719  Rel. Test L2 Loss :  0.014712344855070114  Test L2 Loss :  0.01216755636036396  Time :  9.771139144897461  L:  [4.0, 4.0]
Epoch :  84  Rel. Train L2 Loss :  0.016187310487031936  Rel. Test L2 Loss :  0.013825527355074883  Test L2 Loss :  0.011425803899765014  Time :  9.765766859054565  L:  [4.0, 4.0]
Epoch :  85  Rel. Train L2 Loss :  0.015645337149500848  Rel. Test L2 Loss :  0.015689200311899184  Test L2 Loss :  0.01295937143266201  Time :  9.75937294960022  L:  [4.0, 4.0]
Epoch :  86  Rel. Train L2 Loss :  0.015293984532356262  Rel. Test L2 Loss :  0.014026055335998535  Test L2 Loss :  0.01159083552658558  Time :  9.75962519645691  L:  [4.0, 4.0]
Epoch :  87  Rel. Train L2 Loss :  0.01607722346484661  Rel. Test L2 Loss :  0.014417533054947853  Test L2 Loss :  0.011912542060017586  Time :  9.752916097640991  L:  [4.0, 4.0]
Epoch :  88  Rel. Train L2 Loss :  0.015360953092575073  Rel. Test L2 Loss :  0.01592120736837387  Test L2 Loss :  0.01316313847899437  Time :  9.755707263946533  L:  [4.0, 4.0]
Epoch :  89  Rel. Train L2 Loss :  0.015648423716425896  Rel. Test L2 Loss :  0.014812437891960144  Test L2 Loss :  0.0122394048422575  Time :  9.764568328857422  L:  [4.0, 4.0]
Epoch :  90  Rel. Train L2 Loss :  0.014266593754291535  Rel. Test L2 Loss :  0.015289908051490783  Test L2 Loss :  0.012637667432427406  Time :  9.775071382522583  L:  [4.0, 4.0]
Epoch :  91  Rel. Train L2 Loss :  0.01494566509127617  Rel. Test L2 Loss :  0.014703740030527115  Test L2 Loss :  0.012153881490230561  Time :  9.79568886756897  L:  [4.0, 4.0]
Epoch :  92  Rel. Train L2 Loss :  0.015554589837789536  Rel. Test L2 Loss :  0.01576227307319641  Test L2 Loss :  0.013030280098319054  Time :  9.802983522415161  L:  [4.0, 4.0]
Epoch :  93  Rel. Train L2 Loss :  0.016221449479460717  Rel. Test L2 Loss :  0.015810551047325136  Test L2 Loss :  0.013056515380740166  Time :  9.81756043434143  L:  [4.0, 4.0]
Epoch :  94  Rel. Train L2 Loss :  0.015727029100060463  Rel. Test L2 Loss :  0.0161740505695343  Test L2 Loss :  0.013365873098373414  Time :  9.823197603225708  L:  [4.0, 4.0]
Epoch :  95  Rel. Train L2 Loss :  0.014678608611226081  Rel. Test L2 Loss :  0.015421119034290314  Test L2 Loss :  0.012762040868401527  Time :  9.829182624816895  L:  [4.0, 4.0]
Epoch :  96  Rel. Train L2 Loss :  0.014980169400572776  Rel. Test L2 Loss :  0.015146674513816833  Test L2 Loss :  0.012522830292582512  Time :  9.819133281707764  L:  [4.0, 4.0]
Epoch :  97  Rel. Train L2 Loss :  0.013574597135186195  Rel. Test L2 Loss :  0.013704672455787659  Test L2 Loss :  0.011331260204315186  Time :  9.82151484489441  L:  [4.0, 4.0]
Epoch :  98  Rel. Train L2 Loss :  0.015536474093794822  Rel. Test L2 Loss :  0.015330362766981125  Test L2 Loss :  0.012672715038061142  Time :  9.795790672302246  L:  [4.0, 4.0]
Epoch :  99  Rel. Train L2 Loss :  0.014182010948657989  Rel. Test L2 Loss :  0.014066017270088195  Test L2 Loss :  0.011629451960325242  Time :  9.773729085922241  L:  [4.0, 4.0]
Epoch :  100  Rel. Train L2 Loss :  0.013306564331054687  Rel. Test L2 Loss :  0.01272907219827175  Test L2 Loss :  0.010516638457775116  Time :  9.7633798122406  L:  [4.0, 4.0]
Epoch :  101  Rel. Train L2 Loss :  0.0155244692414999  Rel. Test L2 Loss :  0.015730034559965134  Test L2 Loss :  0.012996898368000984  Time :  9.760015726089478  L:  [4.0, 4.0]
Epoch :  102  Rel. Train L2 Loss :  0.016341138169169427  Rel. Test L2 Loss :  0.015744639635086058  Test L2 Loss :  0.013009634613990784  Time :  9.750948667526245  L:  [4.0, 4.0]
Epoch :  103  Rel. Train L2 Loss :  0.01468943317234516  Rel. Test L2 Loss :  0.0147921821475029  Test L2 Loss :  0.012225725948810577  Time :  9.750812768936157  L:  [4.0, 4.0]
Epoch :  104  Rel. Train L2 Loss :  0.013542734444141388  Rel. Test L2 Loss :  0.013093059360980987  Test L2 Loss :  0.010822864845395089  Time :  9.75772500038147  L:  [4.0, 4.0]
Epoch :  105  Rel. Train L2 Loss :  0.016199845507740975  Rel. Test L2 Loss :  0.01485300213098526  Test L2 Loss :  0.012276835143566131  Time :  9.766959428787231  L:  [4.0, 4.0]
Epoch :  106  Rel. Train L2 Loss :  0.014309890136122704  Rel. Test L2 Loss :  0.015125792771577835  Test L2 Loss :  0.01249739907681942  Time :  9.77927041053772  L:  [4.0, 4.0]
Epoch :  107  Rel. Train L2 Loss :  0.01310168969631195  Rel. Test L2 Loss :  0.012138117998838426  Test L2 Loss :  0.010030911862850189  Time :  9.79280400276184  L:  [4.0, 4.0]
Epoch :  108  Rel. Train L2 Loss :  0.014325828209519387  Rel. Test L2 Loss :  0.014063556417822838  Test L2 Loss :  0.01162176877260208  Time :  9.802397966384888  L:  [4.0, 4.0]
Epoch :  109  Rel. Train L2 Loss :  0.014218634784221649  Rel. Test L2 Loss :  0.014090997502207755  Test L2 Loss :  0.01164955586194992  Time :  9.807791709899902  L:  [4.0, 4.0]
Epoch :  110  Rel. Train L2 Loss :  0.014085046336054802  Rel. Test L2 Loss :  0.012333299294114112  Test L2 Loss :  0.010191502571105958  Time :  9.814194917678833  L:  [4.0, 4.0]
Epoch :  111  Rel. Train L2 Loss :  0.013538603574037552  Rel. Test L2 Loss :  0.01712522253394127  Test L2 Loss :  0.014164202734827996  Time :  9.816225290298462  L:  [4.0, 4.0]
Epoch :  112  Rel. Train L2 Loss :  0.014495269909501075  Rel. Test L2 Loss :  0.013455133140087127  Test L2 Loss :  0.011117658615112304  Time :  9.805275201797485  L:  [4.0, 4.0]
Epoch :  113  Rel. Train L2 Loss :  0.014260947585105896  Rel. Test L2 Loss :  0.016537500917911528  Test L2 Loss :  0.013681399300694466  Time :  9.788785696029663  L:  [4.0, 4.0]
Epoch :  114  Rel. Train L2 Loss :  0.013664172604680062  Rel. Test L2 Loss :  0.015293883979320527  Test L2 Loss :  0.012645078971982002  Time :  9.780969381332397  L:  [4.0, 4.0]
Epoch :  115  Rel. Train L2 Loss :  0.013885444700717927  Rel. Test L2 Loss :  0.014741368889808655  Test L2 Loss :  0.012197528555989266  Time :  9.77534031867981  L:  [4.0, 4.0]
Epoch :  116  Rel. Train L2 Loss :  0.014204918026924133  Rel. Test L2 Loss :  0.013708452507853509  Test L2 Loss :  0.0113282922655344  Time :  9.7618088722229  L:  [4.0, 4.0]
Epoch :  117  Rel. Train L2 Loss :  0.014208777010440826  Rel. Test L2 Loss :  0.013856778740882874  Test L2 Loss :  0.011455747485160827  Time :  9.759564399719238  L:  [4.0, 4.0]
Epoch :  118  Rel. Train L2 Loss :  0.014125396147370338  Rel. Test L2 Loss :  0.014598069339990615  Test L2 Loss :  0.012067952454090118  Time :  9.759426593780518  L:  [4.0, 4.0]
Epoch :  119  Rel. Train L2 Loss :  0.013801117792725564  Rel. Test L2 Loss :  0.013677006363868713  Test L2 Loss :  0.011303594410419464  Time :  9.760667085647583  L:  [4.0, 4.0]
Epoch :  120  Rel. Train L2 Loss :  0.013434239879250527  Rel. Test L2 Loss :  0.01235673926770687  Test L2 Loss :  0.01021188147366047  Time :  9.770456075668335  L:  [4.0, 4.0]
Epoch :  121  Rel. Train L2 Loss :  0.013771953389048576  Rel. Test L2 Loss :  0.01447282686829567  Test L2 Loss :  0.011970424801111221  Time :  9.783514738082886  L:  [4.0, 4.0]
Epoch :  122  Rel. Train L2 Loss :  0.013312938302755355  Rel. Test L2 Loss :  0.015602050721645356  Test L2 Loss :  0.012913692370057106  Time :  9.797199726104736  L:  [4.0, 4.0]
Epoch :  123  Rel. Train L2 Loss :  0.014698140591382981  Rel. Test L2 Loss :  0.014986027032136917  Test L2 Loss :  0.01239267885684967  Time :  9.80623745918274  L:  [4.0, 4.0]
Epoch :  124  Rel. Train L2 Loss :  0.013622626587748527  Rel. Test L2 Loss :  0.012869876548647881  Test L2 Loss :  0.010632877200841905  Time :  9.816442251205444  L:  [4.0, 4.0]
Epoch :  125  Rel. Train L2 Loss :  0.014961157068610191  Rel. Test L2 Loss :  0.012519554868340492  Test L2 Loss :  0.010345374569296836  Time :  9.814677476882935  L:  [4.0, 4.0]
Epoch :  126  Rel. Train L2 Loss :  0.012723899945616722  Rel. Test L2 Loss :  0.013382260203361512  Test L2 Loss :  0.011061295047402381  Time :  9.816967964172363  L:  [4.0, 4.0]
Epoch :  127  Rel. Train L2 Loss :  0.01586275027692318  Rel. Test L2 Loss :  0.016138965487480162  Test L2 Loss :  0.013349811881780624  Time :  9.802674055099487  L:  [4.0, 4.0]
Epoch :  128  Rel. Train L2 Loss :  0.013800947472453117  Rel. Test L2 Loss :  0.012388215065002442  Test L2 Loss :  0.010238916501402856  Time :  9.789372444152832  L:  [4.0, 4.0]
Epoch :  129  Rel. Train L2 Loss :  0.012697207286953926  Rel. Test L2 Loss :  0.013253831192851067  Test L2 Loss :  0.010953903794288636  Time :  9.78219723701477  L:  [4.0, 4.0]
Epoch :  130  Rel. Train L2 Loss :  0.012782294064760209  Rel. Test L2 Loss :  0.013502373620867729  Test L2 Loss :  0.011164578199386597  Time :  9.773847818374634  L:  [4.0, 4.0]
Epoch :  131  Rel. Train L2 Loss :  0.013364878922700881  Rel. Test L2 Loss :  0.011711405143141746  Test L2 Loss :  0.009677670672535896  Time :  9.79557490348816  L:  [4.0, 4.0]
Epoch :  132  Rel. Train L2 Loss :  0.012754431411623956  Rel. Test L2 Loss :  0.01359264999628067  Test L2 Loss :  0.011240362226963042  Time :  9.761788606643677  L:  [4.0, 4.0]
Epoch :  133  Rel. Train L2 Loss :  0.013852200716733933  Rel. Test L2 Loss :  0.016003419309854508  Test L2 Loss :  0.013221706598997116  Time :  9.759490728378296  L:  [4.0, 4.0]
Epoch :  134  Rel. Train L2 Loss :  0.014119288474321366  Rel. Test L2 Loss :  0.015764560773968695  Test L2 Loss :  0.013043511286377906  Time :  9.759867429733276  L:  [4.0, 4.0]
Epoch :  135  Rel. Train L2 Loss :  0.01378446102142334  Rel. Test L2 Loss :  0.01367132507264614  Test L2 Loss :  0.011301527172327042  Time :  9.767513751983643  L:  [4.0, 4.0]
Epoch :  136  Rel. Train L2 Loss :  0.012253990978002548  Rel. Test L2 Loss :  0.012209206372499466  Test L2 Loss :  0.010092322006821633  Time :  9.776356220245361  L:  [4.0, 4.0]
Epoch :  137  Rel. Train L2 Loss :  0.01321204513311386  Rel. Test L2 Loss :  0.01296741858124733  Test L2 Loss :  0.010718327462673188  Time :  9.787590026855469  L:  [4.0, 4.0]
Epoch :  138  Rel. Train L2 Loss :  0.01362320940196514  Rel. Test L2 Loss :  0.011892429068684578  Test L2 Loss :  0.009833647906780242  Time :  9.797006130218506  L:  [4.0, 4.0]
Epoch :  139  Rel. Train L2 Loss :  0.013418106302618981  Rel. Test L2 Loss :  0.013197337090969086  Test L2 Loss :  0.010916113033890723  Time :  9.827422380447388  L:  [4.0, 4.0]
Epoch :  140  Rel. Train L2 Loss :  0.012816355273127555  Rel. Test L2 Loss :  0.01338419944047928  Test L2 Loss :  0.011061963066458702  Time :  9.813172578811646  L:  [4.0, 4.0]
Epoch :  141  Rel. Train L2 Loss :  0.012936045750975608  Rel. Test L2 Loss :  0.012134034484624863  Test L2 Loss :  0.010024776235222816  Time :  9.80852222442627  L:  [4.0, 4.0]
Epoch :  142  Rel. Train L2 Loss :  0.013334062814712524  Rel. Test L2 Loss :  0.013940187245607376  Test L2 Loss :  0.0115237308293581  Time :  9.797600507736206  L:  [4.0, 4.0]
Epoch :  143  Rel. Train L2 Loss :  0.01267161913216114  Rel. Test L2 Loss :  0.011131931692361832  Test L2 Loss :  0.00920056238770485  Time :  9.7885422706604  L:  [4.0, 4.0]
Epoch :  144  Rel. Train L2 Loss :  0.011688930705189705  Rel. Test L2 Loss :  0.011488355174660682  Test L2 Loss :  0.00949164129793644  Time :  9.78117823600769  L:  [4.0, 4.0]
Epoch :  145  Rel. Train L2 Loss :  0.0121772922873497  Rel. Test L2 Loss :  0.012583990842103958  Test L2 Loss :  0.010396685600280762  Time :  9.769930839538574  L:  [4.0, 4.0]
Epoch :  146  Rel. Train L2 Loss :  0.01236150525510311  Rel. Test L2 Loss :  0.01165346011519432  Test L2 Loss :  0.00962985672056675  Time :  9.767149686813354  L:  [4.0, 4.0]
Epoch :  147  Rel. Train L2 Loss :  0.012807269036769866  Rel. Test L2 Loss :  0.01310276210308075  Test L2 Loss :  0.010832623690366744  Time :  9.763087034225464  L:  [4.0, 4.0]
Epoch :  148  Rel. Train L2 Loss :  0.013396991401910781  Rel. Test L2 Loss :  0.011576181873679162  Test L2 Loss :  0.009566540643572808  Time :  9.760642766952515  L:  [4.0, 4.0]
Epoch :  149  Rel. Train L2 Loss :  0.013104568764567375  Rel. Test L2 Loss :  0.011320184543728828  Test L2 Loss :  0.009355643913149834  Time :  9.757807970046997  L:  [4.0, 4.0]
Epoch :  150  Rel. Train L2 Loss :  0.012888034462928771  Rel. Test L2 Loss :  0.015104047060012817  Test L2 Loss :  0.012497651576995849  Time :  9.790581703186035  L:  [4.0, 4.0]
Epoch :  151  Rel. Train L2 Loss :  0.013330564439296722  Rel. Test L2 Loss :  0.012810475453734397  Test L2 Loss :  0.010592209845781327  Time :  9.772090196609497  L:  [4.0, 4.0]
Epoch :  152  Rel. Train L2 Loss :  0.012761477291584014  Rel. Test L2 Loss :  0.01355215385556221  Test L2 Loss :  0.011201244592666627  Time :  9.778358221054077  L:  [4.0, 4.0]
Epoch :  153  Rel. Train L2 Loss :  0.013652638107538223  Rel. Test L2 Loss :  0.011181549727916717  Test L2 Loss :  0.009238767176866532  Time :  9.786314487457275  L:  [4.0, 4.0]
Epoch :  154  Rel. Train L2 Loss :  0.011430983275175095  Rel. Test L2 Loss :  0.013503143340349197  Test L2 Loss :  0.011163155660033225  Time :  9.7921621799469  L:  [4.0, 4.0]
Epoch :  155  Rel. Train L2 Loss :  0.012198823481798172  Rel. Test L2 Loss :  0.011345673725008965  Test L2 Loss :  0.009376368373632432  Time :  9.794475078582764  L:  [4.0, 4.0]
Epoch :  156  Rel. Train L2 Loss :  0.01155299660563469  Rel. Test L2 Loss :  0.012380570694804192  Test L2 Loss :  0.010228240489959716  Time :  9.800891160964966  L:  [4.0, 4.0]
Epoch :  157  Rel. Train L2 Loss :  0.011794827729463577  Rel. Test L2 Loss :  0.013270324766635895  Test L2 Loss :  0.010965307801961898  Time :  9.804991722106934  L:  [4.0, 4.0]
Epoch :  158  Rel. Train L2 Loss :  0.01248089899122715  Rel. Test L2 Loss :  0.01128259114921093  Test L2 Loss :  0.00932077869772911  Time :  9.797657489776611  L:  [4.0, 4.0]
Epoch :  159  Rel. Train L2 Loss :  0.012421059295535088  Rel. Test L2 Loss :  0.023778737038373948  Test L2 Loss :  0.019684822261333466  Time :  9.801746606826782  L:  [4.0, 4.0]
Epoch :  160  Rel. Train L2 Loss :  0.01326391078531742  Rel. Test L2 Loss :  0.013769893869757653  Test L2 Loss :  0.011384288817644118  Time :  9.785379409790039  L:  [4.0, 4.0]
Epoch :  161  Rel. Train L2 Loss :  0.013650724321603774  Rel. Test L2 Loss :  0.012767489030957223  Test L2 Loss :  0.010546696186065675  Time :  9.780452251434326  L:  [4.0, 4.0]
Epoch :  162  Rel. Train L2 Loss :  0.011887408807873727  Rel. Test L2 Loss :  0.011099432110786438  Test L2 Loss :  0.009170856848359108  Time :  9.777778148651123  L:  [4.0, 4.0]
Epoch :  163  Rel. Train L2 Loss :  0.012452723175287247  Rel. Test L2 Loss :  0.01406604327261448  Test L2 Loss :  0.01163906417787075  Time :  9.770397663116455  L:  [4.0, 4.0]
Epoch :  164  Rel. Train L2 Loss :  0.012072750523686409  Rel. Test L2 Loss :  0.011657921224832534  Test L2 Loss :  0.009637516662478448  Time :  9.775216341018677  L:  [4.0, 4.0]
Epoch :  165  Rel. Train L2 Loss :  0.0114516269415617  Rel. Test L2 Loss :  0.01098819799721241  Test L2 Loss :  0.009077442958950997  Time :  9.764645338058472  L:  [4.0, 4.0]
Epoch :  166  Rel. Train L2 Loss :  0.011770473271608352  Rel. Test L2 Loss :  0.01181511789560318  Test L2 Loss :  0.009769986867904663  Time :  9.760596513748169  L:  [4.0, 4.0]
Epoch :  167  Rel. Train L2 Loss :  0.012076894000172615  Rel. Test L2 Loss :  0.011695513650774956  Test L2 Loss :  0.009659070000052452  Time :  9.755144596099854  L:  [4.0, 4.0]
Epoch :  168  Rel. Train L2 Loss :  0.011474850714206696  Rel. Test L2 Loss :  0.011896591410040855  Test L2 Loss :  0.009834073409438133  Time :  9.769655466079712  L:  [4.0, 4.0]
Epoch :  169  Rel. Train L2 Loss :  0.012677760258316994  Rel. Test L2 Loss :  0.011750333234667778  Test L2 Loss :  0.009708420038223267  Time :  9.75996208190918  L:  [4.0, 4.0]
Epoch :  170  Rel. Train L2 Loss :  0.011223683148622514  Rel. Test L2 Loss :  0.013523875251412392  Test L2 Loss :  0.011176912486553192  Time :  9.763651371002197  L:  [4.0, 4.0]
Epoch :  171  Rel. Train L2 Loss :  0.011708248436450958  Rel. Test L2 Loss :  0.012446170151233673  Test L2 Loss :  0.010284228846430779  Time :  9.777076244354248  L:  [4.0, 4.0]
Epoch :  172  Rel. Train L2 Loss :  0.010916105687618256  Rel. Test L2 Loss :  0.011871146559715271  Test L2 Loss :  0.009814820289611816  Time :  9.779691219329834  L:  [4.0, 4.0]
Epoch :  173  Rel. Train L2 Loss :  0.012099888771772385  Rel. Test L2 Loss :  0.014719961732625962  Test L2 Loss :  0.012163574323058129  Time :  9.787266731262207  L:  [4.0, 4.0]
Epoch :  174  Rel. Train L2 Loss :  0.011606269299983978  Rel. Test L2 Loss :  0.01245670698583126  Test L2 Loss :  0.0102998648583889  Time :  9.7968168258667  L:  [4.0, 4.0]
Epoch :  175  Rel. Train L2 Loss :  0.011372965678572655  Rel. Test L2 Loss :  0.01196173682808876  Test L2 Loss :  0.009884983897209168  Time :  9.805314302444458  L:  [4.0, 4.0]
Epoch :  176  Rel. Train L2 Loss :  0.011821373015642166  Rel. Test L2 Loss :  0.01131954275071621  Test L2 Loss :  0.009356556311249733  Time :  9.805425882339478  L:  [4.0, 4.0]
Epoch :  177  Rel. Train L2 Loss :  0.011698462635278701  Rel. Test L2 Loss :  0.013375969901680947  Test L2 Loss :  0.011059695407748222  Time :  9.803935766220093  L:  [4.0, 4.0]
Epoch :  178  Rel. Train L2 Loss :  0.014171620801091194  Rel. Test L2 Loss :  0.012925650402903556  Test L2 Loss :  0.01068711705505848  Time :  9.796294927597046  L:  [4.0, 4.0]
Epoch :  179  Rel. Train L2 Loss :  0.011517508178949356  Rel. Test L2 Loss :  0.011002496778964997  Test L2 Loss :  0.00909486562013626  Time :  9.79245901107788  L:  [4.0, 4.0]
Epoch :  180  Rel. Train L2 Loss :  0.010721190080046654  Rel. Test L2 Loss :  0.010934016704559325  Test L2 Loss :  0.009033844918012618  Time :  9.784477472305298  L:  [4.0, 4.0]
Epoch :  181  Rel. Train L2 Loss :  0.01090688432753086  Rel. Test L2 Loss :  0.013545941561460495  Test L2 Loss :  0.011209356486797334  Time :  9.78008484840393  L:  [4.0, 4.0]
Epoch :  182  Rel. Train L2 Loss :  0.0108310606777668  Rel. Test L2 Loss :  0.011687784045934678  Test L2 Loss :  0.009667168259620667  Time :  9.772653102874756  L:  [4.0, 4.0]
Epoch :  183  Rel. Train L2 Loss :  0.011711440950632096  Rel. Test L2 Loss :  0.011296229511499405  Test L2 Loss :  0.009337813705205917  Time :  9.76592230796814  L:  [4.0, 4.0]
Epoch :  184  Rel. Train L2 Loss :  0.010904643073678017  Rel. Test L2 Loss :  0.010902481153607368  Test L2 Loss :  0.00900711476802826  Time :  9.764521837234497  L:  [4.0, 4.0]
Epoch :  185  Rel. Train L2 Loss :  0.011478319510817528  Rel. Test L2 Loss :  0.011963785365223885  Test L2 Loss :  0.009887352883815766  Time :  9.758655548095703  L:  [4.0, 4.0]
Epoch :  186  Rel. Train L2 Loss :  0.010544341921806335  Rel. Test L2 Loss :  0.01069702722132206  Test L2 Loss :  0.008839855939149856  Time :  9.755576848983765  L:  [4.0, 4.0]
Epoch :  187  Rel. Train L2 Loss :  0.011104712009429932  Rel. Test L2 Loss :  0.011029769405722619  Test L2 Loss :  0.009110256507992744  Time :  9.798702716827393  L:  [4.0, 4.0]
Epoch :  188  Rel. Train L2 Loss :  0.011408067718148231  Rel. Test L2 Loss :  0.011558730006217956  Test L2 Loss :  0.009554325491189957  Time :  9.784616231918335  L:  [4.0, 4.0]
Epoch :  189  Rel. Train L2 Loss :  0.011371714785695076  Rel. Test L2 Loss :  0.011587952747941017  Test L2 Loss :  0.009576601833105087  Time :  9.772372007369995  L:  [4.0, 4.0]
Epoch :  190  Rel. Train L2 Loss :  0.0106006268709898  Rel. Test L2 Loss :  0.01027568370103836  Test L2 Loss :  0.008492845594882965  Time :  9.785508155822754  L:  [4.0, 4.0]
Epoch :  191  Rel. Train L2 Loss :  0.010274530306458474  Rel. Test L2 Loss :  0.010336304977536202  Test L2 Loss :  0.00854507364332676  Time :  9.802308320999146  L:  [4.0, 4.0]
Epoch :  192  Rel. Train L2 Loss :  0.011122988387942314  Rel. Test L2 Loss :  0.01210321083664894  Test L2 Loss :  0.010010332241654396  Time :  9.80648922920227  L:  [4.0, 4.0]
Epoch :  193  Rel. Train L2 Loss :  0.011792660430073739  Rel. Test L2 Loss :  0.011259230226278305  Test L2 Loss :  0.00929929941892624  Time :  9.813677310943604  L:  [4.0, 4.0]
Epoch :  194  Rel. Train L2 Loss :  0.011304492875933648  Rel. Test L2 Loss :  0.011779483631253243  Test L2 Loss :  0.00973659910261631  Time :  9.828825235366821  L:  [4.0, 4.0]
Epoch :  195  Rel. Train L2 Loss :  0.012230186656117439  Rel. Test L2 Loss :  0.012472569793462753  Test L2 Loss :  0.010310809016227723  Time :  9.813376188278198  L:  [4.0, 4.0]
Epoch :  196  Rel. Train L2 Loss :  0.01211484855413437  Rel. Test L2 Loss :  0.012003253698348999  Test L2 Loss :  0.009922138974070549  Time :  9.806746244430542  L:  [4.0, 4.0]
Epoch :  197  Rel. Train L2 Loss :  0.010886374190449714  Rel. Test L2 Loss :  0.011065122932195663  Test L2 Loss :  0.009144892767071724  Time :  9.822161197662354  L:  [4.0, 4.0]
Epoch :  198  Rel. Train L2 Loss :  0.010698813691735268  Rel. Test L2 Loss :  0.010265034809708595  Test L2 Loss :  0.008483380302786827  Time :  9.796810150146484  L:  [4.0, 4.0]
Epoch :  199  Rel. Train L2 Loss :  0.010455835819244384  Rel. Test L2 Loss :  0.01020134873688221  Test L2 Loss :  0.008429907262325287  Time :  9.786250829696655  L:  [4.0, 4.0]
Epoch :  200  Rel. Train L2 Loss :  0.010220345869660377  Rel. Test L2 Loss :  0.01060142032802105  Test L2 Loss :  0.008765162453055381  Time :  9.78071904182434  L:  [4.0, 4.0]
Epoch :  201  Rel. Train L2 Loss :  0.010901776432991029  Rel. Test L2 Loss :  0.013214226886630058  Test L2 Loss :  0.010930692628026008  Time :  9.77188491821289  L:  [4.0, 4.0]
Epoch :  202  Rel. Train L2 Loss :  0.01090225115418434  Rel. Test L2 Loss :  0.012665946707129479  Test L2 Loss :  0.010468424186110497  Time :  9.765856981277466  L:  [4.0, 4.0]
Epoch :  203  Rel. Train L2 Loss :  0.010545365378260613  Rel. Test L2 Loss :  0.009767391756176948  Test L2 Loss :  0.00807313621044159  Time :  9.760164260864258  L:  [4.0, 4.0]
Epoch :  204  Rel. Train L2 Loss :  0.01121397426724434  Rel. Test L2 Loss :  0.011473546251654625  Test L2 Loss :  0.009485577419400214  Time :  9.762493133544922  L:  [4.0, 4.0]
Epoch :  205  Rel. Train L2 Loss :  0.012034436091780662  Rel. Test L2 Loss :  0.011144721806049347  Test L2 Loss :  0.009211855530738831  Time :  9.788783550262451  L:  [4.0, 4.0]
Epoch :  206  Rel. Train L2 Loss :  0.010686583235859871  Rel. Test L2 Loss :  0.010103124752640724  Test L2 Loss :  0.008351040035486222  Time :  9.79909348487854  L:  [4.0, 4.0]
Epoch :  207  Rel. Train L2 Loss :  0.010290467038750648  Rel. Test L2 Loss :  0.010838480591773987  Test L2 Loss :  0.008955494612455367  Time :  9.807873725891113  L:  [4.0, 4.0]
Epoch :  208  Rel. Train L2 Loss :  0.010975702866911888  Rel. Test L2 Loss :  0.01089257836341858  Test L2 Loss :  0.009002529904246331  Time :  9.814661741256714  L:  [4.0, 4.0]
Epoch :  209  Rel. Train L2 Loss :  0.01064012759923935  Rel. Test L2 Loss :  0.010950246378779411  Test L2 Loss :  0.009052298367023467  Time :  9.824879884719849  L:  [4.0, 4.0]
Epoch :  210  Rel. Train L2 Loss :  0.01150280223786831  Rel. Test L2 Loss :  0.015893457382917406  Test L2 Loss :  0.013138311505317688  Time :  9.831268548965454  L:  [4.0, 4.0]
Epoch :  211  Rel. Train L2 Loss :  0.010950268909335136  Rel. Test L2 Loss :  0.01161016434431076  Test L2 Loss :  0.00959233485162258  Time :  9.830620050430298  L:  [4.0, 4.0]
Epoch :  212  Rel. Train L2 Loss :  0.009995193645358086  Rel. Test L2 Loss :  0.010752866417169571  Test L2 Loss :  0.00888575904071331  Time :  9.803175926208496  L:  [4.0, 4.0]
Epoch :  213  Rel. Train L2 Loss :  0.009786769330501556  Rel. Test L2 Loss :  0.010624159276485443  Test L2 Loss :  0.008780105635523797  Time :  9.800819396972656  L:  [4.0, 4.0]
Epoch :  214  Rel. Train L2 Loss :  0.010058344706892968  Rel. Test L2 Loss :  0.01162887193262577  Test L2 Loss :  0.009614485204219819  Time :  9.797637939453125  L:  [4.0, 4.0]
Epoch :  215  Rel. Train L2 Loss :  0.010894485712051392  Rel. Test L2 Loss :  0.010926643759012223  Test L2 Loss :  0.00902811013162136  Time :  9.778654336929321  L:  [4.0, 4.0]
Epoch :  216  Rel. Train L2 Loss :  0.010719203650951385  Rel. Test L2 Loss :  0.011251622214913368  Test L2 Loss :  0.009301317259669303  Time :  9.773510456085205  L:  [4.0, 4.0]
Epoch :  217  Rel. Train L2 Loss :  0.009650257617235184  Rel. Test L2 Loss :  0.010113560184836388  Test L2 Loss :  0.00835928089916706  Time :  9.768401861190796  L:  [4.0, 4.0]
Epoch :  218  Rel. Train L2 Loss :  0.009956677213311196  Rel. Test L2 Loss :  0.010100696310400963  Test L2 Loss :  0.00835203841328621  Time :  9.764883041381836  L:  [4.0, 4.0]
Epoch :  219  Rel. Train L2 Loss :  0.010516202002763748  Rel. Test L2 Loss :  0.01202627420425415  Test L2 Loss :  0.009949700310826301  Time :  9.76204776763916  L:  [4.0, 4.0]
Epoch :  220  Rel. Train L2 Loss :  0.01044979453086853  Rel. Test L2 Loss :  0.011605542451143265  Test L2 Loss :  0.009587847515940667  Time :  9.76173186302185  L:  [4.0, 4.0]
Epoch :  221  Rel. Train L2 Loss :  0.01014485239982605  Rel. Test L2 Loss :  0.011164034605026246  Test L2 Loss :  0.0092250906676054  Time :  9.77756118774414  L:  [4.0, 4.0]
Epoch :  222  Rel. Train L2 Loss :  0.009716751337051391  Rel. Test L2 Loss :  0.0098124747723341  Test L2 Loss :  0.008111758306622505  Time :  9.77710223197937  L:  [4.0, 4.0]
Epoch :  223  Rel. Train L2 Loss :  0.01022721891105175  Rel. Test L2 Loss :  0.010147234052419662  Test L2 Loss :  0.00838649995625019  Time :  9.799551963806152  L:  [4.0, 4.0]
Epoch :  224  Rel. Train L2 Loss :  0.009802222594618798  Rel. Test L2 Loss :  0.011008137091994285  Test L2 Loss :  0.009102945402264594  Time :  9.820420742034912  L:  [4.0, 4.0]
Epoch :  225  Rel. Train L2 Loss :  0.010089967638254165  Rel. Test L2 Loss :  0.011522127017378807  Test L2 Loss :  0.009521007165312767  Time :  9.83029580116272  L:  [4.0, 4.0]
Epoch :  226  Rel. Train L2 Loss :  0.009903950929641723  Rel. Test L2 Loss :  0.011283730044960976  Test L2 Loss :  0.00932621031999588  Time :  9.832913875579834  L:  [4.0, 4.0]
Epoch :  227  Rel. Train L2 Loss :  0.00916940912604332  Rel. Test L2 Loss :  0.01359776422381401  Test L2 Loss :  0.011232482641935349  Time :  9.82897424697876  L:  [4.0, 4.0]
Epoch :  228  Rel. Train L2 Loss :  0.010422777995467186  Rel. Test L2 Loss :  0.010217743515968323  Test L2 Loss :  0.008441350013017655  Time :  9.812745809555054  L:  [4.0, 4.0]
Epoch :  229  Rel. Train L2 Loss :  0.009634371623396873  Rel. Test L2 Loss :  0.0111194958537817  Test L2 Loss :  0.009186421930789947  Time :  9.805091142654419  L:  [4.0, 4.0]
Epoch :  230  Rel. Train L2 Loss :  0.009903332024812698  Rel. Test L2 Loss :  0.009419667795300483  Test L2 Loss :  0.007784667983651161  Time :  9.804712057113647  L:  [4.0, 4.0]
Epoch :  231  Rel. Train L2 Loss :  0.009862202420830727  Rel. Test L2 Loss :  0.010248335152864456  Test L2 Loss :  0.00846713311970234  Time :  9.795584201812744  L:  [4.0, 4.0]
Epoch :  232  Rel. Train L2 Loss :  0.009582584902644157  Rel. Test L2 Loss :  0.009564404115080834  Test L2 Loss :  0.007903509736061097  Time :  9.78355097770691  L:  [4.0, 4.0]
Epoch :  233  Rel. Train L2 Loss :  0.009628011658787728  Rel. Test L2 Loss :  0.009149656668305396  Test L2 Loss :  0.007560059726238251  Time :  9.781465768814087  L:  [4.0, 4.0]
Epoch :  234  Rel. Train L2 Loss :  0.009980483680963517  Rel. Test L2 Loss :  0.009239164888858795  Test L2 Loss :  0.007635293379426002  Time :  9.779628992080688  L:  [4.0, 4.0]
Epoch :  235  Rel. Train L2 Loss :  0.009545613884925842  Rel. Test L2 Loss :  0.010221448168158532  Test L2 Loss :  0.008443092554807663  Time :  9.776557207107544  L:  [4.0, 4.0]
Epoch :  236  Rel. Train L2 Loss :  0.010355715930461884  Rel. Test L2 Loss :  0.010323805809020996  Test L2 Loss :  0.008537045642733575  Time :  9.78197956085205  L:  [4.0, 4.0]
Epoch :  237  Rel. Train L2 Loss :  0.009636760026216508  Rel. Test L2 Loss :  0.010490079373121262  Test L2 Loss :  0.00867356039583683  Time :  9.797199726104736  L:  [4.0, 4.0]
Epoch :  238  Rel. Train L2 Loss :  0.009433494120836258  Rel. Test L2 Loss :  0.009630606025457383  Test L2 Loss :  0.007961590588092805  Time :  9.794007301330566  L:  [4.0, 4.0]
Epoch :  239  Rel. Train L2 Loss :  0.00881799976527691  Rel. Test L2 Loss :  0.010616419091820716  Test L2 Loss :  0.008778084665536881  Time :  9.793140888214111  L:  [4.0, 4.0]
Epoch :  240  Rel. Train L2 Loss :  0.009750334843993187  Rel. Test L2 Loss :  0.010694907680153846  Test L2 Loss :  0.008837169110774994  Time :  9.790567874908447  L:  [4.0, 4.0]
Epoch :  241  Rel. Train L2 Loss :  0.009446865916252135  Rel. Test L2 Loss :  0.011554713100194932  Test L2 Loss :  0.009546704664826393  Time :  9.786008834838867  L:  [4.0, 4.0]
Epoch :  242  Rel. Train L2 Loss :  0.009186964869499206  Rel. Test L2 Loss :  0.009532715156674386  Test L2 Loss :  0.00787735641002655  Time :  9.794232368469238  L:  [4.0, 4.0]
Epoch :  243  Rel. Train L2 Loss :  0.009610811665654183  Rel. Test L2 Loss :  0.009825088307261467  Test L2 Loss :  0.008118178248405456  Time :  9.799113988876343  L:  [4.0, 4.0]
Epoch :  244  Rel. Train L2 Loss :  0.009438635692000388  Rel. Test L2 Loss :  0.010273943021893502  Test L2 Loss :  0.008486790284514427  Time :  9.803516149520874  L:  [4.0, 4.0]
Epoch :  245  Rel. Train L2 Loss :  0.008943071603775025  Rel. Test L2 Loss :  0.008740064650774003  Test L2 Loss :  0.0072208261489868164  Time :  9.81394338607788  L:  [4.0, 4.0]
Epoch :  246  Rel. Train L2 Loss :  0.00946848177909851  Rel. Test L2 Loss :  0.00913913443684578  Test L2 Loss :  0.007555128335952759  Time :  9.829324722290039  L:  [4.0, 4.0]
Epoch :  247  Rel. Train L2 Loss :  0.01045581927895546  Rel. Test L2 Loss :  0.012550807818770408  Test L2 Loss :  0.010375845655798912  Time :  9.83546257019043  L:  [4.0, 4.0]
Epoch :  248  Rel. Train L2 Loss :  0.010063905045390129  Rel. Test L2 Loss :  0.01130780354142189  Test L2 Loss :  0.009355997443199158  Time :  9.842742204666138  L:  [4.0, 4.0]
Epoch :  249  Rel. Train L2 Loss :  0.009061034500598907  Rel. Test L2 Loss :  0.008835310265421868  Test L2 Loss :  0.007302491441369057  Time :  9.853548526763916  L:  [4.0, 4.0]
Epoch :  250  Rel. Train L2 Loss :  0.00929501673579216  Rel. Test L2 Loss :  0.009540573433041573  Test L2 Loss :  0.007885664999485016  Time :  9.834110736846924  L:  [4.0, 4.0]
Epoch :  251  Rel. Train L2 Loss :  0.00884815987944603  Rel. Test L2 Loss :  0.010204052478075027  Test L2 Loss :  0.008439633399248123  Time :  9.800210237503052  L:  [4.0, 4.0]
Epoch :  252  Rel. Train L2 Loss :  0.00915382106602192  Rel. Test L2 Loss :  0.010390979424118995  Test L2 Loss :  0.008586367666721344  Time :  9.791411399841309  L:  [4.0, 4.0]
Epoch :  253  Rel. Train L2 Loss :  0.008548793971538543  Rel. Test L2 Loss :  0.009792289212346077  Test L2 Loss :  0.008093843832612038  Time :  9.783622980117798  L:  [4.0, 4.0]
Epoch :  254  Rel. Train L2 Loss :  0.008951925963163377  Rel. Test L2 Loss :  0.010356102883815766  Test L2 Loss :  0.00855876550078392  Time :  9.772794008255005  L:  [4.0, 4.0]
Epoch :  255  Rel. Train L2 Loss :  0.009182286500930786  Rel. Test L2 Loss :  0.01202257812023163  Test L2 Loss :  0.009943652749061584  Time :  9.763951063156128  L:  [4.0, 4.0]
Epoch :  256  Rel. Train L2 Loss :  0.010187665447592736  Rel. Test L2 Loss :  0.012685792073607444  Test L2 Loss :  0.010489616394042969  Time :  9.754647016525269  L:  [4.0, 4.0]
Epoch :  257  Rel. Train L2 Loss :  0.010169320568442344  Rel. Test L2 Loss :  0.009763636067509652  Test L2 Loss :  0.00806754969060421  Time :  9.75487232208252  L:  [4.0, 4.0]
Epoch :  258  Rel. Train L2 Loss :  0.009870042458176614  Rel. Test L2 Loss :  0.010597449392080308  Test L2 Loss :  0.008762024939060212  Time :  9.75576114654541  L:  [4.0, 4.0]
Epoch :  259  Rel. Train L2 Loss :  0.00938868387043476  Rel. Test L2 Loss :  0.009406728520989418  Test L2 Loss :  0.007774000689387321  Time :  9.763687372207642  L:  [4.0, 4.0]
Epoch :  260  Rel. Train L2 Loss :  0.008604479014873505  Rel. Test L2 Loss :  0.009165535867214202  Test L2 Loss :  0.007574198544025421  Time :  9.776115894317627  L:  [4.0, 4.0]
Epoch :  261  Rel. Train L2 Loss :  0.00860588540136814  Rel. Test L2 Loss :  0.009322802498936654  Test L2 Loss :  0.00770413190126419  Time :  9.784276962280273  L:  [4.0, 4.0]
Epoch :  262  Rel. Train L2 Loss :  0.008820157274603843  Rel. Test L2 Loss :  0.010873540714383125  Test L2 Loss :  0.008988277167081832  Time :  9.799621343612671  L:  [4.0, 4.0]
Epoch :  263  Rel. Train L2 Loss :  0.00896499165892601  Rel. Test L2 Loss :  0.010199458673596382  Test L2 Loss :  0.008428403437137603  Time :  9.810988187789917  L:  [4.0, 4.0]
Epoch :  264  Rel. Train L2 Loss :  0.008500374898314476  Rel. Test L2 Loss :  0.009020047336816788  Test L2 Loss :  0.007457933984696865  Time :  9.816407680511475  L:  [4.0, 4.0]
Epoch :  265  Rel. Train L2 Loss :  0.00847101764380932  Rel. Test L2 Loss :  0.009151992425322532  Test L2 Loss :  0.0075639962404966355  Time :  9.834986209869385  L:  [4.0, 4.0]
Epoch :  266  Rel. Train L2 Loss :  0.007955685339868068  Rel. Test L2 Loss :  0.008469581082463264  Test L2 Loss :  0.007000577710568905  Time :  9.84792709350586  L:  [4.0, 4.0]
Epoch :  267  Rel. Train L2 Loss :  0.008840218350291253  Rel. Test L2 Loss :  0.009735037311911584  Test L2 Loss :  0.008048292100429535  Time :  9.81545639038086  L:  [4.0, 4.0]
Epoch :  268  Rel. Train L2 Loss :  0.008879634842276574  Rel. Test L2 Loss :  0.00982943832874298  Test L2 Loss :  0.0081262918561697  Time :  9.809663534164429  L:  [4.0, 4.0]
Epoch :  269  Rel. Train L2 Loss :  0.009355765238404274  Rel. Test L2 Loss :  0.009748633205890655  Test L2 Loss :  0.008056352511048318  Time :  9.799738883972168  L:  [4.0, 4.0]
Epoch :  270  Rel. Train L2 Loss :  0.008657718151807785  Rel. Test L2 Loss :  0.009432771056890488  Test L2 Loss :  0.007801503390073777  Time :  9.795714616775513  L:  [4.0, 4.0]
Epoch :  271  Rel. Train L2 Loss :  0.008477882638573646  Rel. Test L2 Loss :  0.008965144008398056  Test L2 Loss :  0.007409350089728832  Time :  9.776902914047241  L:  [4.0, 4.0]
Epoch :  272  Rel. Train L2 Loss :  0.00845372287184  Rel. Test L2 Loss :  0.010206458568572998  Test L2 Loss :  0.008444679081439971  Time :  9.769282817840576  L:  [4.0, 4.0]
Epoch :  273  Rel. Train L2 Loss :  0.008453098177909851  Rel. Test L2 Loss :  0.009152950495481491  Test L2 Loss :  0.007562494203448296  Time :  9.76220440864563  L:  [4.0, 4.0]
Epoch :  274  Rel. Train L2 Loss :  0.008636887535452843  Rel. Test L2 Loss :  0.009471806511282922  Test L2 Loss :  0.007836063131690026  Time :  9.798576354980469  L:  [4.0, 4.0]
Epoch :  275  Rel. Train L2 Loss :  0.008083865076303482  Rel. Test L2 Loss :  0.008147310614585877  Test L2 Loss :  0.006734472140669823  Time :  9.80567979812622  L:  [4.0, 4.0]
Epoch :  276  Rel. Train L2 Loss :  0.008094886869192124  Rel. Test L2 Loss :  0.008919696211814881  Test L2 Loss :  0.007374439239501953  Time :  9.800066947937012  L:  [4.0, 4.0]
Epoch :  277  Rel. Train L2 Loss :  0.007823768615722657  Rel. Test L2 Loss :  0.008521138057112694  Test L2 Loss :  0.007046211659908295  Time :  9.775628566741943  L:  [4.0, 4.0]
Epoch :  278  Rel. Train L2 Loss :  0.008365547493100166  Rel. Test L2 Loss :  0.00849780447781086  Test L2 Loss :  0.007025505043566227  Time :  9.786080598831177  L:  [4.0, 4.0]
Epoch :  279  Rel. Train L2 Loss :  0.008938164457678794  Rel. Test L2 Loss :  0.009852152764797211  Test L2 Loss :  0.008140800669789314  Time :  9.800954341888428  L:  [4.0, 4.0]
Epoch :  280  Rel. Train L2 Loss :  0.008339828088879585  Rel. Test L2 Loss :  0.008992586508393288  Test L2 Loss :  0.007433396652340889  Time :  9.803664445877075  L:  [4.0, 4.0]
Epoch :  281  Rel. Train L2 Loss :  0.008447477295994758  Rel. Test L2 Loss :  0.008502668887376785  Test L2 Loss :  0.007026129812002182  Time :  9.81744122505188  L:  [4.0, 4.0]
Epoch :  282  Rel. Train L2 Loss :  0.008383083164691925  Rel. Test L2 Loss :  0.009261192381381988  Test L2 Loss :  0.007655987590551376  Time :  9.821583271026611  L:  [4.0, 4.0]
Epoch :  283  Rel. Train L2 Loss :  0.008317787364125253  Rel. Test L2 Loss :  0.008790384903550148  Test L2 Loss :  0.00726430457085371  Time :  9.817391633987427  L:  [4.0, 4.0]
Epoch :  284  Rel. Train L2 Loss :  0.008169770613312722  Rel. Test L2 Loss :  0.008656522333621979  Test L2 Loss :  0.00715445689857006  Time :  9.806635856628418  L:  [4.0, 4.0]
Epoch :  285  Rel. Train L2 Loss :  0.007969745203852654  Rel. Test L2 Loss :  0.009076326042413712  Test L2 Loss :  0.007503236904740334  Time :  9.796379804611206  L:  [4.0, 4.0]
Epoch :  286  Rel. Train L2 Loss :  0.008516690492630005  Rel. Test L2 Loss :  0.009061615392565727  Test L2 Loss :  0.00749329462647438  Time :  9.788286685943604  L:  [4.0, 4.0]
Epoch :  287  Rel. Train L2 Loss :  0.008721711486577988  Rel. Test L2 Loss :  0.008563295677304269  Test L2 Loss :  0.007079061195254326  Time :  9.780508279800415  L:  [4.0, 4.0]
Epoch :  288  Rel. Train L2 Loss :  0.008021435856819152  Rel. Test L2 Loss :  0.00924594022333622  Test L2 Loss :  0.0076439309120178225  Time :  9.77261209487915  L:  [4.0, 4.0]
Epoch :  289  Rel. Train L2 Loss :  0.008192693188786506  Rel. Test L2 Loss :  0.009307447224855422  Test L2 Loss :  0.007689042389392853  Time :  9.766104221343994  L:  [4.0, 4.0]
Epoch :  290  Rel. Train L2 Loss :  0.008281929388642311  Rel. Test L2 Loss :  0.008797061294317246  Test L2 Loss :  0.007271362692117691  Time :  9.763058423995972  L:  [4.0, 4.0]
Epoch :  291  Rel. Train L2 Loss :  0.008410259790718555  Rel. Test L2 Loss :  0.009165346622467041  Test L2 Loss :  0.007576587647199631  Time :  9.762020587921143  L:  [4.0, 4.0]
Epoch :  292  Rel. Train L2 Loss :  0.00804639644920826  Rel. Test L2 Loss :  0.008576335310935974  Test L2 Loss :  0.007086022272706032  Time :  9.759610891342163  L:  [4.0, 4.0]
Epoch :  293  Rel. Train L2 Loss :  0.00771955318748951  Rel. Test L2 Loss :  0.008549814373254775  Test L2 Loss :  0.007068309672176838  Time :  9.766376733779907  L:  [4.0, 4.0]
Epoch :  294  Rel. Train L2 Loss :  0.0079046271443367  Rel. Test L2 Loss :  0.008359155282378197  Test L2 Loss :  0.006909747198224067  Time :  9.77277135848999  L:  [4.0, 4.0]
Epoch :  295  Rel. Train L2 Loss :  0.007883646711707114  Rel. Test L2 Loss :  0.00879797875881195  Test L2 Loss :  0.007271889373660087  Time :  9.782719612121582  L:  [4.0, 4.0]
Epoch :  296  Rel. Train L2 Loss :  0.008097816914319992  Rel. Test L2 Loss :  0.009190621301531792  Test L2 Loss :  0.007597258388996124  Time :  9.80104684829712  L:  [4.0, 4.0]
Epoch :  297  Rel. Train L2 Loss :  0.007996719017624856  Rel. Test L2 Loss :  0.00845318429172039  Test L2 Loss :  0.00698754046112299  Time :  9.806646823883057  L:  [4.0, 4.0]
Epoch :  298  Rel. Train L2 Loss :  0.008325226925313473  Rel. Test L2 Loss :  0.010353071242570877  Test L2 Loss :  0.008562052100896835  Time :  9.818791151046753  L:  [4.0, 4.0]
Epoch :  299  Rel. Train L2 Loss :  0.00793935763835907  Rel. Test L2 Loss :  0.009527731835842133  Test L2 Loss :  0.007874665409326553  Time :  9.817012786865234  L:  [4.0, 4.0]
Epoch :  300  Rel. Train L2 Loss :  0.008543826207518578  Rel. Test L2 Loss :  0.009355075880885124  Test L2 Loss :  0.0077348025143146515  Time :  9.809730768203735  L:  [4.0, 4.0]
Epoch :  301  Rel. Train L2 Loss :  0.007673699736595154  Rel. Test L2 Loss :  0.008917275667190552  Test L2 Loss :  0.007370320856571197  Time :  9.807673454284668  L:  [4.0, 4.0]
Epoch :  302  Rel. Train L2 Loss :  0.007820392921566964  Rel. Test L2 Loss :  0.009951767697930335  Test L2 Loss :  0.00823346622288227  Time :  9.802972078323364  L:  [4.0, 4.0]
Epoch :  303  Rel. Train L2 Loss :  0.00741302952170372  Rel. Test L2 Loss :  0.008531639277935028  Test L2 Loss :  0.007049847468733788  Time :  9.793516874313354  L:  [4.0, 4.0]
Epoch :  304  Rel. Train L2 Loss :  0.007851808995008468  Rel. Test L2 Loss :  0.008334108814597129  Test L2 Loss :  0.006888714246451854  Time :  9.78171706199646  L:  [4.0, 4.0]
Epoch :  305  Rel. Train L2 Loss :  0.007536672458052635  Rel. Test L2 Loss :  0.008570614829659462  Test L2 Loss :  0.007086200639605522  Time :  9.779330253601074  L:  [4.0, 4.0]
Epoch :  306  Rel. Train L2 Loss :  0.007112092390656471  Rel. Test L2 Loss :  0.008042243421077728  Test L2 Loss :  0.006646483056247234  Time :  9.77325177192688  L:  [4.0, 4.0]
Epoch :  307  Rel. Train L2 Loss :  0.0075580251291394234  Rel. Test L2 Loss :  0.008419739082455635  Test L2 Loss :  0.006960139162838459  Time :  9.784092426300049  L:  [4.0, 4.0]
Epoch :  308  Rel. Train L2 Loss :  0.008059829622507095  Rel. Test L2 Loss :  0.008173067048192024  Test L2 Loss :  0.006754664033651352  Time :  9.764474630355835  L:  [4.0, 4.0]
Epoch :  309  Rel. Train L2 Loss :  0.008112946987152099  Rel. Test L2 Loss :  0.009314665645360947  Test L2 Loss :  0.007704637944698334  Time :  9.761157989501953  L:  [4.0, 4.0]
Epoch :  310  Rel. Train L2 Loss :  0.007324906378984451  Rel. Test L2 Loss :  0.00885634757578373  Test L2 Loss :  0.007322001010179519  Time :  9.768178701400757  L:  [4.0, 4.0]
Epoch :  311  Rel. Train L2 Loss :  0.007372585110366345  Rel. Test L2 Loss :  0.008804678842425346  Test L2 Loss :  0.007278217002749443  Time :  9.764179468154907  L:  [4.0, 4.0]
Epoch :  312  Rel. Train L2 Loss :  0.007409174732863903  Rel. Test L2 Loss :  0.008565190657973289  Test L2 Loss :  0.007082685977220535  Time :  9.768139362335205  L:  [4.0, 4.0]
Epoch :  313  Rel. Train L2 Loss :  0.007554994456470013  Rel. Test L2 Loss :  0.008435455709695816  Test L2 Loss :  0.006974085755646228  Time :  9.78208327293396  L:  [4.0, 4.0]
Epoch :  314  Rel. Train L2 Loss :  0.007340196818113327  Rel. Test L2 Loss :  0.008079678565263749  Test L2 Loss :  0.006679455675184727  Time :  9.790792226791382  L:  [4.0, 4.0]
Epoch :  315  Rel. Train L2 Loss :  0.0073517681956291195  Rel. Test L2 Loss :  0.007816345915198326  Test L2 Loss :  0.00646228052675724  Time :  9.78616976737976  L:  [4.0, 4.0]
Epoch :  316  Rel. Train L2 Loss :  0.0077118570730090145  Rel. Test L2 Loss :  0.008455263674259186  Test L2 Loss :  0.006988942362368107  Time :  9.793582916259766  L:  [4.0, 4.0]
Epoch :  317  Rel. Train L2 Loss :  0.007308419682085514  Rel. Test L2 Loss :  0.008436126559972763  Test L2 Loss :  0.006974667757749558  Time :  9.799290895462036  L:  [4.0, 4.0]
Epoch :  318  Rel. Train L2 Loss :  0.007768156297504902  Rel. Test L2 Loss :  0.008194802552461624  Test L2 Loss :  0.0067728453129529955  Time :  9.806752920150757  L:  [4.0, 4.0]
Epoch :  319  Rel. Train L2 Loss :  0.007594868361949921  Rel. Test L2 Loss :  0.007944369614124298  Test L2 Loss :  0.006566346101462841  Time :  9.806139469146729  L:  [4.0, 4.0]
Epoch :  320  Rel. Train L2 Loss :  0.0074810427278280255  Rel. Test L2 Loss :  0.008408185988664628  Test L2 Loss :  0.006950076967477799  Time :  9.804264307022095  L:  [4.0, 4.0]
Epoch :  321  Rel. Train L2 Loss :  0.007500148490071297  Rel. Test L2 Loss :  0.007862045466899871  Test L2 Loss :  0.006497755423188209  Time :  9.799624681472778  L:  [4.0, 4.0]
Epoch :  322  Rel. Train L2 Loss :  0.007220427855849266  Rel. Test L2 Loss :  0.008138764202594757  Test L2 Loss :  0.006730437651276589  Time :  9.793458223342896  L:  [4.0, 4.0]
Epoch :  323  Rel. Train L2 Loss :  0.006681080974638462  Rel. Test L2 Loss :  0.009400869086384774  Test L2 Loss :  0.007778770551085472  Time :  9.78521203994751  L:  [4.0, 4.0]
Epoch :  324  Rel. Train L2 Loss :  0.007165754020214081  Rel. Test L2 Loss :  0.007845542058348656  Test L2 Loss :  0.006485588140785694  Time :  9.776684761047363  L:  [4.0, 4.0]
Epoch :  325  Rel. Train L2 Loss :  0.007216102764010429  Rel. Test L2 Loss :  0.008879620730876923  Test L2 Loss :  0.007339163310825824  Time :  9.773913145065308  L:  [4.0, 4.0]
Epoch :  326  Rel. Train L2 Loss :  0.007043276809155941  Rel. Test L2 Loss :  0.007973118200898171  Test L2 Loss :  0.006589580178260803  Time :  9.769487619400024  L:  [4.0, 4.0]
Epoch :  327  Rel. Train L2 Loss :  0.007631130173802376  Rel. Test L2 Loss :  0.00932341732084751  Test L2 Loss :  0.0077064170688390735  Time :  9.766547918319702  L:  [4.0, 4.0]
Epoch :  328  Rel. Train L2 Loss :  0.007282191164791584  Rel. Test L2 Loss :  0.008200935944914818  Test L2 Loss :  0.006781941950321197  Time :  9.763954162597656  L:  [4.0, 4.0]
Epoch :  329  Rel. Train L2 Loss :  0.007001155659556389  Rel. Test L2 Loss :  0.008123106881976127  Test L2 Loss :  0.006716184876859188  Time :  9.764814376831055  L:  [4.0, 4.0]
Epoch :  330  Rel. Train L2 Loss :  0.006804593414068222  Rel. Test L2 Loss :  0.008052703812718392  Test L2 Loss :  0.006656263656914234  Time :  9.762152194976807  L:  [4.0, 4.0]
Epoch :  331  Rel. Train L2 Loss :  0.007109798856079578  Rel. Test L2 Loss :  0.007844543531537056  Test L2 Loss :  0.006483245491981506  Time :  9.762919664382935  L:  [4.0, 4.0]
Epoch :  332  Rel. Train L2 Loss :  0.0070634172335267064  Rel. Test L2 Loss :  0.008014080822467804  Test L2 Loss :  0.0066239402815699575  Time :  9.769246339797974  L:  [4.0, 4.0]
Epoch :  333  Rel. Train L2 Loss :  0.007023467421531677  Rel. Test L2 Loss :  0.00826723575592041  Test L2 Loss :  0.0068336639925837515  Time :  9.776836395263672  L:  [4.0, 4.0]
Epoch :  334  Rel. Train L2 Loss :  0.006848619297146797  Rel. Test L2 Loss :  0.008649304434657097  Test L2 Loss :  0.007150820903480053  Time :  9.789865493774414  L:  [4.0, 4.0]
Epoch :  335  Rel. Train L2 Loss :  0.007486795619130134  Rel. Test L2 Loss :  0.010016460940241813  Test L2 Loss :  0.008292080610990524  Time :  9.79535698890686  L:  [4.0, 4.0]
Epoch :  336  Rel. Train L2 Loss :  0.006933867767453194  Rel. Test L2 Loss :  0.008024246990680694  Test L2 Loss :  0.006633074842393398  Time :  9.800585508346558  L:  [4.0, 4.0]
Epoch :  337  Rel. Train L2 Loss :  0.00728550012409687  Rel. Test L2 Loss :  0.007822901085019112  Test L2 Loss :  0.0064677843078970905  Time :  9.808716297149658  L:  [4.0, 4.0]
Epoch :  338  Rel. Train L2 Loss :  0.007108877941966057  Rel. Test L2 Loss :  0.008250748291611671  Test L2 Loss :  0.006822989471256733  Time :  9.804523944854736  L:  [4.0, 4.0]
Epoch :  339  Rel. Train L2 Loss :  0.0069311120361089705  Rel. Test L2 Loss :  0.007820024341344833  Test L2 Loss :  0.006463852412998676  Time :  9.802971363067627  L:  [4.0, 4.0]
Epoch :  340  Rel. Train L2 Loss :  0.006964673139154911  Rel. Test L2 Loss :  0.007857686281204224  Test L2 Loss :  0.0064958672970533374  Time :  9.796377420425415  L:  [4.0, 4.0]
Epoch :  341  Rel. Train L2 Loss :  0.006846189759671688  Rel. Test L2 Loss :  0.007586438953876495  Test L2 Loss :  0.006269982904195785  Time :  9.79570484161377  L:  [4.0, 4.0]
Epoch :  342  Rel. Train L2 Loss :  0.006452639497816563  Rel. Test L2 Loss :  0.007896201759576798  Test L2 Loss :  0.006526546217501163  Time :  9.782517194747925  L:  [4.0, 4.0]
Epoch :  343  Rel. Train L2 Loss :  0.00714540857821703  Rel. Test L2 Loss :  0.007593706920742988  Test L2 Loss :  0.00627638578414917  Time :  9.774946689605713  L:  [4.0, 4.0]
Epoch :  344  Rel. Train L2 Loss :  0.00705562099814415  Rel. Test L2 Loss :  0.00796049766242504  Test L2 Loss :  0.006581763029098511  Time :  9.774166107177734  L:  [4.0, 4.0]
Epoch :  345  Rel. Train L2 Loss :  0.006820195749402046  Rel. Test L2 Loss :  0.007399440929293633  Test L2 Loss :  0.006117198951542378  Time :  9.770193338394165  L:  [4.0, 4.0]
Epoch :  346  Rel. Train L2 Loss :  0.00652740566432476  Rel. Test L2 Loss :  0.0075164417922496795  Test L2 Loss :  0.006213490702211857  Time :  9.768200159072876  L:  [4.0, 4.0]
Epoch :  347  Rel. Train L2 Loss :  0.006430938251316547  Rel. Test L2 Loss :  0.007791702896356583  Test L2 Loss :  0.006442976482212544  Time :  9.777733564376831  L:  [4.0, 4.0]
Epoch :  348  Rel. Train L2 Loss :  0.006317122481763363  Rel. Test L2 Loss :  0.00775088794529438  Test L2 Loss :  0.006406650617718696  Time :  9.764595746994019  L:  [4.0, 4.0]
Epoch :  349  Rel. Train L2 Loss :  0.006703475967049599  Rel. Test L2 Loss :  0.007900962084531784  Test L2 Loss :  0.006534292660653591  Time :  9.768455505371094  L:  [4.0, 4.0]
Epoch :  350  Rel. Train L2 Loss :  0.006384100571274758  Rel. Test L2 Loss :  0.007437354810535908  Test L2 Loss :  0.006149243600666523  Time :  9.772271394729614  L:  [4.0, 4.0]
Epoch :  351  Rel. Train L2 Loss :  0.006481764420866966  Rel. Test L2 Loss :  0.008009353652596474  Test L2 Loss :  0.006622199416160584  Time :  9.781315326690674  L:  [4.0, 4.0]
Epoch :  352  Rel. Train L2 Loss :  0.00630414142459631  Rel. Test L2 Loss :  0.007511022388935089  Test L2 Loss :  0.00620948389172554  Time :  9.789421796798706  L:  [4.0, 4.0]
Epoch :  353  Rel. Train L2 Loss :  0.006482877664268017  Rel. Test L2 Loss :  0.007647744715213776  Test L2 Loss :  0.006322246007621288  Time :  9.804170370101929  L:  [4.0, 4.0]
Epoch :  354  Rel. Train L2 Loss :  0.006728552080690861  Rel. Test L2 Loss :  0.008663267493247986  Test L2 Loss :  0.007165503911674023  Time :  9.807396173477173  L:  [4.0, 4.0]
Epoch :  355  Rel. Train L2 Loss :  0.006538620844483376  Rel. Test L2 Loss :  0.009155267030000686  Test L2 Loss :  0.007570524290204048  Time :  9.80951738357544  L:  [4.0, 4.0]
Epoch :  356  Rel. Train L2 Loss :  0.006631364993751049  Rel. Test L2 Loss :  0.007892620414495469  Test L2 Loss :  0.006526025906205177  Time :  9.807177782058716  L:  [4.0, 4.0]
Epoch :  357  Rel. Train L2 Loss :  0.006385529391467571  Rel. Test L2 Loss :  0.007572219520807266  Test L2 Loss :  0.0062597571685910226  Time :  9.803494453430176  L:  [4.0, 4.0]
Epoch :  358  Rel. Train L2 Loss :  0.006709111653268337  Rel. Test L2 Loss :  0.007548730298876763  Test L2 Loss :  0.006240668892860413  Time :  9.792506217956543  L:  [4.0, 4.0]
Epoch :  359  Rel. Train L2 Loss :  0.006472138315439224  Rel. Test L2 Loss :  0.007583505138754844  Test L2 Loss :  0.006270308792591095  Time :  9.788082838058472  L:  [4.0, 4.0]
Epoch :  360  Rel. Train L2 Loss :  0.006414326950907707  Rel. Test L2 Loss :  0.0075344667583703995  Test L2 Loss :  0.006229854933917522  Time :  9.778080224990845  L:  [4.0, 4.0]
Epoch :  361  Rel. Train L2 Loss :  0.006226779937744141  Rel. Test L2 Loss :  0.00791607730090618  Test L2 Loss :  0.006544145569205284  Time :  9.771169662475586  L:  [4.0, 4.0]
Epoch :  362  Rel. Train L2 Loss :  0.006023593574762344  Rel. Test L2 Loss :  0.007750267460942269  Test L2 Loss :  0.0064108507335186  Time :  9.764928340911865  L:  [4.0, 4.0]
Epoch :  363  Rel. Train L2 Loss :  0.006451668784022331  Rel. Test L2 Loss :  0.0076037108525633815  Test L2 Loss :  0.00628601398319006  Time :  9.765877962112427  L:  [4.0, 4.0]
Epoch :  364  Rel. Train L2 Loss :  0.006264438442885875  Rel. Test L2 Loss :  0.008050902783870696  Test L2 Loss :  0.006657670587301255  Time :  9.901201009750366  L:  [4.0, 4.0]
Epoch :  365  Rel. Train L2 Loss :  0.006582336515188217  Rel. Test L2 Loss :  0.00840493768453598  Test L2 Loss :  0.006950913183391094  Time :  9.797542333602905  L:  [4.0, 4.0]
Epoch :  366  Rel. Train L2 Loss :  0.006396436542272568  Rel. Test L2 Loss :  0.007996269017457962  Test L2 Loss :  0.0066132573783397675  Time :  9.793002128601074  L:  [4.0, 4.0]
Epoch :  367  Rel. Train L2 Loss :  0.00612320552021265  Rel. Test L2 Loss :  0.007524302005767822  Test L2 Loss :  0.0062209563329815865  Time :  9.795279264450073  L:  [4.0, 4.0]
Epoch :  368  Rel. Train L2 Loss :  0.006205758787691593  Rel. Test L2 Loss :  0.007515198960900307  Test L2 Loss :  0.006213870495557785  Time :  9.803493022918701  L:  [4.0, 4.0]
Epoch :  369  Rel. Train L2 Loss :  0.0063912937119603155  Rel. Test L2 Loss :  0.007545519545674324  Test L2 Loss :  0.0062371110171079635  Time :  9.811505556106567  L:  [4.0, 4.0]
Epoch :  370  Rel. Train L2 Loss :  0.006010641679167748  Rel. Test L2 Loss :  0.00724810678511858  Test L2 Loss :  0.0059926842898130415  Time :  9.813478708267212  L:  [4.0, 4.0]
Epoch :  371  Rel. Train L2 Loss :  0.006066907480359077  Rel. Test L2 Loss :  0.007153833918273449  Test L2 Loss :  0.0059140556305646895  Time :  9.813222885131836  L:  [4.0, 4.0]
Epoch :  372  Rel. Train L2 Loss :  0.006138197496533394  Rel. Test L2 Loss :  0.008128329515457153  Test L2 Loss :  0.006722175404429436  Time :  9.812008619308472  L:  [4.0, 4.0]
Epoch :  373  Rel. Train L2 Loss :  0.006241154909133911  Rel. Test L2 Loss :  0.007621642053127289  Test L2 Loss :  0.006302919536828995  Time :  9.803237438201904  L:  [4.0, 4.0]
Epoch :  374  Rel. Train L2 Loss :  0.005957320772111416  Rel. Test L2 Loss :  0.007225136756896972  Test L2 Loss :  0.005973921455442906  Time :  9.802668571472168  L:  [4.0, 4.0]
Epoch :  375  Rel. Train L2 Loss :  0.005925687178969383  Rel. Test L2 Loss :  0.007401436790823937  Test L2 Loss :  0.006118065267801284  Time :  9.780777215957642  L:  [4.0, 4.0]
Epoch :  376  Rel. Train L2 Loss :  0.005844847559928894  Rel. Test L2 Loss :  0.007400514855980873  Test L2 Loss :  0.006118305809795856  Time :  9.776365756988525  L:  [4.0, 4.0]
Epoch :  377  Rel. Train L2 Loss :  0.006339517042040825  Rel. Test L2 Loss :  0.007660365998744965  Test L2 Loss :  0.0063342563807964325  Time :  9.771684408187866  L:  [4.0, 4.0]
Epoch :  378  Rel. Train L2 Loss :  0.0060309266522526744  Rel. Test L2 Loss :  0.007108228653669358  Test L2 Loss :  0.005877016671001911  Time :  9.767343044281006  L:  [4.0, 4.0]
Epoch :  379  Rel. Train L2 Loss :  0.005913559496402741  Rel. Test L2 Loss :  0.007222920767962933  Test L2 Loss :  0.005972256921231747  Time :  9.765874147415161  L:  [4.0, 4.0]
Epoch :  380  Rel. Train L2 Loss :  0.005678125008940696  Rel. Test L2 Loss :  0.00725643377751112  Test L2 Loss :  0.005999280884861946  Time :  9.770533323287964  L:  [4.0, 4.0]
Epoch :  381  Rel. Train L2 Loss :  0.005874623313546181  Rel. Test L2 Loss :  0.007429222241044044  Test L2 Loss :  0.006143784448504448  Time :  9.77583932876587  L:  [4.0, 4.0]
Epoch :  382  Rel. Train L2 Loss :  0.006137621037662029  Rel. Test L2 Loss :  0.00724761813879013  Test L2 Loss :  0.005992314741015434  Time :  9.7869291305542  L:  [4.0, 4.0]
Epoch :  383  Rel. Train L2 Loss :  0.005813034728169441  Rel. Test L2 Loss :  0.00720634926110506  Test L2 Loss :  0.005958577692508698  Time :  9.790987014770508  L:  [4.0, 4.0]
Epoch :  384  Rel. Train L2 Loss :  0.005894059963524342  Rel. Test L2 Loss :  0.007768397331237793  Test L2 Loss :  0.006421230807900429  Time :  9.797191619873047  L:  [4.0, 4.0]
Epoch :  385  Rel. Train L2 Loss :  0.005949131794273853  Rel. Test L2 Loss :  0.0071215924993157384  Test L2 Loss :  0.005888579711318016  Time :  9.800610542297363  L:  [4.0, 4.0]
Epoch :  386  Rel. Train L2 Loss :  0.0058216373175382615  Rel. Test L2 Loss :  0.007401725798845291  Test L2 Loss :  0.0061211085692048075  Time :  9.813577890396118  L:  [4.0, 4.0]
Epoch :  387  Rel. Train L2 Loss :  0.005711168065667152  Rel. Test L2 Loss :  0.0070023187249898915  Test L2 Loss :  0.0057893025875091556  Time :  9.80444860458374  L:  [4.0, 4.0]
Epoch :  388  Rel. Train L2 Loss :  0.00561220259219408  Rel. Test L2 Loss :  0.007134480029344558  Test L2 Loss :  0.005898084305226803  Time :  9.804129123687744  L:  [4.0, 4.0]
Epoch :  389  Rel. Train L2 Loss :  0.005636707805097103  Rel. Test L2 Loss :  0.007376795113086701  Test L2 Loss :  0.006100933738052845  Time :  9.795632362365723  L:  [4.0, 4.0]
Epoch :  390  Rel. Train L2 Loss :  0.0058889431208372115  Rel. Test L2 Loss :  0.007357382625341416  Test L2 Loss :  0.006082255244255066  Time :  9.801301717758179  L:  [4.0, 4.0]
Epoch :  391  Rel. Train L2 Loss :  0.005762935668230057  Rel. Test L2 Loss :  0.0070165076106786725  Test L2 Loss :  0.005801651515066624  Time :  9.786492586135864  L:  [4.0, 4.0]
Epoch :  392  Rel. Train L2 Loss :  0.005833397775888443  Rel. Test L2 Loss :  0.0072249239683151245  Test L2 Loss :  0.005972864627838134  Time :  9.775866985321045  L:  [4.0, 4.0]
Epoch :  393  Rel. Train L2 Loss :  0.005699220098555088  Rel. Test L2 Loss :  0.007064302153885364  Test L2 Loss :  0.0058403159305453305  Time :  9.771031856536865  L:  [4.0, 4.0]
Epoch :  394  Rel. Train L2 Loss :  0.00550875148922205  Rel. Test L2 Loss :  0.007039017006754875  Test L2 Loss :  0.005820380859076977  Time :  9.769593238830566  L:  [4.0, 4.0]
Epoch :  395  Rel. Train L2 Loss :  0.005502847172319889  Rel. Test L2 Loss :  0.007057356648147106  Test L2 Loss :  0.005834725871682167  Time :  9.767311811447144  L:  [4.0, 4.0]
Epoch :  396  Rel. Train L2 Loss :  0.005722137838602066  Rel. Test L2 Loss :  0.007392465546727181  Test L2 Loss :  0.00611231591552496  Time :  9.767436504364014  L:  [4.0, 4.0]
Epoch :  397  Rel. Train L2 Loss :  0.005574157878756523  Rel. Test L2 Loss :  0.007035664021968841  Test L2 Loss :  0.005817377530038356  Time :  9.776604413986206  L:  [4.0, 4.0]
Epoch :  398  Rel. Train L2 Loss :  0.005508042432367802  Rel. Test L2 Loss :  0.007117212861776352  Test L2 Loss :  0.005884101837873459  Time :  9.779001951217651  L:  [4.0, 4.0]
Epoch :  399  Rel. Train L2 Loss :  0.005453857712447643  Rel. Test L2 Loss :  0.007036564871668816  Test L2 Loss :  0.0058181190863251684  Time :  10.04299545288086  L:  [4.0, 4.0]
Epoch :  400  Rel. Train L2 Loss :  0.005510851867496967  Rel. Test L2 Loss :  0.007265704683959484  Test L2 Loss :  0.006008229777216911  Time :  9.7961745262146  L:  [4.0, 4.0]
Epoch :  401  Rel. Train L2 Loss :  0.005454491563141346  Rel. Test L2 Loss :  0.007108726426959038  Test L2 Loss :  0.0058785778656601905  Time :  9.793325901031494  L:  [4.0, 4.0]
Epoch :  402  Rel. Train L2 Loss :  0.005532181940972805  Rel. Test L2 Loss :  0.0071395979076623916  Test L2 Loss :  0.005904504805803299  Time :  9.795462846755981  L:  [4.0, 4.0]
Epoch :  403  Rel. Train L2 Loss :  0.0055197122246027  Rel. Test L2 Loss :  0.007041130363941193  Test L2 Loss :  0.005822634138166904  Time :  9.798141241073608  L:  [4.0, 4.0]
Epoch :  404  Rel. Train L2 Loss :  0.005452094063162803  Rel. Test L2 Loss :  0.0071206892654299735  Test L2 Loss :  0.005888397693634033  Time :  9.804907321929932  L:  [4.0, 4.0]
Epoch :  405  Rel. Train L2 Loss :  0.005398192830383778  Rel. Test L2 Loss :  0.00692306861281395  Test L2 Loss :  0.00572465255856514  Time :  9.808541059494019  L:  [4.0, 4.0]
Epoch :  406  Rel. Train L2 Loss :  0.005596646599471569  Rel. Test L2 Loss :  0.007479191944003105  Test L2 Loss :  0.006184391342103481  Time :  9.809566020965576  L:  [4.0, 4.0]
Epoch :  407  Rel. Train L2 Loss :  0.005478815644979477  Rel. Test L2 Loss :  0.0069290874525904655  Test L2 Loss :  0.005729905068874359  Time :  9.801066398620605  L:  [4.0, 4.0]
Epoch :  408  Rel. Train L2 Loss :  0.0053353989124298095  Rel. Test L2 Loss :  0.0071474966779351235  Test L2 Loss :  0.00591036569327116  Time :  9.792654991149902  L:  [4.0, 4.0]
Epoch :  409  Rel. Train L2 Loss :  0.00541199753433466  Rel. Test L2 Loss :  0.006984454691410065  Test L2 Loss :  0.00577583096921444  Time :  9.784804582595825  L:  [4.0, 4.0]
Epoch :  410  Rel. Train L2 Loss :  0.005381444826722145  Rel. Test L2 Loss :  0.00690195869654417  Test L2 Loss :  0.005707650482654572  Time :  9.780918598175049  L:  [4.0, 4.0]
Epoch :  411  Rel. Train L2 Loss :  0.005394905909895897  Rel. Test L2 Loss :  0.007044079378247261  Test L2 Loss :  0.005824664384126663  Time :  9.776085615158081  L:  [4.0, 4.0]
Epoch :  412  Rel. Train L2 Loss :  0.00553864673525095  Rel. Test L2 Loss :  0.006964040473103523  Test L2 Loss :  0.0057580555230379105  Time :  9.76924467086792  L:  [4.0, 4.0]
Epoch :  413  Rel. Train L2 Loss :  0.0053147804141044615  Rel. Test L2 Loss :  0.006852408722043037  Test L2 Loss :  0.005665668658912182  Time :  9.767097473144531  L:  [4.0, 4.0]
Epoch :  414  Rel. Train L2 Loss :  0.005285694696009159  Rel. Test L2 Loss :  0.006772874183952809  Test L2 Loss :  0.005600057430565357  Time :  9.76937222480774  L:  [4.0, 4.0]
Epoch :  415  Rel. Train L2 Loss :  0.005340430222451687  Rel. Test L2 Loss :  0.006928307004272938  Test L2 Loss :  0.005728614963591099  Time :  9.774038553237915  L:  [4.0, 4.0]
Epoch :  416  Rel. Train L2 Loss :  0.005390625342726708  Rel. Test L2 Loss :  0.0069409339502453805  Test L2 Loss :  0.005739232711493969  Time :  9.78251576423645  L:  [4.0, 4.0]
Epoch :  417  Rel. Train L2 Loss :  0.005412277169525624  Rel. Test L2 Loss :  0.006880089230835437  Test L2 Loss :  0.0056888048350811  Time :  9.792481422424316  L:  [4.0, 4.0]
Epoch :  418  Rel. Train L2 Loss :  0.0052900688350200654  Rel. Test L2 Loss :  0.0070900279283523555  Test L2 Loss :  0.005862920247018337  Time :  9.798073530197144  L:  [4.0, 4.0]
Epoch :  419  Rel. Train L2 Loss :  0.005396171428263187  Rel. Test L2 Loss :  0.006874175183475018  Test L2 Loss :  0.005683127492666244  Time :  9.802428483963013  L:  [4.0, 4.0]
Epoch :  420  Rel. Train L2 Loss :  0.005312561064958573  Rel. Test L2 Loss :  0.00677901953458786  Test L2 Loss :  0.005605483390390873  Time :  9.809600830078125  L:  [4.0, 4.0]
Epoch :  421  Rel. Train L2 Loss :  0.005298099160194397  Rel. Test L2 Loss :  0.00690377339720726  Test L2 Loss :  0.005708982199430466  Time :  9.804700374603271  L:  [4.0, 4.0]
Epoch :  422  Rel. Train L2 Loss :  0.005290306828916073  Rel. Test L2 Loss :  0.006754509396851063  Test L2 Loss :  0.00558526236563921  Time :  9.80338978767395  L:  [4.0, 4.0]
Epoch :  423  Rel. Train L2 Loss :  0.005238736525177956  Rel. Test L2 Loss :  0.006792888008058071  Test L2 Loss :  0.0056164427101612095  Time :  9.799803018569946  L:  [4.0, 4.0]
Epoch :  424  Rel. Train L2 Loss :  0.005226459413766861  Rel. Test L2 Loss :  0.006854841113090515  Test L2 Loss :  0.005668015703558921  Time :  9.78866720199585  L:  [4.0, 4.0]
Epoch :  425  Rel. Train L2 Loss :  0.005235569775104523  Rel. Test L2 Loss :  0.0068594907596707345  Test L2 Loss :  0.00567240510135889  Time :  9.78340196609497  L:  [4.0, 4.0]
Epoch :  426  Rel. Train L2 Loss :  0.0052810958474874495  Rel. Test L2 Loss :  0.006813294216990471  Test L2 Loss :  0.005633794516324997  Time :  9.779589653015137  L:  [4.0, 4.0]
Epoch :  427  Rel. Train L2 Loss :  0.005255859635770321  Rel. Test L2 Loss :  0.006767382025718689  Test L2 Loss :  0.005596001520752907  Time :  9.777881383895874  L:  [4.0, 4.0]
Epoch :  428  Rel. Train L2 Loss :  0.005212008729577064  Rel. Test L2 Loss :  0.006823278963565826  Test L2 Loss :  0.005642442107200623  Time :  9.773854494094849  L:  [4.0, 4.0]
Epoch :  429  Rel. Train L2 Loss :  0.005271366707980633  Rel. Test L2 Loss :  0.00699903629720211  Test L2 Loss :  0.005787924453616142  Time :  9.772713422775269  L:  [4.0, 4.0]
Epoch :  430  Rel. Train L2 Loss :  0.00521926824003458  Rel. Test L2 Loss :  0.006777560450136662  Test L2 Loss :  0.005604130774736404  Time :  9.773611783981323  L:  [4.0, 4.0]
Epoch :  431  Rel. Train L2 Loss :  0.0052688725963234906  Rel. Test L2 Loss :  0.0067598849907517435  Test L2 Loss :  0.005590198859572411  Time :  9.774205923080444  L:  [4.0, 4.0]
Epoch :  432  Rel. Train L2 Loss :  0.005112461917102337  Rel. Test L2 Loss :  0.0070593362301588055  Test L2 Loss :  0.005838926024734974  Time :  9.784820079803467  L:  [4.0, 4.0]
Epoch :  433  Rel. Train L2 Loss :  0.005129357784986496  Rel. Test L2 Loss :  0.006731753274798393  Test L2 Loss :  0.005566614456474781  Time :  9.793982744216919  L:  [4.0, 4.0]
Epoch :  434  Rel. Train L2 Loss :  0.005136861383914947  Rel. Test L2 Loss :  0.006912079751491547  Test L2 Loss :  0.005715853832662106  Time :  9.804436683654785  L:  [4.0, 4.0]
Epoch :  435  Rel. Train L2 Loss :  0.005222849674522877  Rel. Test L2 Loss :  0.006849604845046997  Test L2 Loss :  0.005664057657122612  Time :  9.81478214263916  L:  [4.0, 4.0]
Epoch :  436  Rel. Train L2 Loss :  0.0051641475334763525  Rel. Test L2 Loss :  0.0067094601690769196  Test L2 Loss :  0.00554814662784338  Time :  9.819088697433472  L:  [4.0, 4.0]
Epoch :  437  Rel. Train L2 Loss :  0.005066602967679501  Rel. Test L2 Loss :  0.006849644221365452  Test L2 Loss :  0.005664949938654899  Time :  9.82952332496643  L:  [4.0, 4.0]
Epoch :  438  Rel. Train L2 Loss :  0.005110934890806675  Rel. Test L2 Loss :  0.006768113411962986  Test L2 Loss :  0.005597184225916862  Time :  9.815644025802612  L:  [4.0, 4.0]
Epoch :  439  Rel. Train L2 Loss :  0.005055553853511811  Rel. Test L2 Loss :  0.006698694117367268  Test L2 Loss :  0.0055392876267433165  Time :  9.7984619140625  L:  [4.0, 4.0]
Epoch :  440  Rel. Train L2 Loss :  0.005039578206837177  Rel. Test L2 Loss :  0.006932291053235531  Test L2 Loss :  0.005733628496527672  Time :  9.792753219604492  L:  [4.0, 4.0]
Epoch :  441  Rel. Train L2 Loss :  0.005061052978038788  Rel. Test L2 Loss :  0.006775550134479999  Test L2 Loss :  0.0056030980125069615  Time :  9.7756929397583  L:  [4.0, 4.0]
Epoch :  442  Rel. Train L2 Loss :  0.005077174253761768  Rel. Test L2 Loss :  0.006744891852140427  Test L2 Loss :  0.005578287318348885  Time :  9.768555641174316  L:  [4.0, 4.0]
Epoch :  443  Rel. Train L2 Loss :  0.0049912166222929955  Rel. Test L2 Loss :  0.0067089364305138585  Test L2 Loss :  0.005548313297331333  Time :  9.762467384338379  L:  [4.0, 4.0]
Epoch :  444  Rel. Train L2 Loss :  0.004954222559928894  Rel. Test L2 Loss :  0.006696139574050903  Test L2 Loss :  0.00553757656365633  Time :  9.760758638381958  L:  [4.0, 4.0]
Epoch :  445  Rel. Train L2 Loss :  0.005010244645178318  Rel. Test L2 Loss :  0.006695256754755974  Test L2 Loss :  0.005536579191684723  Time :  9.767581939697266  L:  [4.0, 4.0]
Epoch :  446  Rel. Train L2 Loss :  0.005030428491532802  Rel. Test L2 Loss :  0.006686914339661598  Test L2 Loss :  0.0055295030772686  Time :  9.774720191955566  L:  [4.0, 4.0]
Epoch :  447  Rel. Train L2 Loss :  0.005023368686437607  Rel. Test L2 Loss :  0.006708876118063927  Test L2 Loss :  0.0055475860461592676  Time :  9.78830337524414  L:  [4.0, 4.0]
Epoch :  448  Rel. Train L2 Loss :  0.004989825963973999  Rel. Test L2 Loss :  0.0066967284679412846  Test L2 Loss :  0.005537710376083851  Time :  9.799912929534912  L:  [4.0, 4.0]
Epoch :  449  Rel. Train L2 Loss :  0.00500457388907671  Rel. Test L2 Loss :  0.00675694651901722  Test L2 Loss :  0.005587792880833149  Time :  9.807098627090454  L:  [4.0, 4.0]
Epoch :  450  Rel. Train L2 Loss :  0.004980865947902203  Rel. Test L2 Loss :  0.006750983633100987  Test L2 Loss :  0.00558326456695795  Time :  9.81446099281311  L:  [4.0, 4.0]
Epoch :  451  Rel. Train L2 Loss :  0.004961886681616306  Rel. Test L2 Loss :  0.006763772964477539  Test L2 Loss :  0.005593770369887352  Time :  9.820549249649048  L:  [4.0, 4.0]
Epoch :  452  Rel. Train L2 Loss :  0.004950157433748245  Rel. Test L2 Loss :  0.006679267734289169  Test L2 Loss :  0.005523689202964306  Time :  9.81623363494873  L:  [4.0, 4.0]
Epoch :  453  Rel. Train L2 Loss :  0.0049630277305841445  Rel. Test L2 Loss :  0.006721297763288021  Test L2 Loss :  0.005558403395116329  Time :  9.806408405303955  L:  [4.0, 4.0]
Epoch :  454  Rel. Train L2 Loss :  0.004939503684639931  Rel. Test L2 Loss :  0.006669781059026718  Test L2 Loss :  0.0055154704302549365  Time :  9.800954580307007  L:  [4.0, 4.0]
Epoch :  455  Rel. Train L2 Loss :  0.0049297501519322395  Rel. Test L2 Loss :  0.006730196252465248  Test L2 Loss :  0.00556605625897646  Time :  9.791499853134155  L:  [4.0, 4.0]
Epoch :  456  Rel. Train L2 Loss :  0.004952429100871086  Rel. Test L2 Loss :  0.006714042760431766  Test L2 Loss :  0.005552168600261211  Time :  9.781391620635986  L:  [4.0, 4.0]
Epoch :  457  Rel. Train L2 Loss :  0.004915274396538735  Rel. Test L2 Loss :  0.00668584443628788  Test L2 Loss :  0.005529143996536732  Time :  9.7748281955719  L:  [4.0, 4.0]
Epoch :  458  Rel. Train L2 Loss :  0.004933414243161678  Rel. Test L2 Loss :  0.006714964099228382  Test L2 Loss :  0.005552950575947762  Time :  9.771170854568481  L:  [4.0, 4.0]
Epoch :  459  Rel. Train L2 Loss :  0.004912632830440998  Rel. Test L2 Loss :  0.006692890599370002  Test L2 Loss :  0.00553505752235651  Time :  9.761581420898438  L:  [4.0, 4.0]
Epoch :  460  Rel. Train L2 Loss :  0.00491029217839241  Rel. Test L2 Loss :  0.006783359125256539  Test L2 Loss :  0.00561034806072712  Time :  9.762861967086792  L:  [4.0, 4.0]
Epoch :  461  Rel. Train L2 Loss :  0.004913093753159046  Rel. Test L2 Loss :  0.0066722028329968455  Test L2 Loss :  0.005517656020820141  Time :  9.764465093612671  L:  [4.0, 4.0]
Epoch :  462  Rel. Train L2 Loss :  0.0049280993342399595  Rel. Test L2 Loss :  0.0067636271193623546  Test L2 Loss :  0.005593839511275292  Time :  9.773409843444824  L:  [4.0, 4.0]
Epoch :  463  Rel. Train L2 Loss :  0.004913189329206944  Rel. Test L2 Loss :  0.006663792319595813  Test L2 Loss :  0.0055106525868177415  Time :  9.785347700119019  L:  [4.0, 4.0]
Epoch :  464  Rel. Train L2 Loss :  0.004890910401940346  Rel. Test L2 Loss :  0.006662130542099476  Test L2 Loss :  0.005509559363126755  Time :  9.805787563323975  L:  [4.0, 4.0]
Epoch :  465  Rel. Train L2 Loss :  0.004883906438946724  Rel. Test L2 Loss :  0.006680621393024921  Test L2 Loss :  0.005524950362741947  Time :  9.809803247451782  L:  [4.0, 4.0]
Epoch :  466  Rel. Train L2 Loss :  0.004884861961007118  Rel. Test L2 Loss :  0.006659098342061043  Test L2 Loss :  0.005507279932498932  Time :  9.814124822616577  L:  [4.0, 4.0]
Epoch :  467  Rel. Train L2 Loss :  0.004868963971734047  Rel. Test L2 Loss :  0.006670130603015423  Test L2 Loss :  0.005516281723976136  Time :  9.81297755241394  L:  [4.0, 4.0]
Epoch :  468  Rel. Train L2 Loss :  0.0048774824142456055  Rel. Test L2 Loss :  0.006693015657365322  Test L2 Loss :  0.005535231232643128  Time :  9.824985265731812  L:  [4.0, 4.0]
Epoch :  469  Rel. Train L2 Loss :  0.0048523956015706065  Rel. Test L2 Loss :  0.006683130785822868  Test L2 Loss :  0.005527202337980271  Time :  9.803130626678467  L:  [4.0, 4.0]
Epoch :  470  Rel. Train L2 Loss :  0.004851828567683697  Rel. Test L2 Loss :  0.006708573997020722  Test L2 Loss :  0.005548595562577248  Time :  9.815862655639648  L:  [4.0, 4.0]
Epoch :  471  Rel. Train L2 Loss :  0.004865590363740921  Rel. Test L2 Loss :  0.006628847196698189  Test L2 Loss :  0.005481891259551048  Time :  9.789087295532227  L:  [4.0, 4.0]
Epoch :  472  Rel. Train L2 Loss :  0.0048686757534742355  Rel. Test L2 Loss :  0.0066419621184468265  Test L2 Loss :  0.005492827966809273  Time :  9.779541015625  L:  [4.0, 4.0]
Epoch :  473  Rel. Train L2 Loss :  0.004835157424211502  Rel. Test L2 Loss :  0.006671616546809673  Test L2 Loss :  0.005517653711140155  Time :  9.774435758590698  L:  [4.0, 4.0]
Epoch :  474  Rel. Train L2 Loss :  0.004839026153087616  Rel. Test L2 Loss :  0.006674004830420017  Test L2 Loss :  0.0055196496471762654  Time :  9.771372556686401  L:  [4.0, 4.0]
Epoch :  475  Rel. Train L2 Loss :  0.004857885017991066  Rel. Test L2 Loss :  0.006695143096148968  Test L2 Loss :  0.00553727850317955  Time :  9.768691778182983  L:  [4.0, 4.0]
Epoch :  476  Rel. Train L2 Loss :  0.004842008098959923  Rel. Test L2 Loss :  0.006631983555853367  Test L2 Loss :  0.005484606176614761  Time :  9.7634437084198  L:  [4.0, 4.0]
Epoch :  477  Rel. Train L2 Loss :  0.004830995827913284  Rel. Test L2 Loss :  0.006640396900475025  Test L2 Loss :  0.005491757094860077  Time :  9.76006293296814  L:  [4.0, 4.0]
Epoch :  478  Rel. Train L2 Loss :  0.004858345791697502  Rel. Test L2 Loss :  0.006659947670996189  Test L2 Loss :  0.005507628880441189  Time :  9.758314371109009  L:  [4.0, 4.0]
Epoch :  479  Rel. Train L2 Loss :  0.00484319893270731  Rel. Test L2 Loss :  0.00667529758065939  Test L2 Loss :  0.005520782358944416  Time :  9.76555061340332  L:  [4.0, 4.0]
Epoch :  480  Rel. Train L2 Loss :  0.004837802074849605  Rel. Test L2 Loss :  0.006665519550442696  Test L2 Loss :  0.005512798540294171  Time :  9.766777276992798  L:  [4.0, 4.0]
Epoch :  481  Rel. Train L2 Loss :  0.004825041301548481  Rel. Test L2 Loss :  0.00664595901966095  Test L2 Loss :  0.005496311672031879  Time :  9.774579763412476  L:  [4.0, 4.0]
Epoch :  482  Rel. Train L2 Loss :  0.00481662168353796  Rel. Test L2 Loss :  0.006641938164830208  Test L2 Loss :  0.005493099130690098  Time :  9.782166957855225  L:  [4.0, 4.0]
Epoch :  483  Rel. Train L2 Loss :  0.004814276434481144  Rel. Test L2 Loss :  0.006647703796625137  Test L2 Loss :  0.005497862473130226  Time :  9.790276288986206  L:  [4.0, 4.0]
Epoch :  484  Rel. Train L2 Loss :  0.004812297612428665  Rel. Test L2 Loss :  0.006616811566054821  Test L2 Loss :  0.005472179614007473  Time :  9.793840885162354  L:  [4.0, 4.0]
Epoch :  485  Rel. Train L2 Loss :  0.004807180307805538  Rel. Test L2 Loss :  0.006617617011070252  Test L2 Loss :  0.005472795441746712  Time :  9.802410125732422  L:  [4.0, 4.0]
Epoch :  486  Rel. Train L2 Loss :  0.0048169934153556825  Rel. Test L2 Loss :  0.006644789986312389  Test L2 Loss :  0.005495279058814049  Time :  9.810773372650146  L:  [4.0, 4.0]
Epoch :  487  Rel. Train L2 Loss :  0.004809725612401962  Rel. Test L2 Loss :  0.006639043763279915  Test L2 Loss :  0.005490670166909695  Time :  9.812138557434082  L:  [4.0, 4.0]
Epoch :  488  Rel. Train L2 Loss :  0.0047981969118118285  Rel. Test L2 Loss :  0.006610403992235661  Test L2 Loss :  0.005466757081449032  Time :  9.812637329101562  L:  [4.0, 4.0]
Epoch :  489  Rel. Train L2 Loss :  0.004808808244764805  Rel. Test L2 Loss :  0.006649071574211121  Test L2 Loss :  0.005499047040939331  Time :  9.808639526367188  L:  [4.0, 4.0]
Epoch :  490  Rel. Train L2 Loss :  0.004801628120243549  Rel. Test L2 Loss :  0.00660848755389452  Test L2 Loss :  0.005465217679738998  Time :  9.799347639083862  L:  [4.0, 4.0]
Epoch :  491  Rel. Train L2 Loss :  0.004795455910265446  Rel. Test L2 Loss :  0.006696294397115708  Test L2 Loss :  0.005538221187889576  Time :  9.795578718185425  L:  [4.0, 4.0]
Epoch :  492  Rel. Train L2 Loss :  0.004802650757133961  Rel. Test L2 Loss :  0.006603684648871422  Test L2 Loss :  0.005461198575794697  Time :  9.783462285995483  L:  [4.0, 4.0]
Epoch :  493  Rel. Train L2 Loss :  0.004794113449752331  Rel. Test L2 Loss :  0.006619861871004104  Test L2 Loss :  0.005474658422172069  Time :  9.776260137557983  L:  [4.0, 4.0]
Epoch :  494  Rel. Train L2 Loss :  0.004796934008598328  Rel. Test L2 Loss :  0.006614632159471512  Test L2 Loss :  0.00547029584646225  Time :  9.80403184890747  L:  [4.0, 4.0]
Epoch :  495  Rel. Train L2 Loss :  0.004791733719408512  Rel. Test L2 Loss :  0.00665585957467556  Test L2 Loss :  0.005504760704934597  Time :  9.761592864990234  L:  [4.0, 4.0]
Epoch :  496  Rel. Train L2 Loss :  0.004792964778840542  Rel. Test L2 Loss :  0.00661984920501709  Test L2 Loss :  0.005474654510617256  Time :  9.76121473312378  L:  [4.0, 4.0]
Epoch :  497  Rel. Train L2 Loss :  0.00479445979744196  Rel. Test L2 Loss :  0.0066099224984645846  Test L2 Loss :  0.005466418452560902  Time :  9.798581600189209  L:  [4.0, 4.0]
Epoch :  498  Rel. Train L2 Loss :  0.00479437405616045  Rel. Test L2 Loss :  0.006651886999607086  Test L2 Loss :  0.005501308031380176  Time :  9.845201253890991  L:  [4.0, 4.0]
Epoch :  499  Rel. Train L2 Loss :  0.004793656632304192  Rel. Test L2 Loss :  0.006610957533121109  Test L2 Loss :  0.005467305853962898  Time :  9.895967721939087  L:  [4.0, 4.0]
