data_in.shape: (2490, 221, 51, 2)
data_out.shape (2490, 221, 51)
(2490, 221, 51, 2) (2490, 221, 51, 2) (2490, 221, 51, 1)
x_train.shape:  (1000, 11271, 6)
y_train.shape:  (1000, 11271, 1)
Lx, Ly =  4.0 4.0
In GeoFNO_train, ndim =  2
Epoch :  0  Rel. Train L2 Loss :  0.10119429230690002  Rel. Test L2 Loss :  0.07945193231105804  Test L2 Loss :  0.06570017874240876  Time :  18.08745002746582
Epoch :  1  Rel. Train L2 Loss :  0.07365248513221741  Rel. Test L2 Loss :  0.0637549751996994  Test L2 Loss :  0.05272822409868241  Time :  10.560768365859985
Epoch :  2  Rel. Train L2 Loss :  0.06201601123809814  Rel. Test L2 Loss :  0.05306411981582641  Test L2 Loss :  0.04387768507003784  Time :  10.591825723648071
Epoch :  3  Rel. Train L2 Loss :  0.05145068359375  Rel. Test L2 Loss :  0.04445107311010361  Test L2 Loss :  0.036752792298793795  Time :  10.621631383895874
Epoch :  4  Rel. Train L2 Loss :  0.0473002837896347  Rel. Test L2 Loss :  0.04077682852745056  Test L2 Loss :  0.03373004049062729  Time :  10.643834352493286
Epoch :  5  Rel. Train L2 Loss :  0.04252719289064407  Rel. Test L2 Loss :  0.03544057071208954  Test L2 Loss :  0.02930120348930359  Time :  10.70037317276001
Epoch :  6  Rel. Train L2 Loss :  0.034487279832363125  Rel. Test L2 Loss :  0.03099463552236557  Test L2 Loss :  0.02563189163804054  Time :  10.793717384338379
Epoch :  7  Rel. Train L2 Loss :  0.029427290320396423  Rel. Test L2 Loss :  0.02739950716495514  Test L2 Loss :  0.02265894740819931  Time :  10.845911026000977
Epoch :  8  Rel. Train L2 Loss :  0.031997661143541335  Rel. Test L2 Loss :  0.02690457195043564  Test L2 Loss :  0.022246227860450746  Time :  10.901053190231323
Epoch :  9  Rel. Train L2 Loss :  0.030943886637687684  Rel. Test L2 Loss :  0.029429481327533723  Test L2 Loss :  0.024316409826278685  Time :  10.97580599784851
Epoch :  10  Rel. Train L2 Loss :  0.026651100486516952  Rel. Test L2 Loss :  0.024205190986394884  Test L2 Loss :  0.019999390989542006  Time :  11.028847932815552
Epoch :  11  Rel. Train L2 Loss :  0.024881526947021483  Rel. Test L2 Loss :  0.02147041290998459  Test L2 Loss :  0.017748572528362275  Time :  11.013362169265747
Epoch :  12  Rel. Train L2 Loss :  0.0281148062646389  Rel. Test L2 Loss :  0.033898501992225646  Test L2 Loss :  0.02800021380186081  Time :  10.908449411392212
Epoch :  13  Rel. Train L2 Loss :  0.027547828197479248  Rel. Test L2 Loss :  0.027037204653024675  Test L2 Loss :  0.02234552264213562  Time :  10.812990188598633
Epoch :  14  Rel. Train L2 Loss :  0.02246553274989128  Rel. Test L2 Loss :  0.02058759719133377  Test L2 Loss :  0.017017318308353423  Time :  10.74667763710022
Epoch :  15  Rel. Train L2 Loss :  0.026597498059272764  Rel. Test L2 Loss :  0.022960943430662156  Test L2 Loss :  0.01897413894534111  Time :  10.729358673095703
Epoch :  16  Rel. Train L2 Loss :  0.02212967485189438  Rel. Test L2 Loss :  0.019544934928417204  Test L2 Loss :  0.016151248663663863  Time :  10.717074871063232
Epoch :  17  Rel. Train L2 Loss :  0.02295554679632187  Rel. Test L2 Loss :  0.024939098209142686  Test L2 Loss :  0.020617518573999405  Time :  10.73649549484253
Epoch :  18  Rel. Train L2 Loss :  0.022291253805160522  Rel. Test L2 Loss :  0.018850361108779908  Test L2 Loss :  0.015582272708415985  Time :  10.75044322013855
Epoch :  19  Rel. Train L2 Loss :  0.021079009979963304  Rel. Test L2 Loss :  0.020401210337877274  Test L2 Loss :  0.016870593279600145  Time :  10.812303066253662
Epoch :  20  Rel. Train L2 Loss :  0.01931157824397087  Rel. Test L2 Loss :  0.01757456749677658  Test L2 Loss :  0.014528037905693054  Time :  10.84528374671936
Epoch :  21  Rel. Train L2 Loss :  0.02082856634259224  Rel. Test L2 Loss :  0.017475559413433074  Test L2 Loss :  0.014440869987010956  Time :  10.88977336883545
Epoch :  22  Rel. Train L2 Loss :  0.0194774794280529  Rel. Test L2 Loss :  0.021264452636241913  Test L2 Loss :  0.017578798085451125  Time :  10.955710172653198
Epoch :  23  Rel. Train L2 Loss :  0.023622909426689147  Rel. Test L2 Loss :  0.018252088278532027  Test L2 Loss :  0.01509213462471962  Time :  11.035996198654175
Epoch :  24  Rel. Train L2 Loss :  0.022101510614156723  Rel. Test L2 Loss :  0.026463574469089507  Test L2 Loss :  0.021891754865646363  Time :  11.04244875907898
Epoch :  25  Rel. Train L2 Loss :  0.021736095160245897  Rel. Test L2 Loss :  0.01992664232850075  Test L2 Loss :  0.016473182141780854  Time :  11.033169269561768
Epoch :  26  Rel. Train L2 Loss :  0.022925016850233078  Rel. Test L2 Loss :  0.02018456608057022  Test L2 Loss :  0.01667701080441475  Time :  10.937781810760498
Epoch :  27  Rel. Train L2 Loss :  0.019896870821714402  Rel. Test L2 Loss :  0.01873951330780983  Test L2 Loss :  0.015487700551748276  Time :  10.857948303222656
Epoch :  28  Rel. Train L2 Loss :  0.02070489549636841  Rel. Test L2 Loss :  0.022909938246011733  Test L2 Loss :  0.018938044011592867  Time :  10.834640741348267
Epoch :  29  Rel. Train L2 Loss :  0.021206135302782057  Rel. Test L2 Loss :  0.020633180290460587  Test L2 Loss :  0.017056000530719758  Time :  10.8166983127594
Epoch :  30  Rel. Train L2 Loss :  0.019720259577035906  Rel. Test L2 Loss :  0.017920336574316024  Test L2 Loss :  0.014822025001049042  Time :  10.827945232391357
Epoch :  31  Rel. Train L2 Loss :  0.02173263618350029  Rel. Test L2 Loss :  0.021721812039613722  Test L2 Loss :  0.017960632145404817  Time :  10.83942699432373
Epoch :  32  Rel. Train L2 Loss :  0.020045855134725572  Rel. Test L2 Loss :  0.022092873901128768  Test L2 Loss :  0.018266080170869826  Time :  10.857585430145264
Epoch :  33  Rel. Train L2 Loss :  0.023046262383460997  Rel. Test L2 Loss :  0.033265704810619356  Test L2 Loss :  0.027475382089614867  Time :  10.882533550262451
Epoch :  34  Rel. Train L2 Loss :  0.021690524071455  Rel. Test L2 Loss :  0.02194735959172249  Test L2 Loss :  0.018116858452558518  Time :  10.916203498840332
Epoch :  35  Rel. Train L2 Loss :  0.02187919595837593  Rel. Test L2 Loss :  0.02018126279115677  Test L2 Loss :  0.01667680874466896  Time :  10.957729816436768
Epoch :  36  Rel. Train L2 Loss :  0.021723692715168  Rel. Test L2 Loss :  0.01781864657998085  Test L2 Loss :  0.014731049090623855  Time :  10.99551272392273
Epoch :  37  Rel. Train L2 Loss :  0.019197707563638686  Rel. Test L2 Loss :  0.026238955408334732  Test L2 Loss :  0.021688268631696702  Time :  10.996953248977661
Epoch :  38  Rel. Train L2 Loss :  0.019421451389789582  Rel. Test L2 Loss :  0.019236687123775482  Test L2 Loss :  0.015902252793312074  Time :  10.99772310256958
Epoch :  39  Rel. Train L2 Loss :  0.021330335974693297  Rel. Test L2 Loss :  0.023510614037513734  Test L2 Loss :  0.019430687576532366  Time :  10.980416059494019
Epoch :  40  Rel. Train L2 Loss :  0.018265122175216676  Rel. Test L2 Loss :  0.02121902719140053  Test L2 Loss :  0.017556164413690567  Time :  10.956583738327026
Epoch :  41  Rel. Train L2 Loss :  0.020750619173049926  Rel. Test L2 Loss :  0.022752705514431  Test L2 Loss :  0.018816716969013214  Time :  10.936981916427612
Epoch :  42  Rel. Train L2 Loss :  0.02058423098921776  Rel. Test L2 Loss :  0.019503245204687117  Test L2 Loss :  0.016117436438798906  Time :  10.926239252090454
Epoch :  43  Rel. Train L2 Loss :  0.020506683409214018  Rel. Test L2 Loss :  0.0269581301510334  Test L2 Loss :  0.022279739379882812  Time :  10.920625925064087
Epoch :  44  Rel. Train L2 Loss :  0.0232187682390213  Rel. Test L2 Loss :  0.019338528662919997  Test L2 Loss :  0.01598914012312889  Time :  10.910066604614258
Epoch :  45  Rel. Train L2 Loss :  0.02025390648841858  Rel. Test L2 Loss :  0.02321517273783684  Test L2 Loss :  0.019190526902675628  Time :  10.914352178573608
Epoch :  46  Rel. Train L2 Loss :  0.023745793521404265  Rel. Test L2 Loss :  0.025667715966701508  Test L2 Loss :  0.021209568977355958  Time :  10.907620906829834
Epoch :  47  Rel. Train L2 Loss :  0.018742931962013244  Rel. Test L2 Loss :  0.018931346535682677  Test L2 Loss :  0.015652055740356444  Time :  10.907189130783081
Epoch :  48  Rel. Train L2 Loss :  0.018633173793554305  Rel. Test L2 Loss :  0.019376224130392073  Test L2 Loss :  0.016022354811429978  Time :  10.926826000213623
Epoch :  49  Rel. Train L2 Loss :  0.020704287886619568  Rel. Test L2 Loss :  0.01960965782403946  Test L2 Loss :  0.016218091398477553  Time :  10.934305906295776
Epoch :  50  Rel. Train L2 Loss :  0.021158968329429626  Rel. Test L2 Loss :  0.021544993668794633  Test L2 Loss :  0.017819142043590544  Time :  10.938133239746094
Epoch :  51  Rel. Train L2 Loss :  0.02005565047264099  Rel. Test L2 Loss :  0.01757948622107506  Test L2 Loss :  0.014539452493190766  Time :  10.951282739639282
Epoch :  52  Rel. Train L2 Loss :  0.02012763312458992  Rel. Test L2 Loss :  0.01888727128505707  Test L2 Loss :  0.015602863878011703  Time :  10.975883483886719
Epoch :  53  Rel. Train L2 Loss :  0.02167654511332512  Rel. Test L2 Loss :  0.021443519741296768  Test L2 Loss :  0.017720403522253035  Time :  10.979171752929688
Epoch :  54  Rel. Train L2 Loss :  0.01879030776023865  Rel. Test L2 Loss :  0.025148496478796006  Test L2 Loss :  0.020803621411323546  Time :  11.020874738693237
Epoch :  55  Rel. Train L2 Loss :  0.021823154270648955  Rel. Test L2 Loss :  0.02623393967747688  Test L2 Loss :  0.021680544763803482  Time :  11.009509325027466
Epoch :  56  Rel. Train L2 Loss :  0.019383452862501146  Rel. Test L2 Loss :  0.01721084788441658  Test L2 Loss :  0.014232260286808013  Time :  10.967710971832275
Epoch :  57  Rel. Train L2 Loss :  0.020337098449468613  Rel. Test L2 Loss :  0.0258240807056427  Test L2 Loss :  0.021356913447380065  Time :  10.95995283126831
Epoch :  58  Rel. Train L2 Loss :  0.019179251343011856  Rel. Test L2 Loss :  0.019978656619787215  Test L2 Loss :  0.01652324542403221  Time :  10.945403337478638
Epoch :  59  Rel. Train L2 Loss :  0.02261876803636551  Rel. Test L2 Loss :  0.01576755240559578  Test L2 Loss :  0.013038374558091164  Time :  10.941583633422852
Epoch :  60  Rel. Train L2 Loss :  0.01858557426929474  Rel. Test L2 Loss :  0.017360928505659103  Test L2 Loss :  0.014349553659558296  Time :  10.966522455215454
Epoch :  61  Rel. Train L2 Loss :  0.02000607445836067  Rel. Test L2 Loss :  0.019335597455501556  Test L2 Loss :  0.01597939744591713  Time :  10.926828384399414
Epoch :  62  Rel. Train L2 Loss :  0.020491106897592544  Rel. Test L2 Loss :  0.02035185694694519  Test L2 Loss :  0.016838741451501847  Time :  10.971518278121948
Epoch :  63  Rel. Train L2 Loss :  0.020835335671901704  Rel. Test L2 Loss :  0.01869848132133484  Test L2 Loss :  0.015464280992746353  Time :  10.924216508865356
Epoch :  64  Rel. Train L2 Loss :  0.021112141132354736  Rel. Test L2 Loss :  0.01780127942562103  Test L2 Loss :  0.014716535657644272  Time :  10.90557861328125
Epoch :  65  Rel. Train L2 Loss :  0.02107426890730858  Rel. Test L2 Loss :  0.019733570218086242  Test L2 Loss :  0.01632099911570549  Time :  10.899938106536865
Epoch :  66  Rel. Train L2 Loss :  0.020142466902732848  Rel. Test L2 Loss :  0.020818554610013962  Test L2 Loss :  0.017213838845491408  Time :  10.936800003051758
Epoch :  67  Rel. Train L2 Loss :  0.02258800333738327  Rel. Test L2 Loss :  0.017723230421543123  Test L2 Loss :  0.014647566825151443  Time :  10.912106275558472
Epoch :  68  Rel. Train L2 Loss :  0.019840414941310884  Rel. Test L2 Loss :  0.02361020624637604  Test L2 Loss :  0.01949350655078888  Time :  10.931950330734253
Epoch :  69  Rel. Train L2 Loss :  0.020571319013834  Rel. Test L2 Loss :  0.030308095514774324  Test L2 Loss :  0.02504760876297951  Time :  10.954184532165527
Epoch :  70  Rel. Train L2 Loss :  0.025433829486370088  Rel. Test L2 Loss :  0.01904510796070099  Test L2 Loss :  0.0157407146692276  Time :  11.00093126296997
Epoch :  71  Rel. Train L2 Loss :  0.022236612230539323  Rel. Test L2 Loss :  0.017539388239383696  Test L2 Loss :  0.014495301842689514  Time :  10.990381002426147
Epoch :  72  Rel. Train L2 Loss :  0.021718657046556473  Rel. Test L2 Loss :  0.02293320670723915  Test L2 Loss :  0.0189646115899086  Time :  11.008835315704346
Epoch :  73  Rel. Train L2 Loss :  0.02159481006860733  Rel. Test L2 Loss :  0.022244294583797456  Test L2 Loss :  0.018382981717586518  Time :  11.017986536026001
Epoch :  74  Rel. Train L2 Loss :  0.022115931302309037  Rel. Test L2 Loss :  0.019619151949882507  Test L2 Loss :  0.016234243363142012  Time :  10.969568490982056
Epoch :  75  Rel. Train L2 Loss :  0.022728257209062578  Rel. Test L2 Loss :  0.01823971062898636  Test L2 Loss :  0.015079355537891389  Time :  10.944897651672363
Epoch :  76  Rel. Train L2 Loss :  0.019474451690912248  Rel. Test L2 Loss :  0.01966170981526375  Test L2 Loss :  0.01625897064805031  Time :  10.920669078826904
Epoch :  77  Rel. Train L2 Loss :  0.021305548667907716  Rel. Test L2 Loss :  0.02240657329559326  Test L2 Loss :  0.01851897656917572  Time :  10.90111255645752
Epoch :  78  Rel. Train L2 Loss :  0.022843252539634703  Rel. Test L2 Loss :  0.02007809206843376  Test L2 Loss :  0.01660548374056816  Time :  10.899685859680176
Epoch :  79  Rel. Train L2 Loss :  0.02177729457616806  Rel. Test L2 Loss :  0.01632783904671669  Test L2 Loss :  0.01349880374968052  Time :  10.902492761611938
Epoch :  80  Rel. Train L2 Loss :  0.019920596808195114  Rel. Test L2 Loss :  0.016965506225824357  Test L2 Loss :  0.014024134129285812  Time :  10.926790952682495
Epoch :  81  Rel. Train L2 Loss :  0.020769524127244948  Rel. Test L2 Loss :  0.02025867849588394  Test L2 Loss :  0.01674859806895256  Time :  10.928161859512329
Epoch :  82  Rel. Train L2 Loss :  0.02206265723705292  Rel. Test L2 Loss :  0.01644374281167984  Test L2 Loss :  0.01358963705599308  Time :  10.957472324371338
Epoch :  83  Rel. Train L2 Loss :  0.020104806661605835  Rel. Test L2 Loss :  0.021094368398189546  Test L2 Loss :  0.01745137482881546  Time :  10.980773448944092
Epoch :  84  Rel. Train L2 Loss :  0.02219062238931656  Rel. Test L2 Loss :  0.01725558251142502  Test L2 Loss :  0.014269019067287446  Time :  10.999927759170532
Epoch :  85  Rel. Train L2 Loss :  0.019231524169445038  Rel. Test L2 Loss :  0.0193280129134655  Test L2 Loss :  0.015968894660472868  Time :  11.015924453735352
Epoch :  86  Rel. Train L2 Loss :  0.0211990050971508  Rel. Test L2 Loss :  0.020791242122650145  Test L2 Loss :  0.017178747802972794  Time :  11.018997192382812
Epoch :  87  Rel. Train L2 Loss :  0.019889667123556137  Rel. Test L2 Loss :  0.020031777769327165  Test L2 Loss :  0.01657926321029663  Time :  10.95337200164795
Epoch :  88  Rel. Train L2 Loss :  0.02268655291199684  Rel. Test L2 Loss :  0.019744376391172408  Test L2 Loss :  0.01631472021341324  Time :  10.935906410217285
Epoch :  89  Rel. Train L2 Loss :  0.020142907440662383  Rel. Test L2 Loss :  0.02022151827812195  Test L2 Loss :  0.0167253677546978  Time :  10.908445358276367
Epoch :  90  Rel. Train L2 Loss :  0.019091689020395278  Rel. Test L2 Loss :  0.02313754364848137  Test L2 Loss :  0.019129017889499663  Time :  10.88804006576538
Epoch :  91  Rel. Train L2 Loss :  0.018171877413988114  Rel. Test L2 Loss :  0.01669092983007431  Test L2 Loss :  0.01379194661974907  Time :  10.887412309646606
Epoch :  92  Rel. Train L2 Loss :  0.021649804145097734  Rel. Test L2 Loss :  0.020076389610767364  Test L2 Loss :  0.01659985601902008  Time :  10.893370151519775
Epoch :  93  Rel. Train L2 Loss :  0.020880388021469118  Rel. Test L2 Loss :  0.01591450795531273  Test L2 Loss :  0.013148696199059486  Time :  10.909783601760864
Epoch :  94  Rel. Train L2 Loss :  0.01880857068300247  Rel. Test L2 Loss :  0.0167311455309391  Test L2 Loss :  0.013826991468667983  Time :  10.924556016921997
Epoch :  95  Rel. Train L2 Loss :  0.01948180341720581  Rel. Test L2 Loss :  0.021476033329963683  Test L2 Loss :  0.017770951837301253  Time :  10.950668811798096
Epoch :  96  Rel. Train L2 Loss :  0.019095787912607194  Rel. Test L2 Loss :  0.023108009546995163  Test L2 Loss :  0.01913412794470787  Time :  10.990440130233765
Epoch :  97  Rel. Train L2 Loss :  0.0210226449072361  Rel. Test L2 Loss :  0.027130265831947328  Test L2 Loss :  0.022438874393701555  Time :  11.014111280441284
Epoch :  98  Rel. Train L2 Loss :  0.024081902354955675  Rel. Test L2 Loss :  0.017811830788850784  Test L2 Loss :  0.014714567512273789  Time :  11.014528274536133
Epoch :  99  Rel. Train L2 Loss :  0.018813531696796417  Rel. Test L2 Loss :  0.0183011269569397  Test L2 Loss :  0.015119317322969436  Time :  11.002780675888062
Epoch :  100  Rel. Train L2 Loss :  0.01815615740418434  Rel. Test L2 Loss :  0.018293308466672896  Test L2 Loss :  0.015135686695575714  Time :  10.98543930053711
Epoch :  101  Rel. Train L2 Loss :  0.019638583958148957  Rel. Test L2 Loss :  0.02185062751173973  Test L2 Loss :  0.018061126470565795  Time :  10.938933849334717
Epoch :  102  Rel. Train L2 Loss :  0.019946633726358413  Rel. Test L2 Loss :  0.01606449082493782  Test L2 Loss :  0.013267687484622002  Time :  10.913289070129395
Epoch :  103  Rel. Train L2 Loss :  0.016805696696043013  Rel. Test L2 Loss :  0.02066528409719467  Test L2 Loss :  0.017071427404880525  Time :  10.89702296257019
Epoch :  104  Rel. Train L2 Loss :  0.01888692983984947  Rel. Test L2 Loss :  0.015472008138895035  Test L2 Loss :  0.012790797054767608  Time :  10.888354539871216
Epoch :  105  Rel. Train L2 Loss :  0.01766747958958149  Rel. Test L2 Loss :  0.016640078574419022  Test L2 Loss :  0.013761547803878784  Time :  10.88815689086914
Epoch :  106  Rel. Train L2 Loss :  0.020909847885370255  Rel. Test L2 Loss :  0.019866824448108673  Test L2 Loss :  0.016411090493202208  Time :  10.902462005615234
Epoch :  107  Rel. Train L2 Loss :  0.018243794590234758  Rel. Test L2 Loss :  0.01936469942331314  Test L2 Loss :  0.016013111025094985  Time :  10.923084259033203
Epoch :  108  Rel. Train L2 Loss :  0.018952640622854233  Rel. Test L2 Loss :  0.019630809277296067  Test L2 Loss :  0.01624292716383934  Time :  10.962958097457886
Epoch :  109  Rel. Train L2 Loss :  0.01762910431623459  Rel. Test L2 Loss :  0.022159746438264846  Test L2 Loss :  0.01834085747599602  Time :  10.976263523101807
Epoch :  110  Rel. Train L2 Loss :  0.01807858330011368  Rel. Test L2 Loss :  0.02149933472275734  Test L2 Loss :  0.017784881740808486  Time :  10.990660190582275
Epoch :  111  Rel. Train L2 Loss :  0.021241605073213578  Rel. Test L2 Loss :  0.017543133795261383  Test L2 Loss :  0.01450287863612175  Time :  11.015258550643921
Epoch :  112  Rel. Train L2 Loss :  0.017948031038045882  Rel. Test L2 Loss :  0.01596503272652626  Test L2 Loss :  0.013195608705282212  Time :  10.991676807403564
Epoch :  113  Rel. Train L2 Loss :  0.017789636105298996  Rel. Test L2 Loss :  0.02386492684483528  Test L2 Loss :  0.019741232991218566  Time :  10.972611427307129
Epoch :  114  Rel. Train L2 Loss :  0.018214772433042526  Rel. Test L2 Loss :  0.019077775776386263  Test L2 Loss :  0.015786976218223572  Time :  10.937590599060059
Epoch :  115  Rel. Train L2 Loss :  0.01631835871934891  Rel. Test L2 Loss :  0.015129520446062089  Test L2 Loss :  0.012505510300397872  Time :  10.912810325622559
Epoch :  116  Rel. Train L2 Loss :  0.020021147847175597  Rel. Test L2 Loss :  0.018294988870620726  Test L2 Loss :  0.015115830451250076  Time :  10.898588180541992
Epoch :  117  Rel. Train L2 Loss :  0.01959443661570549  Rel. Test L2 Loss :  0.016509371995925903  Test L2 Loss :  0.013644613772630692  Time :  10.886963844299316
Epoch :  118  Rel. Train L2 Loss :  0.01832724469900131  Rel. Test L2 Loss :  0.016764511168003083  Test L2 Loss :  0.013842311203479767  Time :  10.891189098358154
Epoch :  119  Rel. Train L2 Loss :  0.017314696490764617  Rel. Test L2 Loss :  0.018940604478120803  Test L2 Loss :  0.015658067911863326  Time :  10.914656639099121
Epoch :  120  Rel. Train L2 Loss :  0.018441925048828123  Rel. Test L2 Loss :  0.01601209446787834  Test L2 Loss :  0.013231600597500802  Time :  10.940866231918335
Epoch :  121  Rel. Train L2 Loss :  0.017347182422876358  Rel. Test L2 Loss :  0.022874537706375122  Test L2 Loss :  0.0189009028673172  Time :  10.955479621887207
Epoch :  122  Rel. Train L2 Loss :  0.017992075949907302  Rel. Test L2 Loss :  0.017592907696962357  Test L2 Loss :  0.01453431487083435  Time :  10.993820428848267
Epoch :  123  Rel. Train L2 Loss :  0.01740040457248688  Rel. Test L2 Loss :  0.015505714118480682  Test L2 Loss :  0.012805461138486861  Time :  11.017462491989136
Epoch :  124  Rel. Train L2 Loss :  0.01563549606502056  Rel. Test L2 Loss :  0.01516098976135254  Test L2 Loss :  0.012526893392205238  Time :  11.029785871505737
Epoch :  125  Rel. Train L2 Loss :  0.015999300301074982  Rel. Test L2 Loss :  0.01725001960992813  Test L2 Loss :  0.014259319454431534  Time :  10.992722272872925
Epoch :  126  Rel. Train L2 Loss :  0.019320459842681884  Rel. Test L2 Loss :  0.020805243104696274  Test L2 Loss :  0.017200619578361512  Time :  10.975812435150146
Epoch :  127  Rel. Train L2 Loss :  0.016404995307326316  Rel. Test L2 Loss :  0.019031034260988237  Test L2 Loss :  0.015734980702400207  Time :  10.937742948532104
Epoch :  128  Rel. Train L2 Loss :  0.01528797259926796  Rel. Test L2 Loss :  0.020885814279317856  Test L2 Loss :  0.017254803478717804  Time :  10.923920392990112
Epoch :  129  Rel. Train L2 Loss :  0.016880398944020273  Rel. Test L2 Loss :  0.02208558887243271  Test L2 Loss :  0.01827173590660095  Time :  10.903907537460327
Epoch :  130  Rel. Train L2 Loss :  0.018529841959476472  Rel. Test L2 Loss :  0.02234135940670967  Test L2 Loss :  0.01847082659602165  Time :  10.896449089050293
Epoch :  131  Rel. Train L2 Loss :  0.02125603869557381  Rel. Test L2 Loss :  0.014327410608530045  Test L2 Loss :  0.011836647540330886  Time :  10.906830310821533
Epoch :  132  Rel. Train L2 Loss :  0.017262940764427186  Rel. Test L2 Loss :  0.021098190546035768  Test L2 Loss :  0.017450798004865646  Time :  10.915998220443726
Epoch :  133  Rel. Train L2 Loss :  0.016263656139373778  Rel. Test L2 Loss :  0.013928524628281593  Test L2 Loss :  0.01151320531964302  Time :  10.955610275268555
Epoch :  134  Rel. Train L2 Loss :  0.017863802775740623  Rel. Test L2 Loss :  0.016615111380815506  Test L2 Loss :  0.013745100423693656  Time :  10.9836106300354
Epoch :  135  Rel. Train L2 Loss :  0.015497772231698036  Rel. Test L2 Loss :  0.0155149507522583  Test L2 Loss :  0.01282995156943798  Time :  11.027657985687256
Epoch :  136  Rel. Train L2 Loss :  0.016344559997320176  Rel. Test L2 Loss :  0.013637079745531083  Test L2 Loss :  0.011272263079881668  Time :  10.9919753074646
Epoch :  137  Rel. Train L2 Loss :  0.01420468781888485  Rel. Test L2 Loss :  0.01534385398030281  Test L2 Loss :  0.012685506716370582  Time :  11.002754211425781
Epoch :  138  Rel. Train L2 Loss :  0.02015647581219673  Rel. Test L2 Loss :  0.017412403672933577  Test L2 Loss :  0.01440152980387211  Time :  10.974838972091675
Epoch :  139  Rel. Train L2 Loss :  0.019601688325405122  Rel. Test L2 Loss :  0.019748402833938597  Test L2 Loss :  0.016342230290174484  Time :  10.941437005996704
Epoch :  140  Rel. Train L2 Loss :  0.01707415199279785  Rel. Test L2 Loss :  0.020252439826726913  Test L2 Loss :  0.01674167439341545  Time :  10.922298669815063
Epoch :  141  Rel. Train L2 Loss :  0.01740737047791481  Rel. Test L2 Loss :  0.015667147040367126  Test L2 Loss :  0.012956362441182137  Time :  10.908734798431396
Epoch :  142  Rel. Train L2 Loss :  0.014323865979909896  Rel. Test L2 Loss :  0.013943378478288651  Test L2 Loss :  0.011526493579149246  Time :  10.902598857879639
Epoch :  143  Rel. Train L2 Loss :  0.014108713775873184  Rel. Test L2 Loss :  0.012319046184420585  Test L2 Loss :  0.010186094790697098  Time :  10.904521226882935
Epoch :  144  Rel. Train L2 Loss :  0.015102327987551688  Rel. Test L2 Loss :  0.013869758918881417  Test L2 Loss :  0.011455403864383698  Time :  10.916011810302734
Epoch :  145  Rel. Train L2 Loss :  0.014440089285373688  Rel. Test L2 Loss :  0.01262969247996807  Test L2 Loss :  0.010432371646165848  Time :  10.939722537994385
Epoch :  146  Rel. Train L2 Loss :  0.013568361908197404  Rel. Test L2 Loss :  0.011671204343438149  Test L2 Loss :  0.009647264927625656  Time :  10.98303747177124
Epoch :  147  Rel. Train L2 Loss :  0.014752826914191245  Rel. Test L2 Loss :  0.015660111904144288  Test L2 Loss :  0.012949651405215264  Time :  11.017740726470947
Epoch :  148  Rel. Train L2 Loss :  0.01543939872086048  Rel. Test L2 Loss :  0.020768435299396516  Test L2 Loss :  0.017177820205688477  Time :  10.99325942993164
Epoch :  149  Rel. Train L2 Loss :  0.016151660814881324  Rel. Test L2 Loss :  0.014555125534534454  Test L2 Loss :  0.01203043781220913  Time :  10.9960196018219
Epoch :  150  Rel. Train L2 Loss :  0.014460304841399194  Rel. Test L2 Loss :  0.02031750127673149  Test L2 Loss :  0.016808147206902505  Time :  10.998857021331787
Epoch :  151  Rel. Train L2 Loss :  0.014192747563123703  Rel. Test L2 Loss :  0.012251484021544457  Test L2 Loss :  0.010127154365181922  Time :  10.979655504226685
Epoch :  152  Rel. Train L2 Loss :  0.014344018295407296  Rel. Test L2 Loss :  0.019847865551710128  Test L2 Loss :  0.01642105996608734  Time :  10.958870887756348
Epoch :  153  Rel. Train L2 Loss :  0.018408145636320115  Rel. Test L2 Loss :  0.017578040510416032  Test L2 Loss :  0.014557717964053155  Time :  10.940922737121582
Epoch :  154  Rel. Train L2 Loss :  0.014088003247976303  Rel. Test L2 Loss :  0.012455260008573532  Test L2 Loss :  0.010295097455382348  Time :  10.932244777679443
Epoch :  155  Rel. Train L2 Loss :  0.014614805594086648  Rel. Test L2 Loss :  0.021354482024908066  Test L2 Loss :  0.0176662041246891  Time :  10.913213968276978
Epoch :  156  Rel. Train L2 Loss :  0.01745698133111  Rel. Test L2 Loss :  0.016789234280586242  Test L2 Loss :  0.013876267597079278  Time :  10.910762071609497
Epoch :  157  Rel. Train L2 Loss :  0.015381897374987602  Rel. Test L2 Loss :  0.01351295694708824  Test L2 Loss :  0.011171657219529152  Time :  10.918734073638916
Epoch :  158  Rel. Train L2 Loss :  0.01521678002178669  Rel. Test L2 Loss :  0.021771172285079955  Test L2 Loss :  0.017995513528585434  Time :  10.931194067001343
Epoch :  159  Rel. Train L2 Loss :  0.016910837829113005  Rel. Test L2 Loss :  0.016901572197675706  Test L2 Loss :  0.013974119871854783  Time :  10.942536115646362
Epoch :  160  Rel. Train L2 Loss :  0.01460277135670185  Rel. Test L2 Loss :  0.011087035685777664  Test L2 Loss :  0.009165033474564552  Time :  10.954023122787476
Epoch :  161  Rel. Train L2 Loss :  0.014770748123526573  Rel. Test L2 Loss :  0.012976963073015213  Test L2 Loss :  0.010720771700143815  Time :  10.947368383407593
Epoch :  162  Rel. Train L2 Loss :  0.014976553693413735  Rel. Test L2 Loss :  0.018203251510858536  Test L2 Loss :  0.01503901943564415  Time :  10.958726406097412
Epoch :  163  Rel. Train L2 Loss :  0.01579499351978302  Rel. Test L2 Loss :  0.01499755010008812  Test L2 Loss :  0.012398687899112701  Time :  10.947157144546509
Epoch :  164  Rel. Train L2 Loss :  0.013709765180945396  Rel. Test L2 Loss :  0.01635122060775757  Test L2 Loss :  0.013529498279094696  Time :  10.968945980072021
Epoch :  165  Rel. Train L2 Loss :  0.015433351188898086  Rel. Test L2 Loss :  0.01214003972709179  Test L2 Loss :  0.010037738531827926  Time :  10.99334168434143
Epoch :  166  Rel. Train L2 Loss :  0.0142657929956913  Rel. Test L2 Loss :  0.014068009108304977  Test L2 Loss :  0.011641681045293808  Time :  10.977632284164429
Epoch :  167  Rel. Train L2 Loss :  0.012818453013896941  Rel. Test L2 Loss :  0.014531909525394439  Test L2 Loss :  0.011999056488275529  Time :  10.939896583557129
Epoch :  168  Rel. Train L2 Loss :  0.01572110031545162  Rel. Test L2 Loss :  0.01780660092830658  Test L2 Loss :  0.014727387726306915  Time :  10.9556143283844
Epoch :  169  Rel. Train L2 Loss :  0.015090113550424576  Rel. Test L2 Loss :  0.014022411480545997  Test L2 Loss :  0.011600610166788101  Time :  10.944386005401611
Epoch :  170  Rel. Train L2 Loss :  0.015395860344171524  Rel. Test L2 Loss :  0.014633269608020782  Test L2 Loss :  0.012081339508295059  Time :  10.936593770980835
Epoch :  171  Rel. Train L2 Loss :  0.01552604529261589  Rel. Test L2 Loss :  0.015396089404821395  Test L2 Loss :  0.012722946107387542  Time :  10.932723999023438
Epoch :  172  Rel. Train L2 Loss :  0.013763786226511001  Rel. Test L2 Loss :  0.0149769888818264  Test L2 Loss :  0.012387838661670685  Time :  10.923868179321289
Epoch :  173  Rel. Train L2 Loss :  0.013936222672462464  Rel. Test L2 Loss :  0.013960634544491767  Test L2 Loss :  0.011530873328447343  Time :  10.90923523902893
Epoch :  174  Rel. Train L2 Loss :  0.014274520590901375  Rel. Test L2 Loss :  0.012095186933875084  Test L2 Loss :  0.009995731264352799  Time :  10.905938625335693
Epoch :  175  Rel. Train L2 Loss :  0.013599484637379646  Rel. Test L2 Loss :  0.016006145924329758  Test L2 Loss :  0.013237436413764953  Time :  10.901089429855347
Epoch :  176  Rel. Train L2 Loss :  0.014899912148714065  Rel. Test L2 Loss :  0.01238057941198349  Test L2 Loss :  0.01023410402238369  Time :  10.91646409034729
Epoch :  177  Rel. Train L2 Loss :  0.015776413574814796  Rel. Test L2 Loss :  0.017763760536909104  Test L2 Loss :  0.014698336720466615  Time :  10.939977645874023
Epoch :  178  Rel. Train L2 Loss :  0.01328345163166523  Rel. Test L2 Loss :  0.013596512228250503  Test L2 Loss :  0.01123439595103264  Time :  10.963855981826782
Epoch :  179  Rel. Train L2 Loss :  0.014236044079065324  Rel. Test L2 Loss :  0.011895572021603584  Test L2 Loss :  0.009833177402615547  Time :  10.959436655044556
Epoch :  180  Rel. Train L2 Loss :  0.012925733894109726  Rel. Test L2 Loss :  0.01558899149298668  Test L2 Loss :  0.012890122830867767  Time :  10.979959487915039
Epoch :  181  Rel. Train L2 Loss :  0.013106043338775636  Rel. Test L2 Loss :  0.013969754129648208  Test L2 Loss :  0.0115338733792305  Time :  10.98466968536377
Epoch :  182  Rel. Train L2 Loss :  0.01304281722009182  Rel. Test L2 Loss :  0.012272093445062637  Test L2 Loss :  0.01013974756002426  Time :  10.975443840026855
Epoch :  183  Rel. Train L2 Loss :  0.013179324492812157  Rel. Test L2 Loss :  0.013326335400342941  Test L2 Loss :  0.011010632887482642  Time :  10.984468221664429
Epoch :  184  Rel. Train L2 Loss :  0.01264711008965969  Rel. Test L2 Loss :  0.012986937910318375  Test L2 Loss :  0.010747506022453309  Time :  10.956655502319336
Epoch :  185  Rel. Train L2 Loss :  0.0136621905118227  Rel. Test L2 Loss :  0.01315712921321392  Test L2 Loss :  0.010867457538843155  Time :  10.934157848358154
Epoch :  186  Rel. Train L2 Loss :  0.012379114747047424  Rel. Test L2 Loss :  0.013926510065793991  Test L2 Loss :  0.011504907086491585  Time :  10.92413067817688
Epoch :  187  Rel. Train L2 Loss :  0.012094705730676652  Rel. Test L2 Loss :  0.012970341444015503  Test L2 Loss :  0.0107231917232275  Time :  10.904932975769043
Epoch :  188  Rel. Train L2 Loss :  0.011648347944021226  Rel. Test L2 Loss :  0.013737732768058777  Test L2 Loss :  0.011350461393594741  Time :  10.900484561920166
Epoch :  189  Rel. Train L2 Loss :  0.013589937642216682  Rel. Test L2 Loss :  0.011934541389346123  Test L2 Loss :  0.009864288419485091  Time :  10.903520822525024
Epoch :  190  Rel. Train L2 Loss :  0.011802166551351547  Rel. Test L2 Loss :  0.013311639428138733  Test L2 Loss :  0.011007641777396202  Time :  10.916536092758179
Epoch :  191  Rel. Train L2 Loss :  0.01526817561686039  Rel. Test L2 Loss :  0.012861930653452874  Test L2 Loss :  0.010632155314087868  Time :  10.933442831039429
Epoch :  192  Rel. Train L2 Loss :  0.013170168995857238  Rel. Test L2 Loss :  0.010958246961236  Test L2 Loss :  0.009058571457862853  Time :  10.962777614593506
Epoch :  193  Rel. Train L2 Loss :  0.013346088394522667  Rel. Test L2 Loss :  0.013374168872833252  Test L2 Loss :  0.01104526497423649  Time :  11.01370358467102
Epoch :  194  Rel. Train L2 Loss :  0.012395994931459427  Rel. Test L2 Loss :  0.018324311822652817  Test L2 Loss :  0.015153790265321732  Time :  11.005495309829712
Epoch :  195  Rel. Train L2 Loss :  0.016374921336770057  Rel. Test L2 Loss :  0.012839149758219719  Test L2 Loss :  0.010610447376966476  Time :  11.012814044952393
Epoch :  196  Rel. Train L2 Loss :  0.014667644828557968  Rel. Test L2 Loss :  0.011808230057358742  Test L2 Loss :  0.00975786492228508  Time :  10.99474024772644
Epoch :  197  Rel. Train L2 Loss :  0.012549728751182557  Rel. Test L2 Loss :  0.014221206977963448  Test L2 Loss :  0.011766854003071784  Time :  10.968685150146484
Epoch :  198  Rel. Train L2 Loss :  0.013982705682516097  Rel. Test L2 Loss :  0.013002085238695145  Test L2 Loss :  0.010745452865958214  Time :  10.952096700668335
Epoch :  199  Rel. Train L2 Loss :  0.011298201337456704  Rel. Test L2 Loss :  0.010307953730225562  Test L2 Loss :  0.008519591316580772  Time :  10.942019701004028
Epoch :  200  Rel. Train L2 Loss :  0.011352221354842186  Rel. Test L2 Loss :  0.011824333444237708  Test L2 Loss :  0.009772639945149422  Time :  10.911473751068115
Epoch :  201  Rel. Train L2 Loss :  0.012168802216649056  Rel. Test L2 Loss :  0.010446321293711662  Test L2 Loss :  0.008633987978100777  Time :  10.896859169006348
Epoch :  202  Rel. Train L2 Loss :  0.012873811051249504  Rel. Test L2 Loss :  0.012821343839168548  Test L2 Loss :  0.01059143863618374  Time :  10.901302576065063
Epoch :  203  Rel. Train L2 Loss :  0.012256740331649781  Rel. Test L2 Loss :  0.012498996779322624  Test L2 Loss :  0.010333539471030235  Time :  10.904566049575806
Epoch :  204  Rel. Train L2 Loss :  0.012252430588006973  Rel. Test L2 Loss :  0.013609833046793939  Test L2 Loss :  0.011254299134016037  Time :  10.918887853622437
Epoch :  205  Rel. Train L2 Loss :  0.012620011255145072  Rel. Test L2 Loss :  0.016006193459033966  Test L2 Loss :  0.01322349786758423  Time :  10.949618101119995
Epoch :  206  Rel. Train L2 Loss :  0.012297079667448998  Rel. Test L2 Loss :  0.011698447689414025  Test L2 Loss :  0.009679240882396698  Time :  10.94220495223999
Epoch :  207  Rel. Train L2 Loss :  0.012395473197102547  Rel. Test L2 Loss :  0.016968091875314714  Test L2 Loss :  0.014027012437582016  Time :  10.999488592147827
Epoch :  208  Rel. Train L2 Loss :  0.013040484637022018  Rel. Test L2 Loss :  0.011204169169068336  Test L2 Loss :  0.00926107294857502  Time :  10.977009296417236
Epoch :  209  Rel. Train L2 Loss :  0.012818868562579156  Rel. Test L2 Loss :  0.016843627393245696  Test L2 Loss :  0.01393398642539978  Time :  10.97150182723999
Epoch :  210  Rel. Train L2 Loss :  0.012295890182256698  Rel. Test L2 Loss :  0.013013009279966355  Test L2 Loss :  0.010755714029073715  Time :  11.014756441116333
Epoch :  211  Rel. Train L2 Loss :  0.012831951931118964  Rel. Test L2 Loss :  0.013648183271288871  Test L2 Loss :  0.011283744275569916  Time :  10.977830410003662
Epoch :  212  Rel. Train L2 Loss :  0.012044730991125107  Rel. Test L2 Loss :  0.011726835444569587  Test L2 Loss :  0.009690162017941475  Time :  10.947623491287231
Epoch :  213  Rel. Train L2 Loss :  0.013769099622964858  Rel. Test L2 Loss :  0.01273111641407013  Test L2 Loss :  0.010521799921989441  Time :  10.933958053588867
Epoch :  214  Rel. Train L2 Loss :  0.01261940197646618  Rel. Test L2 Loss :  0.014547606855630875  Test L2 Loss :  0.012029605805873872  Time :  10.914995193481445
Epoch :  215  Rel. Train L2 Loss :  0.012180441945791244  Rel. Test L2 Loss :  0.012859722748398781  Test L2 Loss :  0.010622792840003968  Time :  10.904678344726562
Epoch :  216  Rel. Train L2 Loss :  0.012610939860343933  Rel. Test L2 Loss :  0.011574505642056466  Test L2 Loss :  0.009562499895691872  Time :  10.903936624526978
Epoch :  217  Rel. Train L2 Loss :  0.01232825280725956  Rel. Test L2 Loss :  0.012233755216002465  Test L2 Loss :  0.010114815384149552  Time :  10.902429819107056
Epoch :  218  Rel. Train L2 Loss :  0.011694481119513512  Rel. Test L2 Loss :  0.012513552233576775  Test L2 Loss :  0.010346892103552819  Time :  10.907681941986084
Epoch :  219  Rel. Train L2 Loss :  0.0105653285831213  Rel. Test L2 Loss :  0.009966008067131042  Test L2 Loss :  0.00823523372411728  Time :  10.920323610305786
Epoch :  220  Rel. Train L2 Loss :  0.011396429911255836  Rel. Test L2 Loss :  0.01211416259407997  Test L2 Loss :  0.010024452060461044  Time :  10.946895837783813
Epoch :  221  Rel. Train L2 Loss :  0.011605934664607048  Rel. Test L2 Loss :  0.010912282317876816  Test L2 Loss :  0.009027183130383492  Time :  11.000095129013062
Epoch :  222  Rel. Train L2 Loss :  0.010229782044887543  Rel. Test L2 Loss :  0.012798462063074112  Test L2 Loss :  0.010579832270741463  Time :  10.988824844360352
Epoch :  223  Rel. Train L2 Loss :  0.011953367739915849  Rel. Test L2 Loss :  0.011732668429613114  Test L2 Loss :  0.009702644124627114  Time :  10.973255395889282
Epoch :  224  Rel. Train L2 Loss :  0.010911493510007858  Rel. Test L2 Loss :  0.010902619883418084  Test L2 Loss :  0.009012302830815316  Time :  10.973266124725342
Epoch :  225  Rel. Train L2 Loss :  0.010761597201228141  Rel. Test L2 Loss :  0.011829297244548797  Test L2 Loss :  0.009778289049863815  Time :  10.961182117462158
Epoch :  226  Rel. Train L2 Loss :  0.012088270753622055  Rel. Test L2 Loss :  0.011472673118114472  Test L2 Loss :  0.009484080225229263  Time :  10.953791618347168
Epoch :  227  Rel. Train L2 Loss :  0.011770893469452858  Rel. Test L2 Loss :  0.01244448460638523  Test L2 Loss :  0.010285091623663901  Time :  10.94989538192749
Epoch :  228  Rel. Train L2 Loss :  0.01265352176129818  Rel. Test L2 Loss :  0.010025109276175498  Test L2 Loss :  0.008287396132946014  Time :  10.940049171447754
Epoch :  229  Rel. Train L2 Loss :  0.01140060943365097  Rel. Test L2 Loss :  0.01273880086839199  Test L2 Loss :  0.010534763038158416  Time :  10.915117979049683
Epoch :  230  Rel. Train L2 Loss :  0.010612187132239341  Rel. Test L2 Loss :  0.009158597365021705  Test L2 Loss :  0.0075708948075771335  Time :  10.909782409667969
Epoch :  231  Rel. Train L2 Loss :  0.010927990406751633  Rel. Test L2 Loss :  0.014004684165120124  Test L2 Loss :  0.011570627316832543  Time :  10.899375915527344
Epoch :  232  Rel. Train L2 Loss :  0.013219322830438614  Rel. Test L2 Loss :  0.011911224350333214  Test L2 Loss :  0.009842326641082763  Time :  10.903630495071411
Epoch :  233  Rel. Train L2 Loss :  0.01187156081199646  Rel. Test L2 Loss :  0.012648703679442406  Test L2 Loss :  0.010446456074714661  Time :  10.912623167037964
Epoch :  234  Rel. Train L2 Loss :  0.010475977838039397  Rel. Test L2 Loss :  0.010245443284511567  Test L2 Loss :  0.008468517288565635  Time :  10.925861358642578
Epoch :  235  Rel. Train L2 Loss :  0.011268057420849801  Rel. Test L2 Loss :  0.011811772510409355  Test L2 Loss :  0.009756813496351243  Time :  10.932905912399292
Epoch :  236  Rel. Train L2 Loss :  0.010744250938296318  Rel. Test L2 Loss :  0.01109010525047779  Test L2 Loss :  0.009165752083063125  Time :  10.949458599090576
Epoch :  237  Rel. Train L2 Loss :  0.011121145948767662  Rel. Test L2 Loss :  0.010135050863027573  Test L2 Loss :  0.0083810855448246  Time :  10.951262950897217
Epoch :  238  Rel. Train L2 Loss :  0.009647057890892029  Rel. Test L2 Loss :  0.011354811638593674  Test L2 Loss :  0.009396676197648049  Time :  10.987393379211426
Epoch :  239  Rel. Train L2 Loss :  0.01078025409579277  Rel. Test L2 Loss :  0.012738909348845482  Test L2 Loss :  0.010535589903593063  Time :  10.993388891220093
Epoch :  240  Rel. Train L2 Loss :  0.011219714358448983  Rel. Test L2 Loss :  0.015871111750602723  Test L2 Loss :  0.013123061209917068  Time :  10.972692489624023
Epoch :  241  Rel. Train L2 Loss :  0.012321527376770973  Rel. Test L2 Loss :  0.013029706329107285  Test L2 Loss :  0.010771908462047577  Time :  10.967857360839844
Epoch :  242  Rel. Train L2 Loss :  0.011736433580517769  Rel. Test L2 Loss :  0.010437963679432869  Test L2 Loss :  0.008625272884964943  Time :  10.944591283798218
Epoch :  243  Rel. Train L2 Loss :  0.010833944201469421  Rel. Test L2 Loss :  0.011332921385765075  Test L2 Loss :  0.009364541247487068  Time :  10.934266805648804
Epoch :  244  Rel. Train L2 Loss :  0.010554448246955872  Rel. Test L2 Loss :  0.01167437545955181  Test L2 Loss :  0.00964101381599903  Time :  10.924104690551758
Epoch :  245  Rel. Train L2 Loss :  0.010391107767820358  Rel. Test L2 Loss :  0.01000478059053421  Test L2 Loss :  0.00826793685555458  Time :  10.913472175598145
Epoch :  246  Rel. Train L2 Loss :  0.010082098811864853  Rel. Test L2 Loss :  0.010969519093632698  Test L2 Loss :  0.009062321335077285  Time :  10.91182017326355
Epoch :  247  Rel. Train L2 Loss :  0.011263735219836235  Rel. Test L2 Loss :  0.012665972784161568  Test L2 Loss :  0.01047491915524006  Time :  10.900767803192139
Epoch :  248  Rel. Train L2 Loss :  0.010672898530960083  Rel. Test L2 Loss :  0.013258562460541724  Test L2 Loss :  0.010963889583945275  Time :  10.897425174713135
Epoch :  249  Rel. Train L2 Loss :  0.010178497806191445  Rel. Test L2 Loss :  0.010348514541983605  Test L2 Loss :  0.00855388954281807  Time :  10.903570413589478
Epoch :  250  Rel. Train L2 Loss :  0.009630863487720489  Rel. Test L2 Loss :  0.012194033414125442  Test L2 Loss :  0.010085442513227462  Time :  10.925321340560913
Epoch :  251  Rel. Train L2 Loss :  0.00996610826253891  Rel. Test L2 Loss :  0.010892949551343917  Test L2 Loss :  0.009012341722846031  Time :  10.946467161178589
Epoch :  252  Rel. Train L2 Loss :  0.011113827869296074  Rel. Test L2 Loss :  0.011042022630572319  Test L2 Loss :  0.009131833761930466  Time :  10.985844373703003
Epoch :  253  Rel. Train L2 Loss :  0.010730848476290702  Rel. Test L2 Loss :  0.010154845267534256  Test L2 Loss :  0.008394590616226195  Time :  11.015774488449097
Epoch :  254  Rel. Train L2 Loss :  0.01250604821741581  Rel. Test L2 Loss :  0.016920401155948638  Test L2 Loss :  0.014005847796797753  Time :  11.015780925750732
Epoch :  255  Rel. Train L2 Loss :  0.01056036226451397  Rel. Test L2 Loss :  0.010702624917030334  Test L2 Loss :  0.008850877359509467  Time :  10.989121675491333
Epoch :  256  Rel. Train L2 Loss :  0.009860735431313515  Rel. Test L2 Loss :  0.010181289985775948  Test L2 Loss :  0.00841705895960331  Time :  10.989112615585327
Epoch :  257  Rel. Train L2 Loss :  0.013474961727857589  Rel. Test L2 Loss :  0.011576353758573531  Test L2 Loss :  0.009569409862160682  Time :  10.960928916931152
Epoch :  258  Rel. Train L2 Loss :  0.010115767374634743  Rel. Test L2 Loss :  0.010502289533615112  Test L2 Loss :  0.00868406668305397  Time :  10.94028925895691
Epoch :  259  Rel. Train L2 Loss :  0.010915965601801872  Rel. Test L2 Loss :  0.009727113619446755  Test L2 Loss :  0.008036885485053063  Time :  10.915953397750854
Epoch :  260  Rel. Train L2 Loss :  0.009734641879796982  Rel. Test L2 Loss :  0.01177347257733345  Test L2 Loss :  0.009733095094561576  Time :  10.898532629013062
Epoch :  261  Rel. Train L2 Loss :  0.010320287600159645  Rel. Test L2 Loss :  0.009809760004281997  Test L2 Loss :  0.00811372809112072  Time :  10.889563798904419
Epoch :  262  Rel. Train L2 Loss :  0.009125983849167824  Rel. Test L2 Loss :  0.01119836002588272  Test L2 Loss :  0.00926046647131443  Time :  10.890093326568604
Epoch :  263  Rel. Train L2 Loss :  0.010289508059620858  Rel. Test L2 Loss :  0.009283492043614387  Test L2 Loss :  0.0076706274598836895  Time :  10.89506721496582
Epoch :  264  Rel. Train L2 Loss :  0.009138412803411483  Rel. Test L2 Loss :  0.010499166771769524  Test L2 Loss :  0.008678205832839013  Time :  10.91565990447998
Epoch :  265  Rel. Train L2 Loss :  0.009882569059729576  Rel. Test L2 Loss :  0.009939396604895592  Test L2 Loss :  0.008220797330141067  Time :  10.940766334533691
Epoch :  266  Rel. Train L2 Loss :  0.008934717997908593  Rel. Test L2 Loss :  0.009148494005203248  Test L2 Loss :  0.0075620684027671815  Time :  10.960669994354248
Epoch :  267  Rel. Train L2 Loss :  0.009838074237108231  Rel. Test L2 Loss :  0.009311102405190468  Test L2 Loss :  0.007698037289083004  Time :  10.98058557510376
Epoch :  268  Rel. Train L2 Loss :  0.008732771947979927  Rel. Test L2 Loss :  0.009137058854103089  Test L2 Loss :  0.007552274726331234  Time :  10.98356294631958
Epoch :  269  Rel. Train L2 Loss :  0.010555300936102867  Rel. Test L2 Loss :  0.011493441835045814  Test L2 Loss :  0.009493909627199173  Time :  11.016286134719849
Epoch :  270  Rel. Train L2 Loss :  0.010563768312335015  Rel. Test L2 Loss :  0.010913258865475655  Test L2 Loss :  0.009021706581115722  Time :  10.969350576400757
Epoch :  271  Rel. Train L2 Loss :  0.011921509087085724  Rel. Test L2 Loss :  0.009432205930352211  Test L2 Loss :  0.007797873765230179  Time :  10.948309659957886
Epoch :  272  Rel. Train L2 Loss :  0.008967794835567474  Rel. Test L2 Loss :  0.010598561763763427  Test L2 Loss :  0.008757011294364929  Time :  10.935868263244629
Epoch :  273  Rel. Train L2 Loss :  0.009654334336519242  Rel. Test L2 Loss :  0.009495139122009277  Test L2 Loss :  0.007845259606838226  Time :  10.91022777557373
Epoch :  274  Rel. Train L2 Loss :  0.008553154289722443  Rel. Test L2 Loss :  0.010878855958580971  Test L2 Loss :  0.008992498591542244  Time :  10.89404010772705
Epoch :  275  Rel. Train L2 Loss :  0.00969924883544445  Rel. Test L2 Loss :  0.009514674544334412  Test L2 Loss :  0.007868106737732887  Time :  10.897661685943604
Epoch :  276  Rel. Train L2 Loss :  0.009342259734869003  Rel. Test L2 Loss :  0.010350828617811203  Test L2 Loss :  0.008562570363283157  Time :  10.898585557937622
Epoch :  277  Rel. Train L2 Loss :  0.008615104615688323  Rel. Test L2 Loss :  0.010859224572777748  Test L2 Loss :  0.0089771319180727  Time :  10.919584035873413
Epoch :  278  Rel. Train L2 Loss :  0.009196285247802735  Rel. Test L2 Loss :  0.011098288968205451  Test L2 Loss :  0.009171878546476364  Time :  10.930809020996094
Epoch :  279  Rel. Train L2 Loss :  0.008734145343303681  Rel. Test L2 Loss :  0.010892066061496735  Test L2 Loss :  0.009006061851978301  Time :  10.975481510162354
Epoch :  280  Rel. Train L2 Loss :  0.008824306719005108  Rel. Test L2 Loss :  0.010200570821762085  Test L2 Loss :  0.00843114361166954  Time :  11.017244815826416
Epoch :  281  Rel. Train L2 Loss :  0.008714248202741146  Rel. Test L2 Loss :  0.008769343867897987  Test L2 Loss :  0.0072500334307551385  Time :  10.996074676513672
Epoch :  282  Rel. Train L2 Loss :  0.009129286363720894  Rel. Test L2 Loss :  0.009713827222585679  Test L2 Loss :  0.008032400012016296  Time :  11.012479543685913
Epoch :  283  Rel. Train L2 Loss :  0.008568182453513146  Rel. Test L2 Loss :  0.008439626097679138  Test L2 Loss :  0.00697721317410469  Time :  10.973496913909912
Epoch :  284  Rel. Train L2 Loss :  0.008365501552820205  Rel. Test L2 Loss :  0.009344390630722045  Test L2 Loss :  0.0077271171659231185  Time :  10.95735764503479
Epoch :  285  Rel. Train L2 Loss :  0.008582064993679523  Rel. Test L2 Loss :  0.009576254934072494  Test L2 Loss :  0.007922555431723594  Time :  10.949618577957153
Epoch :  286  Rel. Train L2 Loss :  0.008977767914533615  Rel. Test L2 Loss :  0.008960146605968475  Test L2 Loss :  0.00740449070930481  Time :  10.92121171951294
Epoch :  287  Rel. Train L2 Loss :  0.007665596872568131  Rel. Test L2 Loss :  0.008367937430739403  Test L2 Loss :  0.0069181093573570255  Time :  10.910484075546265
Epoch :  288  Rel. Train L2 Loss :  0.008040386237204074  Rel. Test L2 Loss :  0.00875437282025814  Test L2 Loss :  0.007232948914170265  Time :  10.904321670532227
Epoch :  289  Rel. Train L2 Loss :  0.008408214770257473  Rel. Test L2 Loss :  0.008431850448250771  Test L2 Loss :  0.0069752329960465435  Time :  10.901301145553589
Epoch :  290  Rel. Train L2 Loss :  0.008584251165390015  Rel. Test L2 Loss :  0.010421835854649543  Test L2 Loss :  0.008618468046188354  Time :  10.910727262496948
Epoch :  291  Rel. Train L2 Loss :  0.010018093928694726  Rel. Test L2 Loss :  0.010697854310274124  Test L2 Loss :  0.008844820857048035  Time :  10.928975105285645
Epoch :  292  Rel. Train L2 Loss :  0.00931629067659378  Rel. Test L2 Loss :  0.013472811505198478  Test L2 Loss :  0.011159664690494538  Time :  10.94469928741455
Epoch :  293  Rel. Train L2 Loss :  0.009331185966730118  Rel. Test L2 Loss :  0.011327642649412155  Test L2 Loss :  0.009355852752923966  Time :  10.969152688980103
Epoch :  294  Rel. Train L2 Loss :  0.007999089948832989  Rel. Test L2 Loss :  0.008213909342885017  Test L2 Loss :  0.006792249158024788  Time :  10.976319789886475
Epoch :  295  Rel. Train L2 Loss :  0.0078100873902440075  Rel. Test L2 Loss :  0.008190825432538986  Test L2 Loss :  0.0067695630714297295  Time :  10.989865779876709
Epoch :  296  Rel. Train L2 Loss :  0.007752024970948696  Rel. Test L2 Loss :  0.009010561704635621  Test L2 Loss :  0.007449368685483932  Time :  10.981099128723145
Epoch :  297  Rel. Train L2 Loss :  0.008971865460276604  Rel. Test L2 Loss :  0.008884894847869872  Test L2 Loss :  0.007345129624009132  Time :  10.97292160987854
Epoch :  298  Rel. Train L2 Loss :  0.007765401177108288  Rel. Test L2 Loss :  0.009260152354836465  Test L2 Loss :  0.007656502686440945  Time :  10.954395055770874
Epoch :  299  Rel. Train L2 Loss :  0.008263428762555123  Rel. Test L2 Loss :  0.009163469299674034  Test L2 Loss :  0.007572369053959847  Time :  10.923326969146729
Epoch :  300  Rel. Train L2 Loss :  0.009265271037817002  Rel. Test L2 Loss :  0.01012598492205143  Test L2 Loss :  0.008379056826233864  Time :  10.902161121368408
Epoch :  301  Rel. Train L2 Loss :  0.00855643542855978  Rel. Test L2 Loss :  0.00919435128569603  Test L2 Loss :  0.0076028650254011156  Time :  10.892052412033081
Epoch :  302  Rel. Train L2 Loss :  0.008004093416035175  Rel. Test L2 Loss :  0.008291765674948692  Test L2 Loss :  0.006858137995004654  Time :  10.890267372131348
Epoch :  303  Rel. Train L2 Loss :  0.007340518712997436  Rel. Test L2 Loss :  0.007938515171408653  Test L2 Loss :  0.006563170813024044  Time :  10.897514820098877
Epoch :  304  Rel. Train L2 Loss :  0.007503992184996605  Rel. Test L2 Loss :  0.008551265001296998  Test L2 Loss :  0.007070055529475212  Time :  10.907440185546875
Epoch :  305  Rel. Train L2 Loss :  0.007533655181527138  Rel. Test L2 Loss :  0.009961226135492324  Test L2 Loss :  0.008229329362511634  Time :  10.925668716430664
Epoch :  306  Rel. Train L2 Loss :  0.008137272953987121  Rel. Test L2 Loss :  0.008575942069292068  Test L2 Loss :  0.00709052748978138  Time :  10.959490776062012
Epoch :  307  Rel. Train L2 Loss :  0.007629305452108383  Rel. Test L2 Loss :  0.008147856518626213  Test L2 Loss :  0.006734496541321277  Time :  10.992770195007324
Epoch :  308  Rel. Train L2 Loss :  0.008364643052220344  Rel. Test L2 Loss :  0.008721246421337127  Test L2 Loss :  0.007211523912847042  Time :  11.015897512435913
Epoch :  309  Rel. Train L2 Loss :  0.007481825239956379  Rel. Test L2 Loss :  0.008495629802346229  Test L2 Loss :  0.007023764178156853  Time :  10.993028402328491
Epoch :  310  Rel. Train L2 Loss :  0.008015736483037472  Rel. Test L2 Loss :  0.008884341567754745  Test L2 Loss :  0.007344578206539154  Time :  10.967379093170166
Epoch :  311  Rel. Train L2 Loss :  0.008918764963746072  Rel. Test L2 Loss :  0.009508054256439209  Test L2 Loss :  0.007864839136600495  Time :  10.948700428009033
Epoch :  312  Rel. Train L2 Loss :  0.007827186189591885  Rel. Test L2 Loss :  0.008416101559996605  Test L2 Loss :  0.006957763582468033  Time :  10.939728736877441
Epoch :  313  Rel. Train L2 Loss :  0.008042813830077648  Rel. Test L2 Loss :  0.008817511796951293  Test L2 Loss :  0.007292183265089989  Time :  10.918936252593994
Epoch :  314  Rel. Train L2 Loss :  0.009063063472509384  Rel. Test L2 Loss :  0.008727696910500526  Test L2 Loss :  0.007210980914533138  Time :  10.903526306152344
Epoch :  315  Rel. Train L2 Loss :  0.007377181813120842  Rel. Test L2 Loss :  0.010139948576688767  Test L2 Loss :  0.008386698961257934  Time :  10.897189140319824
Epoch :  316  Rel. Train L2 Loss :  0.007860454864799976  Rel. Test L2 Loss :  0.007487701028585434  Test L2 Loss :  0.00619126245379448  Time :  10.893678665161133
Epoch :  317  Rel. Train L2 Loss :  0.007189308352768421  Rel. Test L2 Loss :  0.007950805053114891  Test L2 Loss :  0.006572371199727058  Time :  10.89783787727356
Epoch :  318  Rel. Train L2 Loss :  0.007714379616081715  Rel. Test L2 Loss :  0.00970537319779396  Test L2 Loss :  0.008026080504059792  Time :  10.90676236152649
Epoch :  319  Rel. Train L2 Loss :  0.007601607844233513  Rel. Test L2 Loss :  0.0085287956148386  Test L2 Loss :  0.007048538476228714  Time :  10.923741102218628
Epoch :  320  Rel. Train L2 Loss :  0.007637845933437347  Rel. Test L2 Loss :  0.008005863800644875  Test L2 Loss :  0.006619431935250759  Time :  10.93874216079712
Epoch :  321  Rel. Train L2 Loss :  0.007648217394948005  Rel. Test L2 Loss :  0.00817391075193882  Test L2 Loss :  0.006754767782986164  Time :  10.955966711044312
Epoch :  322  Rel. Train L2 Loss :  0.007512428633868694  Rel. Test L2 Loss :  0.00790140252560377  Test L2 Loss :  0.006532185636460781  Time :  10.961523056030273
Epoch :  323  Rel. Train L2 Loss :  0.0069297592714428905  Rel. Test L2 Loss :  0.007262161411345005  Test L2 Loss :  0.00600577037781477  Time :  10.965565919876099
Epoch :  324  Rel. Train L2 Loss :  0.007209388956427574  Rel. Test L2 Loss :  0.007495130524039269  Test L2 Loss :  0.006196547225117683  Time :  10.99562120437622
Epoch :  325  Rel. Train L2 Loss :  0.007059482529759407  Rel. Test L2 Loss :  0.007973703220486641  Test L2 Loss :  0.0065939751267433165  Time :  10.97001338005066
Epoch :  326  Rel. Train L2 Loss :  0.006804336182773113  Rel. Test L2 Loss :  0.00804682195186615  Test L2 Loss :  0.006650389283895493  Time :  10.955534934997559
Epoch :  327  Rel. Train L2 Loss :  0.006303583547472954  Rel. Test L2 Loss :  0.0077151011675596235  Test L2 Loss :  0.006378480792045593  Time :  10.953967332839966
Epoch :  328  Rel. Train L2 Loss :  0.007362241894006729  Rel. Test L2 Loss :  0.0089026690274477  Test L2 Loss :  0.007363763302564621  Time :  10.934299945831299
Epoch :  329  Rel. Train L2 Loss :  0.007470196031033992  Rel. Test L2 Loss :  0.00855354979634285  Test L2 Loss :  0.007073292843997479  Time :  10.928483247756958
Epoch :  330  Rel. Train L2 Loss :  0.008139828220009804  Rel. Test L2 Loss :  0.008229860216379165  Test L2 Loss :  0.006804619766771793  Time :  10.922515392303467
Epoch :  331  Rel. Train L2 Loss :  0.006894989810883999  Rel. Test L2 Loss :  0.007297373414039612  Test L2 Loss :  0.006034532263875007  Time :  10.90971326828003
Epoch :  332  Rel. Train L2 Loss :  0.007310409009456635  Rel. Test L2 Loss :  0.007150318063795566  Test L2 Loss :  0.005912569127976894  Time :  10.909796953201294
Epoch :  333  Rel. Train L2 Loss :  0.00711200238019228  Rel. Test L2 Loss :  0.007696493044495583  Test L2 Loss :  0.0063639038801193235  Time :  10.90031385421753
Epoch :  334  Rel. Train L2 Loss :  0.0073772485256195066  Rel. Test L2 Loss :  0.007323881015181542  Test L2 Loss :  0.006054107807576656  Time :  10.895965576171875
Epoch :  335  Rel. Train L2 Loss :  0.006756850726902485  Rel. Test L2 Loss :  0.006937587521970272  Test L2 Loss :  0.005737596228718758  Time :  10.89392900466919
Epoch :  336  Rel. Train L2 Loss :  0.006195721723139286  Rel. Test L2 Loss :  0.0070327410474419596  Test L2 Loss :  0.0058162085339427  Time :  10.896910190582275
Epoch :  337  Rel. Train L2 Loss :  0.00646102699637413  Rel. Test L2 Loss :  0.0072181359678506855  Test L2 Loss :  0.005967774353921413  Time :  10.905807495117188
Epoch :  338  Rel. Train L2 Loss :  0.006292705282568932  Rel. Test L2 Loss :  0.007943142652511597  Test L2 Loss :  0.006567396558821202  Time :  10.921369552612305
Epoch :  339  Rel. Train L2 Loss :  0.006670723654329777  Rel. Test L2 Loss :  0.0083274045586586  Test L2 Loss :  0.0068862509354948994  Time :  10.948425531387329
Epoch :  340  Rel. Train L2 Loss :  0.007299938142299652  Rel. Test L2 Loss :  0.008118222355842591  Test L2 Loss :  0.006713231615722179  Time :  10.972704410552979
Epoch :  341  Rel. Train L2 Loss :  0.00828390047699213  Rel. Test L2 Loss :  0.007610967755317688  Test L2 Loss :  0.006291691437363625  Time :  10.982935428619385
Epoch :  342  Rel. Train L2 Loss :  0.006798734985291958  Rel. Test L2 Loss :  0.010239876136183738  Test L2 Loss :  0.008469070568680763  Time :  11.003166437149048
Epoch :  343  Rel. Train L2 Loss :  0.006612551160156727  Rel. Test L2 Loss :  0.00802269108593464  Test L2 Loss :  0.006636509373784065  Time :  11.013187408447266
Epoch :  344  Rel. Train L2 Loss :  0.006284992553293705  Rel. Test L2 Loss :  0.006920605599880218  Test L2 Loss :  0.005721574239432811  Time :  10.975572347640991
Epoch :  345  Rel. Train L2 Loss :  0.006467864111065864  Rel. Test L2 Loss :  0.007992450296878815  Test L2 Loss :  0.006608673147857189  Time :  10.946072816848755
Epoch :  346  Rel. Train L2 Loss :  0.006875702366232872  Rel. Test L2 Loss :  0.007574525326490402  Test L2 Loss :  0.006266311816871166  Time :  10.922424077987671
Epoch :  347  Rel. Train L2 Loss :  0.005881395876407623  Rel. Test L2 Loss :  0.008226558864116669  Test L2 Loss :  0.0068090613558888435  Time :  10.90492296218872
Epoch :  348  Rel. Train L2 Loss :  0.00660119803994894  Rel. Test L2 Loss :  0.007135292254388332  Test L2 Loss :  0.00589796643704176  Time :  10.891982793807983
Epoch :  349  Rel. Train L2 Loss :  0.006004834108054638  Rel. Test L2 Loss :  0.00892166018486023  Test L2 Loss :  0.007383462227880955  Time :  10.887972593307495
Epoch :  350  Rel. Train L2 Loss :  0.007133626110851765  Rel. Test L2 Loss :  0.007905542105436324  Test L2 Loss :  0.006536445543169975  Time :  10.889806985855103
Epoch :  351  Rel. Train L2 Loss :  0.006781379617750645  Rel. Test L2 Loss :  0.007552951872348786  Test L2 Loss :  0.00624658465385437  Time :  10.939297914505005
Epoch :  352  Rel. Train L2 Loss :  0.0061538442149758335  Rel. Test L2 Loss :  0.007661802396178245  Test L2 Loss :  0.006337320208549499  Time :  10.92356562614441
Epoch :  353  Rel. Train L2 Loss :  0.0072652557864785194  Rel. Test L2 Loss :  0.009826902970671654  Test L2 Loss :  0.008127970099449157  Time :  10.937403678894043
Epoch :  354  Rel. Train L2 Loss :  0.006448017477989197  Rel. Test L2 Loss :  0.008089997991919517  Test L2 Loss :  0.006685666404664516  Time :  11.528971672058105
Epoch :  355  Rel. Train L2 Loss :  0.005831518605351448  Rel. Test L2 Loss :  0.007068572528660297  Test L2 Loss :  0.00584460262209177  Time :  12.720124006271362
Epoch :  356  Rel. Train L2 Loss :  0.005886406689882278  Rel. Test L2 Loss :  0.007118658050894737  Test L2 Loss :  0.0058871787413954735  Time :  11.024357318878174
Epoch :  357  Rel. Train L2 Loss :  0.0058188198283314705  Rel. Test L2 Loss :  0.007305005751550198  Test L2 Loss :  0.0060395016893744465  Time :  10.96036410331726
Epoch :  358  Rel. Train L2 Loss :  0.005748599402606487  Rel. Test L2 Loss :  0.007678068056702614  Test L2 Loss :  0.006348561123013496  Time :  10.952675819396973
Epoch :  359  Rel. Train L2 Loss :  0.0057726804167032245  Rel. Test L2 Loss :  0.0069656092301011085  Test L2 Loss :  0.005760849043726921  Time :  10.940248966217041
Epoch :  360  Rel. Train L2 Loss :  0.006275805152952671  Rel. Test L2 Loss :  0.007233370691537857  Test L2 Loss :  0.005983996540307999  Time :  10.934979915618896
Epoch :  361  Rel. Train L2 Loss :  0.005795142896473407  Rel. Test L2 Loss :  0.007295789085328579  Test L2 Loss :  0.006034786142408848  Time :  10.919735670089722
Epoch :  362  Rel. Train L2 Loss :  0.00550015289336443  Rel. Test L2 Loss :  0.007134577706456185  Test L2 Loss :  0.005898883603513241  Time :  10.909260272979736
Epoch :  363  Rel. Train L2 Loss :  0.005681629367172718  Rel. Test L2 Loss :  0.008691504672169685  Test L2 Loss :  0.0071874700114130975  Time :  10.900179624557495
Epoch :  364  Rel. Train L2 Loss :  0.006152138397097587  Rel. Test L2 Loss :  0.007558892369270325  Test L2 Loss :  0.0062540796026587485  Time :  10.902204990386963
Epoch :  365  Rel. Train L2 Loss :  0.005815048292279243  Rel. Test L2 Loss :  0.00725984301418066  Test L2 Loss :  0.0060015545412898065  Time :  10.898332357406616
Epoch :  366  Rel. Train L2 Loss :  0.0057229288667440415  Rel. Test L2 Loss :  0.006819822527468204  Test L2 Loss :  0.005641374029219151  Time :  10.899372577667236
Epoch :  367  Rel. Train L2 Loss :  0.00561322782933712  Rel. Test L2 Loss :  0.007629105225205422  Test L2 Loss :  0.006309341751039028  Time :  10.905722379684448
Epoch :  368  Rel. Train L2 Loss :  0.006014247849583626  Rel. Test L2 Loss :  0.007051124200224876  Test L2 Loss :  0.005829637721180916  Time :  10.915746212005615
Epoch :  369  Rel. Train L2 Loss :  0.005538103468716145  Rel. Test L2 Loss :  0.006679686829447746  Test L2 Loss :  0.005521548949182034  Time :  10.940087795257568
Epoch :  370  Rel. Train L2 Loss :  0.005138209320604801  Rel. Test L2 Loss :  0.0067864319309592245  Test L2 Loss :  0.005613229162991047  Time :  10.960676908493042
Epoch :  371  Rel. Train L2 Loss :  0.006151403501629829  Rel. Test L2 Loss :  0.007433772645890712  Test L2 Loss :  0.006146629266440868  Time :  10.980429649353027
Epoch :  372  Rel. Train L2 Loss :  0.005505321472883224  Rel. Test L2 Loss :  0.007133055739104748  Test L2 Loss :  0.0059020290523767475  Time :  11.000613927841187
Epoch :  373  Rel. Train L2 Loss :  0.005950035326182842  Rel. Test L2 Loss :  0.0070958779007196425  Test L2 Loss :  0.005865050964057445  Time :  10.965078115463257
Epoch :  374  Rel. Train L2 Loss :  0.005535657972097397  Rel. Test L2 Loss :  0.008454500287771225  Test L2 Loss :  0.006999818719923496  Time :  10.954179048538208
Epoch :  375  Rel. Train L2 Loss :  0.006832595206797123  Rel. Test L2 Loss :  0.007684960514307022  Test L2 Loss :  0.006354793794453144  Time :  10.927316904067993
Epoch :  376  Rel. Train L2 Loss :  0.0057421839311718945  Rel. Test L2 Loss :  0.007063405811786652  Test L2 Loss :  0.005840356387197971  Time :  10.915606498718262
Epoch :  377  Rel. Train L2 Loss :  0.006185451939702034  Rel. Test L2 Loss :  0.006869003660976886  Test L2 Loss :  0.005679273381829262  Time :  10.90608835220337
Epoch :  378  Rel. Train L2 Loss :  0.005167669914662838  Rel. Test L2 Loss :  0.0063894778862595555  Test L2 Loss :  0.005284316204488278  Time :  10.90021824836731
Epoch :  379  Rel. Train L2 Loss :  0.005449082292616367  Rel. Test L2 Loss :  0.0076102926582098  Test L2 Loss :  0.006294022537767887  Time :  10.889625310897827
Epoch :  380  Rel. Train L2 Loss :  0.005693172022700309  Rel. Test L2 Loss :  0.00684614047408104  Test L2 Loss :  0.005665086321532726  Time :  10.89906930923462
Epoch :  381  Rel. Train L2 Loss :  0.005416605785489082  Rel. Test L2 Loss :  0.006605373583734035  Test L2 Loss :  0.005464322157204151  Time :  10.901389360427856
Epoch :  382  Rel. Train L2 Loss :  0.005101601637899876  Rel. Test L2 Loss :  0.0065348903834819795  Test L2 Loss :  0.005407036878168583  Time :  10.91498875617981
Epoch :  383  Rel. Train L2 Loss :  0.00509424328058958  Rel. Test L2 Loss :  0.006579522117972374  Test L2 Loss :  0.005442685224115848  Time :  10.932680368423462
Epoch :  384  Rel. Train L2 Loss :  0.005228987015783787  Rel. Test L2 Loss :  0.006359551846981048  Test L2 Loss :  0.0052598222717642786  Time :  10.945957660675049
Epoch :  385  Rel. Train L2 Loss :  0.004834638878703118  Rel. Test L2 Loss :  0.0063611319288611416  Test L2 Loss :  0.0052613382413983344  Time :  10.975793600082397
Epoch :  386  Rel. Train L2 Loss :  0.005193372711539268  Rel. Test L2 Loss :  0.006693509519100189  Test L2 Loss :  0.005536316558718681  Time :  10.967602968215942
Epoch :  387  Rel. Train L2 Loss :  0.004984966993331909  Rel. Test L2 Loss :  0.006990856602787972  Test L2 Loss :  0.00578246422111988  Time :  10.984774827957153
Epoch :  388  Rel. Train L2 Loss :  0.0050655117705464365  Rel. Test L2 Loss :  0.006368562318384647  Test L2 Loss :  0.005268267914652824  Time :  10.952708005905151
Epoch :  389  Rel. Train L2 Loss :  0.005090360499918461  Rel. Test L2 Loss :  0.006248890869319439  Test L2 Loss :  0.005166993290185928  Time :  10.94986367225647
Epoch :  390  Rel. Train L2 Loss :  0.004949941739439964  Rel. Test L2 Loss :  0.0068036457151174545  Test L2 Loss :  0.005627096779644489  Time :  10.933549404144287
Epoch :  391  Rel. Train L2 Loss :  0.004775451712310314  Rel. Test L2 Loss :  0.006136982403695583  Test L2 Loss :  0.005075549185276032  Time :  10.921483278274536
Epoch :  392  Rel. Train L2 Loss :  0.004799500338733196  Rel. Test L2 Loss :  0.006616538725793362  Test L2 Loss :  0.005472597070038319  Time :  10.907230615615845
Epoch :  393  Rel. Train L2 Loss :  0.0048874082416296  Rel. Test L2 Loss :  0.006741832494735717  Test L2 Loss :  0.005577318370342255  Time :  10.905872344970703
Epoch :  394  Rel. Train L2 Loss :  0.004841888271272183  Rel. Test L2 Loss :  0.006160600930452347  Test L2 Loss :  0.005094724297523498  Time :  10.898067235946655
Epoch :  395  Rel. Train L2 Loss :  0.004866752952337265  Rel. Test L2 Loss :  0.006234866306185722  Test L2 Loss :  0.005157673396170139  Time :  10.906694650650024
Epoch :  396  Rel. Train L2 Loss :  0.004865850329399109  Rel. Test L2 Loss :  0.006253516115248203  Test L2 Loss :  0.0051710719242691995  Time :  10.91797661781311
Epoch :  397  Rel. Train L2 Loss :  0.0046218201816082  Rel. Test L2 Loss :  0.0062532323598861695  Test L2 Loss :  0.005172093510627747  Time :  10.919786214828491
Epoch :  398  Rel. Train L2 Loss :  0.004558667406439781  Rel. Test L2 Loss :  0.006307226121425629  Test L2 Loss :  0.005216095969080925  Time :  10.935880422592163
Epoch :  399  Rel. Train L2 Loss :  0.004576512955129146  Rel. Test L2 Loss :  0.0062220611423254015  Test L2 Loss :  0.005147710032761097  Time :  10.947997808456421
Epoch :  400  Rel. Train L2 Loss :  0.004585489690303803  Rel. Test L2 Loss :  0.0062086466699838635  Test L2 Loss :  0.005135359242558479  Time :  10.955603837966919
Epoch :  401  Rel. Train L2 Loss :  0.004514842808246613  Rel. Test L2 Loss :  0.006162235327064991  Test L2 Loss :  0.005096879974007607  Time :  10.971913814544678
Epoch :  402  Rel. Train L2 Loss :  0.004511597976088524  Rel. Test L2 Loss :  0.006196009144186974  Test L2 Loss :  0.005126211680471897  Time :  10.963839530944824
Epoch :  403  Rel. Train L2 Loss :  0.004531991519033909  Rel. Test L2 Loss :  0.006504737883806229  Test L2 Loss :  0.005380507260560989  Time :  10.951350688934326
Epoch :  404  Rel. Train L2 Loss :  0.004527064055204391  Rel. Test L2 Loss :  0.006222350485622883  Test L2 Loss :  0.005147843919694424  Time :  10.937488555908203
Epoch :  405  Rel. Train L2 Loss :  0.004584843285381794  Rel. Test L2 Loss :  0.00613436870276928  Test L2 Loss :  0.0050748237222433094  Time :  10.923092126846313
Epoch :  406  Rel. Train L2 Loss :  0.004404226817190647  Rel. Test L2 Loss :  0.006019692607223987  Test L2 Loss :  0.0049787723645567895  Time :  10.908178329467773
Epoch :  407  Rel. Train L2 Loss :  0.004573439136147499  Rel. Test L2 Loss :  0.006209410205483437  Test L2 Loss :  0.005135136134922505  Time :  10.898788928985596
Epoch :  408  Rel. Train L2 Loss :  0.004499640457332134  Rel. Test L2 Loss :  0.006165011115372181  Test L2 Loss :  0.005099963098764419  Time :  10.886317253112793
Epoch :  409  Rel. Train L2 Loss :  0.004554212421178818  Rel. Test L2 Loss :  0.00642335519194603  Test L2 Loss :  0.005314032100141048  Time :  10.882222890853882
Epoch :  410  Rel. Train L2 Loss :  0.004625062704086304  Rel. Test L2 Loss :  0.006115420050919056  Test L2 Loss :  0.0050578687712550165  Time :  10.892925024032593
Epoch :  411  Rel. Train L2 Loss :  0.004404637441039086  Rel. Test L2 Loss :  0.00668388344347477  Test L2 Loss :  0.005529221780598163  Time :  10.909062385559082
Epoch :  412  Rel. Train L2 Loss :  0.004672290459275245  Rel. Test L2 Loss :  0.006222829855978489  Test L2 Loss :  0.005147137157619  Time :  10.92331838607788
Epoch :  413  Rel. Train L2 Loss :  0.00439522036164999  Rel. Test L2 Loss :  0.006638916954398155  Test L2 Loss :  0.005492154136300087  Time :  10.95628023147583
Epoch :  414  Rel. Train L2 Loss :  0.004259718768298626  Rel. Test L2 Loss :  0.006192707866430283  Test L2 Loss :  0.005122168585658073  Time :  10.976819276809692
Epoch :  415  Rel. Train L2 Loss :  0.004237871393561363  Rel. Test L2 Loss :  0.005936523787677288  Test L2 Loss :  0.004910206831991673  Time :  10.993144989013672
Epoch :  416  Rel. Train L2 Loss :  0.004417868755757809  Rel. Test L2 Loss :  0.006015549153089523  Test L2 Loss :  0.004976172223687172  Time :  11.004581451416016
Epoch :  417  Rel. Train L2 Loss :  0.004164363324642181  Rel. Test L2 Loss :  0.006362997777760029  Test L2 Loss :  0.005261385627090931  Time :  10.971386909484863
Epoch :  418  Rel. Train L2 Loss :  0.004359772071242333  Rel. Test L2 Loss :  0.00601261556148529  Test L2 Loss :  0.004973416365683079  Time :  10.9378182888031
Epoch :  419  Rel. Train L2 Loss :  0.004172504507005214  Rel. Test L2 Loss :  0.006248799934983253  Test L2 Loss :  0.005169169493019581  Time :  10.917431592941284
Epoch :  420  Rel. Train L2 Loss :  0.004633076526224613  Rel. Test L2 Loss :  0.00621253352612257  Test L2 Loss :  0.00513914231210947  Time :  10.88740062713623
Epoch :  421  Rel. Train L2 Loss :  0.004178355790674686  Rel. Test L2 Loss :  0.0058996579051017765  Test L2 Loss :  0.004880942776799202  Time :  10.879863739013672
Epoch :  422  Rel. Train L2 Loss :  0.004064574811607599  Rel. Test L2 Loss :  0.005881056264042854  Test L2 Loss :  0.00486488476395607  Time :  10.876310348510742
Epoch :  423  Rel. Train L2 Loss :  0.004118556939065456  Rel. Test L2 Loss :  0.006325223855674267  Test L2 Loss :  0.0052338017895817756  Time :  10.883223533630371
Epoch :  424  Rel. Train L2 Loss :  0.004222035683691502  Rel. Test L2 Loss :  0.006119759157299996  Test L2 Loss :  0.00506305605173111  Time :  10.887986898422241
Epoch :  425  Rel. Train L2 Loss :  0.004129370726644993  Rel. Test L2 Loss :  0.005968348383903504  Test L2 Loss :  0.004938117638230324  Time :  10.903692960739136
Epoch :  426  Rel. Train L2 Loss :  0.003996923997998237  Rel. Test L2 Loss :  0.005926002003252506  Test L2 Loss :  0.004903429187834263  Time :  10.919625282287598
Epoch :  427  Rel. Train L2 Loss :  0.004046408664435148  Rel. Test L2 Loss :  0.00616965264081955  Test L2 Loss :  0.005103607885539532  Time :  10.940796375274658
Epoch :  428  Rel. Train L2 Loss :  0.003978570014238358  Rel. Test L2 Loss :  0.005758814513683319  Test L2 Loss :  0.00476386521011591  Time :  10.979346990585327
Epoch :  429  Rel. Train L2 Loss :  0.003979681514203548  Rel. Test L2 Loss :  0.005961238294839859  Test L2 Loss :  0.0049324632808566094  Time :  10.979398012161255
Epoch :  430  Rel. Train L2 Loss :  0.003931676339358091  Rel. Test L2 Loss :  0.0059069287031888965  Test L2 Loss :  0.004887632951140404  Time :  10.99278450012207
Epoch :  431  Rel. Train L2 Loss :  0.004136017978191376  Rel. Test L2 Loss :  0.006121756806969643  Test L2 Loss :  0.005064973570406437  Time :  10.97474718093872
Epoch :  432  Rel. Train L2 Loss :  0.004063818976283074  Rel. Test L2 Loss :  0.005967979542911053  Test L2 Loss :  0.004937381744384766  Time :  10.937989711761475
Epoch :  433  Rel. Train L2 Loss :  0.00394074209779501  Rel. Test L2 Loss :  0.0058180012553930285  Test L2 Loss :  0.004813452884554863  Time :  10.926604986190796
Epoch :  434  Rel. Train L2 Loss :  0.003875405300408602  Rel. Test L2 Loss :  0.0058549482375383375  Test L2 Loss :  0.004843568243086338  Time :  10.901977062225342
Epoch :  435  Rel. Train L2 Loss :  0.00392740659788251  Rel. Test L2 Loss :  0.005854566097259522  Test L2 Loss :  0.004843450225889683  Time :  10.89973783493042
Epoch :  436  Rel. Train L2 Loss :  0.00392832824587822  Rel. Test L2 Loss :  0.005800659470260143  Test L2 Loss :  0.004799419492483139  Time :  10.885178804397583
Epoch :  437  Rel. Train L2 Loss :  0.004034383848309517  Rel. Test L2 Loss :  0.006032778210937977  Test L2 Loss :  0.004990727081894875  Time :  10.890616655349731
Epoch :  438  Rel. Train L2 Loss :  0.003963530741631985  Rel. Test L2 Loss :  0.005836877301335335  Test L2 Loss :  0.004829513542354107  Time :  10.895344257354736
Epoch :  439  Rel. Train L2 Loss :  0.0037876263819634913  Rel. Test L2 Loss :  0.005915073417127132  Test L2 Loss :  0.004894723258912563  Time :  10.904762268066406
Epoch :  440  Rel. Train L2 Loss :  0.0037866998836398125  Rel. Test L2 Loss :  0.005737599283456803  Test L2 Loss :  0.0047476616501808165  Time :  10.922184228897095
Epoch :  441  Rel. Train L2 Loss :  0.0037932627536356447  Rel. Test L2 Loss :  0.0057460302859544754  Test L2 Loss :  0.0047534690797328945  Time :  10.941416263580322
Epoch :  442  Rel. Train L2 Loss :  0.0037563483752310277  Rel. Test L2 Loss :  0.005778050757944584  Test L2 Loss :  0.004780811741948127  Time :  10.948974370956421
Epoch :  443  Rel. Train L2 Loss :  0.0037197503298521044  Rel. Test L2 Loss :  0.005900755561888218  Test L2 Loss :  0.004881864227354526  Time :  10.954508066177368
Epoch :  444  Rel. Train L2 Loss :  0.003733704499900341  Rel. Test L2 Loss :  0.005825401581823826  Test L2 Loss :  0.004819708280265332  Time :  10.949547052383423
Epoch :  445  Rel. Train L2 Loss :  0.0038223638236522675  Rel. Test L2 Loss :  0.006002189181745052  Test L2 Loss :  0.004965673387050629  Time :  10.935054302215576
Epoch :  446  Rel. Train L2 Loss :  0.0037956936843693257  Rel. Test L2 Loss :  0.00567208744585514  Test L2 Loss :  0.004693120233714581  Time :  10.928974390029907
Epoch :  447  Rel. Train L2 Loss :  0.0036728919297456743  Rel. Test L2 Loss :  0.005684368461370468  Test L2 Loss :  0.004703008346259594  Time :  10.917933225631714
Epoch :  448  Rel. Train L2 Loss :  0.003671955559402704  Rel. Test L2 Loss :  0.005713627859950066  Test L2 Loss :  0.0047269387915730475  Time :  10.911006212234497
Epoch :  449  Rel. Train L2 Loss :  0.0036449918076395986  Rel. Test L2 Loss :  0.005691506266593933  Test L2 Loss :  0.00470899049192667  Time :  10.90785002708435
Epoch :  450  Rel. Train L2 Loss :  0.0036234862096607683  Rel. Test L2 Loss :  0.005710423327982426  Test L2 Loss :  0.00472479235380888  Time :  10.897491455078125
Epoch :  451  Rel. Train L2 Loss :  0.0037657349184155465  Rel. Test L2 Loss :  0.005712660551071167  Test L2 Loss :  0.004726222343742847  Time :  10.89491081237793
Epoch :  452  Rel. Train L2 Loss :  0.0036447894014418124  Rel. Test L2 Loss :  0.005831551440060138  Test L2 Loss :  0.004825594499707222  Time :  10.891887903213501
Epoch :  453  Rel. Train L2 Loss :  0.0036307698041200638  Rel. Test L2 Loss :  0.00564626581966877  Test L2 Loss :  0.0046716701239347454  Time :  10.893823385238647
Epoch :  454  Rel. Train L2 Loss :  0.003614525035023689  Rel. Test L2 Loss :  0.0057453341409564014  Test L2 Loss :  0.0047530347853899  Time :  10.892958164215088
Epoch :  455  Rel. Train L2 Loss :  0.0036442835330963135  Rel. Test L2 Loss :  0.005774753019213676  Test L2 Loss :  0.004778403416275978  Time :  10.91083312034607
Epoch :  456  Rel. Train L2 Loss :  0.003652715403586626  Rel. Test L2 Loss :  0.005666960291564465  Test L2 Loss :  0.00468847755342722  Time :  10.915637969970703
Epoch :  457  Rel. Train L2 Loss :  0.0035776348151266577  Rel. Test L2 Loss :  0.005962442271411419  Test L2 Loss :  0.0049331125989556315  Time :  10.944099187850952
Epoch :  458  Rel. Train L2 Loss :  0.003652986716479063  Rel. Test L2 Loss :  0.005699367076158523  Test L2 Loss :  0.004715532772243023  Time :  10.954083919525146
Epoch :  459  Rel. Train L2 Loss :  0.0035781886875629427  Rel. Test L2 Loss :  0.0057289816439151766  Test L2 Loss :  0.004740587137639522  Time :  10.973055839538574
Epoch :  460  Rel. Train L2 Loss :  0.0035624933280050753  Rel. Test L2 Loss :  0.005737986750900746  Test L2 Loss :  0.004748039320111275  Time :  10.981682300567627
Epoch :  461  Rel. Train L2 Loss :  0.0035243683233857153  Rel. Test L2 Loss :  0.005646056979894638  Test L2 Loss :  0.004671782590448857  Time :  11.012623310089111
Epoch :  462  Rel. Train L2 Loss :  0.0035412739999592306  Rel. Test L2 Loss :  0.005623095855116844  Test L2 Loss :  0.004652247689664364  Time :  10.961225986480713
Epoch :  463  Rel. Train L2 Loss :  0.003560607638210058  Rel. Test L2 Loss :  0.00565430611371994  Test L2 Loss :  0.004678011611104011  Time :  10.937329530715942
Epoch :  464  Rel. Train L2 Loss :  0.0035257539860904215  Rel. Test L2 Loss :  0.005666823759675026  Test L2 Loss :  0.004688770286738872  Time :  10.926958322525024
Epoch :  465  Rel. Train L2 Loss :  0.003605509761720896  Rel. Test L2 Loss :  0.005619198866188526  Test L2 Loss :  0.004649073965847492  Time :  10.910265445709229
Epoch :  466  Rel. Train L2 Loss :  0.003531976077705622  Rel. Test L2 Loss :  0.005635015890002251  Test L2 Loss :  0.004662296660244465  Time :  10.892600297927856
Epoch :  467  Rel. Train L2 Loss :  0.0035575217492878437  Rel. Test L2 Loss :  0.005786122120916844  Test L2 Loss :  0.004788284711539745  Time :  10.879648447036743
Epoch :  468  Rel. Train L2 Loss :  0.0035098579339683054  Rel. Test L2 Loss :  0.00570170845836401  Test L2 Loss :  0.00471773836761713  Time :  10.875171422958374
Epoch :  469  Rel. Train L2 Loss :  0.0035089440867304804  Rel. Test L2 Loss :  0.005620645061135292  Test L2 Loss :  0.0046508174017071725  Time :  10.882585048675537
Epoch :  470  Rel. Train L2 Loss :  0.0034695210084319116  Rel. Test L2 Loss :  0.00564139660447836  Test L2 Loss :  0.004668125286698342  Time :  10.89288854598999
Epoch :  471  Rel. Train L2 Loss :  0.003500398028641939  Rel. Test L2 Loss :  0.005613335222005844  Test L2 Loss :  0.004644497372210026  Time :  10.905616044998169
Epoch :  472  Rel. Train L2 Loss :  0.003458588559180498  Rel. Test L2 Loss :  0.005685652606189251  Test L2 Loss :  0.004704567044973374  Time :  10.934281587600708
Epoch :  473  Rel. Train L2 Loss :  0.003448251251131296  Rel. Test L2 Loss :  0.005672426111996174  Test L2 Loss :  0.004693479351699352  Time :  10.980696678161621
Epoch :  474  Rel. Train L2 Loss :  0.0034469584040343762  Rel. Test L2 Loss :  0.005742297880351544  Test L2 Loss :  0.0047510193288326265  Time :  11.005634069442749
Epoch :  475  Rel. Train L2 Loss :  0.003455522634088993  Rel. Test L2 Loss :  0.005645031221210957  Test L2 Loss :  0.0046709802374243735  Time :  10.999621152877808
Epoch :  476  Rel. Train L2 Loss :  0.0034323948509991167  Rel. Test L2 Loss :  0.005592559948563575  Test L2 Loss :  0.004627152532339096  Time :  10.980183839797974
Epoch :  477  Rel. Train L2 Loss :  0.003455515488982201  Rel. Test L2 Loss :  0.005657252445816993  Test L2 Loss :  0.004681065976619721  Time :  10.96372127532959
Epoch :  478  Rel. Train L2 Loss :  0.0034473356641829015  Rel. Test L2 Loss :  0.005655226036906242  Test L2 Loss :  0.004679131843149662  Time :  10.940815925598145
Epoch :  479  Rel. Train L2 Loss :  0.003418888036161661  Rel. Test L2 Loss :  0.005639647282660008  Test L2 Loss :  0.004666250497102738  Time :  10.924713850021362
Epoch :  480  Rel. Train L2 Loss :  0.0034467989318072794  Rel. Test L2 Loss :  0.005654484629631042  Test L2 Loss :  0.004678771905601025  Time :  10.90087366104126
Epoch :  481  Rel. Train L2 Loss :  0.003410464085638523  Rel. Test L2 Loss :  0.0056330148503184315  Test L2 Loss :  0.004660885520279407  Time :  10.884838581085205
Epoch :  482  Rel. Train L2 Loss :  0.003392775248736143  Rel. Test L2 Loss :  0.005658863298594952  Test L2 Loss :  0.004682600721716881  Time :  10.882004976272583
Epoch :  483  Rel. Train L2 Loss :  0.0034313537813723087  Rel. Test L2 Loss :  0.005625619031488896  Test L2 Loss :  0.004654794707894325  Time :  10.887354850769043
Epoch :  484  Rel. Train L2 Loss :  0.0033936740420758725  Rel. Test L2 Loss :  0.005646508708596229  Test L2 Loss :  0.004671976454555988  Time :  10.90158987045288
Epoch :  485  Rel. Train L2 Loss :  0.003390464697033167  Rel. Test L2 Loss :  0.005614415220916272  Test L2 Loss :  0.004645644798874855  Time :  10.912418842315674
Epoch :  486  Rel. Train L2 Loss :  0.0033982759676873683  Rel. Test L2 Loss :  0.005627978295087814  Test L2 Loss :  0.004656999073922634  Time :  10.939335584640503
Epoch :  487  Rel. Train L2 Loss :  0.0033785930275917054  Rel. Test L2 Loss :  0.005660681053996086  Test L2 Loss :  0.004684120416641235  Time :  10.966184854507446
Epoch :  488  Rel. Train L2 Loss :  0.0033881682232022284  Rel. Test L2 Loss :  0.005654298737645149  Test L2 Loss :  0.004678784757852554  Time :  10.974635124206543
Epoch :  489  Rel. Train L2 Loss :  0.003385443340986967  Rel. Test L2 Loss :  0.005591955669224262  Test L2 Loss :  0.004627002663910389  Time :  10.981748819351196
Epoch :  490  Rel. Train L2 Loss :  0.003373164817690849  Rel. Test L2 Loss :  0.005638830289244652  Test L2 Loss :  0.004665915220975876  Time :  10.968142032623291
Epoch :  491  Rel. Train L2 Loss :  0.003367816999554634  Rel. Test L2 Loss :  0.005635254122316837  Test L2 Loss :  0.004662863314151764  Time :  10.951718091964722
Epoch :  492  Rel. Train L2 Loss :  0.0033711723499000074  Rel. Test L2 Loss :  0.005675397478044033  Test L2 Loss :  0.0046958975493907925  Time :  10.930725812911987
Epoch :  493  Rel. Train L2 Loss :  0.003371569011360407  Rel. Test L2 Loss :  0.005636639520525932  Test L2 Loss :  0.0046640712022781375  Time :  10.913828134536743
Epoch :  494  Rel. Train L2 Loss :  0.0033735237494111063  Rel. Test L2 Loss :  0.005565060302615166  Test L2 Loss :  0.004604706093668937  Time :  10.897148609161377
Epoch :  495  Rel. Train L2 Loss :  0.003369319472461939  Rel. Test L2 Loss :  0.005622105412185192  Test L2 Loss :  0.004651980698108673  Time :  10.887657880783081
Epoch :  496  Rel. Train L2 Loss :  0.0033641935363411903  Rel. Test L2 Loss :  0.005600096099078656  Test L2 Loss :  0.004633707217872143  Time :  10.887556552886963
Epoch :  497  Rel. Train L2 Loss :  0.0033719619736075402  Rel. Test L2 Loss :  0.005599015057086944  Test L2 Loss :  0.004632895179092884  Time :  10.895555257797241
Epoch :  498  Rel. Train L2 Loss :  0.003367688123136759  Rel. Test L2 Loss :  0.005607014931738377  Test L2 Loss :  0.004639603570103646  Time :  10.916181802749634
Epoch :  499  Rel. Train L2 Loss :  0.003380756746977568  Rel. Test L2 Loss :  0.005630814582109451  Test L2 Loss :  0.004659060351550579  Time :  10.930107116699219
