original data: in (2490, 221, 51, 2) out (2490, 221, 51)
used data: x_train (1000, 11271, 4) y_train (1000, 11271, 1) x_test (200, 11271, 4) y_test (200, 11271, 1)
############################################################ config of data ############################################################
L: 1.0
downsample_ratio: 1
n_train: 1000
n_test: 200
pca_include_input: False
pca_include_grid: False
should_include_F: False
should_flatten: True
should_compute_bases: True
############################################################ config of model ############################################################
in_dim: 4
out_dim: 1
fc_channels: 128
layer_channels: [64, 64, 64, 64, 64]
layer_types: ['GalerkinConv', 'GalerkinConv', 'GalerkinConv', 'GalerkinConv']
act: gelu
should_residual: [False, False, False, False]
modes_gk: [128, 128, 128, 128]
bases_types: ['fourier', 'fourier', 'fourier', 'fourier']
wbases_types: ['fourier', 'fourier', 'fourier', 'fourier']
green_types: ['HierLrGreen', 'HierLrGreen', 'HierLrGreen', 'HierLrGreen']
ranks_h: [1, 1, 1, 1]
levels: [4, 4, 4, 4]
ranks_d: [4, 4, 4, 4]
heads: [4, 4, 4, 4]
############################################################ config of train ############################################################
device: cuda
normalization_x: True
normalization_y: True
normalization_dim: []
epochs: 500
batch_size: 30
scheduler: OneCycleLR
base_lr: 0.001
weight_decay: 0.0001
milestones: None
scheduler_gamma: None
############################################################ Start Training ############################################################
number of parameters is 287553
no boundary loss
epoch0  rel.Train: 0.15931951427459717  rel.Test: 0.15275652408599855  abs.Test: 0.12633976101875305  abs.TestBoundary: 0j  time: 5.49835459003225
epoch1  rel.Train: 0.15091706228256224  rel.Test: 0.127777978181839  abs.Test: 0.10565524637699127  abs.TestBoundary: 0j  time: 0.966761798132211
epoch2  rel.Train: 0.11539168262481689  rel.Test: 0.10559115290641785  abs.Test: 0.08730502486228943  abs.TestBoundary: 0j  time: 0.9669511350803077
epoch3  rel.Train: 0.10627656948566437  rel.Test: 0.10183552145957947  abs.Test: 0.08421400368213654  abs.TestBoundary: 0j  time: 0.9685236969962716
epoch4  rel.Train: 0.10397160708904267  rel.Test: 0.10073913395404815  abs.Test: 0.08328623354434966  abs.TestBoundary: 0j  time: 0.968855950050056
epoch5  rel.Train: 0.10269677352905274  rel.Test: 0.09906758666038513  abs.Test: 0.08192539274692535  abs.TestBoundary: 0j  time: 0.9664844209328294
epoch6  rel.Train: 0.10184782934188842  rel.Test: 0.09949880003929139  abs.Test: 0.08225570976734162  abs.TestBoundary: 0j  time: 0.9693382079713047
epoch7  rel.Train: 0.1014739489555359  rel.Test: 0.09864061295986176  abs.Test: 0.0815609174966812  abs.TestBoundary: 0j  time: 0.9679493750445545
epoch8  rel.Train: 0.10138566786050797  rel.Test: 0.09822901844978332  abs.Test: 0.08124100327491761  abs.TestBoundary: 0j  time: 0.9666743618436158
epoch9  rel.Train: 0.10102368545532227  rel.Test: 0.09807860553264618  abs.Test: 0.0811059981584549  abs.TestBoundary: 0j  time: 0.9672362678684294
epoch10  rel.Train: 0.10091385108232498  rel.Test: 0.09809224128723144  abs.Test: 0.081116544008255  abs.TestBoundary: 0j  time: 0.9662702209316194
epoch11  rel.Train: 0.10085553359985351  rel.Test: 0.09791803121566772  abs.Test: 0.08097281455993652  abs.TestBoundary: 0j  time: 0.9659870429895818
epoch12  rel.Train: 0.10077512574195861  rel.Test: 0.09770622909069061  abs.Test: 0.08080983519554139  abs.TestBoundary: 0j  time: 0.9673400106839836
epoch13  rel.Train: 0.10063008511066437  rel.Test: 0.0974801504611969  abs.Test: 0.08062475442886352  abs.TestBoundary: 0j  time: 0.9669380350969732
epoch14  rel.Train: 0.10064077895879746  rel.Test: 0.09769774675369262  abs.Test: 0.08079085230827332  abs.TestBoundary: 0j  time: 0.9672268717549741
epoch15  rel.Train: 0.10056735992431641  rel.Test: 0.09779610335826874  abs.Test: 0.08088990926742554  abs.TestBoundary: 0j  time: 0.968674142844975
epoch16  rel.Train: 0.10096656453609466  rel.Test: 0.09834254503250123  abs.Test: 0.08130491137504578  abs.TestBoundary: 0j  time: 0.9685543542727828
epoch17  rel.Train: 0.10054798102378845  rel.Test: 0.0981550908088684  abs.Test: 0.08115648925304413  abs.TestBoundary: 0j  time: 0.9671578761190176
epoch18  rel.Train: 0.10054881536960601  rel.Test: 0.09745161294937134  abs.Test: 0.08060711860656739  abs.TestBoundary: 0j  time: 0.9664491876028478
epoch19  rel.Train: 0.10066368794441223  rel.Test: 0.09805773913860322  abs.Test: 0.08108036696910859  abs.TestBoundary: 0j  time: 0.9664970100857317
epoch20  rel.Train: 0.10043013232946396  rel.Test: 0.09759166121482848  abs.Test: 0.08070780336856842  abs.TestBoundary: 0j  time: 0.9678302709944546
epoch21  rel.Train: 0.10042956554889679  rel.Test: 0.09756789684295654  abs.Test: 0.08070085167884827  abs.TestBoundary: 0j  time: 0.9662732351571321
epoch22  rel.Train: 0.10052768236398697  rel.Test: 0.09801965653896332  abs.Test: 0.0810450965166092  abs.TestBoundary: 0j  time: 0.9661073540337384
epoch23  rel.Train: 0.10062794172763824  rel.Test: 0.09786171972751617  abs.Test: 0.08093354105949402  abs.TestBoundary: 0j  time: 0.9672459652647376
epoch24  rel.Train: 0.10048951303958893  rel.Test: 0.09788490772247314  abs.Test: 0.08093860805034638  abs.TestBoundary: 0j  time: 0.9664053181186318
epoch25  rel.Train: 0.10051108765602111  rel.Test: 0.0974974811077118  abs.Test: 0.08062738418579102  abs.TestBoundary: 0j  time: 0.9751101569272578
epoch26  rel.Train: 0.10039254522323608  rel.Test: 0.09762831926345825  abs.Test: 0.08072842121124267  abs.TestBoundary: 0j  time: 0.9834952708333731
epoch27  rel.Train: 0.1003780870437622  rel.Test: 0.09748553693294525  abs.Test: 0.08062413275241852  abs.TestBoundary: 0j  time: 0.9840932679362595
epoch28  rel.Train: 0.10045871269702912  rel.Test: 0.09781782031059265  abs.Test: 0.08088378846645355  abs.TestBoundary: 0j  time: 0.9700539279729128
epoch29  rel.Train: 0.10050969529151917  rel.Test: 0.09804624736309052  abs.Test: 0.0810671854019165  abs.TestBoundary: 0j  time: 0.9689641520380974
epoch30  rel.Train: 0.10040707135200501  rel.Test: 0.09788806974887848  abs.Test: 0.08093785524368285  abs.TestBoundary: 0j  time: 0.9665455911308527
epoch31  rel.Train: 0.10034374725818634  rel.Test: 0.09728265523910523  abs.Test: 0.08045914888381958  abs.TestBoundary: 0j  time: 0.9679865068756044
epoch32  rel.Train: 0.1005347809791565  rel.Test: 0.09752261817455292  abs.Test: 0.08065732836723327  abs.TestBoundary: 0j  time: 0.9674747488461435
epoch33  rel.Train: 0.10065867221355439  rel.Test: 0.09743031740188599  abs.Test: 0.08058119237422944  abs.TestBoundary: 0j  time: 0.9674970540218055
epoch34  rel.Train: 0.10047806370258332  rel.Test: 0.09779953896999359  abs.Test: 0.08087921619415284  abs.TestBoundary: 0j  time: 0.9678252739831805
epoch35  rel.Train: 0.10046313375234604  rel.Test: 0.09760436534881592  abs.Test: 0.08073229432106017  abs.TestBoundary: 0j  time: 0.9678094233386219
epoch36  rel.Train: 0.10040202105045319  rel.Test: 0.09759866356849671  abs.Test: 0.08071559309959411  abs.TestBoundary: 0j  time: 0.9675172688439488
epoch37  rel.Train: 0.10039791703224182  rel.Test: 0.09741792798042298  abs.Test: 0.08057696342468262  abs.TestBoundary: 0j  time: 0.9664887650869787
epoch38  rel.Train: 0.10038205969333648  rel.Test: 0.09750670433044434  abs.Test: 0.08064205169677735  abs.TestBoundary: 0j  time: 0.9674118729308248
epoch39  rel.Train: 0.10044743591547012  rel.Test: 0.0974856060743332  abs.Test: 0.08064873814582825  abs.TestBoundary: 0j  time: 0.9675600291229784
epoch40  rel.Train: 0.10050142431259156  rel.Test: 0.09723623335361481  abs.Test: 0.08042811036109924  abs.TestBoundary: 0j  time: 0.9678839119151235
epoch41  rel.Train: 0.10025604784488679  rel.Test: 0.09736449480056762  abs.Test: 0.08053313791751862  abs.TestBoundary: 0j  time: 0.9684558692388237
epoch42  rel.Train: 0.10048752325773239  rel.Test: 0.09760254919528961  abs.Test: 0.08071580231189728  abs.TestBoundary: 0j  time: 0.9675544570200145
epoch43  rel.Train: 0.10045506298542023  rel.Test: 0.09742093443870545  abs.Test: 0.08056928098201752  abs.TestBoundary: 0j  time: 0.9689362831413746
epoch44  rel.Train: 0.10036625134944915  rel.Test: 0.09792260885238648  abs.Test: 0.08096627831459045  abs.TestBoundary: 0j  time: 0.967731736600399
epoch45  rel.Train: 0.1003475832939148  rel.Test: 0.09721720695495606  abs.Test: 0.08040703535079956  abs.TestBoundary: 0j  time: 0.9679801329039037
epoch46  rel.Train: 0.10032919859886169  rel.Test: 0.09737661063671112  abs.Test: 0.08054515719413757  abs.TestBoundary: 0j  time: 0.9696570914238691
epoch47  rel.Train: 0.10041720521450043  rel.Test: 0.09756904482841491  abs.Test: 0.08069454550743103  abs.TestBoundary: 0j  time: 0.9677620828151703
epoch48  rel.Train: 0.10040706247091294  rel.Test: 0.0976573485136032  abs.Test: 0.08076160311698914  abs.TestBoundary: 0j  time: 0.9674359019845724
epoch49  rel.Train: 0.10030900108814239  rel.Test: 0.09778480052947998  abs.Test: 0.08085003793239594  abs.TestBoundary: 0j  time: 0.9676786102354527
epoch50  rel.Train: 0.1003707475066185  rel.Test: 0.09735538244247437  abs.Test: 0.08051975131034851  abs.TestBoundary: 0j  time: 0.9682494951412082
epoch51  rel.Train: 0.10040330189466476  rel.Test: 0.09720789551734925  abs.Test: 0.0803896141052246  abs.TestBoundary: 0j  time: 0.9678077967837453
epoch52  rel.Train: 0.10028913927078247  rel.Test: 0.09737955927848815  abs.Test: 0.0805324798822403  abs.TestBoundary: 0j  time: 0.9682464716024697
epoch53  rel.Train: 0.10046192795038224  rel.Test: 0.0976837170124054  abs.Test: 0.08078674912452698  abs.TestBoundary: 0j  time: 0.9679638096131384
epoch54  rel.Train: 0.10029293751716614  rel.Test: 0.09776934623718261  abs.Test: 0.08084517121315002  abs.TestBoundary: 0j  time: 0.9674352868460119
epoch55  rel.Train: 0.10042769581079483  rel.Test: 0.09813681960105897  abs.Test: 0.08113791644573212  abs.TestBoundary: 0j  time: 0.9677154920063913
epoch56  rel.Train: 0.10030149358510972  rel.Test: 0.09762027621269226  abs.Test: 0.08072759509086609  abs.TestBoundary: 0j  time: 0.9676586026325822
epoch57  rel.Train: 0.10028121101856231  rel.Test: 0.09780191659927367  abs.Test: 0.08086578369140625  abs.TestBoundary: 0j  time: 0.9684594050049782
epoch58  rel.Train: 0.1002695597410202  rel.Test: 0.09735076665878296  abs.Test: 0.0805313116312027  abs.TestBoundary: 0j  time: 0.9679182898253202
epoch59  rel.Train: 0.10049434959888458  rel.Test: 0.09746596932411195  abs.Test: 0.08062512159347535  abs.TestBoundary: 0j  time: 0.9691063216887414
epoch60  rel.Train: 0.10050564467906951  rel.Test: 0.09758092641830445  abs.Test: 0.08069544374942779  abs.TestBoundary: 0j  time: 0.967966633848846
epoch61  rel.Train: 0.10032219183444976  rel.Test: 0.09783455312252044  abs.Test: 0.08089053869247437  abs.TestBoundary: 0j  time: 0.96879129903391
epoch62  rel.Train: 0.10030762588977814  rel.Test: 0.09732246041297912  abs.Test: 0.08050240397453308  abs.TestBoundary: 0j  time: 0.9845978361554444
epoch63  rel.Train: 0.10027164816856385  rel.Test: 0.0978705084323883  abs.Test: 0.08092272460460663  abs.TestBoundary: 0j  time: 0.9857526230625808
epoch64  rel.Train: 0.10035757398605347  rel.Test: 0.09756869196891785  abs.Test: 0.08068453550338744  abs.TestBoundary: 0j  time: 0.9790151240304112
epoch65  rel.Train: 0.10035915613174438  rel.Test: 0.09790686011314392  abs.Test: 0.08095717191696167  abs.TestBoundary: 0j  time: 0.9671969152987003
epoch66  rel.Train: 0.10036997413635254  rel.Test: 0.09729156255722046  abs.Test: 0.08046031475067139  abs.TestBoundary: 0j  time: 0.9678979897871614
epoch67  rel.Train: 0.10024451732635498  rel.Test: 0.09719556450843811  abs.Test: 0.08039907574653625  abs.TestBoundary: 0j  time: 0.9682721146382391
epoch68  rel.Train: 0.10025884342193604  rel.Test: 0.0972046560049057  abs.Test: 0.08040099799633026  abs.TestBoundary: 0j  time: 0.9692712342366576
epoch69  rel.Train: 0.10039901757240295  rel.Test: 0.0973849618434906  abs.Test: 0.08053049087524414  abs.TestBoundary: 0j  time: 0.9690013597719371
epoch70  rel.Train: 0.10029115116596223  rel.Test: 0.09820058584213257  abs.Test: 0.08119135737419128  abs.TestBoundary: 0j  time: 0.9680617861449718
epoch71  rel.Train: 0.10039934939146042  rel.Test: 0.09767449498176575  abs.Test: 0.08076935589313507  abs.TestBoundary: 0j  time: 0.9678405621089041
epoch72  rel.Train: 0.10035676789283753  rel.Test: 0.09720314860343933  abs.Test: 0.08040487825870514  abs.TestBoundary: 0j  time: 0.9680992276407778
epoch73  rel.Train: 0.10025879013538361  rel.Test: 0.09715159237384796  abs.Test: 0.08036256194114685  abs.TestBoundary: 0j  time: 0.9685563039965928
epoch74  rel.Train: 0.10018806934356689  rel.Test: 0.09766442298889161  abs.Test: 0.08079445838928223  abs.TestBoundary: 0j  time: 0.9678870448842645
epoch75  rel.Train: 0.10025389504432679  rel.Test: 0.09790818631649018  abs.Test: 0.08095299243927002  abs.TestBoundary: 0j  time: 0.9693317352794111
epoch76  rel.Train: 0.10026377654075623  rel.Test: 0.09698680698871613  abs.Test: 0.08021821141242981  abs.TestBoundary: 0j  time: 0.9686379199847579
epoch77  rel.Train: 0.10023499381542206  rel.Test: 0.09806590676307678  abs.Test: 0.08108283936977387  abs.TestBoundary: 0j  time: 0.96836321009323
epoch78  rel.Train: 0.1003653998374939  rel.Test: 0.09728149771690368  abs.Test: 0.080455521941185  abs.TestBoundary: 0j  time: 0.9683982636779547
epoch79  rel.Train: 0.10017835932970047  rel.Test: 0.0974120008945465  abs.Test: 0.0805608081817627  abs.TestBoundary: 0j  time: 0.968249224126339
epoch80  rel.Train: 0.10024264097213745  rel.Test: 0.0975975501537323  abs.Test: 0.0807345974445343  abs.TestBoundary: 0j  time: 0.968578870408237
epoch81  rel.Train: 0.1002154688835144  rel.Test: 0.09768936514854432  abs.Test: 0.08077264368534089  abs.TestBoundary: 0j  time: 0.9691300401464105
epoch82  rel.Train: 0.1000735878944397  rel.Test: 0.09703558802604675  abs.Test: 0.08025647819042206  abs.TestBoundary: 0j  time: 0.9690810670144856
epoch83  rel.Train: 0.10014979100227356  rel.Test: 0.09732729315757752  abs.Test: 0.08049627661705017  abs.TestBoundary: 0j  time: 0.9684696011245251
epoch84  rel.Train: 0.10005357134342194  rel.Test: 0.09718820571899414  abs.Test: 0.0803652024269104  abs.TestBoundary: 0j  time: 0.968069959897548
epoch85  rel.Train: 0.09994771665334702  rel.Test: 0.09677519798278808  abs.Test: 0.08004926800727845  abs.TestBoundary: 0j  time: 0.9677830128930509
epoch86  rel.Train: 0.09985579824447632  rel.Test: 0.09666432201862335  abs.Test: 0.07994184851646423  abs.TestBoundary: 0j  time: 0.966736997012049
epoch87  rel.Train: 0.09957589149475098  rel.Test: 0.09664913356304168  abs.Test: 0.07994652807712554  abs.TestBoundary: 0j  time: 0.9682589322328568
epoch88  rel.Train: 0.09946180820465088  rel.Test: 0.09588069558143615  abs.Test: 0.07928844928741455  abs.TestBoundary: 0j  time: 0.9677266669459641
epoch89  rel.Train: 0.09810255897045135  rel.Test: 0.09989973306655883  abs.Test: 0.08257279515266419  abs.TestBoundary: 0j  time: 0.9674564357846975
epoch90  rel.Train: 0.09546418851613998  rel.Test: 0.08985740780830383  abs.Test: 0.07429403126239777  abs.TestBoundary: 0j  time: 0.9680433059111238
epoch91  rel.Train: 0.09211375254392624  rel.Test: 0.10218443989753723  abs.Test: 0.08447370767593383  abs.TestBoundary: 0j  time: 0.9670396149158478
epoch92  rel.Train: 0.08890361261367798  rel.Test: 0.08624013185501099  abs.Test: 0.07125134825706482  abs.TestBoundary: 0j  time: 0.9677794831804931
epoch93  rel.Train: 0.08551657605171203  rel.Test: 0.08225671827793121  abs.Test: 0.06801564514636993  abs.TestBoundary: 0j  time: 0.9674099260009825
epoch94  rel.Train: 0.08228291666507721  rel.Test: 0.08473976910114288  abs.Test: 0.06998063206672668  abs.TestBoundary: 0j  time: 0.9675049190409482
epoch95  rel.Train: 0.08451779747009278  rel.Test: 0.08066615700721741  abs.Test: 0.06669145822525024  abs.TestBoundary: 0j  time: 0.967328738886863
epoch96  rel.Train: 0.08085866069793701  rel.Test: 0.07867366313934326  abs.Test: 0.06496619880199432  abs.TestBoundary: 0j  time: 0.9677907447330654
epoch97  rel.Train: 0.079513523042202  rel.Test: 0.07715745985507966  abs.Test: 0.06374704062938691  abs.TestBoundary: 0j  time: 0.9680853458121419
epoch98  rel.Train: 0.0811165862083435  rel.Test: 0.07913423538208007  abs.Test: 0.06542762398719787  abs.TestBoundary: 0j  time: 0.9790764190256596
epoch99  rel.Train: 0.08020163583755494  rel.Test: 0.07584611356258392  abs.Test: 0.06267869710922241  abs.TestBoundary: 0j  time: 0.98395329201594
epoch100  rel.Train: 0.07764631795883178  rel.Test: 0.07561911940574646  abs.Test: 0.06250010967254639  abs.TestBoundary: 0j  time: 0.9842260666191578
epoch101  rel.Train: 0.0757475426197052  rel.Test: 0.09358180940151214  abs.Test: 0.0772443276643753  abs.TestBoundary: 0j  time: 0.9677752731367946
epoch102  rel.Train: 0.07781720626354217  rel.Test: 0.07895750164985657  abs.Test: 0.06524589002132415  abs.TestBoundary: 0j  time: 0.9677433241158724
epoch103  rel.Train: 0.07561421370506287  rel.Test: 0.07236391067504883  abs.Test: 0.05974121391773224  abs.TestBoundary: 0j  time: 0.9675384759902954
epoch104  rel.Train: 0.07457794398069381  rel.Test: 0.07167747318744659  abs.Test: 0.059225255846977236  abs.TestBoundary: 0j  time: 0.9693292849697173
epoch105  rel.Train: 0.07207114785909653  rel.Test: 0.0702516919374466  abs.Test: 0.058017228245735165  abs.TestBoundary: 0j  time: 0.9684945400804281
epoch106  rel.Train: 0.06977291905879975  rel.Test: 0.07367235124111175  abs.Test: 0.060889185667037965  abs.TestBoundary: 0j  time: 0.9679109421558678
epoch107  rel.Train: 0.06739205104112625  rel.Test: 0.06562599778175354  abs.Test: 0.05422763764858246  abs.TestBoundary: 0j  time: 0.9671752257272601
epoch108  rel.Train: 0.06550909078121185  rel.Test: 0.06673093140125275  abs.Test: 0.055106905102729795  abs.TestBoundary: 0j  time: 0.9677402200177312
epoch109  rel.Train: 0.06375416976213455  rel.Test: 0.05692175090312958  abs.Test: 0.047049335837364196  abs.TestBoundary: 0j  time: 0.9673044681549072
epoch110  rel.Train: 0.0612599972486496  rel.Test: 0.07334087789058685  abs.Test: 0.060594685077667236  abs.TestBoundary: 0j  time: 0.967677109874785
epoch111  rel.Train: 0.06174809443950653  rel.Test: 0.05904140651226044  abs.Test: 0.04882462501525879  abs.TestBoundary: 0j  time: 0.9662397759966552
epoch112  rel.Train: 0.05819993150234223  rel.Test: 0.0537176650762558  abs.Test: 0.044392507374286655  abs.TestBoundary: 0j  time: 0.9677099999971688
epoch113  rel.Train: 0.056232890367507934  rel.Test: 0.0557349020242691  abs.Test: 0.046062247157096864  abs.TestBoundary: 0j  time: 0.967897788155824
epoch114  rel.Train: 0.054679822444915774  rel.Test: 0.058312095403671264  abs.Test: 0.048164306581020354  abs.TestBoundary: 0j  time: 0.9669377831742167
epoch115  rel.Train: 0.055171836912631986  rel.Test: 0.05397511899471283  abs.Test: 0.044595134556293485  abs.TestBoundary: 0j  time: 0.9686534139327705
epoch116  rel.Train: 0.05480211538076401  rel.Test: 0.05167814582586289  abs.Test: 0.04272469222545624  abs.TestBoundary: 0j  time: 0.9683420220389962
epoch117  rel.Train: 0.05352246260643005  rel.Test: 0.052206722795963285  abs.Test: 0.04314224481582642  abs.TestBoundary: 0j  time: 0.9667378179728985
epoch118  rel.Train: 0.05176194715499878  rel.Test: 0.05617276132106781  abs.Test: 0.04640473425388336  abs.TestBoundary: 0j  time: 0.9688658411614597
epoch119  rel.Train: 0.05267234313488007  rel.Test: 0.04966624140739441  abs.Test: 0.041042175889015195  abs.TestBoundary: 0j  time: 0.9674402680248022
epoch120  rel.Train: 0.051412031590938566  rel.Test: 0.05257114619016647  abs.Test: 0.043443925976753235  abs.TestBoundary: 0j  time: 0.9678579168394208
epoch121  rel.Train: 0.05073667657375336  rel.Test: 0.049931764006614685  abs.Test: 0.04126861155033112  abs.TestBoundary: 0j  time: 0.9686558060348034
epoch122  rel.Train: 0.050254074215888976  rel.Test: 0.05127370923757553  abs.Test: 0.042368391752243044  abs.TestBoundary: 0j  time: 0.9677081177942455
epoch123  rel.Train: 0.04838168430328369  rel.Test: 0.04851169317960739  abs.Test: 0.040087476670742035  abs.TestBoundary: 0j  time: 0.9679784933105111
epoch124  rel.Train: 0.0484859699010849  rel.Test: 0.05250687777996063  abs.Test: 0.04338989198207855  abs.TestBoundary: 0j  time: 0.9678195561282337
epoch125  rel.Train: 0.04951653933525085  rel.Test: 0.046965630650520326  abs.Test: 0.03882350385189057  abs.TestBoundary: 0j  time: 0.9682663762941957
epoch126  rel.Train: 0.04828681468963623  rel.Test: 0.04676936745643616  abs.Test: 0.03865702658891678  abs.TestBoundary: 0j  time: 0.9678371022455394
epoch127  rel.Train: 0.04592728292942047  rel.Test: 0.04402001917362213  abs.Test: 0.036387118697166446  abs.TestBoundary: 0j  time: 0.967801399063319
epoch128  rel.Train: 0.04578576028347015  rel.Test: 0.04625237852334976  abs.Test: 0.03821958541870117  abs.TestBoundary: 0j  time: 0.9699599021114409
epoch129  rel.Train: 0.04618726581335068  rel.Test: 0.045411212146282194  abs.Test: 0.03753381580114365  abs.TestBoundary: 0j  time: 0.9683177820406854
epoch130  rel.Train: 0.045165369153022765  rel.Test: 0.04279729872941971  abs.Test: 0.03537333220243454  abs.TestBoundary: 0j  time: 0.9691222356632352
epoch131  rel.Train: 0.04408023154735565  rel.Test: 0.045191648900508884  abs.Test: 0.03735660135746002  abs.TestBoundary: 0j  time: 0.9675279431976378
epoch132  rel.Train: 0.043311276376247404  rel.Test: 0.04467316627502441  abs.Test: 0.036928450167179105  abs.TestBoundary: 0j  time: 0.9677189341746271
epoch133  rel.Train: 0.04327568238973618  rel.Test: 0.044495872259140014  abs.Test: 0.0367766273021698  abs.TestBoundary: 0j  time: 0.9675620496273041
epoch134  rel.Train: 0.042151983678340915  rel.Test: 0.04057775259017944  abs.Test: 0.033534764647483825  abs.TestBoundary: 0j  time: 0.9719407502561808
epoch135  rel.Train: 0.04095268800854683  rel.Test: 0.041693116128444674  abs.Test: 0.034458797872066495  abs.TestBoundary: 0j  time: 0.9832657449878752
epoch136  rel.Train: 0.041717078685760495  rel.Test: 0.040482030510902406  abs.Test: 0.0334560951590538  abs.TestBoundary: 0j  time: 0.9847983359359205
epoch137  rel.Train: 0.04156134420633316  rel.Test: 0.03951315462589264  abs.Test: 0.032659039199352265  abs.TestBoundary: 0j  time: 0.9739695619791746
epoch138  rel.Train: 0.03958567768335342  rel.Test: 0.04719448268413544  abs.Test: 0.03901187181472778  abs.TestBoundary: 0j  time: 0.9665561029687524
epoch139  rel.Train: 0.04011800628900528  rel.Test: 0.04031938910484314  abs.Test: 0.033320541679859164  abs.TestBoundary: 0j  time: 0.9682190869934857
epoch140  rel.Train: 0.03769579002261162  rel.Test: 0.04661157846450806  abs.Test: 0.0384774249792099  abs.TestBoundary: 0j  time: 0.968006128910929
epoch141  rel.Train: 0.037710662782192234  rel.Test: 0.03389939427375793  abs.Test: 0.028012565672397613  abs.TestBoundary: 0j  time: 0.9684339053928852
epoch142  rel.Train: 0.03508625563979149  rel.Test: 0.034794694781303405  abs.Test: 0.028748880624771118  abs.TestBoundary: 0j  time: 0.9672669703140855
epoch143  rel.Train: 0.03501096871495247  rel.Test: 0.03858169734477997  abs.Test: 0.03188381791114807  abs.TestBoundary: 0j  time: 0.9665252971462905
epoch144  rel.Train: 0.035578855007886885  rel.Test: 0.03877423346042633  abs.Test: 0.03202480345964432  abs.TestBoundary: 0j  time: 0.9678818108513951
epoch145  rel.Train: 0.03480865055322647  rel.Test: 0.040667163729667666  abs.Test: 0.03359933584928512  abs.TestBoundary: 0j  time: 0.9685699129477143
epoch146  rel.Train: 0.033622982680797574  rel.Test: 0.0340456223487854  abs.Test: 0.028128036558628083  abs.TestBoundary: 0j  time: 0.9685550658032298
epoch147  rel.Train: 0.03542218780517578  rel.Test: 0.04247605919837952  abs.Test: 0.03511304199695587  abs.TestBoundary: 0j  time: 0.9679935439489782
epoch148  rel.Train: 0.03565183839201927  rel.Test: 0.040984747409820554  abs.Test: 0.03385228544473648  abs.TestBoundary: 0j  time: 0.9688487481325865
epoch149  rel.Train: 0.033988545358181  rel.Test: 0.03189545542001724  abs.Test: 0.02633999481797218  abs.TestBoundary: 0j  time: 0.9684967519715428
epoch150  rel.Train: 0.03316228747367859  rel.Test: 0.04660157233476639  abs.Test: 0.0385290515422821  abs.TestBoundary: 0j  time: 0.967439220752567
epoch151  rel.Train: 0.0356837728023529  rel.Test: 0.045113405883312224  abs.Test: 0.03729413330554962  abs.TestBoundary: 0j  time: 0.9680262692272663
epoch152  rel.Train: 0.03224164575338364  rel.Test: 0.032883010506629944  abs.Test: 0.027153920233249664  abs.TestBoundary: 0j  time: 0.970115166157484
epoch153  rel.Train: 0.030757319808006285  rel.Test: 0.032109921276569364  abs.Test: 0.02653062015771866  abs.TestBoundary: 0j  time: 0.9690361763350666
epoch154  rel.Train: 0.033011591643095015  rel.Test: 0.029026286900043486  abs.Test: 0.023984609842300414  abs.TestBoundary: 0j  time: 0.9684506808407605
epoch155  rel.Train: 0.030128171265125275  rel.Test: 0.0309245303273201  abs.Test: 0.025552993863821028  abs.TestBoundary: 0j  time: 0.9680451150052249
epoch156  rel.Train: 0.031991174757480624  rel.Test: 0.03617353022098541  abs.Test: 0.029889366030693053  abs.TestBoundary: 0j  time: 0.9692133646458387
epoch157  rel.Train: 0.03120095771551132  rel.Test: 0.028016709685325623  abs.Test: 0.023151951432228087  abs.TestBoundary: 0j  time: 0.9674430377781391
epoch158  rel.Train: 0.028999923974275588  rel.Test: 0.0407267901301384  abs.Test: 0.033668619990348814  abs.TestBoundary: 0j  time: 0.9683918710798025
epoch159  rel.Train: 0.030477415397763254  rel.Test: 0.033582074642181395  abs.Test: 0.02776100665330887  abs.TestBoundary: 0j  time: 0.9686527182348073
epoch160  rel.Train: 0.0293172245323658  rel.Test: 0.04254403054714203  abs.Test: 0.03516180157661438  abs.TestBoundary: 0j  time: 0.9680908410809934
epoch161  rel.Train: 0.03178416848182678  rel.Test: 0.0287687224149704  abs.Test: 0.023773729056119918  abs.TestBoundary: 0j  time: 0.9668057118542492
epoch162  rel.Train: 0.02962151926755905  rel.Test: 0.03535084456205368  abs.Test: 0.029211582243442537  abs.TestBoundary: 0j  time: 0.9698226856999099
epoch163  rel.Train: 0.029145204961299895  rel.Test: 0.02843462109565735  abs.Test: 0.023489636033773423  abs.TestBoundary: 0j  time: 0.968147343955934
epoch164  rel.Train: 0.027952800273895264  rel.Test: 0.038024178743362426  abs.Test: 0.03142453759908676  abs.TestBoundary: 0j  time: 0.9681333862245083
epoch165  rel.Train: 0.029978439569473266  rel.Test: 0.02803209125995636  abs.Test: 0.023151271045207977  abs.TestBoundary: 0j  time: 0.9680329840630293
epoch166  rel.Train: 0.028170766800642014  rel.Test: 0.0350652951002121  abs.Test: 0.028972676396369933  abs.TestBoundary: 0j  time: 0.9682680838741362
epoch167  rel.Train: 0.028930369943380357  rel.Test: 0.026050879955291747  abs.Test: 0.0215240079164505  abs.TestBoundary: 0j  time: 0.9681113651022315
epoch168  rel.Train: 0.030767913699150086  rel.Test: 0.029221765100955963  abs.Test: 0.02415987640619278  abs.TestBoundary: 0j  time: 0.968041486106813
epoch169  rel.Train: 0.027206897735595703  rel.Test: 0.027991375774145125  abs.Test: 0.02313078910112381  abs.TestBoundary: 0j  time: 0.9690224956721067
epoch170  rel.Train: 0.030230825334787367  rel.Test: 0.02953034818172455  abs.Test: 0.024399917125701904  abs.TestBoundary: 0j  time: 0.9686416741460562
epoch171  rel.Train: 0.027527349084615706  rel.Test: 0.028149945437908174  abs.Test: 0.023247435241937637  abs.TestBoundary: 0j  time: 0.9792441949248314
epoch172  rel.Train: 0.027236224696040152  rel.Test: 0.026841669380664825  abs.Test: 0.022173995971679687  abs.TestBoundary: 0j  time: 0.986782921012491
epoch173  rel.Train: 0.027526875630021094  rel.Test: 0.02687309116125107  abs.Test: 0.022195853292942047  abs.TestBoundary: 0j  time: 0.9849536619149148
epoch174  rel.Train: 0.028477014899253847  rel.Test: 0.03615197122097016  abs.Test: 0.029887531101703644  abs.TestBoundary: 0j  time: 0.9684495190158486
epoch175  rel.Train: 0.027785581052303315  rel.Test: 0.02848151057958603  abs.Test: 0.023531876504421234  abs.TestBoundary: 0j  time: 0.968590556178242
epoch176  rel.Train: 0.027424350559711458  rel.Test: 0.02924744725227356  abs.Test: 0.02417075216770172  abs.TestBoundary: 0j  time: 0.9687912818044424
epoch177  rel.Train: 0.027488730669021605  rel.Test: 0.024821014106273652  abs.Test: 0.02050970643758774  abs.TestBoundary: 0j  time: 0.9699059911072254
epoch178  rel.Train: 0.026639651969075202  rel.Test: 0.028583492636680603  abs.Test: 0.023619221150875093  abs.TestBoundary: 0j  time: 0.9697160040959716
epoch179  rel.Train: 0.02707218970358372  rel.Test: 0.02621278315782547  abs.Test: 0.021651699990034103  abs.TestBoundary: 0j  time: 0.9682251941412687
epoch180  rel.Train: 0.028639939963817595  rel.Test: 0.03797632962465286  abs.Test: 0.031398426294326785  abs.TestBoundary: 0j  time: 0.9693591739051044
epoch181  rel.Train: 0.02871570959687233  rel.Test: 0.026227599680423735  abs.Test: 0.021674478054046632  abs.TestBoundary: 0j  time: 0.9668472851626575
epoch182  rel.Train: 0.026734869331121444  rel.Test: 0.026673090159893036  abs.Test: 0.022031634598970413  abs.TestBoundary: 0j  time: 0.9705467200838029
epoch183  rel.Train: 0.026159212291240692  rel.Test: 0.028377805650234223  abs.Test: 0.023439618349075316  abs.TestBoundary: 0j  time: 0.9684650143608451
epoch184  rel.Train: 0.025615311875939368  rel.Test: 0.02530472233891487  abs.Test: 0.020914500057697297  abs.TestBoundary: 0j  time: 0.9676207336597145
epoch185  rel.Train: 0.025170716285705566  rel.Test: 0.024725851267576218  abs.Test: 0.02042940080165863  abs.TestBoundary: 0j  time: 0.9689657459966838
epoch186  rel.Train: 0.026678423315286637  rel.Test: 0.02578279033303261  abs.Test: 0.021300713270902633  abs.TestBoundary: 0j  time: 0.9700501947663724
epoch187  rel.Train: 0.028275604248046874  rel.Test: 0.027206014841794968  abs.Test: 0.022475447952747345  abs.TestBoundary: 0j  time: 0.9678556988947093
epoch188  rel.Train: 0.026483159959316254  rel.Test: 0.030476394295692443  abs.Test: 0.025180336087942123  abs.TestBoundary: 0j  time: 0.9687913036905229
epoch189  rel.Train: 0.02714057320356369  rel.Test: 0.025016012787818908  abs.Test: 0.020662767291069032  abs.TestBoundary: 0j  time: 0.9671505130827427
epoch190  rel.Train: 0.02611862814426422  rel.Test: 0.03195716679096222  abs.Test: 0.026413772702217102  abs.TestBoundary: 0j  time: 0.9688019240275025
epoch191  rel.Train: 0.02618703681230545  rel.Test: 0.024703847914934157  abs.Test: 0.020419224947690964  abs.TestBoundary: 0j  time: 0.9683220260776579
epoch192  rel.Train: 0.024901390701532362  rel.Test: 0.026681263446807862  abs.Test: 0.022046775221824647  abs.TestBoundary: 0j  time: 0.9681951757520437
epoch193  rel.Train: 0.025267565965652466  rel.Test: 0.024405590891838073  abs.Test: 0.02016130030155182  abs.TestBoundary: 0j  time: 0.9689681469462812
epoch194  rel.Train: 0.025439575165510177  rel.Test: 0.032070710361003875  abs.Test: 0.026515207439661025  abs.TestBoundary: 0j  time: 0.9689505458809435
epoch195  rel.Train: 0.02686454999446869  rel.Test: 0.03002524107694626  abs.Test: 0.024803288280963898  abs.TestBoundary: 0j  time: 0.9697220688685775
epoch196  rel.Train: 0.028017320573329927  rel.Test: 0.024729580581188203  abs.Test: 0.020438180565834047  abs.TestBoundary: 0j  time: 0.9682840392924845
epoch197  rel.Train: 0.026543038859963418  rel.Test: 0.024852968007326125  abs.Test: 0.020530320703983307  abs.TestBoundary: 0j  time: 0.9696986498311162
epoch198  rel.Train: 0.024571394860744476  rel.Test: 0.025261134654283524  abs.Test: 0.020869970917701722  abs.TestBoundary: 0j  time: 0.9682025732472539
epoch199  rel.Train: 0.025434215545654296  rel.Test: 0.026591292470693587  abs.Test: 0.02197154372930527  abs.TestBoundary: 0j  time: 0.9684019419364631
epoch200  rel.Train: 0.025828908890485763  rel.Test: 0.028752645850181578  abs.Test: 0.023755108565092088  abs.TestBoundary: 0j  time: 0.9693091390654445
epoch201  rel.Train: 0.026838251933455466  rel.Test: 0.028853713572025298  abs.Test: 0.023846875876188278  abs.TestBoundary: 0j  time: 0.9687645817175508
epoch202  rel.Train: 0.02534120348095894  rel.Test: 0.023776924908161162  abs.Test: 0.01965082675218582  abs.TestBoundary: 0j  time: 0.9695943738333881
epoch203  rel.Train: 0.024487990245223044  rel.Test: 0.02284851863980293  abs.Test: 0.01888002038002014  abs.TestBoundary: 0j  time: 0.9687164081260562
epoch204  rel.Train: 0.02437923577427864  rel.Test: 0.028914750814437867  abs.Test: 0.02390321880578995  abs.TestBoundary: 0j  time: 0.9685491700656712
epoch205  rel.Train: 0.024674335822463037  rel.Test: 0.02418890714645386  abs.Test: 0.019981685429811477  abs.TestBoundary: 0j  time: 0.9681241326034069
epoch206  rel.Train: 0.02482230693101883  rel.Test: 0.02647624000906944  abs.Test: 0.021880449056625367  abs.TestBoundary: 0j  time: 0.9680010322481394
epoch207  rel.Train: 0.023865423813462256  rel.Test: 0.025192465484142303  abs.Test: 0.020808578431606294  abs.TestBoundary: 0j  time: 0.9735571010969579
epoch208  rel.Train: 0.02430368372797966  rel.Test: 0.02659189611673355  abs.Test: 0.02196822375059128  abs.TestBoundary: 0j  time: 0.9841529447585344
epoch209  rel.Train: 0.02495453254878521  rel.Test: 0.023754949420690535  abs.Test: 0.0196304976940155  abs.TestBoundary: 0j  time: 0.9846365698613226
epoch210  rel.Train: 0.023199683159589767  rel.Test: 0.02598475679755211  abs.Test: 0.021478671580553055  abs.TestBoundary: 0j  time: 0.9736738610081375
epoch211  rel.Train: 0.023382847607135774  rel.Test: 0.02355578601360321  abs.Test: 0.01946735292673111  abs.TestBoundary: 0j  time: 0.9691610559821129
epoch212  rel.Train: 0.02270675651729107  rel.Test: 0.024668122082948683  abs.Test: 0.02039158284664154  abs.TestBoundary: 0j  time: 0.9685095530003309
epoch213  rel.Train: 0.023864739418029784  rel.Test: 0.02205319881439209  abs.Test: 0.01822270542383194  abs.TestBoundary: 0j  time: 0.9682762338779867
epoch214  rel.Train: 0.022744423225522042  rel.Test: 0.023447310328483583  abs.Test: 0.019370938837528228  abs.TestBoundary: 0j  time: 0.9697657553479075
epoch215  rel.Train: 0.023705279916524886  rel.Test: 0.021517246067523955  abs.Test: 0.01778064966201782  abs.TestBoundary: 0j  time: 0.967963820323348
epoch216  rel.Train: 0.022389563098549843  rel.Test: 0.022690111100673677  abs.Test: 0.018742879182100297  abs.TestBoundary: 0j  time: 0.9702756470069289
epoch217  rel.Train: 0.023930236026644708  rel.Test: 0.022651016116142272  abs.Test: 0.018724534213542938  abs.TestBoundary: 0j  time: 0.969186294823885
epoch218  rel.Train: 0.022588585525751114  rel.Test: 0.0223819825053215  abs.Test: 0.018492426574230194  abs.TestBoundary: 0j  time: 0.9699957207776606
epoch219  rel.Train: 0.02281364032626152  rel.Test: 0.02357411429286003  abs.Test: 0.019481943845748903  abs.TestBoundary: 0j  time: 0.9680659202858806
epoch220  rel.Train: 0.02389603614807129  rel.Test: 0.02215953081846237  abs.Test: 0.018307438492774962  abs.TestBoundary: 0j  time: 0.9685159446671605
epoch221  rel.Train: 0.023565910905599594  rel.Test: 0.023902939409017564  abs.Test: 0.019757845103740693  abs.TestBoundary: 0j  time: 0.9682128359563649
epoch222  rel.Train: 0.02281516297161579  rel.Test: 0.023780390471220016  abs.Test: 0.01964508295059204  abs.TestBoundary: 0j  time: 0.9696169127710164
epoch223  rel.Train: 0.024505579978227617  rel.Test: 0.03613841414451599  abs.Test: 0.029866774380207062  abs.TestBoundary: 0j  time: 0.9691275358200073
epoch224  rel.Train: 0.025411231979727746  rel.Test: 0.02159478932619095  abs.Test: 0.017842269986867904  abs.TestBoundary: 0j  time: 0.9683519257232547
epoch225  rel.Train: 0.022390209540724754  rel.Test: 0.02574103280901909  abs.Test: 0.021279376447200776  abs.TestBoundary: 0j  time: 0.9692621468566358
epoch226  rel.Train: 0.022173838406801222  rel.Test: 0.030823872089385987  abs.Test: 0.025474786907434464  abs.TestBoundary: 0j  time: 0.9682946661487222
epoch227  rel.Train: 0.025262298375368118  rel.Test: 0.02422004759311676  abs.Test: 0.02000749036669731  abs.TestBoundary: 0j  time: 0.9678338309749961
epoch228  rel.Train: 0.023695197030901907  rel.Test: 0.02375944346189499  abs.Test: 0.01964068129658699  abs.TestBoundary: 0j  time: 0.9680883409455419
epoch229  rel.Train: 0.022511675745248795  rel.Test: 0.025582844913005828  abs.Test: 0.02112964019179344  abs.TestBoundary: 0j  time: 0.9684659680351615
epoch230  rel.Train: 0.022270166605710982  rel.Test: 0.023014080673456193  abs.Test: 0.019018727242946624  abs.TestBoundary: 0j  time: 0.9683155911043286
epoch231  rel.Train: 0.022234029591083528  rel.Test: 0.023112175166606904  abs.Test: 0.01910807579755783  abs.TestBoundary: 0j  time: 0.9680709028616548
epoch232  rel.Train: 0.023421042755246164  rel.Test: 0.022955707907676696  abs.Test: 0.018954856246709825  abs.TestBoundary: 0j  time: 0.9693421721458435
epoch233  rel.Train: 0.021968118607997893  rel.Test: 0.02093776986002922  abs.Test: 0.017302606254816055  abs.TestBoundary: 0j  time: 0.9685784499160945
epoch234  rel.Train: 0.021267315402626993  rel.Test: 0.021119963228702545  abs.Test: 0.01745121031999588  abs.TestBoundary: 0j  time: 0.9700984000228345
epoch235  rel.Train: 0.022063784211874007  rel.Test: 0.022662173211574554  abs.Test: 0.018720068335533142  abs.TestBoundary: 0j  time: 0.9688741993159056
epoch236  rel.Train: 0.02108010922372341  rel.Test: 0.024893444627523423  abs.Test: 0.02056492105126381  abs.TestBoundary: 0j  time: 0.969853627961129
epoch237  rel.Train: 0.022354526847600937  rel.Test: 0.025843332409858703  abs.Test: 0.021363560557365418  abs.TestBoundary: 0j  time: 0.9692536829970777
epoch238  rel.Train: 0.022992172956466675  rel.Test: 0.028517000377178192  abs.Test: 0.023566465973854065  abs.TestBoundary: 0j  time: 0.9686258239671588
epoch239  rel.Train: 0.023435364067554473  rel.Test: 0.02287184610962868  abs.Test: 0.01889488220214844  abs.TestBoundary: 0j  time: 0.9702258980832994
epoch240  rel.Train: 0.022017258465290068  rel.Test: 0.02371633976697922  abs.Test: 0.019600950330495834  abs.TestBoundary: 0j  time: 0.9686488592997193
epoch241  rel.Train: 0.0210300552546978  rel.Test: 0.02126469224691391  abs.Test: 0.017568094432353975  abs.TestBoundary: 0j  time: 0.9696881449781358
epoch242  rel.Train: 0.02070205447077751  rel.Test: 0.02112972766160965  abs.Test: 0.017461905032396318  abs.TestBoundary: 0j  time: 0.9705433030612767
epoch243  rel.Train: 0.020441885605454443  rel.Test: 0.020651078820228576  abs.Test: 0.017067078202962875  abs.TestBoundary: 0j  time: 0.968700906727463
epoch244  rel.Train: 0.020793525159358978  rel.Test: 0.02528245881199837  abs.Test: 0.020891577303409577  abs.TestBoundary: 0j  time: 0.981355965603143
epoch245  rel.Train: 0.02185214924812317  rel.Test: 0.0293152192234993  abs.Test: 0.02423075035214424  abs.TestBoundary: 0j  time: 0.9833336407318711
epoch246  rel.Train: 0.023700409173965455  rel.Test: 0.024697024524211884  abs.Test: 0.02040388971567154  abs.TestBoundary: 0j  time: 0.9811134207993746
epoch247  rel.Train: 0.02137033601105213  rel.Test: 0.020673791170120238  abs.Test: 0.017079089283943177  abs.TestBoundary: 0j  time: 0.9677670220844448
epoch248  rel.Train: 0.02107967135310173  rel.Test: 0.023748631179332732  abs.Test: 0.019631007760763167  abs.TestBoundary: 0j  time: 0.9685476650483906
epoch249  rel.Train: 0.02136919042468071  rel.Test: 0.022905866503715514  abs.Test: 0.01891798183321953  abs.TestBoundary: 0j  time: 0.9690606859512627
epoch250  rel.Train: 0.021112953126430512  rel.Test: 0.019628824740648268  abs.Test: 0.016219709366559983  abs.TestBoundary: 0j  time: 0.9679572111926973
epoch251  rel.Train: 0.019859996169805525  rel.Test: 0.02076973959803581  abs.Test: 0.017159647941589355  abs.TestBoundary: 0j  time: 0.9698092117905617
epoch252  rel.Train: 0.021572592571377756  rel.Test: 0.024368173629045486  abs.Test: 0.02014249801635742  abs.TestBoundary: 0j  time: 0.9690238861367106
epoch253  rel.Train: 0.02052385401725769  rel.Test: 0.01970968723297119  abs.Test: 0.016290756464004515  abs.TestBoundary: 0j  time: 0.9693986647762358
epoch254  rel.Train: 0.02046493062376976  rel.Test: 0.020341177582740785  abs.Test: 0.01680813878774643  abs.TestBoundary: 0j  time: 0.9680180801078677
epoch255  rel.Train: 0.020755986511707306  rel.Test: 0.0204098379611969  abs.Test: 0.016865686625242234  abs.TestBoundary: 0j  time: 0.9712648177519441
epoch256  rel.Train: 0.02072192531824112  rel.Test: 0.021505289971828462  abs.Test: 0.017769493460655213  abs.TestBoundary: 0j  time: 0.9691826491616666
epoch257  rel.Train: 0.01982900395989418  rel.Test: 0.020592651665210723  abs.Test: 0.017017448097467424  abs.TestBoundary: 0j  time: 0.9694028948433697
epoch258  rel.Train: 0.020070826053619383  rel.Test: 0.020263803005218507  abs.Test: 0.016743531227111818  abs.TestBoundary: 0j  time: 0.9683055472560227
epoch259  rel.Train: 0.020459601402282715  rel.Test: 0.020767588317394257  abs.Test: 0.017166269421577455  abs.TestBoundary: 0j  time: 0.9701563222333789
epoch260  rel.Train: 0.020907071992754937  rel.Test: 0.022666587829589843  abs.Test: 0.01872551679611206  abs.TestBoundary: 0j  time: 0.9693679208867252
epoch261  rel.Train: 0.021346902191638945  rel.Test: 0.020527846217155456  abs.Test: 0.016965452283620834  abs.TestBoundary: 0j  time: 0.9691659440286458
epoch262  rel.Train: 0.019624079540371896  rel.Test: 0.02137886092066765  abs.Test: 0.017678836584091185  abs.TestBoundary: 0j  time: 0.969914919231087
epoch263  rel.Train: 0.02008749769628048  rel.Test: 0.020068620145320893  abs.Test: 0.016584640890359877  abs.TestBoundary: 0j  time: 0.9695674497634172
epoch264  rel.Train: 0.01961109310388565  rel.Test: 0.02564278706908226  abs.Test: 0.021205635070800782  abs.TestBoundary: 0j  time: 0.9701378839090466
epoch265  rel.Train: 0.0216863099783659  rel.Test: 0.02125446155667305  abs.Test: 0.0175593438744545  abs.TestBoundary: 0j  time: 0.9697012440301478
epoch266  rel.Train: 0.02046967962384224  rel.Test: 0.02026224836707115  abs.Test: 0.016747265607118606  abs.TestBoundary: 0j  time: 0.9706362010911107
epoch267  rel.Train: 0.020299819588661193  rel.Test: 0.01958532929420471  abs.Test: 0.01618098884820938  abs.TestBoundary: 0j  time: 0.9693765323609114
epoch268  rel.Train: 0.01972156624495983  rel.Test: 0.022359639704227448  abs.Test: 0.018470160216093063  abs.TestBoundary: 0j  time: 0.9699134333059192
epoch269  rel.Train: 0.021765926107764243  rel.Test: 0.023782194554805756  abs.Test: 0.01965357840061188  abs.TestBoundary: 0j  time: 0.9694316051900387
epoch270  rel.Train: 0.020572240203619002  rel.Test: 0.02323589235544205  abs.Test: 0.019200062453746794  abs.TestBoundary: 0j  time: 0.9693538350984454
epoch271  rel.Train: 0.019900021120905876  rel.Test: 0.02243283614516258  abs.Test: 0.018535363674163818  abs.TestBoundary: 0j  time: 0.9698779941536486
epoch272  rel.Train: 0.02018799163401127  rel.Test: 0.020373115837574004  abs.Test: 0.016843200027942658  abs.TestBoundary: 0j  time: 0.9710439569316804
epoch273  rel.Train: 0.019392773747444154  rel.Test: 0.018759097903966904  abs.Test: 0.01549709215760231  abs.TestBoundary: 0j  time: 0.9698494598269463
epoch274  rel.Train: 0.019212018102407455  rel.Test: 0.020278093069791794  abs.Test: 0.016760372072458268  abs.TestBoundary: 0j  time: 0.9712641248479486
epoch275  rel.Train: 0.019079462692141533  rel.Test: 0.019627202451229096  abs.Test: 0.016216183751821517  abs.TestBoundary: 0j  time: 0.9707176648080349
epoch276  rel.Train: 0.019266342848539352  rel.Test: 0.020173419713974  abs.Test: 0.016668291538953783  abs.TestBoundary: 0j  time: 0.9708253578282893
epoch277  rel.Train: 0.01970678521692753  rel.Test: 0.020934117138385774  abs.Test: 0.017292014360427856  abs.TestBoundary: 0j  time: 0.9708167416974902
epoch278  rel.Train: 0.020320768162608145  rel.Test: 0.019258570969104768  abs.Test: 0.015912770926952362  abs.TestBoundary: 0j  time: 0.9700551610440016
epoch279  rel.Train: 0.019486215487122534  rel.Test: 0.021559331864118576  abs.Test: 0.01780738204717636  abs.TestBoundary: 0j  time: 0.9718476771377027
epoch280  rel.Train: 0.01978649152815342  rel.Test: 0.021753687113523483  abs.Test: 0.017977877408266067  abs.TestBoundary: 0j  time: 0.9779057228006423
epoch281  rel.Train: 0.019815688163042067  rel.Test: 0.01842231124639511  abs.Test: 0.015221543908119202  abs.TestBoundary: 0j  time: 0.9858720442280173
epoch282  rel.Train: 0.018846551209688187  rel.Test: 0.020111448764801025  abs.Test: 0.016622317135334016  abs.TestBoundary: 0j  time: 0.9875989896245301
epoch283  rel.Train: 0.01879036232829094  rel.Test: 0.018115197718143464  abs.Test: 0.014965012818574906  abs.TestBoundary: 0j  time: 0.9722524899989367
epoch284  rel.Train: 0.019411815136671066  rel.Test: 0.023115635067224503  abs.Test: 0.019089372009038926  abs.TestBoundary: 0j  time: 0.9722281587310135
epoch285  rel.Train: 0.020798978239297865  rel.Test: 0.019355772882699965  abs.Test: 0.01599635064601898  abs.TestBoundary: 0j  time: 0.97055181581527
epoch286  rel.Train: 0.018833204180002214  rel.Test: 0.021850261986255646  abs.Test: 0.018052258342504502  abs.TestBoundary: 0j  time: 0.9711538199335337
epoch287  rel.Train: 0.019297484502196312  rel.Test: 0.020666800141334533  abs.Test: 0.017081848680973052  abs.TestBoundary: 0j  time: 0.9710531011223793
epoch288  rel.Train: 0.01883431178331375  rel.Test: 0.019423564672470094  abs.Test: 0.016043270230293272  abs.TestBoundary: 0j  time: 0.9705001399852335
epoch289  rel.Train: 0.019770655915141107  rel.Test: 0.018248219341039658  abs.Test: 0.01507653772830963  abs.TestBoundary: 0j  time: 0.9728747601620853
epoch290  rel.Train: 0.018454283028841018  rel.Test: 0.01912202924489975  abs.Test: 0.0158066526055336  abs.TestBoundary: 0j  time: 0.9713346878997982
epoch291  rel.Train: 0.018538964092731477  rel.Test: 0.020491118133068083  abs.Test: 0.01693356841802597  abs.TestBoundary: 0j  time: 0.9718373608775437
epoch292  rel.Train: 0.019187927931547166  rel.Test: 0.02363661825656891  abs.Test: 0.01952568143606186  abs.TestBoundary: 0j  time: 0.9719731556251645
epoch293  rel.Train: 0.02126374766230583  rel.Test: 0.0189081272482872  abs.Test: 0.015625476241111755  abs.TestBoundary: 0j  time: 0.9720565220341086
epoch294  rel.Train: 0.018463767930865287  rel.Test: 0.019829615354537963  abs.Test: 0.016383561342954635  abs.TestBoundary: 0j  time: 0.9728157403878868
epoch295  rel.Train: 0.018967470601201058  rel.Test: 0.017985667139291762  abs.Test: 0.01486218735575676  abs.TestBoundary: 0j  time: 0.9710845057852566
epoch296  rel.Train: 0.018864721983671187  rel.Test: 0.021129398941993713  abs.Test: 0.01746304303407669  abs.TestBoundary: 0j  time: 0.9718048931099474
epoch297  rel.Train: 0.019524526357650757  rel.Test: 0.02129511684179306  abs.Test: 0.017594489008188247  abs.TestBoundary: 0j  time: 0.9714331482537091
epoch298  rel.Train: 0.01895381474494934  rel.Test: 0.017993341535329818  abs.Test: 0.01486763820052147  abs.TestBoundary: 0j  time: 0.9727347008883953
epoch299  rel.Train: 0.01808290383219719  rel.Test: 0.019750917851924895  abs.Test: 0.016327694803476334  abs.TestBoundary: 0j  time: 0.9720996851101518
epoch300  rel.Train: 0.018617843002080917  rel.Test: 0.020521587431430816  abs.Test: 0.016959010511636733  abs.TestBoundary: 0j  time: 0.9710826990194619
epoch301  rel.Train: 0.018429547816514968  rel.Test: 0.01983018755912781  abs.Test: 0.016390089988708497  abs.TestBoundary: 0j  time: 0.9716963549144566
epoch302  rel.Train: 0.018579336017370225  rel.Test: 0.019343514740467072  abs.Test: 0.01598607897758484  abs.TestBoundary: 0j  time: 0.9716215399093926
epoch303  rel.Train: 0.01870585772395134  rel.Test: 0.01808254987001419  abs.Test: 0.014939961582422256  abs.TestBoundary: 0j  time: 0.9724701978266239
epoch304  rel.Train: 0.017911285161972046  rel.Test: 0.01878007158637047  abs.Test: 0.015519904047250748  abs.TestBoundary: 0j  time: 0.9722253470681608
epoch305  rel.Train: 0.018093951418995856  rel.Test: 0.018591198474168777  abs.Test: 0.015366221070289612  abs.TestBoundary: 0j  time: 0.9728230922482908
epoch306  rel.Train: 0.018014771580696105  rel.Test: 0.018653336763381958  abs.Test: 0.01540910616517067  abs.TestBoundary: 0j  time: 0.9731872919946909
epoch307  rel.Train: 0.018148390769958497  rel.Test: 0.01789867728948593  abs.Test: 0.014787399172782899  abs.TestBoundary: 0j  time: 0.9717852040193975
epoch308  rel.Train: 0.01864157885313034  rel.Test: 0.019282360672950746  abs.Test: 0.015929797589778902  abs.TestBoundary: 0j  time: 0.9731045542284846
epoch309  rel.Train: 0.01809298473596573  rel.Test: 0.018803545236587525  abs.Test: 0.015538779497146606  abs.TestBoundary: 0j  time: 0.9731867681257427
epoch310  rel.Train: 0.01800155481696129  rel.Test: 0.01858277216553688  abs.Test: 0.015353579372167588  abs.TestBoundary: 0j  time: 0.9734811298549175
epoch311  rel.Train: 0.017727535948157312  rel.Test: 0.017415042519569397  abs.Test: 0.0143885837495327  abs.TestBoundary: 0j  time: 0.9742704867385328
epoch312  rel.Train: 0.017684013918042182  rel.Test: 0.01770343154668808  abs.Test: 0.01462980940937996  abs.TestBoundary: 0j  time: 0.973142056260258
epoch313  rel.Train: 0.017756374403834343  rel.Test: 0.017991002351045608  abs.Test: 0.014867819100618362  abs.TestBoundary: 0j  time: 0.9733913168311119
epoch314  rel.Train: 0.01731060169637203  rel.Test: 0.018378239572048188  abs.Test: 0.015186956971883775  abs.TestBoundary: 0j  time: 0.9736618781462312
epoch315  rel.Train: 0.0175191041380167  rel.Test: 0.017118239253759385  abs.Test: 0.014142671748995781  abs.TestBoundary: 0j  time: 0.9733805451542139
epoch316  rel.Train: 0.01738313315808773  rel.Test: 0.0174330797791481  abs.Test: 0.01440324068069458  abs.TestBoundary: 0j  time: 0.9742762912064791
epoch317  rel.Train: 0.01755141954123974  rel.Test: 0.02013832688331604  abs.Test: 0.016644550710916518  abs.TestBoundary: 0j  time: 0.9891070029698312
epoch318  rel.Train: 0.01790181064605713  rel.Test: 0.017809168100357056  abs.Test: 0.014717703461647033  abs.TestBoundary: 0j  time: 0.9891433869488537
epoch319  rel.Train: 0.017438402935862542  rel.Test: 0.017531645745038987  abs.Test: 0.01448871299624443  abs.TestBoundary: 0j  time: 0.9814425851218402
epoch320  rel.Train: 0.017642068088054658  rel.Test: 0.017571742981672286  abs.Test: 0.014518593698740005  abs.TestBoundary: 0j  time: 0.9723221017047763
epoch321  rel.Train: 0.0180060852766037  rel.Test: 0.01819046288728714  abs.Test: 0.015031907111406326  abs.TestBoundary: 0j  time: 0.9726249007508159
epoch322  rel.Train: 0.017337308913469313  rel.Test: 0.0171230186522007  abs.Test: 0.014147639125585556  abs.TestBoundary: 0j  time: 0.9737038440071046
epoch323  rel.Train: 0.01759452073276043  rel.Test: 0.018336611241102217  abs.Test: 0.015155161917209625  abs.TestBoundary: 0j  time: 0.9727466711774468
epoch324  rel.Train: 0.017855077430605888  rel.Test: 0.019262109249830246  abs.Test: 0.015916842222213744  abs.TestBoundary: 0j  time: 0.973725751042366
epoch325  rel.Train: 0.0191385547965765  rel.Test: 0.01819861024618149  abs.Test: 0.015035761594772339  abs.TestBoundary: 0j  time: 0.9735403670929372
epoch326  rel.Train: 0.01802922186255455  rel.Test: 0.018395452499389647  abs.Test: 0.015195617973804474  abs.TestBoundary: 0j  time: 0.9736792691983283
epoch327  rel.Train: 0.01716815239191055  rel.Test: 0.017311169505119323  abs.Test: 0.014305091351270676  abs.TestBoundary: 0j  time: 0.9735911339521408
epoch328  rel.Train: 0.01726335522532463  rel.Test: 0.018455450832843782  abs.Test: 0.015253891050815583  abs.TestBoundary: 0j  time: 0.974145628977567
epoch329  rel.Train: 0.01745441135764122  rel.Test: 0.018018475174903868  abs.Test: 0.014894386380910873  abs.TestBoundary: 0j  time: 0.9730864600278437
epoch330  rel.Train: 0.017429479479789733  rel.Test: 0.01843671575188637  abs.Test: 0.015237622410058976  abs.TestBoundary: 0j  time: 0.9746585213579237
epoch331  rel.Train: 0.017160180658102035  rel.Test: 0.018454070687294006  abs.Test: 0.015254053771495819  abs.TestBoundary: 0j  time: 0.9724378129467368
epoch332  rel.Train: 0.017984345510601997  rel.Test: 0.01917108029127121  abs.Test: 0.015848026275634766  abs.TestBoundary: 0j  time: 0.9726986461319029
epoch333  rel.Train: 0.01755347406864166  rel.Test: 0.017963206768035887  abs.Test: 0.014845532923936844  abs.TestBoundary: 0j  time: 0.9746491578407586
epoch334  rel.Train: 0.017702115058898925  rel.Test: 0.01784911096096039  abs.Test: 0.014749828428030014  abs.TestBoundary: 0j  time: 0.9751822859980166
epoch335  rel.Train: 0.017337932497262953  rel.Test: 0.01780474215745926  abs.Test: 0.014708669930696487  abs.TestBoundary: 0j  time: 0.9732162551954389
epoch336  rel.Train: 0.017106300979852676  rel.Test: 0.017266227155923842  abs.Test: 0.014268443360924721  abs.TestBoundary: 0j  time: 0.9735256931744516
epoch337  rel.Train: 0.017090777426958085  rel.Test: 0.018123390674591063  abs.Test: 0.014977207779884339  abs.TestBoundary: 0j  time: 0.9727382049895823
epoch338  rel.Train: 0.016977588757872582  rel.Test: 0.016821311563253404  abs.Test: 0.013898627460002899  abs.TestBoundary: 0j  time: 0.9741490883752704
epoch339  rel.Train: 0.017138371020555498  rel.Test: 0.018991453945636748  abs.Test: 0.015697853267192842  abs.TestBoundary: 0j  time: 0.9724206160753965
epoch340  rel.Train: 0.01774776503443718  rel.Test: 0.016732612699270247  abs.Test: 0.013821605294942856  abs.TestBoundary: 0j  time: 0.9741139328107238
epoch341  rel.Train: 0.016551196947693823  rel.Test: 0.017132289558649063  abs.Test: 0.01415371984243393  abs.TestBoundary: 0j  time: 0.9742589336819947
epoch342  rel.Train: 0.01662486733496189  rel.Test: 0.017667942196130753  abs.Test: 0.014606480747461318  abs.TestBoundary: 0j  time: 0.9728023423813283
epoch343  rel.Train: 0.016786029905080796  rel.Test: 0.01663516342639923  abs.Test: 0.013743980973958968  abs.TestBoundary: 0j  time: 0.9722055387683213
epoch344  rel.Train: 0.016537580743432045  rel.Test: 0.016690492033958435  abs.Test: 0.01378673419356346  abs.TestBoundary: 0j  time: 0.9728480782359838
epoch345  rel.Train: 0.016944824740290642  rel.Test: 0.018657489120960234  abs.Test: 0.015424762964248656  abs.TestBoundary: 0j  time: 0.9739628448151052
epoch346  rel.Train: 0.017216490879654885  rel.Test: 0.017558311372995378  abs.Test: 0.014507279545068742  abs.TestBoundary: 0j  time: 0.9733152627013624
epoch347  rel.Train: 0.016600151732563972  rel.Test: 0.01668264150619507  abs.Test: 0.013782162666320801  abs.TestBoundary: 0j  time: 0.9732077559456229
epoch348  rel.Train: 0.016413899913430213  rel.Test: 0.016586486995220185  abs.Test: 0.013707128316164018  abs.TestBoundary: 0j  time: 0.9731057421304286
epoch349  rel.Train: 0.01668430581688881  rel.Test: 0.01709636181592941  abs.Test: 0.014124865978956222  abs.TestBoundary: 0j  time: 0.9730663797818124
epoch350  rel.Train: 0.016346457839012146  rel.Test: 0.016287986487150193  abs.Test: 0.013457561433315278  abs.TestBoundary: 0j  time: 0.972933033015579
epoch351  rel.Train: 0.016437112241983413  rel.Test: 0.017223336696624757  abs.Test: 0.014230420887470245  abs.TestBoundary: 0j  time: 0.9755217279307544
epoch352  rel.Train: 0.016818467527627945  rel.Test: 0.01660745531320572  abs.Test: 0.013720956742763519  abs.TestBoundary: 0j  time: 0.9742684587836266
epoch353  rel.Train: 0.01689415995776653  rel.Test: 0.017400245517492294  abs.Test: 0.014378318935632706  abs.TestBoundary: 0j  time: 0.985186779871583
epoch354  rel.Train: 0.01663044273853302  rel.Test: 0.01849136158823967  abs.Test: 0.015285200774669647  abs.TestBoundary: 0j  time: 0.9884157972410321
epoch355  rel.Train: 0.017253825277090074  rel.Test: 0.01692336708307266  abs.Test: 0.013979437947273254  abs.TestBoundary: 0j  time: 0.9869780940935016
epoch356  rel.Train: 0.017264606669545175  rel.Test: 0.016404126286506653  abs.Test: 0.013552717939019203  abs.TestBoundary: 0j  time: 0.9727198136970401
epoch357  rel.Train: 0.01646098807454109  rel.Test: 0.016204571723937987  abs.Test: 0.013389543667435645  abs.TestBoundary: 0j  time: 0.9724544389173388
epoch358  rel.Train: 0.01645237095654011  rel.Test: 0.01678029999136925  abs.Test: 0.013862207382917404  abs.TestBoundary: 0j  time: 0.9726590281352401
epoch359  rel.Train: 0.016978910505771636  rel.Test: 0.016106014847755434  abs.Test: 0.013306363075971604  abs.TestBoundary: 0j  time: 0.9730577049776912
epoch360  rel.Train: 0.01607577219605446  rel.Test: 0.01615676552057266  abs.Test: 0.01334931343793869  abs.TestBoundary: 0j  time: 0.9734012153930962
epoch361  rel.Train: 0.016309287950396538  rel.Test: 0.01663345977663994  abs.Test: 0.01374195247888565  abs.TestBoundary: 0j  time: 0.9730224939994514
epoch362  rel.Train: 0.016207105532288553  rel.Test: 0.016639298647642135  abs.Test: 0.01374837100505829  abs.TestBoundary: 0j  time: 0.9725716640241444
epoch363  rel.Train: 0.016243226081132888  rel.Test: 0.01610844686627388  abs.Test: 0.013309159204363824  abs.TestBoundary: 0j  time: 0.9723427887074649
epoch364  rel.Train: 0.01621120995283127  rel.Test: 0.016315286159515382  abs.Test: 0.013480958193540574  abs.TestBoundary: 0j  time: 0.9739319537766278
epoch365  rel.Train: 0.01598424658179283  rel.Test: 0.015940798223018648  abs.Test: 0.013172696009278298  abs.TestBoundary: 0j  time: 0.9725777921266854
epoch366  rel.Train: 0.016399141132831575  rel.Test: 0.015859290808439255  abs.Test: 0.013100727573037147  abs.TestBoundary: 0j  time: 0.9723124806769192
epoch367  rel.Train: 0.016103972494602204  rel.Test: 0.015993328988552092  abs.Test: 0.013214688003063201  abs.TestBoundary: 0j  time: 0.9724390283226967
epoch368  rel.Train: 0.016201403439044953  rel.Test: 0.018060598373413086  abs.Test: 0.01491721823811531  abs.TestBoundary: 0j  time: 0.973293827380985
epoch369  rel.Train: 0.016152241185307503  rel.Test: 0.016675362437963484  abs.Test: 0.013778648003935814  abs.TestBoundary: 0j  time: 0.9709205091930926
epoch370  rel.Train: 0.01616943809390068  rel.Test: 0.01796842008829117  abs.Test: 0.014853053092956543  abs.TestBoundary: 0j  time: 0.9708139039576054
epoch371  rel.Train: 0.016584696181118488  rel.Test: 0.0182294724881649  abs.Test: 0.01506706267595291  abs.TestBoundary: 0j  time: 0.97225441923365
epoch372  rel.Train: 0.016393341943621634  rel.Test: 0.017139939069747926  abs.Test: 0.014167991355061532  abs.TestBoundary: 0j  time: 0.9723632908426225
epoch373  rel.Train: 0.016354988783597948  rel.Test: 0.01585246667265892  abs.Test: 0.013096327632665635  abs.TestBoundary: 0j  time: 0.9709937660954893
epoch374  rel.Train: 0.015894632145762443  rel.Test: 0.015766561776399613  abs.Test: 0.013028345033526421  abs.TestBoundary: 0j  time: 0.9725553910247982
epoch375  rel.Train: 0.016270842611789703  rel.Test: 0.017375921458005907  abs.Test: 0.014357155859470368  abs.TestBoundary: 0j  time: 0.9721928988583386
epoch376  rel.Train: 0.016093333825469017  rel.Test: 0.01654541343450546  abs.Test: 0.013670992031693458  abs.TestBoundary: 0j  time: 0.9704638039693236
epoch377  rel.Train: 0.01638579136133194  rel.Test: 0.016478719860315322  abs.Test: 0.013612062186002732  abs.TestBoundary: 0j  time: 0.9717571018263698
epoch378  rel.Train: 0.015903313964605332  rel.Test: 0.01553921341896057  abs.Test: 0.01283769279718399  abs.TestBoundary: 0j  time: 0.9723939942196012
epoch379  rel.Train: 0.015911733999848365  rel.Test: 0.01584880247712135  abs.Test: 0.01309581309556961  abs.TestBoundary: 0j  time: 0.9718622849322855
epoch380  rel.Train: 0.015762366503477097  rel.Test: 0.015597875267267226  abs.Test: 0.01288700595498085  abs.TestBoundary: 0j  time: 0.9725077860057354
epoch381  rel.Train: 0.01580995324254036  rel.Test: 0.016339069604873656  abs.Test: 0.013502511903643608  abs.TestBoundary: 0j  time: 0.9714507390744984
epoch382  rel.Train: 0.01563135626912117  rel.Test: 0.01635620340704918  abs.Test: 0.013509870767593383  abs.TestBoundary: 0j  time: 0.973305338062346
epoch383  rel.Train: 0.015858676977455615  rel.Test: 0.015630636364221573  abs.Test: 0.012913519442081451  abs.TestBoundary: 0j  time: 0.9716443605720997
epoch384  rel.Train: 0.015650731772184373  rel.Test: 0.015865382850170136  abs.Test: 0.013106677979230881  abs.TestBoundary: 0j  time: 0.9731413372792304
epoch385  rel.Train: 0.015882997393608093  rel.Test: 0.01697339564561844  abs.Test: 0.014021443724632264  abs.TestBoundary: 0j  time: 0.9735543546266854
epoch386  rel.Train: 0.015917900383472443  rel.Test: 0.015889801532030106  abs.Test: 0.013125744685530662  abs.TestBoundary: 0j  time: 0.9711026148870587
epoch387  rel.Train: 0.015651114284992218  rel.Test: 0.015907268822193146  abs.Test: 0.013144656717777252  abs.TestBoundary: 0j  time: 0.9724036711268127
epoch388  rel.Train: 0.015499770641326904  rel.Test: 0.015733810514211653  abs.Test: 0.013001494854688645  abs.TestBoundary: 0j  time: 0.9725751290097833
epoch389  rel.Train: 0.015420503929257394  rel.Test: 0.01610317811369896  abs.Test: 0.013303360715508462  abs.TestBoundary: 0j  time: 0.9779787957668304
epoch390  rel.Train: 0.01558689297735691  rel.Test: 0.01564407899975777  abs.Test: 0.012923194617033005  abs.TestBoundary: 0j  time: 0.9887270261533558
epoch391  rel.Train: 0.015677152514457702  rel.Test: 0.015337510854005814  abs.Test: 0.012671947479248047  abs.TestBoundary: 0j  time: 0.9874391816556454
epoch392  rel.Train: 0.015590337201952935  rel.Test: 0.015997854173183442  abs.Test: 0.013217970132827758  abs.TestBoundary: 0j  time: 0.977717983070761
epoch393  rel.Train: 0.015470337927341461  rel.Test: 0.01561184659600258  abs.Test: 0.01290089264512062  abs.TestBoundary: 0j  time: 0.9707853738218546
epoch394  rel.Train: 0.015500561341643333  rel.Test: 0.015387963205575943  abs.Test: 0.012712323367595672  abs.TestBoundary: 0j  time: 0.9704811670817435
epoch395  rel.Train: 0.015362589493393898  rel.Test: 0.015467649847269059  abs.Test: 0.012777448445558549  abs.TestBoundary: 0j  time: 0.9715571757405996
epoch396  rel.Train: 0.015260000079870224  rel.Test: 0.015680358409881592  abs.Test: 0.012954050600528717  abs.TestBoundary: 0j  time: 0.9727546130307019
epoch397  rel.Train: 0.015499552518129348  rel.Test: 0.016276125311851502  abs.Test: 0.013446887210011482  abs.TestBoundary: 0j  time: 0.9713442549109459
epoch398  rel.Train: 0.01587230707705021  rel.Test: 0.016693105697631837  abs.Test: 0.013790600299835205  abs.TestBoundary: 0j  time: 0.9717395282350481
epoch399  rel.Train: 0.015581626951694488  rel.Test: 0.015373623818159104  abs.Test: 0.01270048514008522  abs.TestBoundary: 0j  time: 0.9731042748317122
epoch400  rel.Train: 0.015381512090563773  rel.Test: 0.015514743328094483  abs.Test: 0.012817883715033531  abs.TestBoundary: 0j  time: 0.9710165429860353
epoch401  rel.Train: 0.015219814494252205  rel.Test: 0.015402690917253494  abs.Test: 0.012726929560303689  abs.TestBoundary: 0j  time: 0.9726250022649765
epoch402  rel.Train: 0.01552205802500248  rel.Test: 0.016014729738235475  abs.Test: 0.013229745775461196  abs.TestBoundary: 0j  time: 0.9717885432764888
epoch403  rel.Train: 0.015349854350090026  rel.Test: 0.015538063198328018  abs.Test: 0.012837986201047898  abs.TestBoundary: 0j  time: 0.9734860169701278
epoch404  rel.Train: 0.015252740055322647  rel.Test: 0.015372876077890396  abs.Test: 0.01270068109035492  abs.TestBoundary: 0j  time: 0.9728201869875193
epoch405  rel.Train: 0.015179767802357674  rel.Test: 0.01555181920528412  abs.Test: 0.012850300520658492  abs.TestBoundary: 0j  time: 0.9717737282626331
epoch406  rel.Train: 0.015510562539100646  rel.Test: 0.016375001668930054  abs.Test: 0.013529144823551179  abs.TestBoundary: 0j  time: 0.9716768180951476
epoch407  rel.Train: 0.016049678564071655  rel.Test: 0.01581317812204361  abs.Test: 0.0130659881234169  abs.TestBoundary: 0j  time: 0.9729145499877632
epoch408  rel.Train: 0.015338952749967575  rel.Test: 0.015721966773271562  abs.Test: 0.01299237236380577  abs.TestBoundary: 0j  time: 0.9712132881395519
epoch409  rel.Train: 0.015299872323870659  rel.Test: 0.015108854025602341  abs.Test: 0.012482412531971932  abs.TestBoundary: 0j  time: 0.9728630012832582
epoch410  rel.Train: 0.015085690945386887  rel.Test: 0.015317331701517105  abs.Test: 0.012656406089663506  abs.TestBoundary: 0j  time: 0.9725599251687527
epoch411  rel.Train: 0.01508109900355339  rel.Test: 0.015955180674791337  abs.Test: 0.013186276108026505  abs.TestBoundary: 0j  time: 0.9726179158315063
epoch412  rel.Train: 0.01522465531527996  rel.Test: 0.015130794048309327  abs.Test: 0.012500571757555009  abs.TestBoundary: 0j  time: 0.9725163048133254
epoch413  rel.Train: 0.01500209128856659  rel.Test: 0.01516673132777214  abs.Test: 0.012529375180602074  abs.TestBoundary: 0j  time: 0.9722979529760778
epoch414  rel.Train: 0.015074918642640114  rel.Test: 0.015616859942674637  abs.Test: 0.012903141677379609  abs.TestBoundary: 0j  time: 0.9731951518915594
epoch415  rel.Train: 0.015162483230233193  rel.Test: 0.01515619695186615  abs.Test: 0.012521580308675766  abs.TestBoundary: 0j  time: 0.9726941143162549
epoch416  rel.Train: 0.01527379710972309  rel.Test: 0.01520540177822113  abs.Test: 0.012560415789484978  abs.TestBoundary: 0j  time: 0.9717395594343543
epoch417  rel.Train: 0.015189968228340149  rel.Test: 0.015498306900262833  abs.Test: 0.012803865969181061  abs.TestBoundary: 0j  time: 0.9719994510523975
epoch418  rel.Train: 0.01512839287519455  rel.Test: 0.015299030542373658  abs.Test: 0.012641381174325943  abs.TestBoundary: 0j  time: 0.9731942098587751
epoch419  rel.Train: 0.015312281459569931  rel.Test: 0.016755099594593047  abs.Test: 0.013843711912631989  abs.TestBoundary: 0j  time: 0.9721165089868009
epoch420  rel.Train: 0.01583064131438732  rel.Test: 0.01563085064291954  abs.Test: 0.012912874966859817  abs.TestBoundary: 0j  time: 0.9716217652894557
epoch421  rel.Train: 0.015284276649355888  rel.Test: 0.015650793313980102  abs.Test: 0.012931024730205536  abs.TestBoundary: 0j  time: 0.9726169649511576
epoch422  rel.Train: 0.015339569479227067  rel.Test: 0.015431042909622193  abs.Test: 0.01275198981165886  abs.TestBoundary: 0j  time: 0.9718115511350334
epoch423  rel.Train: 0.015255504474043845  rel.Test: 0.015424095243215561  abs.Test: 0.012744189947843551  abs.TestBoundary: 0j  time: 0.9723693053238094
epoch424  rel.Train: 0.015175032883882522  rel.Test: 0.015403243601322175  abs.Test: 0.012727820053696633  abs.TestBoundary: 0j  time: 0.9732126989401877
epoch425  rel.Train: 0.015132657170295716  rel.Test: 0.015260724723339081  abs.Test: 0.012606900036334991  abs.TestBoundary: 0j  time: 0.9711621329188347
epoch426  rel.Train: 0.014968774795532226  rel.Test: 0.015022391676902771  abs.Test: 0.012410307675600052  abs.TestBoundary: 0j  time: 0.9878421747125685
epoch427  rel.Train: 0.01484697125852108  rel.Test: 0.015089904963970184  abs.Test: 0.012467066794633865  abs.TestBoundary: 0j  time: 0.988111968152225
epoch428  rel.Train: 0.015039846748113633  rel.Test: 0.01626156210899353  abs.Test: 0.013436597734689713  abs.TestBoundary: 0j  time: 0.9833039152435958
epoch429  rel.Train: 0.01570016397535801  rel.Test: 0.01526998683810234  abs.Test: 0.012617900073528289  abs.TestBoundary: 0j  time: 0.9731236742809415
epoch430  rel.Train: 0.015051919117569923  rel.Test: 0.01501557856798172  abs.Test: 0.012405755370855332  abs.TestBoundary: 0j  time: 0.9723620060831308
epoch431  rel.Train: 0.015044028654694556  rel.Test: 0.01515190064907074  abs.Test: 0.012520012184977532  abs.TestBoundary: 0j  time: 0.9722288600169122
epoch432  rel.Train: 0.014862708061933518  rel.Test: 0.015038581639528275  abs.Test: 0.012424826025962829  abs.TestBoundary: 0j  time: 0.9710778761655092
epoch433  rel.Train: 0.014914431750774384  rel.Test: 0.015173849612474442  abs.Test: 0.012536105811595916  abs.TestBoundary: 0j  time: 0.9727862817235291
epoch434  rel.Train: 0.014848897248506547  rel.Test: 0.014895837306976318  abs.Test: 0.012305317968130112  abs.TestBoundary: 0j  time: 0.9728869441896677
epoch435  rel.Train: 0.014904797464609145  rel.Test: 0.015329766273498534  abs.Test: 0.012665294855833054  abs.TestBoundary: 0j  time: 0.9723068210296333
epoch436  rel.Train: 0.01497610281407833  rel.Test: 0.015008836239576339  abs.Test: 0.012400177642703056  abs.TestBoundary: 0j  time: 0.9725316017866135
epoch437  rel.Train: 0.01489997074007988  rel.Test: 0.015335450619459153  abs.Test: 0.012670645341277122  abs.TestBoundary: 0j  time: 0.9732472393661737
epoch438  rel.Train: 0.014790473908185959  rel.Test: 0.014997243136167526  abs.Test: 0.012389115691184997  abs.TestBoundary: 0j  time: 0.9731075251474977
epoch439  rel.Train: 0.014861272066831589  rel.Test: 0.014843068867921829  abs.Test: 0.01226179875433445  abs.TestBoundary: 0j  time: 0.9732578578405082
epoch440  rel.Train: 0.014833967447280884  rel.Test: 0.01563751310110092  abs.Test: 0.01292085401713848  abs.TestBoundary: 0j  time: 0.9740361641161144
epoch441  rel.Train: 0.014913128584623337  rel.Test: 0.014913736581802369  abs.Test: 0.012320809662342072  abs.TestBoundary: 0j  time: 0.9734764499589801
epoch442  rel.Train: 0.014729877486824989  rel.Test: 0.014852457791566848  abs.Test: 0.012270092219114303  abs.TestBoundary: 0j  time: 0.9730514851398766
epoch443  rel.Train: 0.014743265137076378  rel.Test: 0.015268255472183228  abs.Test: 0.012617129385471344  abs.TestBoundary: 0j  time: 0.9728859658353031
epoch444  rel.Train: 0.014845416828989983  rel.Test: 0.01497629925608635  abs.Test: 0.012373772263526917  abs.TestBoundary: 0j  time: 0.9737311149947345
epoch445  rel.Train: 0.01472079423069954  rel.Test: 0.014891535788774491  abs.Test: 0.012302168980240821  abs.TestBoundary: 0j  time: 0.9717996278777719
epoch446  rel.Train: 0.014844215378165245  rel.Test: 0.014859189838171005  abs.Test: 0.012274676486849784  abs.TestBoundary: 0j  time: 0.9722994901239872
epoch447  rel.Train: 0.01478119257092476  rel.Test: 0.014945102632045746  abs.Test: 0.01234787106513977  abs.TestBoundary: 0j  time: 0.9723797780461609
epoch448  rel.Train: 0.014979364901781082  rel.Test: 0.014920710623264312  abs.Test: 0.012325829640030862  abs.TestBoundary: 0j  time: 0.9726047967560589
epoch449  rel.Train: 0.014889970928430557  rel.Test: 0.015038072317838668  abs.Test: 0.012425995543599128  abs.TestBoundary: 0j  time: 0.9726102449931204
epoch450  rel.Train: 0.014721489191055297  rel.Test: 0.01485876426100731  abs.Test: 0.012276034727692604  abs.TestBoundary: 0j  time: 0.9733941378071904
epoch451  rel.Train: 0.014809628129005431  rel.Test: 0.015220876932144165  abs.Test: 0.012575179487466812  abs.TestBoundary: 0j  time: 0.9740353701636195
epoch452  rel.Train: 0.014779461175203323  rel.Test: 0.014998795688152313  abs.Test: 0.012391460835933685  abs.TestBoundary: 0j  time: 0.9738361169584095
epoch453  rel.Train: 0.014716666758060454  rel.Test: 0.014851832985877991  abs.Test: 0.012269904837012291  abs.TestBoundary: 0j  time: 0.9733739611692727
epoch454  rel.Train: 0.014694935709238053  rel.Test: 0.015035891681909561  abs.Test: 0.012423765957355499  abs.TestBoundary: 0j  time: 0.9743105620145798
epoch455  rel.Train: 0.014756112933158875  rel.Test: 0.014778317958116531  abs.Test: 0.012208240032196045  abs.TestBoundary: 0j  time: 0.9737604791298509
epoch456  rel.Train: 0.014739519685506821  rel.Test: 0.014907596111297607  abs.Test: 0.012316264361143112  abs.TestBoundary: 0j  time: 0.9736692761071026
epoch457  rel.Train: 0.014710214287042618  rel.Test: 0.014963108599185943  abs.Test: 0.012362654060125352  abs.TestBoundary: 0j  time: 0.9724586983211339
epoch458  rel.Train: 0.014639443159103394  rel.Test: 0.01474188283085823  abs.Test: 0.012178825587034226  abs.TestBoundary: 0j  time: 0.972632507327944
epoch459  rel.Train: 0.01463601279258728  rel.Test: 0.014965751320123672  abs.Test: 0.012364675998687744  abs.TestBoundary: 0j  time: 0.9733255156315863
epoch460  rel.Train: 0.014673151046037674  rel.Test: 0.014829264879226685  abs.Test: 0.012251790165901184  abs.TestBoundary: 0j  time: 0.9731864929199219
epoch461  rel.Train: 0.014603397876024247  rel.Test: 0.014909655302762986  abs.Test: 0.01231809914112091  abs.TestBoundary: 0j  time: 0.9739418993704021
epoch462  rel.Train: 0.0146644556671381  rel.Test: 0.014825568944215774  abs.Test: 0.012248751819133758  abs.TestBoundary: 0j  time: 0.9831345188431442
epoch463  rel.Train: 0.014577937670052051  rel.Test: 0.014766399413347245  abs.Test: 0.012198942974209785  abs.TestBoundary: 0j  time: 0.9892957787960768
epoch464  rel.Train: 0.014620160639286041  rel.Test: 0.014782483875751495  abs.Test: 0.012212346270680428  abs.TestBoundary: 0j  time: 0.9883175068534911
epoch465  rel.Train: 0.014612082585692406  rel.Test: 0.014807222932577134  abs.Test: 0.012233012169599534  abs.TestBoundary: 0j  time: 0.973542460706085
epoch466  rel.Train: 0.014582318484783172  rel.Test: 0.014806890785694122  abs.Test: 0.012233210057020187  abs.TestBoundary: 0j  time: 0.9762726239860058
epoch467  rel.Train: 0.014598923817276954  rel.Test: 0.014720895141363145  abs.Test: 0.012161377593874931  abs.TestBoundary: 0j  time: 0.9730721530504525
epoch468  rel.Train: 0.01460275837779045  rel.Test: 0.014795367866754531  abs.Test: 0.012223973274230956  abs.TestBoundary: 0j  time: 0.9728030399419367
epoch469  rel.Train: 0.014619972318410874  rel.Test: 0.014852244853973389  abs.Test: 0.012271533831954002  abs.TestBoundary: 0j  time: 0.9742846130393445
epoch470  rel.Train: 0.014551375404000283  rel.Test: 0.014772113859653473  abs.Test: 0.012204495817422866  abs.TestBoundary: 0j  time: 0.973515507299453
epoch471  rel.Train: 0.014561249181628226  rel.Test: 0.014770536869764327  abs.Test: 0.012203154638409614  abs.TestBoundary: 0j  time: 0.9730983790941536
epoch472  rel.Train: 0.014536112248897552  rel.Test: 0.014734743386507035  abs.Test: 0.012173250913619996  abs.TestBoundary: 0j  time: 0.9739109743386507
epoch473  rel.Train: 0.01454525350034237  rel.Test: 0.014748145043849945  abs.Test: 0.012184706032276154  abs.TestBoundary: 0j  time: 0.9739397689700127
epoch474  rel.Train: 0.014528547435998917  rel.Test: 0.014759225100278854  abs.Test: 0.012193901017308235  abs.TestBoundary: 0j  time: 0.9737049033865333
epoch475  rel.Train: 0.014562367379665375  rel.Test: 0.014915586262941361  abs.Test: 0.012324262857437134  abs.TestBoundary: 0j  time: 0.9737715627998114
epoch476  rel.Train: 0.014552068918943405  rel.Test: 0.014864377528429031  abs.Test: 0.012281388193368912  abs.TestBoundary: 0j  time: 0.9737897082231939
epoch477  rel.Train: 0.014559333592653274  rel.Test: 0.014789409041404723  abs.Test: 0.012218994945287704  abs.TestBoundary: 0j  time: 0.9744056263007224
epoch478  rel.Train: 0.014542243212461472  rel.Test: 0.014840195029973984  abs.Test: 0.012261283546686173  abs.TestBoundary: 0j  time: 0.9738420923240483
epoch479  rel.Train: 0.014540365308523179  rel.Test: 0.014708945006132125  abs.Test: 0.012151856869459153  abs.TestBoundary: 0j  time: 0.9738035839982331
epoch480  rel.Train: 0.014527858808636666  rel.Test: 0.014763804227113724  abs.Test: 0.012197765484452248  abs.TestBoundary: 0j  time: 0.9743525818921626
epoch481  rel.Train: 0.014498514130711555  rel.Test: 0.014717694371938705  abs.Test: 0.012159466370940208  abs.TestBoundary: 0j  time: 0.9737997772172093
epoch482  rel.Train: 0.0145116718262434  rel.Test: 0.014693411588668824  abs.Test: 0.01213903620839119  abs.TestBoundary: 0j  time: 0.9745764718391001
epoch483  rel.Train: 0.014502342104911805  rel.Test: 0.014768778085708619  abs.Test: 0.012201947122812272  abs.TestBoundary: 0j  time: 0.973517828155309
epoch484  rel.Train: 0.014507894456386566  rel.Test: 0.014715063422918319  abs.Test: 0.012157234773039817  abs.TestBoundary: 0j  time: 0.9742691069841385
epoch485  rel.Train: 0.01450285968184471  rel.Test: 0.014734602719545364  abs.Test: 0.012173641696572304  abs.TestBoundary: 0j  time: 0.9739907900802791
epoch486  rel.Train: 0.014491493687033653  rel.Test: 0.014708606004714965  abs.Test: 0.012151449397206306  abs.TestBoundary: 0j  time: 0.9741170736961067
epoch487  rel.Train: 0.014514934122562408  rel.Test: 0.014733110666275024  abs.Test: 0.01217238076031208  abs.TestBoundary: 0j  time: 0.973782108630985
epoch488  rel.Train: 0.014494479417800903  rel.Test: 0.014710050523281098  abs.Test: 0.012153126150369644  abs.TestBoundary: 0j  time: 0.9743773881345987
epoch489  rel.Train: 0.014491406977176666  rel.Test: 0.014757300168275833  abs.Test: 0.012192419469356537  abs.TestBoundary: 0j  time: 0.9732935051433742
epoch490  rel.Train: 0.014507135897874833  rel.Test: 0.014766777455806733  abs.Test: 0.012200206369161606  abs.TestBoundary: 0j  time: 0.972752776928246
epoch491  rel.Train: 0.01448406009376049  rel.Test: 0.014717013984918594  abs.Test: 0.012158855721354484  abs.TestBoundary: 0j  time: 0.9736790079623461
epoch492  rel.Train: 0.014505019448697566  rel.Test: 0.014709662199020385  abs.Test: 0.0121527511626482  abs.TestBoundary: 0j  time: 0.9745256858877838
epoch493  rel.Train: 0.01450103984773159  rel.Test: 0.01475294604897499  abs.Test: 0.012188811302185059  abs.TestBoundary: 0j  time: 0.9719844097271562
epoch494  rel.Train: 0.014487031161785126  rel.Test: 0.014716988205909729  abs.Test: 0.01215900219976902  abs.TestBoundary: 0j  time: 0.9740078449249268
epoch495  rel.Train: 0.014477170050144195  rel.Test: 0.014710567891597748  abs.Test: 0.012153486087918282  abs.TestBoundary: 0j  time: 0.9761176551692188
epoch496  rel.Train: 0.014495310619473458  rel.Test: 0.01469979152083397  abs.Test: 0.012144515290856361  abs.TestBoundary: 0j  time: 0.9733068067580462
epoch497  rel.Train: 0.014481885716319084  rel.Test: 0.01471913143992424  abs.Test: 0.012160714492201805  abs.TestBoundary: 0j  time: 0.9729255018755794
epoch498  rel.Train: 0.014482208035886287  rel.Test: 0.014691293388605118  abs.Test: 0.012137392684817314  abs.TestBoundary: 0j  time: 0.9730961443856359
epoch499  rel.Train: 0.014473015576601028  rel.Test: 0.014720700681209564  abs.Test: 0.012162100449204445  abs.TestBoundary: 0j  time: 0.9790448131971061
