original data: in (2490, 221, 51, 2) out (2490, 221, 51)
used data: x_train (1000, 11271, 4) y_train (1000, 11271, 1) x_test (200, 11271, 4) y_test (200, 11271, 1)
############################################################ config of data ############################################################
L: 1.0
downsample_ratio: 1
n_train: 1000
n_test: 200
pca_include_input: False
pca_include_grid: False
should_include_F: False
should_flatten: True
should_compute_bases: True
############################################################ config of model ############################################################
in_dim: 4
out_dim: 1
fc_channels: 128
layer_channels: [64, 64, 64, 64, 64]
layer_types: ['GalerkinConv', 'GalerkinConv', 'GalerkinConv', 'GalerkinConv']
act: gelu
should_residual: [False, False, False, False]
modes_gk: [128, 128, 128, 128]
bases_types: ['fourier', 'fourier', 'fourier', 'pca_out']
wbases_types: ['fourier', 'fourier', 'fourier', 'fourier']
green_types: ['HierLrGreen', 'HierLrGreen', 'HierLrGreen', 'HierLrGreen']
ranks_h: [4, 4, 4, 4]
levels: [4, 4, 4, 4]
ranks_d: [4, 4, 4, 4]
heads: [4, 4, 4, 4]
############################################################ config of train ############################################################
device: cuda
normalization_x: True
normalization_y: True
normalization_dim: []
epochs: 500
batch_size: 30
scheduler: OneCycleLR
base_lr: 0.001
weight_decay: 0.0001
milestones: None
scheduler_gamma: None
############################################################ Start Training ############################################################
number of parameters is 1073985
no boundary loss
epoch0  rel.Train: 0.15756356358528137  rel.Test: 0.14217193484306334  abs.Test: 0.11760383486747741  abs.TestBoundary: 0j  time: 4.037855425849557
epoch1  rel.Train: 0.11953226697444916  rel.Test: 0.10181822955608368  abs.Test: 0.08421823501586914  abs.TestBoundary: 0j  time: 0.9919517957605422
epoch2  rel.Train: 0.10303643226623535  rel.Test: 0.09877790987491608  abs.Test: 0.08169774532318115  abs.TestBoundary: 0j  time: 0.9928313260897994
epoch3  rel.Train: 0.10152977550029754  rel.Test: 0.09823621153831481  abs.Test: 0.08123305082321167  abs.TestBoundary: 0j  time: 0.9901017700321972
epoch4  rel.Train: 0.10092587745189667  rel.Test: 0.09816520214080811  abs.Test: 0.08117576956748962  abs.TestBoundary: 0j  time: 0.9904728960245848
epoch5  rel.Train: 0.10083099395036697  rel.Test: 0.09818238615989686  abs.Test: 0.08117923617362977  abs.TestBoundary: 0j  time: 0.9899659990333021
epoch6  rel.Train: 0.10082582843303681  rel.Test: 0.09850456058979035  abs.Test: 0.0814470112323761  abs.TestBoundary: 0j  time: 0.9904856919310987
epoch7  rel.Train: 0.10065617728233338  rel.Test: 0.09873394548892975  abs.Test: 0.08162126660346986  abs.TestBoundary: 0j  time: 0.9921017209999263
epoch8  rel.Train: 0.10077144002914429  rel.Test: 0.09904011130332947  abs.Test: 0.08187884151935577  abs.TestBoundary: 0j  time: 0.9906084001995623
epoch9  rel.Train: 0.10059638154506684  rel.Test: 0.09756097078323364  abs.Test: 0.080687335729599  abs.TestBoundary: 0j  time: 0.9883069503121078
epoch10  rel.Train: 0.10055385708808899  rel.Test: 0.09764245748519898  abs.Test: 0.08074935615062713  abs.TestBoundary: 0j  time: 0.9896773998625576
epoch11  rel.Train: 0.10052497863769531  rel.Test: 0.09807158887386322  abs.Test: 0.08108383774757386  abs.TestBoundary: 0j  time: 0.9892521221190691
epoch12  rel.Train: 0.10051812422275543  rel.Test: 0.09752874553203583  abs.Test: 0.08065754055976868  abs.TestBoundary: 0j  time: 0.9879348869435489
epoch13  rel.Train: 0.10044271087646485  rel.Test: 0.09751757264137267  abs.Test: 0.08065292596817017  abs.TestBoundary: 0j  time: 0.9888493991456926
epoch14  rel.Train: 0.1004742088317871  rel.Test: 0.09755153775215149  abs.Test: 0.0806699275970459  abs.TestBoundary: 0j  time: 0.9889683821238577
epoch15  rel.Train: 0.10043799221515655  rel.Test: 0.09764701664447785  abs.Test: 0.08075249552726746  abs.TestBoundary: 0j  time: 0.9883800288662314
epoch16  rel.Train: 0.10046670216321946  rel.Test: 0.09771911442279815  abs.Test: 0.08080484867095947  abs.TestBoundary: 0j  time: 0.9885893329046667
epoch17  rel.Train: 0.10047162795066833  rel.Test: 0.09745806932449341  abs.Test: 0.08062010407447814  abs.TestBoundary: 0j  time: 0.9889157791621983
epoch18  rel.Train: 0.10076499056816102  rel.Test: 0.09777684926986695  abs.Test: 0.08085572302341461  abs.TestBoundary: 0j  time: 0.9884926658123732
epoch19  rel.Train: 0.10053736448287964  rel.Test: 0.09742515861988067  abs.Test: 0.08057562291622161  abs.TestBoundary: 0j  time: 0.9880945347249508
epoch20  rel.Train: 0.1005881873369217  rel.Test: 0.09823552906513214  abs.Test: 0.08121981382369996  abs.TestBoundary: 0j  time: 0.9909573211334646
epoch21  rel.Train: 0.10052906686067581  rel.Test: 0.09777011513710022  abs.Test: 0.08084560990333557  abs.TestBoundary: 0j  time: 0.9894692143425345
epoch22  rel.Train: 0.10040526807308198  rel.Test: 0.09741353511810302  abs.Test: 0.08056030631065368  abs.TestBoundary: 0j  time: 0.9909997908398509
epoch23  rel.Train: 0.10031402957439423  rel.Test: 0.09797215878963471  abs.Test: 0.08100572228431702  abs.TestBoundary: 0j  time: 0.9893152387812734
epoch24  rel.Train: 0.10046095889806747  rel.Test: 0.09740932703018189  abs.Test: 0.0805550080537796  abs.TestBoundary: 0j  time: 0.9892487819306552
epoch25  rel.Train: 0.1003372493982315  rel.Test: 0.09802502632141114  abs.Test: 0.08104518949985504  abs.TestBoundary: 0j  time: 0.9896730040200055
epoch26  rel.Train: 0.10047252637147903  rel.Test: 0.09743109166622162  abs.Test: 0.08057866394519805  abs.TestBoundary: 0j  time: 0.989916814956814
epoch27  rel.Train: 0.10030337232351304  rel.Test: 0.0973095202445984  abs.Test: 0.08048978805541993  abs.TestBoundary: 0j  time: 0.9902153299190104
epoch28  rel.Train: 0.10034818196296692  rel.Test: 0.09851168811321259  abs.Test: 0.0814363843202591  abs.TestBoundary: 0j  time: 0.9899026909843087
epoch29  rel.Train: 0.10054281616210937  rel.Test: 0.09735716938972473  abs.Test: 0.0805210691690445  abs.TestBoundary: 0j  time: 0.9902714770287275
epoch30  rel.Train: 0.10037008666992188  rel.Test: 0.09749945163726807  abs.Test: 0.08062382876873016  abs.TestBoundary: 0j  time: 0.9895848408341408
epoch31  rel.Train: 0.10048097825050353  rel.Test: 0.09787597417831422  abs.Test: 0.08092862606048584  abs.TestBoundary: 0j  time: 0.9931860640645027
epoch32  rel.Train: 0.10038834869861603  rel.Test: 0.09815069258213044  abs.Test: 0.08115117430686951  abs.TestBoundary: 0j  time: 0.9890650669112802
epoch33  rel.Train: 0.10043312507867813  rel.Test: 0.09790361225605011  abs.Test: 0.08094986379146576  abs.TestBoundary: 0j  time: 0.9904041271656752
epoch34  rel.Train: 0.1004887552857399  rel.Test: 0.09767825245857238  abs.Test: 0.08077366173267364  abs.TestBoundary: 0j  time: 0.9878591406159103
epoch35  rel.Train: 0.10051567721366882  rel.Test: 0.09809265017509461  abs.Test: 0.08110642492771149  abs.TestBoundary: 0j  time: 0.9880534689873457
epoch36  rel.Train: 0.10045820283889771  rel.Test: 0.09741463422775269  abs.Test: 0.08055679678916931  abs.TestBoundary: 0j  time: 0.9877219600602984
epoch37  rel.Train: 0.10034295117855072  rel.Test: 0.09741826057434082  abs.Test: 0.08058467626571655  abs.TestBoundary: 0j  time: 0.9885067408904433
epoch38  rel.Train: 0.10067563796043397  rel.Test: 0.09735634624958038  abs.Test: 0.08052796840667725  abs.TestBoundary: 0j  time: 0.9874342917464674
epoch39  rel.Train: 0.10043046987056732  rel.Test: 0.09747543573379516  abs.Test: 0.08060452282428741  abs.TestBoundary: 0j  time: 0.9880323866382241
epoch40  rel.Train: 0.10044314777851104  rel.Test: 0.09748629212379456  abs.Test: 0.08061970591545105  abs.TestBoundary: 0j  time: 0.9875638228841126
epoch41  rel.Train: 0.10034577029943466  rel.Test: 0.09770371973514556  abs.Test: 0.08078768610954284  abs.TestBoundary: 0j  time: 0.9879649765789509
epoch42  rel.Train: 0.10044847810268402  rel.Test: 0.09782781898975372  abs.Test: 0.08088788390159607  abs.TestBoundary: 0j  time: 0.9884159229695797
epoch43  rel.Train: 0.10054473698139191  rel.Test: 0.09797260999679565  abs.Test: 0.08102192640304566  abs.TestBoundary: 0j  time: 0.9875946650281549
epoch44  rel.Train: 0.10047309029102325  rel.Test: 0.09724050164222717  abs.Test: 0.08042675852775574  abs.TestBoundary: 0j  time: 0.9885367802344263
epoch45  rel.Train: 0.10031957817077637  rel.Test: 0.0980634903907776  abs.Test: 0.08107977271080018  abs.TestBoundary: 0j  time: 0.9880606778897345
epoch46  rel.Train: 0.10040634298324586  rel.Test: 0.09750599861145019  abs.Test: 0.0806675136089325  abs.TestBoundary: 0j  time: 0.9877450470812619
epoch47  rel.Train: 0.1005531849861145  rel.Test: 0.0973010540008545  abs.Test: 0.0804759168624878  abs.TestBoundary: 0j  time: 0.9879678636789322
epoch48  rel.Train: 0.10040671014785767  rel.Test: 0.09733717143535614  abs.Test: 0.08051698088645935  abs.TestBoundary: 0j  time: 0.9879215941764414
epoch49  rel.Train: 0.1004577430486679  rel.Test: 0.09717131733894348  abs.Test: 0.08036811769008637  abs.TestBoundary: 0j  time: 0.9888376789167523
epoch50  rel.Train: 0.10033417987823487  rel.Test: 0.09776627242565156  abs.Test: 0.08083675920963287  abs.TestBoundary: 0j  time: 0.9886721773073077
epoch51  rel.Train: 0.10058608728647232  rel.Test: 0.09793658316135406  abs.Test: 0.08098445296287536  abs.TestBoundary: 0j  time: 0.9878626479767263
epoch52  rel.Train: 0.10035022234916686  rel.Test: 0.09750484585762025  abs.Test: 0.08065518856048584  abs.TestBoundary: 0j  time: 0.9886947721242905
epoch53  rel.Train: 0.10035875844955444  rel.Test: 0.09775340676307678  abs.Test: 0.08083176851272583  abs.TestBoundary: 0j  time: 0.9879201459698379
epoch54  rel.Train: 0.10036188173294068  rel.Test: 0.09777750551700592  abs.Test: 0.08085025370121002  abs.TestBoundary: 0j  time: 0.9903224450536072
epoch55  rel.Train: 0.10035903191566467  rel.Test: 0.09716052472591401  abs.Test: 0.08036599397659301  abs.TestBoundary: 0j  time: 0.9907110673375428
epoch56  rel.Train: 0.10042436730861663  rel.Test: 0.09739405035972595  abs.Test: 0.08054878473281861  abs.TestBoundary: 0j  time: 0.9884239160455763
epoch57  rel.Train: 0.1004007774591446  rel.Test: 0.09776681542396545  abs.Test: 0.0808413279056549  abs.TestBoundary: 0j  time: 0.9889688258990645
epoch58  rel.Train: 0.10033131289482117  rel.Test: 0.09749346554279327  abs.Test: 0.08063253343105316  abs.TestBoundary: 0j  time: 0.9896761463023722
epoch59  rel.Train: 0.1004218454360962  rel.Test: 0.09753498911857605  abs.Test: 0.08065903842449189  abs.TestBoundary: 0j  time: 0.9886363130062819
epoch60  rel.Train: 0.10039269661903381  rel.Test: 0.0997590559720993  abs.Test: 0.08244595170021057  abs.TestBoundary: 0j  time: 0.9888984691351652
epoch61  rel.Train: 0.1005423355102539  rel.Test: 0.0992343246936798  abs.Test: 0.08202360451221466  abs.TestBoundary: 0j  time: 0.9891668129712343
epoch62  rel.Train: 0.10049194258451462  rel.Test: 0.09759550333023072  abs.Test: 0.0807022523880005  abs.TestBoundary: 0j  time: 0.9888516790233552
epoch63  rel.Train: 0.10048112273216248  rel.Test: 0.09795349478721618  abs.Test: 0.08098903059959411  abs.TestBoundary: 0j  time: 0.9887115992605686
epoch64  rel.Train: 0.10037298631668091  rel.Test: 0.0977151095867157  abs.Test: 0.08079844117164611  abs.TestBoundary: 0j  time: 0.989987775683403
epoch65  rel.Train: 0.10040628182888031  rel.Test: 0.09720422863960267  abs.Test: 0.08039428293704987  abs.TestBoundary: 0j  time: 0.9890017681755126
epoch66  rel.Train: 0.10046089243888855  rel.Test: 0.0972530061006546  abs.Test: 0.08043362021446228  abs.TestBoundary: 0j  time: 0.9888505097478628
epoch67  rel.Train: 0.1004181147813797  rel.Test: 0.09752795934677123  abs.Test: 0.08067077457904816  abs.TestBoundary: 0j  time: 0.9894037898629904
epoch68  rel.Train: 0.10039616650342942  rel.Test: 0.0971614009141922  abs.Test: 0.0803598976135254  abs.TestBoundary: 0j  time: 0.9887782633304596
epoch69  rel.Train: 0.10044865083694458  rel.Test: 0.0974658614397049  abs.Test: 0.08060460865497589  abs.TestBoundary: 0j  time: 0.9887958550825715
epoch70  rel.Train: 0.10038063979148865  rel.Test: 0.09756141424179077  abs.Test: 0.0806761384010315  abs.TestBoundary: 0j  time: 0.9897468159906566
epoch71  rel.Train: 0.10047027838230133  rel.Test: 0.09726982533931733  abs.Test: 0.08046219825744629  abs.TestBoundary: 0j  time: 0.9888138920068741
epoch72  rel.Train: 0.10053984433412552  rel.Test: 0.09795782029628754  abs.Test: 0.08099562883377075  abs.TestBoundary: 0j  time: 0.9892434477806091
epoch73  rel.Train: 0.10028074848651886  rel.Test: 0.09728079855442047  abs.Test: 0.080455801486969  abs.TestBoundary: 0j  time: 0.9887736439704895
epoch74  rel.Train: 0.10029353988170624  rel.Test: 0.09847562372684479  abs.Test: 0.0814108943939209  abs.TestBoundary: 0j  time: 0.9902923996560276
epoch75  rel.Train: 0.10052058792114257  rel.Test: 0.09742882013320923  abs.Test: 0.0805695652961731  abs.TestBoundary: 0j  time: 0.9911718689836562
epoch76  rel.Train: 0.10023955166339875  rel.Test: 0.09726984202861785  abs.Test: 0.08046021223068238  abs.TestBoundary: 0j  time: 0.9892506622709334
epoch77  rel.Train: 0.10026032203435897  rel.Test: 0.09734804689884186  abs.Test: 0.08050623655319214  abs.TestBoundary: 0j  time: 0.989155295304954
epoch78  rel.Train: 0.10036207735538483  rel.Test: 0.09730727434158325  abs.Test: 0.08048085927963257  abs.TestBoundary: 0j  time: 0.9896071506664157
epoch79  rel.Train: 0.10026230597496033  rel.Test: 0.09780672609806061  abs.Test: 0.08087429642677307  abs.TestBoundary: 0j  time: 0.9890069249086082
epoch80  rel.Train: 0.10028007292747497  rel.Test: 0.09710427284240723  abs.Test: 0.08031104385852814  abs.TestBoundary: 0j  time: 0.9890981088392437
epoch81  rel.Train: 0.10026110327243805  rel.Test: 0.09772647440433502  abs.Test: 0.08080200314521789  abs.TestBoundary: 0j  time: 0.9900199328549206
epoch82  rel.Train: 0.10015087682008743  rel.Test: 0.09777230620384217  abs.Test: 0.0808378118276596  abs.TestBoundary: 0j  time: 0.9893234111368656
epoch83  rel.Train: 0.10016291904449463  rel.Test: 0.09719077467918397  abs.Test: 0.08036789774894715  abs.TestBoundary: 0j  time: 0.9891564529389143
epoch84  rel.Train: 0.0999510418176651  rel.Test: 0.0978495442867279  abs.Test: 0.08093191266059875  abs.TestBoundary: 0j  time: 0.989294386934489
epoch85  rel.Train: 0.10045857918262481  rel.Test: 0.09712877631187439  abs.Test: 0.08034753322601318  abs.TestBoundary: 0j  time: 0.9903140622191131
epoch86  rel.Train: 0.09996768379211426  rel.Test: 0.09732927441596985  abs.Test: 0.08049122929573059  abs.TestBoundary: 0j  time: 0.9890496819280088
epoch87  rel.Train: 0.09994547283649445  rel.Test: 0.09704255104064942  abs.Test: 0.08026903867721558  abs.TestBoundary: 0j  time: 0.989208668936044
epoch88  rel.Train: 0.09910608327388763  rel.Test: 0.1098316490650177  abs.Test: 0.09072969853878021  abs.TestBoundary: 0j  time: 0.9897480960935354
epoch89  rel.Train: 0.09963192081451416  rel.Test: 0.09507026553153991  abs.Test: 0.07860638618469239  abs.TestBoundary: 0j  time: 0.9890380031429231
epoch90  rel.Train: 0.09793644714355469  rel.Test: 0.09500072300434112  abs.Test: 0.07852716386318206  abs.TestBoundary: 0j  time: 0.9899614839814603
epoch91  rel.Train: 0.09285568952560425  rel.Test: 0.08671683073043823  abs.Test: 0.07163665890693664  abs.TestBoundary: 0j  time: 0.9888812559656799
epoch92  rel.Train: 0.08754571461677552  rel.Test: 0.08449981212615967  abs.Test: 0.06986177325248719  abs.TestBoundary: 0j  time: 0.9884118190966547
epoch93  rel.Train: 0.08431280434131622  rel.Test: 0.0837061619758606  abs.Test: 0.06909748256206512  abs.TestBoundary: 0j  time: 0.9887021607719362
epoch94  rel.Train: 0.08155477911233902  rel.Test: 0.10465517520904541  abs.Test: 0.08638812601566315  abs.TestBoundary: 0j  time: 0.9880271949805319
epoch95  rel.Train: 0.08128754436969757  rel.Test: 0.07671128690242768  abs.Test: 0.06339686214923859  abs.TestBoundary: 0j  time: 0.9878658731468022
epoch96  rel.Train: 0.0795980350971222  rel.Test: 0.07636989831924439  abs.Test: 0.06308240711688995  abs.TestBoundary: 0j  time: 0.9880083566531539
epoch97  rel.Train: 0.07882295048236847  rel.Test: 0.08128751397132873  abs.Test: 0.06714864671230317  abs.TestBoundary: 0j  time: 0.9895206587389112
epoch98  rel.Train: 0.07753660678863525  rel.Test: 0.1164893114566803  abs.Test: 0.09612361371517181  abs.TestBoundary: 0j  time: 0.9879793380387127
epoch99  rel.Train: 0.08483973479270936  rel.Test: 0.0793444585800171  abs.Test: 0.06553662300109864  abs.TestBoundary: 0j  time: 0.9881198923103511
epoch100  rel.Train: 0.07792476534843445  rel.Test: 0.07685229301452637  abs.Test: 0.06346236348152161  abs.TestBoundary: 0j  time: 0.9897033199667931
epoch101  rel.Train: 0.07683817672729493  rel.Test: 0.07739048719406127  abs.Test: 0.06396490395069122  abs.TestBoundary: 0j  time: 0.988069084007293
epoch102  rel.Train: 0.07760512363910675  rel.Test: 0.08525251269340516  abs.Test: 0.07043580055236816  abs.TestBoundary: 0j  time: 0.9878560989163816
epoch103  rel.Train: 0.07722374892234803  rel.Test: 0.07437479436397552  abs.Test: 0.06147642493247986  abs.TestBoundary: 0j  time: 0.9875698727555573
epoch104  rel.Train: 0.0785010302066803  rel.Test: 0.07846118688583374  abs.Test: 0.064810351729393  abs.TestBoundary: 0j  time: 0.9877277524210513
epoch105  rel.Train: 0.07462136203050614  rel.Test: 0.07305976152420043  abs.Test: 0.06036520779132843  abs.TestBoundary: 0j  time: 0.9875372387468815
epoch106  rel.Train: 0.07395604681968689  rel.Test: 0.07172223389148712  abs.Test: 0.05927315592765808  abs.TestBoundary: 0j  time: 0.9871472739614546
epoch107  rel.Train: 0.0759955370426178  rel.Test: 0.07346938133239746  abs.Test: 0.06068165183067322  abs.TestBoundary: 0j  time: 0.9869440668262541
epoch108  rel.Train: 0.07276640540361404  rel.Test: 0.07133305311203003  abs.Test: 0.05893971085548401  abs.TestBoundary: 0j  time: 0.9866185239516199
epoch109  rel.Train: 0.07362674105167388  rel.Test: 0.08241190254688263  abs.Test: 0.06801602005958557  abs.TestBoundary: 0j  time: 0.9862606809474528
epoch110  rel.Train: 0.07174050402641297  rel.Test: 0.0667476499080658  abs.Test: 0.05510563850402832  abs.TestBoundary: 0j  time: 0.987136899959296
epoch111  rel.Train: 0.07419665837287903  rel.Test: 0.07492923617362976  abs.Test: 0.0619090086221695  abs.TestBoundary: 0j  time: 0.9872158081270754
epoch112  rel.Train: 0.07174588763713836  rel.Test: 0.07974142849445343  abs.Test: 0.06588571429252625  abs.TestBoundary: 0j  time: 0.9871974713169038
epoch113  rel.Train: 0.07106571304798126  rel.Test: 0.06607203006744385  abs.Test: 0.05457422912120819  abs.TestBoundary: 0j  time: 0.9880226776003838
epoch114  rel.Train: 0.0686828436255455  rel.Test: 0.10754676580429078  abs.Test: 0.08876517295837402  abs.TestBoundary: 0j  time: 0.9880513250827789
epoch115  rel.Train: 0.0738309166431427  rel.Test: 0.0751986813545227  abs.Test: 0.06207527279853821  abs.TestBoundary: 0j  time: 0.987563784699887
epoch116  rel.Train: 0.06956466090679168  rel.Test: 0.07538075864315033  abs.Test: 0.06226483225822449  abs.TestBoundary: 0j  time: 0.9874601508490741
epoch117  rel.Train: 0.07034221816062927  rel.Test: 0.06906878590583801  abs.Test: 0.05711934864521027  abs.TestBoundary: 0j  time: 0.9876699349842966
epoch118  rel.Train: 0.07056445568799972  rel.Test: 0.08312691211700439  abs.Test: 0.06861758172512054  abs.TestBoundary: 0j  time: 0.9877052530646324
epoch119  rel.Train: 0.06937100899219513  rel.Test: 0.06420756042003632  abs.Test: 0.05306946396827698  abs.TestBoundary: 0j  time: 0.9875690671615303
epoch120  rel.Train: 0.07439186096191407  rel.Test: 0.0681440269947052  abs.Test: 0.05628870129585266  abs.TestBoundary: 0j  time: 0.987775294110179
epoch121  rel.Train: 0.06750058472156524  rel.Test: 0.0647348153591156  abs.Test: 0.0534884786605835  abs.TestBoundary: 0j  time: 0.9875357067212462
epoch122  rel.Train: 0.06756244677305222  rel.Test: 0.06289219796657562  abs.Test: 0.05191399931907654  abs.TestBoundary: 0j  time: 0.9879793883301318
epoch123  rel.Train: 0.06572891199588776  rel.Test: 0.10624397635459899  abs.Test: 0.08768095850944518  abs.TestBoundary: 0j  time: 0.9890994047746062
epoch124  rel.Train: 0.07237566220760346  rel.Test: 0.06448900878429413  abs.Test: 0.053264535665512085  abs.TestBoundary: 0j  time: 0.9878191240131855
epoch125  rel.Train: 0.06460562753677368  rel.Test: 0.0716361278295517  abs.Test: 0.059122751355171206  abs.TestBoundary: 0j  time: 0.9891109811142087
epoch126  rel.Train: 0.07531963914632797  rel.Test: 0.07779802918434144  abs.Test: 0.06425627410411834  abs.TestBoundary: 0j  time: 0.9875737819820642
epoch127  rel.Train: 0.06807539993524551  rel.Test: 0.0780959665775299  abs.Test: 0.06447300612926483  abs.TestBoundary: 0j  time: 0.9877128778025508
epoch128  rel.Train: 0.06619276237487794  rel.Test: 0.06305182039737701  abs.Test: 0.05207533359527588  abs.TestBoundary: 0j  time: 0.9877912080846727
epoch129  rel.Train: 0.067019779920578  rel.Test: 0.07300962924957276  abs.Test: 0.06031452715396881  abs.TestBoundary: 0j  time: 0.9880739361979067
epoch130  rel.Train: 0.06638573676347732  rel.Test: 0.07544194579124451  abs.Test: 0.06228421211242676  abs.TestBoundary: 0j  time: 0.9879565662704408
epoch131  rel.Train: 0.06285623729228973  rel.Test: 0.05965961992740631  abs.Test: 0.04924231827259064  abs.TestBoundary: 0j  time: 0.9882072880864143
epoch132  rel.Train: 0.06235323280096054  rel.Test: 0.05848201870918274  abs.Test: 0.04829096406698227  abs.TestBoundary: 0j  time: 0.9874361422844231
epoch133  rel.Train: 0.06781143373250961  rel.Test: 0.0618108206987381  abs.Test: 0.05104454815387726  abs.TestBoundary: 0j  time: 0.9877429963089526
epoch134  rel.Train: 0.06716136252880096  rel.Test: 0.08010144114494323  abs.Test: 0.06614154577255249  abs.TestBoundary: 0j  time: 0.9874443099834025
epoch135  rel.Train: 0.06327908301353455  rel.Test: 0.07374459624290466  abs.Test: 0.06089523077011108  abs.TestBoundary: 0j  time: 0.9876948799937963
epoch136  rel.Train: 0.06270084053277969  rel.Test: 0.06976830542087555  abs.Test: 0.05760598838329315  abs.TestBoundary: 0j  time: 0.9894082797691226
epoch137  rel.Train: 0.0616299723982811  rel.Test: 0.08884624361991883  abs.Test: 0.07334021985530853  abs.TestBoundary: 0j  time: 0.9877918092533946
epoch138  rel.Train: 0.06794992661476135  rel.Test: 0.06577346026897431  abs.Test: 0.05429975211620331  abs.TestBoundary: 0j  time: 0.9882502369582653
epoch139  rel.Train: 0.06248511701822281  rel.Test: 0.06851406157016754  abs.Test: 0.056559073328971865  abs.TestBoundary: 0j  time: 0.9876605882309377
epoch140  rel.Train: 0.06560787230730057  rel.Test: 0.06038009107112884  abs.Test: 0.04987313807010651  abs.TestBoundary: 0j  time: 0.9878218360245228
epoch141  rel.Train: 0.06124285995960235  rel.Test: 0.08121559023857117  abs.Test: 0.06705179989337921  abs.TestBoundary: 0j  time: 0.9885754291899502
epoch142  rel.Train: 0.06231365823745728  rel.Test: 0.06108678877353668  abs.Test: 0.05044825613498688  abs.TestBoundary: 0j  time: 0.9887261097319424
epoch143  rel.Train: 0.062327870905399325  rel.Test: 0.06409868001937866  abs.Test: 0.05289082944393158  abs.TestBoundary: 0j  time: 0.9877316262573004
epoch144  rel.Train: 0.0606715008020401  rel.Test: 0.06087014436721802  abs.Test: 0.05027669608592987  abs.TestBoundary: 0j  time: 0.9892725571990013
epoch145  rel.Train: 0.06170032107830047  rel.Test: 0.06416772544384003  abs.Test: 0.052968164086341855  abs.TestBoundary: 0j  time: 0.9913857886567712
epoch146  rel.Train: 0.06484653508663177  rel.Test: 0.06033804476261139  abs.Test: 0.04984965562820434  abs.TestBoundary: 0j  time: 0.9891896857880056
epoch147  rel.Train: 0.06256145784258843  rel.Test: 0.0594397759437561  abs.Test: 0.04907462358474732  abs.TestBoundary: 0j  time: 0.9900177549570799
epoch148  rel.Train: 0.05947266656160355  rel.Test: 0.08292962908744812  abs.Test: 0.06843766629695892  abs.TestBoundary: 0j  time: 0.9886470809578896
epoch149  rel.Train: 0.06185284698009491  rel.Test: 0.07563469767570495  abs.Test: 0.06242589950561524  abs.TestBoundary: 0j  time: 0.9890094539150596
epoch150  rel.Train: 0.06183065724372864  rel.Test: 0.06914164900779723  abs.Test: 0.05710277318954468  abs.TestBoundary: 0j  time: 0.9897199450060725
epoch151  rel.Train: 0.06435434800386429  rel.Test: 0.07620983839035034  abs.Test: 0.06294018745422364  abs.TestBoundary: 0j  time: 0.9891145010478795
epoch152  rel.Train: 0.06273672485351563  rel.Test: 0.057190450429916384  abs.Test: 0.04721579879522324  abs.TestBoundary: 0j  time: 0.989411888178438
epoch153  rel.Train: 0.06139511477947235  rel.Test: 0.0611071640253067  abs.Test: 0.050455690026283265  abs.TestBoundary: 0j  time: 0.9903146703727543
epoch154  rel.Train: 0.0627947016954422  rel.Test: 0.06510110974311828  abs.Test: 0.05376590132713318  abs.TestBoundary: 0j  time: 0.9901121803559363
epoch155  rel.Train: 0.06218482196331024  rel.Test: 0.05792077124118805  abs.Test: 0.047817615568637846  abs.TestBoundary: 0j  time: 0.9888348020613194
epoch156  rel.Train: 0.0608927880525589  rel.Test: 0.05758250653743744  abs.Test: 0.04754376173019409  abs.TestBoundary: 0j  time: 0.9917284538969398
epoch157  rel.Train: 0.06251977396011353  rel.Test: 0.06325648128986358  abs.Test: 0.05221193194389343  abs.TestBoundary: 0j  time: 0.9921060828492045
epoch158  rel.Train: 0.06011890918016434  rel.Test: 0.05720236480236054  abs.Test: 0.047240104079246524  abs.TestBoundary: 0j  time: 0.9912838391028345
epoch159  rel.Train: 0.062255700945854184  rel.Test: 0.058688024878501895  abs.Test: 0.04845188677310944  abs.TestBoundary: 0j  time: 0.9940384672954679
epoch160  rel.Train: 0.061355544805526734  rel.Test: 0.05876614391803742  abs.Test: 0.04854955077171326  abs.TestBoundary: 0j  time: 0.9931363528594375
epoch161  rel.Train: 0.06085085159540177  rel.Test: 0.06714087724685669  abs.Test: 0.05543056905269623  abs.TestBoundary: 0j  time: 0.9929211442358792
epoch162  rel.Train: 0.06088033503293991  rel.Test: 0.060425516366958615  abs.Test: 0.04989434480667114  abs.TestBoundary: 0j  time: 0.9901439636014402
epoch163  rel.Train: 0.06184726870059967  rel.Test: 0.05846436619758606  abs.Test: 0.048257426619529725  abs.TestBoundary: 0j  time: 0.9904552740044892
epoch164  rel.Train: 0.05906691408157349  rel.Test: 0.05736734569072723  abs.Test: 0.047382816076278686  abs.TestBoundary: 0j  time: 0.988759377039969
epoch165  rel.Train: 0.05907582664489746  rel.Test: 0.06399591088294983  abs.Test: 0.05280946850776672  abs.TestBoundary: 0j  time: 0.9885289878584445
epoch166  rel.Train: 0.062284973680973056  rel.Test: 0.06086501955986023  abs.Test: 0.05021912813186646  abs.TestBoundary: 0j  time: 0.990385658107698
epoch167  rel.Train: 0.0603221555352211  rel.Test: 0.05882625162601471  abs.Test: 0.04854785948991776  abs.TestBoundary: 0j  time: 0.9896977902390063
epoch168  rel.Train: 0.05838028514385223  rel.Test: 0.05844120740890503  abs.Test: 0.04824471771717072  abs.TestBoundary: 0j  time: 0.9898006389848888
epoch169  rel.Train: 0.05728414046764374  rel.Test: 0.057491616010665894  abs.Test: 0.047459360659122464  abs.TestBoundary: 0j  time: 0.9921556268818676
epoch170  rel.Train: 0.05715176200866699  rel.Test: 0.058542906045913695  abs.Test: 0.048336566984653474  abs.TestBoundary: 0j  time: 0.9894283739849925
epoch171  rel.Train: 0.060441640973091126  rel.Test: 0.05763579785823822  abs.Test: 0.04756340444087982  abs.TestBoundary: 0j  time: 0.9890114148147404
epoch172  rel.Train: 0.05739820909500122  rel.Test: 0.05698572337627411  abs.Test: 0.047044568955898286  abs.TestBoundary: 0j  time: 0.9904864528216422
epoch173  rel.Train: 0.06351923584938049  rel.Test: 0.062238599061965945  abs.Test: 0.05138828754425049  abs.TestBoundary: 0j  time: 0.9918592339381576
epoch174  rel.Train: 0.05765941619873047  rel.Test: 0.05586801171302795  abs.Test: 0.04611310511827469  abs.TestBoundary: 0j  time: 0.9924567639827728
epoch175  rel.Train: 0.05770726335048675  rel.Test: 0.06877737283706666  abs.Test: 0.056791038513183595  abs.TestBoundary: 0j  time: 0.9920901819132268
epoch176  rel.Train: 0.06276010483503341  rel.Test: 0.06937416970729827  abs.Test: 0.05729460477828979  abs.TestBoundary: 0j  time: 0.9923321339301765
epoch177  rel.Train: 0.05943848675489426  rel.Test: 0.0599432909488678  abs.Test: 0.049491620659828185  abs.TestBoundary: 0j  time: 0.9928468987345695
epoch178  rel.Train: 0.05851605087518692  rel.Test: 0.055447997450828554  abs.Test: 0.045772374868392945  abs.TestBoundary: 0j  time: 0.9913244140334427
epoch179  rel.Train: 0.061309938669204714  rel.Test: 0.06314014434814454  abs.Test: 0.05214792668819428  abs.TestBoundary: 0j  time: 0.9908342240378261
epoch180  rel.Train: 0.05989471006393433  rel.Test: 0.05744522333145142  abs.Test: 0.04742909789085388  abs.TestBoundary: 0j  time: 0.9920007339678705
epoch181  rel.Train: 0.05610466283559799  rel.Test: 0.0561497300863266  abs.Test: 0.04635826498270035  abs.TestBoundary: 0j  time: 1.0221385499462485
epoch182  rel.Train: 0.05616233146190643  rel.Test: 0.05404961347579956  abs.Test: 0.04462248206138611  abs.TestBoundary: 0j  time: 1.0038281250745058
epoch183  rel.Train: 0.061196521997451785  rel.Test: 0.05650219917297363  abs.Test: 0.04664938151836395  abs.TestBoundary: 0j  time: 0.9864097679965198
epoch184  rel.Train: 0.05797752130031586  rel.Test: 0.056576895713806155  abs.Test: 0.04670331031084061  abs.TestBoundary: 0j  time: 0.9952295240946114
epoch185  rel.Train: 0.05606699454784393  rel.Test: 0.05731089770793915  abs.Test: 0.04729777485132217  abs.TestBoundary: 0j  time: 1.003726953174919
epoch186  rel.Train: 0.059167020857334135  rel.Test: 0.054667482376098635  abs.Test: 0.04512814402580261  abs.TestBoundary: 0j  time: 0.9908286114223301
epoch187  rel.Train: 0.05578974622488022  rel.Test: 0.05502829134464264  abs.Test: 0.045429365038871766  abs.TestBoundary: 0j  time: 0.9886100180447102
epoch188  rel.Train: 0.0619284787774086  rel.Test: 0.060628685951232913  abs.Test: 0.050068070888519285  abs.TestBoundary: 0j  time: 0.9864729130640626
epoch189  rel.Train: 0.06338476872444153  rel.Test: 0.05908802390098572  abs.Test: 0.048767293095588686  abs.TestBoundary: 0j  time: 0.9860905972309411
epoch190  rel.Train: 0.05788025671243668  rel.Test: 0.08112277030944824  abs.Test: 0.06693141222000122  abs.TestBoundary: 0j  time: 0.9863951252773404
epoch191  rel.Train: 0.059035829186439515  rel.Test: 0.05818464875221253  abs.Test: 0.04803644925355911  abs.TestBoundary: 0j  time: 0.9863162101246417
epoch192  rel.Train: 0.056256415367126465  rel.Test: 0.055717049837112426  abs.Test: 0.04601555228233337  abs.TestBoundary: 0j  time: 0.9863009043037891
epoch193  rel.Train: 0.0565295804142952  rel.Test: 0.06738889813423157  abs.Test: 0.05562079608440399  abs.TestBoundary: 0j  time: 0.9861476109363139
epoch194  rel.Train: 0.05916588127613068  rel.Test: 0.06989165365695954  abs.Test: 0.057672408819198606  abs.TestBoundary: 0j  time: 0.9891267698258162
epoch195  rel.Train: 0.059330065250396725  rel.Test: 0.05759792268276215  abs.Test: 0.047533118426799775  abs.TestBoundary: 0j  time: 0.9858780731447041
epoch196  rel.Train: 0.05612870198488235  rel.Test: 0.05627625286579132  abs.Test: 0.04647609263658523  abs.TestBoundary: 0j  time: 0.9857850563712418
epoch197  rel.Train: 0.056273113489151004  rel.Test: 0.06720392107963562  abs.Test: 0.05548769652843475  abs.TestBoundary: 0j  time: 0.9862202522344887
epoch198  rel.Train: 0.05876283752918243  rel.Test: 0.06609744250774384  abs.Test: 0.05456708669662476  abs.TestBoundary: 0j  time: 0.9862027228809893
epoch199  rel.Train: 0.0559152939915657  rel.Test: 0.05602948248386383  abs.Test: 0.04624860137701035  abs.TestBoundary: 0j  time: 0.9860825599171221
epoch200  rel.Train: 0.05641041791439056  rel.Test: 0.06604698300361633  abs.Test: 0.05449171245098114  abs.TestBoundary: 0j  time: 0.986048620659858
epoch201  rel.Train: 0.05687677329778671  rel.Test: 0.05638000428676605  abs.Test: 0.046517401933670044  abs.TestBoundary: 0j  time: 0.9869619510136545
epoch202  rel.Train: 0.05886790943145752  rel.Test: 0.05625894129276276  abs.Test: 0.046414629220962525  abs.TestBoundary: 0j  time: 0.9883777089416981
epoch203  rel.Train: 0.05531273549795151  rel.Test: 0.05528797149658203  abs.Test: 0.04562997817993164  abs.TestBoundary: 0j  time: 0.9863995248451829
epoch204  rel.Train: 0.05437478291988373  rel.Test: 0.05642263114452362  abs.Test: 0.0465689942240715  abs.TestBoundary: 0j  time: 0.9862511027604342
epoch205  rel.Train: 0.05771906650066376  rel.Test: 0.05322287142276764  abs.Test: 0.04392702102661133  abs.TestBoundary: 0j  time: 0.9863810823298991
epoch206  rel.Train: 0.05583970659971237  rel.Test: 0.06025281190872192  abs.Test: 0.04970972180366516  abs.TestBoundary: 0j  time: 0.9864076278172433
epoch207  rel.Train: 0.05464748787879944  rel.Test: 0.05574840605258942  abs.Test: 0.04599852621555328  abs.TestBoundary: 0j  time: 0.9865823090076447
epoch208  rel.Train: 0.05962834054231644  rel.Test: 0.05432101547718048  abs.Test: 0.044826017022132875  abs.TestBoundary: 0j  time: 0.9865852468647063
epoch209  rel.Train: 0.055551315426826474  rel.Test: 0.061265812516212464  abs.Test: 0.05059128880500793  abs.TestBoundary: 0j  time: 0.9870604816824198
epoch210  rel.Train: 0.05610139006376266  rel.Test: 0.05422156691551208  abs.Test: 0.04476018667221069  abs.TestBoundary: 0j  time: 0.9869384840130806
epoch211  rel.Train: 0.05391030389070511  rel.Test: 0.0583952534198761  abs.Test: 0.04821415811777115  abs.TestBoundary: 0j  time: 0.9871716289781034
epoch212  rel.Train: 0.05841975331306457  rel.Test: 0.0655577027797699  abs.Test: 0.054087260961532595  abs.TestBoundary: 0j  time: 0.9869999350048602
epoch213  rel.Train: 0.056524560630321505  rel.Test: 0.054125692844390866  abs.Test: 0.0446388977766037  abs.TestBoundary: 0j  time: 0.9867798462510109
epoch214  rel.Train: 0.05349090617895126  rel.Test: 0.05443174302577972  abs.Test: 0.04491146683692932  abs.TestBoundary: 0j  time: 0.9871597671881318
epoch215  rel.Train: 0.05684849435091019  rel.Test: 0.05875605583190918  abs.Test: 0.04849566638469696  abs.TestBoundary: 0j  time: 0.9870418007485569
epoch216  rel.Train: 0.05514367914199829  rel.Test: 0.06378565430641174  abs.Test: 0.05264874577522278  abs.TestBoundary: 0j  time: 0.9866622551344335
epoch217  rel.Train: 0.05511068338155747  rel.Test: 0.05502824246883392  abs.Test: 0.04540755718946457  abs.TestBoundary: 0j  time: 0.9878632477484643
epoch218  rel.Train: 0.057984785974025725  rel.Test: 0.055066898465156555  abs.Test: 0.045416534543037415  abs.TestBoundary: 0j  time: 0.9885525018908083
epoch219  rel.Train: 0.056044497281312944  rel.Test: 0.05413779973983765  abs.Test: 0.0446758708357811  abs.TestBoundary: 0j  time: 0.989139371085912
epoch220  rel.Train: 0.05365212470293045  rel.Test: 0.053924640417099  abs.Test: 0.04449446052312851  abs.TestBoundary: 0j  time: 0.9869779911823571
epoch221  rel.Train: 0.05344454458355904  rel.Test: 0.06539210915565491  abs.Test: 0.05397289633750915  abs.TestBoundary: 0j  time: 0.9869931396096945
epoch222  rel.Train: 0.053998654007911685  rel.Test: 0.05436310410499573  abs.Test: 0.04489203840494156  abs.TestBoundary: 0j  time: 0.9867006088607013
epoch223  rel.Train: 0.055703850507736206  rel.Test: 0.06255962014198303  abs.Test: 0.05161943674087524  abs.TestBoundary: 0j  time: 0.9873313866555691
epoch224  rel.Train: 0.05348328399658203  rel.Test: 0.0528744775056839  abs.Test: 0.04364380896091461  abs.TestBoundary: 0j  time: 0.9873671969398856
epoch225  rel.Train: 0.052471311211586  rel.Test: 0.06407653033733368  abs.Test: 0.05288278877735138  abs.TestBoundary: 0j  time: 0.9883122439496219
epoch226  rel.Train: 0.05383765643835068  rel.Test: 0.058778355717659  abs.Test: 0.048517746925354  abs.TestBoundary: 0j  time: 0.9870641939342022
epoch227  rel.Train: 0.05557377320528031  rel.Test: 0.06269062638282775  abs.Test: 0.0517588073015213  abs.TestBoundary: 0j  time: 0.9875401360914111
epoch228  rel.Train: 0.05596984148025513  rel.Test: 0.05754970967769623  abs.Test: 0.047505744099617005  abs.TestBoundary: 0j  time: 0.9859066628850996
epoch229  rel.Train: 0.05681271374225617  rel.Test: 0.07307626485824585  abs.Test: 0.06031709611415863  abs.TestBoundary: 0j  time: 0.9863426936790347
epoch230  rel.Train: 0.05553972029685974  rel.Test: 0.06614841341972351  abs.Test: 0.054622722864151  abs.TestBoundary: 0j  time: 0.9858496300876141
epoch231  rel.Train: 0.05684467732906342  rel.Test: 0.05268068552017212  abs.Test: 0.043488692045211795  abs.TestBoundary: 0j  time: 0.9857415030710399
epoch232  rel.Train: 0.05408244428038597  rel.Test: 0.05750294029712677  abs.Test: 0.04747370839118958  abs.TestBoundary: 0j  time: 0.9858875670470297
epoch233  rel.Train: 0.053682363152503965  rel.Test: 0.05201238095760345  abs.Test: 0.04293398052453995  abs.TestBoundary: 0j  time: 0.9862506492063403
epoch234  rel.Train: 0.0547392144203186  rel.Test: 0.05406043112277985  abs.Test: 0.04461456686258316  abs.TestBoundary: 0j  time: 0.9859368489123881
epoch235  rel.Train: 0.05368105518817902  rel.Test: 0.05739610552787781  abs.Test: 0.047373472452163695  abs.TestBoundary: 0j  time: 0.9856852348893881
epoch236  rel.Train: 0.05699010592699051  rel.Test: 0.0641513079404831  abs.Test: 0.05294395625591278  abs.TestBoundary: 0j  time: 0.9870672132819891
epoch237  rel.Train: 0.054547341346740726  rel.Test: 0.07216071248054505  abs.Test: 0.05956625998020172  abs.TestBoundary: 0j  time: 0.9861169303767383
epoch238  rel.Train: 0.05641539573669434  rel.Test: 0.05316421926021576  abs.Test: 0.04388407170772553  abs.TestBoundary: 0j  time: 0.9858402642421424
epoch239  rel.Train: 0.05593305778503418  rel.Test: 0.0516204035282135  abs.Test: 0.042599776685237886  abs.TestBoundary: 0j  time: 0.9855822711251676
epoch240  rel.Train: 0.05293358790874481  rel.Test: 0.05755192339420319  abs.Test: 0.04748773336410522  abs.TestBoundary: 0j  time: 0.986223260872066
epoch241  rel.Train: 0.05321807700395584  rel.Test: 0.060939388871192934  abs.Test: 0.05031691402196884  abs.TestBoundary: 0j  time: 0.9860133687034249
epoch242  rel.Train: 0.0543022118806839  rel.Test: 0.06752103269100189  abs.Test: 0.05574353754520416  abs.TestBoundary: 0j  time: 0.9860554551705718
epoch243  rel.Train: 0.05350633734464645  rel.Test: 0.05202156126499176  abs.Test: 0.042920306622982025  abs.TestBoundary: 0j  time: 0.988482054322958
epoch244  rel.Train: 0.054338555455207826  rel.Test: 0.05493748605251312  abs.Test: 0.045340777933597566  abs.TestBoundary: 0j  time: 0.9861539900302887
epoch245  rel.Train: 0.053560041785240174  rel.Test: 0.052002128958702085  abs.Test: 0.0429050013422966  abs.TestBoundary: 0j  time: 0.9870337257161736
epoch246  rel.Train: 0.05398688101768494  rel.Test: 0.0530967116355896  abs.Test: 0.043823915123939516  abs.TestBoundary: 0j  time: 0.9867749069817364
epoch247  rel.Train: 0.0519963686466217  rel.Test: 0.0515383380651474  abs.Test: 0.04253903180360794  abs.TestBoundary: 0j  time: 0.9859548509120941
epoch248  rel.Train: 0.051338346004486085  rel.Test: 0.05793797135353088  abs.Test: 0.04777625024318695  abs.TestBoundary: 0j  time: 0.986007580999285
epoch249  rel.Train: 0.05185741221904755  rel.Test: 0.06145718455314636  abs.Test: 0.050756269693374635  abs.TestBoundary: 0j  time: 0.9874471537768841
epoch250  rel.Train: 0.05048097687959671  rel.Test: 0.05405953526496887  abs.Test: 0.04460670709609985  abs.TestBoundary: 0j  time: 0.987051643896848
epoch251  rel.Train: 0.05199621552228927  rel.Test: 0.05419370770454407  abs.Test: 0.044735435545444485  abs.TestBoundary: 0j  time: 0.9867407828569412
epoch252  rel.Train: 0.051583546847105026  rel.Test: 0.050970709323883055  abs.Test: 0.042072152495384214  abs.TestBoundary: 0j  time: 0.9863672079518437
epoch253  rel.Train: 0.05009055054187775  rel.Test: 0.05104434192180633  abs.Test: 0.042116977870464326  abs.TestBoundary: 0j  time: 0.9864714597351849
epoch254  rel.Train: 0.05043977162241936  rel.Test: 0.04926169872283936  abs.Test: 0.04065526455640793  abs.TestBoundary: 0j  time: 0.9880329263396561
epoch255  rel.Train: 0.05022436320781708  rel.Test: 0.049636121988296505  abs.Test: 0.040983920991420744  abs.TestBoundary: 0j  time: 0.9882353940047324
epoch256  rel.Train: 0.0505537691116333  rel.Test: 0.050489673614501955  abs.Test: 0.04169538527727127  abs.TestBoundary: 0j  time: 0.990278301294893
epoch257  rel.Train: 0.05327738881111145  rel.Test: 0.049857494235038755  abs.Test: 0.041189843118190766  abs.TestBoundary: 0j  time: 0.9885337851010263
epoch258  rel.Train: 0.050396252512931825  rel.Test: 0.051806273460388186  abs.Test: 0.042737067341804505  abs.TestBoundary: 0j  time: 0.9890754730440676
epoch259  rel.Train: 0.052113340198993684  rel.Test: 0.05031254649162292  abs.Test: 0.041532583832740784  abs.TestBoundary: 0j  time: 0.9884753217920661
epoch260  rel.Train: 0.048500200420618055  rel.Test: 0.05115484297275543  abs.Test: 0.04217632979154587  abs.TestBoundary: 0j  time: 0.9904303001239896
epoch261  rel.Train: 0.0469913295507431  rel.Test: 0.05461722195148468  abs.Test: 0.04510239690542221  abs.TestBoundary: 0j  time: 0.9904881869442761
epoch262  rel.Train: 0.04776001659035683  rel.Test: 0.05006985604763031  abs.Test: 0.04129262536764145  abs.TestBoundary: 0j  time: 0.9917527632787824
epoch263  rel.Train: 0.04770506751537323  rel.Test: 0.05829741597175598  abs.Test: 0.04811814099550247  abs.TestBoundary: 0j  time: 0.9916292978450656
epoch264  rel.Train: 0.04697952628135681  rel.Test: 0.04577775299549103  abs.Test: 0.03782672882080078  abs.TestBoundary: 0j  time: 0.9920092448592186
epoch265  rel.Train: 0.04562988191843033  rel.Test: 0.060158873796463015  abs.Test: 0.04969890177249908  abs.TestBoundary: 0j  time: 0.992435956839472
epoch266  rel.Train: 0.04915099704265594  rel.Test: 0.04562580645084381  abs.Test: 0.037698925733566285  abs.TestBoundary: 0j  time: 0.9944913047365844
epoch267  rel.Train: 0.04370719319581985  rel.Test: 0.0448417729139328  abs.Test: 0.03703422576189041  abs.TestBoundary: 0j  time: 0.9928498337976635
epoch268  rel.Train: 0.04275004100799561  rel.Test: 0.04446637123823166  abs.Test: 0.03673581540584564  abs.TestBoundary: 0j  time: 0.9928310327231884
epoch269  rel.Train: 0.0441332605779171  rel.Test: 0.04387425363063812  abs.Test: 0.036236769556999206  abs.TestBoundary: 0j  time: 0.991937352810055
epoch270  rel.Train: 0.04284821951389313  rel.Test: 0.042517552077770235  abs.Test: 0.03511493474245071  abs.TestBoundary: 0j  time: 0.992395656183362
epoch271  rel.Train: 0.04356881806254387  rel.Test: 0.05024923473596573  abs.Test: 0.041508879065513614  abs.TestBoundary: 0j  time: 0.9927358301356435
epoch272  rel.Train: 0.04115454035997391  rel.Test: 0.040086517930030825  abs.Test: 0.033099284172058104  abs.TestBoundary: 0j  time: 0.9928444330580533
epoch273  rel.Train: 0.04114185130596161  rel.Test: 0.041465547084808346  abs.Test: 0.034242441952228544  abs.TestBoundary: 0j  time: 0.9927474679425359
epoch274  rel.Train: 0.04172858059406281  rel.Test: 0.04040490925312042  abs.Test: 0.033375609517097476  abs.TestBoundary: 0j  time: 0.9923096019774675
epoch275  rel.Train: 0.04107366389036179  rel.Test: 0.042046576738357544  abs.Test: 0.034745331406593326  abs.TestBoundary: 0j  time: 0.9938494451344013
epoch276  rel.Train: 0.041055315732955934  rel.Test: 0.04946501672267914  abs.Test: 0.040827027559280395  abs.TestBoundary: 0j  time: 0.9921957533806562
epoch277  rel.Train: 0.04180310171842575  rel.Test: 0.04496233254671097  abs.Test: 0.03713676810264587  abs.TestBoundary: 0j  time: 0.9920808519236743
epoch278  rel.Train: 0.039680332839488984  rel.Test: 0.06430631339550018  abs.Test: 0.05313323348760605  abs.TestBoundary: 0j  time: 0.9912166623398662
epoch279  rel.Train: 0.051597692757844926  rel.Test: 0.04280849158763886  abs.Test: 0.03536446928977966  abs.TestBoundary: 0j  time: 0.990618736948818
epoch280  rel.Train: 0.04020874065160751  rel.Test: 0.043367751240730286  abs.Test: 0.03580592542886734  abs.TestBoundary: 0j  time: 0.9898465829901397
epoch281  rel.Train: 0.04144841486215591  rel.Test: 0.03969921052455902  abs.Test: 0.03279259622097015  abs.TestBoundary: 0j  time: 0.9875372122041881
epoch282  rel.Train: 0.0387557629942894  rel.Test: 0.041120407581329343  abs.Test: 0.033962628841400146  abs.TestBoundary: 0j  time: 0.9879675139673054
epoch283  rel.Train: 0.03849220651388168  rel.Test: 0.04032325297594071  abs.Test: 0.03331233412027359  abs.TestBoundary: 0j  time: 0.9871680848300457
epoch284  rel.Train: 0.0477150277197361  rel.Test: 0.04612770438194275  abs.Test: 0.03810610175132752  abs.TestBoundary: 0j  time: 0.987473274115473
epoch285  rel.Train: 0.04014158204197884  rel.Test: 0.04861315429210663  abs.Test: 0.04014180898666382  abs.TestBoundary: 0j  time: 0.9869632311165333
epoch286  rel.Train: 0.04120467230677605  rel.Test: 0.04079553097486496  abs.Test: 0.03369737863540649  abs.TestBoundary: 0j  time: 0.9861453277990222
epoch287  rel.Train: 0.03858338755369187  rel.Test: 0.03997730255126953  abs.Test: 0.03302465051412582  abs.TestBoundary: 0j  time: 0.9860077621415257
epoch288  rel.Train: 0.038973679423332214  rel.Test: 0.03931541204452515  abs.Test: 0.03247233897447586  abs.TestBoundary: 0j  time: 0.9858751278370619
epoch289  rel.Train: 0.03866827791929245  rel.Test: 0.06567209720611572  abs.Test: 0.054278257787227634  abs.TestBoundary: 0j  time: 0.9855029778555036
epoch290  rel.Train: 0.04669476479291916  rel.Test: 0.05283373773097992  abs.Test: 0.0436549586057663  abs.TestBoundary: 0j  time: 0.9853640650399029
epoch291  rel.Train: 0.041679125785827636  rel.Test: 0.047491905987262724  abs.Test: 0.03924415349960327  abs.TestBoundary: 0j  time: 0.9853127421811223
epoch292  rel.Train: 0.03826568108797073  rel.Test: 0.038664842247962954  abs.Test: 0.03194021224975586  abs.TestBoundary: 0j  time: 0.9878272372297943
epoch293  rel.Train: 0.038259503185749055  rel.Test: 0.04830366462469101  abs.Test: 0.03991140216588974  abs.TestBoundary: 0j  time: 0.9864914999343455
epoch294  rel.Train: 0.038358652651309964  rel.Test: 0.041191202402114865  abs.Test: 0.03403822630643845  abs.TestBoundary: 0j  time: 0.9857211341150105
epoch295  rel.Train: 0.03722604268789292  rel.Test: 0.03778172463178635  abs.Test: 0.031219169795513153  abs.TestBoundary: 0j  time: 0.9858145639300346
epoch296  rel.Train: 0.03810165458917618  rel.Test: 0.03735789597034454  abs.Test: 0.030866707563400268  abs.TestBoundary: 0j  time: 0.986167220864445
epoch297  rel.Train: 0.03805431878566742  rel.Test: 0.04233013570308685  abs.Test: 0.03496762901544571  abs.TestBoundary: 0j  time: 0.9872940932400525
epoch298  rel.Train: 0.039401513755321506  rel.Test: 0.04076797544956207  abs.Test: 0.033687717020511626  abs.TestBoundary: 0j  time: 0.9853274491615593
epoch299  rel.Train: 0.0392071835398674  rel.Test: 0.03670254409313202  abs.Test: 0.03032235234975815  abs.TestBoundary: 0j  time: 0.9850048711523414
epoch300  rel.Train: 0.036333654701709746  rel.Test: 0.03877917647361755  abs.Test: 0.032025255262851715  abs.TestBoundary: 0j  time: 0.9854355482384562
epoch301  rel.Train: 0.04003191563487053  rel.Test: 0.03804391145706177  abs.Test: 0.03143762767314911  abs.TestBoundary: 0j  time: 0.9854567376896739
epoch302  rel.Train: 0.03747327983379364  rel.Test: 0.04255466520786286  abs.Test: 0.03516011655330658  abs.TestBoundary: 0j  time: 0.9850903749465942
epoch303  rel.Train: 0.037831566154956815  rel.Test: 0.04709686160087585  abs.Test: 0.03892180383205414  abs.TestBoundary: 0j  time: 0.9854121482931077
epoch304  rel.Train: 0.03858169412612915  rel.Test: 0.03737140625715256  abs.Test: 0.030880421102046966  abs.TestBoundary: 0j  time: 0.9856772432103753
epoch305  rel.Train: 0.03635540521144867  rel.Test: 0.039804243445396424  abs.Test: 0.03287279158830643  abs.TestBoundary: 0j  time: 0.9853991619311273
epoch306  rel.Train: 0.038468971282243726  rel.Test: 0.042567766308784484  abs.Test: 0.03516100347042084  abs.TestBoundary: 0j  time: 0.985341751947999
epoch307  rel.Train: 0.03717977410554886  rel.Test: 0.03612276315689087  abs.Test: 0.029825288653373718  abs.TestBoundary: 0j  time: 0.985296874307096
epoch308  rel.Train: 0.03640952479839325  rel.Test: 0.03646950602531433  abs.Test: 0.030131001472473145  abs.TestBoundary: 0j  time: 0.985589814838022
epoch309  rel.Train: 0.03802505400776863  rel.Test: 0.036906208693981174  abs.Test: 0.030488774180412292  abs.TestBoundary: 0j  time: 0.9857819322496653
epoch310  rel.Train: 0.037288716703653337  rel.Test: 0.04558826774358749  abs.Test: 0.03767253518104553  abs.TestBoundary: 0j  time: 0.9853532328270376
epoch311  rel.Train: 0.042585019439458846  rel.Test: 0.03920966476202011  abs.Test: 0.032390193045139314  abs.TestBoundary: 0j  time: 0.9853898300789297
epoch312  rel.Train: 0.03662465050816536  rel.Test: 0.0394855660200119  abs.Test: 0.03261818617582321  abs.TestBoundary: 0j  time: 0.9853548188693821
epoch313  rel.Train: 0.03652584749460221  rel.Test: 0.039006268978118895  abs.Test: 0.03222434729337692  abs.TestBoundary: 0j  time: 0.9850887018255889
epoch314  rel.Train: 0.03821786296367645  rel.Test: 0.03659479737281799  abs.Test: 0.030239124596118928  abs.TestBoundary: 0j  time: 0.9855786459520459
epoch315  rel.Train: 0.03566079565882683  rel.Test: 0.03639313459396362  abs.Test: 0.030062702894210817  abs.TestBoundary: 0j  time: 0.9851678810082376
epoch316  rel.Train: 0.03547025483846664  rel.Test: 0.04606111943721771  abs.Test: 0.03805777251720428  abs.TestBoundary: 0j  time: 0.985240233130753
epoch317  rel.Train: 0.03753826677799225  rel.Test: 0.04076366126537323  abs.Test: 0.03368346929550171  abs.TestBoundary: 0j  time: 0.9876515390351415
epoch318  rel.Train: 0.039992996394634245  rel.Test: 0.04236567437648773  abs.Test: 0.0350056716799736  abs.TestBoundary: 0j  time: 0.9860735326074064
epoch319  rel.Train: 0.03807065099477768  rel.Test: 0.04587558478116989  abs.Test: 0.03790802329778671  abs.TestBoundary: 0j  time: 0.985537463799119
epoch320  rel.Train: 0.0377846594452858  rel.Test: 0.04467896819114685  abs.Test: 0.036924777328968046  abs.TestBoundary: 0j  time: 0.9859249461442232
epoch321  rel.Train: 0.03694497346878052  rel.Test: 0.04114525854587555  abs.Test: 0.033991439044475553  abs.TestBoundary: 0j  time: 0.9851537561044097
epoch322  rel.Train: 0.037561786711215975  rel.Test: 0.039728311002254484  abs.Test: 0.03282241195440292  abs.TestBoundary: 0j  time: 0.9851582809351385
epoch323  rel.Train: 0.03525316539406777  rel.Test: 0.03573303282260895  abs.Test: 0.029515970051288604  abs.TestBoundary: 0j  time: 0.9851607652381063
epoch324  rel.Train: 0.036628838926553726  rel.Test: 0.037354688048362734  abs.Test: 0.03083544909954071  abs.TestBoundary: 0j  time: 0.9851623508147895
epoch325  rel.Train: 0.037048759907484054  rel.Test: 0.03945260107517243  abs.Test: 0.032597275972366335  abs.TestBoundary: 0j  time: 0.9852717244066298
epoch326  rel.Train: 0.03539622551202774  rel.Test: 0.03561606377363205  abs.Test: 0.029405128955841065  abs.TestBoundary: 0j  time: 0.9850826407782733
epoch327  rel.Train: 0.03562115466594696  rel.Test: 0.03738093674182892  abs.Test: 0.030870126485824587  abs.TestBoundary: 0j  time: 0.9854562948457897
epoch328  rel.Train: 0.03800995177030563  rel.Test: 0.036953634321689605  abs.Test: 0.030523331463336946  abs.TestBoundary: 0j  time: 0.9851240930147469
epoch329  rel.Train: 0.03643021196126938  rel.Test: 0.043084462881088255  abs.Test: 0.035605261325836184  abs.TestBoundary: 0j  time: 0.986852768342942
epoch330  rel.Train: 0.0369217147231102  rel.Test: 0.04931882619857788  abs.Test: 0.04076944291591644  abs.TestBoundary: 0j  time: 0.9848895641043782
epoch331  rel.Train: 0.037964920371770856  rel.Test: 0.03749122023582459  abs.Test: 0.030974574387073517  abs.TestBoundary: 0j  time: 0.985772751737386
epoch332  rel.Train: 0.03449694249033928  rel.Test: 0.03571128875017166  abs.Test: 0.029494352340698242  abs.TestBoundary: 0j  time: 0.9851614166982472
epoch333  rel.Train: 0.03579905751347542  rel.Test: 0.039306582510471345  abs.Test: 0.032466360926628114  abs.TestBoundary: 0j  time: 0.9851572220213711
epoch334  rel.Train: 0.03514235913753509  rel.Test: 0.036413012146949766  abs.Test: 0.030058761537075044  abs.TestBoundary: 0j  time: 0.9852116340771317
epoch335  rel.Train: 0.035386387169361114  rel.Test: 0.03507797777652741  abs.Test: 0.02897016257047653  abs.TestBoundary: 0j  time: 0.9853992266580462
epoch336  rel.Train: 0.03518089833855629  rel.Test: 0.03826583057641983  abs.Test: 0.03162217438220978  abs.TestBoundary: 0j  time: 0.9850455322302878
epoch337  rel.Train: 0.03606328773498535  rel.Test: 0.03480220675468445  abs.Test: 0.02875346064567566  abs.TestBoundary: 0j  time: 0.9849255820736289
epoch338  rel.Train: 0.03747859913110733  rel.Test: 0.03654973238706589  abs.Test: 0.03018676608800888  abs.TestBoundary: 0j  time: 0.9848848758265376
epoch339  rel.Train: 0.033599200248718264  rel.Test: 0.03387600213289261  abs.Test: 0.02798138201236725  abs.TestBoundary: 0j  time: 0.987857508007437
epoch340  rel.Train: 0.033437382131814956  rel.Test: 0.035720399022102355  abs.Test: 0.02949738025665283  abs.TestBoundary: 0j  time: 0.984894482884556
epoch341  rel.Train: 0.033751334100961684  rel.Test: 0.035129027366638185  abs.Test: 0.029012233912944795  abs.TestBoundary: 0j  time: 0.9853213289752603
epoch342  rel.Train: 0.033815534293651583  rel.Test: 0.03999191403388977  abs.Test: 0.03304299533367157  abs.TestBoundary: 0j  time: 0.9848815896548331
epoch343  rel.Train: 0.03470332646369934  rel.Test: 0.03879270613193512  abs.Test: 0.0320585423707962  abs.TestBoundary: 0j  time: 0.9857278880663216
epoch344  rel.Train: 0.03414877200126648  rel.Test: 0.03418832391500473  abs.Test: 0.028241222500801088  abs.TestBoundary: 0j  time: 0.9852388431318104
epoch345  rel.Train: 0.03494251400232315  rel.Test: 0.03614790618419647  abs.Test: 0.02984729140996933  abs.TestBoundary: 0j  time: 0.9853207231499255
epoch346  rel.Train: 0.033688109815120694  rel.Test: 0.035204926133155824  abs.Test: 0.029081310629844665  abs.TestBoundary: 0j  time: 0.9850624180398881
epoch347  rel.Train: 0.033347318172454836  rel.Test: 0.0332757705450058  abs.Test: 0.027479895651340486  abs.TestBoundary: 0j  time: 0.985199105925858
epoch348  rel.Train: 0.032427950024604794  rel.Test: 0.03334951043128967  abs.Test: 0.027551588267087937  abs.TestBoundary: 0j  time: 0.9847910748794675
epoch349  rel.Train: 0.0334380322098732  rel.Test: 0.03692629873752594  abs.Test: 0.03051615387201309  abs.TestBoundary: 0j  time: 0.98445625603199
epoch350  rel.Train: 0.03304354131221771  rel.Test: 0.03881136745214462  abs.Test: 0.032062888741493226  abs.TestBoundary: 0j  time: 0.9850373747758567
epoch351  rel.Train: 0.03345867922902107  rel.Test: 0.033627213537693025  abs.Test: 0.027785408794879913  abs.TestBoundary: 0j  time: 0.9853164437226951
epoch352  rel.Train: 0.032337317258119586  rel.Test: 0.0331175571680069  abs.Test: 0.027345232963562012  abs.TestBoundary: 0j  time: 0.9850812372751534
epoch353  rel.Train: 0.03197014257311821  rel.Test: 0.03218622088432312  abs.Test: 0.02659042626619339  abs.TestBoundary: 0j  time: 0.9841712000779808
epoch354  rel.Train: 0.03251025238633156  rel.Test: 0.03232337206602096  abs.Test: 0.026703482270240785  abs.TestBoundary: 0j  time: 0.9842668068595231
epoch355  rel.Train: 0.030927456200122834  rel.Test: 0.03641167521476746  abs.Test: 0.030076911747455595  abs.TestBoundary: 0j  time: 0.9843690171837807
epoch356  rel.Train: 0.03251946640014648  rel.Test: 0.030551614165306093  abs.Test: 0.025236030966043474  abs.TestBoundary: 0j  time: 0.9843987189233303
epoch357  rel.Train: 0.031621117055416106  rel.Test: 0.030683490335941314  abs.Test: 0.02534713491797447  abs.TestBoundary: 0j  time: 0.9845379320904613
epoch358  rel.Train: 0.03003228485584259  rel.Test: 0.030266296565532685  abs.Test: 0.02500500962138176  abs.TestBoundary: 0j  time: 0.985027511138469
epoch359  rel.Train: 0.029779638528823853  rel.Test: 0.030210099518299102  abs.Test: 0.02495440751314163  abs.TestBoundary: 0j  time: 0.9862021310254931
epoch360  rel.Train: 0.02966939803957939  rel.Test: 0.029262580871582032  abs.Test: 0.02416978821158409  abs.TestBoundary: 0j  time: 0.985185518860817
epoch361  rel.Train: 0.032641138136386874  rel.Test: 0.04147114217281342  abs.Test: 0.034270282983779904  abs.TestBoundary: 0j  time: 0.9842033768072724
epoch362  rel.Train: 0.03323903104662895  rel.Test: 0.029219453632831575  abs.Test: 0.02413806438446045  abs.TestBoundary: 0j  time: 0.9847403969615698
epoch363  rel.Train: 0.03080073457956314  rel.Test: 0.030529382824897765  abs.Test: 0.025222440361976625  abs.TestBoundary: 0j  time: 0.9846617039293051
epoch364  rel.Train: 0.028796070724725724  rel.Test: 0.030477254688739776  abs.Test: 0.025177866965532304  abs.TestBoundary: 0j  time: 0.9849802451208234
epoch365  rel.Train: 0.02920365646481514  rel.Test: 0.033799578845500944  abs.Test: 0.02791215181350708  abs.TestBoundary: 0j  time: 0.9847615053877234
epoch366  rel.Train: 0.028554224282503128  rel.Test: 0.03244633078575134  abs.Test: 0.02678839981555939  abs.TestBoundary: 0j  time: 0.9849419109523296
epoch367  rel.Train: 0.028424898743629457  rel.Test: 0.028239270448684694  abs.Test: 0.023321459144353865  abs.TestBoundary: 0j  time: 0.9850780642591417
epoch368  rel.Train: 0.028015350639820098  rel.Test: 0.03128600925207138  abs.Test: 0.025842571854591368  abs.TestBoundary: 0j  time: 0.9847812270745635
epoch369  rel.Train: 0.027350521862506867  rel.Test: 0.0292742720246315  abs.Test: 0.02417359858751297  abs.TestBoundary: 0j  time: 0.9848581538535655
epoch370  rel.Train: 0.027075296968221665  rel.Test: 0.02969094753265381  abs.Test: 0.024529979526996613  abs.TestBoundary: 0j  time: 0.9856548481620848
epoch371  rel.Train: 0.027705433383584024  rel.Test: 0.032992279827594756  abs.Test: 0.027240335941314697  abs.TestBoundary: 0j  time: 0.9846076797693968
epoch372  rel.Train: 0.027088854357600212  rel.Test: 0.027822917997837066  abs.Test: 0.022973989099264146  abs.TestBoundary: 0j  time: 0.984590657055378
epoch373  rel.Train: 0.026445541560649873  rel.Test: 0.02709443211555481  abs.Test: 0.022373028993606568  abs.TestBoundary: 0j  time: 0.9855957729741931
epoch374  rel.Train: 0.026215865433216096  rel.Test: 0.026797206401824952  abs.Test: 0.0221314600110054  abs.TestBoundary: 0j  time: 0.9848140659742057
epoch375  rel.Train: 0.02654539906978607  rel.Test: 0.02692892074584961  abs.Test: 0.022240837514400483  abs.TestBoundary: 0j  time: 0.9854243858717382
epoch376  rel.Train: 0.025769973069429398  rel.Test: 0.032239950001239776  abs.Test: 0.026632469296455383  abs.TestBoundary: 0j  time: 0.9848252697847784
epoch377  rel.Train: 0.026333028733730317  rel.Test: 0.032083913683891296  abs.Test: 0.026507330238819123  abs.TestBoundary: 0j  time: 0.9844752452336252
epoch378  rel.Train: 0.02763659018278122  rel.Test: 0.026568210422992705  abs.Test: 0.021943597942590713  abs.TestBoundary: 0j  time: 0.984826922416687
epoch379  rel.Train: 0.025886903643608093  rel.Test: 0.026455984115600586  abs.Test: 0.021851850152015687  abs.TestBoundary: 0j  time: 0.9846109398640692
epoch380  rel.Train: 0.02541526237130165  rel.Test: 0.028729232549667357  abs.Test: 0.023737345933914186  abs.TestBoundary: 0j  time: 0.9844094007275999
epoch381  rel.Train: 0.025332130968570708  rel.Test: 0.024997851997613906  abs.Test: 0.020644672960042954  abs.TestBoundary: 0j  time: 0.9848295599222183
epoch382  rel.Train: 0.02441773346066475  rel.Test: 0.02748874098062515  abs.Test: 0.0227088925242424  abs.TestBoundary: 0j  time: 0.984569429885596
epoch383  rel.Train: 0.025811361014842986  rel.Test: 0.03135574370622635  abs.Test: 0.02590590834617615  abs.TestBoundary: 0j  time: 0.9847027901560068
epoch384  rel.Train: 0.027403386026620864  rel.Test: 0.03316099017858505  abs.Test: 0.027395617067813873  abs.TestBoundary: 0j  time: 0.9890299281105399
epoch385  rel.Train: 0.025339860022068023  rel.Test: 0.02588333874940872  abs.Test: 0.021382481753826142  abs.TestBoundary: 0j  time: 0.9850991456769407
epoch386  rel.Train: 0.024947608307003974  rel.Test: 0.025123223662376404  abs.Test: 0.020747908651828767  abs.TestBoundary: 0j  time: 0.9855358647182584
epoch387  rel.Train: 0.024808536037802698  rel.Test: 0.026517783999443056  abs.Test: 0.021908942610025406  abs.TestBoundary: 0j  time: 0.9848352973349392
epoch388  rel.Train: 0.023828581511974336  rel.Test: 0.02456686392426491  abs.Test: 0.02029198542237282  abs.TestBoundary: 0j  time: 0.984774440061301
epoch389  rel.Train: 0.023553114041686057  rel.Test: 0.025202754884958267  abs.Test: 0.020817227810621262  abs.TestBoundary: 0j  time: 0.984521028585732
epoch390  rel.Train: 0.023688496738672255  rel.Test: 0.02581709012389183  abs.Test: 0.02132539451122284  abs.TestBoundary: 0j  time: 0.9852349925786257
epoch391  rel.Train: 0.023351155057549478  rel.Test: 0.02455179184675217  abs.Test: 0.020276806950569153  abs.TestBoundary: 0j  time: 0.9847520980983973
epoch392  rel.Train: 0.025339049518108368  rel.Test: 0.026297308206558227  abs.Test: 0.02172126665711403  abs.TestBoundary: 0j  time: 0.984814940020442
epoch393  rel.Train: 0.02392159393429756  rel.Test: 0.02786092221736908  abs.Test: 0.023019328713417053  abs.TestBoundary: 0j  time: 0.986005119048059
epoch394  rel.Train: 0.023970246464014053  rel.Test: 0.023649729937314987  abs.Test: 0.019534362852573393  abs.TestBoundary: 0j  time: 0.9862768165767193
epoch395  rel.Train: 0.022937759533524515  rel.Test: 0.024215942919254302  abs.Test: 0.01999783664941788  abs.TestBoundary: 0j  time: 0.9867929150350392
epoch396  rel.Train: 0.022940142095088958  rel.Test: 0.02413755089044571  abs.Test: 0.01993890553712845  abs.TestBoundary: 0j  time: 0.9852424720302224
epoch397  rel.Train: 0.02283729413151741  rel.Test: 0.024607295989990233  abs.Test: 0.020324954688549043  abs.TestBoundary: 0j  time: 0.9871638109907508
epoch398  rel.Train: 0.023439338624477387  rel.Test: 0.02363703191280365  abs.Test: 0.0195253187417984  abs.TestBoundary: 0j  time: 0.9875886850059032
epoch399  rel.Train: 0.022474144876003264  rel.Test: 0.023548746854066847  abs.Test: 0.0194522225856781  abs.TestBoundary: 0j  time: 0.9874701788648963
epoch400  rel.Train: 0.02209711866080761  rel.Test: 0.024422659277915953  abs.Test: 0.020176344811916352  abs.TestBoundary: 0j  time: 0.9874718119390309
epoch401  rel.Train: 0.022385338321328163  rel.Test: 0.026291846632957458  abs.Test: 0.02171654224395752  abs.TestBoundary: 0j  time: 0.987977297976613
epoch402  rel.Train: 0.022705833315849303  rel.Test: 0.023110787123441695  abs.Test: 0.019088942259550094  abs.TestBoundary: 0j  time: 0.9876458863727748
epoch403  rel.Train: 0.02188035200536251  rel.Test: 0.023821057081222535  abs.Test: 0.019675610810518263  abs.TestBoundary: 0j  time: 0.9875401663593948
epoch404  rel.Train: 0.021941751882433892  rel.Test: 0.02356277942657471  abs.Test: 0.01945975959300995  abs.TestBoundary: 0j  time: 0.9888168587349355
epoch405  rel.Train: 0.02176832088828087  rel.Test: 0.02556712344288826  abs.Test: 0.021124466955661773  abs.TestBoundary: 0j  time: 0.9898415030911565
epoch406  rel.Train: 0.023990290403366088  rel.Test: 0.02539230018854141  abs.Test: 0.020973639488220217  abs.TestBoundary: 0j  time: 0.9908575378358364
epoch407  rel.Train: 0.022611573964357375  rel.Test: 0.023563829064369202  abs.Test: 0.019464554190635683  abs.TestBoundary: 0j  time: 0.9903228678740561
epoch408  rel.Train: 0.021798043414950372  rel.Test: 0.023515449464321138  abs.Test: 0.019421094655990602  abs.TestBoundary: 0j  time: 0.9913331721909344
epoch409  rel.Train: 0.02177302946150303  rel.Test: 0.023987611681222917  abs.Test: 0.019812467247247695  abs.TestBoundary: 0j  time: 0.9899621992371976
epoch410  rel.Train: 0.021344573080539702  rel.Test: 0.02276714876294136  abs.Test: 0.018802891075611113  abs.TestBoundary: 0j  time: 0.9894882161170244
epoch411  rel.Train: 0.021400422096252442  rel.Test: 0.023378859162330626  abs.Test: 0.01931112229824066  abs.TestBoundary: 0j  time: 0.9890751773491502
epoch412  rel.Train: 0.021964980155229567  rel.Test: 0.024805728644132614  abs.Test: 0.020493463277816773  abs.TestBoundary: 0j  time: 0.9884096859022975
epoch413  rel.Train: 0.02236474607884884  rel.Test: 0.024076128751039504  abs.Test: 0.019890500307083128  abs.TestBoundary: 0j  time: 0.9875544109381735
epoch414  rel.Train: 0.022260185688734054  rel.Test: 0.02682552009820938  abs.Test: 0.02216125965118408  abs.TestBoundary: 0j  time: 0.9880687952972949
epoch415  rel.Train: 0.022779811054468156  rel.Test: 0.02252427354454994  abs.Test: 0.018600416481494905  abs.TestBoundary: 0j  time: 0.9874985916540027
epoch416  rel.Train: 0.022235601514577867  rel.Test: 0.026346409469842912  abs.Test: 0.021770128011703492  abs.TestBoundary: 0j  time: 0.9854982891120017
epoch417  rel.Train: 0.023405008539557456  rel.Test: 0.023706683516502382  abs.Test: 0.01957989200949669  abs.TestBoundary: 0j  time: 0.9845037600025535
epoch418  rel.Train: 0.021728057786822318  rel.Test: 0.023910679519176484  abs.Test: 0.01975127637386322  abs.TestBoundary: 0j  time: 0.9843363049440086
epoch419  rel.Train: 0.02161327141523361  rel.Test: 0.023439702540636063  abs.Test: 0.019359727501869203  abs.TestBoundary: 0j  time: 0.9843374211341143
epoch420  rel.Train: 0.021817694023251535  rel.Test: 0.023441745936870574  abs.Test: 0.019361498355865477  abs.TestBoundary: 0j  time: 0.9839811893180013
epoch421  rel.Train: 0.021795367941260337  rel.Test: 0.022354945242404937  abs.Test: 0.018462700545787813  abs.TestBoundary: 0j  time: 0.9838959681801498
epoch422  rel.Train: 0.021287010490894317  rel.Test: 0.022226045727729796  abs.Test: 0.01835792765021324  abs.TestBoundary: 0j  time: 0.9841056470759213
epoch423  rel.Train: 0.021081710904836654  rel.Test: 0.022300835996866226  abs.Test: 0.018419888317584992  abs.TestBoundary: 0j  time: 0.9845006009563804
epoch424  rel.Train: 0.0212162047624588  rel.Test: 0.023282060325145723  abs.Test: 0.01922566533088684  abs.TestBoundary: 0j  time: 0.9840216930024326
epoch425  rel.Train: 0.021639445140957832  rel.Test: 0.02310036316514015  abs.Test: 0.01907694846391678  abs.TestBoundary: 0j  time: 0.9840371999889612
epoch426  rel.Train: 0.021412529319524764  rel.Test: 0.022104605585336685  abs.Test: 0.018256807923316954  abs.TestBoundary: 0j  time: 0.9839095883071423
epoch427  rel.Train: 0.020951076313853265  rel.Test: 0.022108586728572844  abs.Test: 0.018257850110530854  abs.TestBoundary: 0j  time: 0.9838960831984878
epoch428  rel.Train: 0.02089163613319397  rel.Test: 0.02218413516879082  abs.Test: 0.01832330971956253  abs.TestBoundary: 0j  time: 0.9843442691490054
epoch429  rel.Train: 0.020642555981874467  rel.Test: 0.02226768583059311  abs.Test: 0.018392762541770934  abs.TestBoundary: 0j  time: 0.9839191497303545
epoch430  rel.Train: 0.02048302362859249  rel.Test: 0.022309503853321075  abs.Test: 0.018425250649452208  abs.TestBoundary: 0j  time: 0.9840272441506386
epoch431  rel.Train: 0.020650145024061203  rel.Test: 0.022177483439445495  abs.Test: 0.01831855043768883  abs.TestBoundary: 0j  time: 0.9844782128930092
epoch432  rel.Train: 0.020610526442527772  rel.Test: 0.024870570302009582  abs.Test: 0.0205435711145401  abs.TestBoundary: 0j  time: 0.9876444046385586
epoch433  rel.Train: 0.021517250061035158  rel.Test: 0.02203332781791687  abs.Test: 0.018199658393859862  abs.TestBoundary: 0j  time: 0.9842870868742466
epoch434  rel.Train: 0.020876158326864243  rel.Test: 0.022283646166324615  abs.Test: 0.018406557589769362  abs.TestBoundary: 0j  time: 0.9844232690520585
epoch435  rel.Train: 0.020551847994327545  rel.Test: 0.022170658707618713  abs.Test: 0.018313680589199067  abs.TestBoundary: 0j  time: 0.9847064130008221
epoch436  rel.Train: 0.02034777444601059  rel.Test: 0.02170730918645859  abs.Test: 0.01792737200856209  abs.TestBoundary: 0j  time: 0.984993395395577
epoch437  rel.Train: 0.02091757696866989  rel.Test: 0.023093527108430864  abs.Test: 0.019075764566659926  abs.TestBoundary: 0j  time: 0.9845357947051525
epoch438  rel.Train: 0.020975556790828704  rel.Test: 0.02230104610323906  abs.Test: 0.018416125923395157  abs.TestBoundary: 0j  time: 0.9844810436479747
epoch439  rel.Train: 0.020750118672847748  rel.Test: 0.02196895584464073  abs.Test: 0.01814373314380646  abs.TestBoundary: 0j  time: 0.9858199739828706
epoch440  rel.Train: 0.02036513361334801  rel.Test: 0.022584009021520614  abs.Test: 0.01865539401769638  abs.TestBoundary: 0j  time: 0.9840743001550436
epoch441  rel.Train: 0.020359619304537772  rel.Test: 0.02170248657464981  abs.Test: 0.0179237562417984  abs.TestBoundary: 0j  time: 0.9842464230023324
epoch442  rel.Train: 0.0202329084277153  rel.Test: 0.0220688296854496  abs.Test: 0.01822934776544571  abs.TestBoundary: 0j  time: 0.9839965938590467
epoch443  rel.Train: 0.020637595385313033  rel.Test: 0.02235931724309921  abs.Test: 0.01846631020307541  abs.TestBoundary: 0j  time: 0.9845047169364989
epoch444  rel.Train: 0.02117871384322643  rel.Test: 0.02262313723564148  abs.Test: 0.01868306040763855  abs.TestBoundary: 0j  time: 0.9844609820283949
epoch445  rel.Train: 0.020544953539967537  rel.Test: 0.02160542368888855  abs.Test: 0.017842642664909363  abs.TestBoundary: 0j  time: 0.9843990248627961
epoch446  rel.Train: 0.020619791343808175  rel.Test: 0.023031302690505982  abs.Test: 0.019025696367025377  abs.TestBoundary: 0j  time: 0.9846511823125184
epoch447  rel.Train: 0.020314103022217752  rel.Test: 0.022262397408485412  abs.Test: 0.018388981223106383  abs.TestBoundary: 0j  time: 0.9842580878175795
epoch448  rel.Train: 0.02023080436885357  rel.Test: 0.021679223477840424  abs.Test: 0.0179049389064312  abs.TestBoundary: 0j  time: 0.9841038747690618
epoch449  rel.Train: 0.020466553464531897  rel.Test: 0.022318107038736344  abs.Test: 0.018436082154512406  abs.TestBoundary: 0j  time: 0.9842123412527144
epoch450  rel.Train: 0.020197670817375182  rel.Test: 0.022087000459432602  abs.Test: 0.01824451833963394  abs.TestBoundary: 0j  time: 0.9843305880203843
epoch451  rel.Train: 0.0200130877494812  rel.Test: 0.022120156884193422  abs.Test: 0.018271801173686982  abs.TestBoundary: 0j  time: 0.9846687419340014
epoch452  rel.Train: 0.020279294431209564  rel.Test: 0.021608017534017563  abs.Test: 0.01784563422203064  abs.TestBoundary: 0j  time: 0.9844233309850097
epoch453  rel.Train: 0.01998277573287487  rel.Test: 0.02211610034108162  abs.Test: 0.018267576396465302  abs.TestBoundary: 0j  time: 0.9842144050635397
epoch454  rel.Train: 0.02047829157114029  rel.Test: 0.02147705078125  abs.Test: 0.017737424820661544  abs.TestBoundary: 0j  time: 0.9848506660200655
epoch455  rel.Train: 0.019947228729724886  rel.Test: 0.021481098085641862  abs.Test: 0.017741889953613282  abs.TestBoundary: 0j  time: 0.9848788259550929
epoch456  rel.Train: 0.020019592314958572  rel.Test: 0.02137106016278267  abs.Test: 0.017650553435087205  abs.TestBoundary: 0j  time: 0.9839359098114073
epoch457  rel.Train: 0.019997371569275856  rel.Test: 0.021786458790302277  abs.Test: 0.017993970364332198  abs.TestBoundary: 0j  time: 0.9840571330860257
epoch458  rel.Train: 0.019996890634298325  rel.Test: 0.0216016349196434  abs.Test: 0.017839650511741637  abs.TestBoundary: 0j  time: 0.9847002187743783
epoch459  rel.Train: 0.02004134477674961  rel.Test: 0.02145349085330963  abs.Test: 0.01771728917956352  abs.TestBoundary: 0j  time: 0.9866580022498965
epoch460  rel.Train: 0.01990918430685997  rel.Test: 0.021417162716388702  abs.Test: 0.01768842190504074  abs.TestBoundary: 0j  time: 0.984245986212045
epoch461  rel.Train: 0.01992042103409767  rel.Test: 0.021595679819583893  abs.Test: 0.017836111932992935  abs.TestBoundary: 0j  time: 0.9855080507695675
epoch462  rel.Train: 0.01994393204152584  rel.Test: 0.021562554836273194  abs.Test: 0.017810088992118837  abs.TestBoundary: 0j  time: 0.9845996210351586
epoch463  rel.Train: 0.019833866357803345  rel.Test: 0.021485773622989656  abs.Test: 0.017745643258094787  abs.TestBoundary: 0j  time: 0.9851984367705882
epoch464  rel.Train: 0.019934245198965073  rel.Test: 0.02131783664226532  abs.Test: 0.017606053948402405  abs.TestBoundary: 0j  time: 0.9844033736735582
epoch465  rel.Train: 0.019865736991167067  rel.Test: 0.021267315745353697  abs.Test: 0.01756467118859291  abs.TestBoundary: 0j  time: 0.984177771024406
epoch466  rel.Train: 0.019867554038763047  rel.Test: 0.021264020800590516  abs.Test: 0.017561393678188323  abs.TestBoundary: 0j  time: 0.9840594558045268
epoch467  rel.Train: 0.019790457785129546  rel.Test: 0.021514661014080047  abs.Test: 0.01777013048529625  abs.TestBoundary: 0j  time: 0.9841273739002645
epoch468  rel.Train: 0.019743768960237502  rel.Test: 0.02133840888738632  abs.Test: 0.0176239550113678  abs.TestBoundary: 0j  time: 0.9840675671584904
epoch469  rel.Train: 0.019784773245453833  rel.Test: 0.021317786574363708  abs.Test: 0.017606535851955415  abs.TestBoundary: 0j  time: 0.9846593486145139
epoch470  rel.Train: 0.019810421764850615  rel.Test: 0.021251852512359618  abs.Test: 0.017550918459892272  abs.TestBoundary: 0j  time: 0.9838634189218283
epoch471  rel.Train: 0.019823520392179488  rel.Test: 0.021244860291481017  abs.Test: 0.017546053379774093  abs.TestBoundary: 0j  time: 0.9839501092210412
epoch472  rel.Train: 0.019676224291324616  rel.Test: 0.021368904709815978  abs.Test: 0.017649404406547546  abs.TestBoundary: 0j  time: 0.9841556185856462
epoch473  rel.Train: 0.019713701516389848  rel.Test: 0.021194226890802383  abs.Test: 0.017503982335329057  abs.TestBoundary: 0j  time: 0.9841128927655518
epoch474  rel.Train: 0.01973576807975769  rel.Test: 0.021584620028734208  abs.Test: 0.01782840982079506  abs.TestBoundary: 0j  time: 0.9840525067411363
epoch475  rel.Train: 0.019805280447006225  rel.Test: 0.021291583776474  abs.Test: 0.017584474980831145  abs.TestBoundary: 0j  time: 0.9838593481108546
epoch476  rel.Train: 0.01970938213169575  rel.Test: 0.021221678406000137  abs.Test: 0.0175268717110157  abs.TestBoundary: 0j  time: 0.9839585479348898
epoch477  rel.Train: 0.01964889681339264  rel.Test: 0.021274144798517226  abs.Test: 0.01757060259580612  abs.TestBoundary: 0j  time: 0.9840325629338622
epoch478  rel.Train: 0.01965657764673233  rel.Test: 0.021233991980552674  abs.Test: 0.017537580579519273  abs.TestBoundary: 0j  time: 0.9845527727156878
epoch479  rel.Train: 0.019641725450754165  rel.Test: 0.021722822785377502  abs.Test: 0.017942885309457778  abs.TestBoundary: 0j  time: 0.984501242171973
epoch480  rel.Train: 0.019688521012663843  rel.Test: 0.021266004145145415  abs.Test: 0.017564093321561815  abs.TestBoundary: 0j  time: 0.9838376441039145
epoch481  rel.Train: 0.019671058744192123  rel.Test: 0.021255770176649095  abs.Test: 0.01755521446466446  abs.TestBoundary: 0j  time: 0.9838891569525003
epoch482  rel.Train: 0.01966079643368721  rel.Test: 0.02131645381450653  abs.Test: 0.017606286853551863  abs.TestBoundary: 0j  time: 0.9865801171399653
epoch483  rel.Train: 0.019682993829250334  rel.Test: 0.021187614798545838  abs.Test: 0.017498364746570585  abs.TestBoundary: 0j  time: 0.9847778920084238
epoch484  rel.Train: 0.019687273353338242  rel.Test: 0.021154627203941345  abs.Test: 0.017471235543489456  abs.TestBoundary: 0j  time: 0.983876976184547
epoch485  rel.Train: 0.019669040888547897  rel.Test: 0.021223752200603484  abs.Test: 0.017528308928012847  abs.TestBoundary: 0j  time: 0.983353512827307
epoch486  rel.Train: 0.01969935181736946  rel.Test: 0.021188087910413742  abs.Test: 0.01749884694814682  abs.TestBoundary: 0j  time: 0.9837744529359043
epoch487  rel.Train: 0.019653489753603936  rel.Test: 0.021240848451852798  abs.Test: 0.017543185949325562  abs.TestBoundary: 0j  time: 0.98352055484429
epoch488  rel.Train: 0.01960915870964527  rel.Test: 0.021310736387968064  abs.Test: 0.017599616944789887  abs.TestBoundary: 0j  time: 0.9833235102705657
epoch489  rel.Train: 0.019711940407752992  rel.Test: 0.021173775643110276  abs.Test: 0.017487528920173644  abs.TestBoundary: 0j  time: 0.9835142958909273
epoch490  rel.Train: 0.01958341869711876  rel.Test: 0.021203594505786894  abs.Test: 0.017512310296297073  abs.TestBoundary: 0j  time: 0.9832260389812291
epoch491  rel.Train: 0.019564156621694563  rel.Test: 0.021228758096694948  abs.Test: 0.017532747983932496  abs.TestBoundary: 0j  time: 0.9836383718065917
epoch492  rel.Train: 0.019693343609571458  rel.Test: 0.021223349571228026  abs.Test: 0.0175289586186409  abs.TestBoundary: 0j  time: 0.9835846307687461
epoch493  rel.Train: 0.01965284937620163  rel.Test: 0.021590865105390548  abs.Test: 0.01783351108431816  abs.TestBoundary: 0j  time: 0.9838385730981827
epoch494  rel.Train: 0.01960969850420952  rel.Test: 0.021199197620153428  abs.Test: 0.017508566826581955  abs.TestBoundary: 0j  time: 0.9835949009284377
epoch495  rel.Train: 0.019559227526187897  rel.Test: 0.021248311549425126  abs.Test: 0.01754944920539856  abs.TestBoundary: 0j  time: 0.9836795590817928
epoch496  rel.Train: 0.019605348318815233  rel.Test: 0.02111060991883278  abs.Test: 0.017434569895267486  abs.TestBoundary: 0j  time: 0.9827222200110555
epoch497  rel.Train: 0.019679171800613404  rel.Test: 0.021145704686641693  abs.Test: 0.017463353276252747  abs.TestBoundary: 0j  time: 0.9832540899515152
epoch498  rel.Train: 0.01966176025569439  rel.Test: 0.021568105816841127  abs.Test: 0.017814639657735824  abs.TestBoundary: 0j  time: 0.9832113501615822
epoch499  rel.Train: 0.019693659871816635  rel.Test: 0.021151642501354217  abs.Test: 0.01746914878487587  abs.TestBoundary: 0j  time: 0.9829613766632974
