original data: in (2490, 221, 51, 2) out (2490, 221, 51)
used data: x_train (1000, 11271, 4) y_train (1000, 11271, 1) x_test (200, 11271, 4) y_test (200, 11271, 1)
############################################################ config of data ############################################################
L: 1.0
downsample_ratio: 1
n_train: 1000
n_test: 200
pca_include_input: False
pca_include_grid: False
should_include_F: False
should_flatten: True
should_compute_bases: True
############################################################ config of model ############################################################
in_dim: 4
out_dim: 1
fc_channels: 128
layer_channels: [64, 64, 64, 64, 64]
layer_types: ['GalerkinConv', 'GalerkinConv', 'GalerkinConv', 'GalerkinConv']
act: gelu
should_residual: [False, False, False, False]
modes_gk: [128, 128, 128, 128]
bases_types: ['fourier', 'fourier', 'fourier', 'fourier']
wbases_types: ['fourier', 'fourier', 'fourier', 'fourier']
green_types: ['HierLrMGreen', 'HierLrMGreen', 'HierLrMGreen', 'HierLrMGreen']
ranks_h: [2, 2, 2, 2]
levels: [4, 4, 4, 4]
ranks_d: [4, 4, 4, 4]
heads: [4, 4, 4, 4]
############################################################ config of train ############################################################
device: cuda
normalization_x: True
normalization_y: True
normalization_dim: []
epochs: 500
batch_size: 30
scheduler: OneCycleLR
base_lr: 0.001
weight_decay: 0.0001
milestones: None
scheduler_gamma: None
############################################################ Start Training ############################################################
number of parameters is 564033
no boundary loss
epoch0  rel.Train: 0.1592291486263275  rel.Test: 0.1526695418357849  abs.Test: 0.126268492937088  abs.TestBoundary: 0j  time: 5.140475075226277
epoch1  rel.Train: 0.15197249019145967  rel.Test: 0.12966655135154725  abs.Test: 0.10722680807113648  abs.TestBoundary: 0j  time: 1.040636627934873
epoch2  rel.Train: 0.12014889132976532  rel.Test: 0.10956931114196777  abs.Test: 0.09063288033008575  abs.TestBoundary: 0j  time: 1.0348024698905647
epoch3  rel.Train: 0.1102031090259552  rel.Test: 0.10618520557880401  abs.Test: 0.08775866448879242  abs.TestBoundary: 0j  time: 1.0319132679142058
epoch4  rel.Train: 0.10656930983066559  rel.Test: 0.10235733509063721  abs.Test: 0.08466252565383911  abs.TestBoundary: 0j  time: 1.0339934551157057
epoch5  rel.Train: 0.10430300068855286  rel.Test: 0.10087714672088623  abs.Test: 0.08340521097183227  abs.TestBoundary: 0j  time: 1.0327788200229406
epoch6  rel.Train: 0.10298451924324036  rel.Test: 0.09979011654853821  abs.Test: 0.08251095414161683  abs.TestBoundary: 0j  time: 1.0317470631562173
epoch7  rel.Train: 0.1022989512681961  rel.Test: 0.09958412766456604  abs.Test: 0.0823312520980835  abs.TestBoundary: 0j  time: 1.0328419022262096
epoch8  rel.Train: 0.1018718981742859  rel.Test: 0.09863772094249726  abs.Test: 0.08157890260219575  abs.TestBoundary: 0j  time: 1.0319631532765925
epoch9  rel.Train: 0.10150860071182251  rel.Test: 0.09821490705013275  abs.Test: 0.08122725009918214  abs.TestBoundary: 0j  time: 1.032426942139864
epoch10  rel.Train: 0.10120857179164887  rel.Test: 0.09857324481010438  abs.Test: 0.08150526404380798  abs.TestBoundary: 0j  time: 1.0356535487808287
epoch11  rel.Train: 0.10101758027076721  rel.Test: 0.09847090780735016  abs.Test: 0.08141554713249206  abs.TestBoundary: 0j  time: 1.0324107352644205
epoch12  rel.Train: 0.10100778287649155  rel.Test: 0.0981941843032837  abs.Test: 0.08121035039424897  abs.TestBoundary: 0j  time: 1.0323994983918965
epoch13  rel.Train: 0.10083352792263031  rel.Test: 0.0982574850320816  abs.Test: 0.08124110043048859  abs.TestBoundary: 0j  time: 1.0324475769884884
epoch14  rel.Train: 0.10084483277797698  rel.Test: 0.09792366325855255  abs.Test: 0.08099807322025299  abs.TestBoundary: 0j  time: 1.0325195072218776
epoch15  rel.Train: 0.10075268697738647  rel.Test: 0.09906167328357697  abs.Test: 0.0818890905380249  abs.TestBoundary: 0j  time: 1.031732632778585
epoch16  rel.Train: 0.1008726692199707  rel.Test: 0.09785240292549133  abs.Test: 0.0809306561946869  abs.TestBoundary: 0j  time: 1.0360984290018678
epoch17  rel.Train: 0.10066353869438172  rel.Test: 0.0978931725025177  abs.Test: 0.0809475576877594  abs.TestBoundary: 0j  time: 1.0360050210729241
epoch18  rel.Train: 0.1005579525232315  rel.Test: 0.09817668080329894  abs.Test: 0.0811772108078003  abs.TestBoundary: 0j  time: 1.0386891053058207
epoch19  rel.Train: 0.10061761665344238  rel.Test: 0.09817046582698823  abs.Test: 0.08117522656917572  abs.TestBoundary: 0j  time: 1.0350431432016194
epoch20  rel.Train: 0.1007581217288971  rel.Test: 0.09760387182235718  abs.Test: 0.08072134971618652  abs.TestBoundary: 0j  time: 1.0382214207202196
epoch21  rel.Train: 0.1006172925233841  rel.Test: 0.09797337234020233  abs.Test: 0.0810157871246338  abs.TestBoundary: 0j  time: 1.033562466967851
epoch22  rel.Train: 0.1007427477836609  rel.Test: 0.09791467428207397  abs.Test: 0.08098559260368347  abs.TestBoundary: 0j  time: 1.0320695657283068
epoch23  rel.Train: 0.1007083431482315  rel.Test: 0.09797235786914825  abs.Test: 0.0810253369808197  abs.TestBoundary: 0j  time: 1.0486870459280908
epoch24  rel.Train: 0.10063508397340774  rel.Test: 0.0979725593328476  abs.Test: 0.08100430965423584  abs.TestBoundary: 0j  time: 1.0648993151262403
epoch25  rel.Train: 0.10062926840782166  rel.Test: 0.09773075520992279  abs.Test: 0.08082196295261383  abs.TestBoundary: 0j  time: 1.0376970851793885
epoch26  rel.Train: 0.10058505058288575  rel.Test: 0.09761999249458313  abs.Test: 0.08073162317276  abs.TestBoundary: 0j  time: 1.0269685676321387
epoch27  rel.Train: 0.10067449676990509  rel.Test: 0.09774673044681549  abs.Test: 0.08083209156990051  abs.TestBoundary: 0j  time: 1.0414426629431546
epoch28  rel.Train: 0.10057886171340942  rel.Test: 0.09766708910465241  abs.Test: 0.08079157590866089  abs.TestBoundary: 0j  time: 1.0477226739749312
epoch29  rel.Train: 0.10073413109779358  rel.Test: 0.09798916101455689  abs.Test: 0.08102787733078003  abs.TestBoundary: 0j  time: 1.032468969002366
epoch30  rel.Train: 0.10049871063232421  rel.Test: 0.09773133456707  abs.Test: 0.08081425547599792  abs.TestBoundary: 0j  time: 1.0290470588952303
epoch31  rel.Train: 0.10047900062799454  rel.Test: 0.09768419444561005  abs.Test: 0.080778688788414  abs.TestBoundary: 0j  time: 1.0303498930297792
epoch32  rel.Train: 0.1005816559791565  rel.Test: 0.09752812147140504  abs.Test: 0.08067330360412597  abs.TestBoundary: 0j  time: 1.0296221440657973
epoch33  rel.Train: 0.10071164417266845  rel.Test: 0.09770090699195862  abs.Test: 0.08080029249191284  abs.TestBoundary: 0j  time: 1.0285890540108085
epoch34  rel.Train: 0.10050116431713105  rel.Test: 0.09788247287273406  abs.Test: 0.08093744397163391  abs.TestBoundary: 0j  time: 1.0313446489162743
epoch35  rel.Train: 0.10043639063835144  rel.Test: 0.09740799069404601  abs.Test: 0.08057170271873475  abs.TestBoundary: 0j  time: 1.028529339004308
epoch36  rel.Train: 0.10043424260616303  rel.Test: 0.09720974624156951  abs.Test: 0.08040728330612183  abs.TestBoundary: 0j  time: 1.030301745980978
epoch37  rel.Train: 0.1006090014576912  rel.Test: 0.09749659955501556  abs.Test: 0.08064320802688599  abs.TestBoundary: 0j  time: 1.030798845924437
epoch38  rel.Train: 0.10042435812950135  rel.Test: 0.09767354667186737  abs.Test: 0.08077613592147827  abs.TestBoundary: 0j  time: 1.028852135874331
epoch39  rel.Train: 0.1005341637134552  rel.Test: 0.0975799798965454  abs.Test: 0.08069883823394776  abs.TestBoundary: 0j  time: 1.0325159938074648
epoch40  rel.Train: 0.10049133849143982  rel.Test: 0.09774067521095275  abs.Test: 0.08082007169723511  abs.TestBoundary: 0j  time: 1.0300099132582545
epoch41  rel.Train: 0.10055975556373596  rel.Test: 0.09807926893234253  abs.Test: 0.08109685659408569  abs.TestBoundary: 0j  time: 1.0302733359858394
epoch42  rel.Train: 0.10036208987236023  rel.Test: 0.09866268575191497  abs.Test: 0.08155840575695038  abs.TestBoundary: 0j  time: 1.0310653960332274
epoch43  rel.Train: 0.10053461647033692  rel.Test: 0.09792829275131226  abs.Test: 0.08097114026546479  abs.TestBoundary: 0j  time: 1.02928625093773
epoch44  rel.Train: 0.10044037675857544  rel.Test: 0.09735793769359588  abs.Test: 0.08051599144935608  abs.TestBoundary: 0j  time: 1.0304741840809584
epoch45  rel.Train: 0.10056997156143188  rel.Test: 0.09752975344657898  abs.Test: 0.08065959930419922  abs.TestBoundary: 0j  time: 1.030270293354988
epoch46  rel.Train: 0.10041003143787385  rel.Test: 0.09757221460342408  abs.Test: 0.08068552196025848  abs.TestBoundary: 0j  time: 1.029785417020321
epoch47  rel.Train: 0.10045646858215332  rel.Test: 0.09778210043907165  abs.Test: 0.08085674285888672  abs.TestBoundary: 0j  time: 1.0304888603277504
epoch48  rel.Train: 0.10063923931121826  rel.Test: 0.09734315514564514  abs.Test: 0.08052230417728425  abs.TestBoundary: 0j  time: 1.0294497520662844
epoch49  rel.Train: 0.10067936873435974  rel.Test: 0.0978001081943512  abs.Test: 0.08086963176727295  abs.TestBoundary: 0j  time: 1.031225890852511
epoch50  rel.Train: 0.10047338384389877  rel.Test: 0.09749821722507476  abs.Test: 0.0806255704164505  abs.TestBoundary: 0j  time: 1.0302879647351801
epoch51  rel.Train: 0.10041094994544983  rel.Test: 0.09746141910552979  abs.Test: 0.08060377836227417  abs.TestBoundary: 0j  time: 1.0303022456355393
epoch52  rel.Train: 0.1004197289943695  rel.Test: 0.0975440001487732  abs.Test: 0.08067992448806763  abs.TestBoundary: 0j  time: 1.0319423950277269
epoch53  rel.Train: 0.100422014772892  rel.Test: 0.09758657991886138  abs.Test: 0.08071845471858978  abs.TestBoundary: 0j  time: 1.031730705872178
epoch54  rel.Train: 0.10035296535491943  rel.Test: 0.09758276224136353  abs.Test: 0.08069520294666291  abs.TestBoundary: 0j  time: 1.0329721784219146
epoch55  rel.Train: 0.10033612406253814  rel.Test: 0.09750442206859589  abs.Test: 0.08062984824180602  abs.TestBoundary: 0j  time: 1.030738530214876
epoch56  rel.Train: 0.10036880838871003  rel.Test: 0.09879768252372742  abs.Test: 0.0816753590106964  abs.TestBoundary: 0j  time: 1.031110413838178
epoch57  rel.Train: 0.10049383044242859  rel.Test: 0.0974455326795578  abs.Test: 0.08059842109680176  abs.TestBoundary: 0j  time: 1.0318407509475946
epoch58  rel.Train: 0.10045100438594819  rel.Test: 0.09766853034496308  abs.Test: 0.08077508211135864  abs.TestBoundary: 0j  time: 1.0299628432840109
epoch59  rel.Train: 0.10043107968568801  rel.Test: 0.09773192882537841  abs.Test: 0.08084193289279938  abs.TestBoundary: 0j  time: 1.0302692940458655
epoch60  rel.Train: 0.10049334228038788  rel.Test: 0.0974242353439331  abs.Test: 0.08058348417282105  abs.TestBoundary: 0j  time: 1.0313522438518703
epoch61  rel.Train: 0.10035407233238221  rel.Test: 0.09775371789932251  abs.Test: 0.0808369892835617  abs.TestBoundary: 0j  time: 1.029855689033866
epoch62  rel.Train: 0.10029405641555786  rel.Test: 0.09782580196857453  abs.Test: 0.08088573336601257  abs.TestBoundary: 0j  time: 1.0299475747160614
epoch63  rel.Train: 0.1003822426199913  rel.Test: 0.09760350108146668  abs.Test: 0.08070876717567443  abs.TestBoundary: 0j  time: 1.031226184219122
epoch64  rel.Train: 0.10033738803863525  rel.Test: 0.09732838153839111  abs.Test: 0.08050650358200073  abs.TestBoundary: 0j  time: 1.0301581472158432
epoch65  rel.Train: 0.10030499136447907  rel.Test: 0.09756286323070526  abs.Test: 0.08067317008972168  abs.TestBoundary: 0j  time: 1.0314581310376525
epoch66  rel.Train: 0.10057233333587647  rel.Test: 0.09736794710159302  abs.Test: 0.08053482830524444  abs.TestBoundary: 0j  time: 1.0299545461311936
epoch67  rel.Train: 0.10034599840641022  rel.Test: 0.09768645763397217  abs.Test: 0.08079125165939331  abs.TestBoundary: 0j  time: 1.030360664241016
epoch68  rel.Train: 0.10032790660858154  rel.Test: 0.09739135026931763  abs.Test: 0.08053583264350891  abs.TestBoundary: 0j  time: 1.0303476727567613
epoch69  rel.Train: 0.10047245347499847  rel.Test: 0.09759432435035706  abs.Test: 0.08072642683982849  abs.TestBoundary: 0j  time: 1.031758429016918
epoch70  rel.Train: 0.10052504885196686  rel.Test: 0.09782439231872558  abs.Test: 0.08090188026428223  abs.TestBoundary: 0j  time: 1.0339767588302493
epoch71  rel.Train: 0.10041519713401795  rel.Test: 0.09860200524330139  abs.Test: 0.0815151172876358  abs.TestBoundary: 0j  time: 1.031390866264701
epoch72  rel.Train: 0.10029528427124024  rel.Test: 0.09843472719192504  abs.Test: 0.0813789987564087  abs.TestBoundary: 0j  time: 1.0301817599684
epoch73  rel.Train: 0.10032250714302063  rel.Test: 0.09797534584999085  abs.Test: 0.08100782573223114  abs.TestBoundary: 0j  time: 1.0300664519891143
epoch74  rel.Train: 0.10039456796646118  rel.Test: 0.09819559872150421  abs.Test: 0.08119406521320344  abs.TestBoundary: 0j  time: 1.032281570136547
epoch75  rel.Train: 0.10045652413368225  rel.Test: 0.09775346279144287  abs.Test: 0.0808397525548935  abs.TestBoundary: 0j  time: 1.0300505962222815
epoch76  rel.Train: 0.10037175327539444  rel.Test: 0.0982284015417099  abs.Test: 0.08120825052261353  abs.TestBoundary: 0j  time: 1.0318094999529421
epoch77  rel.Train: 0.10037773215770722  rel.Test: 0.0973330307006836  abs.Test: 0.08051019549369812  abs.TestBoundary: 0j  time: 1.0301405191421509
epoch78  rel.Train: 0.10039695119857787  rel.Test: 0.09780628383159637  abs.Test: 0.08087136149406433  abs.TestBoundary: 0j  time: 1.0327202952466905
epoch79  rel.Train: 0.10035566353797913  rel.Test: 0.09748858153820038  abs.Test: 0.08061727344989776  abs.TestBoundary: 0j  time: 1.0304872710257769
epoch80  rel.Train: 0.10046564042568207  rel.Test: 0.09733934104442596  abs.Test: 0.08051926612854005  abs.TestBoundary: 0j  time: 1.030265662819147
epoch81  rel.Train: 0.10048867249488831  rel.Test: 0.09727048754692078  abs.Test: 0.08044347047805786  abs.TestBoundary: 0j  time: 1.0313163748942316
epoch82  rel.Train: 0.1002738573551178  rel.Test: 0.09775350391864776  abs.Test: 0.08083047270774842  abs.TestBoundary: 0j  time: 1.03185979090631
epoch83  rel.Train: 0.10024110233783722  rel.Test: 0.09742918729782105  abs.Test: 0.08056898236274719  abs.TestBoundary: 0j  time: 1.0321370558813214
epoch84  rel.Train: 0.10025236696004867  rel.Test: 0.09768024563789368  abs.Test: 0.08076715350151062  abs.TestBoundary: 0j  time: 1.0321187446825206
epoch85  rel.Train: 0.10021816778182983  rel.Test: 0.0975440937280655  abs.Test: 0.08065587759017945  abs.TestBoundary: 0j  time: 1.032109763007611
epoch86  rel.Train: 0.10025762403011322  rel.Test: 0.09739716112613678  abs.Test: 0.08056382179260253  abs.TestBoundary: 0j  time: 1.0322441272437572
epoch87  rel.Train: 0.10035409224033355  rel.Test: 0.09765438318252563  abs.Test: 0.08074678063392639  abs.TestBoundary: 0j  time: 1.032159789931029
epoch88  rel.Train: 0.10038578569889069  rel.Test: 0.0977018016576767  abs.Test: 0.08079501271247863  abs.TestBoundary: 0j  time: 1.030671772081405
epoch89  rel.Train: 0.1003480829000473  rel.Test: 0.09767108619213104  abs.Test: 0.08076494038105012  abs.TestBoundary: 0j  time: 1.0303837787359953
epoch90  rel.Train: 0.10027249002456665  rel.Test: 0.09745540142059327  abs.Test: 0.08059253334999085  abs.TestBoundary: 0j  time: 1.0330809759907424
epoch91  rel.Train: 0.10020170438289643  rel.Test: 0.09739420354366303  abs.Test: 0.08054474592208863  abs.TestBoundary: 0j  time: 1.032730660866946
epoch92  rel.Train: 0.10021057897806168  rel.Test: 0.09739057779312134  abs.Test: 0.08053597211837768  abs.TestBoundary: 0j  time: 1.03161028213799
epoch93  rel.Train: 0.10023618507385254  rel.Test: 0.0973673540353775  abs.Test: 0.08054311394691467  abs.TestBoundary: 0j  time: 1.0319606880657375
epoch94  rel.Train: 0.1001890464425087  rel.Test: 0.0969508445262909  abs.Test: 0.08018829822540283  abs.TestBoundary: 0j  time: 1.0320058548823
epoch95  rel.Train: 0.10007905387878419  rel.Test: 0.09731114089488983  abs.Test: 0.08046681165695191  abs.TestBoundary: 0j  time: 1.030675817746669
epoch96  rel.Train: 0.10030430233478546  rel.Test: 0.09719283998012543  abs.Test: 0.08040064930915833  abs.TestBoundary: 0j  time: 1.0305687598884106
epoch97  rel.Train: 0.10040864109992981  rel.Test: 0.09743453979492188  abs.Test: 0.08060529351234436  abs.TestBoundary: 0j  time: 1.0320594608783722
epoch98  rel.Train: 0.10019019138813019  rel.Test: 0.09738012731075286  abs.Test: 0.08052352905273437  abs.TestBoundary: 0j  time: 1.0309356129728258
epoch99  rel.Train: 0.09995936536788941  rel.Test: 0.09728237390518188  abs.Test: 0.08045166432857513  abs.TestBoundary: 0j  time: 1.0318148722872138
epoch100  rel.Train: 0.10008342403173447  rel.Test: 0.09767048478126526  abs.Test: 0.08075441837310791  abs.TestBoundary: 0j  time: 1.0313426898792386
epoch101  rel.Train: 0.10011087167263032  rel.Test: 0.09895695626735687  abs.Test: 0.08179010629653931  abs.TestBoundary: 0j  time: 1.030788938049227
epoch102  rel.Train: 0.100355153799057  rel.Test: 0.09786554038524628  abs.Test: 0.08091560602188111  abs.TestBoundary: 0j  time: 1.0325111700221896
epoch103  rel.Train: 0.10003580933809281  rel.Test: 0.09675330460071564  abs.Test: 0.08003221392631531  abs.TestBoundary: 0j  time: 1.030328392982483
epoch104  rel.Train: 0.09979912102222442  rel.Test: 0.09648617684841156  abs.Test: 0.07981005907058716  abs.TestBoundary: 0j  time: 1.032022970262915
epoch105  rel.Train: 0.0996634179353714  rel.Test: 0.09639604151248932  abs.Test: 0.07971130847930909  abs.TestBoundary: 0j  time: 1.0320068346336484
epoch106  rel.Train: 0.09965642368793487  rel.Test: 0.09655647397041321  abs.Test: 0.07983853220939637  abs.TestBoundary: 0j  time: 1.030514816287905
epoch107  rel.Train: 0.09926007157564164  rel.Test: 0.09662697076797486  abs.Test: 0.07990285277366638  abs.TestBoundary: 0j  time: 1.0319557171314955
epoch108  rel.Train: 0.09902000558376313  rel.Test: 0.09682872176170348  abs.Test: 0.08006670236587525  abs.TestBoundary: 0j  time: 1.03033398790285
epoch109  rel.Train: 0.09906673240661622  rel.Test: 0.09717315793037415  abs.Test: 0.08033578157424927  abs.TestBoundary: 0j  time: 1.030368061736226
epoch110  rel.Train: 0.09732092744112014  rel.Test: 0.09234807729721069  abs.Test: 0.0763426160812378  abs.TestBoundary: 0j  time: 1.0305337109602988
epoch111  rel.Train: 0.09584953141212463  rel.Test: 0.09289094984531403  abs.Test: 0.0767406165599823  abs.TestBoundary: 0j  time: 1.0305540533736348
epoch112  rel.Train: 0.08740745902061463  rel.Test: 0.08988819599151611  abs.Test: 0.07426688671112061  abs.TestBoundary: 0j  time: 1.0328351301141083
epoch113  rel.Train: 0.08199415820837021  rel.Test: 0.08489867508411407  abs.Test: 0.07016558051109315  abs.TestBoundary: 0j  time: 1.0311025087721646
epoch114  rel.Train: 0.07892808169126511  rel.Test: 0.08859988331794738  abs.Test: 0.07318118453025818  abs.TestBoundary: 0j  time: 1.0304495580494404
epoch115  rel.Train: 0.07599892485141754  rel.Test: 0.07189237654209137  abs.Test: 0.059394669532775876  abs.TestBoundary: 0j  time: 1.033991462085396
epoch116  rel.Train: 0.07372950553894043  rel.Test: 0.07523842573165894  abs.Test: 0.06219149708747864  abs.TestBoundary: 0j  time: 1.0311196278780699
epoch117  rel.Train: 0.07427365827560425  rel.Test: 0.07388232707977295  abs.Test: 0.06106988310813904  abs.TestBoundary: 0j  time: 1.0317870560102165
epoch118  rel.Train: 0.07266569912433624  rel.Test: 0.07571604132652282  abs.Test: 0.06256628811359405  abs.TestBoundary: 0j  time: 1.0304903709329665
epoch119  rel.Train: 0.07377628147602082  rel.Test: 0.08142929196357727  abs.Test: 0.06723987996578216  abs.TestBoundary: 0j  time: 1.0317647098563612
epoch120  rel.Train: 0.0721167197227478  rel.Test: 0.07888039827346802  abs.Test: 0.06517507433891297  abs.TestBoundary: 0j  time: 1.0306854788213968
epoch121  rel.Train: 0.07045345687866211  rel.Test: 0.0701147449016571  abs.Test: 0.057970632314682004  abs.TestBoundary: 0j  time: 1.0318731078878045
epoch122  rel.Train: 0.06981698858737946  rel.Test: 0.06616068124771118  abs.Test: 0.054691720306873325  abs.TestBoundary: 0j  time: 1.0324156638234854
epoch123  rel.Train: 0.06815941661596298  rel.Test: 0.08112082481384278  abs.Test: 0.06699515223503112  abs.TestBoundary: 0j  time: 1.0301436758600175
epoch124  rel.Train: 0.06819087255001068  rel.Test: 0.0696134614944458  abs.Test: 0.05753416180610657  abs.TestBoundary: 0j  time: 1.0302424118854105
epoch125  rel.Train: 0.06783654987812042  rel.Test: 0.06599879205226898  abs.Test: 0.05454631686210632  abs.TestBoundary: 0j  time: 1.0306760678067803
epoch126  rel.Train: 0.06526439911127091  rel.Test: 0.06502964913845062  abs.Test: 0.05375650972127914  abs.TestBoundary: 0j  time: 1.0324923330917954
epoch127  rel.Train: 0.06530805373191834  rel.Test: 0.062327423095703126  abs.Test: 0.05153311789035797  abs.TestBoundary: 0j  time: 1.0304094748571515
epoch128  rel.Train: 0.06331257027387618  rel.Test: 0.06298255860805511  abs.Test: 0.05203188836574554  abs.TestBoundary: 0j  time: 1.031812212895602
epoch129  rel.Train: 0.06366920167207718  rel.Test: 0.06624125242233277  abs.Test: 0.05472760140895844  abs.TestBoundary: 0j  time: 1.030332971829921
epoch130  rel.Train: 0.061845148086547855  rel.Test: 0.06258364260196686  abs.Test: 0.05172685533761978  abs.TestBoundary: 0j  time: 1.0305122258141637
epoch131  rel.Train: 0.06095730644464493  rel.Test: 0.06940562605857849  abs.Test: 0.057370044589042664  abs.TestBoundary: 0j  time: 1.0304047260433435
epoch132  rel.Train: 0.06383358395099639  rel.Test: 0.06142104804515838  abs.Test: 0.050758070945739746  abs.TestBoundary: 0j  time: 1.0333021930418909
epoch133  rel.Train: 0.061152390718460084  rel.Test: 0.05714407384395599  abs.Test: 0.04725165814161301  abs.TestBoundary: 0j  time: 1.0306408489122987
epoch134  rel.Train: 0.05847191172838211  rel.Test: 0.05747744381427765  abs.Test: 0.04751931071281433  abs.TestBoundary: 0j  time: 1.030328187160194
epoch135  rel.Train: 0.059339377105236055  rel.Test: 0.05923745632171631  abs.Test: 0.04895324409008026  abs.TestBoundary: 0j  time: 1.0318930707871914
epoch136  rel.Train: 0.05925662302970886  rel.Test: 0.0586526221036911  abs.Test: 0.04848775863647461  abs.TestBoundary: 0j  time: 1.0304625178687274
epoch137  rel.Train: 0.057544025063514706  rel.Test: 0.055487180352211  abs.Test: 0.0458684828877449  abs.TestBoundary: 0j  time: 1.0302781728096306
epoch138  rel.Train: 0.057995719432830814  rel.Test: 0.05491110235452652  abs.Test: 0.04539981961250305  abs.TestBoundary: 0j  time: 1.0313042369671166
epoch139  rel.Train: 0.05619095051288605  rel.Test: 0.060556303858757016  abs.Test: 0.0500645524263382  abs.TestBoundary: 0j  time: 1.0302237127907574
epoch140  rel.Train: 0.05707969510555267  rel.Test: 0.058869287967681885  abs.Test: 0.048641767203807834  abs.TestBoundary: 0j  time: 1.0299646379426122
epoch141  rel.Train: 0.05641444772481918  rel.Test: 0.057676856517791746  abs.Test: 0.04767562806606293  abs.TestBoundary: 0j  time: 1.030323913320899
epoch142  rel.Train: 0.057395445823669435  rel.Test: 0.057698387503623966  abs.Test: 0.047683649957180024  abs.TestBoundary: 0j  time: 1.0320553239434958
epoch143  rel.Train: 0.055735378980636595  rel.Test: 0.06371692419052125  abs.Test: 0.052629197835922244  abs.TestBoundary: 0j  time: 1.0312324641272426
epoch144  rel.Train: 0.05470864939689636  rel.Test: 0.05439604192972183  abs.Test: 0.04497745394706726  abs.TestBoundary: 0j  time: 1.0321180541068316
epoch145  rel.Train: 0.05368337398767471  rel.Test: 0.05964699268341064  abs.Test: 0.04927447706460953  abs.TestBoundary: 0j  time: 1.0314196925610304
epoch146  rel.Train: 0.05414442217350006  rel.Test: 0.058879365921020506  abs.Test: 0.04863695979118347  abs.TestBoundary: 0j  time: 1.0304930829443038
epoch147  rel.Train: 0.05417987477779389  rel.Test: 0.0525561311841011  abs.Test: 0.04344252794981003  abs.TestBoundary: 0j  time: 1.0320593742653728
epoch148  rel.Train: 0.052773880302906036  rel.Test: 0.053729841709136965  abs.Test: 0.04440066039562225  abs.TestBoundary: 0j  time: 1.031897700857371
epoch149  rel.Train: 0.05213256484270096  rel.Test: 0.05953490138053894  abs.Test: 0.04920399159193039  abs.TestBoundary: 0j  time: 1.0318397069349885
epoch150  rel.Train: 0.05165137487649918  rel.Test: 0.05033913403749466  abs.Test: 0.04161626994609833  abs.TestBoundary: 0j  time: 1.0322929937392473
epoch151  rel.Train: 0.05154687598347664  rel.Test: 0.04945467412471771  abs.Test: 0.04088648915290832  abs.TestBoundary: 0j  time: 1.0304868230596185
epoch152  rel.Train: 0.05126060318946839  rel.Test: 0.05065518200397492  abs.Test: 0.041870360672473905  abs.TestBoundary: 0j  time: 1.0304427091032267
epoch153  rel.Train: 0.05093328419327736  rel.Test: 0.05090808987617493  abs.Test: 0.04207212299108505  abs.TestBoundary: 0j  time: 1.0312102539464831
epoch154  rel.Train: 0.050567553400993344  rel.Test: 0.054647437930107116  abs.Test: 0.045162616968154906  abs.TestBoundary: 0j  time: 1.0307272016070783
epoch155  rel.Train: 0.05088241982460022  rel.Test: 0.05426239013671875  abs.Test: 0.0448408031463623  abs.TestBoundary: 0j  time: 1.0324341249652207
epoch156  rel.Train: 0.05184078150987625  rel.Test: 0.04858995676040649  abs.Test: 0.040184677839279176  abs.TestBoundary: 0j  time: 1.0319345239549875
epoch157  rel.Train: 0.049266880333423614  rel.Test: 0.04955204963684082  abs.Test: 0.040952693521976474  abs.TestBoundary: 0j  time: 1.0336686437949538
epoch158  rel.Train: 0.0489196700155735  rel.Test: 0.04928061246871948  abs.Test: 0.040741102993488314  abs.TestBoundary: 0j  time: 1.0321174329146743
epoch159  rel.Train: 0.047851405531167984  rel.Test: 0.049166619181632995  abs.Test: 0.040647930204868316  abs.TestBoundary: 0j  time: 1.033135188743472
epoch160  rel.Train: 0.04799316841363907  rel.Test: 0.05095312237739563  abs.Test: 0.042099494636058804  abs.TestBoundary: 0j  time: 1.0315251620486379
epoch161  rel.Train: 0.04740205156803131  rel.Test: 0.0544025045633316  abs.Test: 0.044967710971832275  abs.TestBoundary: 0j  time: 1.031089134979993
epoch162  rel.Train: 0.04819037812948227  rel.Test: 0.048589476943016054  abs.Test: 0.04015338122844696  abs.TestBoundary: 0j  time: 1.0310779181309044
epoch163  rel.Train: 0.04650759083032608  rel.Test: 0.04977813959121704  abs.Test: 0.04116375595331192  abs.TestBoundary: 0j  time: 1.0298735643737018
epoch164  rel.Train: 0.04696550989151001  rel.Test: 0.04643398642539978  abs.Test: 0.03838352650403976  abs.TestBoundary: 0j  time: 1.029777929186821
epoch165  rel.Train: 0.04550138401985168  rel.Test: 0.04487815260887146  abs.Test: 0.037092494368553164  abs.TestBoundary: 0j  time: 1.0314249759539962
epoch166  rel.Train: 0.044265780091285706  rel.Test: 0.04433153182268143  abs.Test: 0.03664870917797089  abs.TestBoundary: 0j  time: 1.030191448982805
epoch167  rel.Train: 0.044764606475830075  rel.Test: 0.04843365609645844  abs.Test: 0.040036805868148805  abs.TestBoundary: 0j  time: 1.0321807488799095
epoch168  rel.Train: 0.04554815649986267  rel.Test: 0.05339690715074539  abs.Test: 0.04412526965141297  abs.TestBoundary: 0j  time: 1.0301736309193075
epoch169  rel.Train: 0.044696669280529025  rel.Test: 0.04614421308040619  abs.Test: 0.03813850700855255  abs.TestBoundary: 0j  time: 1.0299824941903353
epoch170  rel.Train: 0.044630192428827285  rel.Test: 0.04834154188632965  abs.Test: 0.03996543258428573  abs.TestBoundary: 0j  time: 1.030376025941223
epoch171  rel.Train: 0.043576753795146944  rel.Test: 0.04757739633321762  abs.Test: 0.03933289170265198  abs.TestBoundary: 0j  time: 1.0302517246454954
epoch172  rel.Train: 0.043301956474781036  rel.Test: 0.04424532324075699  abs.Test: 0.036574469804763796  abs.TestBoundary: 0j  time: 1.0301235490478575
epoch173  rel.Train: 0.042740170538425444  rel.Test: 0.043573667407035825  abs.Test: 0.03602066695690155  abs.TestBoundary: 0j  time: 1.0315907639451325
epoch174  rel.Train: 0.042258105874061584  rel.Test: 0.04090564727783203  abs.Test: 0.033823407888412475  abs.TestBoundary: 0j  time: 1.0305008869618177
epoch175  rel.Train: 0.04142155197262764  rel.Test: 0.04290322124958038  abs.Test: 0.03546042442321777  abs.TestBoundary: 0j  time: 1.0300756278447807
epoch176  rel.Train: 0.04061332604289055  rel.Test: 0.042951631844043735  abs.Test: 0.0355044749379158  abs.TestBoundary: 0j  time: 1.0301285507157445
epoch177  rel.Train: 0.04070560926198959  rel.Test: 0.04420949339866638  abs.Test: 0.03655198603868484  abs.TestBoundary: 0j  time: 1.0303355799987912
epoch178  rel.Train: 0.04029841607809067  rel.Test: 0.03944361388683319  abs.Test: 0.032609052062034606  abs.TestBoundary: 0j  time: 1.03004876896739
epoch179  rel.Train: 0.03874157905578613  rel.Test: 0.03925908625125885  abs.Test: 0.03245407313108444  abs.TestBoundary: 0j  time: 1.033019992057234
epoch180  rel.Train: 0.039560472577810285  rel.Test: 0.04061423420906067  abs.Test: 0.03356570452451706  abs.TestBoundary: 0j  time: 1.0316265760920942
epoch181  rel.Train: 0.03960842353105545  rel.Test: 0.0443384712934494  abs.Test: 0.03664811134338379  abs.TestBoundary: 0j  time: 1.0306209898553789
epoch182  rel.Train: 0.04033738645911217  rel.Test: 0.04227069824934006  abs.Test: 0.03495008915662765  abs.TestBoundary: 0j  time: 1.0306796031072736
epoch183  rel.Train: 0.04101683449745178  rel.Test: 0.04495558202266693  abs.Test: 0.03715480297803879  abs.TestBoundary: 0j  time: 1.0306477108970284
epoch184  rel.Train: 0.039752606570720675  rel.Test: 0.0365955650806427  abs.Test: 0.030261929035186767  abs.TestBoundary: 0j  time: 1.0327228978276253
epoch185  rel.Train: 0.03683237197995186  rel.Test: 0.03704102039337158  abs.Test: 0.030618363320827485  abs.TestBoundary: 0j  time: 1.030785662587732
epoch186  rel.Train: 0.036939632058143615  rel.Test: 0.03729911267757416  abs.Test: 0.030820291936397553  abs.TestBoundary: 0j  time: 1.0321212434209883
epoch187  rel.Train: 0.036250536501407624  rel.Test: 0.04006799399852753  abs.Test: 0.03309440284967422  abs.TestBoundary: 0j  time: 1.030800019390881
epoch188  rel.Train: 0.03647452825307846  rel.Test: 0.03923384726047516  abs.Test: 0.03243836760520935  abs.TestBoundary: 0j  time: 1.030364515259862
epoch189  rel.Train: 0.03726052141189575  rel.Test: 0.0353642538189888  abs.Test: 0.02923642873764038  abs.TestBoundary: 0j  time: 1.0307346461340785
epoch190  rel.Train: 0.03669842606782913  rel.Test: 0.051613493263721465  abs.Test: 0.04266311854124069  abs.TestBoundary: 0j  time: 1.0322709358297288
epoch191  rel.Train: 0.037905813008546826  rel.Test: 0.0354130893945694  abs.Test: 0.029272193014621736  abs.TestBoundary: 0j  time: 1.0304457992315292
epoch192  rel.Train: 0.03392734685540199  rel.Test: 0.035028895437717436  abs.Test: 0.02894415706396103  abs.TestBoundary: 0j  time: 1.030692005995661
epoch193  rel.Train: 0.03429632657766342  rel.Test: 0.03478226363658905  abs.Test: 0.028745445311069488  abs.TestBoundary: 0j  time: 1.0308528463356197
epoch194  rel.Train: 0.03375029271841049  rel.Test: 0.03944879949092865  abs.Test: 0.032604199945926664  abs.TestBoundary: 0j  time: 1.0324528240598738
epoch195  rel.Train: 0.03372489163279534  rel.Test: 0.03394440084695816  abs.Test: 0.028056969344615938  abs.TestBoundary: 0j  time: 1.0328760338015854
epoch196  rel.Train: 0.033248802185058594  rel.Test: 0.03420259118080139  abs.Test: 0.02826652765274048  abs.TestBoundary: 0j  time: 1.0313358786515892
epoch197  rel.Train: 0.033127130180597306  rel.Test: 0.03217896908521652  abs.Test: 0.02660442441701889  abs.TestBoundary: 0j  time: 1.0309516726993024
epoch198  rel.Train: 0.03222537416219711  rel.Test: 0.032095032036304476  abs.Test: 0.02653364688158035  abs.TestBoundary: 0j  time: 1.0306133832782507
epoch199  rel.Train: 0.03240429091453552  rel.Test: 0.03095180094242096  abs.Test: 0.025586000233888625  abs.TestBoundary: 0j  time: 1.0309391538612545
epoch200  rel.Train: 0.03130194479227066  rel.Test: 0.040828704833984375  abs.Test: 0.03374147564172745  abs.TestBoundary: 0j  time: 1.032252823933959
epoch201  rel.Train: 0.03332642906904221  rel.Test: 0.03473907500505447  abs.Test: 0.02871611565351486  abs.TestBoundary: 0j  time: 1.0306269703432918
epoch202  rel.Train: 0.030734686732292175  rel.Test: 0.037491822838783266  abs.Test: 0.030990880131721497  abs.TestBoundary: 0j  time: 1.0322979060001671
epoch203  rel.Train: 0.03325171226263046  rel.Test: 0.03411737114191055  abs.Test: 0.028202000558376312  abs.TestBoundary: 0j  time: 1.0316879376769066
epoch204  rel.Train: 0.032993736296892166  rel.Test: 0.0342164608836174  abs.Test: 0.028292843103408814  abs.TestBoundary: 0j  time: 1.0322329960763454
epoch205  rel.Train: 0.03309535512328148  rel.Test: 0.03502749443054199  abs.Test: 0.028950028121471405  abs.TestBoundary: 0j  time: 1.0317730740644038
epoch206  rel.Train: 0.03255097752809524  rel.Test: 0.03336630076169968  abs.Test: 0.027572275400161744  abs.TestBoundary: 0j  time: 1.0306303738616407
epoch207  rel.Train: 0.03201758670806885  rel.Test: 0.04432869970798493  abs.Test: 0.03664551556110382  abs.TestBoundary: 0j  time: 1.0317451199516654
epoch208  rel.Train: 0.033860936641693117  rel.Test: 0.030401857793331145  abs.Test: 0.02512962877750397  abs.TestBoundary: 0j  time: 1.0302784703671932
epoch209  rel.Train: 0.030295367956161497  rel.Test: 0.029720765948295595  abs.Test: 0.024576096683740615  abs.TestBoundary: 0j  time: 1.0303278821520507
epoch210  rel.Train: 0.0292358058989048  rel.Test: 0.03133458733558655  abs.Test: 0.0258927720785141  abs.TestBoundary: 0j  time: 1.0301264338195324
epoch211  rel.Train: 0.029706563621759413  rel.Test: 0.029226641952991485  abs.Test: 0.024154614508152008  abs.TestBoundary: 0j  time: 1.0304663344286382
epoch212  rel.Train: 0.029790797322988512  rel.Test: 0.03632943123579025  abs.Test: 0.03004023164510727  abs.TestBoundary: 0j  time: 1.0301852687261999
epoch213  rel.Train: 0.031716327488422395  rel.Test: 0.02941276729106903  abs.Test: 0.02430653929710388  abs.TestBoundary: 0j  time: 1.0317841600626707
epoch214  rel.Train: 0.03011414784193039  rel.Test: 0.05013039529323578  abs.Test: 0.04142974525690079  abs.TestBoundary: 0j  time: 1.0302282189950347
epoch215  rel.Train: 0.03281665614247322  rel.Test: 0.03136092603206635  abs.Test: 0.02592518001794815  abs.TestBoundary: 0j  time: 1.0322796967811882
epoch216  rel.Train: 0.028695215523242952  rel.Test: 0.029199023246765137  abs.Test: 0.024123761504888534  abs.TestBoundary: 0j  time: 1.0322243347764015
epoch217  rel.Train: 0.028899309143424035  rel.Test: 0.02918305426836014  abs.Test: 0.024129091054201125  abs.TestBoundary: 0j  time: 1.0303397891111672
epoch218  rel.Train: 0.028049054503440855  rel.Test: 0.028750716745853423  abs.Test: 0.023772885501384736  abs.TestBoundary: 0j  time: 1.0302837491035461
epoch219  rel.Train: 0.028092860639095305  rel.Test: 0.029026900827884675  abs.Test: 0.023996074348688126  abs.TestBoundary: 0j  time: 1.0319643993861973
epoch220  rel.Train: 0.028179657459259034  rel.Test: 0.02906198114156723  abs.Test: 0.024022241532802583  abs.TestBoundary: 0j  time: 1.029930197633803
epoch221  rel.Train: 0.028592510372400282  rel.Test: 0.0334431266784668  abs.Test: 0.02763648986816406  abs.TestBoundary: 0j  time: 1.0300958347506821
epoch222  rel.Train: 0.03037340384721756  rel.Test: 0.031983314156532286  abs.Test: 0.026453449726104736  abs.TestBoundary: 0j  time: 1.0300939460285008
epoch223  rel.Train: 0.02852317810058594  rel.Test: 0.04095574021339417  abs.Test: 0.03385472297668457  abs.TestBoundary: 0j  time: 1.031682558823377
epoch224  rel.Train: 0.03023387560248375  rel.Test: 0.028124726861715316  abs.Test: 0.02324527397751808  abs.TestBoundary: 0j  time: 1.0300708780996501
epoch225  rel.Train: 0.02829005765914917  rel.Test: 0.031408471763134  abs.Test: 0.0259636989235878  abs.TestBoundary: 0j  time: 1.030632482841611
epoch226  rel.Train: 0.02856488162279129  rel.Test: 0.02821675509214401  abs.Test: 0.023327800780534744  abs.TestBoundary: 0j  time: 1.0332789006642997
epoch227  rel.Train: 0.027081298381090163  rel.Test: 0.028384155333042144  abs.Test: 0.02345586970448494  abs.TestBoundary: 0j  time: 1.0307822171598673
epoch228  rel.Train: 0.028415679305791856  rel.Test: 0.028600840270519255  abs.Test: 0.02364665448665619  abs.TestBoundary: 0j  time: 1.0313899121247232
epoch229  rel.Train: 0.02718216809630394  rel.Test: 0.030951991975307465  abs.Test: 0.025581569075584412  abs.TestBoundary: 0j  time: 1.030788357835263
epoch230  rel.Train: 0.02833850535750389  rel.Test: 0.028434747010469438  abs.Test: 0.02351099073886871  abs.TestBoundary: 0j  time: 1.032199511770159
epoch231  rel.Train: 0.02674825704097748  rel.Test: 0.02642457529902458  abs.Test: 0.021849869191646575  abs.TestBoundary: 0j  time: 1.0316603831015527
epoch232  rel.Train: 0.026859546780586243  rel.Test: 0.026434223651885986  abs.Test: 0.021846517026424407  abs.TestBoundary: 0j  time: 1.0306457909755409
epoch233  rel.Train: 0.027631605207920074  rel.Test: 0.03041933536529541  abs.Test: 0.02513984203338623  abs.TestBoundary: 0j  time: 1.030840567778796
epoch234  rel.Train: 0.026462069511413576  rel.Test: 0.028047972470521928  abs.Test: 0.023187620788812636  abs.TestBoundary: 0j  time: 1.030373137909919
epoch235  rel.Train: 0.026448539823293687  rel.Test: 0.03134649246931076  abs.Test: 0.025916887670755385  abs.TestBoundary: 0j  time: 1.0305861639790237
epoch236  rel.Train: 0.026656920477747918  rel.Test: 0.025798356533050536  abs.Test: 0.02132537990808487  abs.TestBoundary: 0j  time: 1.0316784302704036
epoch237  rel.Train: 0.02604634004831314  rel.Test: 0.029548369348049164  abs.Test: 0.024428420513868333  abs.TestBoundary: 0j  time: 1.0309166773222387
epoch238  rel.Train: 0.026844003915786743  rel.Test: 0.025468281507492065  abs.Test: 0.021053113341331482  abs.TestBoundary: 0j  time: 1.0308455480262637
epoch239  rel.Train: 0.02611171764135361  rel.Test: 0.02788450375199318  abs.Test: 0.02305379569530487  abs.TestBoundary: 0j  time: 1.0326769719831645
epoch240  rel.Train: 0.027133084058761598  rel.Test: 0.02814146250486374  abs.Test: 0.02326310396194458  abs.TestBoundary: 0j  time: 1.0308786751702428
epoch241  rel.Train: 0.02605316045880318  rel.Test: 0.0278878228366375  abs.Test: 0.023057254552841185  abs.TestBoundary: 0j  time: 1.030762276146561
epoch242  rel.Train: 0.02568262505531311  rel.Test: 0.026086483746767045  abs.Test: 0.02156828612089157  abs.TestBoundary: 0j  time: 1.0305165913887322
epoch243  rel.Train: 0.02574244573712349  rel.Test: 0.029731554090976716  abs.Test: 0.02455928921699524  abs.TestBoundary: 0j  time: 1.030746079981327
epoch244  rel.Train: 0.02631584706902504  rel.Test: 0.025699030309915542  abs.Test: 0.02123878613114357  abs.TestBoundary: 0j  time: 1.0306982272304595
epoch245  rel.Train: 0.025073518574237823  rel.Test: 0.027081497311592102  abs.Test: 0.022388466000556946  abs.TestBoundary: 0j  time: 1.0303645199164748
epoch246  rel.Train: 0.025688357681035997  rel.Test: 0.025274921655654908  abs.Test: 0.020889813899993896  abs.TestBoundary: 0j  time: 1.030569071881473
epoch247  rel.Train: 0.025498832732439042  rel.Test: 0.030482983589172362  abs.Test: 0.025182024836540223  abs.TestBoundary: 0j  time: 1.03195845708251
epoch248  rel.Train: 0.02604742240905762  rel.Test: 0.028137166500091553  abs.Test: 0.023264464735984803  abs.TestBoundary: 0j  time: 1.0309124016202986
epoch249  rel.Train: 0.025043529853224753  rel.Test: 0.024389548450708388  abs.Test: 0.0201645889878273  abs.TestBoundary: 0j  time: 1.033656933810562
epoch250  rel.Train: 0.025216402724385262  rel.Test: 0.025436857789754866  abs.Test: 0.021021731197834015  abs.TestBoundary: 0j  time: 1.0310682547278702
epoch251  rel.Train: 0.025031485080718993  rel.Test: 0.026569154858589173  abs.Test: 0.02196745902299881  abs.TestBoundary: 0j  time: 1.0307528539560735
epoch252  rel.Train: 0.024390394613146783  rel.Test: 0.026415190994739532  abs.Test: 0.021845999360084533  abs.TestBoundary: 0j  time: 1.0310120242647827
epoch253  rel.Train: 0.02486983823776245  rel.Test: 0.029599426984786986  abs.Test: 0.024474010318517685  abs.TestBoundary: 0j  time: 1.0308185298927128
epoch254  rel.Train: 0.025469235241413115  rel.Test: 0.02993607848882675  abs.Test: 0.024736304432153702  abs.TestBoundary: 0j  time: 1.032486291602254
epoch255  rel.Train: 0.024851627483963967  rel.Test: 0.02547576427459717  abs.Test: 0.021055426001548767  abs.TestBoundary: 0j  time: 1.0307349129579961
epoch256  rel.Train: 0.026085211694240572  rel.Test: 0.028631917536258697  abs.Test: 0.02367304652929306  abs.TestBoundary: 0j  time: 1.0310160210356116
epoch257  rel.Train: 0.02509382462501526  rel.Test: 0.024617628157138825  abs.Test: 0.020340794026851655  abs.TestBoundary: 0j  time: 1.0310925948433578
epoch258  rel.Train: 0.02443686681985855  rel.Test: 0.0247205750644207  abs.Test: 0.02043231710791588  abs.TestBoundary: 0j  time: 1.0327966739423573
epoch259  rel.Train: 0.025102160051465035  rel.Test: 0.026004533618688583  abs.Test: 0.02150305926799774  abs.TestBoundary: 0j  time: 1.0320558357052505
epoch260  rel.Train: 0.024778350308537485  rel.Test: 0.026054141819477083  abs.Test: 0.021537929475307464  abs.TestBoundary: 0j  time: 1.0335512380115688
epoch261  rel.Train: 0.024075332432985305  rel.Test: 0.024159754812717437  abs.Test: 0.019969285428524018  abs.TestBoundary: 0j  time: 1.030501864850521
epoch262  rel.Train: 0.02524649918079376  rel.Test: 0.025184373408555984  abs.Test: 0.020820875018835068  abs.TestBoundary: 0j  time: 1.0308090881444514
epoch263  rel.Train: 0.02387323033809662  rel.Test: 0.03171399921178818  abs.Test: 0.02622268944978714  abs.TestBoundary: 0j  time: 1.0306070009246469
epoch264  rel.Train: 0.025208946764469147  rel.Test: 0.025649057477712633  abs.Test: 0.021191412806510924  abs.TestBoundary: 0j  time: 1.0320772849954665
epoch265  rel.Train: 0.023661249816417693  rel.Test: 0.024884859323501585  abs.Test: 0.02057058185338974  abs.TestBoundary: 0j  time: 1.0305259060114622
epoch266  rel.Train: 0.024955547586083413  rel.Test: 0.02519507959485054  abs.Test: 0.020835544019937514  abs.TestBoundary: 0j  time: 1.0306237363256514
epoch267  rel.Train: 0.023864311128854752  rel.Test: 0.02488975301384926  abs.Test: 0.020564009696245195  abs.TestBoundary: 0j  time: 1.030499178916216
epoch268  rel.Train: 0.02409336240589619  rel.Test: 0.023710338026285173  abs.Test: 0.019595389664173127  abs.TestBoundary: 0j  time: 1.0325202248059213
epoch269  rel.Train: 0.023258667901158332  rel.Test: 0.025254114419221877  abs.Test: 0.020881336629390717  abs.TestBoundary: 0j  time: 1.030551410280168
epoch270  rel.Train: 0.02368807101249695  rel.Test: 0.023079687207937242  abs.Test: 0.019073020070791244  abs.TestBoundary: 0j  time: 1.0319663998670876
epoch271  rel.Train: 0.022865376517176628  rel.Test: 0.02388828933238983  abs.Test: 0.019750429838895796  abs.TestBoundary: 0j  time: 1.03079236112535
epoch272  rel.Train: 0.02290411353111267  rel.Test: 0.023320494443178175  abs.Test: 0.019280004054307937  abs.TestBoundary: 0j  time: 1.0318605368956923
epoch273  rel.Train: 0.02282207018136978  rel.Test: 0.023597498536109925  abs.Test: 0.01950930669903755  abs.TestBoundary: 0j  time: 1.0307524092495441
epoch274  rel.Train: 0.023546121254563332  rel.Test: 0.02478232905268669  abs.Test: 0.020483900904655458  abs.TestBoundary: 0j  time: 1.0305683161132038
epoch275  rel.Train: 0.023279841750860213  rel.Test: 0.024519778043031692  abs.Test: 0.02027385950088501  abs.TestBoundary: 0j  time: 1.0304882270283997
epoch276  rel.Train: 0.023421242624521256  rel.Test: 0.03206980228424072  abs.Test: 0.026519395411014557  abs.TestBoundary: 0j  time: 1.0307445931248367
epoch277  rel.Train: 0.02343977674841881  rel.Test: 0.02620513439178467  abs.Test: 0.021661657840013504  abs.TestBoundary: 0j  time: 1.0292946910485625
epoch278  rel.Train: 0.023862909257411958  rel.Test: 0.023669639229774476  abs.Test: 0.019563618898391723  abs.TestBoundary: 0j  time: 1.0313341249711812
epoch279  rel.Train: 0.022723555386066435  rel.Test: 0.024648818373680114  abs.Test: 0.020373191237449646  abs.TestBoundary: 0j  time: 1.0300715849734843
epoch280  rel.Train: 0.02234140956401825  rel.Test: 0.02336066484451294  abs.Test: 0.019308500289916992  abs.TestBoundary: 0j  time: 1.0295463670045137
epoch281  rel.Train: 0.02265357720851898  rel.Test: 0.024318885803222657  abs.Test: 0.020101192146539687  abs.TestBoundary: 0j  time: 1.0317755308933556
epoch282  rel.Train: 0.023448131501674654  rel.Test: 0.024038981646299362  abs.Test: 0.019869839549064638  abs.TestBoundary: 0j  time: 1.0320654357783496
epoch283  rel.Train: 0.023897420406341553  rel.Test: 0.024111999571323393  abs.Test: 0.019932759404182435  abs.TestBoundary: 0j  time: 1.030122643802315
epoch284  rel.Train: 0.02283875846862793  rel.Test: 0.030648405253887175  abs.Test: 0.025330927670001984  abs.TestBoundary: 0j  time: 1.0300787519663572
epoch285  rel.Train: 0.02464167448878288  rel.Test: 0.02490638494491577  abs.Test: 0.02058274656534195  abs.TestBoundary: 0j  time: 1.0317489951848984
epoch286  rel.Train: 0.023626762598752977  rel.Test: 0.028418217599391938  abs.Test: 0.023485527485609056  abs.TestBoundary: 0j  time: 1.029721001163125
epoch287  rel.Train: 0.022836031079292298  rel.Test: 0.025328859239816665  abs.Test: 0.020934938788414  abs.TestBoundary: 0j  time: 1.0323826801031828
epoch288  rel.Train: 0.023171491876244545  rel.Test: 0.02217871427536011  abs.Test: 0.01832963526248932  abs.TestBoundary: 0j  time: 1.0316006997600198
epoch289  rel.Train: 0.022567895606160165  rel.Test: 0.022045605182647705  abs.Test: 0.018220349848270416  abs.TestBoundary: 0j  time: 1.0327625158242881
epoch290  rel.Train: 0.021798552095890045  rel.Test: 0.023685148060321806  abs.Test: 0.01957859307527542  abs.TestBoundary: 0j  time: 1.0317668691277504
epoch291  rel.Train: 0.02245449088513851  rel.Test: 0.02387226268649101  abs.Test: 0.019733325988054277  abs.TestBoundary: 0j  time: 1.0320568028837442
epoch292  rel.Train: 0.022199615478515625  rel.Test: 0.024732659459114074  abs.Test: 0.020442011952400207  abs.TestBoundary: 0j  time: 1.0320214489474893
epoch293  rel.Train: 0.022152805238962174  rel.Test: 0.02290115311741829  abs.Test: 0.01893059641122818  abs.TestBoundary: 0j  time: 1.0323793911375105
epoch294  rel.Train: 0.022308236747980117  rel.Test: 0.023727273792028426  abs.Test: 0.019621290117502212  abs.TestBoundary: 0j  time: 1.0325466068461537
epoch295  rel.Train: 0.023063266173005106  rel.Test: 0.023145720660686493  abs.Test: 0.019136397391557692  abs.TestBoundary: 0j  time: 1.03246003203094
epoch296  rel.Train: 0.02202108371257782  rel.Test: 0.02413374334573746  abs.Test: 0.019951198250055313  abs.TestBoundary: 0j  time: 1.0326043348759413
epoch297  rel.Train: 0.02249252128601074  rel.Test: 0.023526149690151214  abs.Test: 0.01944123029708862  abs.TestBoundary: 0j  time: 1.032587364781648
epoch298  rel.Train: 0.02311018508672714  rel.Test: 0.025833083093166353  abs.Test: 0.021348462700843812  abs.TestBoundary: 0j  time: 1.0309583591297269
epoch299  rel.Train: 0.02250448825955391  rel.Test: 0.02400385320186615  abs.Test: 0.019843693673610687  abs.TestBoundary: 0j  time: 1.0317178629338741
epoch300  rel.Train: 0.02189425817131996  rel.Test: 0.024259131252765655  abs.Test: 0.020051738321781157  abs.TestBoundary: 0j  time: 1.0313798701390624
epoch301  rel.Train: 0.021911418676376342  rel.Test: 0.024283023178577424  abs.Test: 0.02007033094763756  abs.TestBoundary: 0j  time: 1.0307998787611723
epoch302  rel.Train: 0.022235718458890916  rel.Test: 0.02512831375002861  abs.Test: 0.020765527188777923  abs.TestBoundary: 0j  time: 1.031066299881786
epoch303  rel.Train: 0.02212656891345978  rel.Test: 0.021714683920145035  abs.Test: 0.017947163581848145  abs.TestBoundary: 0j  time: 1.0309189520776272
epoch304  rel.Train: 0.02258656795322895  rel.Test: 0.0215546815097332  abs.Test: 0.017813156843185424  abs.TestBoundary: 0j  time: 1.032360031735152
epoch305  rel.Train: 0.021433957755565645  rel.Test: 0.024571241587400438  abs.Test: 0.020314457416534423  abs.TestBoundary: 0j  time: 1.031257544644177
epoch306  rel.Train: 0.02169287946820259  rel.Test: 0.024550534188747405  abs.Test: 0.02028550997376442  abs.TestBoundary: 0j  time: 1.0311162397265434
epoch307  rel.Train: 0.022198545068502426  rel.Test: 0.023717242777347564  abs.Test: 0.019606550186872483  abs.TestBoundary: 0j  time: 1.0325097758322954
epoch308  rel.Train: 0.021318007916212082  rel.Test: 0.02140425592660904  abs.Test: 0.017692260295152664  abs.TestBoundary: 0j  time: 1.0311522111296654
epoch309  rel.Train: 0.0212283226698637  rel.Test: 0.02174653559923172  abs.Test: 0.01797758087515831  abs.TestBoundary: 0j  time: 1.031419178005308
epoch310  rel.Train: 0.021313244596123694  rel.Test: 0.022698185741901397  abs.Test: 0.018762425780296327  abs.TestBoundary: 0j  time: 1.0314423637464643
epoch311  rel.Train: 0.021039899736642838  rel.Test: 0.022218377590179444  abs.Test: 0.018360110223293303  abs.TestBoundary: 0j  time: 1.0327798794023693
epoch312  rel.Train: 0.022109900951385496  rel.Test: 0.023190478086471556  abs.Test: 0.01917215183377266  abs.TestBoundary: 0j  time: 1.0310617038048804
epoch313  rel.Train: 0.021671643659472467  rel.Test: 0.021560643762350083  abs.Test: 0.017820325791835786  abs.TestBoundary: 0j  time: 1.0327697601169348
epoch314  rel.Train: 0.021079263031482696  rel.Test: 0.021536588072776794  abs.Test: 0.017800411283969877  abs.TestBoundary: 0j  time: 1.0309237791225314
epoch315  rel.Train: 0.02080399188399315  rel.Test: 0.02289175719022751  abs.Test: 0.018923766016960143  abs.TestBoundary: 0j  time: 1.0308774188160896
epoch316  rel.Train: 0.021751427203416825  rel.Test: 0.02132420927286148  abs.Test: 0.017620057463645936  abs.TestBoundary: 0j  time: 1.0315732839517295
epoch317  rel.Train: 0.02103579142689705  rel.Test: 0.02317396894097328  abs.Test: 0.01914989694952965  abs.TestBoundary: 0j  time: 1.0324244392104447
epoch318  rel.Train: 0.021854723423719406  rel.Test: 0.021009079217910766  abs.Test: 0.01736214801669121  abs.TestBoundary: 0j  time: 1.0316115142777562
epoch319  rel.Train: 0.021267498448491098  rel.Test: 0.021768473088741302  abs.Test: 0.01798978328704834  abs.TestBoundary: 0j  time: 1.0317714367993176
epoch320  rel.Train: 0.021724809765815735  rel.Test: 0.021288598477840422  abs.Test: 0.01759474754333496  abs.TestBoundary: 0j  time: 1.0317696938291192
epoch321  rel.Train: 0.020799812734127045  rel.Test: 0.024237533360719682  abs.Test: 0.020031835734844208  abs.TestBoundary: 0j  time: 1.0312780197709799
epoch322  rel.Train: 0.022263756752014162  rel.Test: 0.0219619619846344  abs.Test: 0.01815831184387207  abs.TestBoundary: 0j  time: 1.0309692989103496
epoch323  rel.Train: 0.02122030510008335  rel.Test: 0.02301042914390564  abs.Test: 0.019024440050125123  abs.TestBoundary: 0j  time: 1.0313943610526621
epoch324  rel.Train: 0.022505799859762192  rel.Test: 0.023203530609607698  abs.Test: 0.01918609619140625  abs.TestBoundary: 0j  time: 1.0311547410674393
epoch325  rel.Train: 0.020833569809794426  rel.Test: 0.02111839681863785  abs.Test: 0.017449706196784973  abs.TestBoundary: 0j  time: 1.0309862340800464
epoch326  rel.Train: 0.020484788566827773  rel.Test: 0.020714252591133117  abs.Test: 0.017120312452316284  abs.TestBoundary: 0j  time: 1.0328953601419926
epoch327  rel.Train: 0.021495204359292985  rel.Test: 0.02238308861851692  abs.Test: 0.018507154285907747  abs.TestBoundary: 0j  time: 1.0320516200736165
epoch328  rel.Train: 0.021195591896772385  rel.Test: 0.021139085292816162  abs.Test: 0.017473440319299698  abs.TestBoundary: 0j  time: 1.0311695151031017
epoch329  rel.Train: 0.020555578738451003  rel.Test: 0.022172110974788665  abs.Test: 0.018326094150543214  abs.TestBoundary: 0j  time: 1.0308999209664762
epoch330  rel.Train: 0.020851808741688727  rel.Test: 0.024479839652776718  abs.Test: 0.020237244367599487  abs.TestBoundary: 0j  time: 1.0320662399753928
epoch331  rel.Train: 0.020836326286196707  rel.Test: 0.02108414500951767  abs.Test: 0.0174235075712204  abs.TestBoundary: 0j  time: 1.0341393589042127
epoch332  rel.Train: 0.020517037391662597  rel.Test: 0.022084544897079467  abs.Test: 0.018256562799215316  abs.TestBoundary: 0j  time: 1.0310138752683997
epoch333  rel.Train: 0.020771951302886008  rel.Test: 0.020920466482639313  abs.Test: 0.01729118049144745  abs.TestBoundary: 0j  time: 1.0325414170511067
epoch334  rel.Train: 0.020861299514770507  rel.Test: 0.021282307356595993  abs.Test: 0.01759444788098335  abs.TestBoundary: 0j  time: 1.0307838702574372
epoch335  rel.Train: 0.02044617858529091  rel.Test: 0.022708986401557923  abs.Test: 0.018770911544561387  abs.TestBoundary: 0j  time: 1.0310096382163465
epoch336  rel.Train: 0.02101825653016567  rel.Test: 0.02141126975417137  abs.Test: 0.017695924341678618  abs.TestBoundary: 0j  time: 1.0309144360944629
epoch337  rel.Train: 0.020264947563409807  rel.Test: 0.021566454470157623  abs.Test: 0.017829812914133072  abs.TestBoundary: 0j  time: 1.030972597654909
epoch338  rel.Train: 0.020378712609410286  rel.Test: 0.020360572338104246  abs.Test: 0.016828631907701494  abs.TestBoundary: 0j  time: 1.032671781256795
epoch339  rel.Train: 0.020057228147983552  rel.Test: 0.02265822321176529  abs.Test: 0.01873340576887131  abs.TestBoundary: 0j  time: 1.0309046590700746
epoch340  rel.Train: 0.02047069701552391  rel.Test: 0.021929810643196105  abs.Test: 0.018126345872879028  abs.TestBoundary: 0j  time: 1.030612288042903
epoch341  rel.Train: 0.020517754152417182  rel.Test: 0.020457641184329987  abs.Test: 0.01690789356827736  abs.TestBoundary: 0j  time: 1.032409946899861
epoch342  rel.Train: 0.020136443734169007  rel.Test: 0.020967347770929335  abs.Test: 0.017327584475278855  abs.TestBoundary: 0j  time: 1.0340268658474088
epoch343  rel.Train: 0.020307537123560905  rel.Test: 0.021804233491420747  abs.Test: 0.01802204430103302  abs.TestBoundary: 0j  time: 1.0326821180060506
epoch344  rel.Train: 0.020922505348920824  rel.Test: 0.022815228402614594  abs.Test: 0.018861957639455796  abs.TestBoundary: 0j  time: 1.0311370440758765
epoch345  rel.Train: 0.020584601163864135  rel.Test: 0.020745753049850463  abs.Test: 0.017151378691196442  abs.TestBoundary: 0j  time: 1.0310209491290152
epoch346  rel.Train: 0.019657696440815924  rel.Test: 0.019860836565494536  abs.Test: 0.016412324905395508  abs.TestBoundary: 0j  time: 1.0326461982913315
epoch347  rel.Train: 0.019826531156897545  rel.Test: 0.021023961901664733  abs.Test: 0.017378881871700287  abs.TestBoundary: 0j  time: 1.0311023402027786
epoch348  rel.Train: 0.019881273716688155  rel.Test: 0.020185374915599824  abs.Test: 0.016682899594306945  abs.TestBoundary: 0j  time: 1.0307929189875722
epoch349  rel.Train: 0.019552186727523804  rel.Test: 0.021924980878829957  abs.Test: 0.018125191926956177  abs.TestBoundary: 0j  time: 1.032041735947132
epoch350  rel.Train: 0.020571789145469664  rel.Test: 0.020171081721782683  abs.Test: 0.0166696397960186  abs.TestBoundary: 0j  time: 1.0303378319367766
epoch351  rel.Train: 0.019814188987016677  rel.Test: 0.020343604385852813  abs.Test: 0.01681149110198021  abs.TestBoundary: 0j  time: 1.030924728140235
epoch352  rel.Train: 0.0204381033629179  rel.Test: 0.019734481424093245  abs.Test: 0.016311242282390594  abs.TestBoundary: 0j  time: 1.0306921480223536
epoch353  rel.Train: 0.01949379436671734  rel.Test: 0.019677221924066544  abs.Test: 0.016262436658143996  abs.TestBoundary: 0j  time: 1.032217632047832
epoch354  rel.Train: 0.019743976771831512  rel.Test: 0.019617659449577333  abs.Test: 0.01621215283870697  abs.TestBoundary: 0j  time: 1.0309333112090826
epoch355  rel.Train: 0.0195799992531538  rel.Test: 0.020247008800506592  abs.Test: 0.0167301744222641  abs.TestBoundary: 0j  time: 1.0319459699094296
epoch356  rel.Train: 0.019287144601345063  rel.Test: 0.022525821179151535  abs.Test: 0.018625537753105163  abs.TestBoundary: 0j  time: 1.030265409965068
epoch357  rel.Train: 0.020251782193779946  rel.Test: 0.02072789117693901  abs.Test: 0.01713183879852295  abs.TestBoundary: 0j  time: 1.0302018490619957
epoch358  rel.Train: 0.01943891581892967  rel.Test: 0.02018468305468559  abs.Test: 0.016682272404432298  abs.TestBoundary: 0j  time: 1.0317089390009642
epoch359  rel.Train: 0.01944751563668251  rel.Test: 0.020579677373170853  abs.Test: 0.01701086401939392  abs.TestBoundary: 0j  time: 1.030539431143552
epoch360  rel.Train: 0.01947214263677597  rel.Test: 0.019754422008991242  abs.Test: 0.016325814425945284  abs.TestBoundary: 0j  time: 1.0306222280487418
epoch361  rel.Train: 0.019230083152651786  rel.Test: 0.01968593433499336  abs.Test: 0.01627306208014488  abs.TestBoundary: 0j  time: 1.0307813780382276
epoch362  rel.Train: 0.019415983587503433  rel.Test: 0.02225274533033371  abs.Test: 0.018395235538482668  abs.TestBoundary: 0j  time: 1.0326014589518309
epoch363  rel.Train: 0.02054975013434887  rel.Test: 0.019603939652442934  abs.Test: 0.016199650466442107  abs.TestBoundary: 0j  time: 1.0309538058936596
epoch364  rel.Train: 0.019072688981890677  rel.Test: 0.019316190481185914  abs.Test: 0.015961835384368895  abs.TestBoundary: 0j  time: 1.030510304030031
epoch365  rel.Train: 0.01893510687351227  rel.Test: 0.021001110970973968  abs.Test: 0.017364648431539537  abs.TestBoundary: 0j  time: 1.0304299993440509
epoch366  rel.Train: 0.019286409080028533  rel.Test: 0.020041247308254243  abs.Test: 0.016564415693283083  abs.TestBoundary: 0j  time: 1.030375320930034
epoch367  rel.Train: 0.01899918794631958  rel.Test: 0.020067596137523652  abs.Test: 0.016587925106287003  abs.TestBoundary: 0j  time: 1.0316681889817119
epoch368  rel.Train: 0.01927219143509865  rel.Test: 0.01922975867986679  abs.Test: 0.01589131951332092  abs.TestBoundary: 0j  time: 1.0317829200066626
epoch369  rel.Train: 0.01920196172595024  rel.Test: 0.020195726305246353  abs.Test: 0.01669552206993103  abs.TestBoundary: 0j  time: 1.0323132839985192
epoch370  rel.Train: 0.019213947474956514  rel.Test: 0.0203886815905571  abs.Test: 0.016847047209739684  abs.TestBoundary: 0j  time: 1.0321689010597765
epoch371  rel.Train: 0.01925997716188431  rel.Test: 0.0196334046125412  abs.Test: 0.01622276544570923  abs.TestBoundary: 0j  time: 1.031955552753061
epoch372  rel.Train: 0.019187057763338088  rel.Test: 0.019637482166290285  abs.Test: 0.0162290158867836  abs.TestBoundary: 0j  time: 1.033077877946198
epoch373  rel.Train: 0.019042932957410812  rel.Test: 0.019223985970020296  abs.Test: 0.015888033509254454  abs.TestBoundary: 0j  time: 1.0324201718904078
epoch374  rel.Train: 0.018782095000147818  rel.Test: 0.01918933242559433  abs.Test: 0.01585860028862953  abs.TestBoundary: 0j  time: 1.03237280016765
epoch375  rel.Train: 0.018894669279456138  rel.Test: 0.01963734447956085  abs.Test: 0.016226785778999327  abs.TestBoundary: 0j  time: 1.0304840528406203
epoch376  rel.Train: 0.019077953442931176  rel.Test: 0.021080834269523622  abs.Test: 0.017425191551446916  abs.TestBoundary: 0j  time: 1.030228627845645
epoch377  rel.Train: 0.019118693694472312  rel.Test: 0.019467986822128296  abs.Test: 0.016088252663612367  abs.TestBoundary: 0j  time: 1.0304565499536693
epoch378  rel.Train: 0.01883501186966896  rel.Test: 0.01944484293460846  abs.Test: 0.016068708151578903  abs.TestBoundary: 0j  time: 1.0301150572486222
epoch379  rel.Train: 0.018735117271542548  rel.Test: 0.019135030806064605  abs.Test: 0.01581394985318184  abs.TestBoundary: 0j  time: 1.0320706302300096
epoch380  rel.Train: 0.018870779395103454  rel.Test: 0.018978165686130522  abs.Test: 0.015684726536273955  abs.TestBoundary: 0j  time: 1.0313889812678099
epoch381  rel.Train: 0.019272607326507568  rel.Test: 0.020395338982343674  abs.Test: 0.016860527694225313  abs.TestBoundary: 0j  time: 1.0306074968539178
epoch382  rel.Train: 0.018882746905088423  rel.Test: 0.019861247539520264  abs.Test: 0.016416422128677367  abs.TestBoundary: 0j  time: 1.030719059985131
epoch383  rel.Train: 0.019522143349051474  rel.Test: 0.019596361219882966  abs.Test: 0.016195999979972838  abs.TestBoundary: 0j  time: 1.032704796642065
epoch384  rel.Train: 0.0187590391933918  rel.Test: 0.019136528819799423  abs.Test: 0.01581654354929924  abs.TestBoundary: 0j  time: 1.030556100886315
epoch385  rel.Train: 0.018710541754961015  rel.Test: 0.01978422924876213  abs.Test: 0.016353662759065628  abs.TestBoundary: 0j  time: 1.030442003160715
epoch386  rel.Train: 0.018971562296152114  rel.Test: 0.019016099870204927  abs.Test: 0.015716234445571898  abs.TestBoundary: 0j  time: 1.031013160943985
epoch387  rel.Train: 0.01884590405225754  rel.Test: 0.020076741576194764  abs.Test: 0.016587742120027543  abs.TestBoundary: 0j  time: 1.032916166819632
epoch388  rel.Train: 0.018603343933820723  rel.Test: 0.018861462622880937  abs.Test: 0.015586757510900497  abs.TestBoundary: 0j  time: 1.0305040557868779
epoch389  rel.Train: 0.01868493241071701  rel.Test: 0.01895651698112488  abs.Test: 0.015666817873716356  abs.TestBoundary: 0j  time: 1.0305147669278085
epoch390  rel.Train: 0.018585368633270264  rel.Test: 0.019353122413158418  abs.Test: 0.015993218570947647  abs.TestBoundary: 0j  time: 1.032655289862305
epoch391  rel.Train: 0.019239406406879427  rel.Test: 0.019467092156410216  abs.Test: 0.016091742515563966  abs.TestBoundary: 0j  time: 1.03056677011773
epoch392  rel.Train: 0.01901335646212101  rel.Test: 0.01964848518371582  abs.Test: 0.01624387577176094  abs.TestBoundary: 0j  time: 1.0312857599928975
epoch393  rel.Train: 0.018798065423965456  rel.Test: 0.019570814967155455  abs.Test: 0.016178031861782075  abs.TestBoundary: 0j  time: 1.0305942948907614
epoch394  rel.Train: 0.019054451793432237  rel.Test: 0.019380990266799927  abs.Test: 0.016017060577869415  abs.TestBoundary: 0j  time: 1.0295811812393367
epoch395  rel.Train: 0.0188925029784441  rel.Test: 0.019561169147491456  abs.Test: 0.01616503417491913  abs.TestBoundary: 0j  time: 1.0295503120869398
epoch396  rel.Train: 0.018505299687385558  rel.Test: 0.019363299012184143  abs.Test: 0.016005358844995498  abs.TestBoundary: 0j  time: 1.029413620941341
epoch397  rel.Train: 0.018783130049705506  rel.Test: 0.01918780952692032  abs.Test: 0.01585868641734123  abs.TestBoundary: 0j  time: 1.0295315757393837
epoch398  rel.Train: 0.018519386142492295  rel.Test: 0.018906530141830444  abs.Test: 0.015623510032892227  abs.TestBoundary: 0j  time: 1.0311431461013854
epoch399  rel.Train: 0.018408584117889405  rel.Test: 0.019819420576095582  abs.Test: 0.016382926404476167  abs.TestBoundary: 0j  time: 1.0295630688779056
epoch400  rel.Train: 0.019672819957137107  rel.Test: 0.019049655199050903  abs.Test: 0.015741820484399795  abs.TestBoundary: 0j  time: 1.0294160079210997
epoch401  rel.Train: 0.018832308173179626  rel.Test: 0.018741396814584733  abs.Test: 0.015490092635154724  abs.TestBoundary: 0j  time: 1.0291754263453186
epoch402  rel.Train: 0.01835841143131256  rel.Test: 0.018621138632297515  abs.Test: 0.0153902468085289  abs.TestBoundary: 0j  time: 1.0296475957147777
epoch403  rel.Train: 0.018466547071933747  rel.Test: 0.01945431262254715  abs.Test: 0.016082660257816316  abs.TestBoundary: 0j  time: 1.0294987480156124
epoch404  rel.Train: 0.018511594742536545  rel.Test: 0.018912112563848494  abs.Test: 0.015631849765777587  abs.TestBoundary: 0j  time: 1.029943814035505
epoch405  rel.Train: 0.01833337101340294  rel.Test: 0.01897144556045532  abs.Test: 0.015679803043603897  abs.TestBoundary: 0j  time: 1.0316388327628374
epoch406  rel.Train: 0.01862276177108288  rel.Test: 0.019198821485042573  abs.Test: 0.015869131386280058  abs.TestBoundary: 0j  time: 1.032466805074364
epoch407  rel.Train: 0.018483600825071334  rel.Test: 0.01919215142726898  abs.Test: 0.015866289883852004  abs.TestBoundary: 0j  time: 1.0300412699580193
epoch408  rel.Train: 0.01890579617023468  rel.Test: 0.020408512353897096  abs.Test: 0.016872104704380036  abs.TestBoundary: 0j  time: 1.0299905929714441
epoch409  rel.Train: 0.018413532972335816  rel.Test: 0.01880288392305374  abs.Test: 0.015541859269142151  abs.TestBoundary: 0j  time: 1.0299322879873216
epoch410  rel.Train: 0.01810866029560566  rel.Test: 0.018406042009592057  abs.Test: 0.015211631059646607  abs.TestBoundary: 0j  time: 1.0314498273655772
epoch411  rel.Train: 0.018109772264957427  rel.Test: 0.018860363364219666  abs.Test: 0.01558830365538597  abs.TestBoundary: 0j  time: 1.0299861240200698
epoch412  rel.Train: 0.01811947414278984  rel.Test: 0.01848573684692383  abs.Test: 0.015278586447238921  abs.TestBoundary: 0j  time: 1.0301001891493797
epoch413  rel.Train: 0.018063899904489516  rel.Test: 0.018575268685817718  abs.Test: 0.01535015806555748  abs.TestBoundary: 0j  time: 1.031343444250524
epoch414  rel.Train: 0.01815796610713005  rel.Test: 0.018684200048446654  abs.Test: 0.015442707538604737  abs.TestBoundary: 0j  time: 1.0303531242534518
epoch415  rel.Train: 0.01813626804947853  rel.Test: 0.019101886451244353  abs.Test: 0.015788789093494415  abs.TestBoundary: 0j  time: 1.0303330020979047
epoch416  rel.Train: 0.018123754948377608  rel.Test: 0.019004349410533906  abs.Test: 0.015704866498708725  abs.TestBoundary: 0j  time: 1.0322556803002954
epoch417  rel.Train: 0.018072161063551903  rel.Test: 0.018345289677381516  abs.Test: 0.015161218345165253  abs.TestBoundary: 0j  time: 1.030223264824599
epoch418  rel.Train: 0.01788079060614109  rel.Test: 0.018699839413166046  abs.Test: 0.015454846918582916  abs.TestBoundary: 0j  time: 1.0322469952516258
epoch419  rel.Train: 0.017931462794542313  rel.Test: 0.018484488278627396  abs.Test: 0.015277244299650192  abs.TestBoundary: 0j  time: 1.0317462319508195
epoch420  rel.Train: 0.01788097719848156  rel.Test: 0.01836243748664856  abs.Test: 0.015176474153995513  abs.TestBoundary: 0j  time: 1.0303716729395092
epoch421  rel.Train: 0.018041349187493325  rel.Test: 0.018667773306369782  abs.Test: 0.015428358167409896  abs.TestBoundary: 0j  time: 1.0303473970852792
epoch422  rel.Train: 0.01785098822414875  rel.Test: 0.018392967283725737  abs.Test: 0.015201883912086487  abs.TestBoundary: 0j  time: 1.0306700351648033
epoch423  rel.Train: 0.017822919979691505  rel.Test: 0.018944153487682344  abs.Test: 0.01565573662519455  abs.TestBoundary: 0j  time: 1.0301991840824485
epoch424  rel.Train: 0.01795746546983719  rel.Test: 0.018403977155685425  abs.Test: 0.015210936069488526  abs.TestBoundary: 0j  time: 1.0306441700085998
epoch425  rel.Train: 0.017884769961237907  rel.Test: 0.018208995759487152  abs.Test: 0.015048724561929704  abs.TestBoundary: 0j  time: 1.0310878022573888
epoch426  rel.Train: 0.017848862290382385  rel.Test: 0.018829718232154846  abs.Test: 0.01556233987212181  abs.TestBoundary: 0j  time: 1.0319141852669418
epoch427  rel.Train: 0.017835430413484572  rel.Test: 0.018255642056465148  abs.Test: 0.015087009966373443  abs.TestBoundary: 0j  time: 1.031386808026582
epoch428  rel.Train: 0.017762495532631876  rel.Test: 0.01843109756708145  abs.Test: 0.015231688916683197  abs.TestBoundary: 0j  time: 1.030386904720217
epoch429  rel.Train: 0.01794300624728203  rel.Test: 0.01832301214337349  abs.Test: 0.015141963958740234  abs.TestBoundary: 0j  time: 1.0305311302654445
epoch430  rel.Train: 0.01794760809838772  rel.Test: 0.018406413197517395  abs.Test: 0.015212490409612655  abs.TestBoundary: 0j  time: 1.0303017059341073
epoch431  rel.Train: 0.017982974365353583  rel.Test: 0.018431455790996552  abs.Test: 0.015231565088033677  abs.TestBoundary: 0j  time: 1.0315779820084572
epoch432  rel.Train: 0.017859161764383315  rel.Test: 0.018397964984178544  abs.Test: 0.015207084864377975  abs.TestBoundary: 0j  time: 1.0318814148195088
epoch433  rel.Train: 0.017774453818798067  rel.Test: 0.018296850323677064  abs.Test: 0.015122061222791671  abs.TestBoundary: 0j  time: 1.030063952319324
epoch434  rel.Train: 0.01774700891971588  rel.Test: 0.01835929274559021  abs.Test: 0.015174276977777481  abs.TestBoundary: 0j  time: 1.0301783019676805
epoch435  rel.Train: 0.017803616538643836  rel.Test: 0.018409960716962815  abs.Test: 0.015214352905750274  abs.TestBoundary: 0j  time: 1.0307553028687835
epoch436  rel.Train: 0.017869360655546188  rel.Test: 0.018418480902910234  abs.Test: 0.015220492035150529  abs.TestBoundary: 0j  time: 1.030212006997317
epoch437  rel.Train: 0.017875170707702635  rel.Test: 0.018190855979919433  abs.Test: 0.015033430010080338  abs.TestBoundary: 0j  time: 1.0299332872964442
epoch438  rel.Train: 0.01777547091245651  rel.Test: 0.018204860240221023  abs.Test: 0.015046059191226958  abs.TestBoundary: 0j  time: 1.0315825389698148
epoch439  rel.Train: 0.017715986713767052  rel.Test: 0.01847836747765541  abs.Test: 0.01527280181646347  abs.TestBoundary: 0j  time: 1.0317079308442771
epoch440  rel.Train: 0.017722191631793976  rel.Test: 0.018322273343801498  abs.Test: 0.01514223501086235  abs.TestBoundary: 0j  time: 1.0316633940674365
epoch441  rel.Train: 0.017834701582789422  rel.Test: 0.018218208998441697  abs.Test: 0.015055897533893586  abs.TestBoundary: 0j  time: 1.0301448027603328
epoch442  rel.Train: 0.01764683896303177  rel.Test: 0.018217862695455552  abs.Test: 0.015056737214326859  abs.TestBoundary: 0j  time: 1.0316005568020046
epoch443  rel.Train: 0.017647752016782762  rel.Test: 0.018549841195344925  abs.Test: 0.015330960899591446  abs.TestBoundary: 0j  time: 1.0327559323050082
epoch444  rel.Train: 0.017996343821287154  rel.Test: 0.01832005113363266  abs.Test: 0.015139329880475998  abs.TestBoundary: 0j  time: 1.0324503872543573
epoch445  rel.Train: 0.017654447421431543  rel.Test: 0.018071170151233672  abs.Test: 0.014934031516313553  abs.TestBoundary: 0j  time: 1.0321016390807927
epoch446  rel.Train: 0.017718744203448294  rel.Test: 0.018418085277080536  abs.Test: 0.01522176429629326  abs.TestBoundary: 0j  time: 1.0319477659650147
epoch447  rel.Train: 0.01760192060470581  rel.Test: 0.01822400599718094  abs.Test: 0.01506097823381424  abs.TestBoundary: 0j  time: 1.031485766172409
epoch448  rel.Train: 0.017564932465553285  rel.Test: 0.018116370737552644  abs.Test: 0.014972562193870545  abs.TestBoundary: 0j  time: 1.031638156156987
epoch449  rel.Train: 0.017604427486658095  rel.Test: 0.018156961500644685  abs.Test: 0.015005907118320465  abs.TestBoundary: 0j  time: 1.031584993004799
epoch450  rel.Train: 0.017686257123947145  rel.Test: 0.01853196680545807  abs.Test: 0.015317859798669816  abs.TestBoundary: 0j  time: 1.0298742749728262
epoch451  rel.Train: 0.017704990953207017  rel.Test: 0.018068021833896636  abs.Test: 0.014932623207569122  abs.TestBoundary: 0j  time: 1.0300663500092924
epoch452  rel.Train: 0.017589442655444144  rel.Test: 0.01795304402709007  abs.Test: 0.014835487902164459  abs.TestBoundary: 0j  time: 1.029999377205968
epoch453  rel.Train: 0.017672997429966926  rel.Test: 0.01801329255104065  abs.Test: 0.014887160658836364  abs.TestBoundary: 0j  time: 1.031715129967779
epoch454  rel.Train: 0.017641223967075348  rel.Test: 0.018128886818885803  abs.Test: 0.014983348846435547  abs.TestBoundary: 0j  time: 1.0317760799080133
epoch455  rel.Train: 0.017612475156784057  rel.Test: 0.018032123297452927  abs.Test: 0.01490244895219803  abs.TestBoundary: 0j  time: 1.031394992955029
epoch456  rel.Train: 0.0175210277736187  rel.Test: 0.018236109018325806  abs.Test: 0.015072379410266876  abs.TestBoundary: 0j  time: 1.0312417619861662
epoch457  rel.Train: 0.017514671891927718  rel.Test: 0.018149438202381133  abs.Test: 0.014999147951602936  abs.TestBoundary: 0j  time: 1.0305295162834227
epoch458  rel.Train: 0.01751063473522663  rel.Test: 0.01826160356402397  abs.Test: 0.015093596428632736  abs.TestBoundary: 0j  time: 1.0300690201111138
epoch459  rel.Train: 0.017546797811985017  rel.Test: 0.01798746183514595  abs.Test: 0.014865486472845078  abs.TestBoundary: 0j  time: 1.0305485529825091
epoch460  rel.Train: 0.017503907293081284  rel.Test: 0.01819071441888809  abs.Test: 0.015032764971256257  abs.TestBoundary: 0j  time: 1.0307608260773122
epoch461  rel.Train: 0.017518972665071488  rel.Test: 0.018132133185863496  abs.Test: 0.014985967725515366  abs.TestBoundary: 0j  time: 1.0307937311008573
epoch462  rel.Train: 0.017515303641557692  rel.Test: 0.01809887319803238  abs.Test: 0.014958020448684693  abs.TestBoundary: 0j  time: 1.0322861867025495
epoch463  rel.Train: 0.017527141734957695  rel.Test: 0.017935363948345183  abs.Test: 0.014822132736444473  abs.TestBoundary: 0j  time: 1.0339022646658123
epoch464  rel.Train: 0.017502404540777207  rel.Test: 0.017957703173160554  abs.Test: 0.014839880615472794  abs.TestBoundary: 0j  time: 1.0326139968819916
epoch465  rel.Train: 0.017439231276512146  rel.Test: 0.01802836149930954  abs.Test: 0.01489920362830162  abs.TestBoundary: 0j  time: 1.0325808878988028
epoch466  rel.Train: 0.017445739805698395  rel.Test: 0.01800010710954666  abs.Test: 0.014876262098550797  abs.TestBoundary: 0j  time: 1.0328370281495154
epoch467  rel.Train: 0.01748865833878517  rel.Test: 0.0183095084130764  abs.Test: 0.015132278800010682  abs.TestBoundary: 0j  time: 1.0344897671602666
epoch468  rel.Train: 0.017567220389842986  rel.Test: 0.017984737306833268  abs.Test: 0.014863575547933579  abs.TestBoundary: 0j  time: 1.0320963840931654
epoch469  rel.Train: 0.017430033817887308  rel.Test: 0.017993570119142533  abs.Test: 0.014870339781045913  abs.TestBoundary: 0j  time: 1.033750951755792
epoch470  rel.Train: 0.01742759370803833  rel.Test: 0.017970446348190307  abs.Test: 0.014851009845733643  abs.TestBoundary: 0j  time: 1.0309037142433226
epoch471  rel.Train: 0.017446875363588334  rel.Test: 0.01802670568227768  abs.Test: 0.014898715168237686  abs.TestBoundary: 0j  time: 1.0305323130451143
epoch472  rel.Train: 0.017420998185873032  rel.Test: 0.0180027374625206  abs.Test: 0.01487792730331421  abs.TestBoundary: 0j  time: 1.0313154398463666
epoch473  rel.Train: 0.01743482819199562  rel.Test: 0.01804208904504776  abs.Test: 0.014909878373146057  abs.TestBoundary: 0j  time: 1.0325889238156378
epoch474  rel.Train: 0.01742512083053589  rel.Test: 0.017900775521993637  abs.Test: 0.01479358360171318  abs.TestBoundary: 0j  time: 1.0316256801597774
epoch475  rel.Train: 0.01740964977443218  rel.Test: 0.018002018481492996  abs.Test: 0.014877856969833373  abs.TestBoundary: 0j  time: 1.031891591846943
epoch476  rel.Train: 0.017384315699338914  rel.Test: 0.017912781238555907  abs.Test: 0.014803337007761002  abs.TestBoundary: 0j  time: 1.030570447910577
epoch477  rel.Train: 0.01739399054646492  rel.Test: 0.017947477102279664  abs.Test: 0.014832281470298768  abs.TestBoundary: 0j  time: 1.0317518874071538
epoch478  rel.Train: 0.017436729058623313  rel.Test: 0.01792312890291214  abs.Test: 0.01481199324131012  abs.TestBoundary: 0j  time: 1.0302538070827723
epoch479  rel.Train: 0.01742919299006462  rel.Test: 0.018017134517431258  abs.Test: 0.014890301525592804  abs.TestBoundary: 0j  time: 1.0324516710825264
epoch480  rel.Train: 0.01741213844716549  rel.Test: 0.01798918277025223  abs.Test: 0.014866956025362015  abs.TestBoundary: 0j  time: 1.0305782458744943
epoch481  rel.Train: 0.017393782705068587  rel.Test: 0.017896874248981474  abs.Test: 0.014790306836366653  abs.TestBoundary: 0j  time: 1.0328984069637954
epoch482  rel.Train: 0.01738430427014828  rel.Test: 0.018000071346759797  abs.Test: 0.014876533150672912  abs.TestBoundary: 0j  time: 1.0315977511927485
epoch483  rel.Train: 0.017365986421704293  rel.Test: 0.017877889275550844  abs.Test: 0.014774409979581833  abs.TestBoundary: 0j  time: 1.0317538888193667
epoch484  rel.Train: 0.01744476792216301  rel.Test: 0.017978192865848543  abs.Test: 0.014858334958553314  abs.TestBoundary: 0j  time: 1.0308917379006743
epoch485  rel.Train: 0.017398967295885085  rel.Test: 0.018002136945724487  abs.Test: 0.014878030717372894  abs.TestBoundary: 0j  time: 1.0333574791438878
epoch486  rel.Train: 0.01738775959610939  rel.Test: 0.017920196056365967  abs.Test: 0.014809093922376632  abs.TestBoundary: 0j  time: 1.0305853830650449
epoch487  rel.Train: 0.01738016301393509  rel.Test: 0.018021859526634217  abs.Test: 0.014893331080675126  abs.TestBoundary: 0j  time: 1.0315226698294282
epoch488  rel.Train: 0.01740021203458309  rel.Test: 0.017922845482826234  abs.Test: 0.014811964184045791  abs.TestBoundary: 0j  time: 1.0308542889542878
epoch489  rel.Train: 0.017370295599102973  rel.Test: 0.017927592247724534  abs.Test: 0.014815713912248611  abs.TestBoundary: 0j  time: 1.0308032459579408
epoch490  rel.Train: 0.01737039041519165  rel.Test: 0.017902608066797256  abs.Test: 0.014795092940330505  abs.TestBoundary: 0j  time: 1.0323982471600175
epoch491  rel.Train: 0.017374346375465394  rel.Test: 0.017975295186042784  abs.Test: 0.014855772703886033  abs.TestBoundary: 0j  time: 1.0309834531508386
epoch492  rel.Train: 0.017362692549824716  rel.Test: 0.017912402153015136  abs.Test: 0.014803136438131333  abs.TestBoundary: 0j  time: 1.030778837390244
epoch493  rel.Train: 0.01734245114028454  rel.Test: 0.01790254160761833  abs.Test: 0.014795020520687104  abs.TestBoundary: 0j  time: 1.0305888261646032
epoch494  rel.Train: 0.017363672748208044  rel.Test: 0.017902453392744065  abs.Test: 0.014794971048831939  abs.TestBoundary: 0j  time: 1.0307767461054027
epoch495  rel.Train: 0.017360858976840973  rel.Test: 0.01792107880115509  abs.Test: 0.014810572415590285  abs.TestBoundary: 0j  time: 1.0310329128988087
epoch496  rel.Train: 0.0173497756421566  rel.Test: 0.01793736219406128  abs.Test: 0.014823850244283676  abs.TestBoundary: 0j  time: 1.0330833387561142
epoch497  rel.Train: 0.017353902876377107  rel.Test: 0.017931615710258485  abs.Test: 0.01481951355934143  abs.TestBoundary: 0j  time: 1.0319184721447527
epoch498  rel.Train: 0.017360490068793297  rel.Test: 0.017906184941530227  abs.Test: 0.01479831025004387  abs.TestBoundary: 0j  time: 1.0313691841438413
epoch499  rel.Train: 0.01734891404211521  rel.Test: 0.017897373139858244  abs.Test: 0.014790860414505004  abs.TestBoundary: 0j  time: 1.0311288707889616
