original data: in (2490, 221, 51, 2) out (2490, 221, 51)
used data: x_train (1000, 11271, 4) y_train (1000, 11271, 1) x_test (200, 11271, 4) y_test (200, 11271, 1)
############################################################ config of data ############################################################
L: 1.0
downsample_ratio: 1
n_train: 1000
n_test: 200
pca_include_input: False
pca_include_grid: False
should_include_F: False
should_flatten: True
should_compute_bases: True
############################################################ config of model ############################################################
in_dim: 4
out_dim: 1
fc_channels: 128
layer_channels: [64, 64, 64, 64, 64]
layer_types: ['GalerkinConv', 'GalerkinConv', 'GalerkinConv', 'GalerkinConv']
act: gelu
should_residual: [False, False, False, False]
modes_gk: [128, 128, 128, 128]
bases_types: ['fourier', 'fourier', 'fourier', 'fourier']
wbases_types: ['fourier', 'fourier', 'fourier', 'fourier']
green_types: ['DiagLrMGreen', 'DiagLrMGreen', 'DiagLrMGreen', 'DiagLrMGreen']
ranks_h: [4, 4, 4, 4]
levels: [4, 4, 4, 4]
ranks_d: [4, 4, 4, 4]
heads: [4, 4, 4, 4]
############################################################ config of train ############################################################
device: cuda
normalization_x: True
normalization_y: True
normalization_dim: []
epochs: 500
batch_size: 30
scheduler: OneCycleLR
base_lr: 0.001
weight_decay: 0.0001
milestones: None
scheduler_gamma: None
############################################################ Start Training ############################################################
number of parameters is 1106753
no boundary loss
epoch0  rel.Train: 0.12572404599189757  rel.Test: 0.10767185807228088  abs.Test: 0.08901241660118103  abs.TestBoundary: 0j  time: 2.2437957851216197
epoch1  rel.Train: 0.10867849898338318  rel.Test: 0.10601264595985413  abs.Test: 0.08761553287506103  abs.TestBoundary: 0j  time: 0.7899738168343902
epoch2  rel.Train: 0.1066204799413681  rel.Test: 0.10220812857151032  abs.Test: 0.08453183889389038  abs.TestBoundary: 0j  time: 0.7901931740343571
epoch3  rel.Train: 0.10481645560264588  rel.Test: 0.1009787678718567  abs.Test: 0.08349151134490967  abs.TestBoundary: 0j  time: 0.7891407180577517
epoch4  rel.Train: 0.10401503348350524  rel.Test: 0.10117328345775604  abs.Test: 0.08366228103637695  abs.TestBoundary: 0j  time: 0.7892566318623722
epoch5  rel.Train: 0.10360568046569824  rel.Test: 0.10118343353271485  abs.Test: 0.08364101886749267  abs.TestBoundary: 0j  time: 0.7909411559812725
epoch6  rel.Train: 0.10295335805416107  rel.Test: 0.09991718828678131  abs.Test: 0.08260327041149139  abs.TestBoundary: 0j  time: 0.7905692150816321
epoch7  rel.Train: 0.10225132393836975  rel.Test: 0.10004090309143067  abs.Test: 0.08270402789115906  abs.TestBoundary: 0j  time: 0.7904827212914824
epoch8  rel.Train: 0.1022408846616745  rel.Test: 0.10021073698997497  abs.Test: 0.08292210042476654  abs.TestBoundary: 0j  time: 0.7899691578932106
epoch9  rel.Train: 0.10223862993717193  rel.Test: 0.09844277858734131  abs.Test: 0.08141075491905213  abs.TestBoundary: 0j  time: 0.7898265919648111
epoch10  rel.Train: 0.10142293238639831  rel.Test: 0.09864169597625733  abs.Test: 0.08156441152095795  abs.TestBoundary: 0j  time: 0.7910009007900953
epoch11  rel.Train: 0.10138419485092164  rel.Test: 0.09834731757640838  abs.Test: 0.08136027693748474  abs.TestBoundary: 0j  time: 0.7918450077995658
epoch12  rel.Train: 0.1014755403995514  rel.Test: 0.09845303177833557  abs.Test: 0.08142520606517792  abs.TestBoundary: 0j  time: 0.7894536531530321
epoch13  rel.Train: 0.10125606417655945  rel.Test: 0.0980854457616806  abs.Test: 0.08111664772033692  abs.TestBoundary: 0j  time: 0.790292012039572
epoch14  rel.Train: 0.10108613729476928  rel.Test: 0.09825900673866272  abs.Test: 0.08125020027160644  abs.TestBoundary: 0j  time: 0.7894702078774571
epoch15  rel.Train: 0.10108312892913818  rel.Test: 0.0981977641582489  abs.Test: 0.08120012044906616  abs.TestBoundary: 0j  time: 0.7906957250088453
epoch16  rel.Train: 0.10104864192008972  rel.Test: 0.09804801940917969  abs.Test: 0.08108019948005676  abs.TestBoundary: 0j  time: 0.7897165222093463
epoch17  rel.Train: 0.10103856027126312  rel.Test: 0.09829048991203308  abs.Test: 0.0812734055519104  abs.TestBoundary: 0j  time: 0.7897584526799619
epoch18  rel.Train: 0.10096708226203918  rel.Test: 0.0979711139202118  abs.Test: 0.08104742467403411  abs.TestBoundary: 0j  time: 0.7902105040848255
epoch19  rel.Train: 0.10105261671543121  rel.Test: 0.09773330271244049  abs.Test: 0.08083647012710571  abs.TestBoundary: 0j  time: 0.7901193639263511
epoch20  rel.Train: 0.10127500498294831  rel.Test: 0.09815812289714813  abs.Test: 0.08117119669914245  abs.TestBoundary: 0j  time: 0.7897578100673854
epoch21  rel.Train: 0.1016344251036644  rel.Test: 0.09871777713298797  abs.Test: 0.08161944270133972  abs.TestBoundary: 0j  time: 0.7899217321537435
epoch22  rel.Train: 0.10119436514377594  rel.Test: 0.09914932668209075  abs.Test: 0.08196125268936157  abs.TestBoundary: 0j  time: 0.7906878688372672
epoch23  rel.Train: 0.10097575426101685  rel.Test: 0.09788674414157868  abs.Test: 0.08095438718795776  abs.TestBoundary: 0j  time: 0.7893587937578559
epoch24  rel.Train: 0.10110030508041382  rel.Test: 0.09856310367584228  abs.Test: 0.08148795187473297  abs.TestBoundary: 0j  time: 0.7896918510086834
epoch25  rel.Train: 0.10091290789842605  rel.Test: 0.09952055692672729  abs.Test: 0.08226240992546081  abs.TestBoundary: 0j  time: 0.7900317669846117
epoch26  rel.Train: 0.10112597966194153  rel.Test: 0.09947088181972503  abs.Test: 0.08222187757492065  abs.TestBoundary: 0j  time: 0.7893291967920959
epoch27  rel.Train: 0.10111927187442779  rel.Test: 0.09788756251335144  abs.Test: 0.08094940185546876  abs.TestBoundary: 0j  time: 0.7894511912018061
epoch28  rel.Train: 0.10112027990818023  rel.Test: 0.09777289569377899  abs.Test: 0.08087228238582611  abs.TestBoundary: 0j  time: 0.7897106907330453
epoch29  rel.Train: 0.10095867657661438  rel.Test: 0.09926546156406403  abs.Test: 0.08205637812614441  abs.TestBoundary: 0j  time: 0.7905224012210965
epoch30  rel.Train: 0.1011414008140564  rel.Test: 0.09834116399288177  abs.Test: 0.08133537828922272  abs.TestBoundary: 0j  time: 0.7899776757694781
epoch31  rel.Train: 0.10091204071044922  rel.Test: 0.0990271258354187  abs.Test: 0.08186251044273377  abs.TestBoundary: 0j  time: 0.7894285572692752
epoch32  rel.Train: 0.10152706015110016  rel.Test: 0.09835569620132446  abs.Test: 0.08132326364517212  abs.TestBoundary: 0j  time: 0.7894900282844901
epoch33  rel.Train: 0.10090193796157837  rel.Test: 0.0975721836090088  abs.Test: 0.08070539355278016  abs.TestBoundary: 0j  time: 0.7889974317513406
epoch34  rel.Train: 0.10077201533317566  rel.Test: 0.0980317634344101  abs.Test: 0.08107554912567139  abs.TestBoundary: 0j  time: 0.7906095399521291
epoch35  rel.Train: 0.10117619061470032  rel.Test: 0.09828834772109986  abs.Test: 0.0812873363494873  abs.TestBoundary: 0j  time: 0.7894226335920393
epoch36  rel.Train: 0.10092820072174072  rel.Test: 0.09768454790115357  abs.Test: 0.08079631805419922  abs.TestBoundary: 0j  time: 0.7907114941626787
epoch37  rel.Train: 0.10092617350816727  rel.Test: 0.09883651375770569  abs.Test: 0.08170590996742248  abs.TestBoundary: 0j  time: 0.790222838986665
epoch38  rel.Train: 0.10123115319013595  rel.Test: 0.09800724267959594  abs.Test: 0.08106155514717102  abs.TestBoundary: 0j  time: 0.7895947620272636
epoch39  rel.Train: 0.100964705824852  rel.Test: 0.09872609198093414  abs.Test: 0.0816239470243454  abs.TestBoundary: 0j  time: 0.7908236752264202
epoch40  rel.Train: 0.10091526359319687  rel.Test: 0.09765004456043243  abs.Test: 0.08076298654079438  abs.TestBoundary: 0j  time: 0.7894727429375052
epoch41  rel.Train: 0.1007776038646698  rel.Test: 0.0979356461763382  abs.Test: 0.08099865138530732  abs.TestBoundary: 0j  time: 0.7888726070523262
epoch42  rel.Train: 0.10110600918531418  rel.Test: 0.09855973601341247  abs.Test: 0.0815180218219757  abs.TestBoundary: 0j  time: 0.7888758080080152
epoch43  rel.Train: 0.1009085249900818  rel.Test: 0.09921703457832337  abs.Test: 0.08201964020729065  abs.TestBoundary: 0j  time: 0.789275367744267
epoch44  rel.Train: 0.10090621936321259  rel.Test: 0.09852950155735016  abs.Test: 0.08145934164524078  abs.TestBoundary: 0j  time: 0.7907043430022895
epoch45  rel.Train: 0.10104171001911164  rel.Test: 0.09823216676712036  abs.Test: 0.08122859716415405  abs.TestBoundary: 0j  time: 0.7895955117419362
epoch46  rel.Train: 0.10080524611473084  rel.Test: 0.09793679237365722  abs.Test: 0.08101864457130432  abs.TestBoundary: 0j  time: 0.7885942067950964
epoch47  rel.Train: 0.10146839714050293  rel.Test: 0.09898307979106903  abs.Test: 0.08182970881462097  abs.TestBoundary: 0j  time: 0.7898187008686364
epoch48  rel.Train: 0.10092895376682282  rel.Test: 0.09860090851783752  abs.Test: 0.08151975333690643  abs.TestBoundary: 0j  time: 0.7893548309803009
epoch49  rel.Train: 0.10096336030960083  rel.Test: 0.09973835945129395  abs.Test: 0.08244422733783723  abs.TestBoundary: 0j  time: 0.7891867379657924
epoch50  rel.Train: 0.10120629191398621  rel.Test: 0.09860774278640747  abs.Test: 0.08153680086135864  abs.TestBoundary: 0j  time: 0.7904678829945624
epoch51  rel.Train: 0.10093354415893555  rel.Test: 0.09783693492412567  abs.Test: 0.08091810464859009  abs.TestBoundary: 0j  time: 0.7891812738962471
epoch52  rel.Train: 0.10097220194339752  rel.Test: 0.09789862394332886  abs.Test: 0.08096866130828857  abs.TestBoundary: 0j  time: 0.7888420051895082
epoch53  rel.Train: 0.10073708844184875  rel.Test: 0.09845187306404114  abs.Test: 0.08140110909938812  abs.TestBoundary: 0j  time: 0.7894498845562339
epoch54  rel.Train: 0.10114737260341644  rel.Test: 0.09792781233787537  abs.Test: 0.08100855648517609  abs.TestBoundary: 0j  time: 0.7887295628897846
epoch55  rel.Train: 0.10072768771648408  rel.Test: 0.09758288443088531  abs.Test: 0.08070645451545716  abs.TestBoundary: 0j  time: 0.78951511438936
epoch56  rel.Train: 0.100802241563797  rel.Test: 0.09767476975917816  abs.Test: 0.08077580451965333  abs.TestBoundary: 0j  time: 0.7900472632609308
epoch57  rel.Train: 0.10109667551517487  rel.Test: 0.09925872147083283  abs.Test: 0.08205833733081817  abs.TestBoundary: 0j  time: 0.7892712675966322
epoch58  rel.Train: 0.10094629311561584  rel.Test: 0.09829518437385559  abs.Test: 0.08127317905426025  abs.TestBoundary: 0j  time: 0.7891044411808252
epoch59  rel.Train: 0.10076803421974181  rel.Test: 0.09909805715084076  abs.Test: 0.08192365169525147  abs.TestBoundary: 0j  time: 0.7888939273543656
epoch60  rel.Train: 0.10081865859031677  rel.Test: 0.09767505168914795  abs.Test: 0.08077777624130249  abs.TestBoundary: 0j  time: 0.7900662878528237
epoch61  rel.Train: 0.10080755472183228  rel.Test: 0.09806897699832916  abs.Test: 0.08109417855739594  abs.TestBoundary: 0j  time: 0.7893057991750538
epoch62  rel.Train: 0.10110145944356919  rel.Test: 0.09796937286853791  abs.Test: 0.08100986957550049  abs.TestBoundary: 0j  time: 0.7894101957790554
epoch63  rel.Train: 0.10074128890037537  rel.Test: 0.09776078164577484  abs.Test: 0.08085423946380615  abs.TestBoundary: 0j  time: 0.7902135797776282
epoch64  rel.Train: 0.10093079102039337  rel.Test: 0.09780496060848236  abs.Test: 0.08088994204998017  abs.TestBoundary: 0j  time: 0.7894104742445052
epoch65  rel.Train: 0.10068952918052673  rel.Test: 0.09803457796573639  abs.Test: 0.08105627477169036  abs.TestBoundary: 0j  time: 0.7888599182479084
epoch66  rel.Train: 0.10092524421215057  rel.Test: 0.0981585955619812  abs.Test: 0.08116753935813904  abs.TestBoundary: 0j  time: 0.7893127836287022
epoch67  rel.Train: 0.10079496240615844  rel.Test: 0.09769554972648621  abs.Test: 0.08080222129821778  abs.TestBoundary: 0j  time: 0.7895820247940719
epoch68  rel.Train: 0.1007667743563652  rel.Test: 0.09758863031864166  abs.Test: 0.08070470333099365  abs.TestBoundary: 0j  time: 0.7891191029921174
epoch69  rel.Train: 0.10077161037921906  rel.Test: 0.09808695256710052  abs.Test: 0.08109968543052673  abs.TestBoundary: 0j  time: 0.7891276478767395
epoch70  rel.Train: 0.10067134809494019  rel.Test: 0.09776638686656952  abs.Test: 0.0808659154176712  abs.TestBoundary: 0j  time: 0.7889078631997108
epoch71  rel.Train: 0.10090656232833863  rel.Test: 0.09776174664497375  abs.Test: 0.08086131691932678  abs.TestBoundary: 0j  time: 0.7897796919569373
epoch72  rel.Train: 0.1007932242155075  rel.Test: 0.09874642670154571  abs.Test: 0.08163866937160492  abs.TestBoundary: 0j  time: 0.7890417650341988
epoch73  rel.Train: 0.10081445050239562  rel.Test: 0.0975505268573761  abs.Test: 0.08069849312305451  abs.TestBoundary: 0j  time: 0.7889933469705284
epoch74  rel.Train: 0.10090289187431335  rel.Test: 0.09799790620803833  abs.Test: 0.08104886770248414  abs.TestBoundary: 0j  time: 0.7891662726178765
epoch75  rel.Train: 0.10099837374687194  rel.Test: 0.0979546445608139  abs.Test: 0.08100504338741303  abs.TestBoundary: 0j  time: 0.789566402323544
epoch76  rel.Train: 0.10088466382026673  rel.Test: 0.09843795955181121  abs.Test: 0.08139069795608521  abs.TestBoundary: 0j  time: 0.7898619412444532
epoch77  rel.Train: 0.1009167799949646  rel.Test: 0.09800081968307495  abs.Test: 0.08106726109981537  abs.TestBoundary: 0j  time: 0.7890913439914584
epoch78  rel.Train: 0.10068947839736939  rel.Test: 0.09753981530666352  abs.Test: 0.08068199515342712  abs.TestBoundary: 0j  time: 0.7889847089536488
epoch79  rel.Train: 0.10064055585861206  rel.Test: 0.09788075804710389  abs.Test: 0.08093433499336243  abs.TestBoundary: 0j  time: 0.7904300061054528
epoch80  rel.Train: 0.1007046799659729  rel.Test: 0.09798476338386536  abs.Test: 0.08106406867504119  abs.TestBoundary: 0j  time: 0.7893600380048156
epoch81  rel.Train: 0.10079484289884567  rel.Test: 0.097915940284729  abs.Test: 0.0809618091583252  abs.TestBoundary: 0j  time: 0.7892702501267195
epoch82  rel.Train: 0.10088025546073913  rel.Test: 0.09805159568786621  abs.Test: 0.08107563138008117  abs.TestBoundary: 0j  time: 0.7897117054089904
epoch83  rel.Train: 0.10111222982406616  rel.Test: 0.09818998992443084  abs.Test: 0.0811845314502716  abs.TestBoundary: 0j  time: 0.7894253977574408
epoch84  rel.Train: 0.1007358809709549  rel.Test: 0.09776345491409302  abs.Test: 0.08085419714450837  abs.TestBoundary: 0j  time: 0.789045284036547
epoch85  rel.Train: 0.100688649892807  rel.Test: 0.09761251509189606  abs.Test: 0.08072485268115998  abs.TestBoundary: 0j  time: 0.789105670992285
epoch86  rel.Train: 0.10065181303024293  rel.Test: 0.09787096619606019  abs.Test: 0.08092572808265686  abs.TestBoundary: 0j  time: 0.7889554686844349
epoch87  rel.Train: 0.10070027005672455  rel.Test: 0.09868757784366608  abs.Test: 0.08158771872520447  abs.TestBoundary: 0j  time: 0.7891117739491165
epoch88  rel.Train: 0.10065919274091721  rel.Test: 0.09867534339427948  abs.Test: 0.08158437252044677  abs.TestBoundary: 0j  time: 0.7890029861591756
epoch89  rel.Train: 0.10076409369707108  rel.Test: 0.0977963250875473  abs.Test: 0.08087567627429962  abs.TestBoundary: 0j  time: 0.7896918193437159
epoch90  rel.Train: 0.10073361086845398  rel.Test: 0.0995809268951416  abs.Test: 0.08230786442756653  abs.TestBoundary: 0j  time: 0.7892582099884748
epoch91  rel.Train: 0.10075045865774154  rel.Test: 0.09749560177326203  abs.Test: 0.0806473571062088  abs.TestBoundary: 0j  time: 0.788558472879231
epoch92  rel.Train: 0.1006497437953949  rel.Test: 0.09797140598297119  abs.Test: 0.08104653835296631  abs.TestBoundary: 0j  time: 0.7890883912332356
epoch93  rel.Train: 0.10082469546794891  rel.Test: 0.09812601208686829  abs.Test: 0.08115703463554383  abs.TestBoundary: 0j  time: 0.7889804318547249
epoch94  rel.Train: 0.1006787680387497  rel.Test: 0.0977406620979309  abs.Test: 0.08083940386772155  abs.TestBoundary: 0j  time: 0.79283911222592
epoch95  rel.Train: 0.1006218123435974  rel.Test: 0.09790625214576722  abs.Test: 0.08095690369606018  abs.TestBoundary: 0j  time: 0.7897398942150176
epoch96  rel.Train: 0.10069496834278106  rel.Test: 0.09840773165225983  abs.Test: 0.0813634043931961  abs.TestBoundary: 0j  time: 0.7891120216809213
epoch97  rel.Train: 0.10064708733558655  rel.Test: 0.09861543595790863  abs.Test: 0.08152689218521118  abs.TestBoundary: 0j  time: 0.7889611781574786
epoch98  rel.Train: 0.10068193036317825  rel.Test: 0.09850433588027954  abs.Test: 0.08143483757972718  abs.TestBoundary: 0j  time: 0.7895945319905877
epoch99  rel.Train: 0.10065210402011872  rel.Test: 0.09763906717300415  abs.Test: 0.08075164079666138  abs.TestBoundary: 0j  time: 0.7903231354430318
epoch100  rel.Train: 0.10059179544448853  rel.Test: 0.0979904592037201  abs.Test: 0.08103237867355347  abs.TestBoundary: 0j  time: 0.7891746400855482
epoch101  rel.Train: 0.10080693185329437  rel.Test: 0.0974614417552948  abs.Test: 0.08061681389808655  abs.TestBoundary: 0j  time: 0.7892718841321766
epoch102  rel.Train: 0.10059870827198028  rel.Test: 0.09762805759906769  abs.Test: 0.08073156714439392  abs.TestBoundary: 0j  time: 0.7894155620597303
epoch103  rel.Train: 0.10060930001735688  rel.Test: 0.09777891874313355  abs.Test: 0.08085392355918884  abs.TestBoundary: 0j  time: 0.7891518650576472
epoch104  rel.Train: 0.10061561441421508  rel.Test: 0.09808210134506226  abs.Test: 0.0811005812883377  abs.TestBoundary: 0j  time: 0.7896485580131412
epoch105  rel.Train: 0.10072253894805908  rel.Test: 0.09852278351783753  abs.Test: 0.08146343231201172  abs.TestBoundary: 0j  time: 0.789062533993274
epoch106  rel.Train: 0.10097059679031373  rel.Test: 0.09753532648086548  abs.Test: 0.08068018555641174  abs.TestBoundary: 0j  time: 0.7891908190213144
epoch107  rel.Train: 0.10070699298381805  rel.Test: 0.09838097095489502  abs.Test: 0.08133405029773712  abs.TestBoundary: 0j  time: 0.7891195579431951
epoch108  rel.Train: 0.10049508166313172  rel.Test: 0.09804842829704284  abs.Test: 0.08107161223888397  abs.TestBoundary: 0j  time: 0.7886889912188053
epoch109  rel.Train: 0.10062649470567703  rel.Test: 0.09762255966663361  abs.Test: 0.08073395490646362  abs.TestBoundary: 0j  time: 0.7886924729682505
epoch110  rel.Train: 0.10046751952171326  rel.Test: 0.0974961417913437  abs.Test: 0.0806378322839737  abs.TestBoundary: 0j  time: 0.7905250182375312
epoch111  rel.Train: 0.1005560467839241  rel.Test: 0.09781683683395385  abs.Test: 0.0808927458524704  abs.TestBoundary: 0j  time: 0.7887961603701115
epoch112  rel.Train: 0.10071443659067154  rel.Test: 0.09802853286266328  abs.Test: 0.08109055638313294  abs.TestBoundary: 0j  time: 0.7886636438779533
epoch113  rel.Train: 0.10060305660963058  rel.Test: 0.09747933566570283  abs.Test: 0.08061753571033478  abs.TestBoundary: 0j  time: 0.789531878195703
epoch114  rel.Train: 0.1005003068447113  rel.Test: 0.09839526474475861  abs.Test: 0.08135006308555603  abs.TestBoundary: 0j  time: 0.7890893029980361
epoch115  rel.Train: 0.10081521880626679  rel.Test: 0.0975853967666626  abs.Test: 0.08071510195732116  abs.TestBoundary: 0j  time: 0.7890552370809019
epoch116  rel.Train: 0.10058715295791626  rel.Test: 0.09813495218753815  abs.Test: 0.08113841950893402  abs.TestBoundary: 0j  time: 0.7902731518261135
epoch117  rel.Train: 0.10061072289943696  rel.Test: 0.09799050867557525  abs.Test: 0.08102646470069885  abs.TestBoundary: 0j  time: 0.7889893297106028
epoch118  rel.Train: 0.10077767717838287  rel.Test: 0.09750502407550812  abs.Test: 0.08065876007080078  abs.TestBoundary: 0j  time: 0.7894201199524105
epoch119  rel.Train: 0.10052073287963867  rel.Test: 0.09818107783794403  abs.Test: 0.08117320954799652  abs.TestBoundary: 0j  time: 0.7893324592150748
epoch120  rel.Train: 0.10075546473264695  rel.Test: 0.09805686175823211  abs.Test: 0.08107748568058014  abs.TestBoundary: 0j  time: 0.7891931449994445
epoch121  rel.Train: 0.10069661211967468  rel.Test: 0.0979892873764038  abs.Test: 0.08102933406829833  abs.TestBoundary: 0j  time: 0.7911093030124903
epoch122  rel.Train: 0.1005869380235672  rel.Test: 0.09740354776382447  abs.Test: 0.08056200623512268  abs.TestBoundary: 0j  time: 0.7892240318469703
epoch123  rel.Train: 0.10068339157104492  rel.Test: 0.09795587599277496  abs.Test: 0.08100511550903321  abs.TestBoundary: 0j  time: 0.7889556637965143
epoch124  rel.Train: 0.10054077064990997  rel.Test: 0.09748699188232422  abs.Test: 0.08062844157218933  abs.TestBoundary: 0j  time: 0.7896067281253636
epoch125  rel.Train: 0.1005156409740448  rel.Test: 0.09761804580688477  abs.Test: 0.0807283329963684  abs.TestBoundary: 0j  time: 0.78848034190014
epoch126  rel.Train: 0.10054787909984589  rel.Test: 0.09753332018852234  abs.Test: 0.0806793200969696  abs.TestBoundary: 0j  time: 0.7897887378931046
epoch127  rel.Train: 0.1006730580329895  rel.Test: 0.09844029784202575  abs.Test: 0.08138691544532776  abs.TestBoundary: 0j  time: 0.7891637440770864
epoch128  rel.Train: 0.10053696346282959  rel.Test: 0.0976263189315796  abs.Test: 0.08074084997177124  abs.TestBoundary: 0j  time: 0.7920902352780104
epoch129  rel.Train: 0.10054577922821045  rel.Test: 0.09800597310066222  abs.Test: 0.08103319644927978  abs.TestBoundary: 0j  time: 0.7896266230382025
epoch130  rel.Train: 0.10042757880687714  rel.Test: 0.09750432193279267  abs.Test: 0.0806468152999878  abs.TestBoundary: 0j  time: 0.7887965003028512
epoch131  rel.Train: 0.10044263082742691  rel.Test: 0.09828028619289399  abs.Test: 0.08126233458518982  abs.TestBoundary: 0j  time: 0.7885930556803942
epoch132  rel.Train: 0.10052399802207947  rel.Test: 0.09762345790863038  abs.Test: 0.08075138986110687  abs.TestBoundary: 0j  time: 0.7885155361145735
epoch133  rel.Train: 0.10056819462776184  rel.Test: 0.09833736479282379  abs.Test: 0.08130398273468017  abs.TestBoundary: 0j  time: 0.7891320236958563
epoch134  rel.Train: 0.10065658807754517  rel.Test: 0.09806228756904602  abs.Test: 0.08109186828136444  abs.TestBoundary: 0j  time: 0.7893358319997787
epoch135  rel.Train: 0.10050637364387512  rel.Test: 0.09761945366859436  abs.Test: 0.08073200523853302  abs.TestBoundary: 0j  time: 0.7903088838793337
epoch136  rel.Train: 0.10044374006986619  rel.Test: 0.09751111447811127  abs.Test: 0.08064539909362793  abs.TestBoundary: 0j  time: 0.7890506382100284
epoch137  rel.Train: 0.10042820972204208  rel.Test: 0.09763988316059112  abs.Test: 0.08073905348777771  abs.TestBoundary: 0j  time: 0.7915297630243003
epoch138  rel.Train: 0.10049122035503387  rel.Test: 0.09868050277233124  abs.Test: 0.08157753884792328  abs.TestBoundary: 0j  time: 0.7919589900411665
epoch139  rel.Train: 0.10047392696142196  rel.Test: 0.09811808586120606  abs.Test: 0.08112807869911194  abs.TestBoundary: 0j  time: 0.7884860238991678
epoch140  rel.Train: 0.10036872553825378  rel.Test: 0.09735285460948945  abs.Test: 0.08051296889781952  abs.TestBoundary: 0j  time: 0.788395315874368
epoch141  rel.Train: 0.10052092468738556  rel.Test: 0.09768842577934266  abs.Test: 0.08077973246574402  abs.TestBoundary: 0j  time: 0.7885879268869758
epoch142  rel.Train: 0.10048993134498596  rel.Test: 0.0973834204673767  abs.Test: 0.08053510487079621  abs.TestBoundary: 0j  time: 0.7891434030607343
epoch143  rel.Train: 0.10035633063316345  rel.Test: 0.09832596898078919  abs.Test: 0.08129346132278442  abs.TestBoundary: 0j  time: 0.7893876051530242
epoch144  rel.Train: 0.100593581199646  rel.Test: 0.09777812898159027  abs.Test: 0.08085386097431183  abs.TestBoundary: 0j  time: 0.7890155101194978
epoch145  rel.Train: 0.1004467043876648  rel.Test: 0.09739242374897003  abs.Test: 0.08054287493228912  abs.TestBoundary: 0j  time: 0.7896778993308544
epoch146  rel.Train: 0.10040582525730134  rel.Test: 0.09762813329696655  abs.Test: 0.08072965741157531  abs.TestBoundary: 0j  time: 0.7895551128312945
epoch147  rel.Train: 0.10052737098932266  rel.Test: 0.09737421035766601  abs.Test: 0.08053602516651154  abs.TestBoundary: 0j  time: 0.789300309959799
epoch148  rel.Train: 0.10051695477962494  rel.Test: 0.09769436836242676  abs.Test: 0.08078784227371216  abs.TestBoundary: 0j  time: 0.7897695377469063
epoch149  rel.Train: 0.10043143284320831  rel.Test: 0.09768122375011444  abs.Test: 0.08078609347343445  abs.TestBoundary: 0j  time: 0.7901733331382275
epoch150  rel.Train: 0.10055748099088668  rel.Test: 0.09751543164253235  abs.Test: 0.08066564083099365  abs.TestBoundary: 0j  time: 0.7893089423887432
epoch151  rel.Train: 0.10045240235328674  rel.Test: 0.0972647374868393  abs.Test: 0.08045751690864562  abs.TestBoundary: 0j  time: 0.7891026367433369
epoch152  rel.Train: 0.100302041888237  rel.Test: 0.09777319431304932  abs.Test: 0.08083910286426545  abs.TestBoundary: 0j  time: 0.7895953799597919
epoch153  rel.Train: 0.1004524376988411  rel.Test: 0.0975088369846344  abs.Test: 0.08064161777496338  abs.TestBoundary: 0j  time: 0.7886688942089677
epoch154  rel.Train: 0.10062729525566101  rel.Test: 0.09949320077896118  abs.Test: 0.08224002599716186  abs.TestBoundary: 0j  time: 0.7888961178250611
epoch155  rel.Train: 0.10085509085655213  rel.Test: 0.09785659730434418  abs.Test: 0.08091669440269471  abs.TestBoundary: 0j  time: 0.789364870171994
epoch156  rel.Train: 0.10039698445796967  rel.Test: 0.09761092603206635  abs.Test: 0.08071550667285919  abs.TestBoundary: 0j  time: 0.7884373343549669
epoch157  rel.Train: 0.10040097212791443  rel.Test: 0.0975300270318985  abs.Test: 0.08066488862037659  abs.TestBoundary: 0j  time: 0.789601351134479
epoch158  rel.Train: 0.10050419008731842  rel.Test: 0.09759494304656982  abs.Test: 0.0807041072845459  abs.TestBoundary: 0j  time: 0.7885711370036006
epoch159  rel.Train: 0.10041829693317414  rel.Test: 0.09737810373306274  abs.Test: 0.08054089188575744  abs.TestBoundary: 0j  time: 0.7891680500470102
epoch160  rel.Train: 0.10050381565093994  rel.Test: 0.09908073842525482  abs.Test: 0.08190387725830078  abs.TestBoundary: 0j  time: 0.7917709560133517
epoch161  rel.Train: 0.10067260628938675  rel.Test: 0.09753459811210632  abs.Test: 0.08066601455211639  abs.TestBoundary: 0j  time: 0.7896119998767972
epoch162  rel.Train: 0.10063031160831451  rel.Test: 0.09863721072673798  abs.Test: 0.0815409356355667  abs.TestBoundary: 0j  time: 0.7891047680750489
epoch163  rel.Train: 0.10048868441581726  rel.Test: 0.09752945065498352  abs.Test: 0.08065353631973267  abs.TestBoundary: 0j  time: 0.7895826790481806
epoch164  rel.Train: 0.10030540907382965  rel.Test: 0.09751213192939759  abs.Test: 0.08063583374023438  abs.TestBoundary: 0j  time: 0.7895527901127934
epoch165  rel.Train: 0.10030517673492431  rel.Test: 0.0985917192697525  abs.Test: 0.08150265574455261  abs.TestBoundary: 0j  time: 0.7891573701053858
epoch166  rel.Train: 0.10036074471473694  rel.Test: 0.09845119416713714  abs.Test: 0.08138822674751282  abs.TestBoundary: 0j  time: 0.7905769469216466
epoch167  rel.Train: 0.10058472657203674  rel.Test: 0.09735821723937989  abs.Test: 0.08053232669830322  abs.TestBoundary: 0j  time: 0.7903488730080426
epoch168  rel.Train: 0.10047118401527405  rel.Test: 0.09763399004936218  abs.Test: 0.08074397921562194  abs.TestBoundary: 0j  time: 0.791769715026021
epoch169  rel.Train: 0.10047396659851074  rel.Test: 0.09756635308265686  abs.Test: 0.08067886412143707  abs.TestBoundary: 0j  time: 0.7905564848333597
epoch170  rel.Train: 0.10036312544345856  rel.Test: 0.09752557039260865  abs.Test: 0.08064840495586395  abs.TestBoundary: 0j  time: 0.7922660601325333
epoch171  rel.Train: 0.10038447284698486  rel.Test: 0.09749497413635254  abs.Test: 0.08063126862049103  abs.TestBoundary: 0j  time: 0.7916176891885698
epoch172  rel.Train: 0.10044384634494781  rel.Test: 0.0976742023229599  abs.Test: 0.08076853156089783  abs.TestBoundary: 0j  time: 0.7916051228530705
epoch173  rel.Train: 0.1005300178527832  rel.Test: 0.09735471844673156  abs.Test: 0.08051617622375488  abs.TestBoundary: 0j  time: 0.7925618039444089
epoch174  rel.Train: 0.10050385373830795  rel.Test: 0.09742843210697175  abs.Test: 0.08057577550411224  abs.TestBoundary: 0j  time: 0.7922558658756316
epoch175  rel.Train: 0.10045063388347626  rel.Test: 0.0972257387638092  abs.Test: 0.08041607141494751  abs.TestBoundary: 0j  time: 0.7921258891001344
epoch176  rel.Train: 0.10051733201742172  rel.Test: 0.0973089337348938  abs.Test: 0.0804868757724762  abs.TestBoundary: 0j  time: 0.7916588122025132
epoch177  rel.Train: 0.10046446871757507  rel.Test: 0.09728781044483185  abs.Test: 0.0804649168252945  abs.TestBoundary: 0j  time: 0.7931690597906709
epoch178  rel.Train: 0.10039272356033326  rel.Test: 0.09847026944160461  abs.Test: 0.0814069277048111  abs.TestBoundary: 0j  time: 0.7915493990294635
epoch179  rel.Train: 0.10037306922674179  rel.Test: 0.0974509882926941  abs.Test: 0.08059836506843567  abs.TestBoundary: 0j  time: 0.7916651163250208
epoch180  rel.Train: 0.10046823143959045  rel.Test: 0.0981343400478363  abs.Test: 0.0811385715007782  abs.TestBoundary: 0j  time: 0.7927877269685268
epoch181  rel.Train: 0.10061851370334625  rel.Test: 0.09769721329212189  abs.Test: 0.080796337723732  abs.TestBoundary: 0j  time: 0.7924438831396401
epoch182  rel.Train: 0.10033666515350342  rel.Test: 0.09929222226142884  abs.Test: 0.0820672082901001  abs.TestBoundary: 0j  time: 0.7932446119375527
epoch183  rel.Train: 0.10080788052082061  rel.Test: 0.09826550602912903  abs.Test: 0.081239612698555  abs.TestBoundary: 0j  time: 0.7921674279496074
epoch184  rel.Train: 0.10039587914943696  rel.Test: 0.09821351289749146  abs.Test: 0.08119782745838165  abs.TestBoundary: 0j  time: 0.7921462412923574
epoch185  rel.Train: 0.10037707614898682  rel.Test: 0.09740876019001007  abs.Test: 0.08058039367198944  abs.TestBoundary: 0j  time: 0.7916936739347875
epoch186  rel.Train: 0.10038492852449417  rel.Test: 0.09788479089736939  abs.Test: 0.08093668222427368  abs.TestBoundary: 0j  time: 0.792947200126946
epoch187  rel.Train: 0.10036360394954681  rel.Test: 0.09748562216758729  abs.Test: 0.08061847686767579  abs.TestBoundary: 0j  time: 0.7934241644106805
epoch188  rel.Train: 0.10042276883125305  rel.Test: 0.09894453406333924  abs.Test: 0.08178727924823762  abs.TestBoundary: 0j  time: 0.7928242501802742
epoch189  rel.Train: 0.10041167759895325  rel.Test: 0.0974568223953247  abs.Test: 0.08059859573841095  abs.TestBoundary: 0j  time: 0.7929910030215979
epoch190  rel.Train: 0.10028517425060272  rel.Test: 0.09733900785446167  abs.Test: 0.08049795150756836  abs.TestBoundary: 0j  time: 0.7919557010754943
epoch191  rel.Train: 0.10032759422063828  rel.Test: 0.09733737528324127  abs.Test: 0.08050788044929505  abs.TestBoundary: 0j  time: 0.7959237219765782
epoch192  rel.Train: 0.10037080240249634  rel.Test: 0.09793532431125641  abs.Test: 0.08097335875034332  abs.TestBoundary: 0j  time: 0.793327147141099
epoch193  rel.Train: 0.10032269370555878  rel.Test: 0.09732965409755706  abs.Test: 0.08050331473350525  abs.TestBoundary: 0j  time: 0.7924754410050809
epoch194  rel.Train: 0.10033591330051422  rel.Test: 0.09761918663978576  abs.Test: 0.08073278665542602  abs.TestBoundary: 0j  time: 0.7924174880608916
epoch195  rel.Train: 0.10035245418548584  rel.Test: 0.09798581838607788  abs.Test: 0.08101320266723633  abs.TestBoundary: 0j  time: 0.7917678942903876
epoch196  rel.Train: 0.10030064153671264  rel.Test: 0.09748620927333831  abs.Test: 0.08062018990516663  abs.TestBoundary: 0j  time: 0.7926031611859798
epoch197  rel.Train: 0.10029161632061005  rel.Test: 0.09737233519554138  abs.Test: 0.0805256199836731  abs.TestBoundary: 0j  time: 0.7926902482286096
epoch198  rel.Train: 0.10030390083789825  rel.Test: 0.09782474160194397  abs.Test: 0.08088228344917298  abs.TestBoundary: 0j  time: 0.7924081473611295
epoch199  rel.Train: 0.10043426203727722  rel.Test: 0.0980044287443161  abs.Test: 0.08103929281234741  abs.TestBoundary: 0j  time: 0.7928584180772305
epoch200  rel.Train: 0.10059500920772553  rel.Test: 0.09757314741611481  abs.Test: 0.08069722354412079  abs.TestBoundary: 0j  time: 0.7927829553373158
epoch201  rel.Train: 0.10027337455749512  rel.Test: 0.09745352029800415  abs.Test: 0.08058627486228943  abs.TestBoundary: 0j  time: 0.7943697120063007
epoch202  rel.Train: 0.10020541799068451  rel.Test: 0.09728322982788086  abs.Test: 0.08045657396316529  abs.TestBoundary: 0j  time: 0.7964582019485533
epoch203  rel.Train: 0.10026483082771301  rel.Test: 0.0973046088218689  abs.Test: 0.08048042356967926  abs.TestBoundary: 0j  time: 0.7928780899383128
epoch204  rel.Train: 0.10036969351768493  rel.Test: 0.09742693066596984  abs.Test: 0.0805794656276703  abs.TestBoundary: 0j  time: 0.7925787772983313
epoch205  rel.Train: 0.10027402293682099  rel.Test: 0.0973810625076294  abs.Test: 0.0805301982164383  abs.TestBoundary: 0j  time: 0.7930968310683966
epoch206  rel.Train: 0.10035437190532684  rel.Test: 0.09764786899089813  abs.Test: 0.0807464849948883  abs.TestBoundary: 0j  time: 0.7922183880582452
epoch207  rel.Train: 0.10026532816886902  rel.Test: 0.09832931458950042  abs.Test: 0.08129165410995483  abs.TestBoundary: 0j  time: 0.793363586999476
epoch208  rel.Train: 0.10035457664728165  rel.Test: 0.09734325945377349  abs.Test: 0.08050372719764709  abs.TestBoundary: 0j  time: 0.7929344503208995
epoch209  rel.Train: 0.10027258574962616  rel.Test: 0.09739514350891114  abs.Test: 0.08054620504379273  abs.TestBoundary: 0j  time: 0.7920611472800374
epoch210  rel.Train: 0.10024742984771728  rel.Test: 0.09750033140182496  abs.Test: 0.08062266230583191  abs.TestBoundary: 0j  time: 0.7932810862548649
epoch211  rel.Train: 0.10028472459316254  rel.Test: 0.09744217216968537  abs.Test: 0.08059118032455444  abs.TestBoundary: 0j  time: 0.7928633820265532
epoch212  rel.Train: 0.1002762022614479  rel.Test: 0.09771652042865753  abs.Test: 0.08080466508865357  abs.TestBoundary: 0j  time: 0.7933114962652326
epoch213  rel.Train: 0.10025638008117675  rel.Test: 0.09824326157569885  abs.Test: 0.0812180107831955  abs.TestBoundary: 0j  time: 0.7934157443232834
epoch214  rel.Train: 0.10021382820606231  rel.Test: 0.09782481968402862  abs.Test: 0.08088689625263214  abs.TestBoundary: 0j  time: 0.793109904974699
epoch215  rel.Train: 0.10020169591903687  rel.Test: 0.09772846579551697  abs.Test: 0.08080120205879211  abs.TestBoundary: 0j  time: 0.7928342213854194
epoch216  rel.Train: 0.10014807158708572  rel.Test: 0.09792346239089966  abs.Test: 0.08097115755081177  abs.TestBoundary: 0j  time: 0.7934505362063646
epoch217  rel.Train: 0.10021190226078033  rel.Test: 0.0973042243719101  abs.Test: 0.08047759294509887  abs.TestBoundary: 0j  time: 0.7929904786869884
epoch218  rel.Train: 0.10007351803779602  rel.Test: 0.09762497246265411  abs.Test: 0.08072242736816407  abs.TestBoundary: 0j  time: 0.7937488108873367
epoch219  rel.Train: 0.10006372171640396  rel.Test: 0.0976397454738617  abs.Test: 0.08073454022407532  abs.TestBoundary: 0j  time: 0.7931890739127994
epoch220  rel.Train: 0.0999983195066452  rel.Test: 0.09751862645149231  abs.Test: 0.08062906503677368  abs.TestBoundary: 0j  time: 0.7924760561436415
epoch221  rel.Train: 0.1002574999332428  rel.Test: 0.09723027825355529  abs.Test: 0.08042037606239319  abs.TestBoundary: 0j  time: 0.7933227438479662
epoch222  rel.Train: 0.10016045451164246  rel.Test: 0.09833808183670044  abs.Test: 0.0813190472126007  abs.TestBoundary: 0j  time: 0.7947885259054601
epoch223  rel.Train: 0.100270467877388  rel.Test: 0.09706391334533691  abs.Test: 0.08026993870735169  abs.TestBoundary: 0j  time: 0.7936670337803662
epoch224  rel.Train: 0.10011328113079071  rel.Test: 0.09804291248321534  abs.Test: 0.08107665598392487  abs.TestBoundary: 0j  time: 0.7935500438325107
epoch225  rel.Train: 0.10001315259933471  rel.Test: 0.09658189177513123  abs.Test: 0.07988976418972016  abs.TestBoundary: 0j  time: 0.7933857580646873
epoch226  rel.Train: 0.09989748060703278  rel.Test: 0.09772602200508118  abs.Test: 0.08080272018909454  abs.TestBoundary: 0j  time: 0.7933653141371906
epoch227  rel.Train: 0.09962895584106446  rel.Test: 0.09677381336688995  abs.Test: 0.08002285778522492  abs.TestBoundary: 0j  time: 0.7934453240595758
epoch228  rel.Train: 0.0993886857032776  rel.Test: 0.0966363286972046  abs.Test: 0.07992350101470948  abs.TestBoundary: 0j  time: 0.7929876800626516
epoch229  rel.Train: 0.09966444289684295  rel.Test: 0.09938101828098297  abs.Test: 0.08213959276676178  abs.TestBoundary: 0j  time: 0.7937892731279135
epoch230  rel.Train: 0.09933944821357726  rel.Test: 0.09613498330116271  abs.Test: 0.07949191749095917  abs.TestBoundary: 0j  time: 0.7937193871475756
epoch231  rel.Train: 0.0991079728603363  rel.Test: 0.09593467772006989  abs.Test: 0.07934681415557861  abs.TestBoundary: 0j  time: 0.7929767272435129
epoch232  rel.Train: 0.0982069251537323  rel.Test: 0.0952766078710556  abs.Test: 0.0788038969039917  abs.TestBoundary: 0j  time: 0.7942188298329711
epoch233  rel.Train: 0.09738521063327789  rel.Test: 0.09700322985649108  abs.Test: 0.08019895315170288  abs.TestBoundary: 0j  time: 0.7930351058021188
epoch234  rel.Train: 0.09778247421979905  rel.Test: 0.09383022129535674  abs.Test: 0.0775825834274292  abs.TestBoundary: 0j  time: 0.7946032066829503
epoch235  rel.Train: 0.09634615021944046  rel.Test: 0.10254114627838135  abs.Test: 0.08476927757263183  abs.TestBoundary: 0j  time: 0.7943813167512417
epoch236  rel.Train: 0.09613115167617797  rel.Test: 0.09474322557449341  abs.Test: 0.07835931420326232  abs.TestBoundary: 0j  time: 0.7933364259079099
epoch237  rel.Train: 0.09495873200893402  rel.Test: 0.0902390205860138  abs.Test: 0.07462745428085327  abs.TestBoundary: 0j  time: 0.7945527238771319
epoch238  rel.Train: 0.09361508923768998  rel.Test: 0.10070280194282531  abs.Test: 0.08322536587715149  abs.TestBoundary: 0j  time: 0.7980142650194466
epoch239  rel.Train: 0.08895048910379409  rel.Test: 0.08918018877506256  abs.Test: 0.07368053793907166  abs.TestBoundary: 0j  time: 0.7943256958387792
epoch240  rel.Train: 0.07902657228708267  rel.Test: 0.07723129510879517  abs.Test: 0.0638284981250763  abs.TestBoundary: 0j  time: 0.7939292951487005
epoch241  rel.Train: 0.07491377818584442  rel.Test: 0.07534182786941529  abs.Test: 0.06221604228019714  abs.TestBoundary: 0j  time: 0.7939759343862534
epoch242  rel.Train: 0.07494152128696442  rel.Test: 0.07133685231208801  abs.Test: 0.05894407153129578  abs.TestBoundary: 0j  time: 0.7942781737074256
epoch243  rel.Train: 0.0720101832151413  rel.Test: 0.08030680894851684  abs.Test: 0.0663857662677765  abs.TestBoundary: 0j  time: 0.7933008139953017
epoch244  rel.Train: 0.07256312358379365  rel.Test: 0.07307745277881622  abs.Test: 0.06038260161876678  abs.TestBoundary: 0j  time: 0.7940267571248114
epoch245  rel.Train: 0.07120241332054138  rel.Test: 0.08236597895622254  abs.Test: 0.06805753409862518  abs.TestBoundary: 0j  time: 0.7934909220784903
epoch246  rel.Train: 0.07149869990348816  rel.Test: 0.06762107372283936  abs.Test: 0.05589856803417206  abs.TestBoundary: 0j  time: 0.7947380095720291
epoch247  rel.Train: 0.07102683979272842  rel.Test: 0.06892672538757325  abs.Test: 0.05692784309387207  abs.TestBoundary: 0j  time: 0.7940510450862348
epoch248  rel.Train: 0.06919649863243103  rel.Test: 0.06854041576385499  abs.Test: 0.056629109978675846  abs.TestBoundary: 0j  time: 0.7940266476944089
epoch249  rel.Train: 0.06924830651283265  rel.Test: 0.07469304382801056  abs.Test: 0.06170826554298401  abs.TestBoundary: 0j  time: 0.7937203557230532
epoch250  rel.Train: 0.06926791632175446  rel.Test: 0.0659202241897583  abs.Test: 0.05446733117103577  abs.TestBoundary: 0j  time: 0.7939542979001999
epoch251  rel.Train: 0.06737206774950028  rel.Test: 0.06690376102924347  abs.Test: 0.05527263045310974  abs.TestBoundary: 0j  time: 0.794625713955611
epoch252  rel.Train: 0.06648785924911499  rel.Test: 0.06515100419521332  abs.Test: 0.05382413923740387  abs.TestBoundary: 0j  time: 0.7941137850284576
epoch253  rel.Train: 0.06638623249530792  rel.Test: 0.06634114921092987  abs.Test: 0.05479084014892578  abs.TestBoundary: 0j  time: 0.7942919111810625
epoch254  rel.Train: 0.06551218831539155  rel.Test: 0.06340616106987  abs.Test: 0.05239472657442093  abs.TestBoundary: 0j  time: 0.7941042380407453
epoch255  rel.Train: 0.06519359993934631  rel.Test: 0.07074781477451325  abs.Test: 0.05842405259609222  abs.TestBoundary: 0j  time: 0.7941568391397595
epoch256  rel.Train: 0.0647326738834381  rel.Test: 0.06447866141796112  abs.Test: 0.05326259255409241  abs.TestBoundary: 0j  time: 0.7941504972986877
epoch257  rel.Train: 0.06418561494350433  rel.Test: 0.06807228505611419  abs.Test: 0.056257281899452206  abs.TestBoundary: 0j  time: 0.7949209669604897
epoch258  rel.Train: 0.06342579281330109  rel.Test: 0.06273874223232269  abs.Test: 0.05186689585447311  abs.TestBoundary: 0j  time: 0.7954361513257027
epoch259  rel.Train: 0.06303540247678757  rel.Test: 0.06682779014110565  abs.Test: 0.05518295407295227  abs.TestBoundary: 0j  time: 0.7942101540975273
epoch260  rel.Train: 0.06285143500566483  rel.Test: 0.06282945394515992  abs.Test: 0.051933833956718446  abs.TestBoundary: 0j  time: 0.7946937037631869
epoch261  rel.Train: 0.06317518955469131  rel.Test: 0.061300138235092165  abs.Test: 0.050637574791908266  abs.TestBoundary: 0j  time: 0.7958907335996628
epoch262  rel.Train: 0.062073325932025906  rel.Test: 0.06259463548660278  abs.Test: 0.05169875919818878  abs.TestBoundary: 0j  time: 0.793903689365834
epoch263  rel.Train: 0.062499194622039796  rel.Test: 0.060649542808532714  abs.Test: 0.05010966688394546  abs.TestBoundary: 0j  time: 0.7958160429261625
epoch264  rel.Train: 0.06115568006038666  rel.Test: 0.06021324396133423  abs.Test: 0.049724331498146056  abs.TestBoundary: 0j  time: 0.7955773840658367
epoch265  rel.Train: 0.060420305609703066  rel.Test: 0.060499917268753055  abs.Test: 0.04994242370128631  abs.TestBoundary: 0j  time: 0.7959391199983656
epoch266  rel.Train: 0.06148688191175461  rel.Test: 0.06325070261955261  abs.Test: 0.05220100104808807  abs.TestBoundary: 0j  time: 0.7951268027536571
epoch267  rel.Train: 0.0611189666390419  rel.Test: 0.06347510516643524  abs.Test: 0.052407307028770445  abs.TestBoundary: 0j  time: 0.7978799818083644
epoch268  rel.Train: 0.06010114932060242  rel.Test: 0.05834582448005676  abs.Test: 0.0482056000828743  abs.TestBoundary: 0j  time: 0.7968754777684808
epoch269  rel.Train: 0.05960943466424942  rel.Test: 0.06024582087993622  abs.Test: 0.04979378193616867  abs.TestBoundary: 0j  time: 0.7950180149637163
epoch270  rel.Train: 0.05964251554012299  rel.Test: 0.058866212964057925  abs.Test: 0.048630174994468686  abs.TestBoundary: 0j  time: 0.7967862491495907
epoch271  rel.Train: 0.05943825972080231  rel.Test: 0.058934589624404905  abs.Test: 0.048659019470214844  abs.TestBoundary: 0j  time: 0.7957292669452727
epoch272  rel.Train: 0.05934182685613632  rel.Test: 0.060460506081581114  abs.Test: 0.04997512996196747  abs.TestBoundary: 0j  time: 0.7952442341484129
epoch273  rel.Train: 0.059087451398372653  rel.Test: 0.05882840573787689  abs.Test: 0.048575539290904995  abs.TestBoundary: 0j  time: 0.7987957899458706
epoch274  rel.Train: 0.05810981172323227  rel.Test: 0.057626975178718565  abs.Test: 0.047582540512084964  abs.TestBoundary: 0j  time: 0.7959149689413607
epoch275  rel.Train: 0.05758552479743957  rel.Test: 0.058297615051269534  abs.Test: 0.04814299523830414  abs.TestBoundary: 0j  time: 0.7971496586687863
epoch276  rel.Train: 0.05770376312732697  rel.Test: 0.0580689412355423  abs.Test: 0.04798834025859833  abs.TestBoundary: 0j  time: 0.7970835417509079
epoch277  rel.Train: 0.05744361251592636  rel.Test: 0.058040070533752444  abs.Test: 0.047949296236038205  abs.TestBoundary: 0j  time: 0.7979251020587981
epoch278  rel.Train: 0.05800209033489227  rel.Test: 0.05604847967624664  abs.Test: 0.046322775483131406  abs.TestBoundary: 0j  time: 0.7981430757790804
epoch279  rel.Train: 0.05674419301748276  rel.Test: 0.061092042922973634  abs.Test: 0.05041941374540329  abs.TestBoundary: 0j  time: 0.7984997062012553
epoch280  rel.Train: 0.05664177930355072  rel.Test: 0.05798423051834106  abs.Test: 0.047899850606918336  abs.TestBoundary: 0j  time: 0.7974823010154068
epoch281  rel.Train: 0.0566687263250351  rel.Test: 0.05562338054180145  abs.Test: 0.04596274584531784  abs.TestBoundary: 0j  time: 0.7978136362507939
epoch282  rel.Train: 0.05604096567630768  rel.Test: 0.05570639193058014  abs.Test: 0.04600331872701645  abs.TestBoundary: 0j  time: 0.7971838563680649
epoch283  rel.Train: 0.05589795237779617  rel.Test: 0.05596091330051422  abs.Test: 0.04623993694782257  abs.TestBoundary: 0j  time: 0.7976948022842407
epoch284  rel.Train: 0.05617639493942261  rel.Test: 0.05549912929534912  abs.Test: 0.04586892545223236  abs.TestBoundary: 0j  time: 0.7988856611773372
epoch285  rel.Train: 0.05691052681207657  rel.Test: 0.059640899300575256  abs.Test: 0.04926903218030929  abs.TestBoundary: 0j  time: 0.7980558560229838
epoch286  rel.Train: 0.05594382700324058  rel.Test: 0.05474726438522339  abs.Test: 0.04523331701755524  abs.TestBoundary: 0j  time: 0.798795185983181
epoch287  rel.Train: 0.05482988178730011  rel.Test: 0.054012768268585205  abs.Test: 0.04463873863220215  abs.TestBoundary: 0j  time: 0.7984998309984803
epoch288  rel.Train: 0.0550896925330162  rel.Test: 0.05359585285186767  abs.Test: 0.04428265452384949  abs.TestBoundary: 0j  time: 0.7989209620282054
epoch289  rel.Train: 0.05529033422470093  rel.Test: 0.05559546053409577  abs.Test: 0.045940218567848204  abs.TestBoundary: 0j  time: 0.799059028737247
epoch290  rel.Train: 0.055221616744995115  rel.Test: 0.054570477604866025  abs.Test: 0.045091602206230166  abs.TestBoundary: 0j  time: 0.7982564540579915
epoch291  rel.Train: 0.054453336507081986  rel.Test: 0.05412628471851349  abs.Test: 0.04470301568508148  abs.TestBoundary: 0j  time: 0.7993358559906483
epoch292  rel.Train: 0.0540734349489212  rel.Test: 0.054900829195976254  abs.Test: 0.04537004590034485  abs.TestBoundary: 0j  time: 0.7991223898716271
epoch293  rel.Train: 0.05450374436378479  rel.Test: 0.05526582539081573  abs.Test: 0.04563639581203461  abs.TestBoundary: 0j  time: 0.7977065700106323
epoch294  rel.Train: 0.05360718774795532  rel.Test: 0.05510259568691254  abs.Test: 0.04551369071006775  abs.TestBoundary: 0j  time: 0.798391327727586
epoch295  rel.Train: 0.054329912841320036  rel.Test: 0.0532026070356369  abs.Test: 0.043953757584095005  abs.TestBoundary: 0j  time: 0.7986023989506066
epoch296  rel.Train: 0.053545814990997316  rel.Test: 0.052810502052307126  abs.Test: 0.043632559180259704  abs.TestBoundary: 0j  time: 0.7988677211105824
epoch297  rel.Train: 0.054823636353015896  rel.Test: 0.05799329817295074  abs.Test: 0.047874534726142885  abs.TestBoundary: 0j  time: 0.798870881088078
epoch298  rel.Train: 0.05438544252514839  rel.Test: 0.05770994484424591  abs.Test: 0.047659398913383486  abs.TestBoundary: 0j  time: 0.7988587711006403
epoch299  rel.Train: 0.05345836281776428  rel.Test: 0.05539063811302185  abs.Test: 0.04576812237501145  abs.TestBoundary: 0j  time: 0.7992952158674598
epoch300  rel.Train: 0.05385264128446579  rel.Test: 0.05204319715499878  abs.Test: 0.042982490062713624  abs.TestBoundary: 0j  time: 0.8000460071489215
epoch301  rel.Train: 0.05220808219909668  rel.Test: 0.05196503937244415  abs.Test: 0.0429268741607666  abs.TestBoundary: 0j  time: 0.7986928848549724
epoch302  rel.Train: 0.05336878532171249  rel.Test: 0.054711032509803775  abs.Test: 0.04518571674823761  abs.TestBoundary: 0j  time: 0.7999318079091609
epoch303  rel.Train: 0.05222950482368469  rel.Test: 0.05340778589248657  abs.Test: 0.04412231504917145  abs.TestBoundary: 0j  time: 0.7992017311044037
epoch304  rel.Train: 0.05229645359516144  rel.Test: 0.052963885068893435  abs.Test: 0.04373808801174164  abs.TestBoundary: 0j  time: 0.7995131579227746
epoch305  rel.Train: 0.05222902923822403  rel.Test: 0.051778287291526795  abs.Test: 0.04275882005691528  abs.TestBoundary: 0j  time: 0.7992963152937591
epoch306  rel.Train: 0.05204573249816895  rel.Test: 0.05108318984508514  abs.Test: 0.04218993782997131  abs.TestBoundary: 0j  time: 0.7998758070170879
epoch307  rel.Train: 0.05076936307549477  rel.Test: 0.05215114831924438  abs.Test: 0.04307399928569794  abs.TestBoundary: 0j  time: 0.7992928400635719
epoch308  rel.Train: 0.05118158358335495  rel.Test: 0.05381869614124298  abs.Test: 0.04447467476129532  abs.TestBoundary: 0j  time: 0.8003817619755864
epoch309  rel.Train: 0.05188025045394897  rel.Test: 0.05028974235057831  abs.Test: 0.041564085483551026  abs.TestBoundary: 0j  time: 0.800148996990174
epoch310  rel.Train: 0.05070551836490631  rel.Test: 0.050404411554336545  abs.Test: 0.041653100848197934  abs.TestBoundary: 0j  time: 0.8009158703498542
epoch311  rel.Train: 0.05031583750247955  rel.Test: 0.05011979401111603  abs.Test: 0.04140556812286377  abs.TestBoundary: 0j  time: 0.7985462499782443
epoch312  rel.Train: 0.05000402337312698  rel.Test: 0.049378592371940616  abs.Test: 0.04079753428697586  abs.TestBoundary: 0j  time: 0.8006783719174564
epoch313  rel.Train: 0.050065276503562926  rel.Test: 0.053792349100112914  abs.Test: 0.0444509956240654  abs.TestBoundary: 0j  time: 0.7991472687572241
epoch314  rel.Train: 0.05022025591135025  rel.Test: 0.048684219121932985  abs.Test: 0.04023168832063675  abs.TestBoundary: 0j  time: 0.7997001903131604
epoch315  rel.Train: 0.04884664940834045  rel.Test: 0.049178670644760135  abs.Test: 0.040621359944343564  abs.TestBoundary: 0j  time: 0.7989350720308721
epoch316  rel.Train: 0.049170974791049954  rel.Test: 0.048218729197978975  abs.Test: 0.039846445322036746  abs.TestBoundary: 0j  time: 0.7993033211678267
epoch317  rel.Train: 0.04864979583024979  rel.Test: 0.048687442541122436  abs.Test: 0.04021062970161438  abs.TestBoundary: 0j  time: 0.7993692657910287
epoch318  rel.Train: 0.04836923086643219  rel.Test: 0.048967864215373996  abs.Test: 0.040450491309165955  abs.TestBoundary: 0j  time: 0.7981531638652086
epoch319  rel.Train: 0.04806215703487396  rel.Test: 0.04944419264793396  abs.Test: 0.040868154168128966  abs.TestBoundary: 0j  time: 0.7995626190677285
epoch320  rel.Train: 0.04827242696285248  rel.Test: 0.04913760900497437  abs.Test: 0.040593396425247195  abs.TestBoundary: 0j  time: 0.7988027380779386
epoch321  rel.Train: 0.04740460988879204  rel.Test: 0.04761291265487671  abs.Test: 0.039319890141487124  abs.TestBoundary: 0j  time: 0.7974348259158432
epoch322  rel.Train: 0.04745112928748131  rel.Test: 0.048282959163188935  abs.Test: 0.03988563448190689  abs.TestBoundary: 0j  time: 0.7985841799527407
epoch323  rel.Train: 0.04686176842451096  rel.Test: 0.04714292645454407  abs.Test: 0.03893837749958038  abs.TestBoundary: 0j  time: 0.7977072880603373
epoch324  rel.Train: 0.04633978968858719  rel.Test: 0.047581636011600495  abs.Test: 0.039306387305259705  abs.TestBoundary: 0j  time: 0.7985259341076016
epoch325  rel.Train: 0.04681207835674286  rel.Test: 0.04670027017593384  abs.Test: 0.03859626471996307  abs.TestBoundary: 0j  time: 0.7988865557126701
epoch326  rel.Train: 0.04604239362478256  rel.Test: 0.046763906180858614  abs.Test: 0.03865104019641876  abs.TestBoundary: 0j  time: 0.7976792240515351
epoch327  rel.Train: 0.046449744462966916  rel.Test: 0.04615458309650421  abs.Test: 0.038131171464920045  abs.TestBoundary: 0j  time: 0.7986848731525242
epoch328  rel.Train: 0.0459558801651001  rel.Test: 0.04566639065742493  abs.Test: 0.037732077240943906  abs.TestBoundary: 0j  time: 0.7990216454491019
epoch329  rel.Train: 0.04528394919633865  rel.Test: 0.04552625894546509  abs.Test: 0.03760971575975418  abs.TestBoundary: 0j  time: 0.7981320386752486
epoch330  rel.Train: 0.04556881093978882  rel.Test: 0.04629125893115997  abs.Test: 0.03823345422744751  abs.TestBoundary: 0j  time: 0.798129796050489
epoch331  rel.Train: 0.04520895880460739  rel.Test: 0.04462338179349899  abs.Test: 0.03687244653701782  abs.TestBoundary: 0j  time: 0.7972026849165559
epoch332  rel.Train: 0.04454025542736054  rel.Test: 0.04578618735074997  abs.Test: 0.03783555805683136  abs.TestBoundary: 0j  time: 0.7990614818409085
epoch333  rel.Train: 0.04447791010141373  rel.Test: 0.046334031224250796  abs.Test: 0.038265788555145265  abs.TestBoundary: 0j  time: 0.796523577068001
epoch334  rel.Train: 0.04495939487218857  rel.Test: 0.0456089460849762  abs.Test: 0.03769017368555069  abs.TestBoundary: 0j  time: 0.7975419401191175
epoch335  rel.Train: 0.04437031269073486  rel.Test: 0.04544134974479675  abs.Test: 0.03753823578357696  abs.TestBoundary: 0j  time: 0.7971272957511246
epoch336  rel.Train: 0.04389626848697662  rel.Test: 0.04518910050392151  abs.Test: 0.0373312258720398  abs.TestBoundary: 0j  time: 0.7969229025766253
epoch337  rel.Train: 0.04402286133170128  rel.Test: 0.045048872232437136  abs.Test: 0.03723073601722717  abs.TestBoundary: 0j  time: 0.7962230839766562
epoch338  rel.Train: 0.04425699856877327  rel.Test: 0.04391597032546997  abs.Test: 0.03628323197364807  abs.TestBoundary: 0j  time: 0.7975173639133573
epoch339  rel.Train: 0.04332378256320953  rel.Test: 0.04349073052406311  abs.Test: 0.03593343734741211  abs.TestBoundary: 0j  time: 0.7969308840110898
epoch340  rel.Train: 0.04357410591840744  rel.Test: 0.04303412556648254  abs.Test: 0.035557213425636294  abs.TestBoundary: 0j  time: 0.7978793680667877
epoch341  rel.Train: 0.04262915551662445  rel.Test: 0.04336809575557709  abs.Test: 0.03583525359630585  abs.TestBoundary: 0j  time: 0.7967317439615726
epoch342  rel.Train: 0.04291589879989624  rel.Test: 0.0432755982875824  abs.Test: 0.03576253414154053  abs.TestBoundary: 0j  time: 0.7969572497531772
epoch343  rel.Train: 0.042705124497413635  rel.Test: 0.044172234535217285  abs.Test: 0.036495089530944824  abs.TestBoundary: 0j  time: 0.7968262559734285
epoch344  rel.Train: 0.0429243993461132  rel.Test: 0.044099147319793704  abs.Test: 0.03644047260284424  abs.TestBoundary: 0j  time: 0.7967596529051661
epoch345  rel.Train: 0.04279761117696762  rel.Test: 0.043300207257270816  abs.Test: 0.03576649785041809  abs.TestBoundary: 0j  time: 0.7954961280338466
epoch346  rel.Train: 0.0421702723801136  rel.Test: 0.042867794036865234  abs.Test: 0.035416917204856874  abs.TestBoundary: 0j  time: 0.7966337190009654
epoch347  rel.Train: 0.04206749683618546  rel.Test: 0.042831533551216126  abs.Test: 0.035384071469306944  abs.TestBoundary: 0j  time: 0.7958161318674684
epoch348  rel.Train: 0.041739037781953814  rel.Test: 0.04229978382587433  abs.Test: 0.03495307922363281  abs.TestBoundary: 0j  time: 0.7958538280799985
epoch349  rel.Train: 0.04130333405733109  rel.Test: 0.04188298523426056  abs.Test: 0.03460531532764435  abs.TestBoundary: 0j  time: 0.7965535032562912
epoch350  rel.Train: 0.04131288287043571  rel.Test: 0.041306703090667723  abs.Test: 0.03413760364055633  abs.TestBoundary: 0j  time: 0.7961976327933371
epoch351  rel.Train: 0.04135917529463768  rel.Test: 0.04124639600515365  abs.Test: 0.03408364653587341  abs.TestBoundary: 0j  time: 0.7939360290765762
epoch352  rel.Train: 0.04101999053359032  rel.Test: 0.041630067229270935  abs.Test: 0.034405220746994016  abs.TestBoundary: 0j  time: 0.7964278510771692
epoch353  rel.Train: 0.04100633803009987  rel.Test: 0.040940839946269986  abs.Test: 0.03383453071117401  abs.TestBoundary: 0j  time: 0.7945337709970772
epoch354  rel.Train: 0.0408039203286171  rel.Test: 0.04178328812122345  abs.Test: 0.03452375590801239  abs.TestBoundary: 0j  time: 0.7944782427512109
epoch355  rel.Train: 0.04081913843750953  rel.Test: 0.04207509130239487  abs.Test: 0.03477699935436249  abs.TestBoundary: 0j  time: 0.7953508468344808
epoch356  rel.Train: 0.041061404824256895  rel.Test: 0.042318472862243654  abs.Test: 0.034961671233177186  abs.TestBoundary: 0j  time: 0.7947083408944309
epoch357  rel.Train: 0.04085811963677406  rel.Test: 0.04094530284404754  abs.Test: 0.033838903605937956  abs.TestBoundary: 0j  time: 0.7950586169026792
epoch358  rel.Train: 0.04039916625618935  rel.Test: 0.04062863528728485  abs.Test: 0.033571827411651614  abs.TestBoundary: 0j  time: 0.7940399833023548
epoch359  rel.Train: 0.04041337686777115  rel.Test: 0.041727641820907595  abs.Test: 0.034483037889003754  abs.TestBoundary: 0j  time: 0.7945312010124326
epoch360  rel.Train: 0.04013832116127014  rel.Test: 0.039764576852321626  abs.Test: 0.03285889714956283  abs.TestBoundary: 0j  time: 0.7935909908264875
epoch361  rel.Train: 0.04007794535160065  rel.Test: 0.040117411613464354  abs.Test: 0.033147558867931366  abs.TestBoundary: 0j  time: 0.7940397248603404
epoch362  rel.Train: 0.03987289613485336  rel.Test: 0.04098159432411194  abs.Test: 0.033859198093414304  abs.TestBoundary: 0j  time: 0.7940820390358567
epoch363  rel.Train: 0.039611726611852645  rel.Test: 0.04051811188459396  abs.Test: 0.03347736030817032  abs.TestBoundary: 0j  time: 0.7934827748686075
epoch364  rel.Train: 0.039647653698921204  rel.Test: 0.039601590931415555  abs.Test: 0.032728371322154996  abs.TestBoundary: 0j  time: 0.7941719857044518
epoch365  rel.Train: 0.03930807304382324  rel.Test: 0.03952208697795868  abs.Test: 0.03266657769680023  abs.TestBoundary: 0j  time: 0.7935983361676335
epoch366  rel.Train: 0.039292838484048846  rel.Test: 0.03919406652450561  abs.Test: 0.032392238080501554  abs.TestBoundary: 0j  time: 0.7941925190389156
epoch367  rel.Train: 0.03909227642416954  rel.Test: 0.03933221280574799  abs.Test: 0.03250440448522568  abs.TestBoundary: 0j  time: 0.7943457621149719
epoch368  rel.Train: 0.03896987310051918  rel.Test: 0.03957036912441254  abs.Test: 0.03269363760948181  abs.TestBoundary: 0j  time: 0.792919599916786
epoch369  rel.Train: 0.03921218478679657  rel.Test: 0.03941295057535171  abs.Test: 0.03257209211587906  abs.TestBoundary: 0j  time: 0.7942100963555276
epoch370  rel.Train: 0.03921420443058014  rel.Test: 0.038952265381813046  abs.Test: 0.032192046344280245  abs.TestBoundary: 0j  time: 0.7936954400502145
epoch371  rel.Train: 0.038673558831214906  rel.Test: 0.03968294709920883  abs.Test: 0.03279210686683655  abs.TestBoundary: 0j  time: 0.7947965855710208
epoch372  rel.Train: 0.038940074801445006  rel.Test: 0.038827145099639894  abs.Test: 0.0320819491147995  abs.TestBoundary: 0j  time: 0.7936911550350487
epoch373  rel.Train: 0.03896479833126068  rel.Test: 0.03872555673122406  abs.Test: 0.03200159817934036  abs.TestBoundary: 0j  time: 0.7928868229500949
epoch374  rel.Train: 0.03850848284363747  rel.Test: 0.039494657516479494  abs.Test: 0.0326369845867157  abs.TestBoundary: 0j  time: 0.7935789902694523
epoch375  rel.Train: 0.03848079657554627  rel.Test: 0.03866982698440552  abs.Test: 0.031954113543033597  abs.TestBoundary: 0j  time: 0.794156561139971
epoch376  rel.Train: 0.0383855371773243  rel.Test: 0.039460100531578064  abs.Test: 0.032604087889194486  abs.TestBoundary: 0j  time: 0.7938387063331902
epoch377  rel.Train: 0.03868713495135307  rel.Test: 0.039211352467536924  abs.Test: 0.032407634258270264  abs.TestBoundary: 0j  time: 0.7940065660513937
epoch378  rel.Train: 0.038395086348056794  rel.Test: 0.0382027605175972  abs.Test: 0.031576584279537204  abs.TestBoundary: 0j  time: 0.7935137092135847
epoch379  rel.Train: 0.03804870027303696  rel.Test: 0.03820680916309357  abs.Test: 0.03157271027565003  abs.TestBoundary: 0j  time: 0.7943767211399972
epoch380  rel.Train: 0.037898269593715665  rel.Test: 0.038734646141529085  abs.Test: 0.03201983988285065  abs.TestBoundary: 0j  time: 0.793591127730906
epoch381  rel.Train: 0.03808967840671539  rel.Test: 0.03878360986709595  abs.Test: 0.032050418555736544  abs.TestBoundary: 0j  time: 0.7937492150813341
epoch382  rel.Train: 0.03782940411567688  rel.Test: 0.03848787546157837  abs.Test: 0.031808418333530424  abs.TestBoundary: 0j  time: 0.793924551922828
epoch383  rel.Train: 0.03803437477350235  rel.Test: 0.03909685134887695  abs.Test: 0.03230431348085403  abs.TestBoundary: 0j  time: 0.7932252511382103
epoch384  rel.Train: 0.03799824500083923  rel.Test: 0.037770229876041415  abs.Test: 0.03121124655008316  abs.TestBoundary: 0j  time: 0.7953519211150706
epoch385  rel.Train: 0.03777549132704735  rel.Test: 0.03772542595863342  abs.Test: 0.031177995800971983  abs.TestBoundary: 0j  time: 0.7929698983207345
epoch386  rel.Train: 0.03751893615722656  rel.Test: 0.037962446808815005  abs.Test: 0.03136698484420777  abs.TestBoundary: 0j  time: 0.7937078359536827
epoch387  rel.Train: 0.037444812417030335  rel.Test: 0.03788299292325974  abs.Test: 0.031310056447982786  abs.TestBoundary: 0j  time: 0.7937875529751182
epoch388  rel.Train: 0.03743629482388496  rel.Test: 0.03766459673643112  abs.Test: 0.031121080219745637  abs.TestBoundary: 0j  time: 0.7933157300576568
epoch389  rel.Train: 0.037450767695903775  rel.Test: 0.039027270078659054  abs.Test: 0.03225289076566696  abs.TestBoundary: 0j  time: 0.7938757492229342
epoch390  rel.Train: 0.037539570808410645  rel.Test: 0.0372244930267334  abs.Test: 0.0307651886343956  abs.TestBoundary: 0j  time: 0.7936585880815983
epoch391  rel.Train: 0.0371463121175766  rel.Test: 0.037649866938591  abs.Test: 0.03111175000667572  abs.TestBoundary: 0j  time: 0.7937932591885328
epoch392  rel.Train: 0.03701584979891777  rel.Test: 0.03709248512983322  abs.Test: 0.03065504163503647  abs.TestBoundary: 0j  time: 0.7943522119894624
epoch393  rel.Train: 0.03695484972000122  rel.Test: 0.03719615548849106  abs.Test: 0.030737984776496887  abs.TestBoundary: 0j  time: 0.7926031849347055
epoch394  rel.Train: 0.03708587744832039  rel.Test: 0.03747675091028214  abs.Test: 0.03097287505865097  abs.TestBoundary: 0j  time: 0.7942893807776272
epoch395  rel.Train: 0.03698785826563835  rel.Test: 0.03796973794698715  abs.Test: 0.031379454433918  abs.TestBoundary: 0j  time: 0.7925114729441702
epoch396  rel.Train: 0.03693975085020065  rel.Test: 0.037130225896835324  abs.Test: 0.030692399442195893  abs.TestBoundary: 0j  time: 0.7936046947725117
epoch397  rel.Train: 0.037059292912483215  rel.Test: 0.039164735972881316  abs.Test: 0.03236936718225479  abs.TestBoundary: 0j  time: 0.7938174400478601
epoch398  rel.Train: 0.037192806363105776  rel.Test: 0.03744943797588349  abs.Test: 0.030950486361980438  abs.TestBoundary: 0j  time: 0.7935561840422451
epoch399  rel.Train: 0.03670819658041  rel.Test: 0.03714266538619995  abs.Test: 0.030691780149936676  abs.TestBoundary: 0j  time: 0.7949480609968305
epoch400  rel.Train: 0.036524121463298795  rel.Test: 0.03717615813016892  abs.Test: 0.030721849501132964  abs.TestBoundary: 0j  time: 0.7928632129915059
epoch401  rel.Train: 0.036530643552541736  rel.Test: 0.036799073815345765  abs.Test: 0.030416599810123443  abs.TestBoundary: 0j  time: 0.7932909531518817
epoch402  rel.Train: 0.03646439814567566  rel.Test: 0.03674197673797607  abs.Test: 0.030363629460334777  abs.TestBoundary: 0j  time: 0.7936432831920683
epoch403  rel.Train: 0.03634215748310089  rel.Test: 0.03668456345796585  abs.Test: 0.03031498730182648  abs.TestBoundary: 0j  time: 0.7934784260578454
epoch404  rel.Train: 0.03627215126156807  rel.Test: 0.03646354615688324  abs.Test: 0.030135430693626404  abs.TestBoundary: 0j  time: 0.7936588567681611
epoch405  rel.Train: 0.036244348466396334  rel.Test: 0.036247420310974124  abs.Test: 0.02995748370885849  abs.TestBoundary: 0j  time: 0.7939111241139472
epoch406  rel.Train: 0.0361388344168663  rel.Test: 0.03629509568214417  abs.Test: 0.029999056458473207  abs.TestBoundary: 0j  time: 0.7935704281553626
epoch407  rel.Train: 0.036105445206165314  rel.Test: 0.03655555725097656  abs.Test: 0.030213689208030702  abs.TestBoundary: 0j  time: 0.7937175510451198
epoch408  rel.Train: 0.036017391681671146  rel.Test: 0.036255662143230435  abs.Test: 0.029965189993381502  abs.TestBoundary: 0j  time: 0.7935102758929133
epoch409  rel.Train: 0.0360665243268013  rel.Test: 0.036413032412528995  abs.Test: 0.03009052813053131  abs.TestBoundary: 0j  time: 0.7945887907408178
epoch410  rel.Train: 0.03650743868947029  rel.Test: 0.03857540905475616  abs.Test: 0.03187755316495895  abs.TestBoundary: 0j  time: 0.7936365068890154
epoch411  rel.Train: 0.03651921099424362  rel.Test: 0.036253202557563785  abs.Test: 0.02995968669652939  abs.TestBoundary: 0j  time: 0.7934320452623069
epoch412  rel.Train: 0.035993959426879885  rel.Test: 0.036019556522369385  abs.Test: 0.029769131541252138  abs.TestBoundary: 0j  time: 0.7942112716846168
epoch413  rel.Train: 0.03591915133595466  rel.Test: 0.03609664797782898  abs.Test: 0.02983257383108139  abs.TestBoundary: 0j  time: 0.7944493447430432
epoch414  rel.Train: 0.0357450832426548  rel.Test: 0.03586301535367966  abs.Test: 0.02964418411254883  abs.TestBoundary: 0j  time: 0.794007773976773
epoch415  rel.Train: 0.03581470710039139  rel.Test: 0.035860798954963684  abs.Test: 0.029636120498180388  abs.TestBoundary: 0j  time: 0.7936554229818285
epoch416  rel.Train: 0.03569461351633072  rel.Test: 0.036167701482772825  abs.Test: 0.029890588521957397  abs.TestBoundary: 0j  time: 0.7939401497133076
epoch417  rel.Train: 0.03576079225540161  rel.Test: 0.03601053506135941  abs.Test: 0.02975902646780014  abs.TestBoundary: 0j  time: 0.7937583196908236
epoch418  rel.Train: 0.035791568726301196  rel.Test: 0.03571466088294983  abs.Test: 0.02951774686574936  abs.TestBoundary: 0j  time: 0.7935537160374224
epoch419  rel.Train: 0.03569634920358658  rel.Test: 0.03578551560640335  abs.Test: 0.02957767277956009  abs.TestBoundary: 0j  time: 0.7946236040443182
epoch420  rel.Train: 0.035703344106674195  rel.Test: 0.035651747584342953  abs.Test: 0.02946509897708893  abs.TestBoundary: 0j  time: 0.7931094719097018
epoch421  rel.Train: 0.035635242998600006  rel.Test: 0.035920036435127256  abs.Test: 0.02968942254781723  abs.TestBoundary: 0j  time: 0.7936347951181233
epoch422  rel.Train: 0.03550258412957191  rel.Test: 0.035480349361896514  abs.Test: 0.02932648539543152  abs.TestBoundary: 0j  time: 0.7937551499344409
epoch423  rel.Train: 0.035444029211997984  rel.Test: 0.03562156438827515  abs.Test: 0.029438464939594268  abs.TestBoundary: 0j  time: 0.7928362977690995
epoch424  rel.Train: 0.035493845224380496  rel.Test: 0.035678019523620604  abs.Test: 0.029488117396831513  abs.TestBoundary: 0j  time: 0.7941412720829248
epoch425  rel.Train: 0.03532989948987961  rel.Test: 0.03572433203458786  abs.Test: 0.029523618519306183  abs.TestBoundary: 0j  time: 0.7932236143387854
epoch426  rel.Train: 0.03538519084453583  rel.Test: 0.03582459717988968  abs.Test: 0.02960515409708023  abs.TestBoundary: 0j  time: 0.7935827756300569
epoch427  rel.Train: 0.03531764250993728  rel.Test: 0.03535156786441803  abs.Test: 0.02921919971704483  abs.TestBoundary: 0j  time: 0.7944669998250902
epoch428  rel.Train: 0.035318806171417236  rel.Test: 0.03551681518554688  abs.Test: 0.02935232549905777  abs.TestBoundary: 0j  time: 0.7939455797895789
epoch429  rel.Train: 0.0352085537314415  rel.Test: 0.035324825048446654  abs.Test: 0.02919376105070114  abs.TestBoundary: 0j  time: 0.7940221829339862
epoch430  rel.Train: 0.03519341167807579  rel.Test: 0.035361223816871644  abs.Test: 0.029226580262184144  abs.TestBoundary: 0j  time: 0.7931847972795367
epoch431  rel.Train: 0.03532332763075829  rel.Test: 0.035799408555030825  abs.Test: 0.029586922526359558  abs.TestBoundary: 0j  time: 0.7939141360111535
epoch432  rel.Train: 0.035188874304294585  rel.Test: 0.035435434877872464  abs.Test: 0.029287311434745788  abs.TestBoundary: 0j  time: 0.7937698010355234
epoch433  rel.Train: 0.03505794063210487  rel.Test: 0.03531353712081909  abs.Test: 0.0291836217045784  abs.TestBoundary: 0j  time: 0.7954019019380212
epoch434  rel.Train: 0.03520137175917625  rel.Test: 0.03516585141420364  abs.Test: 0.02906677156686783  abs.TestBoundary: 0j  time: 0.7944215796887875
epoch435  rel.Train: 0.03504263499379158  rel.Test: 0.035296083092689515  abs.Test: 0.029173691272735596  abs.TestBoundary: 0j  time: 0.7933964505791664
epoch436  rel.Train: 0.03499448025226593  rel.Test: 0.03524459958076477  abs.Test: 0.02913121283054352  abs.TestBoundary: 0j  time: 0.7945172847248614
epoch437  rel.Train: 0.03500094476342201  rel.Test: 0.03522008687257767  abs.Test: 0.029108978509902954  abs.TestBoundary: 0j  time: 0.7934765042737126
epoch438  rel.Train: 0.03506830555200577  rel.Test: 0.03524114668369293  abs.Test: 0.029128259122371672  abs.TestBoundary: 0j  time: 0.7928869146853685
epoch439  rel.Train: 0.03499004292488098  rel.Test: 0.035110364556312564  abs.Test: 0.029019595682621004  abs.TestBoundary: 0j  time: 0.7941989810205996
epoch440  rel.Train: 0.034886132955551145  rel.Test: 0.03515082210302353  abs.Test: 0.02905193865299225  abs.TestBoundary: 0j  time: 0.7932778908871114
epoch441  rel.Train: 0.0348850202858448  rel.Test: 0.03544194281101227  abs.Test: 0.029289877414703368  abs.TestBoundary: 0j  time: 0.7960806600749493
epoch442  rel.Train: 0.035052296102046965  rel.Test: 0.03538835942745209  abs.Test: 0.029246436059474946  abs.TestBoundary: 0j  time: 0.793758250772953
epoch443  rel.Train: 0.03508176499605179  rel.Test: 0.034994502067565915  abs.Test: 0.028923075199127197  abs.TestBoundary: 0j  time: 0.7941935029812157
epoch444  rel.Train: 0.03492762351036072  rel.Test: 0.03509423911571503  abs.Test: 0.029004150927066805  abs.TestBoundary: 0j  time: 0.7940163570456207
epoch445  rel.Train: 0.03492463481426239  rel.Test: 0.03494332849979401  abs.Test: 0.028883895874023437  abs.TestBoundary: 0j  time: 0.793862430844456
epoch446  rel.Train: 0.034793563723564146  rel.Test: 0.03490636706352234  abs.Test: 0.028851125836372376  abs.TestBoundary: 0j  time: 0.7939862152561545
epoch447  rel.Train: 0.034715736091136935  rel.Test: 0.03490069210529327  abs.Test: 0.02884636342525482  abs.TestBoundary: 0j  time: 0.7939414768479764
epoch448  rel.Train: 0.03478102910518646  rel.Test: 0.035015438497066495  abs.Test: 0.02893975645303726  abs.TestBoundary: 0j  time: 0.7940759719349444
epoch449  rel.Train: 0.0347820817232132  rel.Test: 0.03516333103179932  abs.Test: 0.029062799513339996  abs.TestBoundary: 0j  time: 0.793934368994087
epoch450  rel.Train: 0.03471926027536392  rel.Test: 0.035006199479103085  abs.Test: 0.02893243223428726  abs.TestBoundary: 0j  time: 0.7937249159440398
epoch451  rel.Train: 0.034868457406759264  rel.Test: 0.034846558570861816  abs.Test: 0.028800897300243378  abs.TestBoundary: 0j  time: 0.794395278673619
epoch452  rel.Train: 0.03471482589840889  rel.Test: 0.03516531705856323  abs.Test: 0.02906229317188263  abs.TestBoundary: 0j  time: 0.7934082360006869
epoch453  rel.Train: 0.03466840463876724  rel.Test: 0.0347745418548584  abs.Test: 0.028743432462215425  abs.TestBoundary: 0j  time: 0.7943448298610747
epoch454  rel.Train: 0.034605154007673264  rel.Test: 0.034818058907985686  abs.Test: 0.028776835203170776  abs.TestBoundary: 0j  time: 0.7938080253079534
epoch455  rel.Train: 0.034627312511205675  rel.Test: 0.03488137364387512  abs.Test: 0.028827231228351593  abs.TestBoundary: 0j  time: 0.7943711359985173
epoch456  rel.Train: 0.03465884420275688  rel.Test: 0.0348395299911499  abs.Test: 0.02879497230052948  abs.TestBoundary: 0j  time: 0.7947726720012724
epoch457  rel.Train: 0.03471848627924919  rel.Test: 0.03503499090671539  abs.Test: 0.02895481199026108  abs.TestBoundary: 0j  time: 0.793773615732789
epoch458  rel.Train: 0.03459259551763535  rel.Test: 0.034690877497196196  abs.Test: 0.0286722931265831  abs.TestBoundary: 0j  time: 0.7938489699736238
epoch459  rel.Train: 0.034682664871215824  rel.Test: 0.03478310436010361  abs.Test: 0.028747378885746  abs.TestBoundary: 0j  time: 0.7943735923618078
epoch460  rel.Train: 0.03450129109621048  rel.Test: 0.03488877475261688  abs.Test: 0.028834937512874602  abs.TestBoundary: 0j  time: 0.7946914569474757
epoch461  rel.Train: 0.034574175029993055  rel.Test: 0.03473083674907684  abs.Test: 0.028703705966472627  abs.TestBoundary: 0j  time: 0.7933854460716248
epoch462  rel.Train: 0.03450339251756668  rel.Test: 0.03473416119813919  abs.Test: 0.028709501326084137  abs.TestBoundary: 0j  time: 0.7944537801668048
epoch463  rel.Train: 0.03454592597484589  rel.Test: 0.034805673956871036  abs.Test: 0.02876856118440628  abs.TestBoundary: 0j  time: 0.7937349961139262
epoch464  rel.Train: 0.034524011462926864  rel.Test: 0.03469127774238587  abs.Test: 0.028672420978546144  abs.TestBoundary: 0j  time: 0.7941203000955284
epoch465  rel.Train: 0.03446268802881241  rel.Test: 0.03460960119962692  abs.Test: 0.02860532492399216  abs.TestBoundary: 0j  time: 0.7941777189262211
epoch466  rel.Train: 0.03442497417330742  rel.Test: 0.03459465801715851  abs.Test: 0.028592373728752136  abs.TestBoundary: 0j  time: 0.7941524321213365
epoch467  rel.Train: 0.03445809602737427  rel.Test: 0.034589407742023466  abs.Test: 0.028588530719280244  abs.TestBoundary: 0j  time: 0.7953551756218076
epoch468  rel.Train: 0.0344169842004776  rel.Test: 0.03464731395244598  abs.Test: 0.028638707995414733  abs.TestBoundary: 0j  time: 0.7943490906618536
epoch469  rel.Train: 0.034406689703464506  rel.Test: 0.03461318045854569  abs.Test: 0.02860782504081726  abs.TestBoundary: 0j  time: 0.7950563728809357
epoch470  rel.Train: 0.03441422456502914  rel.Test: 0.03459753096103668  abs.Test: 0.02859517276287079  abs.TestBoundary: 0j  time: 0.7955989362671971
epoch471  rel.Train: 0.034370641708374026  rel.Test: 0.0346498641371727  abs.Test: 0.02863858938217163  abs.TestBoundary: 0j  time: 0.7942244969308376
epoch472  rel.Train: 0.034389509916305544  rel.Test: 0.034719901978969576  abs.Test: 0.02869543671607971  abs.TestBoundary: 0j  time: 0.7945183175615966
epoch473  rel.Train: 0.03440209650993347  rel.Test: 0.034757767915725706  abs.Test: 0.028727299869060516  abs.TestBoundary: 0j  time: 0.7942350683733821
epoch474  rel.Train: 0.03434791642427444  rel.Test: 0.034600257873535156  abs.Test: 0.028598021268844604  abs.TestBoundary: 0j  time: 0.7975173713639379
epoch475  rel.Train: 0.034373952746391295  rel.Test: 0.03461437821388245  abs.Test: 0.028610603213310243  abs.TestBoundary: 0j  time: 0.7970228660851717
epoch476  rel.Train: 0.03433302667737007  rel.Test: 0.03455702304840088  abs.Test: 0.028561731874942778  abs.TestBoundary: 0j  time: 0.794415479991585
epoch477  rel.Train: 0.034323899507522584  rel.Test: 0.03462483465671539  abs.Test: 0.0286180979013443  abs.TestBoundary: 0j  time: 0.7946765678934753
epoch478  rel.Train: 0.034311282455921174  rel.Test: 0.03453718036413193  abs.Test: 0.02854454517364502  abs.TestBoundary: 0j  time: 0.7946343231014907
epoch479  rel.Train: 0.034314880847930905  rel.Test: 0.03465976297855377  abs.Test: 0.028647535741329194  abs.TestBoundary: 0j  time: 0.7953508887439966
epoch480  rel.Train: 0.03433641070127487  rel.Test: 0.03458166003227234  abs.Test: 0.02858292132616043  abs.TestBoundary: 0j  time: 0.7957342420704663
epoch481  rel.Train: 0.034314508855342866  rel.Test: 0.03455743908882141  abs.Test: 0.028562445044517517  abs.TestBoundary: 0j  time: 0.7958835898898542
epoch482  rel.Train: 0.03431549173593521  rel.Test: 0.03451149463653565  abs.Test: 0.02852507084608078  abs.TestBoundary: 0j  time: 0.7946876673959196
epoch483  rel.Train: 0.03430951955914498  rel.Test: 0.03451372712850571  abs.Test: 0.028525928556919097  abs.TestBoundary: 0j  time: 0.7947056889533997
epoch484  rel.Train: 0.034303648352622985  rel.Test: 0.03450942426919937  abs.Test: 0.02852294236421585  abs.TestBoundary: 0j  time: 0.7977015823125839
epoch485  rel.Train: 0.034283418983221056  rel.Test: 0.03453614711761475  abs.Test: 0.02854430228471756  abs.TestBoundary: 0j  time: 0.795079437084496
epoch486  rel.Train: 0.03428877308964729  rel.Test: 0.03455131322145462  abs.Test: 0.028556175231933593  abs.TestBoundary: 0j  time: 0.7947894302196801
epoch487  rel.Train: 0.03428176361322403  rel.Test: 0.03452433496713638  abs.Test: 0.028534749150276185  abs.TestBoundary: 0j  time: 0.7963510579429567
epoch488  rel.Train: 0.03426604825258255  rel.Test: 0.03450945854187012  abs.Test: 0.028522668182849886  abs.TestBoundary: 0j  time: 0.7950144172646105
epoch489  rel.Train: 0.0342710799574852  rel.Test: 0.03448821932077408  abs.Test: 0.028504917621612547  abs.TestBoundary: 0j  time: 0.7970776669681072
epoch490  rel.Train: 0.03426191580295563  rel.Test: 0.034550469219684604  abs.Test: 0.028556562960147858  abs.TestBoundary: 0j  time: 0.7961061391979456
epoch491  rel.Train: 0.0342695070207119  rel.Test: 0.03451132655143738  abs.Test: 0.028523147106170654  abs.TestBoundary: 0j  time: 0.796640217769891
epoch492  rel.Train: 0.034264699459075926  rel.Test: 0.03452334344387054  abs.Test: 0.028534279465675355  abs.TestBoundary: 0j  time: 0.7990743140690029
epoch493  rel.Train: 0.03426119714975357  rel.Test: 0.03449180781841278  abs.Test: 0.028507374823093415  abs.TestBoundary: 0j  time: 0.7989595802500844
epoch494  rel.Train: 0.03426859372854233  rel.Test: 0.03453983902931213  abs.Test: 0.02854816198348999  abs.TestBoundary: 0j  time: 0.7958075068891048
epoch495  rel.Train: 0.0342520409822464  rel.Test: 0.03447602272033692  abs.Test: 0.02849480390548706  abs.TestBoundary: 0j  time: 0.7977455169893801
epoch496  rel.Train: 0.03424295449256897  rel.Test: 0.03447598785161972  abs.Test: 0.028495213985443114  abs.TestBoundary: 0j  time: 0.7968596550635993
epoch497  rel.Train: 0.03424174153804779  rel.Test: 0.03449060559272766  abs.Test: 0.028506466746330263  abs.TestBoundary: 0j  time: 0.7975134556181729
epoch498  rel.Train: 0.034248484015464785  rel.Test: 0.034478896856307985  abs.Test: 0.028497693836688997  abs.TestBoundary: 0j  time: 0.7985790469683707
epoch499  rel.Train: 0.03424759691953659  rel.Test: 0.03453775703907013  abs.Test: 0.028545256853103638  abs.TestBoundary: 0j  time: 0.7969725946895778
