original data: in (1324, 421, 421) out (1324, 421, 421)
used data: x_train (1000, 44521, 3) y_train (1000, 44521, 1) x_test (200, 44521, 3) y_test (200, 44521, 1)
############################################################ config of data ############################################################
type: normal
L: 1.0
downsample_ratio: 2
n_train: 1000
n_test: 200
pca_include_input: False
pca_include_grid: False
should_include_F: False
should_flatten: True
should_compute_bases: True
############################################################ config of model ############################################################
in_dim: 3
out_dim: 1
fc_channels: 128
layer_channels: [128, 128, 128, 128, 128]
layer_types: ['GalerkinConv', 'GalerkinConv', 'GalerkinConv', 'GalerkinConv']
act: gelu
should_residual: [False, False, False, False]
modes_gk: [512, 512, 512, 512]
bases_types: ['fourier', 'fourier', 'fourier', 'fourier']
wbases_types: ['fourier', 'fourier', 'fourier', 'fourier']
green_types: ['DiagLrGreen', 'DiagLrGreen', 'DiagLrGreen', 'DiagLrGreen']
ranks_h: [8, 8, 8, 8]
levels: [4, 4, 4, 4]
ranks_d: [2, 2, 2, 2]
heads: [4, 4, 4, 4]
############################################################ config of train ############################################################
device: cuda
normalization_x: True
normalization_y: True
normalization_dim: []
epochs: 500
batch_size: 8
scheduler: OneCycleLR
base_lr: 0.001
weight_decay: 0.0001
milestones: None
scheduler_gamma: None
############################################################ Start Training ############################################################
number of parameters is 4277505
no boundary loss
epoch0  rel.Train: 0.4885555536746979  rel.Test: 0.3709247386455536  abs.Test: 0.002509694183245301  abs.TestBoundary: 0j  time: 20.31827892500587
epoch1  rel.Train: 0.33798900854587555  rel.Test: 0.30057645559310914  abs.Test: 0.002027522656135261  abs.TestBoundary: 0j  time: 9.42991172499751
epoch2  rel.Train: 0.2790190703868866  rel.Test: 0.2609408462047577  abs.Test: 0.001758802467957139  abs.TestBoundary: 0j  time: 9.44126130299992
epoch3  rel.Train: 0.24623443734645845  rel.Test: 0.24349534571170806  abs.Test: 0.0016387735353782774  abs.TestBoundary: 0j  time: 9.463160372004495
epoch4  rel.Train: 0.22080745375156402  rel.Test: 0.2318958806991577  abs.Test: 0.00156446838285774  abs.TestBoundary: 0j  time: 9.467546498999582
epoch5  rel.Train: 0.1966792529821396  rel.Test: 0.21347780406475067  abs.Test: 0.0014288649684749543  abs.TestBoundary: 0j  time: 9.483791145001305
epoch6  rel.Train: 0.17543871688842774  rel.Test: 0.1998834267258644  abs.Test: 0.0013491703080944716  abs.TestBoundary: 0j  time: 9.486846002000675
epoch7  rel.Train: 0.1540925595164299  rel.Test: 0.19304511100053787  abs.Test: 0.0013027162034995854  abs.TestBoundary: 0j  time: 9.493348458003311
epoch8  rel.Train: 0.13942628502845764  rel.Test: 0.18078456997871398  abs.Test: 0.0012068704795092345  abs.TestBoundary: 0j  time: 9.498490564998065
epoch9  rel.Train: 0.12464822503924369  rel.Test: 0.17288855582475662  abs.Test: 0.0011609136452898382  abs.TestBoundary: 0j  time: 9.502048147995083
epoch10  rel.Train: 0.11188631951808929  rel.Test: 0.17042607367038726  abs.Test: 0.001142863822169602  abs.TestBoundary: 0j  time: 9.511498715997732
epoch11  rel.Train: 0.10423116892576217  rel.Test: 0.16376621693372725  abs.Test: 0.0010930877062492073  abs.TestBoundary: 0j  time: 9.524297968004248
epoch12  rel.Train: 0.08920738890767098  rel.Test: 0.16386276185512544  abs.Test: 0.0010931819980032741  abs.TestBoundary: 0j  time: 9.522764161003579
epoch13  rel.Train: 0.08225064474344254  rel.Test: 0.1588992553949356  abs.Test: 0.0010609145101625472  abs.TestBoundary: 0j  time: 9.524610684995423
epoch14  rel.Train: 0.07567420813441277  rel.Test: 0.15463495641946792  abs.Test: 0.0010328337596729397  abs.TestBoundary: 0j  time: 9.527984225998807
epoch15  rel.Train: 0.06790221044421196  rel.Test: 0.15102993607521056  abs.Test: 0.0010046791355125607  abs.TestBoundary: 0j  time: 9.543793503995403
epoch16  rel.Train: 0.0649952065050602  rel.Test: 0.1519504314661026  abs.Test: 0.0010117856680881233  abs.TestBoundary: 0j  time: 9.540205534998677
epoch17  rel.Train: 0.06328862279653549  rel.Test: 0.15008525639772416  abs.Test: 0.0009987320809159428  abs.TestBoundary: 0j  time: 9.541144317001454
epoch18  rel.Train: 0.05772494566440582  rel.Test: 0.1420670820772648  abs.Test: 0.0009458274545613676  abs.TestBoundary: 0j  time: 9.553430770996783
epoch19  rel.Train: 0.052567062854766845  rel.Test: 0.14036918714642524  abs.Test: 0.0009335115097928792  abs.TestBoundary: 0j  time: 9.563443833998463
epoch20  rel.Train: 0.048606718719005584  rel.Test: 0.1385576032102108  abs.Test: 0.0009215805667918176  abs.TestBoundary: 0j  time: 9.574803204995987
epoch21  rel.Train: 0.0474304846227169  rel.Test: 0.13500218629837035  abs.Test: 0.0008989942690823227  abs.TestBoundary: 0j  time: 9.578053024000837
epoch22  rel.Train: 0.04684406799077988  rel.Test: 0.13024275422096251  abs.Test: 0.0008663157687988132  abs.TestBoundary: 0j  time: 9.579733812002814
epoch23  rel.Train: 0.044000298589468  rel.Test: 0.1260853761434555  abs.Test: 0.0008371730102226139  abs.TestBoundary: 0j  time: 9.587099632997706
epoch24  rel.Train: 0.04309442287683487  rel.Test: 0.12265744984149933  abs.Test: 0.0008126290759537369  abs.TestBoundary: 0j  time: 9.589556871003879
epoch25  rel.Train: 0.04317180748283863  rel.Test: 0.11906546637415887  abs.Test: 0.000789994610240683  abs.TestBoundary: 0j  time: 9.593635620003624
epoch26  rel.Train: 0.03714490979909897  rel.Test: 0.11334944009780884  abs.Test: 0.0007512402243446558  abs.TestBoundary: 0j  time: 9.602217621999444
epoch27  rel.Train: 0.03682723158597946  rel.Test: 0.10956724792718887  abs.Test: 0.0007256118336226792  abs.TestBoundary: 0j  time: 9.59448756200436
epoch28  rel.Train: 0.03613076205551624  rel.Test: 0.11138252183794975  abs.Test: 0.0007372632110491395  abs.TestBoundary: 0j  time: 9.610183106997283
epoch29  rel.Train: 0.037642789751291275  rel.Test: 0.10138182491064071  abs.Test: 0.0006694025231990963  abs.TestBoundary: 0j  time: 9.603067465002823
epoch30  rel.Train: 0.03608615955710411  rel.Test: 0.1034215697646141  abs.Test: 0.0006826267181895674  abs.TestBoundary: 0j  time: 9.59916916799557
epoch31  rel.Train: 0.035015237733721734  rel.Test: 0.09382987946271897  abs.Test: 0.000620559222297743  abs.TestBoundary: 0j  time: 9.585270614996261
epoch32  rel.Train: 0.03141783052682877  rel.Test: 0.09818152472376823  abs.Test: 0.0006474717101082205  abs.TestBoundary: 0j  time: 9.589433656001347
epoch33  rel.Train: 0.03197629033029079  rel.Test: 0.08686913400888444  abs.Test: 0.0005735574418213219  abs.TestBoundary: 0j  time: 9.589219638997747
epoch34  rel.Train: 0.02979462485015392  rel.Test: 0.07951447248458862  abs.Test: 0.0005263395607471466  abs.TestBoundary: 0j  time: 9.57242170900281
epoch35  rel.Train: 0.030439643055200576  rel.Test: 0.07276145935058594  abs.Test: 0.0004805289499927312  abs.TestBoundary: 0j  time: 9.563675272998807
epoch36  rel.Train: 0.028388768881559372  rel.Test: 0.06826031118631364  abs.Test: 0.00045128174591809513  abs.TestBoundary: 0j  time: 9.563784951998969
epoch37  rel.Train: 0.027755631417036058  rel.Test: 0.06784967824816704  abs.Test: 0.00044807995203882456  abs.TestBoundary: 0j  time: 9.562491716002114
epoch38  rel.Train: 0.02492244404554367  rel.Test: 0.057611696794629096  abs.Test: 0.00038228856050409376  abs.TestBoundary: 0j  time: 9.558715753002616
epoch39  rel.Train: 0.025171764120459558  rel.Test: 0.05208637110888958  abs.Test: 0.00034536625957116486  abs.TestBoundary: 0j  time: 9.553920161997667
epoch40  rel.Train: 0.0250651526004076  rel.Test: 0.04771734967827797  abs.Test: 0.0003168203996028751  abs.TestBoundary: 0j  time: 9.553194382999209
epoch41  rel.Train: 0.026872373700141908  rel.Test: 0.044675040394067764  abs.Test: 0.0002973666787147522  abs.TestBoundary: 0j  time: 9.545281537997653
epoch42  rel.Train: 0.02324821437895298  rel.Test: 0.0445473625510931  abs.Test: 0.00029679736180696634  abs.TestBoundary: 0j  time: 9.544547504003276
epoch43  rel.Train: 0.024416539505124093  rel.Test: 0.03864826001226902  abs.Test: 0.0002586610586149618  abs.TestBoundary: 0j  time: 9.539219369995408
epoch44  rel.Train: 0.024820566445589064  rel.Test: 0.0388242994248867  abs.Test: 0.00026093218359164895  abs.TestBoundary: 0j  time: 9.545671610998397
epoch45  rel.Train: 0.022301173701882362  rel.Test: 0.032282769456505774  abs.Test: 0.0002161418995819986  abs.TestBoundary: 0j  time: 9.544391257004463
epoch46  rel.Train: 0.0219139134734869  rel.Test: 0.03331999473273754  abs.Test: 0.00022308609040919692  abs.TestBoundary: 0j  time: 9.549731437000446
epoch47  rel.Train: 0.021910611122846604  rel.Test: 0.028325118720531464  abs.Test: 0.00019067877088673412  abs.TestBoundary: 0j  time: 9.561045220005326
epoch48  rel.Train: 0.02097453173995018  rel.Test: 0.027642389237880708  abs.Test: 0.00018569022649899124  abs.TestBoundary: 0j  time: 9.563926385999366
epoch49  rel.Train: 0.021063145108520986  rel.Test: 0.03329877406358719  abs.Test: 0.00022198985796421767  abs.TestBoundary: 0j  time: 9.56651437599794
epoch50  rel.Train: 0.02256212502717972  rel.Test: 0.026605390831828116  abs.Test: 0.00017993283865507691  abs.TestBoundary: 0j  time: 9.57426128199586
epoch51  rel.Train: 0.02036678310483694  rel.Test: 0.02925472512841225  abs.Test: 0.00019882637774571777  abs.TestBoundary: 0j  time: 9.581737407002947
epoch52  rel.Train: 0.022030421271920203  rel.Test: 0.02568971261382103  abs.Test: 0.00017346604552585633  abs.TestBoundary: 0j  time: 9.593723960002535
epoch53  rel.Train: 0.019598278000950813  rel.Test: 0.024096361696720123  abs.Test: 0.00016229898610617966  abs.TestBoundary: 0j  time: 9.608838344000105
epoch54  rel.Train: 0.01923146525025368  rel.Test: 0.026709120124578475  abs.Test: 0.00018136039841920137  abs.TestBoundary: 0j  time: 9.625626471999567
epoch55  rel.Train: 0.02162295860052109  rel.Test: 0.02384475462138653  abs.Test: 0.00016095113125629722  abs.TestBoundary: 0j  time: 9.620796679002524
epoch56  rel.Train: 0.01927924560010433  rel.Test: 0.023696341589093207  abs.Test: 0.00016040977032389492  abs.TestBoundary: 0j  time: 9.62621940900135
epoch57  rel.Train: 0.01932471513748169  rel.Test: 0.024721585884690284  abs.Test: 0.00016795741277746856  abs.TestBoundary: 0j  time: 9.630139351000253
epoch58  rel.Train: 0.019551099054515363  rel.Test: 0.02532316468656063  abs.Test: 0.00017192704835906626  abs.TestBoundary: 0j  time: 9.629050606003148
epoch59  rel.Train: 0.02100279225409031  rel.Test: 0.022963810116052627  abs.Test: 0.00015588360227411613  abs.TestBoundary: 0j  time: 9.60940219600161
epoch60  rel.Train: 0.021392124526202677  rel.Test: 0.02279646024107933  abs.Test: 0.00015473935811314733  abs.TestBoundary: 0j  time: 9.6160940760019
epoch61  rel.Train: 0.019685104921460153  rel.Test: 0.027374759241938593  abs.Test: 0.0001848536101169884  abs.TestBoundary: 0j  time: 9.618747269996675
epoch62  rel.Train: 0.022905164808034898  rel.Test: 0.027647572681307794  abs.Test: 0.0001883920788532123  abs.TestBoundary: 0j  time: 9.607828775006055
epoch63  rel.Train: 0.01941695725917816  rel.Test: 0.020716276913881303  abs.Test: 0.0001398088503628969  abs.TestBoundary: 0j  time: 9.626554267997562
epoch64  rel.Train: 0.020659853108227252  rel.Test: 0.026298834532499312  abs.Test: 0.00017600807826966046  abs.TestBoundary: 0j  time: 9.615706425000099
epoch65  rel.Train: 0.01914968544244766  rel.Test: 0.02259832590818405  abs.Test: 0.0001526704931166023  abs.TestBoundary: 0j  time: 9.607265104001272
epoch66  rel.Train: 0.019232317499816416  rel.Test: 0.022594872787594797  abs.Test: 0.0001521508418954909  abs.TestBoundary: 0j  time: 9.609769994996896
epoch67  rel.Train: 0.019666319459676743  rel.Test: 0.02393828585743904  abs.Test: 0.00016183092840947212  abs.TestBoundary: 0j  time: 9.611243342995294
epoch68  rel.Train: 0.01773924544453621  rel.Test: 0.019867773205041885  abs.Test: 0.00013412579864962025  abs.TestBoundary: 0j  time: 9.610476262001612
epoch69  rel.Train: 0.019002638533711435  rel.Test: 0.021824805811047555  abs.Test: 0.00014707191730849444  abs.TestBoundary: 0j  time: 9.611433218000457
epoch70  rel.Train: 0.019514318376779555  rel.Test: 0.022374377399683  abs.Test: 0.00015149065700825303  abs.TestBoundary: 0j  time: 9.599144724998041
epoch71  rel.Train: 0.01923747631907463  rel.Test: 0.020420295745134355  abs.Test: 0.00013756955158896744  abs.TestBoundary: 0j  time: 9.608822659996804
epoch72  rel.Train: 0.01916196911782026  rel.Test: 0.019660629145801068  abs.Test: 0.00013244310597656294  abs.TestBoundary: 0j  time: 9.605138885999622
epoch73  rel.Train: 0.01835663203895092  rel.Test: 0.019935680851340294  abs.Test: 0.00013470535894157364  abs.TestBoundary: 0j  time: 9.600383204997343
epoch74  rel.Train: 0.018228256300091745  rel.Test: 0.020149202197790147  abs.Test: 0.0001361367985373363  abs.TestBoundary: 0j  time: 9.603537684997718
epoch75  rel.Train: 0.018334252014756202  rel.Test: 0.020473689213395117  abs.Test: 0.00013795019971439614  abs.TestBoundary: 0j  time: 9.598692366998876
epoch76  rel.Train: 0.020852603748440744  rel.Test: 0.033560428246855734  abs.Test: 0.0002315108146285638  abs.TestBoundary: 0j  time: 9.606094057002338
epoch77  rel.Train: 0.018316214680671693  rel.Test: 0.035955397710204125  abs.Test: 0.000241867927252315  abs.TestBoundary: 0j  time: 9.61115738099761
epoch78  rel.Train: 0.019991226293146612  rel.Test: 0.018480018377304078  abs.Test: 0.00012520154647063464  abs.TestBoundary: 0j  time: 9.5983257639964
epoch79  rel.Train: 0.01790684534609318  rel.Test: 0.01951515458524227  abs.Test: 0.0001318533980520442  abs.TestBoundary: 0j  time: 9.606494159997965
epoch80  rel.Train: 0.0171806149110198  rel.Test: 0.01912371352314949  abs.Test: 0.0001291193938232027  abs.TestBoundary: 0j  time: 9.597028897995187
epoch81  rel.Train: 0.018970610901713373  rel.Test: 0.020293470993638037  abs.Test: 0.00013729568221606313  abs.TestBoundary: 0j  time: 9.603602814000624
epoch82  rel.Train: 0.018072994880378248  rel.Test: 0.01988297499716282  abs.Test: 0.00013414273329544812  abs.TestBoundary: 0j  time: 9.602196305997495
epoch83  rel.Train: 0.018284884467720985  rel.Test: 0.018257726356387137  abs.Test: 0.00012354096717899664  abs.TestBoundary: 0j  time: 9.615302010002779
epoch84  rel.Train: 0.018163379691541196  rel.Test: 0.025212011486291885  abs.Test: 0.0001728512969566509  abs.TestBoundary: 0j  time: 9.598241439001868
epoch85  rel.Train: 0.019186709731817245  rel.Test: 0.018512898534536363  abs.Test: 0.0001251474441960454  abs.TestBoundary: 0j  time: 9.6067818349984
epoch86  rel.Train: 0.017837188094854354  rel.Test: 0.021889070942997933  abs.Test: 0.0001491504564182833  abs.TestBoundary: 0j  time: 9.602001512997958
epoch87  rel.Train: 0.018456615768373014  rel.Test: 0.02291531354188919  abs.Test: 0.0001550631009740755  abs.TestBoundary: 0j  time: 9.595385589993384
epoch88  rel.Train: 0.017929298028349878  rel.Test: 0.02502689078450203  abs.Test: 0.00017079159326385707  abs.TestBoundary: 0j  time: 9.593763186996512
epoch89  rel.Train: 0.017746415622532367  rel.Test: 0.02166621282696724  abs.Test: 0.00014741003775270656  abs.TestBoundary: 0j  time: 9.609775796001486
epoch90  rel.Train: 0.01789306714385748  rel.Test: 0.019252144396305085  abs.Test: 0.00012986323330551385  abs.TestBoundary: 0j  time: 9.62526235999394
epoch91  rel.Train: 0.01657726988941431  rel.Test: 0.037762143909931184  abs.Test: 0.00025931696407496927  abs.TestBoundary: 0j  time: 9.605714621997322
epoch92  rel.Train: 0.019047231785953044  rel.Test: 0.019265158921480178  abs.Test: 0.00013041417667409406  abs.TestBoundary: 0j  time: 9.6033055240041
epoch93  rel.Train: 0.017586505107581616  rel.Test: 0.022905165255069734  abs.Test: 0.00015398093382827937  abs.TestBoundary: 0j  time: 9.597769867999887
epoch94  rel.Train: 0.017681564770638942  rel.Test: 0.017156599313020705  abs.Test: 0.00011567053355975077  abs.TestBoundary: 0j  time: 9.603865821001818
epoch95  rel.Train: 0.017003974750638008  rel.Test: 0.024031848013401032  abs.Test: 0.0001600764412432909  abs.TestBoundary: 0j  time: 9.599963565997314
epoch96  rel.Train: 0.01833881984651089  rel.Test: 0.01743198838084936  abs.Test: 0.00011788894305936993  abs.TestBoundary: 0j  time: 9.61729609699978
epoch97  rel.Train: 0.01640635520964861  rel.Test: 0.02095033474266529  abs.Test: 0.00014087538322200997  abs.TestBoundary: 0j  time: 9.612533583996992
epoch98  rel.Train: 0.016967932626605033  rel.Test: 0.017491085827350615  abs.Test: 0.0001178436615737155  abs.TestBoundary: 0j  time: 9.60790888700285
epoch99  rel.Train: 0.016250607036054136  rel.Test: 0.01842711441218853  abs.Test: 0.00012517264724010602  abs.TestBoundary: 0j  time: 9.595342526998138
epoch100  rel.Train: 0.017053376458585262  rel.Test: 0.020035684257745743  abs.Test: 0.00013623607519548387  abs.TestBoundary: 0j  time: 9.599392256997817
epoch101  rel.Train: 0.01730357486009598  rel.Test: 0.023496783152222634  abs.Test: 0.0001594202034175396  abs.TestBoundary: 0j  time: 9.592050430001109
epoch102  rel.Train: 0.017416404709219933  rel.Test: 0.019355545192956923  abs.Test: 0.0001313962848507799  abs.TestBoundary: 0j  time: 9.57356017800339
epoch103  rel.Train: 0.015341120071709156  rel.Test: 0.017334742173552513  abs.Test: 0.00011749178142054007  abs.TestBoundary: 0j  time: 9.565579750000325
epoch104  rel.Train: 0.018279000177979468  rel.Test: 0.01832189369946718  abs.Test: 0.0001243746414547786  abs.TestBoundary: 0j  time: 9.57058447199961
epoch105  rel.Train: 0.01668963874876499  rel.Test: 0.021098337173461913  abs.Test: 0.00014393697783816607  abs.TestBoundary: 0j  time: 9.5639822239973
epoch106  rel.Train: 0.016967291437089443  rel.Test: 0.018624302186071872  abs.Test: 0.00012553405395010486  abs.TestBoundary: 0j  time: 9.571953241997107
epoch107  rel.Train: 0.016092540465295315  rel.Test: 0.01631310723721981  abs.Test: 0.00010989541100570932  abs.TestBoundary: 0j  time: 9.566370849002851
epoch108  rel.Train: 0.016044232293963432  rel.Test: 0.01686050284653902  abs.Test: 0.00011395114299375564  abs.TestBoundary: 0j  time: 9.570037202000094
epoch109  rel.Train: 0.017006912797689438  rel.Test: 0.017137405760586262  abs.Test: 0.00011571336217457429  abs.TestBoundary: 0j  time: 9.56851965199894
epoch110  rel.Train: 0.015330251812934875  rel.Test: 0.01734700232744217  abs.Test: 0.0001172687890357338  abs.TestBoundary: 0j  time: 9.566412947999197
epoch111  rel.Train: 0.016535945981740952  rel.Test: 0.02137918397784233  abs.Test: 0.00014640924957348033  abs.TestBoundary: 0j  time: 9.567661640001461
epoch112  rel.Train: 0.016120321080088616  rel.Test: 0.016876385882496833  abs.Test: 0.00011399134498788044  abs.TestBoundary: 0j  time: 9.570480166999914
epoch113  rel.Train: 0.016799333855509756  rel.Test: 0.017368790842592716  abs.Test: 0.00011761481000576169  abs.TestBoundary: 0j  time: 9.570054479998362
epoch114  rel.Train: 0.016333677284419538  rel.Test: 0.017214682921767234  abs.Test: 0.00011693703709170222  abs.TestBoundary: 0j  time: 9.567212576999736
epoch115  rel.Train: 0.01599488765001297  rel.Test: 0.01858832687139511  abs.Test: 0.0001247741875704378  abs.TestBoundary: 0j  time: 9.569642253998609
epoch116  rel.Train: 0.014544311307370663  rel.Test: 0.01779542863368988  abs.Test: 0.0001207198275369592  abs.TestBoundary: 0j  time: 9.56549293200078
epoch117  rel.Train: 0.015188180096447467  rel.Test: 0.016305282413959503  abs.Test: 0.00011014691059244796  abs.TestBoundary: 0j  time: 9.567306236996956
epoch118  rel.Train: 0.015832855977118015  rel.Test: 0.01693512924015522  abs.Test: 0.00011430442362325266  abs.TestBoundary: 0j  time: 9.564056849005283
epoch119  rel.Train: 0.015573238298296928  rel.Test: 0.018508695438504218  abs.Test: 0.00012524274847237394  abs.TestBoundary: 0j  time: 9.562585886000306
epoch120  rel.Train: 0.015851998537778855  rel.Test: 0.016475308537483215  abs.Test: 0.00011154592648381368  abs.TestBoundary: 0j  time: 9.564849509995838
epoch121  rel.Train: 0.015986156180500984  rel.Test: 0.015646766908466815  abs.Test: 0.00010603257629554719  abs.TestBoundary: 0j  time: 9.569249640000635
epoch122  rel.Train: 0.014793689779937268  rel.Test: 0.016554553993046284  abs.Test: 0.0001114838375360705  abs.TestBoundary: 0j  time: 9.56868498500262
epoch123  rel.Train: 0.014857583977282048  rel.Test: 0.020583572089672087  abs.Test: 0.00013905510742915795  abs.TestBoundary: 0j  time: 9.56929224399937
epoch124  rel.Train: 0.01517973293364048  rel.Test: 0.015863233916461467  abs.Test: 0.00010720750433392822  abs.TestBoundary: 0j  time: 9.570342906001315
epoch125  rel.Train: 0.014258437104523182  rel.Test: 0.016567976139485838  abs.Test: 0.00011217091872822493  abs.TestBoundary: 0j  time: 9.575068038997415
epoch126  rel.Train: 0.015613112553954124  rel.Test: 0.016769320853054524  abs.Test: 0.00011317941243760288  abs.TestBoundary: 0j  time: 9.564930466003716
epoch127  rel.Train: 0.015607853151857852  rel.Test: 0.016112442351877688  abs.Test: 0.00010945862071821466  abs.TestBoundary: 0j  time: 9.56574927100155
epoch128  rel.Train: 0.014614412166178226  rel.Test: 0.016602531634271146  abs.Test: 0.00011251903779339046  abs.TestBoundary: 0j  time: 9.561637318998692
epoch129  rel.Train: 0.015232861295342445  rel.Test: 0.01942345395684242  abs.Test: 0.00013017291319556535  abs.TestBoundary: 0j  time: 9.562371865999012
epoch130  rel.Train: 0.014379801727831364  rel.Test: 0.017708485424518586  abs.Test: 0.00011935903428820893  abs.TestBoundary: 0j  time: 9.5708635139963
epoch131  rel.Train: 0.015376015491783619  rel.Test: 0.016898212172091007  abs.Test: 0.00011380228621419519  abs.TestBoundary: 0j  time: 9.566533757002617
epoch132  rel.Train: 0.015667702801525595  rel.Test: 0.019819981455802917  abs.Test: 0.0001358806760981679  abs.TestBoundary: 0j  time: 9.568681946999277
epoch133  rel.Train: 0.015883988372981547  rel.Test: 0.01984051674604416  abs.Test: 0.00013413619628408925  abs.TestBoundary: 0j  time: 9.57515321399842
epoch134  rel.Train: 0.014482371561229229  rel.Test: 0.015721016190946104  abs.Test: 0.00010621473396895454  abs.TestBoundary: 0j  time: 9.580224236000504
epoch135  rel.Train: 0.014515869490802288  rel.Test: 0.017771718241274357  abs.Test: 0.00012120175320887938  abs.TestBoundary: 0j  time: 9.563798326998949
epoch136  rel.Train: 0.013617095842957496  rel.Test: 0.015664312057197094  abs.Test: 0.00010535431996686384  abs.TestBoundary: 0j  time: 9.566652838999289
epoch137  rel.Train: 0.013721542850136758  rel.Test: 0.016282444670796394  abs.Test: 0.00010980406281305477  abs.TestBoundary: 0j  time: 9.570674615999451
epoch138  rel.Train: 0.01425210726261139  rel.Test: 0.015095633901655674  abs.Test: 0.00010198784846579656  abs.TestBoundary: 0j  time: 9.567057304993796
epoch139  rel.Train: 0.015065790191292762  rel.Test: 0.01543514348566532  abs.Test: 0.00010411732160719112  abs.TestBoundary: 0j  time: 9.569970691998606
epoch140  rel.Train: 0.01380987785756588  rel.Test: 0.01566973391920328  abs.Test: 0.00010585744661511853  abs.TestBoundary: 0j  time: 9.572776041000907
epoch141  rel.Train: 0.01406703994423151  rel.Test: 0.020440283790230752  abs.Test: 0.00013985156430862844  abs.TestBoundary: 0j  time: 9.581569169000431
epoch142  rel.Train: 0.015216982930898666  rel.Test: 0.016072367802262306  abs.Test: 0.00010823281918419525  abs.TestBoundary: 0j  time: 9.580730556001072
epoch143  rel.Train: 0.014712582118809223  rel.Test: 0.015600296668708324  abs.Test: 0.00010554036125540734  abs.TestBoundary: 0j  time: 9.569320273003541
epoch144  rel.Train: 0.013563166551291942  rel.Test: 0.014805317968130111  abs.Test: 9.962081676349044e-05  abs.TestBoundary: 0j  time: 9.567660993998288
epoch145  rel.Train: 0.013886822812259197  rel.Test: 0.021788191869854926  abs.Test: 0.00014610543497838079  abs.TestBoundary: 0j  time: 9.563322303001769
epoch146  rel.Train: 0.013613002695143223  rel.Test: 0.018940086774528027  abs.Test: 0.0001292322759400122  abs.TestBoundary: 0j  time: 9.580328614996688
epoch147  rel.Train: 0.014008175820112228  rel.Test: 0.015462567061185838  abs.Test: 0.00010435271891765297  abs.TestBoundary: 0j  time: 9.576740425000025
epoch148  rel.Train: 0.013787496849894524  rel.Test: 0.014257685951888562  abs.Test: 9.646966034779325e-05  abs.TestBoundary: 0j  time: 9.568081492005149
epoch149  rel.Train: 0.012980490125715732  rel.Test: 0.01510256938636303  abs.Test: 0.00010184747661696747  abs.TestBoundary: 0j  time: 9.582182846999785
epoch150  rel.Train: 0.015639556765556336  rel.Test: 0.016166748367249965  abs.Test: 0.00010948312672553584  abs.TestBoundary: 0j  time: 9.58044310099649
epoch151  rel.Train: 0.01435823094844818  rel.Test: 0.014882278218865395  abs.Test: 0.00010026699805166572  abs.TestBoundary: 0j  time: 9.572023183995043
epoch152  rel.Train: 0.012559829577803612  rel.Test: 0.016093114018440248  abs.Test: 0.00010819125018315389  abs.TestBoundary: 0j  time: 9.573136042999977
epoch153  rel.Train: 0.013286426365375519  rel.Test: 0.015565218068659306  abs.Test: 0.00010524206620175391  abs.TestBoundary: 0j  time: 9.579590576002374
epoch154  rel.Train: 0.013532536171376706  rel.Test: 0.016908576898276805  abs.Test: 0.00011532685428392142  abs.TestBoundary: 0j  time: 9.572611751005752
epoch155  rel.Train: 0.013853957392275334  rel.Test: 0.01595721233636141  abs.Test: 0.00010770417284220458  abs.TestBoundary: 0j  time: 9.569582683005137
epoch156  rel.Train: 0.013946332328021527  rel.Test: 0.014305890686810017  abs.Test: 9.663551987614483e-05  abs.TestBoundary: 0j  time: 9.575124497998331
epoch157  rel.Train: 0.013143783263862133  rel.Test: 0.01663496010005474  abs.Test: 0.0001122900756308809  abs.TestBoundary: 0j  time: 9.570287119000568
epoch158  rel.Train: 0.01313421420007944  rel.Test: 0.019958917275071143  abs.Test: 0.00013570535142207519  abs.TestBoundary: 0j  time: 9.573452233998978
epoch159  rel.Train: 0.013621684372425079  rel.Test: 0.016110437624156475  abs.Test: 0.00010902796260779724  abs.TestBoundary: 0j  time: 9.574735806003446
epoch160  rel.Train: 0.013924049347639083  rel.Test: 0.014675151519477368  abs.Test: 9.9417497694958e-05  abs.TestBoundary: 0j  time: 9.57312328700209
epoch161  rel.Train: 0.013541076220571996  rel.Test: 0.014983507618308068  abs.Test: 0.00010066247603390365  abs.TestBoundary: 0j  time: 9.583475696999812
epoch162  rel.Train: 0.0133518041446805  rel.Test: 0.014454572126269341  abs.Test: 9.762323781615124e-05  abs.TestBoundary: 0j  time: 9.577769599003659
epoch163  rel.Train: 0.013299642115831374  rel.Test: 0.016670828610658647  abs.Test: 0.00011301952239591629  abs.TestBoundary: 0j  time: 9.572752849002427
epoch164  rel.Train: 0.013219455674290658  rel.Test: 0.017133978195488453  abs.Test: 0.00011693876178469508  abs.TestBoundary: 0j  time: 9.572637551005755
epoch165  rel.Train: 0.014377804100513458  rel.Test: 0.013838462717831134  abs.Test: 9.340679214801639e-05  abs.TestBoundary: 0j  time: 9.574542763999489
epoch166  rel.Train: 0.012819673329591752  rel.Test: 0.015750123858451842  abs.Test: 0.00010679781233193353  abs.TestBoundary: 0j  time: 9.57319620000635
epoch167  rel.Train: 0.012577177263796329  rel.Test: 0.016603763066232204  abs.Test: 0.00011161818547407165  abs.TestBoundary: 0j  time: 9.576698848002707
epoch168  rel.Train: 0.013044374883174897  rel.Test: 0.018555234558880328  abs.Test: 0.000125119527510833  abs.TestBoundary: 0j  time: 9.566682648001006
epoch169  rel.Train: 0.013785087652504444  rel.Test: 0.015087110251188278  abs.Test: 0.00010241841577226297  abs.TestBoundary: 0j  time: 9.577029748004861
epoch170  rel.Train: 0.012813277378678321  rel.Test: 0.01531688630580902  abs.Test: 0.0001030923772486858  abs.TestBoundary: 0j  time: 9.569567998994899
epoch171  rel.Train: 0.012575151532888412  rel.Test: 0.016847928762435915  abs.Test: 0.00011444411444244907  abs.TestBoundary: 0j  time: 9.577553164002893
epoch172  rel.Train: 0.012939219653606416  rel.Test: 0.01495575562119484  abs.Test: 0.00010109608469065279  abs.TestBoundary: 0j  time: 9.578651551993971
epoch173  rel.Train: 0.012747312173247337  rel.Test: 0.014704421982169152  abs.Test: 9.919334755977616e-05  abs.TestBoundary: 0j  time: 9.57440725199558
epoch174  rel.Train: 0.012716095812618733  rel.Test: 0.014828703701496124  abs.Test: 0.00010041381960036233  abs.TestBoundary: 0j  time: 9.576529509002285
epoch175  rel.Train: 0.01289673974364996  rel.Test: 0.016448845714330675  abs.Test: 0.00011060320801334456  abs.TestBoundary: 0j  time: 9.587077691998275
epoch176  rel.Train: 0.013873276583850383  rel.Test: 0.016893458291888236  abs.Test: 0.00011283587664365769  abs.TestBoundary: 0j  time: 9.5815372069992
epoch177  rel.Train: 0.013666006080806255  rel.Test: 0.015184200704097747  abs.Test: 0.00010257243178784847  abs.TestBoundary: 0j  time: 9.577788609996787
epoch178  rel.Train: 0.012986038729548455  rel.Test: 0.014355763979256152  abs.Test: 9.700458409497514e-05  abs.TestBoundary: 0j  time: 9.576975376003247
epoch179  rel.Train: 0.01264632747322321  rel.Test: 0.015630109161138536  abs.Test: 0.00010518908384256065  abs.TestBoundary: 0j  time: 9.580087492002349
epoch180  rel.Train: 0.013337452553212642  rel.Test: 0.016243213415145875  abs.Test: 0.00011024581734091043  abs.TestBoundary: 0j  time: 9.57854796200263
epoch181  rel.Train: 0.012393310591578484  rel.Test: 0.015674672089517117  abs.Test: 0.00010604627605061978  abs.TestBoundary: 0j  time: 9.576585611001065
epoch182  rel.Train: 0.01200557342171669  rel.Test: 0.013636038638651371  abs.Test: 9.217189392074943e-05  abs.TestBoundary: 0j  time: 9.575880741002038
epoch183  rel.Train: 0.011983212411403656  rel.Test: 0.016450957357883454  abs.Test: 0.00011138550064060837  abs.TestBoundary: 0j  time: 9.577009990003717
epoch184  rel.Train: 0.011901174321770668  rel.Test: 0.01512468583881855  abs.Test: 0.00010168131499085575  abs.TestBoundary: 0j  time: 9.578931855998235
epoch185  rel.Train: 0.011985812425613404  rel.Test: 0.013889706134796143  abs.Test: 9.362536686239764e-05  abs.TestBoundary: 0j  time: 9.57650704599655
epoch186  rel.Train: 0.01279225092381239  rel.Test: 0.01513757172971964  abs.Test: 0.00010240292845992372  abs.TestBoundary: 0j  time: 9.575016782000603
epoch187  rel.Train: 0.012116345636546611  rel.Test: 0.014581518806517124  abs.Test: 9.830150986090303e-05  abs.TestBoundary: 0j  time: 9.572513569997682
epoch188  rel.Train: 0.012120330698788167  rel.Test: 0.017563571371138096  abs.Test: 0.00011750966456020251  abs.TestBoundary: 0j  time: 9.578884053997172
epoch189  rel.Train: 0.012210959538817406  rel.Test: 0.015503369234502316  abs.Test: 0.0001046770447283052  abs.TestBoundary: 0j  time: 9.577389038997353
epoch190  rel.Train: 0.011986144088208675  rel.Test: 0.013896371982991696  abs.Test: 9.419320325832813e-05  abs.TestBoundary: 0j  time: 9.577007503001369
epoch191  rel.Train: 0.01192805841565132  rel.Test: 0.01366947490721941  abs.Test: 9.233620803570375e-05  abs.TestBoundary: 0j  time: 9.580137268996623
epoch192  rel.Train: 0.013419731684029103  rel.Test: 0.01611703522503376  abs.Test: 0.00010971607553074136  abs.TestBoundary: 0j  time: 9.578945402005047
epoch193  rel.Train: 0.01180141019821167  rel.Test: 0.013905257657170296  abs.Test: 9.412444313056768e-05  abs.TestBoundary: 0j  time: 9.58655654800532
epoch194  rel.Train: 0.010839719407260417  rel.Test: 0.017625630460679532  abs.Test: 0.00012024731462588534  abs.TestBoundary: 0j  time: 9.581909528002143
epoch195  rel.Train: 0.012282276995480061  rel.Test: 0.01562786266207695  abs.Test: 0.00010503056750167161  abs.TestBoundary: 0j  time: 9.58224170000176
epoch196  rel.Train: 0.012636708095669746  rel.Test: 0.014204003624618053  abs.Test: 9.613962785806507e-05  abs.TestBoundary: 0j  time: 9.586443871994561
epoch197  rel.Train: 0.011367101840674878  rel.Test: 0.013742524422705174  abs.Test: 9.308561653597281e-05  abs.TestBoundary: 0j  time: 9.573293257999467
epoch198  rel.Train: 0.01146606793254614  rel.Test: 0.01593412134796381  abs.Test: 0.00010676360165234655  abs.TestBoundary: 0j  time: 9.580343024994363
epoch199  rel.Train: 0.01235479760169983  rel.Test: 0.01512306734919548  abs.Test: 0.00010118620906723663  abs.TestBoundary: 0j  time: 9.58202988300036
epoch200  rel.Train: 0.011442910589277744  rel.Test: 0.014449906721711158  abs.Test: 9.793088567676022e-05  abs.TestBoundary: 0j  time: 9.57438145299966
epoch201  rel.Train: 0.011457219734787942  rel.Test: 0.014215521030128003  abs.Test: 9.558879683027043e-05  abs.TestBoundary: 0j  time: 9.586626650998369
epoch202  rel.Train: 0.011436000496149063  rel.Test: 0.01727855160832405  abs.Test: 0.0001172161486465484  abs.TestBoundary: 0j  time: 9.58279578800284
epoch203  rel.Train: 0.012015490412712097  rel.Test: 0.014391958005726338  abs.Test: 9.738548193126917e-05  abs.TestBoundary: 0j  time: 9.58761031099857
epoch204  rel.Train: 0.011021259069442749  rel.Test: 0.013496668189764022  abs.Test: 9.106675046496094e-05  abs.TestBoundary: 0j  time: 9.583840475002944
epoch205  rel.Train: 0.01052824253588915  rel.Test: 0.014429867006838322  abs.Test: 9.70231048995629e-05  abs.TestBoundary: 0j  time: 9.581866433996765
epoch206  rel.Train: 0.011212623193860054  rel.Test: 0.013152386583387852  abs.Test: 8.883777307346464e-05  abs.TestBoundary: 0j  time: 9.573718858002394
epoch207  rel.Train: 0.010631902679800987  rel.Test: 0.012943035028874873  abs.Test: 8.738912612898275e-05  abs.TestBoundary: 0j  time: 9.584000449001906
epoch208  rel.Train: 0.010660995572805405  rel.Test: 0.013888717368245125  abs.Test: 9.355021000374109e-05  abs.TestBoundary: 0j  time: 9.577758855994034
epoch209  rel.Train: 0.010941698655486106  rel.Test: 0.014591518640518188  abs.Test: 9.914504771586507e-05  abs.TestBoundary: 0j  time: 9.582437755998399
epoch210  rel.Train: 0.011508959755301475  rel.Test: 0.014429844804108144  abs.Test: 9.729671204695478e-05  abs.TestBoundary: 0j  time: 9.586327682998672
epoch211  rel.Train: 0.012001081496477127  rel.Test: 0.0172829619795084  abs.Test: 0.00011667165701510384  abs.TestBoundary: 0j  time: 9.587247622999712
epoch212  rel.Train: 0.011502255544066428  rel.Test: 0.013600349947810174  abs.Test: 9.192881087074057e-05  abs.TestBoundary: 0j  time: 9.58095035199949
epoch213  rel.Train: 0.01093706437945366  rel.Test: 0.013710183650255203  abs.Test: 9.219928353559225e-05  abs.TestBoundary: 0j  time: 9.574739461997524
epoch214  rel.Train: 0.010531374149024487  rel.Test: 0.013279635496437549  abs.Test: 8.963601547293365e-05  abs.TestBoundary: 0j  time: 9.585236429003999
epoch215  rel.Train: 0.011433779530227185  rel.Test: 0.014436499364674091  abs.Test: 9.79950957116671e-05  abs.TestBoundary: 0j  time: 9.580691875999037
epoch216  rel.Train: 0.010983888536691666  rel.Test: 0.013216085359454155  abs.Test: 8.897949592210353e-05  abs.TestBoundary: 0j  time: 9.591159843999776
epoch217  rel.Train: 0.01081002301722765  rel.Test: 0.01364724114537239  abs.Test: 9.22396729583852e-05  abs.TestBoundary: 0j  time: 9.586186379994615
epoch218  rel.Train: 0.01105677293241024  rel.Test: 0.015994891561567783  abs.Test: 0.00010773742658784613  abs.TestBoundary: 0j  time: 9.593587169001694
epoch219  rel.Train: 0.01151592856645584  rel.Test: 0.013334320969879626  abs.Test: 9.02570303878747e-05  abs.TestBoundary: 0j  time: 9.582994618998782
epoch220  rel.Train: 0.01110119966417551  rel.Test: 0.014995916932821273  abs.Test: 0.00010180145967751741  abs.TestBoundary: 0j  time: 9.58899629500229
epoch221  rel.Train: 0.011241491049528122  rel.Test: 0.012897532992064953  abs.Test: 8.726929925614968e-05  abs.TestBoundary: 0j  time: 9.58085851299984
epoch222  rel.Train: 0.010043962061405181  rel.Test: 0.014146903567016124  abs.Test: 9.580476325936616e-05  abs.TestBoundary: 0j  time: 9.58937636000337
epoch223  rel.Train: 0.010708601519465446  rel.Test: 0.01403786487877369  abs.Test: 9.425189113244414e-05  abs.TestBoundary: 0j  time: 9.587341266000294
epoch224  rel.Train: 0.010737509243190288  rel.Test: 0.013589344955980777  abs.Test: 9.200274536851793e-05  abs.TestBoundary: 0j  time: 9.581808190996526
epoch225  rel.Train: 0.010541706576943397  rel.Test: 0.01356584195047617  abs.Test: 9.134960389928893e-05  abs.TestBoundary: 0j  time: 9.577993376995437
epoch226  rel.Train: 0.010357892043888569  rel.Test: 0.012901645675301552  abs.Test: 8.715700183529406e-05  abs.TestBoundary: 0j  time: 9.581384336001065
epoch227  rel.Train: 0.010159574508666992  rel.Test: 0.013522475548088551  abs.Test: 9.159203968010843e-05  abs.TestBoundary: 0j  time: 9.579465735005215
epoch228  rel.Train: 0.010698401272296905  rel.Test: 0.013873557113111019  abs.Test: 9.42054987535812e-05  abs.TestBoundary: 0j  time: 9.581959525996353
epoch229  rel.Train: 0.010109904993325472  rel.Test: 0.013159793056547641  abs.Test: 8.897434920072555e-05  abs.TestBoundary: 0j  time: 9.577343632998236
epoch230  rel.Train: 0.010489466555416584  rel.Test: 0.013130985610187053  abs.Test: 8.872075239196419e-05  abs.TestBoundary: 0j  time: 9.584539728995878
epoch231  rel.Train: 0.010577887430787086  rel.Test: 0.01265329483896494  abs.Test: 8.559815847547725e-05  abs.TestBoundary: 0j  time: 9.574655324999185
epoch232  rel.Train: 0.010126204393804074  rel.Test: 0.013151621706783771  abs.Test: 8.894130733096972e-05  abs.TestBoundary: 0j  time: 9.57801832700352
epoch233  rel.Train: 0.010209142908453941  rel.Test: 0.013077106736600399  abs.Test: 8.846489334246143e-05  abs.TestBoundary: 0j  time: 9.572628526002518
epoch234  rel.Train: 0.010222237382084132  rel.Test: 0.01572929322719574  abs.Test: 0.00010571782098850235  abs.TestBoundary: 0j  time: 9.570939233002719
epoch235  rel.Train: 0.010345438435673714  rel.Test: 0.013684101440012454  abs.Test: 9.244660759577528e-05  abs.TestBoundary: 0j  time: 9.573951207006758
epoch236  rel.Train: 0.010046702452003956  rel.Test: 0.013424551598727703  abs.Test: 9.035577619215474e-05  abs.TestBoundary: 0j  time: 9.579669817998365
epoch237  rel.Train: 0.009713288620114327  rel.Test: 0.012871425040066243  abs.Test: 8.691773458849639e-05  abs.TestBoundary: 0j  time: 9.57464525600517
epoch238  rel.Train: 0.010115337010473013  rel.Test: 0.01254780251532793  abs.Test: 8.490284235449508e-05  abs.TestBoundary: 0j  time: 9.572453842003597
epoch239  rel.Train: 0.010315410520881415  rel.Test: 0.014442959055304527  abs.Test: 9.759484470123425e-05  abs.TestBoundary: 0j  time: 9.568087567997281
epoch240  rel.Train: 0.01054607594758272  rel.Test: 0.012656610645353793  abs.Test: 8.54759116191417e-05  abs.TestBoundary: 0j  time: 9.574194086002535
epoch241  rel.Train: 0.009257512118667365  rel.Test: 0.012926434092223644  abs.Test: 8.68986191926524e-05  abs.TestBoundary: 0j  time: 9.582116374003817
epoch242  rel.Train: 0.010380472484976054  rel.Test: 0.01488113049417734  abs.Test: 0.00010124680295120925  abs.TestBoundary: 0j  time: 9.581158508000954
epoch243  rel.Train: 0.009904058516025544  rel.Test: 0.013060523122549057  abs.Test: 8.867730270139873e-05  abs.TestBoundary: 0j  time: 9.597208704995865
epoch244  rel.Train: 0.009544885247945785  rel.Test: 0.013566564284265042  abs.Test: 9.149775141850113e-05  abs.TestBoundary: 0j  time: 9.615578050994372
epoch245  rel.Train: 0.009527401342988014  rel.Test: 0.012649533450603484  abs.Test: 8.54915750096552e-05  abs.TestBoundary: 0j  time: 9.619825624999066
epoch246  rel.Train: 0.009605473462492228  rel.Test: 0.012660093680024147  abs.Test: 8.576790685765445e-05  abs.TestBoundary: 0j  time: 9.616897172003519
epoch247  rel.Train: 0.009417513564229011  rel.Test: 0.013353200480341911  abs.Test: 8.99404741358012e-05  abs.TestBoundary: 0j  time: 9.612494039000012
epoch248  rel.Train: 0.009380279786884785  rel.Test: 0.01232487291097641  abs.Test: 8.332388300914317e-05  abs.TestBoundary: 0j  time: 9.61410560800141
epoch249  rel.Train: 0.010177843719720841  rel.Test: 0.014258138798177243  abs.Test: 9.69739819993265e-05  abs.TestBoundary: 0j  time: 9.606313650001539
epoch250  rel.Train: 0.010291755750775337  rel.Test: 0.012561563476920128  abs.Test: 8.484735619276762e-05  abs.TestBoundary: 0j  time: 9.608526470998186
epoch251  rel.Train: 0.009466641061007976  rel.Test: 0.013011873662471772  abs.Test: 8.802251046290622e-05  abs.TestBoundary: 0j  time: 9.621220848996018
epoch252  rel.Train: 0.009256858676671982  rel.Test: 0.01251575794070959  abs.Test: 8.488641906296834e-05  abs.TestBoundary: 0j  time: 9.622269218998554
epoch253  rel.Train: 0.009852951537817716  rel.Test: 0.012510929070413113  abs.Test: 8.447938249446452e-05  abs.TestBoundary: 0j  time: 9.610369912996248
epoch254  rel.Train: 0.009530564531683923  rel.Test: 0.012257337905466556  abs.Test: 8.271248632809148e-05  abs.TestBoundary: 0j  time: 9.59990736599866
epoch255  rel.Train: 0.009408283576369286  rel.Test: 0.01241889227181673  abs.Test: 8.371908072149381e-05  abs.TestBoundary: 0j  time: 9.594995423998625
epoch256  rel.Train: 0.00930883164703846  rel.Test: 0.012729499749839305  abs.Test: 8.586092473706231e-05  abs.TestBoundary: 0j  time: 9.584995757002616
epoch257  rel.Train: 0.009044656869024038  rel.Test: 0.014426906555891038  abs.Test: 9.803638182347641e-05  abs.TestBoundary: 0j  time: 9.590971712001192
epoch258  rel.Train: 0.009628535468131303  rel.Test: 0.012259179353713989  abs.Test: 8.273836196167395e-05  abs.TestBoundary: 0j  time: 9.579575076997571
epoch259  rel.Train: 0.009634279429912566  rel.Test: 0.012541897967457772  abs.Test: 8.467394422041252e-05  abs.TestBoundary: 0j  time: 9.573559851000027
epoch260  rel.Train: 0.009969892136752605  rel.Test: 0.012653870582580566  abs.Test: 8.541246148524806e-05  abs.TestBoundary: 0j  time: 9.579025488004845
epoch261  rel.Train: 0.00891740071773529  rel.Test: 0.01293368797749281  abs.Test: 8.701466926140711e-05  abs.TestBoundary: 0j  time: 9.573208144996897
epoch262  rel.Train: 0.009112363778054714  rel.Test: 0.012479488886892796  abs.Test: 8.451542817056179e-05  abs.TestBoundary: 0j  time: 9.569692839999334
epoch263  rel.Train: 0.008837436947971582  rel.Test: 0.012125626429915428  abs.Test: 8.186152874259278e-05  abs.TestBoundary: 0j  time: 9.571824362996267
epoch264  rel.Train: 0.008926736678928137  rel.Test: 0.013070571757853032  abs.Test: 8.839635556796565e-05  abs.TestBoundary: 0j  time: 9.572358480996627
epoch265  rel.Train: 0.008973637074232101  rel.Test: 0.012494265250861645  abs.Test: 8.470622095046565e-05  abs.TestBoundary: 0j  time: 9.575497974001337
epoch266  rel.Train: 0.009036656148731708  rel.Test: 0.01277411088347435  abs.Test: 8.657710975967347e-05  abs.TestBoundary: 0j  time: 9.564656027992896
epoch267  rel.Train: 0.008998316455632448  rel.Test: 0.013258664086461067  abs.Test: 8.908204210456461e-05  abs.TestBoundary: 0j  time: 9.570356510004785
epoch268  rel.Train: 0.00869072736799717  rel.Test: 0.012474878467619419  abs.Test: 8.413644798565656e-05  abs.TestBoundary: 0j  time: 9.565671088996169
epoch269  rel.Train: 0.008957920655608177  rel.Test: 0.013055284433066845  abs.Test: 8.782232558587566e-05  abs.TestBoundary: 0j  time: 9.568304799999169
epoch270  rel.Train: 0.009099082306027413  rel.Test: 0.011938025541603565  abs.Test: 8.074285520706325e-05  abs.TestBoundary: 0j  time: 9.577207976995851
epoch271  rel.Train: 0.008487556096166372  rel.Test: 0.012441263422369958  abs.Test: 8.400726655963809e-05  abs.TestBoundary: 0j  time: 9.58375821899972
epoch272  rel.Train: 0.008405137918889522  rel.Test: 0.012805793918669223  abs.Test: 8.641708380309865e-05  abs.TestBoundary: 0j  time: 9.597601317000226
epoch273  rel.Train: 0.00889731740951538  rel.Test: 0.014400321096181869  abs.Test: 9.642756456742064e-05  abs.TestBoundary: 0j  time: 9.616778761002934
epoch274  rel.Train: 0.010687317688018083  rel.Test: 0.012124115563929082  abs.Test: 8.174371381755919e-05  abs.TestBoundary: 0j  time: 9.616036159000942
epoch275  rel.Train: 0.009128836710005998  rel.Test: 0.01218392014503479  abs.Test: 8.231966901803389e-05  abs.TestBoundary: 0j  time: 9.602168070996413
epoch276  rel.Train: 0.008441160980612039  rel.Test: 0.01215285986661911  abs.Test: 8.219919429393485e-05  abs.TestBoundary: 0j  time: 9.61558458700165
epoch277  rel.Train: 0.008739386051893235  rel.Test: 0.012400121353566647  abs.Test: 8.370242489036172e-05  abs.TestBoundary: 0j  time: 9.60979356199823
epoch278  rel.Train: 0.008456253848969936  rel.Test: 0.011586537957191468  abs.Test: 7.82962265657261e-05  abs.TestBoundary: 0j  time: 9.60539879299904
epoch279  rel.Train: 0.008306953348219395  rel.Test: 0.012807623445987702  abs.Test: 8.710257156053558e-05  abs.TestBoundary: 0j  time: 9.61142400099925
epoch280  rel.Train: 0.009400650087743998  rel.Test: 0.012962224408984185  abs.Test: 8.761329954722896e-05  abs.TestBoundary: 0j  time: 9.609052968997275
epoch281  rel.Train: 0.008760951787233353  rel.Test: 0.012479112036526203  abs.Test: 8.436313160927966e-05  abs.TestBoundary: 0j  time: 9.599373530996672
epoch282  rel.Train: 0.00813415516167879  rel.Test: 0.012060799524188042  abs.Test: 8.159677003277465e-05  abs.TestBoundary: 0j  time: 9.594733384001302
epoch283  rel.Train: 0.008359147138893604  rel.Test: 0.013093778118491172  abs.Test: 8.85776081122458e-05  abs.TestBoundary: 0j  time: 9.601713180003571
epoch284  rel.Train: 0.00869552495330572  rel.Test: 0.012138144560158253  abs.Test: 8.188430801965296e-05  abs.TestBoundary: 0j  time: 9.590509932000714
epoch285  rel.Train: 0.00883984699472785  rel.Test: 0.012177885882556439  abs.Test: 8.201487362384796e-05  abs.TestBoundary: 0j  time: 9.603506453000591
epoch286  rel.Train: 0.008294494844973088  rel.Test: 0.011766279824078083  abs.Test: 7.961968687595799e-05  abs.TestBoundary: 0j  time: 9.61317947000498
epoch287  rel.Train: 0.00824246097356081  rel.Test: 0.013177346251904965  abs.Test: 8.975871111033485e-05  abs.TestBoundary: 0j  time: 9.617976802997873
epoch288  rel.Train: 0.008652306202799082  rel.Test: 0.011717063821852208  abs.Test: 7.91270422632806e-05  abs.TestBoundary: 0j  time: 9.605403916000796
epoch289  rel.Train: 0.00836719447746873  rel.Test: 0.0126319320499897  abs.Test: 8.574238105211406e-05  abs.TestBoundary: 0j  time: 9.597881456000323
epoch290  rel.Train: 0.008001953527331353  rel.Test: 0.012003685608506202  abs.Test: 8.12198969651945e-05  abs.TestBoundary: 0j  time: 9.599789678002708
epoch291  rel.Train: 0.008088934447616339  rel.Test: 0.012113863080739974  abs.Test: 8.182743127690628e-05  abs.TestBoundary: 0j  time: 9.592308131002937
epoch292  rel.Train: 0.00797720943018794  rel.Test: 0.011804581619799137  abs.Test: 7.962091331137344e-05  abs.TestBoundary: 0j  time: 9.605328945006477
epoch293  rel.Train: 0.007770830042660237  rel.Test: 0.012147687636315822  abs.Test: 8.24288377771154e-05  abs.TestBoundary: 0j  time: 9.600514147998183
epoch294  rel.Train: 0.007584718339145183  rel.Test: 0.012459924034774304  abs.Test: 8.445661194855347e-05  abs.TestBoundary: 0j  time: 9.595953610994911
epoch295  rel.Train: 0.0074047821499407295  rel.Test: 0.011668507009744644  abs.Test: 7.87668525299523e-05  abs.TestBoundary: 0j  time: 9.589128216997779
epoch296  rel.Train: 0.007816873583942651  rel.Test: 0.01184755802154541  abs.Test: 8.008854754734784e-05  abs.TestBoundary: 0j  time: 9.576604853995377
epoch297  rel.Train: 0.008241701193153858  rel.Test: 0.01190845549106598  abs.Test: 8.055783895542845e-05  abs.TestBoundary: 0j  time: 9.572673021997616
epoch298  rel.Train: 0.007808192308992147  rel.Test: 0.012358702979981899  abs.Test: 8.358174149179831e-05  abs.TestBoundary: 0j  time: 9.567781831996399
epoch299  rel.Train: 0.00796923778578639  rel.Test: 0.011997926756739616  abs.Test: 8.10639763949439e-05  abs.TestBoundary: 0j  time: 9.566110830994148
epoch300  rel.Train: 0.007848124124109745  rel.Test: 0.011497260667383671  abs.Test: 7.765982969431207e-05  abs.TestBoundary: 0j  time: 9.569812973997614
epoch301  rel.Train: 0.007628909643739462  rel.Test: 0.012025151439011096  abs.Test: 8.132664137519896e-05  abs.TestBoundary: 0j  time: 9.564273341995431
epoch302  rel.Train: 0.00806129727885127  rel.Test: 0.01209266647696495  abs.Test: 8.171381981810555e-05  abs.TestBoundary: 0j  time: 9.562380904004385
epoch303  rel.Train: 0.007771008543670178  rel.Test: 0.01148435104638338  abs.Test: 7.759033629554323e-05  abs.TestBoundary: 0j  time: 9.561103674997867
epoch304  rel.Train: 0.007233781445771456  rel.Test: 0.01151130348443985  abs.Test: 7.772687182296067e-05  abs.TestBoundary: 0j  time: 9.555941083999642
epoch305  rel.Train: 0.007095762044191361  rel.Test: 0.012302535772323608  abs.Test: 8.32046929281205e-05  abs.TestBoundary: 0j  time: 9.561379083002976
epoch306  rel.Train: 0.007769238159060478  rel.Test: 0.011400242857635022  abs.Test: 7.698026398429647e-05  abs.TestBoundary: 0j  time: 9.560260820995609
epoch307  rel.Train: 0.007166707165539265  rel.Test: 0.011648422107100487  abs.Test: 7.870530564105138e-05  abs.TestBoundary: 0j  time: 9.56064577899815
epoch308  rel.Train: 0.007515174522995949  rel.Test: 0.01248279146850109  abs.Test: 8.422474173130467e-05  abs.TestBoundary: 0j  time: 9.5655052660004
epoch309  rel.Train: 0.007694725148379803  rel.Test: 0.011950077302753926  abs.Test: 8.046271745115518e-05  abs.TestBoundary: 0j  time: 9.564959401999658
epoch310  rel.Train: 0.007860590513795614  rel.Test: 0.012220923453569413  abs.Test: 8.230374747654423e-05  abs.TestBoundary: 0j  time: 9.566317954995611
epoch311  rel.Train: 0.007606687787920237  rel.Test: 0.011623234562575817  abs.Test: 7.847197266528383e-05  abs.TestBoundary: 0j  time: 9.574546807001752
epoch312  rel.Train: 0.00743920636922121  rel.Test: 0.012648818492889404  abs.Test: 8.56761570321396e-05  abs.TestBoundary: 0j  time: 9.58500397199532
epoch313  rel.Train: 0.00719925157725811  rel.Test: 0.011821270398795604  abs.Test: 8.012903694179841e-05  abs.TestBoundary: 0j  time: 9.588907068995468
epoch314  rel.Train: 0.007552639368921518  rel.Test: 0.011515817940235137  abs.Test: 7.772759039653465e-05  abs.TestBoundary: 0j  time: 9.61269722400175
epoch315  rel.Train: 0.007191450215876103  rel.Test: 0.011639749184250831  abs.Test: 7.849537272704766e-05  abs.TestBoundary: 0j  time: 9.62070565999602
epoch316  rel.Train: 0.007351457748562097  rel.Test: 0.011585358530282974  abs.Test: 7.821742081432604e-05  abs.TestBoundary: 0j  time: 9.608582365995971
epoch317  rel.Train: 0.007298223875463009  rel.Test: 0.012138036862015724  abs.Test: 8.221237803809344e-05  abs.TestBoundary: 0j  time: 9.603955466998741
epoch318  rel.Train: 0.007268496785312891  rel.Test: 0.011343723870813846  abs.Test: 7.66225169354584e-05  abs.TestBoundary: 0j  time: 9.60865669100167
epoch319  rel.Train: 0.006940166521817445  rel.Test: 0.011502289921045303  abs.Test: 7.768476745695807e-05  abs.TestBoundary: 0j  time: 9.602004196000053
epoch320  rel.Train: 0.006784670505672693  rel.Test: 0.011171391755342484  abs.Test: 7.547316083218903e-05  abs.TestBoundary: 0j  time: 9.610822442999051
epoch321  rel.Train: 0.00696746626496315  rel.Test: 0.011372733786702156  abs.Test: 7.693288585869596e-05  abs.TestBoundary: 0j  time: 9.616950704999908
epoch322  rel.Train: 0.006836007680743932  rel.Test: 0.011342560909688472  abs.Test: 7.676025663386099e-05  abs.TestBoundary: 0j  time: 9.623455747001572
epoch323  rel.Train: 0.006956395342946052  rel.Test: 0.012146449983119964  abs.Test: 8.229080733144655e-05  abs.TestBoundary: 0j  time: 9.616417614997772
epoch324  rel.Train: 0.007577627845108509  rel.Test: 0.011731121316552162  abs.Test: 7.934057648526505e-05  abs.TestBoundary: 0j  time: 9.782361343000957
epoch325  rel.Train: 0.006882173415273428  rel.Test: 0.01183913093060255  abs.Test: 8.01946854335256e-05  abs.TestBoundary: 0j  time: 9.626663975002884
epoch326  rel.Train: 0.006866502080112696  rel.Test: 0.011188280656933785  abs.Test: 7.548715890152379e-05  abs.TestBoundary: 0j  time: 9.63843848399847
epoch327  rel.Train: 0.007287447676062584  rel.Test: 0.011905035562813282  abs.Test: 8.075608420767821e-05  abs.TestBoundary: 0j  time: 9.646659357000317
epoch328  rel.Train: 0.006645681943744421  rel.Test: 0.011187645755708218  abs.Test: 7.554282972705551e-05  abs.TestBoundary: 0j  time: 9.644881767999323
epoch329  rel.Train: 0.0068157782889902594  rel.Test: 0.011760250516235828  abs.Test: 7.939144677948206e-05  abs.TestBoundary: 0j  time: 9.645589713996742
epoch330  rel.Train: 0.006714590523391962  rel.Test: 0.01145527370274067  abs.Test: 7.744279340840876e-05  abs.TestBoundary: 0j  time: 9.641085634000774
epoch331  rel.Train: 0.006716148614883423  rel.Test: 0.011519681774079799  abs.Test: 7.768399693304673e-05  abs.TestBoundary: 0j  time: 9.635774047994346
epoch332  rel.Train: 0.006738715451210737  rel.Test: 0.011362656317651272  abs.Test: 7.673700558370911e-05  abs.TestBoundary: 0j  time: 9.624513359995035
epoch333  rel.Train: 0.006919288638979197  rel.Test: 0.011272768191993236  abs.Test: 7.610610191477463e-05  abs.TestBoundary: 0j  time: 9.63527195899951
epoch334  rel.Train: 0.006445599161088467  rel.Test: 0.011319868564605713  abs.Test: 7.666302524739877e-05  abs.TestBoundary: 0j  time: 9.625000619002094
epoch335  rel.Train: 0.00649287536740303  rel.Test: 0.012033393047749997  abs.Test: 8.152500755386428e-05  abs.TestBoundary: 0j  time: 9.623823032001383
epoch336  rel.Train: 0.006570374857634306  rel.Test: 0.011290458105504513  abs.Test: 7.623742465511895e-05  abs.TestBoundary: 0j  time: 9.621370296998066
epoch337  rel.Train: 0.006267307538539171  rel.Test: 0.011483510620892048  abs.Test: 7.770376876578666e-05  abs.TestBoundary: 0j  time: 9.621476224005164
epoch338  rel.Train: 0.0070217795819044115  rel.Test: 0.011517037563025951  abs.Test: 7.794319841195829e-05  abs.TestBoundary: 0j  time: 9.632017905001703
epoch339  rel.Train: 0.0067676701433956625  rel.Test: 0.011523038931190967  abs.Test: 7.788910297676921e-05  abs.TestBoundary: 0j  time: 9.620612575999985
epoch340  rel.Train: 0.006368109229952097  rel.Test: 0.011355298422276974  abs.Test: 7.68600332958158e-05  abs.TestBoundary: 0j  time: 9.62078832199768
epoch341  rel.Train: 0.006335963729768992  rel.Test: 0.011319269873201847  abs.Test: 7.651123945834115e-05  abs.TestBoundary: 0j  time: 9.625571408003452
epoch342  rel.Train: 0.006534646201878786  rel.Test: 0.011294504888355731  abs.Test: 7.634910842170939e-05  abs.TestBoundary: 0j  time: 9.620708028000081
epoch343  rel.Train: 0.006013322647660971  rel.Test: 0.011276724599301815  abs.Test: 7.61707044148352e-05  abs.TestBoundary: 0j  time: 9.611135610000929
epoch344  rel.Train: 0.006351720962673425  rel.Test: 0.011519117839634418  abs.Test: 7.759637970593758e-05  abs.TestBoundary: 0j  time: 9.620332600003167
epoch345  rel.Train: 0.006306662086397409  rel.Test: 0.011352229006588459  abs.Test: 7.68911158957053e-05  abs.TestBoundary: 0j  time: 9.619997051006067
epoch346  rel.Train: 0.006257037561386823  rel.Test: 0.011497754864394664  abs.Test: 7.781619991874322e-05  abs.TestBoundary: 0j  time: 9.62371875700046
epoch347  rel.Train: 0.006279319677501917  rel.Test: 0.010995324924588204  abs.Test: 7.434999773977325e-05  abs.TestBoundary: 0j  time: 9.610565196999232
epoch348  rel.Train: 0.006124021012336015  rel.Test: 0.011295233853161335  abs.Test: 7.640292256837711e-05  abs.TestBoundary: 0j  time: 9.614007627998944
epoch349  rel.Train: 0.005990875218063593  rel.Test: 0.011053398214280606  abs.Test: 7.466805021977052e-05  abs.TestBoundary: 0j  time: 9.611326883998117
epoch350  rel.Train: 0.006054531216621399  rel.Test: 0.01183818992227316  abs.Test: 8.016927895369009e-05  abs.TestBoundary: 0j  time: 9.621990175000974
epoch351  rel.Train: 0.006106453943997622  rel.Test: 0.010884221121668815  abs.Test: 7.348208557232283e-05  abs.TestBoundary: 0j  time: 9.567429301001539
epoch352  rel.Train: 0.005915931403636932  rel.Test: 0.011303749904036521  abs.Test: 7.629440282471479e-05  abs.TestBoundary: 0j  time: 9.56750554399332
epoch353  rel.Train: 0.005966180719435215  rel.Test: 0.011150013878941536  abs.Test: 7.529099704697728e-05  abs.TestBoundary: 0j  time: 9.573495945995091
epoch354  rel.Train: 0.006015773016959429  rel.Test: 0.011115704327821732  abs.Test: 7.506355192163027e-05  abs.TestBoundary: 0j  time: 9.572269772994332
epoch355  rel.Train: 0.005929640993475914  rel.Test: 0.01113242719322443  abs.Test: 7.511761985369958e-05  abs.TestBoundary: 0j  time: 9.565427309004008
epoch356  rel.Train: 0.006150101356208325  rel.Test: 0.01305824775248766  abs.Test: 8.858203626004979e-05  abs.TestBoundary: 0j  time: 9.566256680998777
epoch357  rel.Train: 0.006048116512596608  rel.Test: 0.011169095784425735  abs.Test: 7.558916957350447e-05  abs.TestBoundary: 0j  time: 9.562830787996063
epoch358  rel.Train: 0.0060247059911489485  rel.Test: 0.011292213425040245  abs.Test: 7.619055599207058e-05  abs.TestBoundary: 0j  time: 9.567105944996001
epoch359  rel.Train: 0.006474311850965023  rel.Test: 0.011082625351846218  abs.Test: 7.48049777757842e-05  abs.TestBoundary: 0j  time: 9.555764263001038
epoch360  rel.Train: 0.0063186193220317365  rel.Test: 0.011410988532006741  abs.Test: 7.7162713278085e-05  abs.TestBoundary: 0j  time: 9.562920592004957
epoch361  rel.Train: 0.005894752781838179  rel.Test: 0.011009932123124599  abs.Test: 7.43882922688499e-05  abs.TestBoundary: 0j  time: 9.565137123994646
epoch362  rel.Train: 0.005745565973222256  rel.Test: 0.011170129850506782  abs.Test: 7.540781691204756e-05  abs.TestBoundary: 0j  time: 9.562634051995701
epoch363  rel.Train: 0.005972986176609993  rel.Test: 0.011260827258229255  abs.Test: 7.619243071530945e-05  abs.TestBoundary: 0j  time: 9.570166473997233
epoch364  rel.Train: 0.005727186173200607  rel.Test: 0.010911962501704692  abs.Test: 7.369230763288215e-05  abs.TestBoundary: 0j  time: 9.574600817002647
epoch365  rel.Train: 0.005650629855692387  rel.Test: 0.011092022322118282  abs.Test: 7.486589529435151e-05  abs.TestBoundary: 0j  time: 9.58184750500368
epoch366  rel.Train: 0.00558570946007967  rel.Test: 0.010993956550955773  abs.Test: 7.432094746036455e-05  abs.TestBoundary: 0j  time: 9.58809519100032
epoch367  rel.Train: 0.005534790944308043  rel.Test: 0.011200613081455231  abs.Test: 7.583883154438809e-05  abs.TestBoundary: 0j  time: 9.59631310700206
epoch368  rel.Train: 0.00541776005551219  rel.Test: 0.011317417547106743  abs.Test: 7.67060651560314e-05  abs.TestBoundary: 0j  time: 9.602802213994437
epoch369  rel.Train: 0.0056403180770576  rel.Test: 0.011027608960866929  abs.Test: 7.453186801285483e-05  abs.TestBoundary: 0j  time: 9.61547385599988
epoch370  rel.Train: 0.00543984005600214  rel.Test: 0.011080987937748431  abs.Test: 7.5056850182591e-05  abs.TestBoundary: 0j  time: 9.61087647700333
epoch371  rel.Train: 0.0054519884735345844  rel.Test: 0.010887587666511536  abs.Test: 7.355066336458548e-05  abs.TestBoundary: 0j  time: 9.620206922001671
epoch372  rel.Train: 0.005393049728125334  rel.Test: 0.010981583669781685  abs.Test: 7.432371130562387e-05  abs.TestBoundary: 0j  time: 9.602187096999842
epoch373  rel.Train: 0.005341552849858999  rel.Test: 0.01099803451448679  abs.Test: 7.440965113346465e-05  abs.TestBoundary: 0j  time: 9.609503432002384
epoch374  rel.Train: 0.005497475925832987  rel.Test: 0.010910141244530679  abs.Test: 7.374057924607768e-05  abs.TestBoundary: 0j  time: 9.602651467001124
epoch375  rel.Train: 0.005357857096940279  rel.Test: 0.01089776374399662  abs.Test: 7.359418435953557e-05  abs.TestBoundary: 0j  time: 9.596164609996777
epoch376  rel.Train: 0.00562968222796917  rel.Test: 0.011082996018230915  abs.Test: 7.488672737963497e-05  abs.TestBoundary: 0j  time: 9.607499228004599
epoch377  rel.Train: 0.005375280413776636  rel.Test: 0.010893761478364468  abs.Test: 7.357311478699558e-05  abs.TestBoundary: 0j  time: 9.610934832002386
epoch378  rel.Train: 0.005299544185400009  rel.Test: 0.010901054628193378  abs.Test: 7.362324657151476e-05  abs.TestBoundary: 0j  time: 9.606492655999318
epoch379  rel.Train: 0.005240285839885474  rel.Test: 0.011092297397553921  abs.Test: 7.494257893995381e-05  abs.TestBoundary: 0j  time: 9.607506373999058
epoch380  rel.Train: 0.0055045694559812544  rel.Test: 0.011065970920026303  abs.Test: 7.489920317311771e-05  abs.TestBoundary: 0j  time: 9.610904360000859
epoch381  rel.Train: 0.005266692560166121  rel.Test: 0.010867826752364635  abs.Test: 7.350676067289896e-05  abs.TestBoundary: 0j  time: 9.602119095005037
epoch382  rel.Train: 0.005138089578598738  rel.Test: 0.01094138976186514  abs.Test: 7.380812923656776e-05  abs.TestBoundary: 0j  time: 9.603140393999638
epoch383  rel.Train: 0.005070082135498524  rel.Test: 0.01092090182006359  abs.Test: 7.379971371847205e-05  abs.TestBoundary: 0j  time: 9.58779586500168
epoch384  rel.Train: 0.005068973019719124  rel.Test: 0.010909784957766533  abs.Test: 7.354817469604313e-05  abs.TestBoundary: 0j  time: 9.597354361001635
epoch385  rel.Train: 0.005392843440175057  rel.Test: 0.010894137099385262  abs.Test: 7.36584655533079e-05  abs.TestBoundary: 0j  time: 9.596996726002544
epoch386  rel.Train: 0.005330226328223944  rel.Test: 0.010994107611477375  abs.Test: 7.423800736432894e-05  abs.TestBoundary: 0j  time: 9.592884553996555
epoch387  rel.Train: 0.005240473728626967  rel.Test: 0.01093310296535492  abs.Test: 7.39489788247738e-05  abs.TestBoundary: 0j  time: 9.580004470000858
epoch388  rel.Train: 0.005255157358944416  rel.Test: 0.010881923101842404  abs.Test: 7.348464714596048e-05  abs.TestBoundary: 0j  time: 9.574657465993369
epoch389  rel.Train: 0.005083007387816906  rel.Test: 0.010823521241545677  abs.Test: 7.308671600185335e-05  abs.TestBoundary: 0j  time: 9.577929358005349
epoch390  rel.Train: 0.005058260377496481  rel.Test: 0.010930744521319867  abs.Test: 7.385506993159651e-05  abs.TestBoundary: 0j  time: 9.579742980000447
epoch391  rel.Train: 0.005026336513459682  rel.Test: 0.010825442038476468  abs.Test: 7.32096636784263e-05  abs.TestBoundary: 0j  time: 9.583540514999186
epoch392  rel.Train: 0.005036760836839676  rel.Test: 0.010862912870943547  abs.Test: 7.344093755818903e-05  abs.TestBoundary: 0j  time: 9.584128857000906
epoch393  rel.Train: 0.005069896578788757  rel.Test: 0.010917316190898418  abs.Test: 7.371567451627925e-05  abs.TestBoundary: 0j  time: 9.574401329999091
epoch394  rel.Train: 0.004960027929395437  rel.Test: 0.010852832533419132  abs.Test: 7.325249040150083e-05  abs.TestBoundary: 0j  time: 9.567864790005842
epoch395  rel.Train: 0.004944472821429372  rel.Test: 0.010998605452477932  abs.Test: 7.44772533653304e-05  abs.TestBoundary: 0j  time: 9.572305738998693
epoch396  rel.Train: 0.0049704579859972  rel.Test: 0.010833724103868007  abs.Test: 7.318533374927938e-05  abs.TestBoundary: 0j  time: 9.572562544999528
epoch397  rel.Train: 0.004895980410277843  rel.Test: 0.010924918763339519  abs.Test: 7.387338715489022e-05  abs.TestBoundary: 0j  time: 9.573817399003019
epoch398  rel.Train: 0.004858460856601596  rel.Test: 0.010799207612872124  abs.Test: 7.300533892703243e-05  abs.TestBoundary: 0j  time: 9.660900410999602
epoch399  rel.Train: 0.004809494180604815  rel.Test: 0.010834409967064857  abs.Test: 7.332181296078488e-05  abs.TestBoundary: 0j  time: 9.571258960997511
epoch400  rel.Train: 0.004865405354648828  rel.Test: 0.010870262049138546  abs.Test: 7.359674986219033e-05  abs.TestBoundary: 0j  time: 9.575884344994847
epoch401  rel.Train: 0.00494396223127842  rel.Test: 0.010873919501900673  abs.Test: 7.341107018874027e-05  abs.TestBoundary: 0j  time: 9.574633959993662
epoch402  rel.Train: 0.005005361035466194  rel.Test: 0.010920578390359878  abs.Test: 7.3855189839378e-05  abs.TestBoundary: 0j  time: 9.572100757999578
epoch403  rel.Train: 0.004822700206190348  rel.Test: 0.01075150541961193  abs.Test: 7.272755188751034e-05  abs.TestBoundary: 0j  time: 9.57521806099976
epoch404  rel.Train: 0.004762226266786456  rel.Test: 0.010873511359095573  abs.Test: 7.348798244493082e-05  abs.TestBoundary: 0j  time: 14.33360254800209
epoch405  rel.Train: 0.004812965353950858  rel.Test: 0.010762053094804287  abs.Test: 7.27798331354279e-05  abs.TestBoundary: 0j  time: 9.764430695002375
epoch406  rel.Train: 0.004700369128957391  rel.Test: 0.01076712653040886  abs.Test: 7.284859617357142e-05  abs.TestBoundary: 0j  time: 9.565721915998438
epoch407  rel.Train: 0.004726363809779286  rel.Test: 0.010682973042130471  abs.Test: 7.221681662485934e-05  abs.TestBoundary: 0j  time: 9.652216865004448
epoch408  rel.Train: 0.004754248255863786  rel.Test: 0.010758885219693183  abs.Test: 7.273077688296325e-05  abs.TestBoundary: 0j  time: 9.571470500995929
epoch409  rel.Train: 0.004704180564731359  rel.Test: 0.010935287550091743  abs.Test: 7.405952899716795e-05  abs.TestBoundary: 0j  time: 9.565974247001577
epoch410  rel.Train: 0.004702914401888848  rel.Test: 0.010713044889271259  abs.Test: 7.241592888021842e-05  abs.TestBoundary: 0j  time: 9.568078407995927
epoch411  rel.Train: 0.004657588187605142  rel.Test: 0.010717424191534519  abs.Test: 7.249109374242835e-05  abs.TestBoundary: 0j  time: 9.577596473995072
epoch412  rel.Train: 0.004731812488287687  rel.Test: 0.010752151161432267  abs.Test: 7.257699660840445e-05  abs.TestBoundary: 0j  time: 9.581188493997615
epoch413  rel.Train: 0.004683907406404614  rel.Test: 0.010706702284514903  abs.Test: 7.234456308651715e-05  abs.TestBoundary: 0j  time: 9.576013780999347
epoch414  rel.Train: 0.004671069795265794  rel.Test: 0.01075355265289545  abs.Test: 7.270487214555032e-05  abs.TestBoundary: 0j  time: 9.575478580998606
epoch415  rel.Train: 0.004560482548549771  rel.Test: 0.01063638973981142  abs.Test: 7.187072566011921e-05  abs.TestBoundary: 0j  time: 9.572038341000734
epoch416  rel.Train: 0.0045556239858269695  rel.Test: 0.010743970945477486  abs.Test: 7.262384839123115e-05  abs.TestBoundary: 0j  time: 9.583194582002761
epoch417  rel.Train: 0.004577159442007542  rel.Test: 0.01069406609982252  abs.Test: 7.228404356283136e-05  abs.TestBoundary: 0j  time: 9.571736585996405
epoch418  rel.Train: 0.004553946865722537  rel.Test: 0.010758236274123192  abs.Test: 7.278002420207485e-05  abs.TestBoundary: 0j  time: 9.576007335002942
epoch419  rel.Train: 0.004612330541014671  rel.Test: 0.01072946708649397  abs.Test: 7.254232448758558e-05  abs.TestBoundary: 0j  time: 9.571236144998693
epoch420  rel.Train: 0.004526523180305958  rel.Test: 0.010707194600254297  abs.Test: 7.246745211887173e-05  abs.TestBoundary: 0j  time: 9.581747846001235
epoch421  rel.Train: 0.00451822037436068  rel.Test: 0.010684477165341377  abs.Test: 7.216115802293643e-05  abs.TestBoundary: 0j  time: 9.582344082999043
epoch422  rel.Train: 0.0044445556625723835  rel.Test: 0.01069482922554016  abs.Test: 7.228675516671501e-05  abs.TestBoundary: 0j  time: 9.579555024996807
epoch423  rel.Train: 0.004449828002601862  rel.Test: 0.010696076117455959  abs.Test: 7.227707930724137e-05  abs.TestBoundary: 0j  time: 9.573267008003313
epoch424  rel.Train: 0.004436151945963502  rel.Test: 0.010654712207615375  abs.Test: 7.198540144599974e-05  abs.TestBoundary: 0j  time: 9.578090638999129
epoch425  rel.Train: 0.0043993521723896265  rel.Test: 0.010715871900320053  abs.Test: 7.242683510412462e-05  abs.TestBoundary: 0j  time: 9.573310487998242
epoch426  rel.Train: 0.004395310278981924  rel.Test: 0.0106361760571599  abs.Test: 7.188560266513377e-05  abs.TestBoundary: 0j  time: 9.571278287003224
epoch427  rel.Train: 0.00441219868697226  rel.Test: 0.010632884837687016  abs.Test: 7.187539478763937e-05  abs.TestBoundary: 0j  time: 9.583748947996355
epoch428  rel.Train: 0.004386242752894759  rel.Test: 0.010675192512571811  abs.Test: 7.218319864477962e-05  abs.TestBoundary: 0j  time: 9.572090976995241
epoch429  rel.Train: 0.004441573724150658  rel.Test: 0.010670338608324528  abs.Test: 7.212409502244555e-05  abs.TestBoundary: 0j  time: 9.582621008004935
epoch430  rel.Train: 0.004366481509059668  rel.Test: 0.010668322388082742  abs.Test: 7.21100349619519e-05  abs.TestBoundary: 0j  time: 9.575862391000555
epoch431  rel.Train: 0.004348993359133601  rel.Test: 0.010694629810750485  abs.Test: 7.230032133520581e-05  abs.TestBoundary: 0j  time: 9.578982505001477
epoch432  rel.Train: 0.004333054758608341  rel.Test: 0.010712859891355038  abs.Test: 7.24589430319611e-05  abs.TestBoundary: 0j  time: 9.571458523001638
epoch433  rel.Train: 0.0043313050363212825  rel.Test: 0.01069502830505371  abs.Test: 7.231164883705787e-05  abs.TestBoundary: 0j  time: 9.570057666998764
epoch434  rel.Train: 0.004331599852070212  rel.Test: 0.010678774416446686  abs.Test: 7.220979707199148e-05  abs.TestBoundary: 0j  time: 9.579118087000097
epoch435  rel.Train: 0.004352172028273344  rel.Test: 0.010667649656534195  abs.Test: 7.209980918560177e-05  abs.TestBoundary: 0j  time: 9.572206871001981
epoch436  rel.Train: 0.004329683136194944  rel.Test: 0.010625498592853546  abs.Test: 7.181315115303732e-05  abs.TestBoundary: 0j  time: 9.578673985997739
epoch437  rel.Train: 0.004303692413493991  rel.Test: 0.01065986305475235  abs.Test: 7.20549737161491e-05  abs.TestBoundary: 0j  time: 9.581598167002085
epoch438  rel.Train: 0.004269873043522238  rel.Test: 0.010666891224682331  abs.Test: 7.213154996861704e-05  abs.TestBoundary: 0j  time: 9.584719140999368
epoch439  rel.Train: 0.0042541047651320696  rel.Test: 0.010655479952692986  abs.Test: 7.203926506917923e-05  abs.TestBoundary: 0j  time: 9.579931278000004
epoch440  rel.Train: 0.004287206798791885  rel.Test: 0.010696346163749695  abs.Test: 7.232359537738375e-05  abs.TestBoundary: 0j  time: 9.585582758998498
epoch441  rel.Train: 0.004258958838880062  rel.Test: 0.01067141730338335  abs.Test: 7.213627526652999e-05  abs.TestBoundary: 0j  time: 9.588271166001505
epoch442  rel.Train: 0.004239760432392358  rel.Test: 0.010651677250862121  abs.Test: 7.203923058114015e-05  abs.TestBoundary: 0j  time: 9.594117583001207
epoch443  rel.Train: 0.0042423367965966465  rel.Test: 0.010670793056488038  abs.Test: 7.215134100988508e-05  abs.TestBoundary: 0j  time: 9.593539108995174
epoch444  rel.Train: 0.004224080719053745  rel.Test: 0.010622095558792352  abs.Test: 7.180972592323087e-05  abs.TestBoundary: 0j  time: 9.588682778005023
epoch445  rel.Train: 0.004200020400807261  rel.Test: 0.010626704227179288  abs.Test: 7.185499358456581e-05  abs.TestBoundary: 0j  time: 9.588544781996461
epoch446  rel.Train: 0.00420146412961185  rel.Test: 0.010616765320301057  abs.Test: 7.174358950578607e-05  abs.TestBoundary: 0j  time: 9.594613781999215
epoch447  rel.Train: 0.0042120705340057615  rel.Test: 0.010666211172938346  abs.Test: 7.210720417788252e-05  abs.TestBoundary: 0j  time: 9.591176711997832
epoch448  rel.Train: 0.004184683296829462  rel.Test: 0.010656795017421245  abs.Test: 7.20749847823754e-05  abs.TestBoundary: 0j  time: 9.585705051998957
epoch449  rel.Train: 0.004190001038834453  rel.Test: 0.010633979029953479  abs.Test: 7.188577234046534e-05  abs.TestBoundary: 0j  time: 9.58773944099812
epoch450  rel.Train: 0.004159754959866404  rel.Test: 0.010631549805402755  abs.Test: 7.18722608871758e-05  abs.TestBoundary: 0j  time: 9.586848272003408
epoch451  rel.Train: 0.004158803321421147  rel.Test: 0.010628925040364265  abs.Test: 7.184369140304625e-05  abs.TestBoundary: 0j  time: 9.585581838997314
epoch452  rel.Train: 0.004164653763175011  rel.Test: 0.010625408105552197  abs.Test: 7.185058653703891e-05  abs.TestBoundary: 0j  time: 9.585056075004104
epoch453  rel.Train: 0.004151669710874557  rel.Test: 0.010599447265267372  abs.Test: 7.164489812566899e-05  abs.TestBoundary: 0j  time: 9.5799105469996
epoch454  rel.Train: 0.0041630764529109  rel.Test: 0.01059829030185938  abs.Test: 7.163073489209637e-05  abs.TestBoundary: 0j  time: 9.57580537800095
epoch455  rel.Train: 0.004148629743605852  rel.Test: 0.010649418644607066  abs.Test: 7.200358013506047e-05  abs.TestBoundary: 0j  time: 9.58546380000189
epoch456  rel.Train: 0.004139570109546184  rel.Test: 0.010626576170325279  abs.Test: 7.187058246927336e-05  abs.TestBoundary: 0j  time: 9.577401248003298
epoch457  rel.Train: 0.004131509594619274  rel.Test: 0.010601455327123404  abs.Test: 7.167699746787548e-05  abs.TestBoundary: 0j  time: 9.56613493400073
epoch458  rel.Train: 0.004127459924668074  rel.Test: 0.010641588009893893  abs.Test: 7.195390033302829e-05  abs.TestBoundary: 0j  time: 9.568206096002541
epoch459  rel.Train: 0.004108412561938167  rel.Test: 0.010629553981125354  abs.Test: 7.18610209878534e-05  abs.TestBoundary: 0j  time: 9.569814795002458
epoch460  rel.Train: 0.004104711398482322  rel.Test: 0.010600776374340058  abs.Test: 7.166031457018108e-05  abs.TestBoundary: 0j  time: 9.561818988004234
epoch461  rel.Train: 0.0041107691302895545  rel.Test: 0.010609039403498173  abs.Test: 7.174239857704378e-05  abs.TestBoundary: 0j  time: 9.563041106004675
epoch462  rel.Train: 0.004095421155914664  rel.Test: 0.010600651688873768  abs.Test: 7.165140123106539e-05  abs.TestBoundary: 0j  time: 9.56691873899399
epoch463  rel.Train: 0.0040879809074103836  rel.Test: 0.010610453188419341  abs.Test: 7.173223610152491e-05  abs.TestBoundary: 0j  time: 9.55903945799946
epoch464  rel.Train: 0.004082678988575936  rel.Test: 0.010616392120718956  abs.Test: 7.17670786252711e-05  abs.TestBoundary: 0j  time: 9.560756357997889
epoch465  rel.Train: 0.0040775027256458995  rel.Test: 0.01062400832772255  abs.Test: 7.18392313865479e-05  abs.TestBoundary: 0j  time: 9.562295984003867
epoch466  rel.Train: 0.004078608714044094  rel.Test: 0.010613280832767486  abs.Test: 7.173049438279122e-05  abs.TestBoundary: 0j  time: 9.559188920000452
epoch467  rel.Train: 0.004068279691040516  rel.Test: 0.010623019225895404  abs.Test: 7.182903616921977e-05  abs.TestBoundary: 0j  time: 9.556262605001393
epoch468  rel.Train: 0.004070149620994925  rel.Test: 0.010625931266695261  abs.Test: 7.18719168798998e-05  abs.TestBoundary: 0j  time: 9.570686783998099
epoch469  rel.Train: 0.0040716150682419535  rel.Test: 0.010631835497915744  abs.Test: 7.187656272435561e-05  abs.TestBoundary: 0j  time: 9.578732998001215
epoch470  rel.Train: 0.004060432754456997  rel.Test: 0.010607776381075382  abs.Test: 7.171092947828583e-05  abs.TestBoundary: 0j  time: 9.58484492199932
epoch471  rel.Train: 0.004049820641055703  rel.Test: 0.010617906823754311  abs.Test: 7.17927102232352e-05  abs.TestBoundary: 0j  time: 9.589741919000517
epoch472  rel.Train: 0.004051009563729167  rel.Test: 0.010609106533229351  abs.Test: 7.172246201662346e-05  abs.TestBoundary: 0j  time: 9.595473831002892
epoch473  rel.Train: 0.004049297140911221  rel.Test: 0.010597907528281212  abs.Test: 7.164333263062872e-05  abs.TestBoundary: 0j  time: 9.622052272003202
epoch474  rel.Train: 0.004041933853179217  rel.Test: 0.010618241131305694  abs.Test: 7.179588268627413e-05  abs.TestBoundary: 0j  time: 9.626509849003924
epoch475  rel.Train: 0.004039008071646095  rel.Test: 0.010611529648303985  abs.Test: 7.173601305112243e-05  abs.TestBoundary: 0j  time: 9.618217340001138
epoch476  rel.Train: 0.004031862318515778  rel.Test: 0.010610074177384377  abs.Test: 7.173501056968234e-05  abs.TestBoundary: 0j  time: 9.619707073004975
epoch477  rel.Train: 0.004029186541214585  rel.Test: 0.010615917276591063  abs.Test: 7.177794497692958e-05  abs.TestBoundary: 0j  time: 9.616825636003341
epoch478  rel.Train: 0.004023238332942128  rel.Test: 0.010611822754144669  abs.Test: 7.173769656219519e-05  abs.TestBoundary: 0j  time: 9.61697516500135
epoch479  rel.Train: 0.004021207548677921  rel.Test: 0.010609931610524655  abs.Test: 7.173065139795654e-05  abs.TestBoundary: 0j  time: 9.618392273005156
epoch480  rel.Train: 0.004019040372222662  rel.Test: 0.01060905110090971  abs.Test: 7.172667828854173e-05  abs.TestBoundary: 0j  time: 9.609953553997912
epoch481  rel.Train: 0.0040186513122171166  rel.Test: 0.010612726584076882  abs.Test: 7.174308600951918e-05  abs.TestBoundary: 0j  time: 9.609886935002578
epoch482  rel.Train: 0.0040172695238143204  rel.Test: 0.0106017710827291  abs.Test: 7.168112089857459e-05  abs.TestBoundary: 0j  time: 9.623545965994708
epoch483  rel.Train: 0.0040121346861124035  rel.Test: 0.01060837808996439  abs.Test: 7.172193043516018e-05  abs.TestBoundary: 0j  time: 9.609680074994685
epoch484  rel.Train: 0.004010024532675743  rel.Test: 0.010605331026017666  abs.Test: 7.169934484409168e-05  abs.TestBoundary: 0j  time: 9.603440042003058
epoch485  rel.Train: 0.0040078841932117935  rel.Test: 0.010605571120977401  abs.Test: 7.170050375862047e-05  abs.TestBoundary: 0j  time: 9.592728736999561
epoch486  rel.Train: 0.004006019944325089  rel.Test: 0.010602306947112084  abs.Test: 7.166207549744286e-05  abs.TestBoundary: 0j  time: 9.588186410001072
epoch487  rel.Train: 0.004005546230822801  rel.Test: 0.010598454903811217  abs.Test: 7.164939568610863e-05  abs.TestBoundary: 0j  time: 9.57247770200047
epoch488  rel.Train: 0.004000486491248011  rel.Test: 0.010595305524766445  abs.Test: 7.163168687839061e-05  abs.TestBoundary: 0j  time: 9.561967756999366
epoch489  rel.Train: 0.003999915212392807  rel.Test: 0.010589562356472015  abs.Test: 7.158643347793259e-05  abs.TestBoundary: 0j  time: 9.547272583004087
epoch490  rel.Train: 0.004000137893483043  rel.Test: 0.0106090534850955  abs.Test: 7.172804180299863e-05  abs.TestBoundary: 0j  time: 9.547323857994343
epoch491  rel.Train: 0.00399786576628685  rel.Test: 0.010607232339680195  abs.Test: 7.17166181129869e-05  abs.TestBoundary: 0j  time: 9.5403445310003
epoch492  rel.Train: 0.0039972497373819355  rel.Test: 0.01060168094933033  abs.Test: 7.16702344652731e-05  abs.TestBoundary: 0j  time: 9.53438269799517
epoch493  rel.Train: 0.003994458863511682  rel.Test: 0.010604086294770242  abs.Test: 7.168620824813842e-05  abs.TestBoundary: 0j  time: 9.540448239000398
epoch494  rel.Train: 0.003993743574246764  rel.Test: 0.010602316204458475  abs.Test: 7.167887437390164e-05  abs.TestBoundary: 0j  time: 9.540982571001223
epoch495  rel.Train: 0.003993809437379241  rel.Test: 0.010597612541168928  abs.Test: 7.165258488385006e-05  abs.TestBoundary: 0j  time: 9.547117515998252
epoch496  rel.Train: 0.003993006218224764  rel.Test: 0.010599820390343666  abs.Test: 7.165038085076958e-05  abs.TestBoundary: 0j  time: 9.549709870996594
epoch497  rel.Train: 0.003992065850645304  rel.Test: 0.010596824325621128  abs.Test: 7.164532609749586e-05  abs.TestBoundary: 0j  time: 9.5533108709933
epoch498  rel.Train: 0.003991903914138675  rel.Test: 0.010598537344485522  abs.Test: 7.165946371969766e-05  abs.TestBoundary: 0j  time: 9.552034717002243
epoch499  rel.Train: 0.00399008653126657  rel.Test: 0.010602253675460815  abs.Test: 7.167494477471337e-05  abs.TestBoundary: 0j  time: 9.565515816997504
