original data: in (1324, 421, 421) out (1324, 421, 421)
used data: x_train (1000, 44521, 3) y_train (1000, 44521, 1) x_test (200, 44521, 3) y_test (200, 44521, 1)
############################################################ config of data ############################################################
type: normal
L: 1.0
downsample_ratio: 2
n_train: 1000
n_test: 200
pca_include_input: False
pca_include_grid: False
should_include_F: False
should_flatten: True
should_compute_bases: True
############################################################ config of model ############################################################
in_dim: 3
out_dim: 1
fc_channels: 128
layer_channels: [128, 128, 128, 128, 128]
layer_types: ['GalerkinConv', 'GalerkinConv', 'GalerkinConv', 'GalerkinConv']
act: gelu
should_residual: [False, False, False, False]
modes_gk: [512, 512, 512, 512]
bases_types: ['pca_out', 'pca_out', 'pca_out', 'pca_out']
wbases_types: ['pca_out', 'pca_out', 'pca_out', 'pca_out']
green_types: ['HierLrGreen', 'HierLrGreen', 'HierLrGreen', 'HierLrGreen']
ranks_h: [4, 4, 4, 4]
levels: [4, 4, 4, 4]
ranks_d: [4, 4, 4, 4]
heads: [4, 4, 4, 4]
############################################################ config of train ############################################################
device: cuda
normalization_x: True
normalization_y: True
normalization_dim: []
epochs: 500
batch_size: 8
scheduler: OneCycleLR
base_lr: 0.001
weight_decay: 0.0001
milestones: None
scheduler_gamma: None
############################################################ Start Training ############################################################
number of parameters is 8471809
no boundary loss
epoch0  rel.Train: 0.2747987067699432  rel.Test: 0.12389869809150696  abs.Test: 0.0008317170827649534  abs.TestBoundary: 0j  time: 11.608004412002629
epoch1  rel.Train: 0.11300628864765168  rel.Test: 0.09829811125993729  abs.Test: 0.0006794307637028396  abs.TestBoundary: 0j  time: 10.564895927993348
epoch2  rel.Train: 0.08599081158638  rel.Test: 0.07450105279684066  abs.Test: 0.0005014327983371914  abs.TestBoundary: 0j  time: 10.530897215008736
epoch3  rel.Train: 0.06368836256861686  rel.Test: 0.05373973608016968  abs.Test: 0.00036525906529277563  abs.TestBoundary: 0j  time: 10.524665806005942
epoch4  rel.Train: 0.04994977217912674  rel.Test: 0.04918783292174339  abs.Test: 0.00033368751755915584  abs.TestBoundary: 0j  time: 10.58119969299878
epoch5  rel.Train: 0.04389351013302803  rel.Test: 0.052782358080148695  abs.Test: 0.00035223208018578587  abs.TestBoundary: 0j  time: 10.633926336988225
epoch6  rel.Train: 0.03870540276169777  rel.Test: 0.04176078304648399  abs.Test: 0.00028273172327317295  abs.TestBoundary: 0j  time: 10.69842658599373
epoch7  rel.Train: 0.036778559997677804  rel.Test: 0.03993154138326645  abs.Test: 0.000270355973043479  abs.TestBoundary: 0j  time: 10.722254610009259
epoch8  rel.Train: 0.034374334543943404  rel.Test: 0.03214295327663422  abs.Test: 0.00021825620380695908  abs.TestBoundary: 0j  time: 10.657259163010167
epoch9  rel.Train: 0.03161122581362724  rel.Test: 0.03830788135528564  abs.Test: 0.0002581550314789638  abs.TestBoundary: 0j  time: 10.600179696004489
epoch10  rel.Train: 0.03145361217856407  rel.Test: 0.03626392811536789  abs.Test: 0.0002476606494747102  abs.TestBoundary: 0j  time: 10.573970254001324
epoch11  rel.Train: 0.029356227457523344  rel.Test: 0.03333965748548508  abs.Test: 0.00022798964870162307  abs.TestBoundary: 0j  time: 10.572200166992843
epoch12  rel.Train: 0.030066268846392633  rel.Test: 0.029730670079588892  abs.Test: 0.0002009842125698924  abs.TestBoundary: 0j  time: 10.576036523998482
epoch13  rel.Train: 0.026232220351696013  rel.Test: 0.028070239201188087  abs.Test: 0.00019009132112842052  abs.TestBoundary: 0j  time: 10.566644966005697
epoch14  rel.Train: 0.02559586614370346  rel.Test: 0.029179837852716446  abs.Test: 0.0001978212088579312  abs.TestBoundary: 0j  time: 10.580667250993429
epoch15  rel.Train: 0.025550361454486848  rel.Test: 0.028053866773843764  abs.Test: 0.00018951519625261425  abs.TestBoundary: 0j  time: 10.607673563994467
epoch16  rel.Train: 0.024055435568094252  rel.Test: 0.027702697664499284  abs.Test: 0.00018629967176821084  abs.TestBoundary: 0j  time: 10.648280159002752
epoch17  rel.Train: 0.02413665395975113  rel.Test: 0.026643900275230406  abs.Test: 0.0001795622822828591  abs.TestBoundary: 0j  time: 10.69017972999427
epoch18  rel.Train: 0.023561456099152566  rel.Test: 0.02732371084392071  abs.Test: 0.00018498736841138453  abs.TestBoundary: 0j  time: 10.739941790001467
epoch19  rel.Train: 0.023087820425629617  rel.Test: 0.026564444005489348  abs.Test: 0.00017935497977305203  abs.TestBoundary: 0j  time: 10.769389591005165
epoch20  rel.Train: 0.02185326334834099  rel.Test: 0.026718040332198142  abs.Test: 0.000180831968318671  abs.TestBoundary: 0j  time: 10.80939356899762
epoch21  rel.Train: 0.021532067358493806  rel.Test: 0.026827392801642418  abs.Test: 0.00018072762875817716  abs.TestBoundary: 0j  time: 10.831438089007861
epoch22  rel.Train: 0.021712623462080957  rel.Test: 0.02532676197588444  abs.Test: 0.00017023215244989841  abs.TestBoundary: 0j  time: 10.757751033001114
epoch23  rel.Train: 0.021370447903871537  rel.Test: 0.02308338984847069  abs.Test: 0.00015592191368341446  abs.TestBoundary: 0j  time: 10.681884831996285
epoch24  rel.Train: 0.02202914434671402  rel.Test: 0.02723521925508976  abs.Test: 0.0001839600398670882  abs.TestBoundary: 0j  time: 10.632584229009808
epoch25  rel.Train: 0.022476579561829566  rel.Test: 0.02344515986740589  abs.Test: 0.0001584296696819365  abs.TestBoundary: 0j  time: 10.613200533989584
epoch26  rel.Train: 0.020730614021420478  rel.Test: 0.023518762066960335  abs.Test: 0.0001591767615173012  abs.TestBoundary: 0j  time: 10.603602389004664
epoch27  rel.Train: 0.0199624627828598  rel.Test: 0.02406627967953682  abs.Test: 0.00016256881644949317  abs.TestBoundary: 0j  time: 10.609196513993083
epoch28  rel.Train: 0.019599679231643678  rel.Test: 0.02443176582455635  abs.Test: 0.00016516503819730133  abs.TestBoundary: 0j  time: 10.630019725998864
epoch29  rel.Train: 0.021097779646515845  rel.Test: 0.024340515434741975  abs.Test: 0.00016420421947259455  abs.TestBoundary: 0j  time: 10.647004477010341
epoch30  rel.Train: 0.018939631782472134  rel.Test: 0.02212834358215332  abs.Test: 0.0001491751678986475  abs.TestBoundary: 0j  time: 10.668462289002491
epoch31  rel.Train: 0.019836884647607803  rel.Test: 0.02642525181174278  abs.Test: 0.00017938930774107575  abs.TestBoundary: 0j  time: 10.703215899993666
epoch32  rel.Train: 0.019936865754425527  rel.Test: 0.030834421068429946  abs.Test: 0.00020905525423586368  abs.TestBoundary: 0j  time: 10.731512191996444
epoch33  rel.Train: 0.020126702703535556  rel.Test: 0.02269489325582981  abs.Test: 0.00015297750127501786  abs.TestBoundary: 0j  time: 10.761886335996678
epoch34  rel.Train: 0.018521072171628475  rel.Test: 0.023705219179391862  abs.Test: 0.0001601031725294888  abs.TestBoundary: 0j  time: 10.778244493994862
epoch35  rel.Train: 0.020081462547183036  rel.Test: 0.02673882633447647  abs.Test: 0.0001826793554937467  abs.TestBoundary: 0j  time: 10.7972509550018
epoch36  rel.Train: 0.01955085403472185  rel.Test: 0.02351072885096073  abs.Test: 0.0001586338324705139  abs.TestBoundary: 0j  time: 10.78301869299321
epoch37  rel.Train: 0.018506591252982617  rel.Test: 0.021882739439606665  abs.Test: 0.00014772151276702062  abs.TestBoundary: 0j  time: 10.739622202003375
epoch38  rel.Train: 0.019875852711498738  rel.Test: 0.023903660103678705  abs.Test: 0.00016108467883896082  abs.TestBoundary: 0j  time: 10.705579147994285
epoch39  rel.Train: 0.01982511702924967  rel.Test: 0.025747377052903177  abs.Test: 0.00017268347262870522  abs.TestBoundary: 0j  time: 10.682309797004564
epoch40  rel.Train: 0.020012299463152885  rel.Test: 0.024291047900915144  abs.Test: 0.00016487269313074647  abs.TestBoundary: 0j  time: 10.67384966800455
epoch41  rel.Train: 0.01876754143834114  rel.Test: 0.023145006522536277  abs.Test: 0.00015535798680502922  abs.TestBoundary: 0j  time: 10.670445798998117
epoch42  rel.Train: 0.01875793232768774  rel.Test: 0.023313093706965448  abs.Test: 0.0001575128559488803  abs.TestBoundary: 0j  time: 10.674911720998352
epoch43  rel.Train: 0.020262549430131914  rel.Test: 0.023692225739359855  abs.Test: 0.0001600790466181934  abs.TestBoundary: 0j  time: 10.689194726001006
epoch44  rel.Train: 0.01916372453421354  rel.Test: 0.02221848651766777  abs.Test: 0.00014953593286918477  abs.TestBoundary: 0j  time: 10.710728143007145
epoch45  rel.Train: 0.017227979615330697  rel.Test: 0.02096668541431427  abs.Test: 0.00014151623734505846  abs.TestBoundary: 0j  time: 10.729159406007966
epoch46  rel.Train: 0.019222586914896964  rel.Test: 0.029409230053424835  abs.Test: 0.00019797229266259818  abs.TestBoundary: 0j  time: 10.748309090995463
epoch47  rel.Train: 0.02061021212488413  rel.Test: 0.020854057744145393  abs.Test: 0.00014086196635616942  abs.TestBoundary: 0j  time: 10.760434014999191
epoch48  rel.Train: 0.02122838543355465  rel.Test: 0.026372665539383888  abs.Test: 0.0001783336471999064  abs.TestBoundary: 0j  time: 10.78134693299944
epoch49  rel.Train: 0.019147674895823003  rel.Test: 0.022233128547668457  abs.Test: 0.00015049832756631077  abs.TestBoundary: 0j  time: 10.786165746001643
epoch50  rel.Train: 0.017690363250672816  rel.Test: 0.02198509320616722  abs.Test: 0.0001488225447246805  abs.TestBoundary: 0j  time: 10.794380156003172
epoch51  rel.Train: 0.020771946489810945  rel.Test: 0.023346220031380652  abs.Test: 0.00015813190955668688  abs.TestBoundary: 0j  time: 10.766285955993226
epoch52  rel.Train: 0.017185724064707756  rel.Test: 0.023767531514167786  abs.Test: 0.00016055655927630142  abs.TestBoundary: 0j  time: 10.7317041829956
epoch53  rel.Train: 0.01841900858283043  rel.Test: 0.02321287468075752  abs.Test: 0.00015838316263398156  abs.TestBoundary: 0j  time: 10.696607812991715
epoch54  rel.Train: 0.018478762291371822  rel.Test: 0.021546911522746084  abs.Test: 0.00014518182608298956  abs.TestBoundary: 0j  time: 10.680882022003061
epoch55  rel.Train: 0.019557375356554985  rel.Test: 0.022068421691656112  abs.Test: 0.00014872431580442935  abs.TestBoundary: 0j  time: 10.67504785899655
epoch56  rel.Train: 0.017618518121540548  rel.Test: 0.021166503354907037  abs.Test: 0.00014319952635560184  abs.TestBoundary: 0j  time: 10.680654912997852
epoch57  rel.Train: 0.018863385289907456  rel.Test: 0.02172641821205616  abs.Test: 0.00014704995264764876  abs.TestBoundary: 0j  time: 10.69009759000619
epoch58  rel.Train: 0.017242648243904115  rel.Test: 0.02246841147542  abs.Test: 0.00015180381800746544  abs.TestBoundary: 0j  time: 10.712559516003239
epoch59  rel.Train: 0.01746423903852701  rel.Test: 0.02401053547859192  abs.Test: 0.00016224743972998113  abs.TestBoundary: 0j  time: 10.726260755996918
epoch60  rel.Train: 0.017530306100845338  rel.Test: 0.020407918095588683  abs.Test: 0.00013800641492707654  abs.TestBoundary: 0j  time: 10.74439664100646
epoch61  rel.Train: 0.01892933128029108  rel.Test: 0.021465521305799484  abs.Test: 0.00014476760465186088  abs.TestBoundary: 0j  time: 10.75913297799707
epoch62  rel.Train: 0.019310599491000176  rel.Test: 0.02288851238787174  abs.Test: 0.00015396382717881353  abs.TestBoundary: 0j  time: 10.775483214005362
epoch63  rel.Train: 0.017714419431984426  rel.Test: 0.020832448825240137  abs.Test: 0.00014112345816101878  abs.TestBoundary: 0j  time: 10.790307497009053
epoch64  rel.Train: 0.01712100425362587  rel.Test: 0.022788250595331194  abs.Test: 0.00015371870307717472  abs.TestBoundary: 0j  time: 10.809338874008972
epoch65  rel.Train: 0.018786927342414855  rel.Test: 0.020618520453572275  abs.Test: 0.00013954782392829656  abs.TestBoundary: 0j  time: 10.79685731799691
epoch66  rel.Train: 0.018997801624238492  rel.Test: 0.023839688077569008  abs.Test: 0.00016085484356153756  abs.TestBoundary: 0j  time: 10.767312158990535
epoch67  rel.Train: 0.017638883993029594  rel.Test: 0.021062018647789955  abs.Test: 0.00014197975397109986  abs.TestBoundary: 0j  time: 10.71911388199078
epoch68  rel.Train: 0.018375330187380315  rel.Test: 0.02180590435862541  abs.Test: 0.00014830016589257867  abs.TestBoundary: 0j  time: 10.685516616998939
epoch69  rel.Train: 0.017297514870762826  rel.Test: 0.024471492692828178  abs.Test: 0.00016503412218298762  abs.TestBoundary: 0j  time: 10.679424493006081
epoch70  rel.Train: 0.019411202304065227  rel.Test: 0.02211912117898464  abs.Test: 0.00014886511489748956  abs.TestBoundary: 0j  time: 10.682414681999944
epoch71  rel.Train: 0.01956204713135958  rel.Test: 0.02564219705760479  abs.Test: 0.0001723990449681878  abs.TestBoundary: 0j  time: 10.691299882993917
epoch72  rel.Train: 0.017937879115343093  rel.Test: 0.02206551030278206  abs.Test: 0.00014968586969189347  abs.TestBoundary: 0j  time: 10.701957107012277
epoch73  rel.Train: 0.017178921975195407  rel.Test: 0.023684535324573517  abs.Test: 0.00016122801112942398  abs.TestBoundary: 0j  time: 10.726493638008833
epoch74  rel.Train: 0.020314768344163896  rel.Test: 0.02620184428989887  abs.Test: 0.00017722472897730769  abs.TestBoundary: 0j  time: 10.74162686499767
epoch75  rel.Train: 0.0190871072486043  rel.Test: 0.021648801043629647  abs.Test: 0.00014658533851616084  abs.TestBoundary: 0j  time: 10.759853487994405
epoch76  rel.Train: 0.018529662556946276  rel.Test: 0.023993571922183037  abs.Test: 0.00016214412986300885  abs.TestBoundary: 0j  time: 10.770879105009953
epoch77  rel.Train: 0.018785788983106615  rel.Test: 0.022029164284467696  abs.Test: 0.00014923981070751323  abs.TestBoundary: 0j  time: 10.798983418004354
epoch78  rel.Train: 0.016485998898744584  rel.Test: 0.020632505789399146  abs.Test: 0.00013899696379667147  abs.TestBoundary: 0j  time: 10.812038926000241
epoch79  rel.Train: 0.01770944906771183  rel.Test: 0.021238154843449594  abs.Test: 0.00014283861353760584  abs.TestBoundary: 0j  time: 10.805515079002362
epoch80  rel.Train: 0.016517766796052456  rel.Test: 0.02146710403263569  abs.Test: 0.00014415088604437189  abs.TestBoundary: 0j  time: 10.771767651007394
epoch81  rel.Train: 0.017009252376854418  rel.Test: 0.02788307160139084  abs.Test: 0.00018820409022737294  abs.TestBoundary: 0j  time: 10.7184042029985
epoch82  rel.Train: 0.018534455358982085  rel.Test: 0.02389656238257885  abs.Test: 0.00016332171217072755  abs.TestBoundary: 0j  time: 10.678172961997916
epoch83  rel.Train: 0.01809183945506811  rel.Test: 0.020587977580726148  abs.Test: 0.00013960321084596216  abs.TestBoundary: 0j  time: 10.668052776993136
epoch84  rel.Train: 0.017981508567929266  rel.Test: 0.022988629192113877  abs.Test: 0.00015450811886694282  abs.TestBoundary: 0j  time: 10.668614879992674
epoch85  rel.Train: 0.017241962499916552  rel.Test: 0.029004975929856302  abs.Test: 0.0001961396908154711  abs.TestBoundary: 0j  time: 10.675309530997765
epoch86  rel.Train: 0.01781606558710337  rel.Test: 0.02074116051197052  abs.Test: 0.00014048835379071534  abs.TestBoundary: 0j  time: 10.69184795601177
epoch87  rel.Train: 0.016877610705792905  rel.Test: 0.021804659962654113  abs.Test: 0.00014760981721337885  abs.TestBoundary: 0j  time: 10.714638637000462
epoch88  rel.Train: 0.019310109786689282  rel.Test: 0.021890301331877707  abs.Test: 0.0001475236550322734  abs.TestBoundary: 0j  time: 10.732810156987398
epoch89  rel.Train: 0.016664944358170033  rel.Test: 0.023652504310011865  abs.Test: 0.0001593046955531463  abs.TestBoundary: 0j  time: 10.755947708006715
epoch90  rel.Train: 0.01678818240761757  rel.Test: 0.019740253686904907  abs.Test: 0.00013321834907401353  abs.TestBoundary: 0j  time: 10.768308725993847
epoch91  rel.Train: 0.018462626323103904  rel.Test: 0.021373033151030542  abs.Test: 0.00014491906855255366  abs.TestBoundary: 0j  time: 10.80079855999793
epoch92  rel.Train: 0.017889239497482775  rel.Test: 0.020988604724407195  abs.Test: 0.00014111619821051137  abs.TestBoundary: 0j  time: 10.815485361003084
epoch93  rel.Train: 0.018464518539607525  rel.Test: 0.024789530634880066  abs.Test: 0.00016594681015703828  abs.TestBoundary: 0j  time: 10.817232959001558
epoch94  rel.Train: 0.01892454534024  rel.Test: 0.020864638164639474  abs.Test: 0.0001409003129811026  abs.TestBoundary: 0j  time: 10.774193431003368
epoch95  rel.Train: 0.01811297678947449  rel.Test: 0.021987805739045144  abs.Test: 0.00014830774860456587  abs.TestBoundary: 0j  time: 10.728302174000419
epoch96  rel.Train: 0.017588389068841935  rel.Test: 0.020348299592733383  abs.Test: 0.0001378479489358142  abs.TestBoundary: 0j  time: 10.692613203995279
epoch97  rel.Train: 0.018028032235801218  rel.Test: 0.02179552420973778  abs.Test: 0.00014696139143779874  abs.TestBoundary: 0j  time: 10.698832745998516
epoch98  rel.Train: 0.016492523536086084  rel.Test: 0.019375199377536775  abs.Test: 0.00013104033714625985  abs.TestBoundary: 0j  time: 10.674476604996016
epoch99  rel.Train: 0.017119914673268795  rel.Test: 0.022258410304784773  abs.Test: 0.00014929205528460443  abs.TestBoundary: 0j  time: 10.680873626013636
epoch100  rel.Train: 0.01702971101552248  rel.Test: 0.022527732700109483  abs.Test: 0.00015299786464311181  abs.TestBoundary: 0j  time: 10.69200733100297
epoch101  rel.Train: 0.016921367056667806  rel.Test: 0.021242472529411315  abs.Test: 0.00014438552345382048  abs.TestBoundary: 0j  time: 10.702552342991112
epoch102  rel.Train: 0.0171518040522933  rel.Test: 0.021074646413326265  abs.Test: 0.000143413997720927  abs.TestBoundary: 0j  time: 10.728897223001695
epoch103  rel.Train: 0.01688925251364708  rel.Test: 0.020217023566365244  abs.Test: 0.00013760066562099383  abs.TestBoundary: 0j  time: 10.753356313987751
epoch104  rel.Train: 0.017277316354215144  rel.Test: 0.022731924280524254  abs.Test: 0.00015375090704765172  abs.TestBoundary: 0j  time: 10.764696072001243
epoch105  rel.Train: 0.01801031778007746  rel.Test: 0.020469973161816597  abs.Test: 0.00013845515029970557  abs.TestBoundary: 0j  time: 10.777024629991502
epoch106  rel.Train: 0.016713816426694394  rel.Test: 0.022844747081398963  abs.Test: 0.00015372208203189074  abs.TestBoundary: 0j  time: 10.803321739993407
epoch107  rel.Train: 0.016289534941315652  rel.Test: 0.02074558340013027  abs.Test: 0.0001399033603956923  abs.TestBoundary: 0j  time: 10.802875770998071
epoch108  rel.Train: 0.0163472920358181  rel.Test: 0.021009095534682273  abs.Test: 0.00014234716276405378  abs.TestBoundary: 0j  time: 10.790576020997833
epoch109  rel.Train: 0.017224717885255814  rel.Test: 0.02035159766674042  abs.Test: 0.00013766682997811585  abs.TestBoundary: 0j  time: 10.782443253003294
epoch110  rel.Train: 0.016024811699986458  rel.Test: 0.020147746205329897  abs.Test: 0.0001361364618060179  abs.TestBoundary: 0j  time: 10.771200148999924
epoch111  rel.Train: 0.01515834491699934  rel.Test: 0.021171156540513037  abs.Test: 0.00014309305173810572  abs.TestBoundary: 0j  time: 10.761736143991584
epoch112  rel.Train: 0.0158341603949666  rel.Test: 0.019633481204509737  abs.Test: 0.0001324929847032763  abs.TestBoundary: 0j  time: 10.754804322990822
epoch113  rel.Train: 0.015734813936054706  rel.Test: 0.022400121465325357  abs.Test: 0.0001515897148055956  abs.TestBoundary: 0j  time: 10.747093444006168
epoch114  rel.Train: 0.017557971842586995  rel.Test: 0.024427264854311945  abs.Test: 0.0001651411154307425  abs.TestBoundary: 0j  time: 10.724383542998112
epoch115  rel.Train: 0.016640509061515332  rel.Test: 0.021558455899357797  abs.Test: 0.00014622954069636761  abs.TestBoundary: 0j  time: 10.720355571000255
epoch116  rel.Train: 0.015635536700487136  rel.Test: 0.01923388063907623  abs.Test: 0.00012985710229258983  abs.TestBoundary: 0j  time: 10.731102573001408
epoch117  rel.Train: 0.015941157087683677  rel.Test: 0.019865112081170082  abs.Test: 0.00013470723351929336  abs.TestBoundary: 0j  time: 10.735899617997347
epoch118  rel.Train: 0.015533498898148536  rel.Test: 0.024206766709685325  abs.Test: 0.00016226289561018347  abs.TestBoundary: 0j  time: 10.75215744500747
epoch119  rel.Train: 0.01605937709659338  rel.Test: 0.01927505649626255  abs.Test: 0.00012988816190045326  abs.TestBoundary: 0j  time: 10.765164120995905
epoch120  rel.Train: 0.015777023315429687  rel.Test: 0.01914678268134594  abs.Test: 0.00012948966381372883  abs.TestBoundary: 0j  time: 10.771831373000168
epoch121  rel.Train: 0.015792809516191483  rel.Test: 0.02196590319275856  abs.Test: 0.00014969174284487963  abs.TestBoundary: 0j  time: 10.803049198002554
epoch122  rel.Train: 0.015650421775877475  rel.Test: 0.02094237193465233  abs.Test: 0.00014192106522386893  abs.TestBoundary: 0j  time: 10.800272344000405
epoch123  rel.Train: 0.015482357807457447  rel.Test: 0.019800761565566063  abs.Test: 0.00013403125863987954  abs.TestBoundary: 0j  time: 10.798584428994218
epoch124  rel.Train: 0.016011816412210465  rel.Test: 0.019788116775453092  abs.Test: 0.0001337653081282042  abs.TestBoundary: 0j  time: 10.787642786992365
epoch125  rel.Train: 0.016290449164807798  rel.Test: 0.02131127916276455  abs.Test: 0.00014302850642707198  abs.TestBoundary: 0j  time: 10.770847327003139
epoch126  rel.Train: 0.016752414368093015  rel.Test: 0.02349276587367058  abs.Test: 0.00015692345623392613  abs.TestBoundary: 0j  time: 10.75199024900212
epoch127  rel.Train: 0.015249146834015846  rel.Test: 0.020950953736901284  abs.Test: 0.00014320182934170588  abs.TestBoundary: 0j  time: 10.748054694005987
epoch128  rel.Train: 0.016396264761686326  rel.Test: 0.02142376758158207  abs.Test: 0.00014449218317167834  abs.TestBoundary: 0j  time: 10.74661276799452
epoch129  rel.Train: 0.015173429310321809  rel.Test: 0.01944443829357624  abs.Test: 0.00013133280735928566  abs.TestBoundary: 0j  time: 10.743290851009078
epoch130  rel.Train: 0.016338936686515808  rel.Test: 0.021717396080493927  abs.Test: 0.00014695577032398433  abs.TestBoundary: 0j  time: 10.74451641998894
epoch131  rel.Train: 0.0157391918823123  rel.Test: 0.020595949217677115  abs.Test: 0.0001391263012192212  abs.TestBoundary: 0j  time: 10.752213567990111
epoch132  rel.Train: 0.01536331970244646  rel.Test: 0.019158821888267993  abs.Test: 0.0001292804940021597  abs.TestBoundary: 0j  time: 10.755566812993493
epoch133  rel.Train: 0.01515594470500946  rel.Test: 0.019157254807651042  abs.Test: 0.00012955924234120175  abs.TestBoundary: 0j  time: 10.768726933005382
epoch134  rel.Train: 0.015192793741822242  rel.Test: 0.020704713836312293  abs.Test: 0.00014020913891727105  abs.TestBoundary: 0j  time: 10.784918801000458
epoch135  rel.Train: 0.015521483704447746  rel.Test: 0.019885626658797263  abs.Test: 0.00013374601840041578  abs.TestBoundary: 0j  time: 10.796660784995765
epoch136  rel.Train: 0.014901581563055516  rel.Test: 0.018653514534235  abs.Test: 0.00012615467858267948  abs.TestBoundary: 0j  time: 10.801702520999243
epoch137  rel.Train: 0.014708885110914708  rel.Test: 0.019329757280647755  abs.Test: 0.00013015924574574455  abs.TestBoundary: 0j  time: 10.807000303990208
epoch138  rel.Train: 0.01570237948745489  rel.Test: 0.020250343903899192  abs.Test: 0.00013670068845385685  abs.TestBoundary: 0j  time: 10.798573697000393
epoch139  rel.Train: 0.014810734689235687  rel.Test: 0.020165108814835547  abs.Test: 0.00013576452765846626  abs.TestBoundary: 0j  time: 10.783889008002006
epoch140  rel.Train: 0.015277279682457448  rel.Test: 0.01867651715874672  abs.Test: 0.00012609877099748702  abs.TestBoundary: 0j  time: 10.770616023990442
epoch141  rel.Train: 0.014453373774886131  rel.Test: 0.021877080425620078  abs.Test: 0.00014666450530057774  abs.TestBoundary: 0j  time: 10.758452558991848
epoch142  rel.Train: 0.015930140160024166  rel.Test: 0.021237390264868736  abs.Test: 0.00014300854178145528  abs.TestBoundary: 0j  time: 10.761057976997108
epoch143  rel.Train: 0.015239340841770171  rel.Test: 0.018577994741499425  abs.Test: 0.00012567361060064286  abs.TestBoundary: 0j  time: 10.747352702004719
epoch144  rel.Train: 0.014571118496358395  rel.Test: 0.01990264520049095  abs.Test: 0.00013451287057250738  abs.TestBoundary: 0j  time: 10.739520199000253
epoch145  rel.Train: 0.014128462843596935  rel.Test: 0.01967852786183357  abs.Test: 0.00013264939683722333  abs.TestBoundary: 0j  time: 10.75423771100759
epoch146  rel.Train: 0.015455755233764648  rel.Test: 0.019343901313841342  abs.Test: 0.00013159205322153865  abs.TestBoundary: 0j  time: 10.750874931996805
epoch147  rel.Train: 0.015221978224813939  rel.Test: 0.02044417429715395  abs.Test: 0.00013961975753773003  abs.TestBoundary: 0j  time: 10.751456796002458
epoch148  rel.Train: 0.014291956469416618  rel.Test: 0.01923004936426878  abs.Test: 0.00012962290493305771  abs.TestBoundary: 0j  time: 10.764440260987612
epoch149  rel.Train: 0.014931045889854432  rel.Test: 0.020595536082983017  abs.Test: 0.00014016346889548004  abs.TestBoundary: 0j  time: 10.77214883400302
epoch150  rel.Train: 0.013938701167702674  rel.Test: 0.01957873560488224  abs.Test: 0.00013195545179769396  abs.TestBoundary: 0j  time: 10.793518691003555
epoch151  rel.Train: 0.013655162274837493  rel.Test: 0.018331654220819473  abs.Test: 0.00012372716708341613  abs.TestBoundary: 0j  time: 10.79980317800073
epoch152  rel.Train: 0.014116789445281028  rel.Test: 0.019400127753615378  abs.Test: 0.00013038669247180222  abs.TestBoundary: 0j  time: 10.800149380011135
epoch153  rel.Train: 0.015326800853013993  rel.Test: 0.01883833359926939  abs.Test: 0.00012771494744811206  abs.TestBoundary: 0j  time: 10.795186454997747
epoch154  rel.Train: 0.015239700831472873  rel.Test: 0.019532795920968057  abs.Test: 0.00013145109580364078  abs.TestBoundary: 0j  time: 10.78399760100001
epoch155  rel.Train: 0.014365421690046787  rel.Test: 0.01970525212585926  abs.Test: 0.0001334990281611681  abs.TestBoundary: 0j  time: 10.772278618998826
epoch156  rel.Train: 0.014032006286084652  rel.Test: 0.01894660770893097  abs.Test: 0.00012806504644686357  abs.TestBoundary: 0j  time: 10.758547937002731
epoch157  rel.Train: 0.013495467707514763  rel.Test: 0.018940542116761206  abs.Test: 0.00012798405077774078  abs.TestBoundary: 0j  time: 10.754343391003204
epoch158  rel.Train: 0.014176193244755268  rel.Test: 0.01952467530965805  abs.Test: 0.00013192673301091418  abs.TestBoundary: 0j  time: 10.745550552004715
epoch159  rel.Train: 0.014542859151959419  rel.Test: 0.019065037332475186  abs.Test: 0.00012870980630395933  abs.TestBoundary: 0j  time: 10.729646967010922
epoch160  rel.Train: 0.01395780722796917  rel.Test: 0.01905216358602047  abs.Test: 0.00012893442530184985  abs.TestBoundary: 0j  time: 10.721327277991804
epoch161  rel.Train: 0.013436102651059628  rel.Test: 0.02023857265710831  abs.Test: 0.00013632574962684884  abs.TestBoundary: 0j  time: 10.728921052999794
epoch162  rel.Train: 0.01401195341348648  rel.Test: 0.019724472016096114  abs.Test: 0.0001329718335182406  abs.TestBoundary: 0j  time: 10.727573244992527
epoch163  rel.Train: 0.014662596836686134  rel.Test: 0.02025813564658165  abs.Test: 0.00013721900671953335  abs.TestBoundary: 0j  time: 10.742459985995083
epoch164  rel.Train: 0.014168032117187977  rel.Test: 0.018316638693213462  abs.Test: 0.00012374629062833264  abs.TestBoundary: 0j  time: 10.751367157994537
epoch165  rel.Train: 0.013304590165615082  rel.Test: 0.01993727169930935  abs.Test: 0.00013427188037894665  abs.TestBoundary: 0j  time: 10.76164277800126
epoch166  rel.Train: 0.013833015769720078  rel.Test: 0.023427560478448867  abs.Test: 0.00016037195455282928  abs.TestBoundary: 0j  time: 10.771448863000842
epoch167  rel.Train: 0.014173734419047833  rel.Test: 0.018652774021029474  abs.Test: 0.00012595056352438406  abs.TestBoundary: 0j  time: 10.776140344998566
epoch168  rel.Train: 0.013799253709614276  rel.Test: 0.0175748934969306  abs.Test: 0.00011858147307066247  abs.TestBoundary: 0j  time: 10.779025340001681
epoch169  rel.Train: 0.01381316977739334  rel.Test: 0.018404549695551397  abs.Test: 0.0001243831278407015  abs.TestBoundary: 0j  time: 10.77284633400268
epoch170  rel.Train: 0.013426586121320725  rel.Test: 0.01985901139676571  abs.Test: 0.0001342257994110696  abs.TestBoundary: 0j  time: 10.75459572399268
epoch171  rel.Train: 0.01402357543259859  rel.Test: 0.018236271739006042  abs.Test: 0.00012342097732471303  abs.TestBoundary: 0j  time: 10.749683175003156
epoch172  rel.Train: 0.014079212933778763  rel.Test: 0.01955447070300579  abs.Test: 0.0001320944118197076  abs.TestBoundary: 0j  time: 10.735917106998386
epoch173  rel.Train: 0.014160394325852393  rel.Test: 0.02009180836379528  abs.Test: 0.00013496415835106745  abs.TestBoundary: 0j  time: 10.72369845501089
epoch174  rel.Train: 0.013164869487285614  rel.Test: 0.017564182989299296  abs.Test: 0.00011865224631037563  abs.TestBoundary: 0j  time: 10.72258157999022
epoch175  rel.Train: 0.01264239739626646  rel.Test: 0.017664215676486492  abs.Test: 0.00011944391764700412  abs.TestBoundary: 0j  time: 10.722873837003135
epoch176  rel.Train: 0.012654698699712754  rel.Test: 0.020082243010401724  abs.Test: 0.0001362706031068228  abs.TestBoundary: 0j  time: 10.721369737002533
epoch177  rel.Train: 0.01343105609714985  rel.Test: 0.017966740168631076  abs.Test: 0.00012167399021564052  abs.TestBoundary: 0j  time: 10.732889698992949
epoch178  rel.Train: 0.0133388906493783  rel.Test: 0.01986525259912014  abs.Test: 0.00013344348262762652  abs.TestBoundary: 0j  time: 10.736847872001817
epoch179  rel.Train: 0.013470004893839359  rel.Test: 0.01876428656280041  abs.Test: 0.00012763450125930832  abs.TestBoundary: 0j  time: 10.744772078003734
epoch180  rel.Train: 0.012831427447497845  rel.Test: 0.01769682880491018  abs.Test: 0.00011982390482444316  abs.TestBoundary: 0j  time: 10.762889953999547
epoch181  rel.Train: 0.01293412747979164  rel.Test: 0.018355949856340883  abs.Test: 0.00012431694543920457  abs.TestBoundary: 0j  time: 10.77043482499721
epoch182  rel.Train: 0.014293062329292297  rel.Test: 0.01925815850496292  abs.Test: 0.00013065170467598363  abs.TestBoundary: 0j  time: 10.782400005002273
epoch183  rel.Train: 0.012733523666858673  rel.Test: 0.017751386240124702  abs.Test: 0.00011985289893345907  abs.TestBoundary: 0j  time: 10.786259133004933
epoch184  rel.Train: 0.01362018170952797  rel.Test: 0.019506873190402986  abs.Test: 0.00013150405429769308  abs.TestBoundary: 0j  time: 10.781366529990919
epoch185  rel.Train: 0.012821299217641354  rel.Test: 0.01771254647523165  abs.Test: 0.00011951604334171861  abs.TestBoundary: 0j  time: 10.769512497005053
epoch186  rel.Train: 0.012569514855742455  rel.Test: 0.019718764647841454  abs.Test: 0.00013369151623919605  abs.TestBoundary: 0j  time: 10.755810521994135
epoch187  rel.Train: 0.01295564990490675  rel.Test: 0.017707364372909068  abs.Test: 0.0001199115888448432  abs.TestBoundary: 0j  time: 10.751047094003297
epoch188  rel.Train: 0.013073110148310661  rel.Test: 0.01786952931433916  abs.Test: 0.00012082007742719725  abs.TestBoundary: 0j  time: 10.737929158000043
epoch189  rel.Train: 0.01274268427491188  rel.Test: 0.018116217702627183  abs.Test: 0.00012242789031006397  abs.TestBoundary: 0j  time: 10.726992413998232
epoch190  rel.Train: 0.012607358306646346  rel.Test: 0.018328045457601548  abs.Test: 0.00012433563999366014  abs.TestBoundary: 0j  time: 10.723664371005725
epoch191  rel.Train: 0.013524401739239692  rel.Test: 0.018276190012693407  abs.Test: 0.0001241305482108146  abs.TestBoundary: 0j  time: 10.725449509001919
epoch192  rel.Train: 0.012250557743012905  rel.Test: 0.017669541016221046  abs.Test: 0.00011897266842424869  abs.TestBoundary: 0j  time: 10.733155940004508
epoch193  rel.Train: 0.012603449828922749  rel.Test: 0.019428144842386245  abs.Test: 0.00013098528928821905  abs.TestBoundary: 0j  time: 10.737856845997158
epoch194  rel.Train: 0.013123730666935444  rel.Test: 0.01812608741223812  abs.Test: 0.00012248733692103996  abs.TestBoundary: 0j  time: 10.746764855997753
epoch195  rel.Train: 0.013392248906195163  rel.Test: 0.01784660842269659  abs.Test: 0.00012083692185115069  abs.TestBoundary: 0j  time: 10.758784372999799
epoch196  rel.Train: 0.012822824016213418  rel.Test: 0.0204132317006588  abs.Test: 0.00013814621197525412  abs.TestBoundary: 0j  time: 10.781012548992294
epoch197  rel.Train: 0.013253632880747318  rel.Test: 0.018576684519648553  abs.Test: 0.0001253552161506377  abs.TestBoundary: 0j  time: 10.777510315005202
epoch198  rel.Train: 0.012414572566747665  rel.Test: 0.01891836691647768  abs.Test: 0.0001276565037551336  abs.TestBoundary: 0j  time: 10.778999710004427
epoch199  rel.Train: 0.012028958842158318  rel.Test: 0.017494364455342293  abs.Test: 0.00011818576487712562  abs.TestBoundary: 0j  time: 10.769723753997823
epoch200  rel.Train: 0.01171891026198864  rel.Test: 0.018785601891577245  abs.Test: 0.00012651352357352153  abs.TestBoundary: 0j  time: 10.75091857399093
epoch201  rel.Train: 0.012041456803679466  rel.Test: 0.017777710370719433  abs.Test: 0.00012017858389299363  abs.TestBoundary: 0j  time: 10.739073127013398
epoch202  rel.Train: 0.012077468745410443  rel.Test: 0.017863261513412  abs.Test: 0.00012123691412853077  abs.TestBoundary: 0j  time: 10.731055641997955
epoch203  rel.Train: 0.01235769884288311  rel.Test: 0.0172409438341856  abs.Test: 0.00011674472829326987  abs.TestBoundary: 0j  time: 10.721134256993537
epoch204  rel.Train: 0.012365196451544762  rel.Test: 0.0180392474681139  abs.Test: 0.00012177751690614969  abs.TestBoundary: 0j  time: 10.717307751998305
epoch205  rel.Train: 0.012148225784301758  rel.Test: 0.01841262564063072  abs.Test: 0.00012456857541110367  abs.TestBoundary: 0j  time: 10.713829807995353
epoch206  rel.Train: 0.012528633750975132  rel.Test: 0.018609134331345558  abs.Test: 0.00012541530362796037  abs.TestBoundary: 0j  time: 10.718114271992818
epoch207  rel.Train: 0.012508941173553468  rel.Test: 0.01727650757879019  abs.Test: 0.00011693506094161421  abs.TestBoundary: 0j  time: 10.72507526499976
epoch208  rel.Train: 0.012145060680806636  rel.Test: 0.017817556969821454  abs.Test: 0.00012106566835427657  abs.TestBoundary: 0j  time: 10.738132680999115
epoch209  rel.Train: 0.011878811642527581  rel.Test: 0.018539508730173113  abs.Test: 0.00012469541368773207  abs.TestBoundary: 0j  time: 10.757762873996398
epoch210  rel.Train: 0.01241229347884655  rel.Test: 0.017266291268169878  abs.Test: 0.00011684821220114827  abs.TestBoundary: 0j  time: 10.768355396998231
epoch211  rel.Train: 0.011800143048167228  rel.Test: 0.018493390157818795  abs.Test: 0.00012463036575354635  abs.TestBoundary: 0j  time: 10.78534423900419
epoch212  rel.Train: 0.011588213846087455  rel.Test: 0.019217068701982497  abs.Test: 0.00013064539642073213  abs.TestBoundary: 0j  time: 10.807261156995082
epoch213  rel.Train: 0.01208529956638813  rel.Test: 0.018527445644140245  abs.Test: 0.00012477553565986454  abs.TestBoundary: 0j  time: 10.794010055004037
epoch214  rel.Train: 0.011648085482418536  rel.Test: 0.01752026651054621  abs.Test: 0.00011839702259749175  abs.TestBoundary: 0j  time: 10.779742509999778
epoch215  rel.Train: 0.011893391385674476  rel.Test: 0.018447332978248597  abs.Test: 0.00012568911828566342  abs.TestBoundary: 0j  time: 10.765789989993209
epoch216  rel.Train: 0.011400182850658894  rel.Test: 0.017382874637842178  abs.Test: 0.00011760546680307015  abs.TestBoundary: 0j  time: 10.7573234050069
epoch217  rel.Train: 0.011761922866106033  rel.Test: 0.01865275539457798  abs.Test: 0.00012600740476045757  abs.TestBoundary: 0j  time: 10.745014229003573
epoch218  rel.Train: 0.012990681178867817  rel.Test: 0.017518980167806147  abs.Test: 0.00011851556628243998  abs.TestBoundary: 0j  time: 10.736972084006993
epoch219  rel.Train: 0.011588750392198562  rel.Test: 0.018197328969836234  abs.Test: 0.0001223986959666945  abs.TestBoundary: 0j  time: 10.719906958009233
epoch220  rel.Train: 0.011270915798842906  rel.Test: 0.01797977026551962  abs.Test: 0.00012196390802273527  abs.TestBoundary: 0j  time: 10.710989675004384
epoch221  rel.Train: 0.012262638576328755  rel.Test: 0.01740248054265976  abs.Test: 0.00011760364286601543  abs.TestBoundary: 0j  time: 10.71826464998594
epoch222  rel.Train: 0.0111336217969656  rel.Test: 0.016541100032627584  abs.Test: 0.00011186944175278768  abs.TestBoundary: 0j  time: 10.729555861005792
epoch223  rel.Train: 0.011594437211751938  rel.Test: 0.018031533621251584  abs.Test: 0.00012192459573270753  abs.TestBoundary: 0j  time: 10.741433313000016
epoch224  rel.Train: 0.011910207994282246  rel.Test: 0.01784246027469635  abs.Test: 0.00012030124169541523  abs.TestBoundary: 0j  time: 10.751925189993926
epoch225  rel.Train: 0.011622480385005475  rel.Test: 0.018669096417725087  abs.Test: 0.00012534428475191817  abs.TestBoundary: 0j  time: 10.766060395006207
epoch226  rel.Train: 0.011300879292190076  rel.Test: 0.01715909756720066  abs.Test: 0.00011631732166279108  abs.TestBoundary: 0j  time: 10.787611816995195
epoch227  rel.Train: 0.01136183238774538  rel.Test: 0.020798954963684082  abs.Test: 0.00013988466060254722  abs.TestBoundary: 0j  time: 10.799564804008696
epoch228  rel.Train: 0.011993938118219376  rel.Test: 0.017162925489246847  abs.Test: 0.00011583079001866281  abs.TestBoundary: 0j  time: 10.78903159199399
epoch229  rel.Train: 0.011263762056827544  rel.Test: 0.017433103658258915  abs.Test: 0.00011831208335934207  abs.TestBoundary: 0j  time: 10.78347338399908
epoch230  rel.Train: 0.012139764435589314  rel.Test: 0.01889071837067604  abs.Test: 0.00012746238702675326  abs.TestBoundary: 0j  time: 10.766520928998943
epoch231  rel.Train: 0.011139461927115917  rel.Test: 0.01678021118044853  abs.Test: 0.00011351831315550953  abs.TestBoundary: 0j  time: 10.757260858998052
epoch232  rel.Train: 0.01138969700783491  rel.Test: 0.01968841888010502  abs.Test: 0.00013485765259247274  abs.TestBoundary: 0j  time: 10.744593761002761
epoch233  rel.Train: 0.011642188407480717  rel.Test: 0.016977537721395493  abs.Test: 0.00011485701281344518  abs.TestBoundary: 0j  time: 10.74119216199324
epoch234  rel.Train: 0.011131804883480072  rel.Test: 0.017122552432119846  abs.Test: 0.00011624962062342092  abs.TestBoundary: 0j  time: 10.729224152004463
epoch235  rel.Train: 0.011254148684442043  rel.Test: 0.017200244888663292  abs.Test: 0.00011630796594545245  abs.TestBoundary: 0j  time: 10.715670335004688
epoch236  rel.Train: 0.01090348457545042  rel.Test: 0.01712197996675968  abs.Test: 0.00011556432233192026  abs.TestBoundary: 0j  time: 10.719895853995695
epoch237  rel.Train: 0.010897968932986259  rel.Test: 0.01701421268284321  abs.Test: 0.00011485280439956114  abs.TestBoundary: 0j  time: 10.727169151999988
epoch238  rel.Train: 0.010551302663981915  rel.Test: 0.016609257385134697  abs.Test: 0.00011250882962485776  abs.TestBoundary: 0j  time: 10.744990224004141
epoch239  rel.Train: 0.01053495604544878  rel.Test: 0.01700163174420595  abs.Test: 0.00011478973436169327  abs.TestBoundary: 0j  time: 10.753385552990949
epoch240  rel.Train: 0.010970283560454845  rel.Test: 0.018454189151525496  abs.Test: 0.00012483648344641552  abs.TestBoundary: 0j  time: 10.766827825995279
epoch241  rel.Train: 0.011269256256520747  rel.Test: 0.017676583752036096  abs.Test: 0.00011969003651756793  abs.TestBoundary: 0j  time: 10.78119239899388
epoch242  rel.Train: 0.01118785285949707  rel.Test: 0.017594029381871223  abs.Test: 0.00011874105868628248  abs.TestBoundary: 0j  time: 10.798709553986555
epoch243  rel.Train: 0.010896324947476386  rel.Test: 0.017038887143135072  abs.Test: 0.00011552431591553614  abs.TestBoundary: 0j  time: 10.794911343007698
epoch244  rel.Train: 0.010457843482494355  rel.Test: 0.017960285767912865  abs.Test: 0.00012098566308850422  abs.TestBoundary: 0j  time: 10.785788049004623
epoch245  rel.Train: 0.010303563915193081  rel.Test: 0.01733494859188795  abs.Test: 0.00011753124126698822  abs.TestBoundary: 0j  time: 10.766782617996796
epoch246  rel.Train: 0.010485629953444004  rel.Test: 0.016927446834743023  abs.Test: 0.00011443954863352702  abs.TestBoundary: 0j  time: 10.754582512992783
epoch247  rel.Train: 0.011530654482543468  rel.Test: 0.017699649184942247  abs.Test: 0.00011919597105588764  abs.TestBoundary: 0j  time: 10.746176797008957
epoch248  rel.Train: 0.01061691402643919  rel.Test: 0.016861399710178374  abs.Test: 0.00011396864254493267  abs.TestBoundary: 0j  time: 10.741516391994082
epoch249  rel.Train: 0.010434964589774609  rel.Test: 0.01776494987308979  abs.Test: 0.00012049205543007702  abs.TestBoundary: 0j  time: 10.72284714700072
epoch250  rel.Train: 0.010369467310607434  rel.Test: 0.016501365043222905  abs.Test: 0.0001114466940634884  abs.TestBoundary: 0j  time: 10.710119584997301
epoch251  rel.Train: 0.010735439077019692  rel.Test: 0.01683989942073822  abs.Test: 0.00011385580350179226  abs.TestBoundary: 0j  time: 10.717891952008358
epoch252  rel.Train: 0.010449186727404594  rel.Test: 0.01714316375553608  abs.Test: 0.00011569372320082039  abs.TestBoundary: 0j  time: 10.721787362010218
epoch253  rel.Train: 0.01095260864496231  rel.Test: 0.018539882563054562  abs.Test: 0.00012487667961977422  abs.TestBoundary: 0j  time: 10.730915124004241
epoch254  rel.Train: 0.010364967815577985  rel.Test: 0.016429993733763696  abs.Test: 0.00011094643123215065  abs.TestBoundary: 0j  time: 10.75034195400076
epoch255  rel.Train: 0.010024922937154769  rel.Test: 0.016698948852717877  abs.Test: 0.00011287242959951982  abs.TestBoundary: 0j  time: 10.763211887999205
epoch256  rel.Train: 0.010715972125530243  rel.Test: 0.016581298112869264  abs.Test: 0.00011241513740969822  abs.TestBoundary: 0j  time: 10.784158372000093
epoch257  rel.Train: 0.010254646465182305  rel.Test: 0.017359878197312356  abs.Test: 0.00011720987793523819  abs.TestBoundary: 0j  time: 10.792413765011588
epoch258  rel.Train: 0.010371311783790589  rel.Test: 0.016625605039298535  abs.Test: 0.00011224547663005069  abs.TestBoundary: 0j  time: 10.795496045000618
epoch259  rel.Train: 0.010043753020465373  rel.Test: 0.017264826633036138  abs.Test: 0.0001165923592634499  abs.TestBoundary: 0j  time: 10.793632537999656
epoch260  rel.Train: 0.010089395567774773  rel.Test: 0.016650168225169182  abs.Test: 0.00011284496198641137  abs.TestBoundary: 0j  time: 10.773675810007262
epoch261  rel.Train: 0.01002750064432621  rel.Test: 0.01723813496530056  abs.Test: 0.00011601635225815698  abs.TestBoundary: 0j  time: 10.76330257600057
epoch262  rel.Train: 0.010684511169791222  rel.Test: 0.016557365134358407  abs.Test: 0.00011214080790523439  abs.TestBoundary: 0j  time: 10.751215905998833
epoch263  rel.Train: 0.01058849497884512  rel.Test: 0.018653464205563068  abs.Test: 0.00012662594264838844  abs.TestBoundary: 0j  time: 10.745099521998782
epoch264  rel.Train: 0.009769198060035705  rel.Test: 0.016545343846082687  abs.Test: 0.00011178531218320132  abs.TestBoundary: 0j  time: 10.737442393001402
epoch265  rel.Train: 0.00974371713027358  rel.Test: 0.016697726026177407  abs.Test: 0.00011270705581409857  abs.TestBoundary: 0j  time: 10.735107195010642
epoch266  rel.Train: 0.009673096299171447  rel.Test: 0.017222355529665948  abs.Test: 0.00011712368868757039  abs.TestBoundary: 0j  time: 10.73811625300732
epoch267  rel.Train: 0.010269367396831512  rel.Test: 0.017339290864765645  abs.Test: 0.00011692014813888819  abs.TestBoundary: 0j  time: 10.73839073300769
epoch268  rel.Train: 0.010284059554338455  rel.Test: 0.017455978132784367  abs.Test: 0.00011772628320613876  abs.TestBoundary: 0j  time: 10.749346078999224
epoch269  rel.Train: 0.00990770160406828  rel.Test: 0.016845615059137346  abs.Test: 0.00011383073928300291  abs.TestBoundary: 0j  time: 10.75764796299336
epoch270  rel.Train: 0.009793282724916934  rel.Test: 0.016226555928587915  abs.Test: 0.00010997269011568278  abs.TestBoundary: 0j  time: 10.769815637991996
epoch271  rel.Train: 0.010118714213371276  rel.Test: 0.016255329288542272  abs.Test: 0.00010990199749357998  abs.TestBoundary: 0j  time: 10.786492374012596
epoch272  rel.Train: 0.010033330187201499  rel.Test: 0.017470518536865712  abs.Test: 0.00011838553240522742  abs.TestBoundary: 0j  time: 10.801481282003806
epoch273  rel.Train: 0.00993371394276619  rel.Test: 0.016930579021573067  abs.Test: 0.0001147296288399957  abs.TestBoundary: 0j  time: 10.804344057993148
epoch274  rel.Train: 0.009625447399914265  rel.Test: 0.016151858791708947  abs.Test: 0.00010921602224698291  abs.TestBoundary: 0j  time: 10.779057266001473
epoch275  rel.Train: 0.009329064566642046  rel.Test: 0.016110845543444156  abs.Test: 0.00010879764042329043  abs.TestBoundary: 0j  time: 10.7441464690055
epoch276  rel.Train: 0.009630140710622072  rel.Test: 0.016467267498373985  abs.Test: 0.00011116533452877775  abs.TestBoundary: 0j  time: 10.69853667699499
epoch277  rel.Train: 0.009866661109030247  rel.Test: 0.016363402903079985  abs.Test: 0.00011039710108889266  abs.TestBoundary: 0j  time: 10.672726373988553
epoch278  rel.Train: 0.009944104224443435  rel.Test: 0.015935354232788086  abs.Test: 0.00010786261991597712  abs.TestBoundary: 0j  time: 10.67038315499667
epoch279  rel.Train: 0.00969270221889019  rel.Test: 0.0164403772726655  abs.Test: 0.00011097454116679729  abs.TestBoundary: 0j  time: 10.671728507004445
epoch280  rel.Train: 0.009556107588112355  rel.Test: 0.016499014236032963  abs.Test: 0.00011170371872140094  abs.TestBoundary: 0j  time: 10.681271798996022
epoch281  rel.Train: 0.00973063512519002  rel.Test: 0.017097098268568516  abs.Test: 0.00011529464507475495  abs.TestBoundary: 0j  time: 10.70273744899896
epoch282  rel.Train: 0.009784432604908943  rel.Test: 0.016396100483834743  abs.Test: 0.00011105439160019159  abs.TestBoundary: 0j  time: 10.71936837300018
epoch283  rel.Train: 0.00918322191014886  rel.Test: 0.016291549801826476  abs.Test: 0.0001099857222288847  abs.TestBoundary: 0j  time: 10.734454135003034
epoch284  rel.Train: 0.009354135729372501  rel.Test: 0.01705736543983221  abs.Test: 0.000115249041991774  abs.TestBoundary: 0j  time: 10.760742136000772
epoch285  rel.Train: 0.008907171037048101  rel.Test: 0.016256609596312047  abs.Test: 0.00010963172768242657  abs.TestBoundary: 0j  time: 10.78610486999969
epoch286  rel.Train: 0.008920750174671411  rel.Test: 0.016817173659801482  abs.Test: 0.00011396589456126093  abs.TestBoundary: 0j  time: 10.800819746000343
epoch287  rel.Train: 0.010210247524082661  rel.Test: 0.01639150280505419  abs.Test: 0.00011082253971835599  abs.TestBoundary: 0j  time: 10.8052981269866
epoch288  rel.Train: 0.009305868942290544  rel.Test: 0.016593391969799996  abs.Test: 0.00011195197846973315  abs.TestBoundary: 0j  time: 10.798470770998392
epoch289  rel.Train: 0.009049432426691055  rel.Test: 0.016129675135016442  abs.Test: 0.00010902447800617665  abs.TestBoundary: 0j  time: 10.7818789909943
epoch290  rel.Train: 0.00900444258004427  rel.Test: 0.016766568720340727  abs.Test: 0.00011302189290290698  abs.TestBoundary: 0j  time: 10.771869274001801
epoch291  rel.Train: 0.008867555342614651  rel.Test: 0.016147134229540824  abs.Test: 0.00010923203779384494  abs.TestBoundary: 0j  time: 10.757961466006236
epoch292  rel.Train: 0.009112697411328554  rel.Test: 0.016415282264351846  abs.Test: 0.00011088836181443185  abs.TestBoundary: 0j  time: 10.744921053003054
epoch293  rel.Train: 0.00941157802566886  rel.Test: 0.016601630970835685  abs.Test: 0.00011196538427611813  abs.TestBoundary: 0j  time: 10.73380480799824
epoch294  rel.Train: 0.010011152535676957  rel.Test: 0.01713490851223469  abs.Test: 0.00011616056464845314  abs.TestBoundary: 0j  time: 10.73358923800697
epoch295  rel.Train: 0.009420062400400638  rel.Test: 0.016363951973617077  abs.Test: 0.00011054583388613537  abs.TestBoundary: 0j  time: 10.732976847008104
epoch296  rel.Train: 0.00886654844507575  rel.Test: 0.016346562653779984  abs.Test: 0.00011060235643526539  abs.TestBoundary: 0j  time: 10.737977147000493
epoch297  rel.Train: 0.008873583260923624  rel.Test: 0.016304819993674755  abs.Test: 0.00011040812823921442  abs.TestBoundary: 0j  time: 10.754310887990869
epoch298  rel.Train: 0.008789475295692682  rel.Test: 0.016084898449480533  abs.Test: 0.00010851287050172686  abs.TestBoundary: 0j  time: 10.762236957001733
epoch299  rel.Train: 0.008662534210830927  rel.Test: 0.0160178641974926  abs.Test: 0.00010819388728123159  abs.TestBoundary: 0j  time: 10.777500173004228
epoch300  rel.Train: 0.009253488682210445  rel.Test: 0.017137772105634212  abs.Test: 0.00011555915494682268  abs.TestBoundary: 0j  time: 10.784527085008449
epoch301  rel.Train: 0.009133028693497181  rel.Test: 0.017166681103408337  abs.Test: 0.00011554080410860478  abs.TestBoundary: 0j  time: 10.797770915000001
epoch302  rel.Train: 0.009148717053234577  rel.Test: 0.01583886757493019  abs.Test: 0.00010716042626881972  abs.TestBoundary: 0j  time: 10.805409938009689
epoch303  rel.Train: 0.008577981792390346  rel.Test: 0.016240768134593964  abs.Test: 0.00010973946831654757  abs.TestBoundary: 0j  time: 10.797891731010168
epoch304  rel.Train: 0.009356429893523454  rel.Test: 0.01659193366765976  abs.Test: 0.00011184705246705562  abs.TestBoundary: 0j  time: 10.77712429400708
epoch305  rel.Train: 0.008375688835978508  rel.Test: 0.016138008795678616  abs.Test: 0.0001089889876311645  abs.TestBoundary: 0j  time: 10.765032702998724
epoch306  rel.Train: 0.008251125380396842  rel.Test: 0.015873535573482513  abs.Test: 0.00010732226714026183  abs.TestBoundary: 0j  time: 10.755185917005292
epoch307  rel.Train: 0.008210298284888267  rel.Test: 0.01628614082932472  abs.Test: 0.00011031920614186675  abs.TestBoundary: 0j  time: 10.739625974994851
epoch308  rel.Train: 0.008444599606096745  rel.Test: 0.01650478031486273  abs.Test: 0.00011178799119079485  abs.TestBoundary: 0j  time: 10.73635012700106
epoch309  rel.Train: 0.008589340560138225  rel.Test: 0.015925513319671153  abs.Test: 0.00010758140502730385  abs.TestBoundary: 0j  time: 10.738126391006517
epoch310  rel.Train: 0.008407495848834514  rel.Test: 0.01595072213560343  abs.Test: 0.00010780425334814936  abs.TestBoundary: 0j  time: 10.73901057500916
epoch311  rel.Train: 0.008284877575933934  rel.Test: 0.015831163078546526  abs.Test: 0.00010712670889915898  abs.TestBoundary: 0j  time: 10.746213163001812
epoch312  rel.Train: 0.008172531113028526  rel.Test: 0.01587057139724493  abs.Test: 0.00010723431390943006  abs.TestBoundary: 0j  time: 10.753717079991475
epoch313  rel.Train: 0.008326714411377906  rel.Test: 0.01580035384744406  abs.Test: 0.00010688211041269824  abs.TestBoundary: 0j  time: 10.764282678006566
epoch314  rel.Train: 0.008161308865994215  rel.Test: 0.015686140954494478  abs.Test: 0.00010619281412800774  abs.TestBoundary: 0j  time: 10.778640395001275
epoch315  rel.Train: 0.008329875245690345  rel.Test: 0.015863252505660057  abs.Test: 0.00010716840450186282  abs.TestBoundary: 0j  time: 10.790278585991473
epoch316  rel.Train: 0.008144022654742003  rel.Test: 0.015720634646713735  abs.Test: 0.0001062597197596915  abs.TestBoundary: 0j  time: 10.787367081997218
epoch317  rel.Train: 0.00820005339756608  rel.Test: 0.015829450376331808  abs.Test: 0.00010695969162043184  abs.TestBoundary: 0j  time: 10.773664128006203
epoch318  rel.Train: 0.008605613742023706  rel.Test: 0.0158975787833333  abs.Test: 0.00010749180364655331  abs.TestBoundary: 0j  time: 10.76681483599532
epoch319  rel.Train: 0.008369618210941553  rel.Test: 0.016033006869256496  abs.Test: 0.00010818855895195157  abs.TestBoundary: 0j  time: 10.764396300000953
epoch320  rel.Train: 0.008251793626695871  rel.Test: 0.016127659194171428  abs.Test: 0.00010906793002504856  abs.TestBoundary: 0j  time: 10.75608295899292
epoch321  rel.Train: 0.008155169624835253  rel.Test: 0.01643571797758341  abs.Test: 0.00011150825652293861  abs.TestBoundary: 0j  time: 10.752856503997464
epoch322  rel.Train: 0.008664749335497617  rel.Test: 0.016890813149511814  abs.Test: 0.0001137725607259199  abs.TestBoundary: 0j  time: 10.757930627994938
epoch323  rel.Train: 0.008313384994864463  rel.Test: 0.016165654994547366  abs.Test: 0.00010907624731771647  abs.TestBoundary: 0j  time: 10.746008303001872
epoch324  rel.Train: 0.007820673007518052  rel.Test: 0.015965528823435306  abs.Test: 0.00010809856990817934  abs.TestBoundary: 0j  time: 10.748052662995178
epoch325  rel.Train: 0.007834108360111714  rel.Test: 0.015963323786854743  abs.Test: 0.00010799754643812775  abs.TestBoundary: 0j  time: 10.74127099000907
epoch326  rel.Train: 0.007843186177313327  rel.Test: 0.015721493400633335  abs.Test: 0.00010624188638757914  abs.TestBoundary: 0j  time: 10.745020547998138
epoch327  rel.Train: 0.007858721241354942  rel.Test: 0.015975645147264003  abs.Test: 0.00010795408714329824  abs.TestBoundary: 0j  time: 10.75548257000628
epoch328  rel.Train: 0.007858629554510117  rel.Test: 0.016204305440187455  abs.Test: 0.0001098917072522454  abs.TestBoundary: 0j  time: 10.772586053994019
epoch329  rel.Train: 0.007867572449147701  rel.Test: 0.01590225666761398  abs.Test: 0.00010760792763903738  abs.TestBoundary: 0j  time: 10.774319511998328
epoch330  rel.Train: 0.007810557369142771  rel.Test: 0.016075924783945084  abs.Test: 0.00010859174071811139  abs.TestBoundary: 0j  time: 10.78350143499847
epoch331  rel.Train: 0.00783793156594038  rel.Test: 0.015767005309462546  abs.Test: 0.0001068324106745422  abs.TestBoundary: 0j  time: 10.79133169099805
epoch332  rel.Train: 0.007669418409466743  rel.Test: 0.015651662647724152  abs.Test: 0.00010573644423857331  abs.TestBoundary: 0j  time: 10.794934765988728
epoch333  rel.Train: 0.007435502029955387  rel.Test: 0.015618569888174534  abs.Test: 0.00010553792963037267  abs.TestBoundary: 0j  time: 10.786669702007202
epoch334  rel.Train: 0.007781522963196039  rel.Test: 0.015841299071907997  abs.Test: 0.00010727003536885605  abs.TestBoundary: 0j  time: 10.78231753599539
epoch335  rel.Train: 0.007802978500723839  rel.Test: 0.015625626631081104  abs.Test: 0.00010569599602604285  abs.TestBoundary: 0j  time: 10.763082991994452
epoch336  rel.Train: 0.007853493679314852  rel.Test: 0.015827240496873854  abs.Test: 0.00010693564079701901  abs.TestBoundary: 0j  time: 10.75277692200325
epoch337  rel.Train: 0.007544635530561209  rel.Test: 0.015538399405777455  abs.Test: 0.00010512858774745837  abs.TestBoundary: 0j  time: 10.746325126994634
epoch338  rel.Train: 0.007616685960441827  rel.Test: 0.015719121657311916  abs.Test: 0.00010636094957590103  abs.TestBoundary: 0j  time: 10.739919701009057
epoch339  rel.Train: 0.0078949003405869  rel.Test: 0.01615329708904028  abs.Test: 0.0001092598692048341  abs.TestBoundary: 0j  time: 10.737819095011218
epoch340  rel.Train: 0.007782979849725962  rel.Test: 0.015652005076408387  abs.Test: 0.00010572993196547031  abs.TestBoundary: 0j  time: 10.739370316005079
epoch341  rel.Train: 0.0072793328166007995  rel.Test: 0.015848605446517467  abs.Test: 0.00010735879972344264  abs.TestBoundary: 0j  time: 10.739042857007007
epoch342  rel.Train: 0.008005052108317614  rel.Test: 0.01559347052127123  abs.Test: 0.00010538952628849074  abs.TestBoundary: 0j  time: 10.744506188988453
epoch343  rel.Train: 0.007515709184110164  rel.Test: 0.015770913995802403  abs.Test: 0.0001064510756987147  abs.TestBoundary: 0j  time: 10.754228196004988
epoch344  rel.Train: 0.007293548498302698  rel.Test: 0.015579977631568908  abs.Test: 0.00010518013208638876  abs.TestBoundary: 0j  time: 10.766934159997618
epoch345  rel.Train: 0.008026696246117354  rel.Test: 0.01635960556566715  abs.Test: 0.00011055617331294343  abs.TestBoundary: 0j  time: 10.783915738997166
epoch346  rel.Train: 0.007433332208544016  rel.Test: 0.01565184846520424  abs.Test: 0.00010591266327537596  abs.TestBoundary: 0j  time: 10.79524617298739
epoch347  rel.Train: 0.007233269363641739  rel.Test: 0.015793156065046787  abs.Test: 0.00010654238954884931  abs.TestBoundary: 0j  time: 10.804114077007398
epoch348  rel.Train: 0.00712099139764905  rel.Test: 0.01570125263184309  abs.Test: 0.00010628962481860072  abs.TestBoundary: 0j  time: 10.804494935000548
epoch349  rel.Train: 0.00712600277364254  rel.Test: 0.015446988679468632  abs.Test: 0.00010434239142341539  abs.TestBoundary: 0j  time: 10.79724303400144
epoch350  rel.Train: 0.0069602207280695435  rel.Test: 0.01571592267602682  abs.Test: 0.00010620779561577364  abs.TestBoundary: 0j  time: 10.78153649601154
epoch351  rel.Train: 0.0072963394299149515  rel.Test: 0.015408591628074645  abs.Test: 0.00010415212338557467  abs.TestBoundary: 0j  time: 10.764384011999937
epoch352  rel.Train: 0.00706517818570137  rel.Test: 0.01563882913440466  abs.Test: 0.00010574983112746849  abs.TestBoundary: 0j  time: 10.745201825004187
epoch353  rel.Train: 0.007464326102286577  rel.Test: 0.01593672588467598  abs.Test: 0.00010778246069094166  abs.TestBoundary: 0j  time: 10.738216902987915
epoch354  rel.Train: 0.007337056279182434  rel.Test: 0.015490196421742439  abs.Test: 0.00010478585318196565  abs.TestBoundary: 0j  time: 10.73387247500068
epoch355  rel.Train: 0.007175678491592407  rel.Test: 0.015783189944922924  abs.Test: 0.00010657330218236893  abs.TestBoundary: 0j  time: 10.730346825002925
epoch356  rel.Train: 0.007270772289484739  rel.Test: 0.0155011872574687  abs.Test: 0.00010487318591913208  abs.TestBoundary: 0j  time: 10.732602646996384
epoch357  rel.Train: 0.00698891706764698  rel.Test: 0.015507872365415096  abs.Test: 0.00010485199250979348  abs.TestBoundary: 0j  time: 10.752412907007965
epoch358  rel.Train: 0.006952537924051285  rel.Test: 0.015546308010816573  abs.Test: 0.00010500631557079031  abs.TestBoundary: 0j  time: 10.758027912001126
epoch359  rel.Train: 0.00695485271140933  rel.Test: 0.015479520484805108  abs.Test: 0.00010463251121109351  abs.TestBoundary: 0j  time: 10.77335858499282
epoch360  rel.Train: 0.006882974378764629  rel.Test: 0.01564156498759985  abs.Test: 0.0001057572674471885  abs.TestBoundary: 0j  time: 10.77959722399828
epoch361  rel.Train: 0.0069199177213013175  rel.Test: 0.015525865703821182  abs.Test: 0.00010492653411347418  abs.TestBoundary: 0j  time: 10.797632445013733
epoch362  rel.Train: 0.007097177028656006  rel.Test: 0.015604390688240528  abs.Test: 0.00010557286674156785  abs.TestBoundary: 0j  time: 10.799573187003261
epoch363  rel.Train: 0.0071431675367057326  rel.Test: 0.01577445100992918  abs.Test: 0.00010669884941307827  abs.TestBoundary: 0j  time: 10.83422865200555
epoch364  rel.Train: 0.0070893832966685295  rel.Test: 0.015619446747004986  abs.Test: 0.00010548207559622824  abs.TestBoundary: 0j  time: 10.78973436600063
epoch365  rel.Train: 0.006862454298883677  rel.Test: 0.01564130961894989  abs.Test: 0.00010557796020293608  abs.TestBoundary: 0j  time: 10.780895074
epoch366  rel.Train: 0.006733612284064293  rel.Test: 0.015468442142009734  abs.Test: 0.00010449723980855196  abs.TestBoundary: 0j  time: 10.816062872007024
epoch367  rel.Train: 0.006753204509615898  rel.Test: 0.015517835803329945  abs.Test: 0.00010487226623808965  abs.TestBoundary: 0j  time: 10.746104780002497
epoch368  rel.Train: 0.006747326079756022  rel.Test: 0.015417369790375232  abs.Test: 0.00010427869856357574  abs.TestBoundary: 0j  time: 10.742021062003914
epoch369  rel.Train: 0.006741880465298891  rel.Test: 0.015492399334907531  abs.Test: 0.00010475307935848832  abs.TestBoundary: 0j  time: 10.729962544995942
epoch370  rel.Train: 0.006632030792534351  rel.Test: 0.01540758989751339  abs.Test: 0.00010415810975246131  abs.TestBoundary: 0j  time: 10.733377537995693
epoch371  rel.Train: 0.006635135807096958  rel.Test: 0.015478585883975028  abs.Test: 0.00010476254159584642  abs.TestBoundary: 0j  time: 10.743766836996656
epoch372  rel.Train: 0.006588564299046994  rel.Test: 0.01564989045262337  abs.Test: 0.00010570962855126709  abs.TestBoundary: 0j  time: 10.751676696992945
epoch373  rel.Train: 0.0066468042992055415  rel.Test: 0.01557690367102623  abs.Test: 0.00010545493627432734  abs.TestBoundary: 0j  time: 10.756424594990676
epoch374  rel.Train: 0.006588470585644245  rel.Test: 0.01549898847937584  abs.Test: 0.00010476358031155541  abs.TestBoundary: 0j  time: 10.769156176989782
epoch375  rel.Train: 0.006678984332829714  rel.Test: 0.015421868190169335  abs.Test: 0.00010425432614283637  abs.TestBoundary: 0j  time: 10.776979852002114
epoch376  rel.Train: 0.006440127197653055  rel.Test: 0.015571569241583347  abs.Test: 0.00010527469625230879  abs.TestBoundary: 0j  time: 10.795449933997588
epoch377  rel.Train: 0.006555198945105076  rel.Test: 0.015723084062337876  abs.Test: 0.0001064203106216155  abs.TestBoundary: 0j  time: 10.790970349000418
epoch378  rel.Train: 0.0065038053728640076  rel.Test: 0.015421713665127755  abs.Test: 0.00010425459389807656  abs.TestBoundary: 0j  time: 10.792870642006164
epoch379  rel.Train: 0.006436876077204942  rel.Test: 0.015485330894589424  abs.Test: 0.000104733795451466  abs.TestBoundary: 0j  time: 10.775788351995288
epoch380  rel.Train: 0.006609642505645752  rel.Test: 0.0157777688652277  abs.Test: 0.00010639057960361242  abs.TestBoundary: 0j  time: 10.761792673991295
epoch381  rel.Train: 0.006399832997471094  rel.Test: 0.015553304031491279  abs.Test: 0.00010514544468605891  abs.TestBoundary: 0j  time: 10.752158167000744
epoch382  rel.Train: 0.00637039577960968  rel.Test: 0.015488800145685672  abs.Test: 0.0001047221414046362  abs.TestBoundary: 0j  time: 10.744876227996428
epoch383  rel.Train: 0.00638871157169342  rel.Test: 0.01558105494827032  abs.Test: 0.00010517305141547694  abs.TestBoundary: 0j  time: 10.738997067994205
epoch384  rel.Train: 0.006478791873902082  rel.Test: 0.015488621518015862  abs.Test: 0.00010465375293279066  abs.TestBoundary: 0j  time: 10.73502097299206
epoch385  rel.Train: 0.006208251263946295  rel.Test: 0.015673508942127226  abs.Test: 0.00010577276581898332  abs.TestBoundary: 0j  time: 10.744201924986555
epoch386  rel.Train: 0.006215268675237894  rel.Test: 0.015675394386053084  abs.Test: 0.00010593306826194748  abs.TestBoundary: 0j  time: 10.756045973001164
epoch387  rel.Train: 0.006217077776789665  rel.Test: 0.015534282177686692  abs.Test: 0.00010491625987924636  abs.TestBoundary: 0j  time: 10.760905693998211
epoch388  rel.Train: 0.006384615730494261  rel.Test: 0.015796125903725623  abs.Test: 0.0001069613712024875  abs.TestBoundary: 0j  time: 10.767811072000768
epoch389  rel.Train: 0.006298351660370826  rel.Test: 0.015507072359323502  abs.Test: 0.00010476559429662303  abs.TestBoundary: 0j  time: 10.783822216995759
epoch390  rel.Train: 0.006244541082531214  rel.Test: 0.01564602829515934  abs.Test: 0.00010586868156678975  abs.TestBoundary: 0j  time: 10.801060040001175
epoch391  rel.Train: 0.006122332274913788  rel.Test: 0.015474075935781002  abs.Test: 0.00010461314115673304  abs.TestBoundary: 0j  time: 10.802468166992185
epoch392  rel.Train: 0.00609846530854702  rel.Test: 0.015440116077661515  abs.Test: 0.00010433652030769736  abs.TestBoundary: 0j  time: 10.800688083007117
epoch393  rel.Train: 0.006124659638851881  rel.Test: 0.015497571900486945  abs.Test: 0.00010474170761881396  abs.TestBoundary: 0j  time: 10.785251795998192
epoch394  rel.Train: 0.006108377050608397  rel.Test: 0.015680567398667335  abs.Test: 0.00010590993333607912  abs.TestBoundary: 0j  time: 10.761900159006473
epoch395  rel.Train: 0.006181688897311687  rel.Test: 0.015557266660034657  abs.Test: 0.00010520338255446405  abs.TestBoundary: 0j  time: 10.747619123008917
epoch396  rel.Train: 0.006020470425486564  rel.Test: 0.015523076206445694  abs.Test: 0.00010486674611456692  abs.TestBoundary: 0j  time: 10.742101112002274
epoch397  rel.Train: 0.005910441912710666  rel.Test: 0.015445745475590229  abs.Test: 0.00010438054800033569  abs.TestBoundary: 0j  time: 10.736888290004572
epoch398  rel.Train: 0.005937850881367922  rel.Test: 0.01557910930365324  abs.Test: 0.00010548905935138464  abs.TestBoundary: 0j  time: 10.73542161200021
epoch399  rel.Train: 0.006007877189666033  rel.Test: 0.015474916733801365  abs.Test: 0.0001046564188436605  abs.TestBoundary: 0j  time: 10.738828146990272
epoch400  rel.Train: 0.005931631322950125  rel.Test: 0.01555688738822937  abs.Test: 0.00010518569906707853  abs.TestBoundary: 0j  time: 10.750635302989394
epoch401  rel.Train: 0.006018761802464723  rel.Test: 0.015550629459321499  abs.Test: 0.00010508774139452725  abs.TestBoundary: 0j  time: 10.760955168007058
epoch402  rel.Train: 0.0059492912292480465  rel.Test: 0.015411899350583553  abs.Test: 0.00010410109855001792  abs.TestBoundary: 0j  time: 10.76941357999749
epoch403  rel.Train: 0.0058731698468327525  rel.Test: 0.015447099171578884  abs.Test: 0.00010452196002006531  abs.TestBoundary: 0j  time: 10.784018894002656
epoch404  rel.Train: 0.006038409724831581  rel.Test: 0.015614709407091141  abs.Test: 0.00010554384731221944  abs.TestBoundary: 0j  time: 10.790109290988767
epoch405  rel.Train: 0.0059239805303514005  rel.Test: 0.01551319468766451  abs.Test: 0.00010475748887984083  abs.TestBoundary: 0j  time: 10.795892520996858
epoch406  rel.Train: 0.005811545424163341  rel.Test: 0.015451014041900635  abs.Test: 0.00010449136840179563  abs.TestBoundary: 0j  time: 10.792805418997887
epoch407  rel.Train: 0.005896455753594637  rel.Test: 0.015532707758247853  abs.Test: 0.00010489391657756641  abs.TestBoundary: 0j  time: 10.791991984006017
epoch408  rel.Train: 0.00578924422711134  rel.Test: 0.015531452968716622  abs.Test: 0.00010504259553272277  abs.TestBoundary: 0j  time: 10.77239970699884
epoch409  rel.Train: 0.005807322185486555  rel.Test: 0.015514990352094173  abs.Test: 0.00010484010650543496  abs.TestBoundary: 0j  time: 10.764065430004848
epoch410  rel.Train: 0.005702045336365699  rel.Test: 0.015430673398077488  abs.Test: 0.00010434234223794192  abs.TestBoundary: 0j  time: 10.750477869005408
epoch411  rel.Train: 0.005733949337154627  rel.Test: 0.015532787330448628  abs.Test: 0.00010494156420463696  abs.TestBoundary: 0j  time: 10.748844542002189
epoch412  rel.Train: 0.0057048735246062274  rel.Test: 0.015434869565069675  abs.Test: 0.00010432299051899463  abs.TestBoundary: 0j  time: 10.744892575996346
epoch413  rel.Train: 0.005718895521014929  rel.Test: 0.015441798493266106  abs.Test: 0.0001043618266703561  abs.TestBoundary: 0j  time: 10.745547284997883
epoch414  rel.Train: 0.005651037734001875  rel.Test: 0.015503706447780131  abs.Test: 0.0001048560524941422  abs.TestBoundary: 0j  time: 10.74726271200052
epoch415  rel.Train: 0.005643868487328291  rel.Test: 0.01550118561834097  abs.Test: 0.0001047257729806006  abs.TestBoundary: 0j  time: 10.76126863299578
epoch416  rel.Train: 0.0057219453528523445  rel.Test: 0.01541653584688902  abs.Test: 0.0001042279979446903  abs.TestBoundary: 0j  time: 10.764113390003331
epoch417  rel.Train: 0.005626355804502964  rel.Test: 0.01542526014149189  abs.Test: 0.0001043202099390328  abs.TestBoundary: 0j  time: 10.775153823007713
epoch418  rel.Train: 0.005571861032396555  rel.Test: 0.015506484061479569  abs.Test: 0.00010476625204319134  abs.TestBoundary: 0j  time: 10.783837119000964
epoch419  rel.Train: 0.005590599793940783  rel.Test: 0.015466745905578137  abs.Test: 0.0001045373803935945  abs.TestBoundary: 0j  time: 10.798982277003233
epoch420  rel.Train: 0.005606368556618691  rel.Test: 0.015447952374815941  abs.Test: 0.00010435314936330542  abs.TestBoundary: 0j  time: 10.789134468999691
epoch421  rel.Train: 0.005542716410011053  rel.Test: 0.015426741540431976  abs.Test: 0.00010426486638607457  abs.TestBoundary: 0j  time: 10.786630779999541
epoch422  rel.Train: 0.005527120061218738  rel.Test: 0.015460473485291004  abs.Test: 0.00010455293842824176  abs.TestBoundary: 0j  time: 10.774768079994828
epoch423  rel.Train: 0.005617307778447866  rel.Test: 0.015490343905985355  abs.Test: 0.00010464897466590628  abs.TestBoundary: 0j  time: 10.761233581986744
epoch424  rel.Train: 0.005502055913209915  rel.Test: 0.015453734584152699  abs.Test: 0.0001045025821076706  abs.TestBoundary: 0j  time: 10.759825783999986
epoch425  rel.Train: 0.005482298336923122  rel.Test: 0.015451434962451459  abs.Test: 0.00010442465310916304  abs.TestBoundary: 0j  time: 10.747822619989165
epoch426  rel.Train: 0.005482245177030563  rel.Test: 0.01544394824653864  abs.Test: 0.00010444923012983055  abs.TestBoundary: 0j  time: 10.741479208998499
epoch427  rel.Train: 0.005469816185534  rel.Test: 0.015489161871373653  abs.Test: 0.00010475117131136357  abs.TestBoundary: 0j  time: 10.744553069001995
epoch428  rel.Train: 0.005463154304772616  rel.Test: 0.015463786944746972  abs.Test: 0.00010450496018165722  abs.TestBoundary: 0j  time: 10.748672984002042
epoch429  rel.Train: 0.005438451495021581  rel.Test: 0.015411285907030106  abs.Test: 0.00010416205390356481  abs.TestBoundary: 0j  time: 10.748073808994377
epoch430  rel.Train: 0.005425543140619994  rel.Test: 0.015462148748338223  abs.Test: 0.00010455742303747684  abs.TestBoundary: 0j  time: 10.762379822001094
epoch431  rel.Train: 0.005445154126733542  rel.Test: 0.015437260866165162  abs.Test: 0.00010433016228489578  abs.TestBoundary: 0j  time: 10.767222972004674
epoch432  rel.Train: 0.005405647892504931  rel.Test: 0.015442454442381858  abs.Test: 0.00010446197702549398  abs.TestBoundary: 0j  time: 10.779245100988192
epoch433  rel.Train: 0.00539572012424469  rel.Test: 0.015432108603417873  abs.Test: 0.0001043655484681949  abs.TestBoundary: 0j  time: 10.782956816998194
epoch434  rel.Train: 0.005370877645909786  rel.Test: 0.015467306412756444  abs.Test: 0.00010457086871610954  abs.TestBoundary: 0j  time: 10.783237970012124
epoch435  rel.Train: 0.005354788947850466  rel.Test: 0.015409015491604805  abs.Test: 0.00010413694137241692  abs.TestBoundary: 0j  time: 10.78799637001066
epoch436  rel.Train: 0.005351641707122326  rel.Test: 0.015442258305847644  abs.Test: 0.00010445569700095802  abs.TestBoundary: 0j  time: 10.777403612009948
epoch437  rel.Train: 0.005343904040753841  rel.Test: 0.015419653989374638  abs.Test: 0.00010425152751849964  abs.TestBoundary: 0j  time: 10.772105030002422
epoch438  rel.Train: 0.0053406406044960025  rel.Test: 0.015451089963316917  abs.Test: 0.00010445525374962017  abs.TestBoundary: 0j  time: 10.766120083004353
epoch439  rel.Train: 0.005289727557450533  rel.Test: 0.015436481758952141  abs.Test: 0.0001043639169074595  abs.TestBoundary: 0j  time: 10.758823108000797
epoch440  rel.Train: 0.00529493610933423  rel.Test: 0.015469885803759098  abs.Test: 0.00010454081930220128  abs.TestBoundary: 0j  time: 10.757035438000457
epoch441  rel.Train: 0.005293259304016829  rel.Test: 0.015448416247963906  abs.Test: 0.00010436231008497998  abs.TestBoundary: 0j  time: 10.750492678998853
epoch442  rel.Train: 0.005291168577969074  rel.Test: 0.015443517453968525  abs.Test: 0.00010438922327011823  abs.TestBoundary: 0j  time: 10.744431771992822
epoch443  rel.Train: 0.005282291758805514  rel.Test: 0.01546786930412054  abs.Test: 0.0001045743320719339  abs.TestBoundary: 0j  time: 10.738846827007364
epoch444  rel.Train: 0.005279343273490667  rel.Test: 0.01539248775690794  abs.Test: 0.00010404366708826274  abs.TestBoundary: 0j  time: 10.744091440006741
epoch445  rel.Train: 0.005250998124480247  rel.Test: 0.015419121570885182  abs.Test: 0.00010423391096992419  abs.TestBoundary: 0j  time: 10.749091118996148
epoch446  rel.Train: 0.005232048336416483  rel.Test: 0.015432459115982056  abs.Test: 0.00010433308954816312  abs.TestBoundary: 0j  time: 10.75440201901074
epoch447  rel.Train: 0.005238279018551111  rel.Test: 0.015445106960833073  abs.Test: 0.00010438665136462077  abs.TestBoundary: 0j  time: 10.760664656991139
epoch448  rel.Train: 0.005210791185498238  rel.Test: 0.015438429564237594  abs.Test: 0.00010433783056214452  abs.TestBoundary: 0j  time: 10.768033885993646
epoch449  rel.Train: 0.005209757212549448  rel.Test: 0.015431189462542533  abs.Test: 0.00010429478075820952  abs.TestBoundary: 0j  time: 10.782965494989185
epoch450  rel.Train: 0.005197221543639898  rel.Test: 0.015482559688389302  abs.Test: 0.00010461495578056201  abs.TestBoundary: 0j  time: 10.779449731009663
epoch451  rel.Train: 0.005194319669157266  rel.Test: 0.015477096065878868  abs.Test: 0.0001046222957666032  abs.TestBoundary: 0j  time: 10.780435527005466
epoch452  rel.Train: 0.005173291884362698  rel.Test: 0.015423742234706878  abs.Test: 0.0001042332305223681  abs.TestBoundary: 0j  time: 10.771610792988213
epoch453  rel.Train: 0.0051640083454549315  rel.Test: 0.015411132723093033  abs.Test: 0.00010415048629511148  abs.TestBoundary: 0j  time: 10.766633624996757
epoch454  rel.Train: 0.00515991597622633  rel.Test: 0.015460473746061324  abs.Test: 0.00010449655528645962  abs.TestBoundary: 0j  time: 10.753437250998104
epoch455  rel.Train: 0.005157846983522177  rel.Test: 0.01542916614562273  abs.Test: 0.00010431360657094046  abs.TestBoundary: 0j  time: 10.74554625399469
epoch456  rel.Train: 0.0051389675233513114  rel.Test: 0.015449950695037842  abs.Test: 0.00010442605533171445  abs.TestBoundary: 0j  time: 10.734113869009889
epoch457  rel.Train: 0.005136191196739673  rel.Test: 0.015430919118225575  abs.Test: 0.00010431303002405911  abs.TestBoundary: 0j  time: 10.732151970005361
epoch458  rel.Train: 0.005132543973624706  rel.Test: 0.015470579862594605  abs.Test: 0.00010458659293362871  abs.TestBoundary: 0j  time: 10.72932969899557
epoch459  rel.Train: 0.005145763359963894  rel.Test: 0.015436457395553589  abs.Test: 0.00010435640258947387  abs.TestBoundary: 0j  time: 10.735060359002091
epoch460  rel.Train: 0.005117747489362955  rel.Test: 0.015449764765799045  abs.Test: 0.00010441403515869752  abs.TestBoundary: 0j  time: 10.743167243999778
epoch461  rel.Train: 0.005108211513608694  rel.Test: 0.015426706820726395  abs.Test: 0.000104291879106313  abs.TestBoundary: 0j  time: 10.743338621992734
epoch462  rel.Train: 0.005111722838133574  rel.Test: 0.015439849197864532  abs.Test: 0.00010438829427585006  abs.TestBoundary: 0j  time: 10.755546291999053
epoch463  rel.Train: 0.00509333024546504  rel.Test: 0.01545417945832014  abs.Test: 0.00010444757994264364  abs.TestBoundary: 0j  time: 10.774194753990741
epoch464  rel.Train: 0.0050939197838306425  rel.Test: 0.015440593808889388  abs.Test: 0.00010439002799103036  abs.TestBoundary: 0j  time: 10.777056097998866
epoch465  rel.Train: 0.005087976086884737  rel.Test: 0.01545405387878418  abs.Test: 0.0001044585954514332  abs.TestBoundary: 0j  time: 10.785799144010525
epoch466  rel.Train: 0.005079154264181852  rel.Test: 0.015456065125763417  abs.Test: 0.00010445939638884737  abs.TestBoundary: 0j  time: 10.785954757011496
epoch467  rel.Train: 0.005072722747921944  rel.Test: 0.015444088578224182  abs.Test: 0.00010438958182930947  abs.TestBoundary: 0j  time: 10.77440373400168
epoch468  rel.Train: 0.005062113866209984  rel.Test: 0.015434633642435074  abs.Test: 0.00010433113435283303  abs.TestBoundary: 0j  time: 10.75869727000827
epoch469  rel.Train: 0.005060644213110209  rel.Test: 0.015457332655787468  abs.Test: 0.00010447761073010043  abs.TestBoundary: 0j  time: 10.753889258994604
epoch470  rel.Train: 0.005054773397743702  rel.Test: 0.015443770363926888  abs.Test: 0.00010440744925290347  abs.TestBoundary: 0j  time: 10.74109313300869
epoch471  rel.Train: 0.005049578480422497  rel.Test: 0.01545419406145811  abs.Test: 0.0001044556577107869  abs.TestBoundary: 0j  time: 10.73460896499455
epoch472  rel.Train: 0.005045602560043335  rel.Test: 0.01545507736504078  abs.Test: 0.0001044591426034458  abs.TestBoundary: 0j  time: 10.72772658499889
epoch473  rel.Train: 0.005038195520639419  rel.Test: 0.015445754304528237  abs.Test: 0.00010438494326081126  abs.TestBoundary: 0j  time: 10.723101480005425
epoch474  rel.Train: 0.005036987408995629  rel.Test: 0.015461189188063145  abs.Test: 0.00010452059068484232  abs.TestBoundary: 0j  time: 10.725458603003062
epoch475  rel.Train: 0.005028903860598803  rel.Test: 0.015431827008724213  abs.Test: 0.0001043065037811175  abs.TestBoundary: 0j  time: 10.727878002988291
epoch476  rel.Train: 0.005025261871516705  rel.Test: 0.015431930348277091  abs.Test: 0.00010430236667161807  abs.TestBoundary: 0j  time: 10.735847399002523
epoch477  rel.Train: 0.0050221746489405635  rel.Test: 0.01544281531125307  abs.Test: 0.00010437335557071492  abs.TestBoundary: 0j  time: 10.745189519002452
epoch478  rel.Train: 0.005020969085395336  rel.Test: 0.015458666905760764  abs.Test: 0.00010445020103361458  abs.TestBoundary: 0j  time: 10.757642847995157
epoch479  rel.Train: 0.005011587291955948  rel.Test: 0.015448552034795284  abs.Test: 0.00010442347673233598  abs.TestBoundary: 0j  time: 10.769788510995568
epoch480  rel.Train: 0.005010077733546495  rel.Test: 0.015446641854941845  abs.Test: 0.00010441602265927941  abs.TestBoundary: 0j  time: 10.778141632996267
epoch481  rel.Train: 0.005006464291363954  rel.Test: 0.015451213754713535  abs.Test: 0.0001044586519128643  abs.TestBoundary: 0j  time: 10.782077657000627
epoch482  rel.Train: 0.005007980328053236  rel.Test: 0.015445042923092843  abs.Test: 0.00010439691628562286  abs.TestBoundary: 0j  time: 10.772329696002998
epoch483  rel.Train: 0.005000051464885473  rel.Test: 0.015452641136944294  abs.Test: 0.0001044397903024219  abs.TestBoundary: 0j  time: 10.759275852993596
epoch484  rel.Train: 0.005002013891935348  rel.Test: 0.015453205592930317  abs.Test: 0.00010442819737363607  abs.TestBoundary: 0j  time: 10.750492352002766
epoch485  rel.Train: 0.004995137173682451  rel.Test: 0.015461042523384094  abs.Test: 0.00010450081113958731  abs.TestBoundary: 0j  time: 10.731650496003567
epoch486  rel.Train: 0.004993152510374785  rel.Test: 0.015437375567853451  abs.Test: 0.0001043491272139363  abs.TestBoundary: 0j  time: 10.729067913009203
epoch487  rel.Train: 0.004991894248872995  rel.Test: 0.015444738604128361  abs.Test: 0.0001043839126941748  abs.TestBoundary: 0j  time: 10.72129345999565
epoch488  rel.Train: 0.004990723934024572  rel.Test: 0.015453647039830685  abs.Test: 0.00010443635430419818  abs.TestBoundary: 0j  time: 10.711788334985613
epoch489  rel.Train: 0.004987377092242241  rel.Test: 0.015433566570281982  abs.Test: 0.00010432583832880481  abs.TestBoundary: 0j  time: 10.717081932001747
epoch490  rel.Train: 0.004983816500753164  rel.Test: 0.015451404973864555  abs.Test: 0.0001044286260730587  abs.TestBoundary: 0j  time: 10.719047620004858
epoch491  rel.Train: 0.00498391343280673  rel.Test: 0.015443938001990318  abs.Test: 0.00010438825032906607  abs.TestBoundary: 0j  time: 10.722951841991744
epoch492  rel.Train: 0.004982160642743111  rel.Test: 0.015444957837462425  abs.Test: 0.00010439303703606129  abs.TestBoundary: 0j  time: 10.735434796995833
epoch493  rel.Train: 0.004979658044874668  rel.Test: 0.015447783954441548  abs.Test: 0.00010441598540637642  abs.TestBoundary: 0j  time: 10.739235318993451
epoch494  rel.Train: 0.00497734497487545  rel.Test: 0.015448181554675103  abs.Test: 0.00010440102458233014  abs.TestBoundary: 0j  time: 10.753685713993036
epoch495  rel.Train: 0.0049781323075294495  rel.Test: 0.015448466278612613  abs.Test: 0.00010441498830914498  abs.TestBoundary: 0j  time: 10.763745111005846
epoch496  rel.Train: 0.004974596399813891  rel.Test: 0.01544942282140255  abs.Test: 0.0001044207700761035  abs.TestBoundary: 0j  time: 10.77235438900243
epoch497  rel.Train: 0.004975931745022535  rel.Test: 0.015449008569121361  abs.Test: 0.00010441506368806586  abs.TestBoundary: 0j  time: 10.766658141001244
epoch498  rel.Train: 0.004974234625697136  rel.Test: 0.0154407175257802  abs.Test: 0.00010436859563924373  abs.TestBoundary: 0j  time: 10.754070847004186
epoch499  rel.Train: 0.004972888566553593  rel.Test: 0.015446338467299939  abs.Test: 0.00010440023615956306  abs.TestBoundary: 0j  time: 10.738628654013155
