original data: in (1324, 421, 421) out (1324, 421, 421)
used data: x_train (1000, 44521, 3) y_train (1000, 44521, 1) x_test (200, 44521, 3) y_test (200, 44521, 1)
############################################################ config of data ############################################################
type: normal
L: 1.0
downsample_ratio: 2
n_train: 1000
n_test: 200
pca_include_input: False
pca_include_grid: False
should_include_F: False
should_flatten: True
should_compute_bases: True
############################################################ config of model ############################################################
in_dim: 3
out_dim: 1
fc_channels: 128
layer_channels: [128, 128, 128, 128, 128]
layer_types: ['GalerkinConv', 'GalerkinConv', 'GalerkinConv', 'GalerkinConv']
act: gelu
should_residual: [False, False, False, False]
modes_gk: [512, 512, 512, 512]
bases_types: ['fourier', 'fourier', 'fourier', 'fourier']
wbases_types: ['fourier', 'fourier', 'fourier', 'fourier']
green_types: ['HierLrGreen', 'HierLrGreen', 'HierLrGreen', 'HierLrGreen']
ranks_h: [1, 1, 1, 1]
levels: [4, 4, 4, 4]
ranks_d: [4, 4, 4, 4]
heads: [4, 4, 4, 4]
############################################################ config of train ############################################################
device: cuda
normalization_x: True
normalization_y: True
normalization_dim: []
epochs: 500
batch_size: 8
scheduler: OneCycleLR
base_lr: 0.001
weight_decay: 0.0001
milestones: None
scheduler_gamma: None
############################################################ Start Training ############################################################
number of parameters is 2180353
no boundary loss
epoch0  rel.Train: 0.37025471377372743  rel.Test: 0.23437218725681305  abs.Test: 0.0015860074339434504  abs.TestBoundary: 0j  time: 10.867050641216338
epoch1  rel.Train: 0.1625252133011818  rel.Test: 0.13590082943439483  abs.Test: 0.000901474782731384  abs.TestBoundary: 0j  time: 10.143037346191704
epoch2  rel.Train: 0.11087959963083267  rel.Test: 0.10351308375597  abs.Test: 0.0007028080290183425  abs.TestBoundary: 0j  time: 10.172051507048309
epoch3  rel.Train: 0.09233593666553497  rel.Test: 0.08762146502733231  abs.Test: 0.0006033044564537704  abs.TestBoundary: 0j  time: 10.169753802008927
epoch4  rel.Train: 0.0735010324716568  rel.Test: 0.06117954984307289  abs.Test: 0.0004107033705804497  abs.TestBoundary: 0j  time: 10.184700275305659
epoch5  rel.Train: 0.05832365682721138  rel.Test: 0.06487412586808204  abs.Test: 0.0004330279561690986  abs.TestBoundary: 0j  time: 10.229668397922069
epoch6  rel.Train: 0.05050577783584595  rel.Test: 0.046480266749858855  abs.Test: 0.00031590303406119346  abs.TestBoundary: 0j  time: 10.237454197835177
epoch7  rel.Train: 0.0457178495824337  rel.Test: 0.04078507110476494  abs.Test: 0.00027611174678895625  abs.TestBoundary: 0j  time: 10.233328475151211
epoch8  rel.Train: 0.03746913400292397  rel.Test: 0.03761353477835655  abs.Test: 0.0002553398534655571  abs.TestBoundary: 0j  time: 10.252353629097342
epoch9  rel.Train: 0.03459878778457642  rel.Test: 0.038414564579725266  abs.Test: 0.000260572440456599  abs.TestBoundary: 0j  time: 10.27429564902559
epoch10  rel.Train: 0.034152309015393255  rel.Test: 0.03312073439359665  abs.Test: 0.00022496306337416172  abs.TestBoundary: 0j  time: 10.270909424871206
epoch11  rel.Train: 0.030546004369854926  rel.Test: 0.028760721236467363  abs.Test: 0.0001948601147159934  abs.TestBoundary: 0j  time: 10.291313896887004
epoch12  rel.Train: 0.02870684564113617  rel.Test: 0.028863452821969986  abs.Test: 0.00019580225576646627  abs.TestBoundary: 0j  time: 10.315617561340332
epoch13  rel.Train: 0.027371441960334777  rel.Test: 0.02760166347026825  abs.Test: 0.00018609655555337667  abs.TestBoundary: 0j  time: 10.32129226392135
epoch14  rel.Train: 0.026897615298628805  rel.Test: 0.028674559891223906  abs.Test: 0.00019275157363153993  abs.TestBoundary: 0j  time: 10.31844641501084
epoch15  rel.Train: 0.02765060618519783  rel.Test: 0.025922696813941003  abs.Test: 0.00017475428699981421  abs.TestBoundary: 0j  time: 10.325715261977166
epoch16  rel.Train: 0.0252912557721138  rel.Test: 0.025025093704462053  abs.Test: 0.00017044463194906711  abs.TestBoundary: 0j  time: 10.34473159071058
epoch17  rel.Train: 0.027164644718170167  rel.Test: 0.02511198475956917  abs.Test: 0.00016939845110755414  abs.TestBoundary: 0j  time: 10.315713800955564
epoch18  rel.Train: 0.02341614358127117  rel.Test: 0.022383275032043456  abs.Test: 0.00015155067900195717  abs.TestBoundary: 0j  time: 10.30835261195898
epoch19  rel.Train: 0.023900691360235215  rel.Test: 0.02804919570684433  abs.Test: 0.00018994755810126663  abs.TestBoundary: 0j  time: 10.333554497919977
epoch20  rel.Train: 0.02489699204266071  rel.Test: 0.024879768043756485  abs.Test: 0.00016832495632115751  abs.TestBoundary: 0j  time: 10.312910119071603
epoch21  rel.Train: 0.02396071185171604  rel.Test: 0.02268297515809536  abs.Test: 0.0001537591207306832  abs.TestBoundary: 0j  time: 10.314791283104569
epoch22  rel.Train: 0.022930874556303025  rel.Test: 0.022806313708424567  abs.Test: 0.0001544764538994059  abs.TestBoundary: 0j  time: 10.317789186257869
epoch23  rel.Train: 0.02058919820189476  rel.Test: 0.021274080350995064  abs.Test: 0.0001441014601732604  abs.TestBoundary: 0j  time: 10.335790676996112
epoch24  rel.Train: 0.02118826925754547  rel.Test: 0.021314890459179878  abs.Test: 0.00014341668400447816  abs.TestBoundary: 0j  time: 10.33030071714893
epoch25  rel.Train: 0.022338555902242662  rel.Test: 0.022569851726293565  abs.Test: 0.00015224482980556785  abs.TestBoundary: 0j  time: 10.35512331686914
epoch26  rel.Train: 0.020726571440696718  rel.Test: 0.02026226691901684  abs.Test: 0.00013679321215022357  abs.TestBoundary: 0j  time: 10.366932656615973
epoch27  rel.Train: 0.021202404156327247  rel.Test: 0.021048308461904527  abs.Test: 0.00014219260716345162  abs.TestBoundary: 0j  time: 10.374760391190648
epoch28  rel.Train: 0.020865250803530216  rel.Test: 0.02285453014075756  abs.Test: 0.0001537531695794314  abs.TestBoundary: 0j  time: 10.37577808694914
epoch29  rel.Train: 0.022000045143067838  rel.Test: 0.019346663951873778  abs.Test: 0.00013094785390421748  abs.TestBoundary: 0j  time: 10.392072746995836
epoch30  rel.Train: 0.021582292556762694  rel.Test: 0.019525917991995812  abs.Test: 0.00013190870522521435  abs.TestBoundary: 0j  time: 10.380711195990443
epoch31  rel.Train: 0.018761659182608127  rel.Test: 0.020752364695072176  abs.Test: 0.00014055170846404507  abs.TestBoundary: 0j  time: 10.381054704077542
epoch32  rel.Train: 0.02093387108296156  rel.Test: 0.02116612918674946  abs.Test: 0.0001423968336894177  abs.TestBoundary: 0j  time: 10.370760031975806
epoch33  rel.Train: 0.019336942203342915  rel.Test: 0.020469175055623054  abs.Test: 0.0001376827573403716  abs.TestBoundary: 0j  time: 10.381223568227142
epoch34  rel.Train: 0.018203331336379053  rel.Test: 0.019602971039712428  abs.Test: 0.00013280663639307023  abs.TestBoundary: 0j  time: 10.36137512512505
epoch35  rel.Train: 0.0184876601845026  rel.Test: 0.01877209071069956  abs.Test: 0.0001270609858329408  abs.TestBoundary: 0j  time: 10.355869709979743
epoch36  rel.Train: 0.01812406253814697  rel.Test: 0.02140108875930309  abs.Test: 0.00014454450021730736  abs.TestBoundary: 0j  time: 10.374177333898842
epoch37  rel.Train: 0.019521918550133705  rel.Test: 0.02078723266720772  abs.Test: 0.0001410540341748856  abs.TestBoundary: 0j  time: 10.363557605072856
epoch38  rel.Train: 0.018070796586573123  rel.Test: 0.018528781831264496  abs.Test: 0.00012553297041449695  abs.TestBoundary: 0j  time: 10.340543848928064
epoch39  rel.Train: 0.01842737787216902  rel.Test: 0.021000836566090583  abs.Test: 0.00014167897606967017  abs.TestBoundary: 0j  time: 10.377856370992959
epoch40  rel.Train: 0.01883390747010708  rel.Test: 0.027345949783921242  abs.Test: 0.00018548291933257133  abs.TestBoundary: 0j  time: 10.38162426231429
epoch41  rel.Train: 0.018710247188806532  rel.Test: 0.02396333120763302  abs.Test: 0.0001615309010958299  abs.TestBoundary: 0j  time: 10.374296634923667
epoch42  rel.Train: 0.018415757603943348  rel.Test: 0.01958603449165821  abs.Test: 0.00013145369448466226  abs.TestBoundary: 0j  time: 10.383293363265693
epoch43  rel.Train: 0.01884079635888338  rel.Test: 0.01940952569246292  abs.Test: 0.00013119850482326  abs.TestBoundary: 0j  time: 10.410051024984568
epoch44  rel.Train: 0.01769132000952959  rel.Test: 0.01917950250208378  abs.Test: 0.00012964169785846026  abs.TestBoundary: 0j  time: 10.395504781976342
epoch45  rel.Train: 0.017714461371302604  rel.Test: 0.021235461086034774  abs.Test: 0.0001437924793572165  abs.TestBoundary: 0j  time: 10.38364996900782
epoch46  rel.Train: 0.019253222547471523  rel.Test: 0.01771525364369154  abs.Test: 0.00011995713954092935  abs.TestBoundary: 0j  time: 10.394343619700521
epoch47  rel.Train: 0.0165883853957057  rel.Test: 0.02019090309739113  abs.Test: 0.00013781436951830982  abs.TestBoundary: 0j  time: 10.401826941873878
epoch48  rel.Train: 0.017373317770659924  rel.Test: 0.03033239610493183  abs.Test: 0.00020818819757550955  abs.TestBoundary: 0j  time: 10.383079332765192
epoch49  rel.Train: 0.019445054575800896  rel.Test: 0.020208275616168975  abs.Test: 0.00013766493066214025  abs.TestBoundary: 0j  time: 10.437356797978282
epoch50  rel.Train: 0.018681629605591298  rel.Test: 0.021559445783495904  abs.Test: 0.00014441848790738732  abs.TestBoundary: 0j  time: 10.5223234067671
epoch51  rel.Train: 0.017320912271738053  rel.Test: 0.01698606349527836  abs.Test: 0.00011466069059679285  abs.TestBoundary: 0j  time: 10.532540877815336
epoch52  rel.Train: 0.016960815623402594  rel.Test: 0.022330612912774085  abs.Test: 0.0001494526123860851  abs.TestBoundary: 0j  time: 10.442966784816235
epoch53  rel.Train: 0.017833047203719615  rel.Test: 0.018856678828597068  abs.Test: 0.00012822534976294263  abs.TestBoundary: 0j  time: 10.347662152722478
epoch54  rel.Train: 0.019550838232040405  rel.Test: 0.024034066870808602  abs.Test: 0.0001619371655397117  abs.TestBoundary: 0j  time: 10.296819469891489
epoch55  rel.Train: 0.01677994590997696  rel.Test: 0.017310618534684182  abs.Test: 0.00011708261008607224  abs.TestBoundary: 0j  time: 10.276172508019954
epoch56  rel.Train: 0.017232067801058293  rel.Test: 0.019176162704825403  abs.Test: 0.00012984662840608507  abs.TestBoundary: 0j  time: 10.274451576638967
epoch57  rel.Train: 0.016794003188610077  rel.Test: 0.02053128883242607  abs.Test: 0.0001373268585302867  abs.TestBoundary: 0j  time: 10.270607882644981
epoch58  rel.Train: 0.016272892743349074  rel.Test: 0.017953027673065662  abs.Test: 0.00012150577589636668  abs.TestBoundary: 0j  time: 10.331673498265445
epoch59  rel.Train: 0.01723455223441124  rel.Test: 0.017617320604622365  abs.Test: 0.00011950752581469714  abs.TestBoundary: 0j  time: 10.29418637836352
epoch60  rel.Train: 0.01857321012765169  rel.Test: 0.020440370738506318  abs.Test: 0.0001389941235538572  abs.TestBoundary: 0j  time: 10.279515024740249
epoch61  rel.Train: 0.017567806124687196  rel.Test: 0.020031278058886527  abs.Test: 0.0001349408854730427  abs.TestBoundary: 0j  time: 10.30346166016534
epoch62  rel.Train: 0.016529135152697563  rel.Test: 0.020190133303403853  abs.Test: 0.00013642844220157713  abs.TestBoundary: 0j  time: 10.351225437130779
epoch63  rel.Train: 0.019388473719358444  rel.Test: 0.02460145317018032  abs.Test: 0.00016421111882664263  abs.TestBoundary: 0j  time: 10.368209313135594
epoch64  rel.Train: 0.018140402019023897  rel.Test: 0.017128869891166687  abs.Test: 0.00011572673887712882  abs.TestBoundary: 0j  time: 10.387748279608786
epoch65  rel.Train: 0.016076150879263878  rel.Test: 0.016054051592946053  abs.Test: 0.00010867364617297425  abs.TestBoundary: 0j  time: 10.416411550715566
epoch66  rel.Train: 0.016171777330338956  rel.Test: 0.01847449503839016  abs.Test: 0.0001245027733966708  abs.TestBoundary: 0j  time: 10.455477043054998
epoch67  rel.Train: 0.017310962557792662  rel.Test: 0.018477243706583976  abs.Test: 0.00012497614399762825  abs.TestBoundary: 0j  time: 10.457902377005666
epoch68  rel.Train: 0.016256628058850767  rel.Test: 0.017986117750406264  abs.Test: 0.00012197500123875215  abs.TestBoundary: 0j  time: 10.470740605145693
epoch69  rel.Train: 0.01610694659501314  rel.Test: 0.020518199130892752  abs.Test: 0.0001387632262776606  abs.TestBoundary: 0j  time: 10.46750855166465
epoch70  rel.Train: 0.017642232686281203  rel.Test: 0.023376379907131196  abs.Test: 0.0001579237828264013  abs.TestBoundary: 0j  time: 10.415778696071357
epoch71  rel.Train: 0.01674920582026243  rel.Test: 0.01578658979386091  abs.Test: 0.00010654830955900252  abs.TestBoundary: 0j  time: 10.353566933888942
epoch72  rel.Train: 0.015747140146791936  rel.Test: 0.02017193801701069  abs.Test: 0.00013661344652064145  abs.TestBoundary: 0j  time: 10.356273649260402
epoch73  rel.Train: 0.017422628059983254  rel.Test: 0.02071412555873394  abs.Test: 0.00014057709457119928  abs.TestBoundary: 0j  time: 10.329948966857046
epoch74  rel.Train: 0.01725440427660942  rel.Test: 0.0178743939101696  abs.Test: 0.00012085649330401794  abs.TestBoundary: 0j  time: 10.336043601855636
epoch75  rel.Train: 0.017411214582622053  rel.Test: 0.01684379521757364  abs.Test: 0.00011408993508666753  abs.TestBoundary: 0j  time: 10.338172353804111
epoch76  rel.Train: 0.01742285882681608  rel.Test: 0.017000126503407955  abs.Test: 0.00011490581702673808  abs.TestBoundary: 0j  time: 10.378487618174404
epoch77  rel.Train: 0.016601873405277728  rel.Test: 0.019097146317362784  abs.Test: 0.00012900460074888543  abs.TestBoundary: 0j  time: 10.36443945299834
epoch78  rel.Train: 0.017564317397773265  rel.Test: 0.02045860730111599  abs.Test: 0.00013879439968150108  abs.TestBoundary: 0j  time: 10.375646627042443
epoch79  rel.Train: 0.01680082032084465  rel.Test: 0.01753577768802643  abs.Test: 0.00011858606012538075  abs.TestBoundary: 0j  time: 10.40964491199702
epoch80  rel.Train: 0.016740996994078158  rel.Test: 0.01717775285243988  abs.Test: 0.00011647910287138075  abs.TestBoundary: 0j  time: 10.392892150674015
epoch81  rel.Train: 0.01554303377121687  rel.Test: 0.018013497069478034  abs.Test: 0.00012147340690717101  abs.TestBoundary: 0j  time: 10.405494650360197
epoch82  rel.Train: 0.01595617478340864  rel.Test: 0.02072557367384434  abs.Test: 0.00013911088550230488  abs.TestBoundary: 0j  time: 10.45374588528648
epoch83  rel.Train: 0.0164182001426816  rel.Test: 0.019001463651657103  abs.Test: 0.000129110052366741  abs.TestBoundary: 0j  time: 10.47875239700079
epoch84  rel.Train: 0.017175598211586474  rel.Test: 0.017135259732604026  abs.Test: 0.0001154393280739896  abs.TestBoundary: 0j  time: 10.472214939072728
epoch85  rel.Train: 0.015179333746433259  rel.Test: 0.017327733673155307  abs.Test: 0.00011667259444948285  abs.TestBoundary: 0j  time: 10.45544023392722
epoch86  rel.Train: 0.01727929513901472  rel.Test: 0.0186504365503788  abs.Test: 0.00012554855318740011  abs.TestBoundary: 0j  time: 10.464156348258257
epoch87  rel.Train: 0.01647572100162506  rel.Test: 0.023540607616305352  abs.Test: 0.0001622360636247322  abs.TestBoundary: 0j  time: 10.428880295250565
epoch88  rel.Train: 0.016547659829258918  rel.Test: 0.01548638191074133  abs.Test: 0.00010460653516929597  abs.TestBoundary: 0j  time: 10.423307653982192
epoch89  rel.Train: 0.015792925469577314  rel.Test: 0.016757486015558244  abs.Test: 0.00011311108653899282  abs.TestBoundary: 0j  time: 10.426734442356974
epoch90  rel.Train: 0.016785963989794254  rel.Test: 0.01616140369325876  abs.Test: 0.00010955153702525422  abs.TestBoundary: 0j  time: 10.426263657864183
epoch91  rel.Train: 0.015887191854417324  rel.Test: 0.023272706791758538  abs.Test: 0.00015615453361533582  abs.TestBoundary: 0j  time: 10.40806905599311
epoch92  rel.Train: 0.016126982219517232  rel.Test: 0.01639596339315176  abs.Test: 0.00011031096131773666  abs.TestBoundary: 0j  time: 10.403328658081591
epoch93  rel.Train: 0.01677282316982746  rel.Test: 0.017044535242021083  abs.Test: 0.00011471255245851353  abs.TestBoundary: 0j  time: 10.430836843792349
epoch94  rel.Train: 0.016117139473557474  rel.Test: 0.016188595481216907  abs.Test: 0.00010969644266879186  abs.TestBoundary: 0j  time: 10.417668665759265
epoch95  rel.Train: 0.016219040751457213  rel.Test: 0.02251861594617367  abs.Test: 0.00015120622818358244  abs.TestBoundary: 0j  time: 10.432334375102073
epoch96  rel.Train: 0.015677532598376273  rel.Test: 0.01622201818972826  abs.Test: 0.00010937265527900308  abs.TestBoundary: 0j  time: 10.44649602426216
epoch97  rel.Train: 0.01601514382660389  rel.Test: 0.015932970754802225  abs.Test: 0.00010773805144708603  abs.TestBoundary: 0j  time: 10.435039477422833
epoch98  rel.Train: 0.014201342150568962  rel.Test: 0.016176340505480766  abs.Test: 0.00010947373200906441  abs.TestBoundary: 0j  time: 10.440039684996009
epoch99  rel.Train: 0.014942411273717881  rel.Test: 0.026726381555199623  abs.Test: 0.00017864065419416874  abs.TestBoundary: 0j  time: 10.44247973896563
epoch100  rel.Train: 0.016060269445180894  rel.Test: 0.014702502377331257  abs.Test: 9.919392730807886e-05  abs.TestBoundary: 0j  time: 10.46940621593967
epoch101  rel.Train: 0.014730476990342141  rel.Test: 0.01570110470056534  abs.Test: 0.00010616190324071795  abs.TestBoundary: 0j  time: 10.44498565979302
epoch102  rel.Train: 0.014967960231006145  rel.Test: 0.015657945089042186  abs.Test: 0.00010606182157061994  abs.TestBoundary: 0j  time: 10.433100678957999
epoch103  rel.Train: 0.01552770134806633  rel.Test: 0.01456024393439293  abs.Test: 9.832471492700279e-05  abs.TestBoundary: 0j  time: 10.444014301989228
epoch104  rel.Train: 0.015275888487696648  rel.Test: 0.017223125509917735  abs.Test: 0.00011665209516650066  abs.TestBoundary: 0j  time: 10.426890428643674
epoch105  rel.Train: 0.015997802734375  rel.Test: 0.016241725906729697  abs.Test: 0.00010978351900121198  abs.TestBoundary: 0j  time: 10.419407695997506
epoch106  rel.Train: 0.014560286357998848  rel.Test: 0.014396657347679137  abs.Test: 9.717730077682063e-05  abs.TestBoundary: 0j  time: 10.415703314822167
epoch107  rel.Train: 0.015224762842059135  rel.Test: 0.015791835449635982  abs.Test: 0.00010651479446096346  abs.TestBoundary: 0j  time: 10.43292368389666
epoch108  rel.Train: 0.015285563237965106  rel.Test: 0.0192806775867939  abs.Test: 0.00013006224384298548  abs.TestBoundary: 0j  time: 10.413860675878823
epoch109  rel.Train: 0.013863620780408382  rel.Test: 0.016037835739552975  abs.Test: 0.00010815513087436557  abs.TestBoundary: 0j  time: 10.411377483047545
epoch110  rel.Train: 0.01575886166840792  rel.Test: 0.01651132870465517  abs.Test: 0.00011208746553165839  abs.TestBoundary: 0j  time: 10.43092556996271
epoch111  rel.Train: 0.014396782472729682  rel.Test: 0.016507831551134586  abs.Test: 0.00011100055417045951  abs.TestBoundary: 0j  time: 10.423674596939236
epoch112  rel.Train: 0.015680695220828055  rel.Test: 0.016952120289206504  abs.Test: 0.00011555779841728509  abs.TestBoundary: 0j  time: 10.420966107863933
epoch113  rel.Train: 0.013615300871431828  rel.Test: 0.018426549360156058  abs.Test: 0.00012368910829536618  abs.TestBoundary: 0j  time: 10.450346156954765
epoch114  rel.Train: 0.015474590696394444  rel.Test: 0.020259436443448065  abs.Test: 0.00013624809449538588  abs.TestBoundary: 0j  time: 10.429368467070162
epoch115  rel.Train: 0.0146511000841856  rel.Test: 0.017109821774065493  abs.Test: 0.00011560847808141262  abs.TestBoundary: 0j  time: 10.392189922742546
epoch116  rel.Train: 0.014092604108154773  rel.Test: 0.015179747231304646  abs.Test: 0.00010256294975988567  abs.TestBoundary: 0j  time: 10.359471085015684
epoch117  rel.Train: 0.01522491007298231  rel.Test: 0.018913921192288397  abs.Test: 0.00012831785948947072  abs.TestBoundary: 0j  time: 10.339603618253022
epoch118  rel.Train: 0.014955454058945179  rel.Test: 0.01639641720801592  abs.Test: 0.00011094297078670934  abs.TestBoundary: 0j  time: 10.319199684076011
epoch119  rel.Train: 0.013886990316212178  rel.Test: 0.015745028294622897  abs.Test: 0.00010628793621435762  abs.TestBoundary: 0j  time: 10.315175920724869
epoch120  rel.Train: 0.013566489413380622  rel.Test: 0.01489057883620262  abs.Test: 0.00010054981656139717  abs.TestBoundary: 0j  time: 10.337744934018701
epoch121  rel.Train: 0.012844179160892963  rel.Test: 0.01939268469810486  abs.Test: 0.00013138072128640488  abs.TestBoundary: 0j  time: 10.32566498266533
epoch122  rel.Train: 0.01432255431264639  rel.Test: 0.018170860707759858  abs.Test: 0.00012211669934913516  abs.TestBoundary: 0j  time: 10.338644679635763
epoch123  rel.Train: 0.013386581227183341  rel.Test: 0.015071374103426934  abs.Test: 0.00010167858505155891  abs.TestBoundary: 0j  time: 10.332597251050174
epoch124  rel.Train: 0.014643932573497295  rel.Test: 0.017122228480875492  abs.Test: 0.00011545268207555637  abs.TestBoundary: 0j  time: 10.35583736281842
epoch125  rel.Train: 0.014415050610899925  rel.Test: 0.014508029744029045  abs.Test: 9.777142025996e-05  abs.TestBoundary: 0j  time: 10.351916500832886
epoch126  rel.Train: 0.01505176892876625  rel.Test: 0.016438555531203748  abs.Test: 0.00011109521437902004  abs.TestBoundary: 0j  time: 10.352344941813499
epoch127  rel.Train: 0.01403875270485878  rel.Test: 0.017856084182858466  abs.Test: 0.00012071484758052975  abs.TestBoundary: 0j  time: 10.394029185175896
epoch128  rel.Train: 0.014173300854861737  rel.Test: 0.01942166231572628  abs.Test: 0.00013234816637123004  abs.TestBoundary: 0j  time: 10.371099055744708
epoch129  rel.Train: 0.015828134626150132  rel.Test: 0.014571829214692116  abs.Test: 9.840402693953365e-05  abs.TestBoundary: 0j  time: 10.381891728378832
epoch130  rel.Train: 0.013073544770479202  rel.Test: 0.01835340216755867  abs.Test: 0.00012544642086140812  abs.TestBoundary: 0j  time: 10.38281882693991
epoch131  rel.Train: 0.014000312343239785  rel.Test: 0.016667843014001846  abs.Test: 0.00011276558507233858  abs.TestBoundary: 0j  time: 10.397833990398794
epoch132  rel.Train: 0.013850444048643112  rel.Test: 0.01586443345993757  abs.Test: 0.00010699070611735806  abs.TestBoundary: 0j  time: 10.37698238575831
epoch133  rel.Train: 0.013817331857979297  rel.Test: 0.0185746106505394  abs.Test: 0.00012539027578895912  abs.TestBoundary: 0j  time: 10.369528573006392
epoch134  rel.Train: 0.013665336795151233  rel.Test: 0.014288043901324272  abs.Test: 9.673123568063602e-05  abs.TestBoundary: 0j  time: 10.370528530795127
epoch135  rel.Train: 0.012944660849869252  rel.Test: 0.015301734246313571  abs.Test: 0.00010348706506192684  abs.TestBoundary: 0j  time: 10.340719082858413
epoch136  rel.Train: 0.01350699582695961  rel.Test: 0.016893802545964717  abs.Test: 0.0001137512965942733  abs.TestBoundary: 0j  time: 10.341488985810429
epoch137  rel.Train: 0.0133532552421093  rel.Test: 0.013800361827015876  abs.Test: 9.321576944785193e-05  abs.TestBoundary: 0j  time: 10.342692266684026
epoch138  rel.Train: 0.013166571401059628  rel.Test: 0.014318014346063137  abs.Test: 9.692881896626204e-05  abs.TestBoundary: 0j  time: 10.349248807877302
epoch139  rel.Train: 0.012611915364861488  rel.Test: 0.017028164342045782  abs.Test: 0.00011546691850526258  abs.TestBoundary: 0j  time: 10.327943693846464
epoch140  rel.Train: 0.012906401500105857  rel.Test: 0.014423154518008232  abs.Test: 9.719382564071566e-05  abs.TestBoundary: 0j  time: 10.331681260373443
epoch141  rel.Train: 0.013683340899646282  rel.Test: 0.015391188710927962  abs.Test: 0.00010377657046774402  abs.TestBoundary: 0j  time: 10.354931185953319
epoch142  rel.Train: 0.012903692662715911  rel.Test: 0.015238926783204078  abs.Test: 0.00010361689171986655  abs.TestBoundary: 0j  time: 10.342834456358105
epoch143  rel.Train: 0.01214982820302248  rel.Test: 0.015485801137983798  abs.Test: 0.00010467179323313758  abs.TestBoundary: 0j  time: 10.346919476985931
epoch144  rel.Train: 0.013225396186113358  rel.Test: 0.015054065957665444  abs.Test: 0.00010175651375902816  abs.TestBoundary: 0j  time: 10.365013464353979
epoch145  rel.Train: 0.01282253074645996  rel.Test: 0.014365430399775505  abs.Test: 9.696856461232527e-05  abs.TestBoundary: 0j  time: 10.370915300678462
epoch146  rel.Train: 0.013096483580768108  rel.Test: 0.015194110758602618  abs.Test: 0.00010234396235318855  abs.TestBoundary: 0j  time: 10.368109639268368
epoch147  rel.Train: 0.013816262438893319  rel.Test: 0.01614010293036699  abs.Test: 0.00010937426617601886  abs.TestBoundary: 0j  time: 10.396596659906209
epoch148  rel.Train: 0.012877315871417522  rel.Test: 0.019607862904667855  abs.Test: 0.00013347417552722618  abs.TestBoundary: 0j  time: 10.403547904919833
epoch149  rel.Train: 0.01367420706152916  rel.Test: 0.015683112367987632  abs.Test: 0.0001052679173881188  abs.TestBoundary: 0j  time: 10.382407532073557
epoch150  rel.Train: 0.012079256616532802  rel.Test: 0.013303658962249755  abs.Test: 8.97531642112881e-05  abs.TestBoundary: 0j  time: 10.345603732857853
epoch151  rel.Train: 0.012594724789261817  rel.Test: 0.015802349895238876  abs.Test: 0.00010691692208638415  abs.TestBoundary: 0j  time: 10.355431304778904
epoch152  rel.Train: 0.012724405795335769  rel.Test: 0.018836172223091127  abs.Test: 0.0001282291513052769  abs.TestBoundary: 0j  time: 10.363235533237457
epoch153  rel.Train: 0.014107753202319145  rel.Test: 0.014480360262095928  abs.Test: 9.79737934540026e-05  abs.TestBoundary: 0j  time: 10.37728496780619
epoch154  rel.Train: 0.01178889811038971  rel.Test: 0.01743814367800951  abs.Test: 0.00011795388418249786  abs.TestBoundary: 0j  time: 10.34774030931294
epoch155  rel.Train: 0.013207124590873719  rel.Test: 0.014498930275440216  abs.Test: 9.833318850724026e-05  abs.TestBoundary: 0j  time: 10.335876104887575
epoch156  rel.Train: 0.012413324140012264  rel.Test: 0.015984052643179893  abs.Test: 0.00010883787559578196  abs.TestBoundary: 0j  time: 10.363136595115066
epoch157  rel.Train: 0.013228411592543125  rel.Test: 0.013795503713190556  abs.Test: 9.319116739789024e-05  abs.TestBoundary: 0j  time: 10.334176343865693
epoch158  rel.Train: 0.01189723190665245  rel.Test: 0.015989537201821804  abs.Test: 0.00010727626242442057  abs.TestBoundary: 0j  time: 10.34112268127501
epoch159  rel.Train: 0.012432774864137172  rel.Test: 0.014289145842194557  abs.Test: 9.702673327410593e-05  abs.TestBoundary: 0j  time: 10.328484791796654
epoch160  rel.Train: 0.011917591229081153  rel.Test: 0.015073606818914414  abs.Test: 0.00010168619541218504  abs.TestBoundary: 0j  time: 10.366326306946576
epoch161  rel.Train: 0.012578706175088883  rel.Test: 0.016094711311161518  abs.Test: 0.00010871546401176601  abs.TestBoundary: 0j  time: 10.348388799931854
epoch162  rel.Train: 0.012105420961976051  rel.Test: 0.0132052231580019  abs.Test: 8.904507994884625e-05  abs.TestBoundary: 0j  time: 10.359798165038228
epoch163  rel.Train: 0.012730697706341743  rel.Test: 0.01518268320709467  abs.Test: 0.00010249795013805851  abs.TestBoundary: 0j  time: 10.389086415991187
epoch164  rel.Train: 0.011803883016109467  rel.Test: 0.013241369128227234  abs.Test: 8.948568836785852e-05  abs.TestBoundary: 0j  time: 10.367238046135753
epoch165  rel.Train: 0.012547380976378917  rel.Test: 0.01784878958016634  abs.Test: 0.00012069291726220399  abs.TestBoundary: 0j  time: 10.364779585041106
epoch166  rel.Train: 0.012410709448158742  rel.Test: 0.013941521383821964  abs.Test: 9.400235721841454e-05  abs.TestBoundary: 0j  time: 10.390051268041134
epoch167  rel.Train: 0.01214416777342558  rel.Test: 0.015327655486762523  abs.Test: 0.00010407203226350247  abs.TestBoundary: 0j  time: 10.376956244930625
epoch168  rel.Train: 0.011739811606705189  rel.Test: 0.01343105435371399  abs.Test: 9.049373940797523e-05  abs.TestBoundary: 0j  time: 10.353848406113684
epoch169  rel.Train: 0.011531414367258548  rel.Test: 0.014742823429405688  abs.Test: 9.908353385981172e-05  abs.TestBoundary: 0j  time: 10.350395979825407
epoch170  rel.Train: 0.011990058429539204  rel.Test: 0.013685683384537697  abs.Test: 9.242369036655873e-05  abs.TestBoundary: 0j  time: 10.364925536327064
epoch171  rel.Train: 0.012257274262607098  rel.Test: 0.013760901242494582  abs.Test: 9.243660198990255e-05  abs.TestBoundary: 0j  time: 10.333355030976236
epoch172  rel.Train: 0.01139326448738575  rel.Test: 0.015396036095917226  abs.Test: 0.0001043658988783136  abs.TestBoundary: 0j  time: 10.335037251003087
epoch173  rel.Train: 0.010636915653944016  rel.Test: 0.012940694913268089  abs.Test: 8.744679304072634e-05  abs.TestBoundary: 0j  time: 10.340832631569356
epoch174  rel.Train: 0.01273292426764965  rel.Test: 0.01343603227287531  abs.Test: 9.080635354621335e-05  abs.TestBoundary: 0j  time: 10.322470699436963
epoch175  rel.Train: 0.011647862993180751  rel.Test: 0.013673717677593232  abs.Test: 9.264175430871546e-05  abs.TestBoundary: 0j  time: 10.334318827837706
epoch176  rel.Train: 0.01162747647613287  rel.Test: 0.015155659504234791  abs.Test: 0.00010177842021221295  abs.TestBoundary: 0j  time: 10.32177278259769
epoch177  rel.Train: 0.011870635092258454  rel.Test: 0.013492854721844196  abs.Test: 9.132391802268103e-05  abs.TestBoundary: 0j  time: 10.359421231318265
epoch178  rel.Train: 0.011343860894441605  rel.Test: 0.015104401484131813  abs.Test: 0.00010226413636701182  abs.TestBoundary: 0j  time: 10.344115883577615
epoch179  rel.Train: 0.011298269845545291  rel.Test: 0.013339963778853416  abs.Test: 9.001542086480186e-05  abs.TestBoundary: 0j  time: 10.36263797711581
epoch180  rel.Train: 0.011827375918626785  rel.Test: 0.015009614937007427  abs.Test: 0.00010152088303584605  abs.TestBoundary: 0j  time: 10.383705807849765
epoch181  rel.Train: 0.010954387784004212  rel.Test: 0.014157052040100098  abs.Test: 9.583086590282619e-05  abs.TestBoundary: 0j  time: 10.354728473816067
epoch182  rel.Train: 0.011334176413714885  rel.Test: 0.015052350498735904  abs.Test: 0.00010171040397835896  abs.TestBoundary: 0j  time: 10.357693243771791
epoch183  rel.Train: 0.011222497515380382  rel.Test: 0.013169686682522297  abs.Test: 8.899312961148098e-05  abs.TestBoundary: 0j  time: 10.344711270183325
epoch184  rel.Train: 0.011169923052191734  rel.Test: 0.015489077791571618  abs.Test: 0.00010507800063351169  abs.TestBoundary: 0j  time: 10.363832468166947
epoch185  rel.Train: 0.010648602202534675  rel.Test: 0.013174062818288803  abs.Test: 8.910472097340971e-05  abs.TestBoundary: 0j  time: 10.340316956397146
epoch186  rel.Train: 0.011005708262324334  rel.Test: 0.013365455642342568  abs.Test: 8.998950535897165e-05  abs.TestBoundary: 0j  time: 10.343707317952067
epoch187  rel.Train: 0.010138118214905262  rel.Test: 0.01308850098401308  abs.Test: 8.859391615260392e-05  abs.TestBoundary: 0j  time: 10.34971126774326
epoch188  rel.Train: 0.012517225056886672  rel.Test: 0.018135686703026295  abs.Test: 0.0001237120377481915  abs.TestBoundary: 0j  time: 10.330915833357722
epoch189  rel.Train: 0.010811411641538144  rel.Test: 0.01271925013512373  abs.Test: 8.562573348172008e-05  abs.TestBoundary: 0j  time: 10.335144965909421
epoch190  rel.Train: 0.011497224733233452  rel.Test: 0.01365342155098915  abs.Test: 9.304035076638683e-05  abs.TestBoundary: 0j  time: 10.33875750284642
epoch191  rel.Train: 0.010618755973875522  rel.Test: 0.013090423941612243  abs.Test: 8.829933387460186e-05  abs.TestBoundary: 0j  time: 10.350622235797346
epoch192  rel.Train: 0.011076441250741483  rel.Test: 0.013123807571828365  abs.Test: 8.824690507026389e-05  abs.TestBoundary: 0j  time: 10.335221156012267
epoch193  rel.Train: 0.010646762058138847  rel.Test: 0.014123038090765476  abs.Test: 9.609038796043023e-05  abs.TestBoundary: 0j  time: 10.349811648018658
epoch194  rel.Train: 0.010759602047502995  rel.Test: 0.013918396160006523  abs.Test: 9.358034061733633e-05  abs.TestBoundary: 0j  time: 10.371476755011827
epoch195  rel.Train: 0.011070567108690739  rel.Test: 0.013654668368399143  abs.Test: 9.254155651433393e-05  abs.TestBoundary: 0j  time: 10.352389197796583
epoch196  rel.Train: 0.010566467441618443  rel.Test: 0.013714658468961716  abs.Test: 9.246305184205994e-05  abs.TestBoundary: 0j  time: 10.348786120768636
epoch197  rel.Train: 0.01172750472277403  rel.Test: 0.012693560943007469  abs.Test: 8.571450511226431e-05  abs.TestBoundary: 0j  time: 10.368067177012563
epoch198  rel.Train: 0.010762239009141921  rel.Test: 0.013375355824828149  abs.Test: 9.001580125186592e-05  abs.TestBoundary: 0j  time: 10.375876528210938
epoch199  rel.Train: 0.011200937300920486  rel.Test: 0.013003682643175125  abs.Test: 8.781622949754819e-05  abs.TestBoundary: 0j  time: 10.347720745019615
epoch200  rel.Train: 0.010819358915090562  rel.Test: 0.013057270608842373  abs.Test: 8.846538694342598e-05  abs.TestBoundary: 0j  time: 10.34257463272661
epoch201  rel.Train: 0.010621807262301445  rel.Test: 0.012740372084081172  abs.Test: 8.60544529859908e-05  abs.TestBoundary: 0j  time: 10.378634173888713
epoch202  rel.Train: 0.010570257388055325  rel.Test: 0.015432396605610847  abs.Test: 0.00010530754487263039  abs.TestBoundary: 0j  time: 10.345576270017773
epoch203  rel.Train: 0.01145525648072362  rel.Test: 0.012969148084521294  abs.Test: 8.762456913245842e-05  abs.TestBoundary: 0j  time: 10.335682502947748
epoch204  rel.Train: 0.010173307321965695  rel.Test: 0.012889680303633213  abs.Test: 8.702109538717195e-05  abs.TestBoundary: 0j  time: 10.34847644995898
epoch205  rel.Train: 0.010179009199142455  rel.Test: 0.014912331365048886  abs.Test: 0.00010173194837989285  abs.TestBoundary: 0j  time: 10.363813183736056
epoch206  rel.Train: 0.01082395714521408  rel.Test: 0.012524063475430012  abs.Test: 8.455637987935915e-05  abs.TestBoundary: 0j  time: 10.333608036860824
epoch207  rel.Train: 0.010427438028156757  rel.Test: 0.013118025660514832  abs.Test: 8.859975903760642e-05  abs.TestBoundary: 0j  time: 10.334188318811357
epoch208  rel.Train: 0.010756751231849193  rel.Test: 0.013759148083627224  abs.Test: 9.26687041646801e-05  abs.TestBoundary: 0j  time: 10.341795513872057
epoch209  rel.Train: 0.010387752577662468  rel.Test: 0.014659624807536601  abs.Test: 0.00010013994382461533  abs.TestBoundary: 0j  time: 10.342482449952513
epoch210  rel.Train: 0.009772722207009792  rel.Test: 0.017645596638321877  abs.Test: 0.00012099606799893082  abs.TestBoundary: 0j  time: 10.328227349091321
epoch211  rel.Train: 0.01016070993989706  rel.Test: 0.01473144493997097  abs.Test: 9.96436018613167e-05  abs.TestBoundary: 0j  time: 10.353014410007745
epoch212  rel.Train: 0.011419416725635529  rel.Test: 0.012621477469801903  abs.Test: 8.533961547072976e-05  abs.TestBoundary: 0j  time: 10.33166266279295
epoch213  rel.Train: 0.009931507915258408  rel.Test: 0.013329361937940121  abs.Test: 9.025014616781846e-05  abs.TestBoundary: 0j  time: 10.346272634807974
epoch214  rel.Train: 0.010569971188902854  rel.Test: 0.012416068762540818  abs.Test: 8.3621445519384e-05  abs.TestBoundary: 0j  time: 10.339241249952465
epoch215  rel.Train: 0.009856812514364719  rel.Test: 0.012950928173959255  abs.Test: 8.79475410329178e-05  abs.TestBoundary: 0j  time: 10.353945306036621
epoch216  rel.Train: 0.009806364838033915  rel.Test: 0.012177114747464657  abs.Test: 8.216327463742346e-05  abs.TestBoundary: 0j  time: 10.3349340679124
epoch217  rel.Train: 0.010357609283179045  rel.Test: 0.012331661954522132  abs.Test: 8.335327496752144e-05  abs.TestBoundary: 0j  time: 10.342576476745307
epoch218  rel.Train: 0.00975578873232007  rel.Test: 0.015528046675026417  abs.Test: 0.00010464315011631697  abs.TestBoundary: 0j  time: 10.351489163003862
epoch219  rel.Train: 0.01012903057783842  rel.Test: 0.011780465357005596  abs.Test: 7.9468373733107e-05  abs.TestBoundary: 0j  time: 10.325812860857695
epoch220  rel.Train: 0.009510098397731781  rel.Test: 0.012839991487562657  abs.Test: 8.67252517491579e-05  abs.TestBoundary: 0j  time: 10.338678144849837
epoch221  rel.Train: 0.009722324199974536  rel.Test: 0.013284156620502472  abs.Test: 9.006807580590248e-05  abs.TestBoundary: 0j  time: 10.331419550813735
epoch222  rel.Train: 0.010544230207800865  rel.Test: 0.01497055135667324  abs.Test: 0.00010134387906873598  abs.TestBoundary: 0j  time: 10.360581209883094
epoch223  rel.Train: 0.010166455823928118  rel.Test: 0.011911813691258431  abs.Test: 8.025843737414107e-05  abs.TestBoundary: 0j  time: 10.329056671820581
epoch224  rel.Train: 0.009271392095834018  rel.Test: 0.011967305280268192  abs.Test: 8.077061880612746e-05  abs.TestBoundary: 0j  time: 10.342026288621128
epoch225  rel.Train: 0.010330351054668426  rel.Test: 0.0131308663636446  abs.Test: 8.848499157465995e-05  abs.TestBoundary: 0j  time: 10.362584875896573
epoch226  rel.Train: 0.009715908396989107  rel.Test: 0.01250935047864914  abs.Test: 8.429662528214977e-05  abs.TestBoundary: 0j  time: 10.33706915890798
epoch227  rel.Train: 0.009433172296732665  rel.Test: 0.011955404728651047  abs.Test: 8.087742811767384e-05  abs.TestBoundary: 0j  time: 10.342851613182575
epoch228  rel.Train: 0.009715746864676475  rel.Test: 0.012259073369204999  abs.Test: 8.264833129942417e-05  abs.TestBoundary: 0j  time: 10.352090572938323
epoch229  rel.Train: 0.009607254341244698  rel.Test: 0.012540379017591476  abs.Test: 8.467965351883323e-05  abs.TestBoundary: 0j  time: 10.361352427862585
epoch230  rel.Train: 0.00946445257216692  rel.Test: 0.012494317665696144  abs.Test: 8.437219366896898e-05  abs.TestBoundary: 0j  time: 10.341818820219487
epoch231  rel.Train: 0.009718886982649565  rel.Test: 0.012241912484169006  abs.Test: 8.243308897363022e-05  abs.TestBoundary: 0j  time: 10.352898226119578
epoch232  rel.Train: 0.009466658402234316  rel.Test: 0.011454973295331001  abs.Test: 7.736345141893253e-05  abs.TestBoundary: 0j  time: 10.368045766837895
epoch233  rel.Train: 0.009276628244668246  rel.Test: 0.012827545367181302  abs.Test: 8.672621683217585e-05  abs.TestBoundary: 0j  time: 10.342281194869429
epoch234  rel.Train: 0.008851479697972536  rel.Test: 0.011805394403636456  abs.Test: 7.969007623614743e-05  abs.TestBoundary: 0j  time: 10.345754679758102
epoch235  rel.Train: 0.009898910894989968  rel.Test: 0.011999283879995347  abs.Test: 8.121666120132431e-05  abs.TestBoundary: 0j  time: 10.342207758221775
epoch236  rel.Train: 0.009611517157405615  rel.Test: 0.012934288345277309  abs.Test: 8.720097917830572e-05  abs.TestBoundary: 0j  time: 10.36417632503435
epoch237  rel.Train: 0.009998459570109844  rel.Test: 0.01171331837773323  abs.Test: 7.8983257553773e-05  abs.TestBoundary: 0j  time: 10.36694472329691
epoch238  rel.Train: 0.009249589871615171  rel.Test: 0.011446924172341824  abs.Test: 7.741426335996948e-05  abs.TestBoundary: 0j  time: 10.371421026065946
epoch239  rel.Train: 0.00890951033309102  rel.Test: 0.012082269825041294  abs.Test: 8.147358574206009e-05  abs.TestBoundary: 0j  time: 10.326871831901371
epoch240  rel.Train: 0.009245731964707375  rel.Test: 0.015058408491313457  abs.Test: 0.00010190237982897088  abs.TestBoundary: 0j  time: 10.351503312587738
epoch241  rel.Train: 0.009799335852265358  rel.Test: 0.013115241080522538  abs.Test: 8.823383512208239e-05  abs.TestBoundary: 0j  time: 10.332210490945727
epoch242  rel.Train: 0.009110036451369524  rel.Test: 0.012077863402664661  abs.Test: 8.140305522829295e-05  abs.TestBoundary: 0j  time: 10.324153159745038
epoch243  rel.Train: 0.008813649252057075  rel.Test: 0.012346653454005718  abs.Test: 8.333238336490468e-05  abs.TestBoundary: 0j  time: 10.329094551037997
epoch244  rel.Train: 0.009412291273474694  rel.Test: 0.012666029334068298  abs.Test: 8.527756726834923e-05  abs.TestBoundary: 0j  time: 10.345720557961613
epoch245  rel.Train: 0.009588825684040785  rel.Test: 0.012496289387345315  abs.Test: 8.398652047617361e-05  abs.TestBoundary: 0j  time: 10.32380881300196
epoch246  rel.Train: 0.009183956772089004  rel.Test: 0.012724356986582279  abs.Test: 8.584038325352594e-05  abs.TestBoundary: 0j  time: 10.324769927188754
epoch247  rel.Train: 0.009521247770637275  rel.Test: 0.013589661829173564  abs.Test: 9.1251878766343e-05  abs.TestBoundary: 0j  time: 10.352798543870449
epoch248  rel.Train: 0.009396877616643906  rel.Test: 0.01327750764787197  abs.Test: 9.03566722990945e-05  abs.TestBoundary: 0j  time: 10.337881734594703
epoch249  rel.Train: 0.00906988124549389  rel.Test: 0.011653007902204991  abs.Test: 7.866141328122467e-05  abs.TestBoundary: 0j  time: 10.345834810752422
epoch250  rel.Train: 0.008527646981179714  rel.Test: 0.012455005310475826  abs.Test: 8.353325276402756e-05  abs.TestBoundary: 0j  time: 10.353447433561087
epoch251  rel.Train: 0.00881927678361535  rel.Test: 0.012245781160891056  abs.Test: 8.260278002126143e-05  abs.TestBoundary: 0j  time: 10.381932977121323
epoch252  rel.Train: 0.009334032651036979  rel.Test: 0.011611925065517425  abs.Test: 7.852351554902271e-05  abs.TestBoundary: 0j  time: 10.363843783270568
epoch253  rel.Train: 0.008973421677947045  rel.Test: 0.01149717926979065  abs.Test: 7.75483250617981e-05  abs.TestBoundary: 0j  time: 10.363826774992049
epoch254  rel.Train: 0.008832476824522019  rel.Test: 0.012153986394405365  abs.Test: 8.176108400220983e-05  abs.TestBoundary: 0j  time: 10.3734435508959
epoch255  rel.Train: 0.00864388208091259  rel.Test: 0.011176980249583721  abs.Test: 7.531482871854678e-05  abs.TestBoundary: 0j  time: 10.351724756881595
epoch256  rel.Train: 0.008382205154746771  rel.Test: 0.014900635704398155  abs.Test: 0.00010092217038618401  abs.TestBoundary: 0j  time: 10.331856603268534
epoch257  rel.Train: 0.008992082741111516  rel.Test: 0.011713592484593392  abs.Test: 7.889650558354333e-05  abs.TestBoundary: 0j  time: 10.334334044717252
epoch258  rel.Train: 0.008546290781348944  rel.Test: 0.011955039761960506  abs.Test: 8.117763936752454e-05  abs.TestBoundary: 0j  time: 10.354283516295254
epoch259  rel.Train: 0.008997873805463314  rel.Test: 0.011065758690237999  abs.Test: 7.461834175046534e-05  abs.TestBoundary: 0j  time: 10.326286956202239
epoch260  rel.Train: 0.00810586716234684  rel.Test: 0.011632114686071872  abs.Test: 7.850162801332772e-05  abs.TestBoundary: 0j  time: 10.327415120322257
epoch261  rel.Train: 0.008384428959339857  rel.Test: 0.01158812638372183  abs.Test: 7.839058744139039e-05  abs.TestBoundary: 0j  time: 10.347996788099408
epoch262  rel.Train: 0.008278169449418784  rel.Test: 0.011210132725536823  abs.Test: 7.56737170740962e-05  abs.TestBoundary: 0j  time: 10.336170725058764
epoch263  rel.Train: 0.00872617757320404  rel.Test: 0.011318549439311027  abs.Test: 7.640380208613351e-05  abs.TestBoundary: 0j  time: 10.342445801012218
epoch264  rel.Train: 0.009005193185061216  rel.Test: 0.011400917433202267  abs.Test: 7.680613387492485e-05  abs.TestBoundary: 0j  time: 10.346895353868604
epoch265  rel.Train: 0.008121852546930312  rel.Test: 0.011819043271243572  abs.Test: 7.948808430228382e-05  abs.TestBoundary: 0j  time: 10.362013704143465
epoch266  rel.Train: 0.008247357618063689  rel.Test: 0.011878361403942108  abs.Test: 8.002947899512946e-05  abs.TestBoundary: 0j  time: 10.366853061132133
epoch267  rel.Train: 0.00770153021812439  rel.Test: 0.011682688854634762  abs.Test: 7.855401752749459e-05  abs.TestBoundary: 0j  time: 10.366811722982675
epoch268  rel.Train: 0.00844326665624976  rel.Test: 0.011210559085011482  abs.Test: 7.580315344966948e-05  abs.TestBoundary: 0j  time: 10.378670571837574
epoch269  rel.Train: 0.008288234919309617  rel.Test: 0.01183935821056366  abs.Test: 7.969539990881457e-05  abs.TestBoundary: 0j  time: 10.361979795154184
epoch270  rel.Train: 0.008016763020306825  rel.Test: 0.011482585296034813  abs.Test: 7.770809606881812e-05  abs.TestBoundary: 0j  time: 10.36010648496449
epoch271  rel.Train: 0.008699716102331877  rel.Test: 0.011831336207687854  abs.Test: 7.989526726305485e-05  abs.TestBoundary: 0j  time: 10.371031425893307
epoch272  rel.Train: 0.008384301174432039  rel.Test: 0.011395580060780048  abs.Test: 7.700177608057856e-05  abs.TestBoundary: 0j  time: 10.342209862079471
epoch273  rel.Train: 0.008648456793278456  rel.Test: 0.011425104662775994  abs.Test: 7.704996532993391e-05  abs.TestBoundary: 0j  time: 10.356412274762988
epoch274  rel.Train: 0.007937592905014753  rel.Test: 0.011119179464876651  abs.Test: 7.529528142185882e-05  abs.TestBoundary: 0j  time: 10.341695493087173
epoch275  rel.Train: 0.007627000700682402  rel.Test: 0.010760864093899727  abs.Test: 7.254039097460918e-05  abs.TestBoundary: 0j  time: 10.351813428103924
epoch276  rel.Train: 0.007781409665942192  rel.Test: 0.0109592804312706  abs.Test: 7.394797779852524e-05  abs.TestBoundary: 0j  time: 10.33076933817938
epoch277  rel.Train: 0.008025515358895063  rel.Test: 0.011238387152552605  abs.Test: 7.586173567688093e-05  abs.TestBoundary: 0j  time: 10.326968512963504
epoch278  rel.Train: 0.008555931754410266  rel.Test: 0.01153362900018692  abs.Test: 7.774624886224046e-05  abs.TestBoundary: 0j  time: 10.34603890310973
epoch279  rel.Train: 0.007815013598650694  rel.Test: 0.011340264827013016  abs.Test: 7.628550461959094e-05  abs.TestBoundary: 0j  time: 10.339306911919266
epoch280  rel.Train: 0.007823812197893859  rel.Test: 0.011261018142104149  abs.Test: 7.620549557032064e-05  abs.TestBoundary: 0j  time: 10.341551441233605
epoch281  rel.Train: 0.00802372882515192  rel.Test: 0.011204294674098492  abs.Test: 7.538023026427255e-05  abs.TestBoundary: 0j  time: 10.350278462748975
epoch282  rel.Train: 0.008568509213626384  rel.Test: 0.011078663393855095  abs.Test: 7.460304521373474e-05  abs.TestBoundary: 0j  time: 10.377085251268
epoch283  rel.Train: 0.00761631590873003  rel.Test: 0.010675428919494152  abs.Test: 7.194625577540137e-05  abs.TestBoundary: 0j  time: 10.353187090251595
epoch284  rel.Train: 0.007834889769554139  rel.Test: 0.011178291849792004  abs.Test: 7.527717665652745e-05  abs.TestBoundary: 0j  time: 10.354819061700255
epoch285  rel.Train: 0.007636597197502851  rel.Test: 0.012235368378460407  abs.Test: 8.265992946689948e-05  abs.TestBoundary: 0j  time: 10.389933129772544
epoch286  rel.Train: 0.007453752666711807  rel.Test: 0.011097493544220925  abs.Test: 7.501540458179078e-05  abs.TestBoundary: 0j  time: 10.369033460970968
epoch287  rel.Train: 0.007860191151499748  rel.Test: 0.011698962301015853  abs.Test: 7.874442817410455e-05  abs.TestBoundary: 0j  time: 10.3658975251019
epoch288  rel.Train: 0.008020569179207087  rel.Test: 0.011511052586138248  abs.Test: 7.750272896373645e-05  abs.TestBoundary: 0j  time: 10.380072923842818
epoch289  rel.Train: 0.007908452156931162  rel.Test: 0.01087714619934559  abs.Test: 7.341735952650197e-05  abs.TestBoundary: 0j  time: 10.3574790507555
epoch290  rel.Train: 0.007669922303408384  rel.Test: 0.01118115197867155  abs.Test: 7.560995800304227e-05  abs.TestBoundary: 0j  time: 10.363593752030283
epoch291  rel.Train: 0.007557093732059002  rel.Test: 0.011471787318587303  abs.Test: 7.770344163873232e-05  abs.TestBoundary: 0j  time: 10.34412148501724
epoch292  rel.Train: 0.007321096483618021  rel.Test: 0.010883872732520103  abs.Test: 7.346238053287379e-05  abs.TestBoundary: 0j  time: 10.357004447840154
epoch293  rel.Train: 0.007588585894554853  rel.Test: 0.0109582344815135  abs.Test: 7.403802446788177e-05  abs.TestBoundary: 0j  time: 10.32480068411678
epoch294  rel.Train: 0.007337392199784517  rel.Test: 0.010634531490504742  abs.Test: 7.16577295679599e-05  abs.TestBoundary: 0j  time: 10.341768285725266
epoch295  rel.Train: 0.007479604687541723  rel.Test: 0.010607223287224769  abs.Test: 7.1452991978731e-05  abs.TestBoundary: 0j  time: 10.3463857290335
epoch296  rel.Train: 0.007197466131299734  rel.Test: 0.011041352339088917  abs.Test: 7.430502693750896e-05  abs.TestBoundary: 0j  time: 10.335075523238629
epoch297  rel.Train: 0.0073597607910633085  rel.Test: 0.010735610760748386  abs.Test: 7.242741077789105e-05  abs.TestBoundary: 0j  time: 10.327544807922095
epoch298  rel.Train: 0.007066915478557348  rel.Test: 0.010568439103662968  abs.Test: 7.12581689003855e-05  abs.TestBoundary: 0j  time: 10.338729199022055
epoch299  rel.Train: 0.007579578328877687  rel.Test: 0.010852597504854202  abs.Test: 7.300120079889894e-05  abs.TestBoundary: 0j  time: 10.364513770211488
epoch300  rel.Train: 0.008087550435215234  rel.Test: 0.011632007993757725  abs.Test: 7.882670062826947e-05  abs.TestBoundary: 0j  time: 10.350513825193048
epoch301  rel.Train: 0.007429398696869612  rel.Test: 0.011208834201097488  abs.Test: 7.529831331339665e-05  abs.TestBoundary: 0j  time: 10.359482827130705
epoch302  rel.Train: 0.007225185602903366  rel.Test: 0.010781632885336876  abs.Test: 7.260547572514042e-05  abs.TestBoundary: 0j  time: 10.374001721851528
epoch303  rel.Train: 0.007097768221050501  rel.Test: 0.011412637680768967  abs.Test: 7.740000612102449e-05  abs.TestBoundary: 0j  time: 10.365119866095483
epoch304  rel.Train: 0.006851368900388479  rel.Test: 0.010489645935595036  abs.Test: 7.092027430189773e-05  abs.TestBoundary: 0j  time: 10.362637627404183
epoch305  rel.Train: 0.006798102773725986  rel.Test: 0.010578739047050477  abs.Test: 7.143808499677107e-05  abs.TestBoundary: 0j  time: 10.368246458936483
epoch306  rel.Train: 0.006781592227518558  rel.Test: 0.010446782857179641  abs.Test: 7.050530271953903e-05  abs.TestBoundary: 0j  time: 10.380390845239162
epoch307  rel.Train: 0.006938814256340266  rel.Test: 0.01048207500949502  abs.Test: 7.06289743538946e-05  abs.TestBoundary: 0j  time: 10.364516192115843
epoch308  rel.Train: 0.007117445729672909  rel.Test: 0.010599100720137358  abs.Test: 7.131696824217216e-05  abs.TestBoundary: 0j  time: 10.344921488780528
epoch309  rel.Train: 0.007056297585368156  rel.Test: 0.010749654695391655  abs.Test: 7.265133026521653e-05  abs.TestBoundary: 0j  time: 10.362828438635916
epoch310  rel.Train: 0.0071317475698888305  rel.Test: 0.011201737858355045  abs.Test: 7.600479031680152e-05  abs.TestBoundary: 0j  time: 10.341595913283527
epoch311  rel.Train: 0.006897524833679199  rel.Test: 0.011573394350707531  abs.Test: 7.854810697608627e-05  abs.TestBoundary: 0j  time: 10.348100365139544
epoch312  rel.Train: 0.007177173390984535  rel.Test: 0.010888718180358409  abs.Test: 7.340001524426043e-05  abs.TestBoundary: 0j  time: 10.34942637104541
epoch313  rel.Train: 0.0065052080079913135  rel.Test: 0.010427825301885605  abs.Test: 7.017401454504579e-05  abs.TestBoundary: 0j  time: 10.343222417868674
epoch314  rel.Train: 0.006965334884822368  rel.Test: 0.010949096940457821  abs.Test: 7.403522788081318e-05  abs.TestBoundary: 0j  time: 10.330658122897148
epoch315  rel.Train: 0.006966797888278961  rel.Test: 0.010624664463102817  abs.Test: 7.17700288805645e-05  abs.TestBoundary: 0j  time: 10.34594483859837
epoch316  rel.Train: 0.006831057615578175  rel.Test: 0.01059021383523941  abs.Test: 7.139436624129303e-05  abs.TestBoundary: 0j  time: 10.368638391140848
epoch317  rel.Train: 0.0069691530354321005  rel.Test: 0.010334732867777347  abs.Test: 6.982660052017309e-05  abs.TestBoundary: 0j  time: 10.347536144778132
epoch318  rel.Train: 0.00670300218090415  rel.Test: 0.010402786862105131  abs.Test: 7.028500665910542e-05  abs.TestBoundary: 0j  time: 10.360410450026393
epoch319  rel.Train: 0.006938633285462856  rel.Test: 0.010541742295026779  abs.Test: 7.123330113245174e-05  abs.TestBoundary: 0j  time: 10.376998655963689
epoch320  rel.Train: 0.006943064823746682  rel.Test: 0.010838864855468273  abs.Test: 7.28403651737608e-05  abs.TestBoundary: 0j  time: 10.358346377965063
epoch321  rel.Train: 0.006566106371581554  rel.Test: 0.010610768049955368  abs.Test: 7.163134607253596e-05  abs.TestBoundary: 0j  time: 10.357752077747136
epoch322  rel.Train: 0.006626138776540756  rel.Test: 0.010644762665033341  abs.Test: 7.193228215328418e-05  abs.TestBoundary: 0j  time: 10.396957611199468
epoch323  rel.Train: 0.006742506738752127  rel.Test: 0.010643586106598378  abs.Test: 7.178247571573593e-05  abs.TestBoundary: 0j  time: 10.376526433974504
epoch324  rel.Train: 0.00630489781871438  rel.Test: 0.010285982228815556  abs.Test: 6.949958027689718e-05  abs.TestBoundary: 0j  time: 10.369766514282674
epoch325  rel.Train: 0.006373700365424157  rel.Test: 0.010447141975164413  abs.Test: 7.052400134853087e-05  abs.TestBoundary: 0j  time: 10.367475898005068
epoch326  rel.Train: 0.006322785638272762  rel.Test: 0.01019931048154831  abs.Test: 6.872352605569176e-05  abs.TestBoundary: 0j  time: 10.418379961978644
epoch327  rel.Train: 0.006615880161523819  rel.Test: 0.010635062307119369  abs.Test: 7.192059623776004e-05  abs.TestBoundary: 0j  time: 10.411894871853292
epoch328  rel.Train: 0.006383972458541393  rel.Test: 0.01075573269277811  abs.Test: 7.298504657228477e-05  abs.TestBoundary: 0j  time: 10.352244907058775
epoch329  rel.Train: 0.006312872748821974  rel.Test: 0.010610027648508548  abs.Test: 7.181145483627915e-05  abs.TestBoundary: 0j  time: 10.353242070879787
epoch330  rel.Train: 0.006464575182646513  rel.Test: 0.010242446102201938  abs.Test: 6.918609651620499e-05  abs.TestBoundary: 0j  time: 10.345107974018902
epoch331  rel.Train: 0.006580278839915991  rel.Test: 0.010761663801968097  abs.Test: 7.25574599346146e-05  abs.TestBoundary: 0j  time: 10.356633020099252
epoch332  rel.Train: 0.006402210529893637  rel.Test: 0.010037410948425531  abs.Test: 6.773881803383119e-05  abs.TestBoundary: 0j  time: 10.335872805211693
epoch333  rel.Train: 0.006200865365564823  rel.Test: 0.010322389639914036  abs.Test: 6.967967608943581e-05  abs.TestBoundary: 0j  time: 10.326887875795364
epoch334  rel.Train: 0.0063198948614299295  rel.Test: 0.010148473549634218  abs.Test: 6.849747413070873e-05  abs.TestBoundary: 0j  time: 10.355623681098223
epoch335  rel.Train: 0.006157199375331402  rel.Test: 0.010525742806494235  abs.Test: 7.077199348714203e-05  abs.TestBoundary: 0j  time: 10.335975646041334
epoch336  rel.Train: 0.006326218217611313  rel.Test: 0.01016481775790453  abs.Test: 6.845466588856653e-05  abs.TestBoundary: 0j  time: 10.342104284092784
epoch337  rel.Train: 0.006468305565416813  rel.Test: 0.010148466508835554  abs.Test: 6.844705756520853e-05  abs.TestBoundary: 0j  time: 10.362364669330418
epoch338  rel.Train: 0.0061679257489740845  rel.Test: 0.010268209017813206  abs.Test: 6.911232732818462e-05  abs.TestBoundary: 0j  time: 10.386106695048511
epoch339  rel.Train: 0.006357742626219988  rel.Test: 0.010079303700476884  abs.Test: 6.806485034758226e-05  abs.TestBoundary: 0j  time: 10.384095340967178
epoch340  rel.Train: 0.006273994393646717  rel.Test: 0.010331092812120914  abs.Test: 6.985664338571951e-05  abs.TestBoundary: 0j  time: 10.378430729266256
epoch341  rel.Train: 0.006126290932297706  rel.Test: 0.010111262649297714  abs.Test: 6.833432882558555e-05  abs.TestBoundary: 0j  time: 10.397276797797531
epoch342  rel.Train: 0.006056540738791227  rel.Test: 0.010277196802198886  abs.Test: 6.93872723786626e-05  abs.TestBoundary: 0j  time: 10.370547262020409
epoch343  rel.Train: 0.005978577591478825  rel.Test: 0.010144789572805166  abs.Test: 6.833864928921684e-05  abs.TestBoundary: 0j  time: 10.363088930025697
epoch344  rel.Train: 0.005895061809569597  rel.Test: 0.010025092400610447  abs.Test: 6.767123093595728e-05  abs.TestBoundary: 0j  time: 10.362122155260295
epoch345  rel.Train: 0.006152399733662605  rel.Test: 0.01005997184664011  abs.Test: 6.803500524256378e-05  abs.TestBoundary: 0j  time: 10.370229477062821
epoch346  rel.Train: 0.006310384061187506  rel.Test: 0.010469289049506187  abs.Test: 7.084933662554249e-05  abs.TestBoundary: 0j  time: 10.344637964386493
epoch347  rel.Train: 0.006171821732074022  rel.Test: 0.010290662739425898  abs.Test: 6.932139891432598e-05  abs.TestBoundary: 0j  time: 10.334818616975099
epoch348  rel.Train: 0.005818923976272344  rel.Test: 0.010029260087758302  abs.Test: 6.776681228075176e-05  abs.TestBoundary: 0j  time: 10.353588701225817
epoch349  rel.Train: 0.005802440073341132  rel.Test: 0.009999316334724426  abs.Test: 6.75080600194633e-05  abs.TestBoundary: 0j  time: 10.331588448956609
epoch350  rel.Train: 0.006014415830373764  rel.Test: 0.01006707178428769  abs.Test: 6.807325946283526e-05  abs.TestBoundary: 0j  time: 10.335543217137456
epoch351  rel.Train: 0.006005707241594792  rel.Test: 0.010137537606060504  abs.Test: 6.843303461209871e-05  abs.TestBoundary: 0j  time: 10.357324438169599
epoch352  rel.Train: 0.006245576199144125  rel.Test: 0.010092213638126851  abs.Test: 6.807940168073401e-05  abs.TestBoundary: 0j  time: 10.341492276173085
epoch353  rel.Train: 0.005879567217081785  rel.Test: 0.01004230996593833  abs.Test: 6.779896677471697e-05  abs.TestBoundary: 0j  time: 10.353216407354921
epoch354  rel.Train: 0.005610878925770522  rel.Test: 0.01007122952491045  abs.Test: 6.810442500864156e-05  abs.TestBoundary: 0j  time: 10.36624496569857
epoch355  rel.Train: 0.005752482496201992  rel.Test: 0.009956955332309008  abs.Test: 6.720410834532231e-05  abs.TestBoundary: 0j  time: 10.387952758930624
epoch356  rel.Train: 0.006138223171234131  rel.Test: 0.009905313812196255  abs.Test: 6.682358289253899e-05  abs.TestBoundary: 0j  time: 10.368775092996657
epoch357  rel.Train: 0.0057632532082498075  rel.Test: 0.009957159832119943  abs.Test: 6.72260153805837e-05  abs.TestBoundary: 0j  time: 10.37069103308022
epoch358  rel.Train: 0.005597449943423271  rel.Test: 0.009947366956621408  abs.Test: 6.716199481161311e-05  abs.TestBoundary: 0j  time: 10.384043401107192
epoch359  rel.Train: 0.005767669014632702  rel.Test: 0.01012678088620305  abs.Test: 6.83304936683271e-05  abs.TestBoundary: 0j  time: 10.35633323295042
epoch360  rel.Train: 0.005687506057322025  rel.Test: 0.009910617060959338  abs.Test: 6.697353499475867e-05  abs.TestBoundary: 0j  time: 10.358002485707402
epoch361  rel.Train: 0.005527216613292694  rel.Test: 0.009823216684162616  abs.Test: 6.627183247474023e-05  abs.TestBoundary: 0j  time: 10.34817203739658
epoch362  rel.Train: 0.00553016983345151  rel.Test: 0.009774509388953447  abs.Test: 6.594429403776303e-05  abs.TestBoundary: 0j  time: 10.3557881237939
epoch363  rel.Train: 0.00547488634288311  rel.Test: 0.01011711811646819  abs.Test: 6.838153320131823e-05  abs.TestBoundary: 0j  time: 10.327760559041053
epoch364  rel.Train: 0.005730319507420063  rel.Test: 0.010061439871788026  abs.Test: 6.798277099733241e-05  abs.TestBoundary: 0j  time: 10.334333428181708
epoch365  rel.Train: 0.005645472995936871  rel.Test: 0.009876426178961992  abs.Test: 6.665660708677024e-05  abs.TestBoundary: 0j  time: 10.3552709906362
epoch366  rel.Train: 0.0054976028837263585  rel.Test: 0.010290901456028224  abs.Test: 6.92288925347384e-05  abs.TestBoundary: 0j  time: 10.33418881194666
epoch367  rel.Train: 0.005742131352424622  rel.Test: 0.009895735755562782  abs.Test: 6.682803767034784e-05  abs.TestBoundary: 0j  time: 10.347496284171939
epoch368  rel.Train: 0.005448587637394667  rel.Test: 0.00990934481844306  abs.Test: 6.678906735032797e-05  abs.TestBoundary: 0j  time: 10.35157286003232
epoch369  rel.Train: 0.005350852027535439  rel.Test: 0.009902134500443936  abs.Test: 6.683896863250993e-05  abs.TestBoundary: 0j  time: 10.378169802948833
epoch370  rel.Train: 0.00539100393652916  rel.Test: 0.009723565336316823  abs.Test: 6.563052869751118e-05  abs.TestBoundary: 0j  time: 10.364237265661359
epoch371  rel.Train: 0.005394326373934746  rel.Test: 0.009718551523983479  abs.Test: 6.556738444487564e-05  abs.TestBoundary: 0j  time: 10.366386853624135
epoch372  rel.Train: 0.005468387559056282  rel.Test: 0.009863818362355233  abs.Test: 6.651491261436604e-05  abs.TestBoundary: 0j  time: 10.38948387792334
epoch373  rel.Train: 0.005322953660041094  rel.Test: 0.00972472233697772  abs.Test: 6.562124908668921e-05  abs.TestBoundary: 0j  time: 10.366958294063807
epoch374  rel.Train: 0.005352063704282046  rel.Test: 0.009960296116769313  abs.Test: 6.716010728268884e-05  abs.TestBoundary: 0j  time: 10.513554212171584
epoch375  rel.Train: 0.005397526368498802  rel.Test: 0.009746235832571983  abs.Test: 6.577380831004121e-05  abs.TestBoundary: 0j  time: 10.532175882719457
epoch376  rel.Train: 0.00524910793825984  rel.Test: 0.009769860692322253  abs.Test: 6.592084188014269e-05  abs.TestBoundary: 0j  time: 12.322867654729635
epoch377  rel.Train: 0.005298122301697731  rel.Test: 0.009805248081684113  abs.Test: 6.624541390920057e-05  abs.TestBoundary: 0j  time: 10.3287860378623
epoch378  rel.Train: 0.005235596049576997  rel.Test: 0.009709346480667591  abs.Test: 6.551469443365931e-05  abs.TestBoundary: 0j  time: 10.339659782126546
epoch379  rel.Train: 0.005199103813618422  rel.Test: 0.009760204385966063  abs.Test: 6.587848882190884e-05  abs.TestBoundary: 0j  time: 10.350035651121289
epoch380  rel.Train: 0.005324910938739776  rel.Test: 0.009833653997629881  abs.Test: 6.643311702646315e-05  abs.TestBoundary: 0j  time: 10.332967932801694
epoch381  rel.Train: 0.00527705692127347  rel.Test: 0.00973284149542451  abs.Test: 6.567603850271553e-05  abs.TestBoundary: 0j  time: 10.32901962287724
epoch382  rel.Train: 0.005163186937570572  rel.Test: 0.009872053731232882  abs.Test: 6.656257828581147e-05  abs.TestBoundary: 0j  time: 10.37610073108226
epoch383  rel.Train: 0.005081187959760427  rel.Test: 0.009758949372917413  abs.Test: 6.585881114006043e-05  abs.TestBoundary: 0j  time: 10.35166353918612
epoch384  rel.Train: 0.004993261639028788  rel.Test: 0.00968747241422534  abs.Test: 6.539781010360457e-05  abs.TestBoundary: 0j  time: 10.35073309391737
epoch385  rel.Train: 0.0049736972488462925  rel.Test: 0.009686696082353593  abs.Test: 6.534981454024091e-05  abs.TestBoundary: 0j  time: 10.368454075418413
epoch386  rel.Train: 0.005115852739661932  rel.Test: 0.010065126083791256  abs.Test: 6.804574601119384e-05  abs.TestBoundary: 0j  time: 10.363764399662614
epoch387  rel.Train: 0.00529252441227436  rel.Test: 0.00975369468331337  abs.Test: 6.573888138518669e-05  abs.TestBoundary: 0j  time: 10.358070017769933
epoch388  rel.Train: 0.005135798774659634  rel.Test: 0.009891528990119696  abs.Test: 6.684008694719523e-05  abs.TestBoundary: 0j  time: 10.369460140354931
epoch389  rel.Train: 0.0050994218699634076  rel.Test: 0.009764837194234132  abs.Test: 6.598998137633317e-05  abs.TestBoundary: 0j  time: 10.376450929790735
epoch390  rel.Train: 0.005042557634413242  rel.Test: 0.009737441968172788  abs.Test: 6.578701475518756e-05  abs.TestBoundary: 0j  time: 10.349958001170307
epoch391  rel.Train: 0.00504994785040617  rel.Test: 0.009969981089234352  abs.Test: 6.746298386133276e-05  abs.TestBoundary: 0j  time: 10.353783668018878
epoch392  rel.Train: 0.004941229704767466  rel.Test: 0.009713409431278706  abs.Test: 6.555763044161721e-05  abs.TestBoundary: 0j  time: 10.365174038335681
epoch393  rel.Train: 0.004904950693249702  rel.Test: 0.009822332002222538  abs.Test: 6.61199567548465e-05  abs.TestBoundary: 0j  time: 10.335997744929045
epoch394  rel.Train: 0.0050155347734689715  rel.Test: 0.009667602330446244  abs.Test: 6.528775105834938e-05  abs.TestBoundary: 0j  time: 10.337066636886448
epoch395  rel.Train: 0.0049041805677115914  rel.Test: 0.009639208503067494  abs.Test: 6.503015960333869e-05  abs.TestBoundary: 0j  time: 10.328408375382423
epoch396  rel.Train: 0.004966887164860964  rel.Test: 0.009754131473600864  abs.Test: 6.580955930985511e-05  abs.TestBoundary: 0j  time: 10.349268956109881
epoch397  rel.Train: 0.004890922948718071  rel.Test: 0.009647791739553213  abs.Test: 6.508372665848582e-05  abs.TestBoundary: 0j  time: 10.324016283731908
epoch398  rel.Train: 0.004996041249483824  rel.Test: 0.00965870063751936  abs.Test: 6.514230466564186e-05  abs.TestBoundary: 0j  time: 10.338646734133363
epoch399  rel.Train: 0.004832765189930797  rel.Test: 0.009675554540008307  abs.Test: 6.531886174343526e-05  abs.TestBoundary: 0j  time: 10.369585860986263
epoch400  rel.Train: 0.004809507008641958  rel.Test: 0.00963970074430108  abs.Test: 6.505775716505014e-05  abs.TestBoundary: 0j  time: 10.356093786656857
epoch401  rel.Train: 0.004797069357708097  rel.Test: 0.009697146099060774  abs.Test: 6.545210490003229e-05  abs.TestBoundary: 0j  time: 10.369878770783544
epoch402  rel.Train: 0.004774926502257586  rel.Test: 0.0096455267816782  abs.Test: 6.51236399426125e-05  abs.TestBoundary: 0j  time: 10.378356866072863
epoch403  rel.Train: 0.0047646954245865345  rel.Test: 0.009647062085568904  abs.Test: 6.49966461060103e-05  abs.TestBoundary: 0j  time: 10.389004037249833
epoch404  rel.Train: 0.004778259959071875  rel.Test: 0.009634954128414393  abs.Test: 6.5019283501897e-05  abs.TestBoundary: 0j  time: 10.366866392083466
epoch405  rel.Train: 0.00472092380002141  rel.Test: 0.009588980190455914  abs.Test: 6.470210733823478e-05  abs.TestBoundary: 0j  time: 10.344249617308378
epoch406  rel.Train: 0.0047327930741012094  rel.Test: 0.009640450943261386  abs.Test: 6.500594899989664e-05  abs.TestBoundary: 0j  time: 10.369690208230168
epoch407  rel.Train: 0.004717846598476172  rel.Test: 0.00954602774232626  abs.Test: 6.442315032472834e-05  abs.TestBoundary: 0j  time: 10.347657883074135
epoch408  rel.Train: 0.004637261901050806  rel.Test: 0.00962068695574999  abs.Test: 6.494622473837808e-05  abs.TestBoundary: 0j  time: 10.331617859192193
epoch409  rel.Train: 0.004671952798962593  rel.Test: 0.00956088611856103  abs.Test: 6.446449930081144e-05  abs.TestBoundary: 0j  time: 10.348969762213528
epoch410  rel.Train: 0.0046509550139307975  rel.Test: 0.009584759473800658  abs.Test: 6.463899320806377e-05  abs.TestBoundary: 0j  time: 10.328959754668176
epoch411  rel.Train: 0.004623540664091706  rel.Test: 0.009589793924242258  abs.Test: 6.47214931086637e-05  abs.TestBoundary: 0j  time: 10.324016723781824
epoch412  rel.Train: 0.004665328312665224  rel.Test: 0.009542605616152286  abs.Test: 6.435051676817238e-05  abs.TestBoundary: 0j  time: 10.327862676698714
epoch413  rel.Train: 0.00464719514362514  rel.Test: 0.009665962494909763  abs.Test: 6.51446942356415e-05  abs.TestBoundary: 0j  time: 10.345403957180679
epoch414  rel.Train: 0.004604641837999224  rel.Test: 0.009559200294315815  abs.Test: 6.452615329180844e-05  abs.TestBoundary: 0j  time: 10.33023872319609
epoch415  rel.Train: 0.004590443938970566  rel.Test: 0.009605499785393476  abs.Test: 6.487268969067372e-05  abs.TestBoundary: 0j  time: 10.402554583270103
epoch416  rel.Train: 0.004600972883403301  rel.Test: 0.009599295668303967  abs.Test: 6.470308639109135e-05  abs.TestBoundary: 0j  time: 10.363536208868027
epoch417  rel.Train: 0.004590197881683708  rel.Test: 0.009571456946432591  abs.Test: 6.456044749938883e-05  abs.TestBoundary: 0j  time: 10.354958075098693
epoch418  rel.Train: 0.004539338950067758  rel.Test: 0.009543220996856689  abs.Test: 6.443651582230814e-05  abs.TestBoundary: 0j  time: 10.375127578154206
epoch419  rel.Train: 0.00457592311501503  rel.Test: 0.009639700148254634  abs.Test: 6.51366586680524e-05  abs.TestBoundary: 0j  time: 10.354721182025969
epoch420  rel.Train: 0.004597043789923191  rel.Test: 0.009670965131372214  abs.Test: 6.533546096761712e-05  abs.TestBoundary: 0j  time: 10.361929119098932
epoch421  rel.Train: 0.004555320803076029  rel.Test: 0.009536579586565494  abs.Test: 6.432318710722029e-05  abs.TestBoundary: 0j  time: 10.380989384837449
epoch422  rel.Train: 0.0045320581253618  rel.Test: 0.00956808466464281  abs.Test: 6.453185036662035e-05  abs.TestBoundary: 0j  time: 10.355321537703276
epoch423  rel.Train: 0.004493369594216347  rel.Test: 0.009575375393033027  abs.Test: 6.46130288077984e-05  abs.TestBoundary: 0j  time: 10.370158081874251
epoch424  rel.Train: 0.004505559179931879  rel.Test: 0.009536714870482682  abs.Test: 6.431775880628266e-05  abs.TestBoundary: 0j  time: 10.38620432605967
epoch425  rel.Train: 0.0044586145654320715  rel.Test: 0.00953396001830697  abs.Test: 6.431416913983412e-05  abs.TestBoundary: 0j  time: 10.357370163779706
epoch426  rel.Train: 0.004439493242651224  rel.Test: 0.009497620053589345  abs.Test: 6.406961270840838e-05  abs.TestBoundary: 0j  time: 10.349341249093413
epoch427  rel.Train: 0.0044298387616872785  rel.Test: 0.009570265412330628  abs.Test: 6.46274769678712e-05  abs.TestBoundary: 0j  time: 10.34395988099277
epoch428  rel.Train: 0.004477897319942713  rel.Test: 0.009550394788384438  abs.Test: 6.445240549510345e-05  abs.TestBoundary: 0j  time: 10.35081885382533
epoch429  rel.Train: 0.0044124904051423075  rel.Test: 0.009504342526197434  abs.Test: 6.412428163457662e-05  abs.TestBoundary: 0j  time: 10.32970544276759
epoch430  rel.Train: 0.004404931791126728  rel.Test: 0.009489958509802818  abs.Test: 6.403240113286301e-05  abs.TestBoundary: 0j  time: 10.327897163107991
epoch431  rel.Train: 0.004401580970734358  rel.Test: 0.009549821391701699  abs.Test: 6.448502244893461e-05  abs.TestBoundary: 0j  time: 10.35208445880562
epoch432  rel.Train: 0.0044011036567389965  rel.Test: 0.009509810041636228  abs.Test: 6.413394221453928e-05  abs.TestBoundary: 0j  time: 10.322167801205069
epoch433  rel.Train: 0.004389648389071226  rel.Test: 0.009501440245658159  abs.Test: 6.412639762856998e-05  abs.TestBoundary: 0j  time: 10.325245691929013
epoch434  rel.Train: 0.0043688970413059  rel.Test: 0.009509445689618588  abs.Test: 6.42039229569491e-05  abs.TestBoundary: 0j  time: 10.328806998208165
epoch435  rel.Train: 0.004378503985702991  rel.Test: 0.009500400591641665  abs.Test: 6.413830167730339e-05  abs.TestBoundary: 0j  time: 10.357419203035533
epoch436  rel.Train: 0.004361455898731947  rel.Test: 0.009526591747999191  abs.Test: 6.43063044117298e-05  abs.TestBoundary: 0j  time: 10.344502538442612
epoch437  rel.Train: 0.0043566603921353815  rel.Test: 0.009536877050995827  abs.Test: 6.439177130232565e-05  abs.TestBoundary: 0j  time: 10.354818431194872
epoch438  rel.Train: 0.0043409961611032485  rel.Test: 0.009499275609850883  abs.Test: 6.410713132936507e-05  abs.TestBoundary: 0j  time: 10.373522341251373
epoch439  rel.Train: 0.004336819142103195  rel.Test: 0.009499278590083123  abs.Test: 6.407976572518237e-05  abs.TestBoundary: 0j  time: 10.374410339165479
epoch440  rel.Train: 0.0043171029035002  rel.Test: 0.009499654322862625  abs.Test: 6.407213368220255e-05  abs.TestBoundary: 0j  time: 10.354684019926935
epoch441  rel.Train: 0.004320292558521032  rel.Test: 0.009499781485646962  abs.Test: 6.412415532395244e-05  abs.TestBoundary: 0j  time: 10.388895565178245
epoch442  rel.Train: 0.004305742578580975  rel.Test: 0.009518216624855995  abs.Test: 6.419162382371723e-05  abs.TestBoundary: 0j  time: 10.35199164180085
epoch443  rel.Train: 0.004286194879561662  rel.Test: 0.009497235510498286  abs.Test: 6.406505970517173e-05  abs.TestBoundary: 0j  time: 12.13990524969995
epoch444  rel.Train: 0.004286175724118948  rel.Test: 0.009496491346508264  abs.Test: 6.405435182387009e-05  abs.TestBoundary: 0j  time: 10.429271335713565
epoch445  rel.Train: 0.004286903578788042  rel.Test: 0.009513382390141488  abs.Test: 6.419854835257866e-05  abs.TestBoundary: 0j  time: 10.357629531994462
epoch446  rel.Train: 0.00427153055369854  rel.Test: 0.009535079523921013  abs.Test: 6.435863906517625e-05  abs.TestBoundary: 0j  time: 10.335614449810237
epoch447  rel.Train: 0.004263866569846868  rel.Test: 0.009513413328677415  abs.Test: 6.419594006729312e-05  abs.TestBoundary: 0j  time: 10.315352892968804
epoch448  rel.Train: 0.004254132585600019  rel.Test: 0.009497880265116691  abs.Test: 6.40980240132194e-05  abs.TestBoundary: 0j  time: 10.405015873722732
epoch449  rel.Train: 0.004237334983423352  rel.Test: 0.009502622745931149  abs.Test: 6.412541159079411e-05  abs.TestBoundary: 0j  time: 10.350567896850407
epoch450  rel.Train: 0.00424111638776958  rel.Test: 0.009504957348108292  abs.Test: 6.414825998945162e-05  abs.TestBoundary: 0j  time: 10.336095935665071
epoch451  rel.Train: 0.0042326373700052496  rel.Test: 0.009478033538907766  abs.Test: 6.395787218934856e-05  abs.TestBoundary: 0j  time: 10.350643223151565
epoch452  rel.Train: 0.004222587583586574  rel.Test: 0.009465808141976595  abs.Test: 6.386781155015342e-05  abs.TestBoundary: 0j  time: 10.35237219883129
epoch453  rel.Train: 0.0042222669497132305  rel.Test: 0.00950192429125309  abs.Test: 6.410794769180939e-05  abs.TestBoundary: 0j  time: 10.334370229858905
epoch454  rel.Train: 0.004208038417622447  rel.Test: 0.009492157287895679  abs.Test: 6.406833650544285e-05  abs.TestBoundary: 0j  time: 10.317378596402705
epoch455  rel.Train: 0.004207209734246134  rel.Test: 0.009500131942331791  abs.Test: 6.413995870389045e-05  abs.TestBoundary: 0j  time: 10.34353255899623
epoch456  rel.Train: 0.004207984291017056  rel.Test: 0.0094819769077003  abs.Test: 6.397101955371909e-05  abs.TestBoundary: 0j  time: 10.333233683835715
epoch457  rel.Train: 0.004208753829821945  rel.Test: 0.009477694313973188  abs.Test: 6.395950418664143e-05  abs.TestBoundary: 0j  time: 10.319401763845235
epoch458  rel.Train: 0.0041932141780853275  rel.Test: 0.009484599567949772  abs.Test: 6.400632599252277e-05  abs.TestBoundary: 0j  time: 10.337918678764254
epoch459  rel.Train: 0.004179725285619497  rel.Test: 0.0094698172993958  abs.Test: 6.390274575096555e-05  abs.TestBoundary: 0j  time: 10.319986175745726
epoch460  rel.Train: 0.00417895370349288  rel.Test: 0.00948302771896124  abs.Test: 6.401976701454259e-05  abs.TestBoundary: 0j  time: 10.329106729943305
epoch461  rel.Train: 0.0041827860940247775  rel.Test: 0.00946188498288393  abs.Test: 6.38430858089123e-05  abs.TestBoundary: 0j  time: 10.338233430869877
epoch462  rel.Train: 0.004174554655328393  rel.Test: 0.00946903882548213  abs.Test: 6.389382673660293e-05  abs.TestBoundary: 0j  time: 10.356712020933628
epoch463  rel.Train: 0.004159479903057217  rel.Test: 0.009486693143844604  abs.Test: 6.403694598702714e-05  abs.TestBoundary: 0j  time: 10.362431770190597
epoch464  rel.Train: 0.004162518817931414  rel.Test: 0.009482927042990924  abs.Test: 6.398841505870224e-05  abs.TestBoundary: 0j  time: 10.35477355401963
epoch465  rel.Train: 0.004158675711601972  rel.Test: 0.009474140349775553  abs.Test: 6.394182812073268e-05  abs.TestBoundary: 0j  time: 10.361576880794019
epoch466  rel.Train: 0.004149964923039079  rel.Test: 0.009480655174702406  abs.Test: 6.398429162800312e-05  abs.TestBoundary: 0j  time: 10.341626851353794
epoch467  rel.Train: 0.004139973120763898  rel.Test: 0.009485872816294432  abs.Test: 6.402012673788704e-05  abs.TestBoundary: 0j  time: 10.350008789915591
epoch468  rel.Train: 0.0041409356519579886  rel.Test: 0.009485170748084783  abs.Test: 6.40222647052724e-05  abs.TestBoundary: 0j  time: 10.35445552226156
epoch469  rel.Train: 0.004139034135267138  rel.Test: 0.00948018740862608  abs.Test: 6.396540877176449e-05  abs.TestBoundary: 0j  time: 10.342726523987949
epoch470  rel.Train: 0.004131018549203873  rel.Test: 0.009468983244150877  abs.Test: 6.390350681613199e-05  abs.TestBoundary: 0j  time: 10.31253713928163
epoch471  rel.Train: 0.0041290549132972955  rel.Test: 0.00947921011596918  abs.Test: 6.397843200829812e-05  abs.TestBoundary: 0j  time: 10.323992021847516
epoch472  rel.Train: 0.004123252330347896  rel.Test: 0.00947447245940566  abs.Test: 6.394381765858271e-05  abs.TestBoundary: 0j  time: 10.352875012904406
epoch473  rel.Train: 0.004124049255624413  rel.Test: 0.009478745721280575  abs.Test: 6.396989527274855e-05  abs.TestBoundary: 0j  time: 10.322352131828666
epoch474  rel.Train: 0.004118452752009034  rel.Test: 0.00948005560785532  abs.Test: 6.397649442078545e-05  abs.TestBoundary: 0j  time: 10.317896001040936
epoch475  rel.Train: 0.004116328343749046  rel.Test: 0.009478559270501136  abs.Test: 6.395963951945305e-05  abs.TestBoundary: 0j  time: 10.349180816672742
epoch476  rel.Train: 0.004111581014469266  rel.Test: 0.009473891481757164  abs.Test: 6.394749900209717e-05  abs.TestBoundary: 0j  time: 10.33405417110771
epoch477  rel.Train: 0.00410995539277792  rel.Test: 0.009473000876605511  abs.Test: 6.392327632056549e-05  abs.TestBoundary: 0j  time: 10.351431143004447
epoch478  rel.Train: 0.00410630814358592  rel.Test: 0.009463579524308444  abs.Test: 6.38655322836712e-05  abs.TestBoundary: 0j  time: 10.341322093270719
epoch479  rel.Train: 0.004102486707270145  rel.Test: 0.009467165637761354  abs.Test: 6.389229907654226e-05  abs.TestBoundary: 0j  time: 10.3653543330729
epoch480  rel.Train: 0.004100913589820266  rel.Test: 0.009459794014692307  abs.Test: 6.38280384009704e-05  abs.TestBoundary: 0j  time: 10.352764646988362
epoch481  rel.Train: 0.004096229378134012  rel.Test: 0.009473220631480216  abs.Test: 6.393298623152078e-05  abs.TestBoundary: 0j  time: 10.345673910342157
epoch482  rel.Train: 0.004093841645866633  rel.Test: 0.009471005760133266  abs.Test: 6.391778151737526e-05  abs.TestBoundary: 0j  time: 10.361052989028394
epoch483  rel.Train: 0.004094527678564191  rel.Test: 0.009470040369778871  abs.Test: 6.39150632196106e-05  abs.TestBoundary: 0j  time: 10.328850322868675
epoch484  rel.Train: 0.004092132154852152  rel.Test: 0.009468084927648305  abs.Test: 6.388139285263605e-05  abs.TestBoundary: 0j  time: 10.327192520257086
epoch485  rel.Train: 0.004092356676235795  rel.Test: 0.009470951166003943  abs.Test: 6.390984010067768e-05  abs.TestBoundary: 0j  time: 10.348937291186303
epoch486  rel.Train: 0.004089637991040945  rel.Test: 0.00946345329284668  abs.Test: 6.385353015502914e-05  abs.TestBoundary: 0j  time: 10.31926404312253
epoch487  rel.Train: 0.004086856387555599  rel.Test: 0.009471422303467989  abs.Test: 6.391507660737261e-05  abs.TestBoundary: 0j  time: 10.311321740038693
epoch488  rel.Train: 0.004085411706939339  rel.Test: 0.009475604556500912  abs.Test: 6.394512180122546e-05  abs.TestBoundary: 0j  time: 10.311945949215442
epoch489  rel.Train: 0.0040828277561813595  rel.Test: 0.009469193313270808  abs.Test: 6.39081237022765e-05  abs.TestBoundary: 0j  time: 10.34398071281612
epoch490  rel.Train: 0.00408358140476048  rel.Test: 0.009473345186561346  abs.Test: 6.393537201802246e-05  abs.TestBoundary: 0j  time: 10.31914197281003
epoch491  rel.Train: 0.004081821346655488  rel.Test: 0.009470902979373932  abs.Test: 6.392011520802044e-05  abs.TestBoundary: 0j  time: 10.338660926092416
epoch492  rel.Train: 0.00407928710244596  rel.Test: 0.009468573220074177  abs.Test: 6.390559050487355e-05  abs.TestBoundary: 0j  time: 10.371364345308393
epoch493  rel.Train: 0.00407794413715601  rel.Test: 0.009470529817044736  abs.Test: 6.390934679075144e-05  abs.TestBoundary: 0j  time: 10.352587598841637
epoch494  rel.Train: 0.004075970070436597  rel.Test: 0.0094719516672194  abs.Test: 6.392311450326816e-05  abs.TestBoundary: 0j  time: 10.355232153087854
epoch495  rel.Train: 0.0040762129686772825  rel.Test: 0.009469638522714376  abs.Test: 6.39025513373781e-05  abs.TestBoundary: 0j  time: 10.347938038874418
epoch496  rel.Train: 0.004073749125003814  rel.Test: 0.009464545045047998  abs.Test: 6.386910783476196e-05  abs.TestBoundary: 0j  time: 10.336433332879096
epoch497  rel.Train: 0.004075326375663281  rel.Test: 0.009466325379908085  abs.Test: 6.388703332049772e-05  abs.TestBoundary: 0j  time: 10.332290269900113
epoch498  rel.Train: 0.004075440026819706  rel.Test: 0.009464941043406725  abs.Test: 6.387338318745605e-05  abs.TestBoundary: 0j  time: 10.311000204179436
epoch499  rel.Train: 0.004073800975456834  rel.Test: 0.009473461620509625  abs.Test: 6.393228308297694e-05  abs.TestBoundary: 0j  time: 10.33640146907419
