original data: in (1324, 421, 421) out (1324, 421, 421)
used data: x_train (1000, 44521, 3) y_train (1000, 44521, 1) x_test (200, 44521, 3) y_test (200, 44521, 1)
############################################################ config of data ############################################################
type: normal
L: 1.0
downsample_ratio: 2
n_train: 1000
n_test: 200
pca_include_input: False
pca_include_grid: False
should_include_F: False
should_flatten: True
should_compute_bases: True
############################################################ config of model ############################################################
in_dim: 3
out_dim: 1
fc_channels: 128
layer_channels: [128, 128, 128, 128, 128]
layer_types: ['GalerkinConv', 'GalerkinConv', 'GalerkinConv', 'GalerkinConv']
act: gelu
should_residual: [False, False, False, False]
modes_gk: [512, 512, 512, 512]
bases_types: ['pca_out', 'pca_out', 'pca_out', 'pca_out']
wbases_types: ['pca_out', 'pca_out', 'pca_out', 'pca_out']
green_types: ['HierLrMGreen', 'HierLrMGreen', 'HierLrMGreen', 'HierLrMGreen']
ranks_h: [4, 4, 4, 4]
levels: [4, 4, 4, 4]
ranks_d: [4, 4, 4, 4]
heads: [4, 4, 4, 4]
############################################################ config of train ############################################################
device: cuda
normalization_x: True
normalization_y: True
normalization_dim: []
epochs: 500
batch_size: 8
scheduler: OneCycleLR
base_lr: 0.001
weight_decay: 0.0001
milestones: None
scheduler_gamma: None
############################################################ Start Training ############################################################
number of parameters is 8701185
no boundary loss
epoch0  rel.Train: 0.24316088402271271  rel.Test: 0.15061959028244018  abs.Test: 0.0010258030309341847  abs.TestBoundary: 0j  time: 11.254738597999676
epoch1  rel.Train: 0.11328059995174408  rel.Test: 0.08859130412340165  abs.Test: 0.0006032249028794467  abs.TestBoundary: 0j  time: 10.677762132996577
epoch2  rel.Train: 0.08268811082839966  rel.Test: 0.07975472062826157  abs.Test: 0.0005366632074583321  abs.TestBoundary: 0j  time: 10.702926433994435
epoch3  rel.Train: 0.0677387732565403  rel.Test: 0.06180011361837387  abs.Test: 0.00041913235327228904  abs.TestBoundary: 0j  time: 10.778997101995628
epoch4  rel.Train: 0.06079458302259445  rel.Test: 0.05871849581599235  abs.Test: 0.0003988336212933064  abs.TestBoundary: 0j  time: 10.943617169003119
epoch5  rel.Train: 0.05412076163291931  rel.Test: 0.06650822043418884  abs.Test: 0.0004478945699520409  abs.TestBoundary: 0j  time: 10.796194845999707
epoch6  rel.Train: 0.05091871985793114  rel.Test: 0.047131947576999664  abs.Test: 0.00031956857070326806  abs.TestBoundary: 0j  time: 10.791563211998437
epoch7  rel.Train: 0.04608987313508987  rel.Test: 0.043252762556076046  abs.Test: 0.0002931305707897991  abs.TestBoundary: 0j  time: 10.738841042999411
epoch8  rel.Train: 0.044107360988855364  rel.Test: 0.05302641183137893  abs.Test: 0.0003620265622157604  abs.TestBoundary: 0j  time: 10.734082042996306
epoch9  rel.Train: 0.040795640259981156  rel.Test: 0.043036914467811584  abs.Test: 0.0002909843809902668  abs.TestBoundary: 0j  time: 10.733682896010578
epoch10  rel.Train: 0.03861064448952675  rel.Test: 0.03712820962071419  abs.Test: 0.0002509344043210149  abs.TestBoundary: 0j  time: 10.740394452004693
epoch11  rel.Train: 0.03740746906399727  rel.Test: 0.03686671257019043  abs.Test: 0.00024970737693365665  abs.TestBoundary: 0j  time: 10.760578411995084
epoch12  rel.Train: 0.034815189853310585  rel.Test: 0.03590224638581276  abs.Test: 0.0002424146793782711  abs.TestBoundary: 0j  time: 10.766799931996502
epoch13  rel.Train: 0.03425209139287472  rel.Test: 0.034681466668844224  abs.Test: 0.00023391215247102083  abs.TestBoundary: 0j  time: 10.862505978002446
epoch14  rel.Train: 0.0371717444062233  rel.Test: 0.038765855282545086  abs.Test: 0.000262264147750102  abs.TestBoundary: 0j  time: 10.914188870010548
epoch15  rel.Train: 0.03884290972352028  rel.Test: 0.03283719167113304  abs.Test: 0.00022303763078525661  abs.TestBoundary: 0j  time: 10.978758152996306
epoch16  rel.Train: 0.03268744210898876  rel.Test: 0.034809275567531585  abs.Test: 0.00023519171634688973  abs.TestBoundary: 0j  time: 10.985738565010251
epoch17  rel.Train: 0.03194528463482857  rel.Test: 0.03141029477119446  abs.Test: 0.00021212004532571881  abs.TestBoundary: 0j  time: 10.9853105499933
epoch18  rel.Train: 0.031077532336115838  rel.Test: 0.03280061222612858  abs.Test: 0.00022093890293035657  abs.TestBoundary: 0j  time: 10.982612039995729
epoch19  rel.Train: 0.02949925996363163  rel.Test: 0.032225734516978265  abs.Test: 0.00021732707624323667  abs.TestBoundary: 0j  time: 10.974122483006795
epoch20  rel.Train: 0.03261666812002659  rel.Test: 0.029420472905039786  abs.Test: 0.00019956010335590692  abs.TestBoundary: 0j  time: 10.936115785996662
epoch21  rel.Train: 0.028636011093854906  rel.Test: 0.030212502181529998  abs.Test: 0.00020549630746245385  abs.TestBoundary: 0j  time: 10.867238489998272
epoch22  rel.Train: 0.030793808445334435  rel.Test: 0.029179071784019472  abs.Test: 0.00019825980765745044  abs.TestBoundary: 0j  time: 10.801327406006749
epoch23  rel.Train: 0.02817925077676773  rel.Test: 0.03996141865849495  abs.Test: 0.00027025053917896003  abs.TestBoundary: 0j  time: 10.821889500992256
epoch24  rel.Train: 0.02920312376320362  rel.Test: 0.029778819978237153  abs.Test: 0.00020105940056964756  abs.TestBoundary: 0j  time: 10.804465936002089
epoch25  rel.Train: 0.02841621446609497  rel.Test: 0.02894489862024784  abs.Test: 0.00019565608585253358  abs.TestBoundary: 0j  time: 10.851179846009472
epoch26  rel.Train: 0.02715575887262821  rel.Test: 0.026773357689380647  abs.Test: 0.0001809687860077247  abs.TestBoundary: 0j  time: 10.881271978010773
epoch27  rel.Train: 0.027754965975880622  rel.Test: 0.027021840512752533  abs.Test: 0.00018322984105907382  abs.TestBoundary: 0j  time: 10.918962710988126
epoch28  rel.Train: 0.026295013189315795  rel.Test: 0.028858022168278694  abs.Test: 0.00019595995312556624  abs.TestBoundary: 0j  time: 10.973475874998257
epoch29  rel.Train: 0.02772761482000351  rel.Test: 0.02739963009953499  abs.Test: 0.0001854572689626366  abs.TestBoundary: 0j  time: 10.982667106000008
epoch30  rel.Train: 0.026334637135267257  rel.Test: 0.026271621882915496  abs.Test: 0.00017753181979060173  abs.TestBoundary: 0j  time: 10.969877045004978
epoch31  rel.Train: 0.02711809854209423  rel.Test: 0.0310575932264328  abs.Test: 0.00020985871145967394  abs.TestBoundary: 0j  time: 10.973585426007048
epoch32  rel.Train: 0.026845672234892846  rel.Test: 0.031290035620331766  abs.Test: 0.00021037799306213855  abs.TestBoundary: 0j  time: 10.971593917987775
epoch33  rel.Train: 0.026208052814006805  rel.Test: 0.026259932219982147  abs.Test: 0.00017735752335283904  abs.TestBoundary: 0j  time: 10.975852326999302
epoch34  rel.Train: 0.02528670221567154  rel.Test: 0.029135974124073982  abs.Test: 0.00019845442904625087  abs.TestBoundary: 0j  time: 10.951842227994348
epoch35  rel.Train: 0.02491535606980324  rel.Test: 0.02523410364985466  abs.Test: 0.00017039246507920324  abs.TestBoundary: 0j  time: 10.893351787002757
epoch36  rel.Train: 0.02550621385872364  rel.Test: 0.030610973238945006  abs.Test: 0.0002080869721248746  abs.TestBoundary: 0j  time: 10.916430004988797
epoch37  rel.Train: 0.023940953716635703  rel.Test: 0.024909965097904205  abs.Test: 0.0001683860312914476  abs.TestBoundary: 0j  time: 10.879623531000107
epoch38  rel.Train: 0.02533478055894375  rel.Test: 0.0381039123237133  abs.Test: 0.0002572524535935372  abs.TestBoundary: 0j  time: 10.953734101000009
epoch39  rel.Train: 0.024824092239141463  rel.Test: 0.02631849430501461  abs.Test: 0.0001778088475111872  abs.TestBoundary: 0j  time: 10.864279266999802
epoch40  rel.Train: 0.02368312080204487  rel.Test: 0.031629451066255566  abs.Test: 0.00021580499480478466  abs.TestBoundary: 0j  time: 10.969659506998141
epoch41  rel.Train: 0.02302436150610447  rel.Test: 0.02474597655236721  abs.Test: 0.00016721241117920727  abs.TestBoundary: 0j  time: 10.977417297995999
epoch42  rel.Train: 0.023716295346617698  rel.Test: 0.025329410433769226  abs.Test: 0.0001708682643948123  abs.TestBoundary: 0j  time: 10.979454991989769
epoch43  rel.Train: 0.023972061097621917  rel.Test: 0.024202949851751327  abs.Test: 0.00016333959763869643  abs.TestBoundary: 0j  time: 10.97452831499686
epoch44  rel.Train: 0.021622978001832962  rel.Test: 0.02621915116906166  abs.Test: 0.00017826498369686306  abs.TestBoundary: 0j  time: 10.982946781994542
epoch45  rel.Train: 0.025164990350604058  rel.Test: 0.03425068080425262  abs.Test: 0.00023223826196044683  abs.TestBoundary: 0j  time: 10.96248929000285
epoch46  rel.Train: 0.022494377300143243  rel.Test: 0.025804169923067093  abs.Test: 0.0001738938078051433  abs.TestBoundary: 0j  time: 10.981807971998933
epoch47  rel.Train: 0.023435331389307975  rel.Test: 0.025259943008422853  abs.Test: 0.00016988780640531332  abs.TestBoundary: 0j  time: 10.99450150100165
epoch48  rel.Train: 0.024475803792476655  rel.Test: 0.026841361746191977  abs.Test: 0.00018091830133926123  abs.TestBoundary: 0j  time: 10.96867172200291
epoch49  rel.Train: 0.02357286922633648  rel.Test: 0.025335832834243774  abs.Test: 0.00017243213427718727  abs.TestBoundary: 0j  time: 10.938376268997672
epoch50  rel.Train: 0.022244949400424957  rel.Test: 0.03250692084431648  abs.Test: 0.0002197320095729083  abs.TestBoundary: 0j  time: 10.951534657011507
epoch51  rel.Train: 0.022054534897208215  rel.Test: 0.024510228857398033  abs.Test: 0.00016615076863672585  abs.TestBoundary: 0j  time: 10.874238172997138
epoch52  rel.Train: 0.023841770693659784  rel.Test: 0.028827053979039192  abs.Test: 0.00019747456244658678  abs.TestBoundary: 0j  time: 10.931653253006516
epoch53  rel.Train: 0.02221873898804188  rel.Test: 0.02577120587229729  abs.Test: 0.00017435129557270558  abs.TestBoundary: 0j  time: 10.875604333006777
epoch54  rel.Train: 0.022406957760453223  rel.Test: 0.022997501567006112  abs.Test: 0.00015561410691589117  abs.TestBoundary: 0j  time: 10.952253205003217
epoch55  rel.Train: 0.02061606954038143  rel.Test: 0.023274399414658545  abs.Test: 0.00015761661983560772  abs.TestBoundary: 0j  time: 10.973850189009681
epoch56  rel.Train: 0.021666306048631668  rel.Test: 0.02379611976444721  abs.Test: 0.00016137780738063157  abs.TestBoundary: 0j  time: 10.962642501006485
epoch57  rel.Train: 0.021186104759573936  rel.Test: 0.023854956552386283  abs.Test: 0.00016092251753434538  abs.TestBoundary: 0j  time: 10.979135449990281
epoch58  rel.Train: 0.021810930222272873  rel.Test: 0.02843206040561199  abs.Test: 0.00019568319956306368  abs.TestBoundary: 0j  time: 10.962455758010037
epoch59  rel.Train: 0.022046315431594847  rel.Test: 0.02351072810590267  abs.Test: 0.00015851449163164943  abs.TestBoundary: 0j  time: 10.972113316995092
epoch60  rel.Train: 0.022061069056391717  rel.Test: 0.023069240897893906  abs.Test: 0.00015569803188554942  abs.TestBoundary: 0j  time: 10.987718155985931
epoch61  rel.Train: 0.022493970215320586  rel.Test: 0.022730547338724136  abs.Test: 0.00015400679665617645  abs.TestBoundary: 0j  time: 10.970790074992692
epoch62  rel.Train: 0.020412573106586934  rel.Test: 0.022641102746129037  abs.Test: 0.00015282559557817878  abs.TestBoundary: 0j  time: 10.972138012992218
epoch63  rel.Train: 0.02073229767382145  rel.Test: 0.02432690463960171  abs.Test: 0.0001636191678699106  abs.TestBoundary: 0j  time: 10.95957759200246
epoch64  rel.Train: 0.022087073646485805  rel.Test: 0.022398808375000953  abs.Test: 0.00015088398125953973  abs.TestBoundary: 0j  time: 10.968290977994911
epoch65  rel.Train: 0.02111151973158121  rel.Test: 0.021397114247083664  abs.Test: 0.00014441174920648336  abs.TestBoundary: 0j  time: 10.911906198991346
epoch66  rel.Train: 0.021169376023113726  rel.Test: 0.02922967813909054  abs.Test: 0.000195252142730169  abs.TestBoundary: 0j  time: 10.886810548006906
epoch67  rel.Train: 0.020621637731790543  rel.Test: 0.02205473303794861  abs.Test: 0.000148998296353966  abs.TestBoundary: 0j  time: 10.908838104005554
epoch68  rel.Train: 0.020582108795642852  rel.Test: 0.02194833189249039  abs.Test: 0.00014839677256532014  abs.TestBoundary: 0j  time: 10.90335351099202
epoch69  rel.Train: 0.0228476549834013  rel.Test: 0.02689885623753071  abs.Test: 0.00018104514572769403  abs.TestBoundary: 0j  time: 10.952589060005266
epoch70  rel.Train: 0.020129023432731628  rel.Test: 0.024489770606160165  abs.Test: 0.0001660143188200891  abs.TestBoundary: 0j  time: 10.976003413001308
epoch71  rel.Train: 0.02009025225043297  rel.Test: 0.021414452344179154  abs.Test: 0.0001454243386979215  abs.TestBoundary: 0j  time: 10.969615365000209
epoch72  rel.Train: 0.020830674782395364  rel.Test: 0.026070056557655333  abs.Test: 0.00017600021325051785  abs.TestBoundary: 0j  time: 10.979622890998144
epoch73  rel.Train: 0.021401799112558365  rel.Test: 0.030451675653457643  abs.Test: 0.0002042419754434377  abs.TestBoundary: 0j  time: 10.970040209009312
epoch74  rel.Train: 0.02073466572165489  rel.Test: 0.022126906886696815  abs.Test: 0.00014890395978000014  abs.TestBoundary: 0j  time: 10.976783556994633
epoch75  rel.Train: 0.018931753411889077  rel.Test: 0.0220291481167078  abs.Test: 0.00014892128412611784  abs.TestBoundary: 0j  time: 10.963522296995507
epoch76  rel.Train: 0.019486487805843354  rel.Test: 0.022763504236936568  abs.Test: 0.00015405406767968088  abs.TestBoundary: 0j  time: 10.97876500399434
epoch77  rel.Train: 0.0201266595646739  rel.Test: 0.02681489571928978  abs.Test: 0.00018025917350314558  abs.TestBoundary: 0j  time: 10.946502389007946
epoch78  rel.Train: 0.019983886204659938  rel.Test: 0.020718606188893318  abs.Test: 0.000139965757553  abs.TestBoundary: 0j  time: 10.940840231996845
epoch79  rel.Train: 0.01990645180642605  rel.Test: 0.02961369201540947  abs.Test: 0.0002013275638455525  abs.TestBoundary: 0j  time: 10.89588368400291
epoch80  rel.Train: 0.020022095277905463  rel.Test: 0.02061800628900528  abs.Test: 0.00013915667426772415  abs.TestBoundary: 0j  time: 10.903137583009084
epoch81  rel.Train: 0.01964444534480572  rel.Test: 0.02329526633024216  abs.Test: 0.0001575165701797232  abs.TestBoundary: 0j  time: 10.965292049993877
epoch82  rel.Train: 0.01950320751965046  rel.Test: 0.020053775012493134  abs.Test: 0.00013579550432041287  abs.TestBoundary: 0j  time: 10.971895042996039
epoch83  rel.Train: 0.019958088994026183  rel.Test: 0.02208457440137863  abs.Test: 0.0001496453653089702  abs.TestBoundary: 0j  time: 10.966061586994329
epoch84  rel.Train: 0.01799886243790388  rel.Test: 0.021144229024648666  abs.Test: 0.000142849690746516  abs.TestBoundary: 0j  time: 10.986085013995762
epoch85  rel.Train: 0.019374341510236263  rel.Test: 0.023062215447425843  abs.Test: 0.00015631045709596947  abs.TestBoundary: 0j  time: 10.983598078004434
epoch86  rel.Train: 0.01951442816853523  rel.Test: 0.02170371763408184  abs.Test: 0.00014765613625058904  abs.TestBoundary: 0j  time: 10.967664476993377
epoch87  rel.Train: 0.018638553850352763  rel.Test: 0.024231633469462395  abs.Test: 0.0001627462968463078  abs.TestBoundary: 0j  time: 10.965591858999687
epoch88  rel.Train: 0.01864500566571951  rel.Test: 0.026006184816360474  abs.Test: 0.00017749788414221258  abs.TestBoundary: 0j  time: 11.03516089799814
epoch89  rel.Train: 0.019534883543848993  rel.Test: 0.026309052258729936  abs.Test: 0.0001798410719493404  abs.TestBoundary: 0j  time: 10.965911612001946
epoch90  rel.Train: 0.01846134773641825  rel.Test: 0.02530264474451542  abs.Test: 0.00017165711848065256  abs.TestBoundary: 0j  time: 10.991871556005208
epoch91  rel.Train: 0.020087850369513036  rel.Test: 0.03140319891273975  abs.Test: 0.00021421073062811047  abs.TestBoundary: 0j  time: 10.965367841999978
epoch92  rel.Train: 0.01846782949566841  rel.Test: 0.02293428175151348  abs.Test: 0.00015444355783984066  abs.TestBoundary: 0j  time: 10.903384903998813
epoch93  rel.Train: 0.01873578602075577  rel.Test: 0.023391628414392473  abs.Test: 0.00015881924773566424  abs.TestBoundary: 0j  time: 10.94385318600689
epoch94  rel.Train: 0.01682224117964506  rel.Test: 0.019576917737722396  abs.Test: 0.00013269813207443802  abs.TestBoundary: 0j  time: 10.872330415993929
epoch95  rel.Train: 0.01890307665616274  rel.Test: 0.019473743364214896  abs.Test: 0.0001318170002195984  abs.TestBoundary: 0j  time: 10.911015164994751
epoch96  rel.Train: 0.017630334228277207  rel.Test: 0.023707560300827026  abs.Test: 0.00015946697414619847  abs.TestBoundary: 0j  time: 10.981423422999796
epoch97  rel.Train: 0.018862621530890463  rel.Test: 0.02105846777558327  abs.Test: 0.0001419816169072874  abs.TestBoundary: 0j  time: 10.938985069995397
epoch98  rel.Train: 0.018165238201618195  rel.Test: 0.02891071103513241  abs.Test: 0.00019880047533661128  abs.TestBoundary: 0j  time: 10.974952991004102
epoch99  rel.Train: 0.018944841362535953  rel.Test: 0.019860558100044726  abs.Test: 0.00013460035697789862  abs.TestBoundary: 0j  time: 10.9838639840018
epoch100  rel.Train: 0.01716599467396736  rel.Test: 0.021624261550605296  abs.Test: 0.00014772356196772308  abs.TestBoundary: 0j  time: 10.963059489004081
epoch101  rel.Train: 0.018314415968954563  rel.Test: 0.01975201293826103  abs.Test: 0.00013326802087249235  abs.TestBoundary: 0j  time: 10.961110866002855
epoch102  rel.Train: 0.016769823148846626  rel.Test: 0.020461572259664537  abs.Test: 0.00013899834302719683  abs.TestBoundary: 0j  time: 10.980935504005174
epoch103  rel.Train: 0.01708767818659544  rel.Test: 0.022952871099114418  abs.Test: 0.00015662825084291398  abs.TestBoundary: 0j  time: 10.976312329003122
epoch104  rel.Train: 0.016537840023636816  rel.Test: 0.01857955299317837  abs.Test: 0.00012604568677488715  abs.TestBoundary: 0j  time: 10.968425764003769
epoch105  rel.Train: 0.01737451143562794  rel.Test: 0.01977836139500141  abs.Test: 0.000133770392567385  abs.TestBoundary: 0j  time: 10.973127122008009
epoch106  rel.Train: 0.017300031505525112  rel.Test: 0.022109449058771134  abs.Test: 0.0001487522112438455  abs.TestBoundary: 0j  time: 10.955831375002163
epoch107  rel.Train: 0.01800683678686619  rel.Test: 0.018637939989566803  abs.Test: 0.00012593647523317486  abs.TestBoundary: 0j  time: 10.951274220002233
epoch108  rel.Train: 0.016753704786300658  rel.Test: 0.018946278467774393  abs.Test: 0.00012821241078199818  abs.TestBoundary: 0j  time: 10.964095324001391
epoch109  rel.Train: 0.01839758234471083  rel.Test: 0.02039675384759903  abs.Test: 0.00013789146323688327  abs.TestBoundary: 0j  time: 10.986929929000326
epoch110  rel.Train: 0.01688601352274418  rel.Test: 0.019581047743558885  abs.Test: 0.00013230035809101538  abs.TestBoundary: 0j  time: 10.976768626002013
epoch111  rel.Train: 0.015635925136506558  rel.Test: 0.020249413251876833  abs.Test: 0.0001368232851382345  abs.TestBoundary: 0j  time: 10.978718384998501
epoch112  rel.Train: 0.017090867295861244  rel.Test: 0.01977802760899067  abs.Test: 0.00013389501604251563  abs.TestBoundary: 0j  time: 10.978020603011828
epoch113  rel.Train: 0.016011879824101925  rel.Test: 0.019632131941616535  abs.Test: 0.00013214857637649401  abs.TestBoundary: 0j  time: 10.961001133007812
epoch114  rel.Train: 0.0167508243098855  rel.Test: 0.022271490842103957  abs.Test: 0.0001496000844053924  abs.TestBoundary: 0j  time: 10.965223178995075
epoch115  rel.Train: 0.015722388789057733  rel.Test: 0.0214166884124279  abs.Test: 0.0001439808346913196  abs.TestBoundary: 0j  time: 10.970991392998258
epoch116  rel.Train: 0.01564280457049608  rel.Test: 0.023326851576566696  abs.Test: 0.0001553528744261712  abs.TestBoundary: 0j  time: 10.96509409599821
epoch117  rel.Train: 0.01494642821699381  rel.Test: 0.01992522567510605  abs.Test: 0.00013503005407983437  abs.TestBoundary: 0j  time: 10.968962280996493
epoch118  rel.Train: 0.015364605970680713  rel.Test: 0.01936769228428602  abs.Test: 0.0001313204428879544  abs.TestBoundary: 0j  time: 10.98014980199514
epoch119  rel.Train: 0.0168357055708766  rel.Test: 0.023310723602771758  abs.Test: 0.00015822236367966978  abs.TestBoundary: 0j  time: 10.961891657992965
epoch120  rel.Train: 0.01571936599910259  rel.Test: 0.018558785393834112  abs.Test: 0.00012571471888804807  abs.TestBoundary: 0j  time: 10.974514929999714
epoch121  rel.Train: 0.017198205694556237  rel.Test: 0.020767478719353676  abs.Test: 0.00013986644364194945  abs.TestBoundary: 0j  time: 10.968916476995219
epoch122  rel.Train: 0.016222702108323574  rel.Test: 0.01993930175900459  abs.Test: 0.00013463475566823037  abs.TestBoundary: 0j  time: 10.97817575999943
epoch123  rel.Train: 0.015953465446829795  rel.Test: 0.02298842094838619  abs.Test: 0.00015781959082232787  abs.TestBoundary: 0j  time: 10.968455066991737
epoch124  rel.Train: 0.015818330585956573  rel.Test: 0.019151070415973664  abs.Test: 0.00012934041063999757  abs.TestBoundary: 0j  time: 10.977394618006656
epoch125  rel.Train: 0.015495716623961925  rel.Test: 0.020844076424837113  abs.Test: 0.00014034620515303685  abs.TestBoundary: 0j  time: 10.970713717993931
epoch126  rel.Train: 0.014818257451057434  rel.Test: 0.02049409046769142  abs.Test: 0.00013858516264008357  abs.TestBoundary: 0j  time: 10.967499802995007
epoch127  rel.Train: 0.015971960373222828  rel.Test: 0.022340387925505637  abs.Test: 0.00015236491279210895  abs.TestBoundary: 0j  time: 10.98434761298995
epoch128  rel.Train: 0.01520982651412487  rel.Test: 0.019455794431269168  abs.Test: 0.00013109184917993843  abs.TestBoundary: 0j  time: 10.964493563005817
epoch129  rel.Train: 0.015984560333192347  rel.Test: 0.019319020807743073  abs.Test: 0.00013009520946070553  abs.TestBoundary: 0j  time: 10.973008966000634
epoch130  rel.Train: 0.01614663352817297  rel.Test: 0.018846971951425075  abs.Test: 0.00012724979751510546  abs.TestBoundary: 0j  time: 10.963857310009189
epoch131  rel.Train: 0.014871655486524105  rel.Test: 0.019353731647133828  abs.Test: 0.0001304895113571547  abs.TestBoundary: 0j  time: 10.962209279998206
epoch132  rel.Train: 0.01431614600121975  rel.Test: 0.020394435301423073  abs.Test: 0.000138794400554616  abs.TestBoundary: 0j  time: 10.975412132000201
epoch133  rel.Train: 0.015509244300425053  rel.Test: 0.02261850766837597  abs.Test: 0.00015115511603653432  abs.TestBoundary: 0j  time: 10.982376446001581
epoch134  rel.Train: 0.015907566167414188  rel.Test: 0.018438269011676313  abs.Test: 0.0001244047039654106  abs.TestBoundary: 0j  time: 10.96632922498975
epoch135  rel.Train: 0.015106952287256718  rel.Test: 0.018836423344910144  abs.Test: 0.000127957652148325  abs.TestBoundary: 0j  time: 10.969402242990327
epoch136  rel.Train: 0.014395885571837425  rel.Test: 0.018132351115345956  abs.Test: 0.0001227854363969527  abs.TestBoundary: 0j  time: 10.956800779997138
epoch137  rel.Train: 0.01435197051614523  rel.Test: 0.018919222205877304  abs.Test: 0.0001288807182572782  abs.TestBoundary: 0j  time: 10.968495225999504
epoch138  rel.Train: 0.015575177483260632  rel.Test: 0.021603950932621956  abs.Test: 0.00014666037226561456  abs.TestBoundary: 0j  time: 10.95205082600296
epoch139  rel.Train: 0.014580021373927594  rel.Test: 0.021146081686019898  abs.Test: 0.00014242283010389655  abs.TestBoundary: 0j  time: 10.973785185997258
epoch140  rel.Train: 0.015137307979166507  rel.Test: 0.018835907243192195  abs.Test: 0.000127130750042852  abs.TestBoundary: 0j  time: 10.982038501999341
epoch141  rel.Train: 0.014426521219313145  rel.Test: 0.017627779766917227  abs.Test: 0.00011916175397345796  abs.TestBoundary: 0j  time: 10.96687152198865
epoch142  rel.Train: 0.015411424577236175  rel.Test: 0.018143289759755134  abs.Test: 0.00012286630226299167  abs.TestBoundary: 0j  time: 10.970840092006256
epoch143  rel.Train: 0.014139814920723439  rel.Test: 0.019563954211771487  abs.Test: 0.00013314261479536072  abs.TestBoundary: 0j  time: 10.961128561000805
epoch144  rel.Train: 0.013639240443706513  rel.Test: 0.018256259709596635  abs.Test: 0.00012330067402217538  abs.TestBoundary: 0j  time: 10.96564447399578
epoch145  rel.Train: 0.015334120847284794  rel.Test: 0.021509448066353798  abs.Test: 0.00014499607670586556  abs.TestBoundary: 0j  time: 10.984934459003853
epoch146  rel.Train: 0.014944903008639812  rel.Test: 0.019595521837472915  abs.Test: 0.00013223289977759122  abs.TestBoundary: 0j  time: 10.976521870004945
epoch147  rel.Train: 0.015303288720548152  rel.Test: 0.02178816042840481  abs.Test: 0.00014831531327217818  abs.TestBoundary: 0j  time: 10.97200661500392
epoch148  rel.Train: 0.014605706356465816  rel.Test: 0.019165289923548698  abs.Test: 0.00013003864616621287  abs.TestBoundary: 0j  time: 10.979142739000963
epoch149  rel.Train: 0.014826419465243816  rel.Test: 0.01798294797539711  abs.Test: 0.00012126686808187514  abs.TestBoundary: 0j  time: 10.964352230992517
epoch150  rel.Train: 0.014604609027504921  rel.Test: 0.018723071217536927  abs.Test: 0.00012588426208822055  abs.TestBoundary: 0j  time: 10.970855906998622
epoch151  rel.Train: 0.013401444651186466  rel.Test: 0.017921669818460943  abs.Test: 0.00012084829242667183  abs.TestBoundary: 0j  time: 10.961121493994142
epoch152  rel.Train: 0.013736218012869358  rel.Test: 0.017241323590278624  abs.Test: 0.00011629345215624198  abs.TestBoundary: 0j  time: 10.974356013000943
epoch153  rel.Train: 0.013884544387459756  rel.Test: 0.018575813323259353  abs.Test: 0.00012471963767893613  abs.TestBoundary: 0j  time: 10.966579102008836
epoch154  rel.Train: 0.013882704176008702  rel.Test: 0.018199752420186996  abs.Test: 0.00012238959694514052  abs.TestBoundary: 0j  time: 10.97067638298904
epoch155  rel.Train: 0.014440200172364711  rel.Test: 0.017358545996248722  abs.Test: 0.00011709010635968298  abs.TestBoundary: 0j  time: 10.965414188001887
epoch156  rel.Train: 0.015475078754127026  rel.Test: 0.01768627867102623  abs.Test: 0.00011959567607846111  abs.TestBoundary: 0j  time: 10.966197414003545
epoch157  rel.Train: 0.012935679793357848  rel.Test: 0.01916292041540146  abs.Test: 0.00012852077808929606  abs.TestBoundary: 0j  time: 10.955304159011575
epoch158  rel.Train: 0.013381088174879551  rel.Test: 0.01832684762775898  abs.Test: 0.0001243571934173815  abs.TestBoundary: 0j  time: 10.987015735998284
epoch159  rel.Train: 0.014216452591121196  rel.Test: 0.018152962774038314  abs.Test: 0.00012350709206657484  abs.TestBoundary: 0j  time: 10.96389301099407
epoch160  rel.Train: 0.013782834090292453  rel.Test: 0.017664266601204872  abs.Test: 0.00011993241758318619  abs.TestBoundary: 0j  time: 10.964744380995398
epoch161  rel.Train: 0.013354113578796387  rel.Test: 0.019067368395626547  abs.Test: 0.00012951438897289334  abs.TestBoundary: 0j  time: 10.968148209998617
epoch162  rel.Train: 0.013123789168894291  rel.Test: 0.01760540373623371  abs.Test: 0.00011933774832868949  abs.TestBoundary: 0j  time: 10.978974500001641
epoch163  rel.Train: 0.013747349068522454  rel.Test: 0.017387130968272685  abs.Test: 0.00011741897964384407  abs.TestBoundary: 0j  time: 10.958908478001831
epoch164  rel.Train: 0.013573809824883938  rel.Test: 0.01724656380712986  abs.Test: 0.00011674889392452315  abs.TestBoundary: 0j  time: 10.972465206999914
epoch165  rel.Train: 0.014121739268302918  rel.Test: 0.017400871440768243  abs.Test: 0.00011756960826460272  abs.TestBoundary: 0j  time: 10.98452729699784
epoch166  rel.Train: 0.01299221732467413  rel.Test: 0.017926331721246243  abs.Test: 0.00012110488809412345  abs.TestBoundary: 0j  time: 10.958422117008013
epoch167  rel.Train: 0.01407424359023571  rel.Test: 0.017227696664631368  abs.Test: 0.000116274808824528  abs.TestBoundary: 0j  time: 10.966328683003667
epoch168  rel.Train: 0.013759954862296581  rel.Test: 0.017097053602337837  abs.Test: 0.0001156519481446594  abs.TestBoundary: 0j  time: 10.954055232999963
epoch169  rel.Train: 0.013540953136980534  rel.Test: 0.018009269125759602  abs.Test: 0.00012157424760516732  abs.TestBoundary: 0j  time: 10.961983000990585
epoch170  rel.Train: 0.013408358730375767  rel.Test: 0.019753099828958513  abs.Test: 0.00013254130200948566  abs.TestBoundary: 0j  time: 10.98018559499178
epoch171  rel.Train: 0.013642410404980182  rel.Test: 0.020372469797730445  abs.Test: 0.00013796309183817357  abs.TestBoundary: 0j  time: 10.970291338002426
epoch172  rel.Train: 0.013467593982815742  rel.Test: 0.018489894196391105  abs.Test: 0.0001254103719838895  abs.TestBoundary: 0j  time: 10.963256540999282
epoch173  rel.Train: 0.013295657701790333  rel.Test: 0.016873665116727353  abs.Test: 0.00011431830411311239  abs.TestBoundary: 0j  time: 10.960253464989364
epoch174  rel.Train: 0.01258655445277691  rel.Test: 0.01923198066651821  abs.Test: 0.00012936496059410275  abs.TestBoundary: 0j  time: 10.964031124007306
epoch175  rel.Train: 0.013489924520254135  rel.Test: 0.01681527528911829  abs.Test: 0.00011347515654051676  abs.TestBoundary: 0j  time: 10.976426342997001
epoch176  rel.Train: 0.012741653107106685  rel.Test: 0.017945769503712655  abs.Test: 0.00012094783713109791  abs.TestBoundary: 0j  time: 10.972622670000419
epoch177  rel.Train: 0.012564415402710439  rel.Test: 0.017670194916427136  abs.Test: 0.0001195894822012633  abs.TestBoundary: 0j  time: 10.982821432000492
epoch178  rel.Train: 0.013068966709077359  rel.Test: 0.021256479322910308  abs.Test: 0.0001417055947240442  abs.TestBoundary: 0j  time: 10.957583832001546
epoch179  rel.Train: 0.014052999928593636  rel.Test: 0.017134873420000075  abs.Test: 0.00011559161095647141  abs.TestBoundary: 0j  time: 10.970995351992315
epoch180  rel.Train: 0.012543709665536881  rel.Test: 0.01746912091970444  abs.Test: 0.00011793433921411634  abs.TestBoundary: 0j  time: 10.960106158003327
epoch181  rel.Train: 0.01300030056387186  rel.Test: 0.017233276553452016  abs.Test: 0.00011652822664473205  abs.TestBoundary: 0j  time: 10.952861971993116
epoch182  rel.Train: 0.013151072412729264  rel.Test: 0.018484855368733406  abs.Test: 0.000124624811578542  abs.TestBoundary: 0j  time: 10.965807057989878
epoch183  rel.Train: 0.012724043898284436  rel.Test: 0.017220409139990806  abs.Test: 0.00011614196904702112  abs.TestBoundary: 0j  time: 10.983557721003308
epoch184  rel.Train: 0.012892275087535382  rel.Test: 0.019221580028533934  abs.Test: 0.0001311237763729878  abs.TestBoundary: 0j  time: 10.966672214999562
epoch185  rel.Train: 0.012982289426028729  rel.Test: 0.017683870829641818  abs.Test: 0.00011954272777074948  abs.TestBoundary: 0j  time: 10.979864426990389
epoch186  rel.Train: 0.0129674913585186  rel.Test: 0.01781202420592308  abs.Test: 0.0001199940755032003  abs.TestBoundary: 0j  time: 10.971109257996432
epoch187  rel.Train: 0.014230941958725452  rel.Test: 0.020004944056272508  abs.Test: 0.00013599550613434985  abs.TestBoundary: 0j  time: 10.958248626993736
epoch188  rel.Train: 0.012880157083272933  rel.Test: 0.018598889112472535  abs.Test: 0.00012620925612282007  abs.TestBoundary: 0j  time: 10.964057534991298
epoch189  rel.Train: 0.012800232604146004  rel.Test: 0.01959217756986618  abs.Test: 0.00013336581643670796  abs.TestBoundary: 0j  time: 10.97662828200555
epoch190  rel.Train: 0.012530136115849019  rel.Test: 0.01681068878620863  abs.Test: 0.00011336897558066994  abs.TestBoundary: 0j  time: 10.966888145994744
epoch191  rel.Train: 0.011900665633380414  rel.Test: 0.018079956285655497  abs.Test: 0.00012258654896868393  abs.TestBoundary: 0j  time: 10.986510299990186
epoch192  rel.Train: 0.012666628047823906  rel.Test: 0.01886828050017357  abs.Test: 0.00012623631657334043  abs.TestBoundary: 0j  time: 10.9639806089981
epoch193  rel.Train: 0.013058636672794818  rel.Test: 0.017474104911088945  abs.Test: 0.00011878653953317553  abs.TestBoundary: 0j  time: 10.973957415000768
epoch194  rel.Train: 0.012088029451668262  rel.Test: 0.018034206703305244  abs.Test: 0.00012188395077828318  abs.TestBoundary: 0j  time: 10.963977927996893
epoch195  rel.Train: 0.012068160749971867  rel.Test: 0.019582970216870308  abs.Test: 0.00013326313288416713  abs.TestBoundary: 0j  time: 10.975207484996645
epoch196  rel.Train: 0.01218089883029461  rel.Test: 0.01674096904695034  abs.Test: 0.00011336439900333061  abs.TestBoundary: 0j  time: 10.964153809996787
epoch197  rel.Train: 0.012135110758244992  rel.Test: 0.017302339524030687  abs.Test: 0.00011705740762408823  abs.TestBoundary: 0j  time: 10.97286291400087
epoch198  rel.Train: 0.012703775390982629  rel.Test: 0.017822307348251343  abs.Test: 0.00012021140370052308  abs.TestBoundary: 0j  time: 10.964956732001156
epoch199  rel.Train: 0.011706123016774655  rel.Test: 0.016456116028130054  abs.Test: 0.00011102677672170103  abs.TestBoundary: 0j  time: 10.97499371599406
epoch200  rel.Train: 0.01260932894051075  rel.Test: 0.016450915932655335  abs.Test: 0.00011141337279696017  abs.TestBoundary: 0j  time: 10.968901490006829
epoch201  rel.Train: 0.011847610853612424  rel.Test: 0.016632233411073685  abs.Test: 0.00011235608137212694  abs.TestBoundary: 0j  time: 10.979578839003807
epoch202  rel.Train: 0.011257089145481586  rel.Test: 0.01685909863561392  abs.Test: 0.00011384142911992968  abs.TestBoundary: 0j  time: 10.962616510994849
epoch203  rel.Train: 0.011616283550858498  rel.Test: 0.01638676315546036  abs.Test: 0.00011075633519794792  abs.TestBoundary: 0j  time: 10.967956647989922
epoch204  rel.Train: 0.011539423681795597  rel.Test: 0.017619561068713666  abs.Test: 0.00011906182800885289  abs.TestBoundary: 0j  time: 10.969259642006364
epoch205  rel.Train: 0.011891255125403405  rel.Test: 0.01742230378091335  abs.Test: 0.00011786621471401303  abs.TestBoundary: 0j  time: 10.975453128005029
epoch206  rel.Train: 0.012333178736269474  rel.Test: 0.017167258374392987  abs.Test: 0.0001158348043099977  abs.TestBoundary: 0j  time: 10.966176600006293
epoch207  rel.Train: 0.012265879593789577  rel.Test: 0.01730453807860613  abs.Test: 0.00011699827766278759  abs.TestBoundary: 0j  time: 10.990799524995964
epoch208  rel.Train: 0.011573973082005978  rel.Test: 0.01650518037378788  abs.Test: 0.00011156020307680592  abs.TestBoundary: 0j  time: 10.971402032009792
epoch209  rel.Train: 0.011915116675198078  rel.Test: 0.02086860828101635  abs.Test: 0.0001419827697100118  abs.TestBoundary: 0j  time: 10.962475181993796
epoch210  rel.Train: 0.012368369445204735  rel.Test: 0.017885143272578716  abs.Test: 0.00012141793791670352  abs.TestBoundary: 0j  time: 10.956227528993622
epoch211  rel.Train: 0.012064479202032088  rel.Test: 0.016885724887251853  abs.Test: 0.00011401402822230012  abs.TestBoundary: 0j  time: 10.975778146006633
epoch212  rel.Train: 0.011653888784348965  rel.Test: 0.01635008830577135  abs.Test: 0.00011070189764723182  abs.TestBoundary: 0j  time: 10.964190048005548
epoch213  rel.Train: 0.011431370265781879  rel.Test: 0.017199478447437286  abs.Test: 0.0001163367010303773  abs.TestBoundary: 0j  time: 10.961287298006937
epoch214  rel.Train: 0.011844172082841397  rel.Test: 0.016266067922115327  abs.Test: 0.00010981278610415757  abs.TestBoundary: 0j  time: 10.975749931007158
epoch215  rel.Train: 0.012476766534149647  rel.Test: 0.016583795584738256  abs.Test: 0.00011210836935788394  abs.TestBoundary: 0j  time: 10.981876393998391
epoch216  rel.Train: 0.011704783909022808  rel.Test: 0.017412893138825894  abs.Test: 0.00011821994557976722  abs.TestBoundary: 0j  time: 10.97119918500539
epoch217  rel.Train: 0.011069542691111565  rel.Test: 0.015601044185459614  abs.Test: 0.00010540826566284523  abs.TestBoundary: 0j  time: 10.970008639997104
epoch218  rel.Train: 0.010640553668141366  rel.Test: 0.016857238486409187  abs.Test: 0.00011350224318448454  abs.TestBoundary: 0j  time: 10.958741526992526
epoch219  rel.Train: 0.011057346172630787  rel.Test: 0.01832443367689848  abs.Test: 0.000123341731086839  abs.TestBoundary: 0j  time: 10.976897956992616
epoch220  rel.Train: 0.012030860900878907  rel.Test: 0.016762590669095516  abs.Test: 0.00011361094599124044  abs.TestBoundary: 0j  time: 10.986795813994831
epoch221  rel.Train: 0.010990619838237762  rel.Test: 0.01616872426122427  abs.Test: 0.00010917182255070656  abs.TestBoundary: 0j  time: 10.970702997001354
epoch222  rel.Train: 0.010816568158566952  rel.Test: 0.017186637334525585  abs.Test: 0.00011629543558228762  abs.TestBoundary: 0j  time: 10.977418052003486
epoch223  rel.Train: 0.010813345931470394  rel.Test: 0.01578334078192711  abs.Test: 0.00010653474775608629  abs.TestBoundary: 0j  time: 10.966295142003219
epoch224  rel.Train: 0.010974680043756962  rel.Test: 0.016246579475700854  abs.Test: 0.00011001445149304345  abs.TestBoundary: 0j  time: 10.965644531999715
epoch225  rel.Train: 0.01086438225954771  rel.Test: 0.016927819214761258  abs.Test: 0.00011464975803392008  abs.TestBoundary: 0j  time: 10.968954926996958
epoch226  rel.Train: 0.011573396727442741  rel.Test: 0.01720237109810114  abs.Test: 0.00011624695820501074  abs.TestBoundary: 0j  time: 10.978081063993159
epoch227  rel.Train: 0.010829707771539689  rel.Test: 0.016834399737417696  abs.Test: 0.00011389290739316493  abs.TestBoundary: 0j  time: 10.970794508000836
epoch228  rel.Train: 0.011065172120928765  rel.Test: 0.01828690093010664  abs.Test: 0.0001247922150650993  abs.TestBoundary: 0j  time: 10.98371012500138
epoch229  rel.Train: 0.01111759838461876  rel.Test: 0.017773783430457116  abs.Test: 0.00011949697771342472  abs.TestBoundary: 0j  time: 10.96268256699841
epoch230  rel.Train: 0.010383460894227028  rel.Test: 0.015944445841014385  abs.Test: 0.00010770631459308788  abs.TestBoundary: 0j  time: 10.954648098995676
epoch231  rel.Train: 0.010775060325860977  rel.Test: 0.016018096767365934  abs.Test: 0.00010880243178689852  abs.TestBoundary: 0j  time: 10.9589183509961
epoch232  rel.Train: 0.011355629369616508  rel.Test: 0.01686898570507765  abs.Test: 0.00011379905277863145  abs.TestBoundary: 0j  time: 10.970463833000395
epoch233  rel.Train: 0.011112897723913193  rel.Test: 0.01592353168874979  abs.Test: 0.00010751095018349588  abs.TestBoundary: 0j  time: 10.953596469000331
epoch234  rel.Train: 0.010457588262856006  rel.Test: 0.015577175170183182  abs.Test: 0.00010528084763791412  abs.TestBoundary: 0j  time: 10.972250678998535
epoch235  rel.Train: 0.01091402480751276  rel.Test: 0.016818837709724904  abs.Test: 0.00011344079190166668  abs.TestBoundary: 0j  time: 10.985006142989732
epoch236  rel.Train: 0.011992316730320453  rel.Test: 0.016297627985477448  abs.Test: 0.00010997603880241513  abs.TestBoundary: 0j  time: 10.963305865996517
epoch237  rel.Train: 0.010896252281963826  rel.Test: 0.01634716000407934  abs.Test: 0.00011050583707401529  abs.TestBoundary: 0j  time: 10.991778423995129
epoch238  rel.Train: 0.010563808135688305  rel.Test: 0.01708942502737045  abs.Test: 0.00011597774573601782  abs.TestBoundary: 0j  time: 10.992315191004309
epoch239  rel.Train: 0.010610692113637923  rel.Test: 0.015522754266858101  abs.Test: 0.00010473499045474455  abs.TestBoundary: 0j  time: 10.957672283999273
epoch240  rel.Train: 0.01075259530544281  rel.Test: 0.017196136489510537  abs.Test: 0.00011537699348991737  abs.TestBoundary: 0j  time: 10.967093890998513
epoch241  rel.Train: 0.010745678648352623  rel.Test: 0.016447368040680886  abs.Test: 0.00011161855043610558  abs.TestBoundary: 0j  time: 10.965362778006238
epoch242  rel.Train: 0.01096895695477724  rel.Test: 0.01653472099453211  abs.Test: 0.00011134855769341812  abs.TestBoundary: 0j  time: 10.972106447006809
epoch243  rel.Train: 0.010798106513917447  rel.Test: 0.016128170676529406  abs.Test: 0.00010888141026953235  abs.TestBoundary: 0j  time: 10.976938620005967
epoch244  rel.Train: 0.01027461289614439  rel.Test: 0.015620729327201844  abs.Test: 0.0001055838298634626  abs.TestBoundary: 0j  time: 10.97954746200412
epoch245  rel.Train: 0.011000334709882736  rel.Test: 0.019921042025089264  abs.Test: 0.0001356591357034631  abs.TestBoundary: 0j  time: 10.981338338999194
epoch246  rel.Train: 0.010666138462722302  rel.Test: 0.016156456880271435  abs.Test: 0.00010880493937293068  abs.TestBoundary: 0j  time: 10.972730185007094
epoch247  rel.Train: 0.010512714035809041  rel.Test: 0.016141990311443807  abs.Test: 0.00010913599311606958  abs.TestBoundary: 0j  time: 10.977893810995738
epoch248  rel.Train: 0.010021317813545465  rel.Test: 0.016715123690664767  abs.Test: 0.00011268482747254893  abs.TestBoundary: 0j  time: 10.965628670004662
epoch249  rel.Train: 0.009513900265097618  rel.Test: 0.016133719347417353  abs.Test: 0.00010917628853349015  abs.TestBoundary: 0j  time: 10.975286083004903
epoch250  rel.Train: 0.009639243986457586  rel.Test: 0.016013939566910267  abs.Test: 0.00010845927346963435  abs.TestBoundary: 0j  time: 10.989359252998838
epoch251  rel.Train: 0.010261065177619457  rel.Test: 0.015893129520118236  abs.Test: 0.00010724788007792086  abs.TestBoundary: 0j  time: 10.970000891000382
epoch252  rel.Train: 0.009960261233150958  rel.Test: 0.015896172299981116  abs.Test: 0.00010738592391135171  abs.TestBoundary: 0j  time: 10.977982177995727
epoch253  rel.Train: 0.010863697402179242  rel.Test: 0.01607890024781227  abs.Test: 0.00010847330326214432  abs.TestBoundary: 0j  time: 10.968905302986968
epoch254  rel.Train: 0.009711302980780602  rel.Test: 0.016290125176310538  abs.Test: 0.00011037917720386758  abs.TestBoundary: 0j  time: 10.958928795997053
epoch255  rel.Train: 0.010998813927173615  rel.Test: 0.016064284741878508  abs.Test: 0.00010865354299312458  abs.TestBoundary: 0j  time: 10.958152213992435
epoch256  rel.Train: 0.009971398919820785  rel.Test: 0.016598300747573375  abs.Test: 0.00011254036740865559  abs.TestBoundary: 0j  time: 10.978205630992306
epoch257  rel.Train: 0.009855421867221595  rel.Test: 0.01584197372198105  abs.Test: 0.00010712410527048632  abs.TestBoundary: 0j  time: 10.979699563991744
epoch258  rel.Train: 0.010183164395391941  rel.Test: 0.015456186681985855  abs.Test: 0.0001045434462139383  abs.TestBoundary: 0j  time: 10.967604352990747
epoch259  rel.Train: 0.010176861841231585  rel.Test: 0.01610267423093319  abs.Test: 0.00010913878883002326  abs.TestBoundary: 0j  time: 10.982986838003853
epoch260  rel.Train: 0.00910375740379095  rel.Test: 0.01581602480262518  abs.Test: 0.00010670247254893184  abs.TestBoundary: 0j  time: 10.969929719998618
epoch261  rel.Train: 0.009724072851240636  rel.Test: 0.01663044821470976  abs.Test: 0.00011269716720562429  abs.TestBoundary: 0j  time: 10.97219608600426
epoch262  rel.Train: 0.009927185717970133  rel.Test: 0.018020157553255558  abs.Test: 0.00012119868071749806  abs.TestBoundary: 0j  time: 10.970294415994431
epoch263  rel.Train: 0.010266330428421497  rel.Test: 0.015939506478607656  abs.Test: 0.00010750182729680092  abs.TestBoundary: 0j  time: 10.981009705006727
epoch264  rel.Train: 0.009968751378357411  rel.Test: 0.015327097475528717  abs.Test: 0.00010358062601881102  abs.TestBoundary: 0j  time: 10.972912199998973
epoch265  rel.Train: 0.009086406074464322  rel.Test: 0.015420245677232743  abs.Test: 0.00010424260195577517  abs.TestBoundary: 0j  time: 10.982507004999206
epoch266  rel.Train: 0.00976502924785018  rel.Test: 0.015762525908648968  abs.Test: 0.00010619894310366362  abs.TestBoundary: 0j  time: 10.96421000600094
epoch267  rel.Train: 0.009869605764746665  rel.Test: 0.016298474073410035  abs.Test: 0.00011003974679624662  abs.TestBoundary: 0j  time: 10.973863949999213
epoch268  rel.Train: 0.00976719779521227  rel.Test: 0.015524283833801746  abs.Test: 0.00010490911459783092  abs.TestBoundary: 0j  time: 10.958173014994827
epoch269  rel.Train: 0.009603948090225458  rel.Test: 0.015145544074475764  abs.Test: 0.00010238231625407934  abs.TestBoundary: 0j  time: 10.879046272995765
epoch270  rel.Train: 0.009638225246220827  rel.Test: 0.015715537182986735  abs.Test: 0.00010627397714415565  abs.TestBoundary: 0j  time: 10.924424630007707
epoch271  rel.Train: 0.00964347118884325  rel.Test: 0.016198773607611655  abs.Test: 0.0001099942799191922  abs.TestBoundary: 0j  time: 10.953955991994007
epoch272  rel.Train: 0.009752552859485149  rel.Test: 0.01753850396722555  abs.Test: 0.00011800600972492248  abs.TestBoundary: 0j  time: 10.971345685000415
epoch273  rel.Train: 0.010065761595964432  rel.Test: 0.01577124647796154  abs.Test: 0.00010699749866034836  abs.TestBoundary: 0j  time: 10.973410644000978
epoch274  rel.Train: 0.00929874724894762  rel.Test: 0.01572331290692091  abs.Test: 0.00010633633501129225  abs.TestBoundary: 0j  time: 10.981921370999771
epoch275  rel.Train: 0.009677027352154255  rel.Test: 0.01577246617525816  abs.Test: 0.0001066918286960572  abs.TestBoundary: 0j  time: 10.986302445002366
epoch276  rel.Train: 0.009741676557809114  rel.Test: 0.0158042873442173  abs.Test: 0.00010649832605849952  abs.TestBoundary: 0j  time: 10.965516745010973
epoch277  rel.Train: 0.009714842766523362  rel.Test: 0.015778392776846884  abs.Test: 0.00010693082440411672  abs.TestBoundary: 0j  time: 10.968246664997423
epoch278  rel.Train: 0.008958182331174612  rel.Test: 0.01636454850435257  abs.Test: 0.00011023052269592881  abs.TestBoundary: 0j  time: 10.967276523995679
epoch279  rel.Train: 0.009013079784810543  rel.Test: 0.01537020966410637  abs.Test: 0.00010400014172773809  abs.TestBoundary: 0j  time: 10.97599747798813
epoch280  rel.Train: 0.008873612090945244  rel.Test: 0.016260441653430463  abs.Test: 0.00010952725337119773  abs.TestBoundary: 0j  time: 10.98796347300231
epoch281  rel.Train: 0.009633763685822487  rel.Test: 0.016628827415406704  abs.Test: 0.00011210485186893493  abs.TestBoundary: 0j  time: 10.97874864199548
epoch282  rel.Train: 0.009577892683446408  rel.Test: 0.015634356923401357  abs.Test: 0.00010549303493462503  abs.TestBoundary: 0j  time: 10.969137107997085
epoch283  rel.Train: 0.009884626831859351  rel.Test: 0.016376872397959232  abs.Test: 0.00011056454677600413  abs.TestBoundary: 0j  time: 10.961490565998247
epoch284  rel.Train: 0.009544443245977164  rel.Test: 0.01607789158821106  abs.Test: 0.0001089259999571368  abs.TestBoundary: 0j  time: 10.954041448989301
epoch285  rel.Train: 0.009267462957650423  rel.Test: 0.015529876723885536  abs.Test: 0.00010507887258427217  abs.TestBoundary: 0j  time: 10.97068164400116
epoch286  rel.Train: 0.008753443636000157  rel.Test: 0.015327926278114318  abs.Test: 0.00010372960910899565  abs.TestBoundary: 0j  time: 10.97279168899695
epoch287  rel.Train: 0.008585303205996752  rel.Test: 0.015709424801170827  abs.Test: 0.00010627078445395455  abs.TestBoundary: 0j  time: 10.978047723998316
epoch288  rel.Train: 0.009114165123552084  rel.Test: 0.015600251331925392  abs.Test: 0.00010536930378293618  abs.TestBoundary: 0j  time: 10.966959831988788
epoch289  rel.Train: 0.008972645748406649  rel.Test: 0.015829174816608428  abs.Test: 0.00010670997551642358  abs.TestBoundary: 0j  time: 10.976289400001406
epoch290  rel.Train: 0.008529978673905134  rel.Test: 0.015456470772624015  abs.Test: 0.00010446751373820007  abs.TestBoundary: 0j  time: 10.981199170011678
epoch291  rel.Train: 0.008723403763026  rel.Test: 0.01621424801647663  abs.Test: 0.00010919149237452075  abs.TestBoundary: 0j  time: 10.965082020993577
epoch292  rel.Train: 0.008913982056081295  rel.Test: 0.015866074562072754  abs.Test: 0.00010744284110842273  abs.TestBoundary: 0j  time: 10.97866150799382
epoch293  rel.Train: 0.008795815285295248  rel.Test: 0.015548942647874354  abs.Test: 0.00010510915570193901  abs.TestBoundary: 0j  time: 10.976075620012125
epoch294  rel.Train: 0.008625095758587121  rel.Test: 0.01565755620598793  abs.Test: 0.00010598917026072741  abs.TestBoundary: 0j  time: 10.9833289070084
epoch295  rel.Train: 0.008391708388924599  rel.Test: 0.01532062005251646  abs.Test: 0.00010350753291277215  abs.TestBoundary: 0j  time: 10.963285336998524
epoch296  rel.Train: 0.008512532420456409  rel.Test: 0.015661740861833095  abs.Test: 0.00010570921265752986  abs.TestBoundary: 0j  time: 10.960631959998864
epoch297  rel.Train: 0.008546957187354565  rel.Test: 0.01529705137014389  abs.Test: 0.00010333515849197283  abs.TestBoundary: 0j  time: 10.960210753997671
epoch298  rel.Train: 0.008684374958276748  rel.Test: 0.015410371720790864  abs.Test: 0.00010444692947203293  abs.TestBoundary: 0j  time: 10.95340195899189
epoch299  rel.Train: 0.008696603585034608  rel.Test: 0.01576892551034689  abs.Test: 0.00010696757672121749  abs.TestBoundary: 0j  time: 10.982619556001737
epoch300  rel.Train: 0.008660381209105254  rel.Test: 0.015415586829185486  abs.Test: 0.00010417535435408354  abs.TestBoundary: 0j  time: 10.974197038987768
epoch301  rel.Train: 0.00860593980550766  rel.Test: 0.015570811182260513  abs.Test: 0.00010558796609984711  abs.TestBoundary: 0j  time: 10.975780961991404
epoch302  rel.Train: 0.008555832769721746  rel.Test: 0.01636741142719984  abs.Test: 0.0001099731813883409  abs.TestBoundary: 0j  time: 10.968531259000883
epoch303  rel.Train: 0.00848940122872591  rel.Test: 0.014999901950359345  abs.Test: 0.0001013310591224581  abs.TestBoundary: 0j  time: 10.974088174989447
epoch304  rel.Train: 0.008405085053294898  rel.Test: 0.015445032007992267  abs.Test: 0.00010454737377585844  abs.TestBoundary: 0j  time: 10.962357618991518
epoch305  rel.Train: 0.008301875151693821  rel.Test: 0.015354877039790153  abs.Test: 0.0001039003866026178  abs.TestBoundary: 0j  time: 10.97461010000552
epoch306  rel.Train: 0.008171585623174906  rel.Test: 0.0156917916983366  abs.Test: 0.00010629293392412364  abs.TestBoundary: 0j  time: 10.98507772499579
epoch307  rel.Train: 0.008216024115681649  rel.Test: 0.015368533246219158  abs.Test: 0.00010386815876699983  abs.TestBoundary: 0j  time: 10.965913445004844
epoch308  rel.Train: 0.008333671748638152  rel.Test: 0.01571346674114466  abs.Test: 0.00010643097310094163  abs.TestBoundary: 0j  time: 10.959701806990779
epoch309  rel.Train: 0.008052613861858845  rel.Test: 0.01521935872733593  abs.Test: 0.00010273379855789244  abs.TestBoundary: 0j  time: 10.964441071002511
epoch310  rel.Train: 0.008078879315406084  rel.Test: 0.015534405149519443  abs.Test: 0.00010466110339621082  abs.TestBoundary: 0j  time: 10.955360288993688
epoch311  rel.Train: 0.008042297303676605  rel.Test: 0.015028073191642762  abs.Test: 0.00010152858507353813  abs.TestBoundary: 0j  time: 10.974686254005064
epoch312  rel.Train: 0.008157242640852928  rel.Test: 0.015331483632326125  abs.Test: 0.0001033040790935047  abs.TestBoundary: 0j  time: 10.973024450999219
epoch313  rel.Train: 0.008518154062330722  rel.Test: 0.015560469813644886  abs.Test: 0.00010515939502511173  abs.TestBoundary: 0j  time: 10.967018923009164
epoch314  rel.Train: 0.008119204476475716  rel.Test: 0.015396446026861667  abs.Test: 0.00010376208898378536  abs.TestBoundary: 0j  time: 10.975509193987818
epoch315  rel.Train: 0.008716150961816311  rel.Test: 0.01535518903285265  abs.Test: 0.00010380379244452342  abs.TestBoundary: 0j  time: 10.968252329999814
epoch316  rel.Train: 0.008479943845421075  rel.Test: 0.01523389745503664  abs.Test: 0.00010316587082343176  abs.TestBoundary: 0j  time: 10.958352144007222
epoch317  rel.Train: 0.00784490528702736  rel.Test: 0.01503686249256134  abs.Test: 0.00010144826082978398  abs.TestBoundary: 0j  time: 10.982338849004009
epoch318  rel.Train: 0.007867981161922217  rel.Test: 0.015592234656214714  abs.Test: 0.00010519625298911706  abs.TestBoundary: 0j  time: 10.980875391003792
epoch319  rel.Train: 0.008034923925995826  rel.Test: 0.01564894024282694  abs.Test: 0.00010598323860904202  abs.TestBoundary: 0j  time: 10.968371422000928
epoch320  rel.Train: 0.008150703832507133  rel.Test: 0.015514628514647483  abs.Test: 0.00010452230460941792  abs.TestBoundary: 0j  time: 10.969066634992487
epoch321  rel.Train: 0.008146499596536159  rel.Test: 0.015564055368304252  abs.Test: 0.00010501644021132961  abs.TestBoundary: 0j  time: 10.95991945399146
epoch322  rel.Train: 0.007953690581023694  rel.Test: 0.015399119183421135  abs.Test: 0.00010432436974951997  abs.TestBoundary: 0j  time: 10.959254495988716
epoch323  rel.Train: 0.007659226834774017  rel.Test: 0.015067691542208194  abs.Test: 0.00010178664844715967  abs.TestBoundary: 0j  time: 10.963858741990407
epoch324  rel.Train: 0.007519782442599535  rel.Test: 0.015013802051544189  abs.Test: 0.00010142007697140798  abs.TestBoundary: 0j  time: 10.97415713299415
epoch325  rel.Train: 0.008024788107722997  rel.Test: 0.015326182432472706  abs.Test: 0.00010361572320107371  abs.TestBoundary: 0j  time: 10.976373153011082
epoch326  rel.Train: 0.007944388899952174  rel.Test: 0.015173071213066578  abs.Test: 0.00010239278810331598  abs.TestBoundary: 0j  time: 10.963867749989731
epoch327  rel.Train: 0.007569458562880754  rel.Test: 0.015186429172754288  abs.Test: 0.0001028058395604603  abs.TestBoundary: 0j  time: 10.96139905200107
epoch328  rel.Train: 0.007958935372531414  rel.Test: 0.015407608263194561  abs.Test: 0.00010399426420917734  abs.TestBoundary: 0j  time: 10.962378825992346
epoch329  rel.Train: 0.007668284855782985  rel.Test: 0.015114260390400886  abs.Test: 0.00010198514093644916  abs.TestBoundary: 0j  time: 10.971015157003421
epoch330  rel.Train: 0.007737379588186741  rel.Test: 0.015375071689486503  abs.Test: 0.00010407102992758154  abs.TestBoundary: 0j  time: 10.981973700007075
epoch331  rel.Train: 0.007481503702700138  rel.Test: 0.015287701934576035  abs.Test: 0.00010342732421122491  abs.TestBoundary: 0j  time: 10.949771186002181
epoch332  rel.Train: 0.007649499867111445  rel.Test: 0.01544427428394556  abs.Test: 0.00010445540101500228  abs.TestBoundary: 0j  time: 10.97553904299275
epoch333  rel.Train: 0.007582613352686167  rel.Test: 0.015470967404544353  abs.Test: 0.00010441057645948603  abs.TestBoundary: 0j  time: 10.980392297002254
epoch334  rel.Train: 0.007799114800989628  rel.Test: 0.015095328204333782  abs.Test: 0.00010199008334893733  abs.TestBoundary: 0j  time: 10.970341060005012
epoch335  rel.Train: 0.007563629072159529  rel.Test: 0.014919378459453583  abs.Test: 0.00010083674103952944  abs.TestBoundary: 0j  time: 10.965752374002477
epoch336  rel.Train: 0.007161719843745231  rel.Test: 0.015060809776186942  abs.Test: 0.0001017785261501558  abs.TestBoundary: 0j  time: 10.970965549000539
epoch337  rel.Train: 0.007278495714068413  rel.Test: 0.01552060093730688  abs.Test: 0.00010464464576216414  abs.TestBoundary: 0j  time: 10.967490784998517
epoch338  rel.Train: 0.0072065115198493  rel.Test: 0.015062919184565544  abs.Test: 0.00010182043770328164  abs.TestBoundary: 0j  time: 10.983435472997371
epoch339  rel.Train: 0.007235988326370716  rel.Test: 0.015095405355095863  abs.Test: 0.00010191562527325005  abs.TestBoundary: 0j  time: 10.968092395996791
epoch340  rel.Train: 0.007201203837990761  rel.Test: 0.015519958548247814  abs.Test: 0.0001051792674115859  abs.TestBoundary: 0j  time: 10.979328822999378
epoch341  rel.Train: 0.007369893241673708  rel.Test: 0.015177269838750363  abs.Test: 0.00010245009587379173  abs.TestBoundary: 0j  time: 10.965141628999845
epoch342  rel.Train: 0.007188080288469792  rel.Test: 0.015177427716553211  abs.Test: 0.0001024405684438534  abs.TestBoundary: 0j  time: 10.966720068987343
epoch343  rel.Train: 0.006978356257081032  rel.Test: 0.014937966205179691  abs.Test: 0.00010084275680128486  abs.TestBoundary: 0j  time: 10.976677537997602
epoch344  rel.Train: 0.007118745110929013  rel.Test: 0.015144977681338788  abs.Test: 0.0001024003978818655  abs.TestBoundary: 0j  time: 10.96634685700701
epoch345  rel.Train: 0.0075036100931465625  rel.Test: 0.01520234614610672  abs.Test: 0.00010288143646903337  abs.TestBoundary: 0j  time: 10.965803016995778
epoch346  rel.Train: 0.0070400511212646965  rel.Test: 0.015040509141981602  abs.Test: 0.00010169285960728302  abs.TestBoundary: 0j  time: 10.968726495993906
epoch347  rel.Train: 0.007206291556358337  rel.Test: 0.014833648726344108  abs.Test: 0.00010023568611359224  abs.TestBoundary: 0j  time: 10.971964734999347
epoch348  rel.Train: 0.007330405995249748  rel.Test: 0.015261100716888904  abs.Test: 0.00010297617001924663  abs.TestBoundary: 0j  time: 10.982148305003648
epoch349  rel.Train: 0.007184384360909462  rel.Test: 0.015341134257614613  abs.Test: 0.00010375835612649099  abs.TestBoundary: 0j  time: 10.97623754099186
epoch350  rel.Train: 0.007032286185771227  rel.Test: 0.015587915144860744  abs.Test: 0.00010569358360953629  abs.TestBoundary: 0j  time: 10.973237737998716
epoch351  rel.Train: 0.007129062887281179  rel.Test: 0.01515494093298912  abs.Test: 0.00010246771009406075  abs.TestBoundary: 0j  time: 10.975823660002789
epoch352  rel.Train: 0.007015238869935274  rel.Test: 0.015020784623920917  abs.Test: 0.0001013768944540061  abs.TestBoundary: 0j  time: 10.983169296989217
epoch353  rel.Train: 0.006774625260382891  rel.Test: 0.014962281920015813  abs.Test: 0.00010105055727763101  abs.TestBoundary: 0j  time: 11.0230411550001
epoch354  rel.Train: 0.007079644910991192  rel.Test: 0.015080953724682331  abs.Test: 0.00010186362807871773  abs.TestBoundary: 0j  time: 10.968161267010146
epoch355  rel.Train: 0.0068022641874849795  rel.Test: 0.014864419549703599  abs.Test: 0.00010047702409792691  abs.TestBoundary: 0j  time: 10.966223362003802
epoch356  rel.Train: 0.006782876446843147  rel.Test: 0.014967033714056015  abs.Test: 0.00010110344155691564  abs.TestBoundary: 0j  time: 11.017735830988386
epoch357  rel.Train: 0.006845169302076101  rel.Test: 0.015106802843511104  abs.Test: 0.00010189615044509992  abs.TestBoundary: 0j  time: 10.959561083000153
epoch358  rel.Train: 0.007151166878640652  rel.Test: 0.015608464889228344  abs.Test: 0.00010523766453843564  abs.TestBoundary: 0j  time: 10.968822869006544
epoch359  rel.Train: 0.006810773309320212  rel.Test: 0.015086842067539692  abs.Test: 0.00010189471126068384  abs.TestBoundary: 0j  time: 10.96101814499707
epoch360  rel.Train: 0.006692209810018539  rel.Test: 0.015027897581458092  abs.Test: 0.00010151736496482045  abs.TestBoundary: 0j  time: 10.97855457800324
epoch361  rel.Train: 0.006716746997088194  rel.Test: 0.015071508660912513  abs.Test: 0.00010187617008341476  abs.TestBoundary: 0j  time: 10.93767483200645
epoch362  rel.Train: 0.0067092436589300634  rel.Test: 0.015045403651893139  abs.Test: 0.00010165437095565721  abs.TestBoundary: 0j  time: 10.978090948992758
epoch363  rel.Train: 0.006617058500647545  rel.Test: 0.015133582800626755  abs.Test: 0.00010235247493255883  abs.TestBoundary: 0j  time: 10.97497395699611
epoch364  rel.Train: 0.006684745948761702  rel.Test: 0.015058872438967228  abs.Test: 0.00010175655130296946  abs.TestBoundary: 0j  time: 10.970371304996661
epoch365  rel.Train: 0.0067001179419457916  rel.Test: 0.015030374526977539  abs.Test: 0.00010158695979043841  abs.TestBoundary: 0j  time: 10.96102473299834
epoch366  rel.Train: 0.007083123140037059  rel.Test: 0.015139524452388286  abs.Test: 0.00010215087240794674  abs.TestBoundary: 0j  time: 10.969067204001476
epoch367  rel.Train: 0.006677026305347681  rel.Test: 0.015127551965415478  abs.Test: 0.00010220450581982732  abs.TestBoundary: 0j  time: 10.974291534002987
epoch368  rel.Train: 0.006508864149451256  rel.Test: 0.015144948922097683  abs.Test: 0.00010236250440357253  abs.TestBoundary: 0j  time: 10.987315553997178
epoch369  rel.Train: 0.006317864716053009  rel.Test: 0.015234124585986138  abs.Test: 0.00010313608625438064  abs.TestBoundary: 0j  time: 10.963834207999753
epoch370  rel.Train: 0.006817324969917536  rel.Test: 0.01508036781102419  abs.Test: 0.0001017883254098706  abs.TestBoundary: 0j  time: 10.96675370199955
epoch371  rel.Train: 0.006443906519562006  rel.Test: 0.015107025839388371  abs.Test: 0.00010188889427809045  abs.TestBoundary: 0j  time: 10.970314370002598
epoch372  rel.Train: 0.006422063715755939  rel.Test: 0.014981490559875965  abs.Test: 0.00010129695176146924  abs.TestBoundary: 0j  time: 10.968048287992133
epoch373  rel.Train: 0.006356851730495691  rel.Test: 0.014969383589923382  abs.Test: 0.00010102934087626637  abs.TestBoundary: 0j  time: 10.976615613006288
epoch374  rel.Train: 0.006380879867821932  rel.Test: 0.015454892031848431  abs.Test: 0.00010469844448380173  abs.TestBoundary: 0j  time: 10.973267745008343
epoch375  rel.Train: 0.006674400456249714  rel.Test: 0.015153056830167771  abs.Test: 0.0001024860271718353  abs.TestBoundary: 0j  time: 10.972943165004835
epoch376  rel.Train: 0.006483772724866867  rel.Test: 0.014980724714696407  abs.Test: 0.00010111338720889761  abs.TestBoundary: 0j  time: 10.972277029999532
epoch377  rel.Train: 0.00633427032828331  rel.Test: 0.014989889077842235  abs.Test: 0.00010117092693690211  abs.TestBoundary: 0j  time: 10.970104730993626
epoch378  rel.Train: 0.006319968346506357  rel.Test: 0.01490804597735405  abs.Test: 0.00010071385040646418  abs.TestBoundary: 0j  time: 10.969133605001844
epoch379  rel.Train: 0.0063444400019943715  rel.Test: 0.014925773777067662  abs.Test: 0.0001008101791376248  abs.TestBoundary: 0j  time: 10.99246590299299
epoch380  rel.Train: 0.006407130021601915  rel.Test: 0.015339129567146302  abs.Test: 0.00010370524658355862  abs.TestBoundary: 0j  time: 10.968743996010744
epoch381  rel.Train: 0.006464814364910126  rel.Test: 0.015087109096348285  abs.Test: 0.00010175116622122005  abs.TestBoundary: 0j  time: 10.96776465199946
epoch382  rel.Train: 0.006288789432495832  rel.Test: 0.014918277971446514  abs.Test: 0.00010073203389765695  abs.TestBoundary: 0j  time: 10.957420050996006
epoch383  rel.Train: 0.006338970083743334  rel.Test: 0.014966537430882453  abs.Test: 0.00010106739297043533  abs.TestBoundary: 0j  time: 10.9772421259986
epoch384  rel.Train: 0.006236077349632978  rel.Test: 0.014984961375594139  abs.Test: 0.00010122741892701015  abs.TestBoundary: 0j  time: 10.958391734006
epoch385  rel.Train: 0.006276413608342409  rel.Test: 0.01519996952265501  abs.Test: 0.00010271100327372552  abs.TestBoundary: 0j  time: 10.977497614003369
epoch386  rel.Train: 0.006234102539718151  rel.Test: 0.015162851847708225  abs.Test: 0.00010230066487565637  abs.TestBoundary: 0j  time: 10.961408645001939
epoch387  rel.Train: 0.006241573788225651  rel.Test: 0.015042492337524891  abs.Test: 0.00010160879173781723  abs.TestBoundary: 0j  time: 10.97435539700382
epoch388  rel.Train: 0.006077053535729647  rel.Test: 0.014961223900318146  abs.Test: 0.00010099272738443687  abs.TestBoundary: 0j  time: 10.974092767995899
epoch389  rel.Train: 0.006085773456841707  rel.Test: 0.01505244143307209  abs.Test: 0.00010170693887630478  abs.TestBoundary: 0j  time: 10.973212365992367
epoch390  rel.Train: 0.006038697417825461  rel.Test: 0.01497527964413166  abs.Test: 0.00010111986222909763  abs.TestBoundary: 0j  time: 10.965542234000168
epoch391  rel.Train: 0.006041854422539472  rel.Test: 0.014992581903934479  abs.Test: 0.00010123565327376127  abs.TestBoundary: 0j  time: 10.987227644000086
epoch392  rel.Train: 0.006102845419198275  rel.Test: 0.01503784541040659  abs.Test: 0.00010175214934861287  abs.TestBoundary: 0j  time: 10.981232581994846
epoch393  rel.Train: 0.006125530887395143  rel.Test: 0.014975358881056309  abs.Test: 0.00010114574775798247  abs.TestBoundary: 0j  time: 10.973429589997977
epoch394  rel.Train: 0.005923859719187022  rel.Test: 0.01513987272977829  abs.Test: 0.00010214774316409603  abs.TestBoundary: 0j  time: 10.968643796004471
epoch395  rel.Train: 0.005960305735468865  rel.Test: 0.015016683600842953  abs.Test: 0.00010140538332052529  abs.TestBoundary: 0j  time: 10.96892245199706
epoch396  rel.Train: 0.005943138934671879  rel.Test: 0.014895617328584194  abs.Test: 0.00010063636407721788  abs.TestBoundary: 0j  time: 10.963000456991722
epoch397  rel.Train: 0.005831715177744627  rel.Test: 0.014964189268648625  abs.Test: 0.00010101772553753108  abs.TestBoundary: 0j  time: 10.960089405009057
epoch398  rel.Train: 0.00578923399746418  rel.Test: 0.014988396055996419  abs.Test: 0.00010119458049302921  abs.TestBoundary: 0j  time: 10.964296014994034
epoch399  rel.Train: 0.0059082391485571865  rel.Test: 0.015171460881829262  abs.Test: 0.00010234548331936821  abs.TestBoundary: 0j  time: 10.961103273992194
epoch400  rel.Train: 0.005919153835624457  rel.Test: 0.015174914933741093  abs.Test: 0.00010239390889182687  abs.TestBoundary: 0j  time: 10.972950597002637
epoch401  rel.Train: 0.006005462326109409  rel.Test: 0.015030839182436466  abs.Test: 0.00010148997855139896  abs.TestBoundary: 0j  time: 10.971106967001106
epoch402  rel.Train: 0.005860051423311233  rel.Test: 0.015017422735691071  abs.Test: 0.00010151429451070726  abs.TestBoundary: 0j  time: 10.958002685001702
epoch403  rel.Train: 0.005932524602860212  rel.Test: 0.015132140181958676  abs.Test: 0.00010202819219557569  abs.TestBoundary: 0j  time: 10.979565818997798
epoch404  rel.Train: 0.005814852632582188  rel.Test: 0.015027184337377548  abs.Test: 0.0001014868961647153  abs.TestBoundary: 0j  time: 10.986693783997907
epoch405  rel.Train: 0.005762759391218424  rel.Test: 0.01496963232755661  abs.Test: 0.0001009891543071717  abs.TestBoundary: 0j  time: 10.974973582007806
epoch406  rel.Train: 0.005741222701966762  rel.Test: 0.015092149302363396  abs.Test: 0.00010178815282415598  abs.TestBoundary: 0j  time: 10.976643567992141
epoch407  rel.Train: 0.005757992938160896  rel.Test: 0.014968892373144627  abs.Test: 0.0001010192694957368  abs.TestBoundary: 0j  time: 10.971705124989967
epoch408  rel.Train: 0.005721813835203648  rel.Test: 0.01511661909520626  abs.Test: 0.00010211776767391711  abs.TestBoundary: 0j  time: 10.961471611008164
epoch409  rel.Train: 0.005705225363373757  rel.Test: 0.015077330246567726  abs.Test: 0.00010175922361668199  abs.TestBoundary: 0j  time: 10.972593238009722
epoch410  rel.Train: 0.005702939074486494  rel.Test: 0.015101604647934436  abs.Test: 0.00010190649336436764  abs.TestBoundary: 0j  time: 10.99476767500164
epoch411  rel.Train: 0.005723798129707575  rel.Test: 0.01498790942132473  abs.Test: 0.00010119276877958328  abs.TestBoundary: 0j  time: 10.971376084999065
epoch412  rel.Train: 0.005622688226401806  rel.Test: 0.014945146106183528  abs.Test: 0.00010091071773786097  abs.TestBoundary: 0j  time: 10.959472141999868
epoch413  rel.Train: 0.005611891604959965  rel.Test: 0.014983168803155422  abs.Test: 0.0001012358081061393  abs.TestBoundary: 0j  time: 10.961344987998018
epoch414  rel.Train: 0.00563862944021821  rel.Test: 0.014995734766125679  abs.Test: 0.00010131636954611168  abs.TestBoundary: 0j  time: 10.957872980012326
epoch415  rel.Train: 0.005601994153112173  rel.Test: 0.014984413534402847  abs.Test: 0.00010119237093022094  abs.TestBoundary: 0j  time: 10.97025995599688
epoch416  rel.Train: 0.005603679180145264  rel.Test: 0.015012422986328601  abs.Test: 0.00010140048485482111  abs.TestBoundary: 0j  time: 10.982468850008445
epoch417  rel.Train: 0.005726149488240481  rel.Test: 0.01516187123954296  abs.Test: 0.00010227749735349789  abs.TestBoundary: 0j  time: 10.965111190002062
epoch418  rel.Train: 0.005691997118294239  rel.Test: 0.015019265227019787  abs.Test: 0.00010139308957150205  abs.TestBoundary: 0j  time: 10.974105204004445
epoch419  rel.Train: 0.005561594612896442  rel.Test: 0.015002331659197808  abs.Test: 0.00010130054812179879  abs.TestBoundary: 0j  time: 10.974838247988373
epoch420  rel.Train: 0.0055001450404524805  rel.Test: 0.015004737451672554  abs.Test: 0.00010132818366400897  abs.TestBoundary: 0j  time: 10.971684489006293
epoch421  rel.Train: 0.005507207870483398  rel.Test: 0.015020316541194916  abs.Test: 0.0001013885167776607  abs.TestBoundary: 0j  time: 10.970846765994793
epoch422  rel.Train: 0.005483267720788717  rel.Test: 0.014999105893075466  abs.Test: 0.0001012680007261224  abs.TestBoundary: 0j  time: 10.980199338999228
epoch423  rel.Train: 0.005520696140825748  rel.Test: 0.015052847042679786  abs.Test: 0.00010163069324335083  abs.TestBoundary: 0j  time: 10.959865804004949
epoch424  rel.Train: 0.005489278092980385  rel.Test: 0.015019442439079284  abs.Test: 0.0001013734220759943  abs.TestBoundary: 0j  time: 10.9766241920006
epoch425  rel.Train: 0.00544332817196846  rel.Test: 0.014982912130653859  abs.Test: 0.00010121460043592378  abs.TestBoundary: 0j  time: 10.974023089002003
epoch426  rel.Train: 0.0054712087996304035  rel.Test: 0.015051653534173965  abs.Test: 0.00010161963262362406  abs.TestBoundary: 0j  time: 10.965190287999576
epoch427  rel.Train: 0.005476889960467815  rel.Test: 0.015067030154168605  abs.Test: 0.00010167778324102982  abs.TestBoundary: 0j  time: 10.965672931997688
epoch428  rel.Train: 0.005448502752929926  rel.Test: 0.015031534172594547  abs.Test: 0.00010145651409402489  abs.TestBoundary: 0j  time: 10.981507361997501
epoch429  rel.Train: 0.005421858541667462  rel.Test: 0.01504357635974884  abs.Test: 0.0001015437682508491  abs.TestBoundary: 0j  time: 10.973271925991867
epoch430  rel.Train: 0.005419643774628639  rel.Test: 0.015046216361224652  abs.Test: 0.00010162463586311787  abs.TestBoundary: 0j  time: 10.973145997995744
epoch431  rel.Train: 0.0053876819163560866  rel.Test: 0.014971861876547336  abs.Test: 0.00010108016431331635  abs.TestBoundary: 0j  time: 10.961974017991452
epoch432  rel.Train: 0.005373689867556095  rel.Test: 0.01500237599015236  abs.Test: 0.00010129442962352187  abs.TestBoundary: 0j  time: 10.967220325008384
epoch433  rel.Train: 0.0053606429807841775  rel.Test: 0.01501129724085331  abs.Test: 0.00010138222511159256  abs.TestBoundary: 0j  time: 10.969087669000146
epoch434  rel.Train: 0.005326545804738999  rel.Test: 0.015027252547442914  abs.Test: 0.00010146270040422678  abs.TestBoundary: 0j  time: 10.97867963500903
epoch435  rel.Train: 0.005345928352326155  rel.Test: 0.01503788996487856  abs.Test: 0.00010150331712793559  abs.TestBoundary: 0j  time: 10.977277010999387
epoch436  rel.Train: 0.005345484063029289  rel.Test: 0.015032109767198563  abs.Test: 0.00010148468805709854  abs.TestBoundary: 0j  time: 10.969508042006055
epoch437  rel.Train: 0.005328967798501253  rel.Test: 0.015020729228854179  abs.Test: 0.00010143378749489784  abs.TestBoundary: 0j  time: 10.978200487006688
epoch438  rel.Train: 0.005332950387150049  rel.Test: 0.015037501119077206  abs.Test: 0.00010159214027225971  abs.TestBoundary: 0j  time: 10.96325761800108
epoch439  rel.Train: 0.0053052731677889825  rel.Test: 0.015042358227074146  abs.Test: 0.00010159238503547385  abs.TestBoundary: 0j  time: 10.962302225991152
epoch440  rel.Train: 0.005321901887655258  rel.Test: 0.015028737410902977  abs.Test: 0.0001014626756659709  abs.TestBoundary: 0j  time: 10.967995932995109
epoch441  rel.Train: 0.005283371984958649  rel.Test: 0.015018966421484948  abs.Test: 0.00010142204962903633  abs.TestBoundary: 0j  time: 10.983185078992392
epoch442  rel.Train: 0.005282231632620096  rel.Test: 0.01502970814704895  abs.Test: 0.00010144457628484816  abs.TestBoundary: 0j  time: 10.970217933994718
epoch443  rel.Train: 0.0052649125792086126  rel.Test: 0.01504709966480732  abs.Test: 0.00010154968593269587  abs.TestBoundary: 0j  time: 10.974607406998985
epoch444  rel.Train: 0.0052540705315768715  rel.Test: 0.015055941417813301  abs.Test: 0.00010162863531149923  abs.TestBoundary: 0j  time: 10.964242461996037
epoch445  rel.Train: 0.005248909048736095  rel.Test: 0.015049782693386077  abs.Test: 0.00010159829253097996  abs.TestBoundary: 0j  time: 10.965005335005117
epoch446  rel.Train: 0.005248296678066254  rel.Test: 0.015023806765675544  abs.Test: 0.00010144044557819143  abs.TestBoundary: 0j  time: 10.97380570799578
epoch447  rel.Train: 0.005227266918867827  rel.Test: 0.015018906258046628  abs.Test: 0.00010141100618056953  abs.TestBoundary: 0j  time: 10.955458748008823
epoch448  rel.Train: 0.005244960848242044  rel.Test: 0.015041941329836845  abs.Test: 0.00010154200543183834  abs.TestBoundary: 0j  time: 10.942909453005996
epoch449  rel.Train: 0.005240263771265745  rel.Test: 0.015034725666046142  abs.Test: 0.00010152662463951855  abs.TestBoundary: 0j  time: 10.954771970995353
epoch450  rel.Train: 0.005219761691987515  rel.Test: 0.015039153471589089  abs.Test: 0.00010155227326322347  abs.TestBoundary: 0j  time: 10.972115759999724
epoch451  rel.Train: 0.005219595715403557  rel.Test: 0.0150345204398036  abs.Test: 0.00010150362038984894  abs.TestBoundary: 0j  time: 10.974525092999102
epoch452  rel.Train: 0.005211140800267458  rel.Test: 0.015008760429918767  abs.Test: 0.00010134573385585099  abs.TestBoundary: 0j  time: 10.981118281008094
epoch453  rel.Train: 0.005191819652915001  rel.Test: 0.015074135810136795  abs.Test: 0.00010175346338655799  abs.TestBoundary: 0j  time: 10.988974581996445
epoch454  rel.Train: 0.005178942367434502  rel.Test: 0.015041426755487919  abs.Test: 0.00010154926596442237  abs.TestBoundary: 0j  time: 10.962387086008675
epoch455  rel.Train: 0.0051749696545302865  rel.Test: 0.015035095922648907  abs.Test: 0.00010150769754545764  abs.TestBoundary: 0j  time: 10.96979058200668
epoch456  rel.Train: 0.005198184955865145  rel.Test: 0.015027107112109661  abs.Test: 0.00010147848224733025  abs.TestBoundary: 0j  time: 10.957486264000181
epoch457  rel.Train: 0.0051657196842133995  rel.Test: 0.015031404942274094  abs.Test: 0.00010148096276680008  abs.TestBoundary: 0j  time: 10.974295225008973
epoch458  rel.Train: 0.005157082058489323  rel.Test: 0.015026530772447587  abs.Test: 0.00010145427891984582  abs.TestBoundary: 0j  time: 10.97289703899878
epoch459  rel.Train: 0.0051672632172703745  rel.Test: 0.015052192620933056  abs.Test: 0.00010166336665861309  abs.TestBoundary: 0j  time: 10.95835872599855
epoch460  rel.Train: 0.005172510337084532  rel.Test: 0.015046464204788208  abs.Test: 0.00010160765436012298  abs.TestBoundary: 0j  time: 10.964266599999974
epoch461  rel.Train: 0.005137249696999789  rel.Test: 0.015058931633830071  abs.Test: 0.00010167189117055387  abs.TestBoundary: 0j  time: 10.95147284900304
epoch462  rel.Train: 0.00513659406080842  rel.Test: 0.015050238855183124  abs.Test: 0.00010162207210669294  abs.TestBoundary: 0j  time: 10.949429697007872
epoch463  rel.Train: 0.005136943265795708  rel.Test: 0.015063126049935817  abs.Test: 0.00010170474764890969  abs.TestBoundary: 0j  time: 10.963723804001347
epoch464  rel.Train: 0.005121926601976156  rel.Test: 0.015054470598697663  abs.Test: 0.00010167487402213737  abs.TestBoundary: 0j  time: 10.967991719007841
epoch465  rel.Train: 0.005121430587023496  rel.Test: 0.015059785321354865  abs.Test: 0.00010167216969421133  abs.TestBoundary: 0j  time: 10.987263520000852
epoch466  rel.Train: 0.005117513746023178  rel.Test: 0.015061105266213418  abs.Test: 0.00010167904780246317  abs.TestBoundary: 0j  time: 10.954564609986846
epoch467  rel.Train: 0.005113126665353775  rel.Test: 0.015049241110682487  abs.Test: 0.00010160207311855629  abs.TestBoundary: 0j  time: 10.97558506000496
epoch468  rel.Train: 0.005106586046516895  rel.Test: 0.015034690052270889  abs.Test: 0.00010151062277145684  abs.TestBoundary: 0j  time: 10.975156286003767
epoch469  rel.Train: 0.005100640464574099  rel.Test: 0.015055583417415619  abs.Test: 0.00010164033505134284  abs.TestBoundary: 0j  time: 10.960408500002814
epoch470  rel.Train: 0.005092959474772215  rel.Test: 0.015036748796701431  abs.Test: 0.00010151867114473134  abs.TestBoundary: 0j  time: 10.967509851005161
epoch471  rel.Train: 0.005091904610395432  rel.Test: 0.015068227536976337  abs.Test: 0.00010173243237659334  abs.TestBoundary: 0j  time: 10.971880281998892
epoch472  rel.Train: 0.005089207299053669  rel.Test: 0.015052239336073399  abs.Test: 0.00010162257211050019  abs.TestBoundary: 0j  time: 10.972424288003822
epoch473  rel.Train: 0.005088361617177725  rel.Test: 0.015050846971571446  abs.Test: 0.0001016329403501004  abs.TestBoundary: 0j  time: 10.971212012998876
epoch474  rel.Train: 0.00508429691940546  rel.Test: 0.015054898075759411  abs.Test: 0.00010165291896555573  abs.TestBoundary: 0j  time: 10.958645535996766
epoch475  rel.Train: 0.005077874884009361  rel.Test: 0.015055256448686122  abs.Test: 0.00010163297818507999  abs.TestBoundary: 0j  time: 10.932723480000277
epoch476  rel.Train: 0.005072747271507978  rel.Test: 0.015069082044065  abs.Test: 0.00010173445363761857  abs.TestBoundary: 0j  time: 10.959362809997401
epoch477  rel.Train: 0.005072491075843573  rel.Test: 0.015045539848506451  abs.Test: 0.0001015818674932234  abs.TestBoundary: 0j  time: 10.920636042996193
epoch478  rel.Train: 0.005067968115210533  rel.Test: 0.01506104327738285  abs.Test: 0.00010168787935981527  abs.TestBoundary: 0j  time: 10.932745526995859
epoch479  rel.Train: 0.005064810406416655  rel.Test: 0.01505341824144125  abs.Test: 0.00010162724094698206  abs.TestBoundary: 0j  time: 10.950754628996947
epoch480  rel.Train: 0.005063940063118935  rel.Test: 0.015050664581358432  abs.Test: 0.00010161208687350155  abs.TestBoundary: 0j  time: 10.953455704002408
epoch481  rel.Train: 0.005061666071414947  rel.Test: 0.015060362964868545  abs.Test: 0.00010168950539082288  abs.TestBoundary: 0j  time: 10.97249662799004
epoch482  rel.Train: 0.005055493991822004  rel.Test: 0.015073902048170567  abs.Test: 0.00010177406307775528  abs.TestBoundary: 0j  time: 10.966636618002667
epoch483  rel.Train: 0.005054413542151451  rel.Test: 0.015054651722311973  abs.Test: 0.00010164362873183564  abs.TestBoundary: 0j  time: 10.989443494006991
epoch484  rel.Train: 0.005052577584981919  rel.Test: 0.01504866424947977  abs.Test: 0.00010161095095099881  abs.TestBoundary: 0j  time: 10.974442627993994
epoch485  rel.Train: 0.005052107408642769  rel.Test: 0.015060669258236885  abs.Test: 0.00010168436652747914  abs.TestBoundary: 0j  time: 10.977484424001887
epoch486  rel.Train: 0.005049302391707897  rel.Test: 0.015059985294938088  abs.Test: 0.00010169153538299724  abs.TestBoundary: 0j  time: 10.977759793997393
epoch487  rel.Train: 0.005046554464846849  rel.Test: 0.01505852036178112  abs.Test: 0.0001016651454847306  abs.TestBoundary: 0j  time: 10.973396975998185
epoch488  rel.Train: 0.005044729068875313  rel.Test: 0.015062945149838924  abs.Test: 0.00010171026835450902  abs.TestBoundary: 0j  time: 10.956209487994784
epoch489  rel.Train: 0.005044735543429851  rel.Test: 0.015049998089671135  abs.Test: 0.00010161336016608403  abs.TestBoundary: 0j  time: 10.95593077900412
epoch490  rel.Train: 0.005041153740137815  rel.Test: 0.015067329667508601  abs.Test: 0.0001017241386580281  abs.TestBoundary: 0j  time: 10.97834757900273
epoch491  rel.Train: 0.005040929850190878  rel.Test: 0.015065740160644055  abs.Test: 0.00010172927461098879  abs.TestBoundary: 0j  time: 10.965570040003513
epoch492  rel.Train: 0.005039079062640667  rel.Test: 0.015058141984045505  abs.Test: 0.00010166659747483209  abs.TestBoundary: 0j  time: 10.95132835500408
epoch493  rel.Train: 0.005036815870553255  rel.Test: 0.015065426155924797  abs.Test: 0.00010172092006541789  abs.TestBoundary: 0j  time: 10.94346795900492
epoch494  rel.Train: 0.005038131067529321  rel.Test: 0.015060976892709733  abs.Test: 0.00010168045089812949  abs.TestBoundary: 0j  time: 10.948687044001417
epoch495  rel.Train: 0.0050358891710639  rel.Test: 0.015059878788888455  abs.Test: 0.00010167658096179367  abs.TestBoundary: 0j  time: 10.979179228001158
epoch496  rel.Train: 0.005036373734474182  rel.Test: 0.015052747465670108  abs.Test: 0.00010163463710341603  abs.TestBoundary: 0j  time: 10.981290764000732
epoch497  rel.Train: 0.005034534767270088  rel.Test: 0.015070100761950016  abs.Test: 0.0001017271657474339  abs.TestBoundary: 0j  time: 10.975250019997475
epoch498  rel.Train: 0.005033610116690397  rel.Test: 0.015058887600898742  abs.Test: 0.00010167523985728622  abs.TestBoundary: 0j  time: 10.97981371700007
epoch499  rel.Train: 0.0050328469946980476  rel.Test: 0.01507515724748373  abs.Test: 0.0001017797744134441  abs.TestBoundary: 0j  time: 10.976360662010848
