original data: in (1324, 421, 421) out (1324, 421, 421)
used data: x_train (1000, 44521, 3) y_train (1000, 44521, 1) x_test (200, 44521, 3) y_test (200, 44521, 1)
############################################################ config of data ############################################################
type: normal
L: 1.0
downsample_ratio: 2
n_train: 1000
n_test: 200
pca_include_input: False
pca_include_grid: False
should_include_F: False
should_flatten: True
should_compute_bases: True
############################################################ config of model ############################################################
in_dim: 3
out_dim: 1
fc_channels: 128
layer_channels: [128, 128, 128, 128, 128]
layer_types: ['GalerkinConv', 'GalerkinConv', 'GalerkinConv', 'GalerkinConv']
act: gelu
should_residual: [False, False, False, False]
modes_gk: [512, 512, 512, 512]
bases_types: ['fourier', 'fourier', 'fourier', 'fourier']
wbases_types: ['fourier', 'fourier', 'fourier', 'fourier']
green_types: ['HierLrGreen', 'HierLrGreen', 'HierLrGreen', 'HierLrGreen']
ranks_h: [4, 4, 4, 4]
levels: [8, 8, 8, 8]
ranks_d: [4, 4, 4, 4]
heads: [4, 4, 4, 4]
############################################################ config of train ############################################################
device: cuda
normalization_x: True
normalization_y: True
normalization_dim: []
epochs: 500
batch_size: 8
scheduler: OneCycleLR
base_lr: 0.001
weight_decay: 0.0001
milestones: None
scheduler_gamma: None
############################################################ Start Training ############################################################
number of parameters is 16860417
no boundary loss
epoch0  rel.Train: 0.28143836414813994  rel.Test: 0.12537143856287003  abs.Test: 0.0008525358722545206  abs.TestBoundary: 0j  time: 15.44438740471378
epoch1  rel.Train: 0.11125660896301269  rel.Test: 0.10090529531240464  abs.Test: 0.000683204922825098  abs.TestBoundary: 0j  time: 11.829384220764041
epoch2  rel.Train: 0.08866237705945969  rel.Test: 0.07838965028524399  abs.Test: 0.0005293212900869548  abs.TestBoundary: 0j  time: 11.825529878027737
epoch3  rel.Train: 0.05661237984895706  rel.Test: 0.04776423379778862  abs.Test: 0.0003251062531489879  abs.TestBoundary: 0j  time: 11.830613165162504
epoch4  rel.Train: 0.04222181135416031  rel.Test: 0.037191306352615354  abs.Test: 0.0002529288752702996  abs.TestBoundary: 0j  time: 11.863261561840773
epoch5  rel.Train: 0.03583827701210976  rel.Test: 0.03507260650396347  abs.Test: 0.0002377981529571116  abs.TestBoundary: 0j  time: 11.875372030772269
epoch6  rel.Train: 0.033506567060947415  rel.Test: 0.03132972009479999  abs.Test: 0.00021222843613941223  abs.TestBoundary: 0j  time: 11.881034505087882
epoch7  rel.Train: 0.030016897544264794  rel.Test: 0.03388223685324192  abs.Test: 0.00022877170878928154  abs.TestBoundary: 0j  time: 11.870156181044877
epoch8  rel.Train: 0.028866837322711943  rel.Test: 0.03209941104054451  abs.Test: 0.00021736464754212647  abs.TestBoundary: 0j  time: 11.904531508218497
epoch9  rel.Train: 0.02806506484746933  rel.Test: 0.03193830944597721  abs.Test: 0.00021508955513127148  abs.TestBoundary: 0j  time: 11.911125542130321
epoch10  rel.Train: 0.02700473798811436  rel.Test: 0.026254237294197083  abs.Test: 0.00017737358051817865  abs.TestBoundary: 0j  time: 11.9310108628124
epoch11  rel.Train: 0.025478780791163443  rel.Test: 0.026744328811764716  abs.Test: 0.0001805492863059044  abs.TestBoundary: 0j  time: 11.952283372171223
epoch12  rel.Train: 0.02552537167072296  rel.Test: 0.026249519661068917  abs.Test: 0.00017722208460327238  abs.TestBoundary: 0j  time: 11.952267782296985
epoch13  rel.Train: 0.023390794187784194  rel.Test: 0.02426206536591053  abs.Test: 0.0001642836967948824  abs.TestBoundary: 0j  time: 11.946233904920518
epoch14  rel.Train: 0.02277692422270775  rel.Test: 0.025820897743105888  abs.Test: 0.0001759904093341902  abs.TestBoundary: 0j  time: 11.961863888893276
epoch15  rel.Train: 0.024125401675701142  rel.Test: 0.0241988730430603  abs.Test: 0.00016352855134755374  abs.TestBoundary: 0j  time: 11.96950400620699
epoch16  rel.Train: 0.02179280510544777  rel.Test: 0.02270269386470318  abs.Test: 0.0001538683447870426  abs.TestBoundary: 0j  time: 11.96634124033153
epoch17  rel.Train: 0.020343412041664125  rel.Test: 0.02286873199045658  abs.Test: 0.0001544100814498961  abs.TestBoundary: 0j  time: 11.960207753814757
epoch18  rel.Train: 0.020728288352489473  rel.Test: 0.022035410702228544  abs.Test: 0.00014886098157148808  abs.TestBoundary: 0j  time: 11.97487075580284
epoch19  rel.Train: 0.020731224179267885  rel.Test: 0.022156479954719543  abs.Test: 0.0001499432435957715  abs.TestBoundary: 0j  time: 11.969917209353298
epoch20  rel.Train: 0.019466111049056052  rel.Test: 0.021557207480072976  abs.Test: 0.0001458325271960348  abs.TestBoundary: 0j  time: 11.96502406289801
epoch21  rel.Train: 0.018679302483797074  rel.Test: 0.021932223215699195  abs.Test: 0.000148686442989856  abs.TestBoundary: 0j  time: 11.983677926007658
epoch22  rel.Train: 0.019820645175874233  rel.Test: 0.021186144649982454  abs.Test: 0.00014363493712153287  abs.TestBoundary: 0j  time: 11.976428281981498
epoch23  rel.Train: 0.019000140823423863  rel.Test: 0.02244669809937477  abs.Test: 0.00015241610351949931  abs.TestBoundary: 0j  time: 11.990174025297165
epoch24  rel.Train: 0.018564533963799475  rel.Test: 0.02119505375623703  abs.Test: 0.00014362941670697182  abs.TestBoundary: 0j  time: 11.984885044861585
epoch25  rel.Train: 0.019432399183511733  rel.Test: 0.02239171341061592  abs.Test: 0.000151281074504368  abs.TestBoundary: 0j  time: 11.978881402872503
epoch26  rel.Train: 0.01850915338844061  rel.Test: 0.02001666933298111  abs.Test: 0.0001353725913213566  abs.TestBoundary: 0j  time: 11.981099343392998
epoch27  rel.Train: 0.017991419211030008  rel.Test: 0.023826312050223352  abs.Test: 0.0001617285655811429  abs.TestBoundary: 0j  time: 12.000427074730396
epoch28  rel.Train: 0.01818513210862875  rel.Test: 0.024554775059223176  abs.Test: 0.00016630426805932074  abs.TestBoundary: 0j  time: 11.999721203930676
epoch29  rel.Train: 0.018186640813946723  rel.Test: 0.02305325634777546  abs.Test: 0.00015680962067563087  abs.TestBoundary: 0j  time: 11.997733036056161
epoch30  rel.Train: 0.018420551411807536  rel.Test: 0.020897609069943427  abs.Test: 0.0001414955491782166  abs.TestBoundary: 0j  time: 12.030552080832422
epoch31  rel.Train: 0.017770370788872242  rel.Test: 0.021492347568273545  abs.Test: 0.00014541402459144592  abs.TestBoundary: 0j  time: 12.005043753888458
epoch32  rel.Train: 0.016779357068240644  rel.Test: 0.021582315489649773  abs.Test: 0.000146450754837133  abs.TestBoundary: 0j  time: 12.000521131791174
epoch33  rel.Train: 0.017527538195252417  rel.Test: 0.02140920914709568  abs.Test: 0.00014527413150062786  abs.TestBoundary: 0j  time: 11.999496284872293
epoch34  rel.Train: 0.017164119213819502  rel.Test: 0.017982665970921515  abs.Test: 0.000121699936571531  abs.TestBoundary: 0j  time: 11.996780982706696
epoch35  rel.Train: 0.01670994254946709  rel.Test: 0.020575943514704705  abs.Test: 0.00013944440841441973  abs.TestBoundary: 0j  time: 11.993150891270489
epoch36  rel.Train: 0.017718614242970943  rel.Test: 0.02186530038714409  abs.Test: 0.00014861525560263544  abs.TestBoundary: 0j  time: 11.98571665212512
epoch37  rel.Train: 0.017523630522191525  rel.Test: 0.02045197807252407  abs.Test: 0.00013800804765196518  abs.TestBoundary: 0j  time: 12.00673112925142
epoch38  rel.Train: 0.016800700820982457  rel.Test: 0.019042711406946182  abs.Test: 0.0001292148244101554  abs.TestBoundary: 0j  time: 11.984735103324056
epoch39  rel.Train: 0.016624651812016965  rel.Test: 0.018462084904313086  abs.Test: 0.00012449907284462825  abs.TestBoundary: 0j  time: 11.971712370868772
epoch40  rel.Train: 0.016506829015910624  rel.Test: 0.019121192693710327  abs.Test: 0.00012949113996000962  abs.TestBoundary: 0j  time: 11.99267360381782
epoch41  rel.Train: 0.016621520429849625  rel.Test: 0.01977842889726162  abs.Test: 0.00013426236371742563  abs.TestBoundary: 0j  time: 11.977156100794673
epoch42  rel.Train: 0.016629888743162156  rel.Test: 0.018615227565169333  abs.Test: 0.00012594902655109762  abs.TestBoundary: 0j  time: 11.981722061056644
epoch43  rel.Train: 0.017191404953598974  rel.Test: 0.02188959836959839  abs.Test: 0.00014791516761761159  abs.TestBoundary: 0j  time: 11.99131523957476
epoch44  rel.Train: 0.017210104651749134  rel.Test: 0.01813652876764536  abs.Test: 0.0001222095763660036  abs.TestBoundary: 0j  time: 11.99611075501889
epoch45  rel.Train: 0.01761364196240902  rel.Test: 0.019451112672686576  abs.Test: 0.0001315654593054205  abs.TestBoundary: 0j  time: 12.008335353806615
epoch46  rel.Train: 0.016257135458290578  rel.Test: 0.018305633179843427  abs.Test: 0.00012399687024299054  abs.TestBoundary: 0j  time: 12.039673865772784
epoch47  rel.Train: 0.016542064897716046  rel.Test: 0.01935020975768566  abs.Test: 0.0001314267428824678  abs.TestBoundary: 0j  time: 12.032117226161063
epoch48  rel.Train: 0.016824716202914716  rel.Test: 0.02039509318768978  abs.Test: 0.00013713263848330826  abs.TestBoundary: 0j  time: 11.997890546917915
epoch49  rel.Train: 0.01728140926361084  rel.Test: 0.02063416339457035  abs.Test: 0.00013961847522296012  abs.TestBoundary: 0j  time: 12.003599477931857
epoch50  rel.Train: 0.016771738693118095  rel.Test: 0.017817943058907985  abs.Test: 0.00012037389038596302  abs.TestBoundary: 0j  time: 11.977823910769075
epoch51  rel.Train: 0.01671075711399317  rel.Test: 0.017945808470249177  abs.Test: 0.00012117989652324468  abs.TestBoundary: 0j  time: 12.0070241400972
epoch52  rel.Train: 0.017037260994315146  rel.Test: 0.01913441002368927  abs.Test: 0.00012956164486240595  abs.TestBoundary: 0j  time: 11.978397192899138
epoch53  rel.Train: 0.017104792267084123  rel.Test: 0.02067182682454586  abs.Test: 0.00013988368911668658  abs.TestBoundary: 0j  time: 11.973714441992342
epoch54  rel.Train: 0.016241435967385767  rel.Test: 0.017287832237780094  abs.Test: 0.00011704121629009023  abs.TestBoundary: 0j  time: 11.975728136021644
epoch55  rel.Train: 0.0159167849868536  rel.Test: 0.023676768168807028  abs.Test: 0.00016208897868636997  abs.TestBoundary: 0j  time: 11.989598930813372
epoch56  rel.Train: 0.017421254709362982  rel.Test: 0.018624801971018314  abs.Test: 0.00012670786265516653  abs.TestBoundary: 0j  time: 11.99522031005472
epoch57  rel.Train: 0.017049290806055068  rel.Test: 0.017418158762156962  abs.Test: 0.00011801224260125309  abs.TestBoundary: 0j  time: 11.996488532982767
epoch58  rel.Train: 0.016652226530015468  rel.Test: 0.019729876071214677  abs.Test: 0.00013293231982970612  abs.TestBoundary: 0j  time: 11.99783888598904
epoch59  rel.Train: 0.016462685570120813  rel.Test: 0.019561797305941583  abs.Test: 0.00013163467781851068  abs.TestBoundary: 0j  time: 12.004629584029317
epoch60  rel.Train: 0.017503326915204526  rel.Test: 0.02263923667371273  abs.Test: 0.00015406904596602545  abs.TestBoundary: 0j  time: 11.995024472940713
epoch61  rel.Train: 0.01791041723638773  rel.Test: 0.022606188878417015  abs.Test: 0.00015283559449017048  abs.TestBoundary: 0j  time: 12.005265736021101
epoch62  rel.Train: 0.01751499368995428  rel.Test: 0.020263366997241974  abs.Test: 0.00013680875243153424  abs.TestBoundary: 0j  time: 12.007903034798801
epoch63  rel.Train: 0.015643172211945056  rel.Test: 0.01831123888492584  abs.Test: 0.0001238899800227955  abs.TestBoundary: 0j  time: 11.999843348748982
epoch64  rel.Train: 0.016366971783339977  rel.Test: 0.018409311845898627  abs.Test: 0.00012476260075345636  abs.TestBoundary: 0j  time: 12.02128735370934
epoch65  rel.Train: 0.018995263889431954  rel.Test: 0.022106899693608285  abs.Test: 0.0001502522372175008  abs.TestBoundary: 0j  time: 12.111412136349827
epoch66  rel.Train: 0.01703827567398548  rel.Test: 0.01929265886545181  abs.Test: 0.00013054512441158296  abs.TestBoundary: 0j  time: 12.124592910986394
epoch67  rel.Train: 0.016189509361982345  rel.Test: 0.01733460284769535  abs.Test: 0.00011723259900463745  abs.TestBoundary: 0j  time: 12.03960181074217
epoch68  rel.Train: 0.015827760502696037  rel.Test: 0.017794785760343074  abs.Test: 0.00012081468012183904  abs.TestBoundary: 0j  time: 11.985796431079507
epoch69  rel.Train: 0.015295001290738583  rel.Test: 0.0171206296607852  abs.Test: 0.00011580058460822329  abs.TestBoundary: 0j  time: 11.93895153934136
epoch70  rel.Train: 0.016736872255802154  rel.Test: 0.02077633298933506  abs.Test: 0.00014022505871253088  abs.TestBoundary: 0j  time: 11.907030719798058
epoch71  rel.Train: 0.0172931292578578  rel.Test: 0.017795045301318167  abs.Test: 0.00012031991558615118  abs.TestBoundary: 0j  time: 11.896736959926784
epoch72  rel.Train: 0.016159129470586776  rel.Test: 0.019833966344594955  abs.Test: 0.00013542425702326  abs.TestBoundary: 0j  time: 11.888161945156753
epoch73  rel.Train: 0.01741411467641592  rel.Test: 0.02666799269616604  abs.Test: 0.00018192560819443315  abs.TestBoundary: 0j  time: 11.898971626069397
epoch74  rel.Train: 0.01825925675779581  rel.Test: 0.021350023075938224  abs.Test: 0.00014238980802474543  abs.TestBoundary: 0j  time: 11.918017289135605
epoch75  rel.Train: 0.01714577054232359  rel.Test: 0.020481488853693008  abs.Test: 0.00013846946269040927  abs.TestBoundary: 0j  time: 11.937322951387614
epoch76  rel.Train: 0.016806037731468677  rel.Test: 0.017664090394973755  abs.Test: 0.0001194793454487808  abs.TestBoundary: 0j  time: 11.95485967118293
epoch77  rel.Train: 0.015481825433671475  rel.Test: 0.016625201888382436  abs.Test: 0.00011259346472797916  abs.TestBoundary: 0j  time: 11.98673419514671
epoch78  rel.Train: 0.0177228524312377  rel.Test: 0.020941846892237662  abs.Test: 0.00014057013322599232  abs.TestBoundary: 0j  time: 12.014500174671412
epoch79  rel.Train: 0.01643838933855295  rel.Test: 0.01855843398720026  abs.Test: 0.00012564278120407834  abs.TestBoundary: 0j  time: 12.046360354870558
epoch80  rel.Train: 0.015206867150962353  rel.Test: 0.0177044316008687  abs.Test: 0.00012062719790264964  abs.TestBoundary: 0j  time: 12.090046517085284
epoch81  rel.Train: 0.01661328437179327  rel.Test: 0.01935595165938139  abs.Test: 0.00013233488338300958  abs.TestBoundary: 0j  time: 12.119261184241623
epoch82  rel.Train: 0.016092550925910474  rel.Test: 0.017760975770652294  abs.Test: 0.00012010443781036884  abs.TestBoundary: 0j  time: 12.004727295134217
epoch83  rel.Train: 0.015884685300290583  rel.Test: 0.019007669612765312  abs.Test: 0.00012793721252819524  abs.TestBoundary: 0j  time: 11.94935927260667
epoch84  rel.Train: 0.015165642619132995  rel.Test: 0.017122205756604673  abs.Test: 0.00011614328890573233  abs.TestBoundary: 0j  time: 11.931183619890362
epoch85  rel.Train: 0.0154456734508276  rel.Test: 0.018138484433293342  abs.Test: 0.0001226003997726366  abs.TestBoundary: 0j  time: 11.921681773848832
epoch86  rel.Train: 0.01731537915021181  rel.Test: 0.01744729921221733  abs.Test: 0.00011776900006225332  abs.TestBoundary: 0j  time: 11.94850932015106
epoch87  rel.Train: 0.015566509783267974  rel.Test: 0.01967601362615824  abs.Test: 0.00013152391416952015  abs.TestBoundary: 0j  time: 11.930267005227506
epoch88  rel.Train: 0.015853197492659094  rel.Test: 0.016865872591733933  abs.Test: 0.00011441717622801662  abs.TestBoundary: 0j  time: 11.97644300526008
epoch89  rel.Train: 0.01693034578859806  rel.Test: 0.017835262939333917  abs.Test: 0.0001206048612948507  abs.TestBoundary: 0j  time: 11.948953235056251
epoch90  rel.Train: 0.016457023181021213  rel.Test: 0.018741158843040465  abs.Test: 0.00012644378934055565  abs.TestBoundary: 0j  time: 11.98506909282878
epoch91  rel.Train: 0.016496791660785676  rel.Test: 0.01947024144232273  abs.Test: 0.00013088895939290525  abs.TestBoundary: 0j  time: 11.990612670313567
epoch92  rel.Train: 0.015872110307216643  rel.Test: 0.01858466923236847  abs.Test: 0.00012599959474755452  abs.TestBoundary: 0j  time: 12.001725956331939
epoch93  rel.Train: 0.01616714219748974  rel.Test: 0.01849270597100258  abs.Test: 0.0001244626278639771  abs.TestBoundary: 0j  time: 12.01183143723756
epoch94  rel.Train: 0.015130540862679481  rel.Test: 0.01762999553233385  abs.Test: 0.00011998692993074656  abs.TestBoundary: 0j  time: 12.031038620043546
epoch95  rel.Train: 0.015530633255839348  rel.Test: 0.016770998425781728  abs.Test: 0.000113309909356758  abs.TestBoundary: 0j  time: 12.022004970815033
epoch96  rel.Train: 0.014928042270243167  rel.Test: 0.019356630221009256  abs.Test: 0.00013041802361840382  abs.TestBoundary: 0j  time: 11.989356003236026
epoch97  rel.Train: 0.014340615458786487  rel.Test: 0.01566535424441099  abs.Test: 0.00010613599501084536  abs.TestBoundary: 0j  time: 12.004533676896244
epoch98  rel.Train: 0.01596629462391138  rel.Test: 0.01731207314878702  abs.Test: 0.00011742970469640568  abs.TestBoundary: 0j  time: 11.958775138948113
epoch99  rel.Train: 0.0144229651466012  rel.Test: 0.02109247550368309  abs.Test: 0.000141542102501262  abs.TestBoundary: 0j  time: 11.958512490149587
epoch100  rel.Train: 0.01667066039890051  rel.Test: 0.020135132297873497  abs.Test: 0.00013623825332615525  abs.TestBoundary: 0j  time: 11.981903983745724
epoch101  rel.Train: 0.015398845516145229  rel.Test: 0.01549902580678463  abs.Test: 0.00010489653912372888  abs.TestBoundary: 0j  time: 11.964185365010053
epoch102  rel.Train: 0.015468127451837062  rel.Test: 0.01843654528260231  abs.Test: 0.00012547714868560433  abs.TestBoundary: 0j  time: 11.96869414485991
epoch103  rel.Train: 0.01483461055904627  rel.Test: 0.016441362164914607  abs.Test: 0.00011064804391935467  abs.TestBoundary: 0j  time: 11.994890313129872
epoch104  rel.Train: 0.014370262928307056  rel.Test: 0.019385743588209152  abs.Test: 0.00013135096844052896  abs.TestBoundary: 0j  time: 11.992839512880892
epoch105  rel.Train: 0.0158055219873786  rel.Test: 0.01977150745689869  abs.Test: 0.0001342489186208695  abs.TestBoundary: 0j  time: 12.002861408051103
epoch106  rel.Train: 0.015360728792846202  rel.Test: 0.01765765491873026  abs.Test: 0.00011850892391521484  abs.TestBoundary: 0j  time: 12.02979923132807
epoch107  rel.Train: 0.015448420509696007  rel.Test: 0.016658583618700505  abs.Test: 0.0001125305995810777  abs.TestBoundary: 0j  time: 12.028176741208881
epoch108  rel.Train: 0.014847249008715153  rel.Test: 0.017651929184794427  abs.Test: 0.00011943689692998304  abs.TestBoundary: 0j  time: 12.063403758686036
epoch109  rel.Train: 0.014260149836540222  rel.Test: 0.018672535195946693  abs.Test: 0.00012580998562043534  abs.TestBoundary: 0j  time: 12.033494415227324
epoch110  rel.Train: 0.013339782275259495  rel.Test: 0.017054376676678657  abs.Test: 0.0001161244316608645  abs.TestBoundary: 0j  time: 12.012846732977778
epoch111  rel.Train: 0.014210480220615863  rel.Test: 0.01608130019158125  abs.Test: 0.00010884734510909765  abs.TestBoundary: 0j  time: 11.957549289334565
epoch112  rel.Train: 0.014492267616093159  rel.Test: 0.018839672803878785  abs.Test: 0.00012755424744682387  abs.TestBoundary: 0j  time: 11.968591657001525
epoch113  rel.Train: 0.014662120565772057  rel.Test: 0.0169795922935009  abs.Test: 0.00011461803369456902  abs.TestBoundary: 0j  time: 11.964380466844887
epoch114  rel.Train: 0.015297238111495972  rel.Test: 0.01990451991558075  abs.Test: 0.00013461700960760937  abs.TestBoundary: 0j  time: 11.972027975134552
epoch115  rel.Train: 0.014435618743300438  rel.Test: 0.015652463510632514  abs.Test: 0.00010632221208652482  abs.TestBoundary: 0j  time: 11.963026768062264
epoch116  rel.Train: 0.014175789438188076  rel.Test: 0.018230825178325177  abs.Test: 0.00012291071412619205  abs.TestBoundary: 0j  time: 12.00032766815275
epoch117  rel.Train: 0.013648774564266206  rel.Test: 0.019021111205220223  abs.Test: 0.0001293412342783995  abs.TestBoundary: 0j  time: 11.998784401919693
epoch118  rel.Train: 0.015189420841634273  rel.Test: 0.01927062086760998  abs.Test: 0.00012974996963748708  abs.TestBoundary: 0j  time: 12.012711767107248
epoch119  rel.Train: 0.013910412378609181  rel.Test: 0.016641722731292247  abs.Test: 0.00011345819511916488  abs.TestBoundary: 0j  time: 12.019767452962697
epoch120  rel.Train: 0.01489555874466896  rel.Test: 0.017403223402798176  abs.Test: 0.00011749840807169676  abs.TestBoundary: 0j  time: 12.062187117990106
epoch121  rel.Train: 0.013555755540728569  rel.Test: 0.015422307252883911  abs.Test: 0.00010438511351821944  abs.TestBoundary: 0j  time: 12.065907753072679
epoch122  rel.Train: 0.01365712122619152  rel.Test: 0.018643575236201287  abs.Test: 0.0001266870493418537  abs.TestBoundary: 0j  time: 12.057766633108258
epoch123  rel.Train: 0.013620268404483795  rel.Test: 0.01792103722691536  abs.Test: 0.00012074214319000021  abs.TestBoundary: 0j  time: 12.040389494039118
epoch124  rel.Train: 0.01364908552914858  rel.Test: 0.020012242533266545  abs.Test: 0.0001376501319464296  abs.TestBoundary: 0j  time: 11.981187297031283
epoch125  rel.Train: 0.014761530496180057  rel.Test: 0.015447732284665108  abs.Test: 0.00010462967213243247  abs.TestBoundary: 0j  time: 11.981549226213247
epoch126  rel.Train: 0.013896608300507068  rel.Test: 0.017599275670945644  abs.Test: 0.00011994160537142307  abs.TestBoundary: 0j  time: 11.959106366615742
epoch127  rel.Train: 0.013442726954817772  rel.Test: 0.01531224574893713  abs.Test: 0.00010350568511057644  abs.TestBoundary: 0j  time: 11.953062435146421
epoch128  rel.Train: 0.013250140905380249  rel.Test: 0.015803535021841526  abs.Test: 0.00010685148154152558  abs.TestBoundary: 0j  time: 11.964889457914978
epoch129  rel.Train: 0.01422969964146614  rel.Test: 0.017561508491635323  abs.Test: 0.00011873493291204795  abs.TestBoundary: 0j  time: 11.96216993406415
epoch130  rel.Train: 0.01364926166832447  rel.Test: 0.016995301358401774  abs.Test: 0.0001156223870930262  abs.TestBoundary: 0j  time: 11.980266103055328
epoch131  rel.Train: 0.013788188017904759  rel.Test: 0.015601968690752983  abs.Test: 0.00010588629491394386  abs.TestBoundary: 0j  time: 12.070007193367928
epoch132  rel.Train: 0.013542757526040077  rel.Test: 0.018335675224661827  abs.Test: 0.00012250851752469317  abs.TestBoundary: 0j  time: 12.187732081860304
epoch133  rel.Train: 0.013472423858940602  rel.Test: 0.014996681585907936  abs.Test: 0.00010164184728637337  abs.TestBoundary: 0j  time: 12.11017846269533
epoch134  rel.Train: 0.01352967917174101  rel.Test: 0.018612079694867133  abs.Test: 0.00012580677401274442  abs.TestBoundary: 0j  time: 11.988165778107941
epoch135  rel.Train: 0.013687002129852771  rel.Test: 0.017130980901420116  abs.Test: 0.00011727034958312287  abs.TestBoundary: 0j  time: 11.93443483998999
epoch136  rel.Train: 0.0138765939027071  rel.Test: 0.015168173722922802  abs.Test: 0.00010318564134649933  abs.TestBoundary: 0j  time: 11.911571005824953
epoch137  rel.Train: 0.013626107804477214  rel.Test: 0.017392184101045132  abs.Test: 0.00011732400278560817  abs.TestBoundary: 0j  time: 11.922885018400848
epoch138  rel.Train: 0.013979554049670696  rel.Test: 0.019310140907764436  abs.Test: 0.00013191879290388897  abs.TestBoundary: 0j  time: 11.895720119122416
epoch139  rel.Train: 0.013017221257090568  rel.Test: 0.016054280921816825  abs.Test: 0.00010882069822400809  abs.TestBoundary: 0j  time: 11.93124235374853
epoch140  rel.Train: 0.012725733458995818  rel.Test: 0.01550735678523779  abs.Test: 0.00010503686935408041  abs.TestBoundary: 0j  time: 11.928139702882618
epoch141  rel.Train: 0.012898591816425324  rel.Test: 0.018033305071294307  abs.Test: 0.0001233509465237148  abs.TestBoundary: 0j  time: 11.944221533834934
epoch142  rel.Train: 0.013508809588849544  rel.Test: 0.016190677843987943  abs.Test: 0.00010973979195114225  abs.TestBoundary: 0j  time: 11.974772575311363
epoch143  rel.Train: 0.014156565465033055  rel.Test: 0.016113557182252408  abs.Test: 0.00010928871954092756  abs.TestBoundary: 0j  time: 12.005290144123137
epoch144  rel.Train: 0.012871667705476285  rel.Test: 0.015043745301663875  abs.Test: 0.0001017544319620356  abs.TestBoundary: 0j  time: 12.07098792726174
epoch145  rel.Train: 0.012477197870612144  rel.Test: 0.015173885747790336  abs.Test: 0.00010262940370012075  abs.TestBoundary: 0j  time: 12.094971960876137
epoch146  rel.Train: 0.012803494267165661  rel.Test: 0.016727989464998247  abs.Test: 0.00011432343948399649  abs.TestBoundary: 0j  time: 12.067462102044374
epoch147  rel.Train: 0.013657181985676288  rel.Test: 0.017092008106410504  abs.Test: 0.00011499442072818056  abs.TestBoundary: 0j  time: 12.055946527980268
epoch148  rel.Train: 0.013280449755489827  rel.Test: 0.014629096835851669  abs.Test: 9.899913507979363e-05  abs.TestBoundary: 0j  time: 11.961591167841107
epoch149  rel.Train: 0.01324656754732132  rel.Test: 0.015547780469059944  abs.Test: 0.00010571156919468194  abs.TestBoundary: 0j  time: 11.978791998699307
epoch150  rel.Train: 0.012588827773928642  rel.Test: 0.014812530912458897  abs.Test: 0.00010046268726000562  abs.TestBoundary: 0j  time: 11.976550761144608
epoch151  rel.Train: 0.012559956267476082  rel.Test: 0.015484775565564633  abs.Test: 0.0001043583799037151  abs.TestBoundary: 0j  time: 11.9766734871082
epoch152  rel.Train: 0.012691985487937927  rel.Test: 0.014969954900443554  abs.Test: 0.00010133646050235257  abs.TestBoundary: 0j  time: 11.959534427151084
epoch153  rel.Train: 0.012734330706298352  rel.Test: 0.014817137904465198  abs.Test: 0.00010028579010395333  abs.TestBoundary: 0j  time: 11.97641429072246
epoch154  rel.Train: 0.012772289358079433  rel.Test: 0.014937591217458248  abs.Test: 0.00010118885373231024  abs.TestBoundary: 0j  time: 11.988093622028828
epoch155  rel.Train: 0.011998996749520301  rel.Test: 0.01484081543982029  abs.Test: 0.00010001554124755785  abs.TestBoundary: 0j  time: 12.005998154170811
epoch156  rel.Train: 0.01300544336438179  rel.Test: 0.0169401715695858  abs.Test: 0.00011493245576275512  abs.TestBoundary: 0j  time: 12.075337264221162
epoch157  rel.Train: 0.013707715883851052  rel.Test: 0.016411878056824206  abs.Test: 0.00011067953688325361  abs.TestBoundary: 0j  time: 12.077411700040102
epoch158  rel.Train: 0.012306370034813881  rel.Test: 0.015295448303222657  abs.Test: 0.00010368523420765996  abs.TestBoundary: 0j  time: 12.071006475947797
epoch159  rel.Train: 0.01243849565833807  rel.Test: 0.01357889037579298  abs.Test: 9.186280163703487e-05  abs.TestBoundary: 0j  time: 12.03256494924426
epoch160  rel.Train: 0.011648604169487953  rel.Test: 0.01462176103144884  abs.Test: 9.881480305921286e-05  abs.TestBoundary: 0j  time: 11.966228212229908
epoch161  rel.Train: 0.012439249403774739  rel.Test: 0.015831259861588478  abs.Test: 0.00010657145117875189  abs.TestBoundary: 0j  time: 11.950263801030815
epoch162  rel.Train: 0.012915015116333962  rel.Test: 0.01741354700177908  abs.Test: 0.00011668354622088373  abs.TestBoundary: 0j  time: 11.94792546890676
epoch163  rel.Train: 0.012031083352863788  rel.Test: 0.014205866120755672  abs.Test: 9.621353878173977e-05  abs.TestBoundary: 0j  time: 11.946378359105438
epoch164  rel.Train: 0.012117216870188713  rel.Test: 0.01720571342855692  abs.Test: 0.00011663653276627883  abs.TestBoundary: 0j  time: 11.955816654954106
epoch165  rel.Train: 0.011603631764650344  rel.Test: 0.014609345011413097  abs.Test: 9.923850768245757e-05  abs.TestBoundary: 0j  time: 11.950702473055571
epoch166  rel.Train: 0.012085708908736706  rel.Test: 0.015288650207221508  abs.Test: 0.0001029282991657965  abs.TestBoundary: 0j  time: 11.958384765777737
epoch167  rel.Train: 0.012106466762721538  rel.Test: 0.014809570014476777  abs.Test: 0.00010013929131673649  abs.TestBoundary: 0j  time: 11.969950863160193
epoch168  rel.Train: 0.011966105811297893  rel.Test: 0.013923569656908512  abs.Test: 9.436877386178821e-05  abs.TestBoundary: 0j  time: 11.97762043401599
epoch169  rel.Train: 0.011810597620904445  rel.Test: 0.014524687007069588  abs.Test: 9.814966411795467e-05  abs.TestBoundary: 0j  time: 12.029017409309745
epoch170  rel.Train: 0.01224102806299925  rel.Test: 0.013901554979383945  abs.Test: 9.41027604858391e-05  abs.TestBoundary: 0j  time: 11.995022394228727
epoch171  rel.Train: 0.01153674966841936  rel.Test: 0.016133390255272387  abs.Test: 0.00010905294388066978  abs.TestBoundary: 0j  time: 12.002714788075536
epoch172  rel.Train: 0.011803164519369603  rel.Test: 0.017480209171772003  abs.Test: 0.00011878202203661204  abs.TestBoundary: 0j  time: 11.996160462964326
epoch173  rel.Train: 0.012176913604140282  rel.Test: 0.01400494422763586  abs.Test: 9.495010832324624e-05  abs.TestBoundary: 0j  time: 12.024671610910445
epoch174  rel.Train: 0.011684372447431087  rel.Test: 0.017300339639186858  abs.Test: 0.00011907994805369526  abs.TestBoundary: 0j  time: 11.979666566941887
epoch175  rel.Train: 0.011521824292838573  rel.Test: 0.013934209607541562  abs.Test: 9.3941634404473e-05  abs.TestBoundary: 0j  time: 11.98337583662942
epoch176  rel.Train: 0.011627978466451168  rel.Test: 0.0161271445825696  abs.Test: 0.00010852238454390318  abs.TestBoundary: 0j  time: 11.97618167521432
epoch177  rel.Train: 0.011175621286034583  rel.Test: 0.015105936862528323  abs.Test: 0.00010256255482090637  abs.TestBoundary: 0j  time: 11.974046954885125
epoch178  rel.Train: 0.011563647501170636  rel.Test: 0.014860852770507336  abs.Test: 0.00010053983307443559  abs.TestBoundary: 0j  time: 11.971371917054057
epoch179  rel.Train: 0.012149626083672047  rel.Test: 0.013598305620253087  abs.Test: 9.198971238220111e-05  abs.TestBoundary: 0j  time: 11.967704226728529
epoch180  rel.Train: 0.01145010257512331  rel.Test: 0.014640534818172455  abs.Test: 9.859013545792549e-05  abs.TestBoundary: 0j  time: 11.961225269827992
epoch181  rel.Train: 0.011871574707329273  rel.Test: 0.013507855944335461  abs.Test: 9.127060999162495e-05  abs.TestBoundary: 0j  time: 11.96904929028824
epoch182  rel.Train: 0.011513611450791359  rel.Test: 0.014249612502753735  abs.Test: 9.605246159480885e-05  abs.TestBoundary: 0j  time: 11.960199982859194
epoch183  rel.Train: 0.010859044820070267  rel.Test: 0.013227604888379573  abs.Test: 8.966917404904961e-05  abs.TestBoundary: 0j  time: 11.961435336153954
epoch184  rel.Train: 0.011320802383124828  rel.Test: 0.013611289151012897  abs.Test: 9.223100089002401e-05  abs.TestBoundary: 0j  time: 11.998744753189385
epoch185  rel.Train: 0.01145681732147932  rel.Test: 0.012931246384978294  abs.Test: 8.761420176597312e-05  abs.TestBoundary: 0j  time: 11.974428021814674
epoch186  rel.Train: 0.011216367349028587  rel.Test: 0.016571684777736663  abs.Test: 0.00011173723672982306  abs.TestBoundary: 0j  time: 11.972417859826237
epoch187  rel.Train: 0.011012348406016826  rel.Test: 0.014377730078995227  abs.Test: 9.773691475857049e-05  abs.TestBoundary: 0j  time: 11.985569152981043
epoch188  rel.Train: 0.010493962317705155  rel.Test: 0.012982801534235477  abs.Test: 8.789140731096267e-05  abs.TestBoundary: 0j  time: 11.992888563778251
epoch189  rel.Train: 0.011004768460988999  rel.Test: 0.013238106817007066  abs.Test: 8.986237022327259e-05  abs.TestBoundary: 0j  time: 11.992736008018255
epoch190  rel.Train: 0.011310416430234909  rel.Test: 0.012937219329178334  abs.Test: 8.753385074669495e-05  abs.TestBoundary: 0j  time: 12.010507326107472
epoch191  rel.Train: 0.010647023908793926  rel.Test: 0.012869994789361953  abs.Test: 8.705797459697351e-05  abs.TestBoundary: 0j  time: 11.980058525223285
epoch192  rel.Train: 0.010850284203886985  rel.Test: 0.013955210596323013  abs.Test: 9.465881099458784e-05  abs.TestBoundary: 0j  time: 11.976797044742852
epoch193  rel.Train: 0.010857734151184559  rel.Test: 0.013209782540798187  abs.Test: 8.94070923095569e-05  abs.TestBoundary: 0j  time: 11.978474641684443
epoch194  rel.Train: 0.010720953069627285  rel.Test: 0.0131774378195405  abs.Test: 8.882625610567629e-05  abs.TestBoundary: 0j  time: 11.968139776028693
epoch195  rel.Train: 0.010571933515369893  rel.Test: 0.013959018886089325  abs.Test: 9.459853084990755e-05  abs.TestBoundary: 0j  time: 11.96431341394782
epoch196  rel.Train: 0.010530850760638713  rel.Test: 0.013057125434279442  abs.Test: 8.815082255750895e-05  abs.TestBoundary: 0j  time: 11.957899783272296
epoch197  rel.Train: 0.011030073419213296  rel.Test: 0.014765641652047634  abs.Test: 9.992924053221941e-05  abs.TestBoundary: 0j  time: 11.962024816311896
epoch198  rel.Train: 0.011116910837590694  rel.Test: 0.013571392260491848  abs.Test: 9.167394164251163e-05  abs.TestBoundary: 0j  time: 11.962281457148492
epoch199  rel.Train: 0.01062920831143856  rel.Test: 0.013655388876795769  abs.Test: 9.215535072144122e-05  abs.TestBoundary: 0j  time: 11.972663392778486
epoch200  rel.Train: 0.010446915902197361  rel.Test: 0.012884581387043  abs.Test: 8.716821583220735e-05  abs.TestBoundary: 0j  time: 11.976999212987721
epoch201  rel.Train: 0.011492262333631516  rel.Test: 0.013484920263290406  abs.Test: 9.10212317830883e-05  abs.TestBoundary: 0j  time: 11.98117065615952
epoch202  rel.Train: 0.010812438055872918  rel.Test: 0.01327184721827507  abs.Test: 8.982828847365454e-05  abs.TestBoundary: 0j  time: 11.98131895903498
epoch203  rel.Train: 0.010992826737463475  rel.Test: 0.013647923059761525  abs.Test: 9.211967495502905e-05  abs.TestBoundary: 0j  time: 12.01081611495465
epoch204  rel.Train: 0.010619461625814439  rel.Test: 0.012787949815392495  abs.Test: 8.686347282491625e-05  abs.TestBoundary: 0j  time: 11.985294718760997
epoch205  rel.Train: 0.010520019978284835  rel.Test: 0.013562612012028694  abs.Test: 9.198772109812125e-05  abs.TestBoundary: 0j  time: 11.98319053137675
epoch206  rel.Train: 0.010110412307083606  rel.Test: 0.012879205271601676  abs.Test: 8.720189245650545e-05  abs.TestBoundary: 0j  time: 11.983932313043624
epoch207  rel.Train: 0.01036964713037014  rel.Test: 0.013851245120167732  abs.Test: 9.337911003967747e-05  abs.TestBoundary: 0j  time: 11.975995593704283
epoch208  rel.Train: 0.009793393030762673  rel.Test: 0.012786910571157932  abs.Test: 8.683374762767926e-05  abs.TestBoundary: 0j  time: 11.971281333826482
epoch209  rel.Train: 0.010233342699706554  rel.Test: 0.013511707857251167  abs.Test: 9.147965261945501e-05  abs.TestBoundary: 0j  time: 11.977243091911077
epoch210  rel.Train: 0.01055977713689208  rel.Test: 0.015258167013525963  abs.Test: 0.00010347904142690823  abs.TestBoundary: 0j  time: 11.968552973121405
epoch211  rel.Train: 0.010526022396981716  rel.Test: 0.012094219624996185  abs.Test: 8.169177250238136e-05  abs.TestBoundary: 0j  time: 11.996247633825988
epoch212  rel.Train: 0.010690067440271378  rel.Test: 0.012628492414951325  abs.Test: 8.529547631042078e-05  abs.TestBoundary: 0j  time: 11.961141218896955
epoch213  rel.Train: 0.010585064761340619  rel.Test: 0.014839967228472233  abs.Test: 0.00010081590851768852  abs.TestBoundary: 0j  time: 11.9917958737351
epoch214  rel.Train: 0.009877531729638577  rel.Test: 0.013338119350373745  abs.Test: 9.000088175525889e-05  abs.TestBoundary: 0j  time: 11.953649104107171
epoch215  rel.Train: 0.010305489018559455  rel.Test: 0.013151128552854061  abs.Test: 8.928591356379911e-05  abs.TestBoundary: 0j  time: 11.987033626064658
epoch216  rel.Train: 0.009978392835706472  rel.Test: 0.013620407693088055  abs.Test: 9.164477000012993e-05  abs.TestBoundary: 0j  time: 11.961389717180282
epoch217  rel.Train: 0.010645433068275452  rel.Test: 0.013691810257732868  abs.Test: 9.227622620528565e-05  abs.TestBoundary: 0j  time: 11.970801434013993
epoch218  rel.Train: 0.010081010475754737  rel.Test: 0.01248322058469057  abs.Test: 8.417740755248815e-05  abs.TestBoundary: 0j  time: 12.006788208149374
epoch219  rel.Train: 0.009321053344756365  rel.Test: 0.01259777843952179  abs.Test: 8.508661325322464e-05  abs.TestBoundary: 0j  time: 12.00527170393616
epoch220  rel.Train: 0.009484236638993025  rel.Test: 0.013482809066772461  abs.Test: 9.214512683684007e-05  abs.TestBoundary: 0j  time: 11.979744927026331
epoch221  rel.Train: 0.009320441089570522  rel.Test: 0.01249130766838789  abs.Test: 8.412834285991267e-05  abs.TestBoundary: 0j  time: 11.989743534009904
epoch222  rel.Train: 0.010147808842360974  rel.Test: 0.013163543902337552  abs.Test: 8.906987437512726e-05  abs.TestBoundary: 0j  time: 11.987260411027819
epoch223  rel.Train: 0.009957461923360824  rel.Test: 0.01305759109556675  abs.Test: 8.861797134159133e-05  abs.TestBoundary: 0j  time: 11.986179475206882
epoch224  rel.Train: 0.010613400086760521  rel.Test: 0.013195816837251186  abs.Test: 8.887672127457336e-05  abs.TestBoundary: 0j  time: 11.981096053961664
epoch225  rel.Train: 0.010583484463393689  rel.Test: 0.012999045960605145  abs.Test: 8.830636768834665e-05  abs.TestBoundary: 0j  time: 11.975537543185055
epoch226  rel.Train: 0.009684270523488522  rel.Test: 0.013210064619779588  abs.Test: 8.94796385546215e-05  abs.TestBoundary: 0j  time: 11.968639944680035
epoch227  rel.Train: 0.009484666794538498  rel.Test: 0.01275416612625122  abs.Test: 8.63962125731632e-05  abs.TestBoundary: 0j  time: 11.965279754251242
epoch228  rel.Train: 0.009722100891172886  rel.Test: 0.012673478536307813  abs.Test: 8.562592993257567e-05  abs.TestBoundary: 0j  time: 11.992079094052315
epoch229  rel.Train: 0.009591068960726262  rel.Test: 0.013184252306818961  abs.Test: 8.894684171536937e-05  abs.TestBoundary: 0j  time: 11.962149287108332
epoch230  rel.Train: 0.009600013110786676  rel.Test: 0.012537801451981068  abs.Test: 8.468964166240767e-05  abs.TestBoundary: 0j  time: 11.953515977133065
epoch231  rel.Train: 0.010257510736584664  rel.Test: 0.014139832481741905  abs.Test: 9.652341424953192e-05  abs.TestBoundary: 0j  time: 11.958708590827882
epoch232  rel.Train: 0.009388741828501225  rel.Test: 0.012414491139352321  abs.Test: 8.421494043432176e-05  abs.TestBoundary: 0j  time: 11.967573311179876
epoch233  rel.Train: 0.008888420466333627  rel.Test: 0.012143588289618493  abs.Test: 8.219628653023392e-05  abs.TestBoundary: 0j  time: 11.968051452189684
epoch234  rel.Train: 0.009798473097383976  rel.Test: 0.016691248677670956  abs.Test: 0.00011380100884707645  abs.TestBoundary: 0j  time: 11.97282452089712
epoch235  rel.Train: 0.010331737343221903  rel.Test: 0.012865073271095753  abs.Test: 8.700094273081049e-05  abs.TestBoundary: 0j  time: 11.988682455848902
epoch236  rel.Train: 0.009915004882961511  rel.Test: 0.012909284345805645  abs.Test: 8.718973549548537e-05  abs.TestBoundary: 0j  time: 11.9873052588664
epoch237  rel.Train: 0.009915625117719174  rel.Test: 0.012627744749188423  abs.Test: 8.585599396610633e-05  abs.TestBoundary: 0j  time: 12.01996240299195
epoch238  rel.Train: 0.009160130180418492  rel.Test: 0.011930034086108208  abs.Test: 8.065321861067787e-05  abs.TestBoundary: 0j  time: 11.99172571208328
epoch239  rel.Train: 0.009078437209129334  rel.Test: 0.011884565725922584  abs.Test: 8.017801796086133e-05  abs.TestBoundary: 0j  time: 12.0146040818654
epoch240  rel.Train: 0.009912871465086936  rel.Test: 0.014737265668809413  abs.Test: 9.883918828563764e-05  abs.TestBoundary: 0j  time: 12.012784867081791
epoch241  rel.Train: 0.009454548355191945  rel.Test: 0.011996015869081021  abs.Test: 8.103604370262473e-05  abs.TestBoundary: 0j  time: 11.980039627756923
epoch242  rel.Train: 0.008924479473382235  rel.Test: 0.011643124893307686  abs.Test: 7.879268552642316e-05  abs.TestBoundary: 0j  time: 11.970912504941225
epoch243  rel.Train: 0.008828680880367756  rel.Test: 0.011993968784809112  abs.Test: 8.098477381281555e-05  abs.TestBoundary: 0j  time: 11.974108392838389
epoch244  rel.Train: 0.009083747327327729  rel.Test: 0.012026694007217884  abs.Test: 8.138377277646214e-05  abs.TestBoundary: 0j  time: 11.973676655907184
epoch245  rel.Train: 0.008751204296946525  rel.Test: 0.012161378897726536  abs.Test: 8.219107781769708e-05  abs.TestBoundary: 0j  time: 11.967401910107583
epoch246  rel.Train: 0.009373661834746598  rel.Test: 0.012414785064756871  abs.Test: 8.44062288524583e-05  abs.TestBoundary: 0j  time: 11.971513299271464
epoch247  rel.Train: 0.00890860553830862  rel.Test: 0.012466990575194358  abs.Test: 8.394790929742158e-05  abs.TestBoundary: 0j  time: 11.99488706793636
epoch248  rel.Train: 0.009297737330198287  rel.Test: 0.015709936805069446  abs.Test: 0.00010706534725613892  abs.TestBoundary: 0j  time: 11.963829174172133
epoch249  rel.Train: 0.009232172690331936  rel.Test: 0.01180316176265478  abs.Test: 7.98334230785258e-05  abs.TestBoundary: 0j  time: 11.980311465915293
epoch250  rel.Train: 0.009221236016601323  rel.Test: 0.012437000572681427  abs.Test: 8.419126126682386e-05  abs.TestBoundary: 0j  time: 11.966934270225465
epoch251  rel.Train: 0.008721087977290154  rel.Test: 0.011949910037219524  abs.Test: 8.107128873234615e-05  abs.TestBoundary: 0j  time: 11.973789043724537
epoch252  rel.Train: 0.009207166388630866  rel.Test: 0.013040571436285973  abs.Test: 8.849619829561562e-05  abs.TestBoundary: 0j  time: 11.973122490104288
epoch253  rel.Train: 0.008514386177062988  rel.Test: 0.012223926894366742  abs.Test: 8.275497501017526e-05  abs.TestBoundary: 0j  time: 11.98883748287335
epoch254  rel.Train: 0.008669289290904998  rel.Test: 0.012249772734940052  abs.Test: 8.299806155264378e-05  abs.TestBoundary: 0j  time: 12.01198085816577
epoch255  rel.Train: 0.008714506153017283  rel.Test: 0.011271891854703427  abs.Test: 7.614470028784126e-05  abs.TestBoundary: 0j  time: 11.989898395258933
epoch256  rel.Train: 0.009035654086619615  rel.Test: 0.011704745851457119  abs.Test: 7.925237499875948e-05  abs.TestBoundary: 0j  time: 11.984610368032008
epoch257  rel.Train: 0.008701695699244737  rel.Test: 0.01346903532743454  abs.Test: 9.096193505683914e-05  abs.TestBoundary: 0j  time: 11.972468181047589
epoch258  rel.Train: 0.008672839280217885  rel.Test: 0.012732529677450657  abs.Test: 8.611495431978255e-05  abs.TestBoundary: 0j  time: 11.968842953909189
epoch259  rel.Train: 0.008723758522421122  rel.Test: 0.012548884004354477  abs.Test: 8.55083655915223e-05  abs.TestBoundary: 0j  time: 11.964240586850792
epoch260  rel.Train: 0.009339610479772092  rel.Test: 0.014880553893744946  abs.Test: 0.00010050585959106684  abs.TestBoundary: 0j  time: 11.964718593750149
epoch261  rel.Train: 0.009125018782913686  rel.Test: 0.0121244603022933  abs.Test: 8.229826897149906e-05  abs.TestBoundary: 0j  time: 11.963293854147196
epoch262  rel.Train: 0.008198268067091704  rel.Test: 0.01162594996392727  abs.Test: 7.886345527367666e-05  abs.TestBoundary: 0j  time: 11.968712238129228
epoch263  rel.Train: 0.008549253966659308  rel.Test: 0.01262610860168934  abs.Test: 8.60694091534242e-05  abs.TestBoundary: 0j  time: 11.968296575825661
epoch264  rel.Train: 0.008795900441706181  rel.Test: 0.013408144228160382  abs.Test: 9.153428924037144e-05  abs.TestBoundary: 0j  time: 11.985023368149996
epoch265  rel.Train: 0.008330365221947432  rel.Test: 0.011625323444604874  abs.Test: 7.840053061954678e-05  abs.TestBoundary: 0j  time: 11.974226519931108
epoch266  rel.Train: 0.007917958058416844  rel.Test: 0.01129304300993681  abs.Test: 7.624351099366322e-05  abs.TestBoundary: 0j  time: 11.991924304980785
epoch267  rel.Train: 0.008403646744787692  rel.Test: 0.012195150256156922  abs.Test: 8.26358373160474e-05  abs.TestBoundary: 0j  time: 12.002467529382557
epoch268  rel.Train: 0.008442209657281638  rel.Test: 0.011557390429079533  abs.Test: 7.83020346716512e-05  abs.TestBoundary: 0j  time: 11.993963602930307
epoch269  rel.Train: 0.007876097541302442  rel.Test: 0.011608239561319351  abs.Test: 7.828430301742628e-05  abs.TestBoundary: 0j  time: 11.99367906479165
epoch270  rel.Train: 0.007685005359351635  rel.Test: 0.011508507765829562  abs.Test: 7.822079933248461e-05  abs.TestBoundary: 0j  time: 11.989282261114568
epoch271  rel.Train: 0.008072524931281804  rel.Test: 0.012008006162941455  abs.Test: 8.07903942768462e-05  abs.TestBoundary: 0j  time: 11.983082571066916
epoch272  rel.Train: 0.008403761472553015  rel.Test: 0.01491415686905384  abs.Test: 0.0001021641879924573  abs.TestBoundary: 0j  time: 11.972603844013065
epoch273  rel.Train: 0.008629265855997801  rel.Test: 0.011721774861216545  abs.Test: 7.95999466208741e-05  abs.TestBoundary: 0j  time: 11.970281382091343
epoch274  rel.Train: 0.008830526605248452  rel.Test: 0.012482123561203479  abs.Test: 8.44108875025995e-05  abs.TestBoundary: 0j  time: 11.968548092991114
epoch275  rel.Train: 0.008033020291477441  rel.Test: 0.01174488127231598  abs.Test: 7.932245673146098e-05  abs.TestBoundary: 0j  time: 11.968478288967162
epoch276  rel.Train: 0.007850649494677783  rel.Test: 0.011112490966916085  abs.Test: 7.501867570681497e-05  abs.TestBoundary: 0j  time: 11.962636738084257
epoch277  rel.Train: 0.008060789640992879  rel.Test: 0.011892429068684578  abs.Test: 8.016431675059721e-05  abs.TestBoundary: 0j  time: 11.98615066241473
epoch278  rel.Train: 0.008549376588314771  rel.Test: 0.011672483757138252  abs.Test: 7.904528436483815e-05  abs.TestBoundary: 0j  time: 11.969119928777218
epoch279  rel.Train: 0.008056672908365727  rel.Test: 0.011333655714988709  abs.Test: 7.68353047897108e-05  abs.TestBoundary: 0j  time: 11.97520222980529
epoch280  rel.Train: 0.007928692888468505  rel.Test: 0.011811500154435635  abs.Test: 7.96505605103448e-05  abs.TestBoundary: 0j  time: 11.97906421823427
epoch281  rel.Train: 0.008092971321195365  rel.Test: 0.01168227706104517  abs.Test: 7.893072383012623e-05  abs.TestBoundary: 0j  time: 11.981161116156727
epoch282  rel.Train: 0.007972257975488901  rel.Test: 0.011178517527878285  abs.Test: 7.565107836853712e-05  abs.TestBoundary: 0j  time: 11.976833309046924
epoch283  rel.Train: 0.00811062254756689  rel.Test: 0.012329167872667312  abs.Test: 8.324604772496968e-05  abs.TestBoundary: 0j  time: 11.978466376196593
epoch284  rel.Train: 0.008133074928075076  rel.Test: 0.012217623330652714  abs.Test: 8.29015948693268e-05  abs.TestBoundary: 0j  time: 12.01194088999182
epoch285  rel.Train: 0.007494094546884298  rel.Test: 0.0112881451100111  abs.Test: 7.635332207428291e-05  abs.TestBoundary: 0j  time: 11.987537172157317
epoch286  rel.Train: 0.0075025282613933085  rel.Test: 0.012138334289193153  abs.Test: 8.212162822019309e-05  abs.TestBoundary: 0j  time: 11.98129895562306
epoch287  rel.Train: 0.007866116862744093  rel.Test: 0.011427160464227199  abs.Test: 7.737513136817142e-05  abs.TestBoundary: 0j  time: 11.976832209154963
epoch288  rel.Train: 0.00781443452090025  rel.Test: 0.01116826429963112  abs.Test: 7.536347722634673e-05  abs.TestBoundary: 0j  time: 11.983108732383698
epoch289  rel.Train: 0.007414805840700865  rel.Test: 0.011703233867883682  abs.Test: 7.943262447952292e-05  abs.TestBoundary: 0j  time: 11.976351158693433
epoch290  rel.Train: 0.007139319520443678  rel.Test: 0.011158688887953759  abs.Test: 7.555819844128564e-05  abs.TestBoundary: 0j  time: 11.997982583008707
epoch291  rel.Train: 0.007483555506914854  rel.Test: 0.010959603637456895  abs.Test: 7.410832578898408e-05  abs.TestBoundary: 0j  time: 11.97172510297969
epoch292  rel.Train: 0.007257718030363321  rel.Test: 0.011143005229532718  abs.Test: 7.560059457318857e-05  abs.TestBoundary: 0j  time: 11.994104284793139
epoch293  rel.Train: 0.007596758481115103  rel.Test: 0.011554956138134002  abs.Test: 7.792145945131779e-05  abs.TestBoundary: 0j  time: 11.961348230950534
epoch294  rel.Train: 0.008131405994296074  rel.Test: 0.011317841038107871  abs.Test: 7.649006074643694e-05  abs.TestBoundary: 0j  time: 11.995691212359816
epoch295  rel.Train: 0.0076109088473021985  rel.Test: 0.011412548571825028  abs.Test: 7.740865868981927e-05  abs.TestBoundary: 0j  time: 11.963434211909771
epoch296  rel.Train: 0.007205115418881178  rel.Test: 0.011021027900278568  abs.Test: 7.466389768524096e-05  abs.TestBoundary: 0j  time: 11.955129135865718
epoch297  rel.Train: 0.0069700064547359945  rel.Test: 0.010912636257708073  abs.Test: 7.37340138584841e-05  abs.TestBoundary: 0j  time: 11.959872401319444
epoch298  rel.Train: 0.007465413380414248  rel.Test: 0.011248148269951344  abs.Test: 7.621029144502244e-05  abs.TestBoundary: 0j  time: 11.967422890942544
epoch299  rel.Train: 0.007505411561578512  rel.Test: 0.010873134769499302  abs.Test: 7.364633973338641e-05  abs.TestBoundary: 0j  time: 11.97083374997601
epoch300  rel.Train: 0.007498970989137888  rel.Test: 0.011624739468097688  abs.Test: 7.848327019019052e-05  abs.TestBoundary: 0j  time: 11.974649182986468
epoch301  rel.Train: 0.007361701868474483  rel.Test: 0.011066745221614837  abs.Test: 7.490911899367347e-05  abs.TestBoundary: 0j  time: 11.989189336076379
epoch302  rel.Train: 0.007418691881000996  rel.Test: 0.010909889973700047  abs.Test: 7.378651614999399e-05  abs.TestBoundary: 0j  time: 11.982651055790484
epoch303  rel.Train: 0.007510953240096569  rel.Test: 0.011698986776173115  abs.Test: 7.93650868581608e-05  abs.TestBoundary: 0j  time: 11.983513318002224
epoch304  rel.Train: 0.007204776860773563  rel.Test: 0.010669512115418911  abs.Test: 7.215628822450526e-05  abs.TestBoundary: 0j  time: 12.009985668119043
epoch305  rel.Train: 0.007362089652568102  rel.Test: 0.010893303342163563  abs.Test: 7.386914730886929e-05  abs.TestBoundary: 0j  time: 11.9686019141227
epoch306  rel.Train: 0.007003533452749252  rel.Test: 0.010951788909733296  abs.Test: 7.396848886855877e-05  abs.TestBoundary: 0j  time: 12.006811672821641
epoch307  rel.Train: 0.006974366173148156  rel.Test: 0.01122743010520935  abs.Test: 7.59570812806487e-05  abs.TestBoundary: 0j  time: 11.971507581882179
epoch308  rel.Train: 0.006874989438802004  rel.Test: 0.011351365968585015  abs.Test: 7.671010491321794e-05  abs.TestBoundary: 0j  time: 11.99787054862827
epoch309  rel.Train: 0.006853717382997274  rel.Test: 0.01077677346765995  abs.Test: 7.272847753483802e-05  abs.TestBoundary: 0j  time: 11.970390552654862
epoch310  rel.Train: 0.006666576620191335  rel.Test: 0.011933858133852481  abs.Test: 8.122223080135882e-05  abs.TestBoundary: 0j  time: 11.987230028957129
epoch311  rel.Train: 0.0069508300870656965  rel.Test: 0.011351391449570656  abs.Test: 7.685663673328236e-05  abs.TestBoundary: 0j  time: 11.964572919998318
epoch312  rel.Train: 0.0069215760342776775  rel.Test: 0.010828296318650246  abs.Test: 7.312289118999616e-05  abs.TestBoundary: 0j  time: 11.959721521940082
epoch313  rel.Train: 0.00686680931225419  rel.Test: 0.011309096366167068  abs.Test: 7.627954968484119e-05  abs.TestBoundary: 0j  time: 11.95806382689625
epoch314  rel.Train: 0.006904378354549408  rel.Test: 0.011197433993220329  abs.Test: 7.605744220199995e-05  abs.TestBoundary: 0j  time: 11.970829761587083
epoch315  rel.Train: 0.006931386470794678  rel.Test: 0.011104854419827462  abs.Test: 7.49267813807819e-05  abs.TestBoundary: 0j  time: 11.976628311909735
epoch316  rel.Train: 0.006999935790896416  rel.Test: 0.011230338476598262  abs.Test: 7.613781621330417e-05  abs.TestBoundary: 0j  time: 11.978641840163618
epoch317  rel.Train: 0.006841605715453625  rel.Test: 0.010929712951183319  abs.Test: 7.4193306354573e-05  abs.TestBoundary: 0j  time: 11.987163221929222
epoch318  rel.Train: 0.006612592786550522  rel.Test: 0.011110719703137874  abs.Test: 7.5496488425415e-05  abs.TestBoundary: 0j  time: 11.990865408908576
epoch319  rel.Train: 0.006536973938345909  rel.Test: 0.010592373944818973  abs.Test: 7.17504347267095e-05  abs.TestBoundary: 0j  time: 11.98902005981654
epoch320  rel.Train: 0.006479133877903223  rel.Test: 0.01051035039126873  abs.Test: 7.11051220423542e-05  abs.TestBoundary: 0j  time: 11.982850158121437
epoch321  rel.Train: 0.0064614246524870396  rel.Test: 0.011156704984605312  abs.Test: 7.601260265801102e-05  abs.TestBoundary: 0j  time: 11.984039118979126
epoch322  rel.Train: 0.006374427482485771  rel.Test: 0.010714936126023531  abs.Test: 7.255873002577573e-05  abs.TestBoundary: 0j  time: 12.008675158023834
epoch323  rel.Train: 0.006468689642846585  rel.Test: 0.010856298767030238  abs.Test: 7.339581090491265e-05  abs.TestBoundary: 0j  time: 11.973751788958907
epoch324  rel.Train: 0.006626179106533527  rel.Test: 0.01091326516121626  abs.Test: 7.399031761451625e-05  abs.TestBoundary: 0j  time: 11.964924579951912
epoch325  rel.Train: 0.0063435185365378855  rel.Test: 0.01116480078548193  abs.Test: 7.540822844021022e-05  abs.TestBoundary: 0j  time: 12.314002688974142
epoch326  rel.Train: 0.006954204645007849  rel.Test: 0.011017030030488968  abs.Test: 7.441407491569407e-05  abs.TestBoundary: 0j  time: 11.95899848593399
epoch327  rel.Train: 0.006930940549820661  rel.Test: 0.010715960115194321  abs.Test: 7.236684046802111e-05  abs.TestBoundary: 0j  time: 11.961534390226007
epoch328  rel.Train: 0.006477941241115332  rel.Test: 0.010866096392273903  abs.Test: 7.361077558016405e-05  abs.TestBoundary: 0j  time: 11.971214708406478
epoch329  rel.Train: 0.006470634248107672  rel.Test: 0.010661823377013206  abs.Test: 7.219187784357928e-05  abs.TestBoundary: 0j  time: 11.972773392219096
epoch330  rel.Train: 0.006185532297939062  rel.Test: 0.010634206868708133  abs.Test: 7.206699650851078e-05  abs.TestBoundary: 0j  time: 12.007871157955378
epoch331  rel.Train: 0.006273935005068779  rel.Test: 0.010817063637077809  abs.Test: 7.32928492652718e-05  abs.TestBoundary: 0j  time: 11.989538399036974
epoch332  rel.Train: 0.0060638258717954155  rel.Test: 0.010564102418720722  abs.Test: 7.148847929784096e-05  abs.TestBoundary: 0j  time: 11.990702668204904
epoch333  rel.Train: 0.006283688519150019  rel.Test: 0.010511061921715737  abs.Test: 7.122893905034289e-05  abs.TestBoundary: 0j  time: 11.985737842041999
epoch334  rel.Train: 0.006138139098882675  rel.Test: 0.01073607850819826  abs.Test: 7.295853924006223e-05  abs.TestBoundary: 0j  time: 11.986585028003901
epoch335  rel.Train: 0.005778139851987362  rel.Test: 0.010415962487459183  abs.Test: 7.038766911136918e-05  abs.TestBoundary: 0j  time: 11.979848911985755
epoch336  rel.Train: 0.005848314888775349  rel.Test: 0.01132580205798149  abs.Test: 7.639776260475627e-05  abs.TestBoundary: 0j  time: 12.013475772924721
epoch337  rel.Train: 0.006203661922365427  rel.Test: 0.010637689866125583  abs.Test: 7.205982401501388e-05  abs.TestBoundary: 0j  time: 11.96825307002291
epoch338  rel.Train: 0.006304436966776848  rel.Test: 0.010891611576080323  abs.Test: 7.353889450314454e-05  abs.TestBoundary: 0j  time: 11.975710413884372
epoch339  rel.Train: 0.006017854802310467  rel.Test: 0.010483917705714703  abs.Test: 7.098390778992325e-05  abs.TestBoundary: 0j  time: 11.964701991993934
epoch340  rel.Train: 0.005837308891117573  rel.Test: 0.010304793156683445  abs.Test: 6.976526085054502e-05  abs.TestBoundary: 0j  time: 11.972226216923445
epoch341  rel.Train: 0.006096657007932663  rel.Test: 0.010685109235346317  abs.Test: 7.235758035676553e-05  abs.TestBoundary: 0j  time: 11.970825233962387
epoch342  rel.Train: 0.006057500179857016  rel.Test: 0.010871262550354003  abs.Test: 7.366164645645767e-05  abs.TestBoundary: 0j  time: 12.000114595983177
epoch343  rel.Train: 0.005799127720296383  rel.Test: 0.010342726595699786  abs.Test: 7.011831330601126e-05  abs.TestBoundary: 0j  time: 11.964077096898109
epoch344  rel.Train: 0.006078760832548141  rel.Test: 0.010405543632805348  abs.Test: 7.030912325717509e-05  abs.TestBoundary: 0j  time: 12.000956975389272
epoch345  rel.Train: 0.00616642852127552  rel.Test: 0.010508535243570805  abs.Test: 7.125702992198057e-05  abs.TestBoundary: 0j  time: 11.976581615861505
epoch346  rel.Train: 0.006405182685703039  rel.Test: 0.011087812073528767  abs.Test: 7.49371905112639e-05  abs.TestBoundary: 0j  time: 11.98333238903433
epoch347  rel.Train: 0.0061108461394906045  rel.Test: 0.011098106317222118  abs.Test: 7.559838311863132e-05  abs.TestBoundary: 0j  time: 12.017601354047656
epoch348  rel.Train: 0.006006311476230621  rel.Test: 0.010662247575819492  abs.Test: 7.22737303294707e-05  abs.TestBoundary: 0j  time: 12.0214649210684
epoch349  rel.Train: 0.005553172215819359  rel.Test: 0.010422938354313373  abs.Test: 7.048774903523736e-05  abs.TestBoundary: 0j  time: 11.982364716939628
epoch350  rel.Train: 0.005566374287009239  rel.Test: 0.01021802492439747  abs.Test: 6.921574255102315e-05  abs.TestBoundary: 0j  time: 11.981349720153958
epoch351  rel.Train: 0.005479852233082056  rel.Test: 0.010492651127278804  abs.Test: 7.104407806764357e-05  abs.TestBoundary: 0j  time: 11.98265396989882
epoch352  rel.Train: 0.005615807425230742  rel.Test: 0.01108674380928278  abs.Test: 7.527661451604217e-05  abs.TestBoundary: 0j  time: 11.970260218717158
epoch353  rel.Train: 0.005634987201541662  rel.Test: 0.010297350212931633  abs.Test: 6.968162706471049e-05  abs.TestBoundary: 0j  time: 11.970491223968565
epoch354  rel.Train: 0.005662325657904148  rel.Test: 0.01045448824763298  abs.Test: 7.077985850628465e-05  abs.TestBoundary: 0j  time: 11.965860579628497
epoch355  rel.Train: 0.0055285669155418875  rel.Test: 0.01056852288544178  abs.Test: 7.174523547291756e-05  abs.TestBoundary: 0j  time: 11.969039949122816
epoch356  rel.Train: 0.005420266631990672  rel.Test: 0.010503049306571484  abs.Test: 7.122440816601738e-05  abs.TestBoundary: 0j  time: 11.968633922748268
epoch357  rel.Train: 0.0054105018489062785  rel.Test: 0.010425755083560943  abs.Test: 7.042062570690177e-05  abs.TestBoundary: 0j  time: 11.962088738568127
epoch358  rel.Train: 0.005601716857403517  rel.Test: 0.010337524265050888  abs.Test: 7.0028665359132e-05  abs.TestBoundary: 0j  time: 11.976586587261409
epoch359  rel.Train: 0.005499651283025741  rel.Test: 0.010335374847054482  abs.Test: 6.996322801569477e-05  abs.TestBoundary: 0j  time: 11.97206364898011
epoch360  rel.Train: 0.005356662604957819  rel.Test: 0.01032211009413004  abs.Test: 7.005341409239918e-05  abs.TestBoundary: 0j  time: 11.97597175417468
epoch361  rel.Train: 0.005289301685988903  rel.Test: 0.010499712489545345  abs.Test: 7.122098933905363e-05  abs.TestBoundary: 0j  time: 11.970851458143443
epoch362  rel.Train: 0.0052102491483092305  rel.Test: 0.010236447267234326  abs.Test: 6.915688049048185e-05  abs.TestBoundary: 0j  time: 11.978977842256427
epoch363  rel.Train: 0.005373392060399056  rel.Test: 0.010206886678934097  abs.Test: 6.911808959557675e-05  abs.TestBoundary: 0j  time: 11.982506263069808
epoch364  rel.Train: 0.005641485963016749  rel.Test: 0.010419331304728986  abs.Test: 7.056976508465596e-05  abs.TestBoundary: 0j  time: 11.973945327103138
epoch365  rel.Train: 0.005442670233547687  rel.Test: 0.010342054329812526  abs.Test: 7.011205059825442e-05  abs.TestBoundary: 0j  time: 11.973152176942676
epoch366  rel.Train: 0.005401997037231922  rel.Test: 0.010587992146611214  abs.Test: 7.187061448348685e-05  abs.TestBoundary: 0j  time: 11.9768844563514
epoch367  rel.Train: 0.005268237195909024  rel.Test: 0.010713550709187985  abs.Test: 7.28273653658107e-05  abs.TestBoundary: 0j  time: 11.976787677034736
epoch368  rel.Train: 0.00541529843211174  rel.Test: 0.010098366625607013  abs.Test: 6.831639708252623e-05  abs.TestBoundary: 0j  time: 11.97542633395642
epoch369  rel.Train: 0.005308311387896537  rel.Test: 0.010435931831598282  abs.Test: 7.041321819997392e-05  abs.TestBoundary: 0j  time: 11.968815287109464
epoch370  rel.Train: 0.005259877104312182  rel.Test: 0.010323577746748924  abs.Test: 6.989962785155512e-05  abs.TestBoundary: 0j  time: 11.972604041919112
epoch371  rel.Train: 0.005226414140313863  rel.Test: 0.010070583913475276  abs.Test: 6.821774382842705e-05  abs.TestBoundary: 0j  time: 11.968928509857506
epoch372  rel.Train: 0.0049887760616838936  rel.Test: 0.010209291353821754  abs.Test: 6.920474508660846e-05  abs.TestBoundary: 0j  time: 11.971309420652688
epoch373  rel.Train: 0.004895852461457253  rel.Test: 0.010316744595766068  abs.Test: 7.003845195868052e-05  abs.TestBoundary: 0j  time: 11.97649789787829
epoch374  rel.Train: 0.0050573012717068195  rel.Test: 0.01012856414541602  abs.Test: 6.866479146992788e-05  abs.TestBoundary: 0j  time: 11.964898701757193
epoch375  rel.Train: 0.0050361758209764955  rel.Test: 0.010034692659974098  abs.Test: 6.786974932765588e-05  abs.TestBoundary: 0j  time: 11.988709123805165
epoch376  rel.Train: 0.005058194436132908  rel.Test: 0.010213110856711864  abs.Test: 6.916128710145131e-05  abs.TestBoundary: 0j  time: 11.957816872745752
epoch377  rel.Train: 0.005200290963053703  rel.Test: 0.010228397399187088  abs.Test: 6.923778142663651e-05  abs.TestBoundary: 0j  time: 11.962638703174889
epoch378  rel.Train: 0.00511571716144681  rel.Test: 0.010007715262472629  abs.Test: 6.774557143216952e-05  abs.TestBoundary: 0j  time: 12.057206058874726
epoch379  rel.Train: 0.0049606489948928354  rel.Test: 0.010376112423837186  abs.Test: 7.035729096969589e-05  abs.TestBoundary: 0j  time: 11.967669096775353
epoch380  rel.Train: 0.004861867353320122  rel.Test: 0.00998473510146141  abs.Test: 6.758528179489076e-05  abs.TestBoundary: 0j  time: 11.970004631206393
epoch381  rel.Train: 0.00478876181691885  rel.Test: 0.010156843550503255  abs.Test: 6.874320373754017e-05  abs.TestBoundary: 0j  time: 11.972853287123144
epoch382  rel.Train: 0.004716648869216442  rel.Test: 0.010045329127460718  abs.Test: 6.816296896431594e-05  abs.TestBoundary: 0j  time: 11.973742104135454
epoch383  rel.Train: 0.004772298427298665  rel.Test: 0.010140123143792153  abs.Test: 6.876581581309438e-05  abs.TestBoundary: 0j  time: 11.976778822019696
epoch384  rel.Train: 0.004665977254509926  rel.Test: 0.010271355845034122  abs.Test: 6.969550682697445e-05  abs.TestBoundary: 0j  time: 11.982000458985567
epoch385  rel.Train: 0.00469908306747675  rel.Test: 0.00999184548854828  abs.Test: 6.77254180482123e-05  abs.TestBoundary: 0j  time: 11.991736895404756
epoch386  rel.Train: 0.004788093075156212  rel.Test: 0.01020601149648428  abs.Test: 6.932676624273881e-05  abs.TestBoundary: 0j  time: 12.01861636992544
epoch387  rel.Train: 0.00470823385566473  rel.Test: 0.010052808728069067  abs.Test: 6.806082121329381e-05  abs.TestBoundary: 0j  time: 11.986762309912592
epoch388  rel.Train: 0.004809997741132974  rel.Test: 0.010319251753389835  abs.Test: 7.004316299571655e-05  abs.TestBoundary: 0j  time: 11.983308935072273
epoch389  rel.Train: 0.004842105869203806  rel.Test: 0.010079885460436344  abs.Test: 6.830702943261713e-05  abs.TestBoundary: 0j  time: 11.965022086165845
epoch390  rel.Train: 0.004752713743597269  rel.Test: 0.009937890078872443  abs.Test: 6.729199274559506e-05  abs.TestBoundary: 0j  time: 11.968358173035085
epoch391  rel.Train: 0.004674250038340688  rel.Test: 0.00997771043330431  abs.Test: 6.761699070921167e-05  abs.TestBoundary: 0j  time: 11.967119182925671
epoch392  rel.Train: 0.004653405863791704  rel.Test: 0.009974633790552617  abs.Test: 6.756959497579373e-05  abs.TestBoundary: 0j  time: 11.997067816089839
epoch393  rel.Train: 0.004566099746152758  rel.Test: 0.009974755384027957  abs.Test: 6.753405716153793e-05  abs.TestBoundary: 0j  time: 11.9577715289779
epoch394  rel.Train: 0.004542139127850533  rel.Test: 0.010036100372672082  abs.Test: 6.802161908126437e-05  abs.TestBoundary: 0j  time: 11.960148837883025
epoch395  rel.Train: 0.004555941959843039  rel.Test: 0.010116805229336024  abs.Test: 6.860095600131899e-05  abs.TestBoundary: 0j  time: 11.975004526786506
epoch396  rel.Train: 0.0044749856442213055  rel.Test: 0.010030761305242776  abs.Test: 6.788147293264046e-05  abs.TestBoundary: 0j  time: 11.96823318907991
epoch397  rel.Train: 0.004542530737817288  rel.Test: 0.010040907077491284  abs.Test: 6.795153123675845e-05  abs.TestBoundary: 0j  time: 11.98012478929013
epoch398  rel.Train: 0.004464668404310942  rel.Test: 0.010014811679720879  abs.Test: 6.787538106436841e-05  abs.TestBoundary: 0j  time: 11.979610387701541
epoch399  rel.Train: 0.0044832383692264555  rel.Test: 0.010097058303654195  abs.Test: 6.849486264400184e-05  abs.TestBoundary: 0j  time: 11.984398263972253
epoch400  rel.Train: 0.00441083231754601  rel.Test: 0.00997641345486045  abs.Test: 6.762176926713436e-05  abs.TestBoundary: 0j  time: 11.981715827714652
epoch401  rel.Train: 0.00468396608158946  rel.Test: 0.010015199016779662  abs.Test: 6.774358713300899e-05  abs.TestBoundary: 0j  time: 12.013573229312897
epoch402  rel.Train: 0.004590723812580109  rel.Test: 0.010018924735486507  abs.Test: 6.781612697523087e-05  abs.TestBoundary: 0j  time: 11.975292616058141
epoch403  rel.Train: 0.004401917500421405  rel.Test: 0.010065716598182917  abs.Test: 6.831294667790644e-05  abs.TestBoundary: 0j  time: 11.975376470014453
epoch404  rel.Train: 0.004407058972865343  rel.Test: 0.009933267459273339  abs.Test: 6.731211266014725e-05  abs.TestBoundary: 0j  time: 11.97947452776134
epoch405  rel.Train: 0.004362174322828651  rel.Test: 0.010028992388397455  abs.Test: 6.793865308281966e-05  abs.TestBoundary: 0j  time: 11.995505822822452
epoch406  rel.Train: 0.004422718090936541  rel.Test: 0.009989021327346564  abs.Test: 6.766688587958925e-05  abs.TestBoundary: 0j  time: 11.953541207127273
epoch407  rel.Train: 0.004347477413713932  rel.Test: 0.00996963519603014  abs.Test: 6.751221022568643e-05  abs.TestBoundary: 0j  time: 11.964360617101192
epoch408  rel.Train: 0.0043314994648098945  rel.Test: 0.009935769364237785  abs.Test: 6.734596550813876e-05  abs.TestBoundary: 0j  time: 11.966598276048899
epoch409  rel.Train: 0.004227393390610814  rel.Test: 0.009908851608633995  abs.Test: 6.706973901600577e-05  abs.TestBoundary: 0j  time: 11.97093647485599
epoch410  rel.Train: 0.004221044883131981  rel.Test: 0.009915749244391918  abs.Test: 6.711884125252255e-05  abs.TestBoundary: 0j  time: 11.964249073993415
epoch411  rel.Train: 0.004182451669126749  rel.Test: 0.009852446876466274  abs.Test: 6.673164083622397e-05  abs.TestBoundary: 0j  time: 11.98567991424352
epoch412  rel.Train: 0.004134485336020589  rel.Test: 0.009942297004163264  abs.Test: 6.737578107276931e-05  abs.TestBoundary: 0j  time: 11.977865756023675
epoch413  rel.Train: 0.0041097702383995054  rel.Test: 0.009855717085301877  abs.Test: 6.674633666989394e-05  abs.TestBoundary: 0j  time: 11.988895690068603
epoch414  rel.Train: 0.004125757263973355  rel.Test: 0.009934189785271883  abs.Test: 6.732834415743128e-05  abs.TestBoundary: 0j  time: 11.980339513160288
epoch415  rel.Train: 0.004114187588915229  rel.Test: 0.010014285743236541  abs.Test: 6.795281602535397e-05  abs.TestBoundary: 0j  time: 12.009429696947336
epoch416  rel.Train: 0.00412913104519248  rel.Test: 0.009883827306330204  abs.Test: 6.694922674796544e-05  abs.TestBoundary: 0j  time: 11.98286008182913
epoch417  rel.Train: 0.004128397660329938  rel.Test: 0.00990432694554329  abs.Test: 6.712477959808894e-05  abs.TestBoundary: 0j  time: 11.970758317038417
epoch418  rel.Train: 0.004095969330519438  rel.Test: 0.009963190294802188  abs.Test: 6.746966508217156e-05  abs.TestBoundary: 0j  time: 11.976393224205822
epoch419  rel.Train: 0.004090458707883954  rel.Test: 0.009883643500506878  abs.Test: 6.697056858683936e-05  abs.TestBoundary: 0j  time: 11.968156724236906
epoch420  rel.Train: 0.00411070054769516  rel.Test: 0.009863042160868645  abs.Test: 6.678188525256701e-05  abs.TestBoundary: 0j  time: 11.965152583085
epoch421  rel.Train: 0.0040729451347142455  rel.Test: 0.009849236700683833  abs.Test: 6.671324226772412e-05  abs.TestBoundary: 0j  time: 11.993833514861763
epoch422  rel.Train: 0.004023136353120208  rel.Test: 0.009917545933276414  abs.Test: 6.719584038364701e-05  abs.TestBoundary: 0j  time: 11.96730102878064
epoch423  rel.Train: 0.004060798276215792  rel.Test: 0.009862072728574277  abs.Test: 6.678755729808472e-05  abs.TestBoundary: 0j  time: 11.963901847135276
epoch424  rel.Train: 0.004060189763084054  rel.Test: 0.009825195502489805  abs.Test: 6.652383613982238e-05  abs.TestBoundary: 0j  time: 11.991453466005623
epoch425  rel.Train: 0.0039813289362937215  rel.Test: 0.0098897372931242  abs.Test: 6.69858643959742e-05  abs.TestBoundary: 0j  time: 11.958822603803128
epoch426  rel.Train: 0.003991062108427286  rel.Test: 0.009880129229277373  abs.Test: 6.696052631014027e-05  abs.TestBoundary: 0j  time: 11.967697486747056
epoch427  rel.Train: 0.003954209599643946  rel.Test: 0.009869798496365547  abs.Test: 6.687768749543466e-05  abs.TestBoundary: 0j  time: 11.972023958340287
epoch428  rel.Train: 0.003955173710361123  rel.Test: 0.009834701903164387  abs.Test: 6.662597312242724e-05  abs.TestBoundary: 0j  time: 11.97357853781432
epoch429  rel.Train: 0.003931624615564943  rel.Test: 0.00986511453986168  abs.Test: 6.676114571746439e-05  abs.TestBoundary: 0j  time: 11.979870839044452
epoch430  rel.Train: 0.0039716498926281926  rel.Test: 0.009875351134687661  abs.Test: 6.690585214528256e-05  abs.TestBoundary: 0j  time: 11.973686995916069
epoch431  rel.Train: 0.003928358938544989  rel.Test: 0.009832788184285164  abs.Test: 6.659449558355845e-05  abs.TestBoundary: 0j  time: 11.982316016219556
epoch432  rel.Train: 0.003892238676548004  rel.Test: 0.009819724857807159  abs.Test: 6.651463962043636e-05  abs.TestBoundary: 0j  time: 11.975808386225253
epoch433  rel.Train: 0.0039033254142850637  rel.Test: 0.009845602456480265  abs.Test: 6.665886467089876e-05  abs.TestBoundary: 0j  time: 12.005560130812228
epoch434  rel.Train: 0.0038567526265978814  rel.Test: 0.009862847328186035  abs.Test: 6.680179125396534e-05  abs.TestBoundary: 0j  time: 11.976097032893449
epoch435  rel.Train: 0.0038600166998803615  rel.Test: 0.009861798956990242  abs.Test: 6.678288031253032e-05  abs.TestBoundary: 0j  time: 12.001741272863
epoch436  rel.Train: 0.003880051266402006  rel.Test: 0.00983865175396204  abs.Test: 6.663932086667046e-05  abs.TestBoundary: 0j  time: 11.992781207896769
epoch437  rel.Train: 0.0038602099493145942  rel.Test: 0.009867221340537071  abs.Test: 6.682214414468035e-05  abs.TestBoundary: 0j  time: 11.958724432159215
epoch438  rel.Train: 0.0038390682246536014  rel.Test: 0.00982886465266347  abs.Test: 6.658828075160272e-05  abs.TestBoundary: 0j  time: 11.959184064995497
epoch439  rel.Train: 0.003825229501351714  rel.Test: 0.00984178837388754  abs.Test: 6.663650667178445e-05  abs.TestBoundary: 0j  time: 11.984683358110487
epoch440  rel.Train: 0.0038189809285104274  rel.Test: 0.009880694374442101  abs.Test: 6.695827600196936e-05  abs.TestBoundary: 0j  time: 11.961971334647387
epoch441  rel.Train: 0.0038104161862283943  rel.Test: 0.009852280244231224  abs.Test: 6.679024518234656e-05  abs.TestBoundary: 0j  time: 11.990188230294734
epoch442  rel.Train: 0.003804367173463106  rel.Test: 0.009836911167949438  abs.Test: 6.664129177806899e-05  abs.TestBoundary: 0j  time: 11.965449907351285
epoch443  rel.Train: 0.0037807484716176985  rel.Test: 0.00985560579225421  abs.Test: 6.675876866211184e-05  abs.TestBoundary: 0j  time: 11.991604507900774
epoch444  rel.Train: 0.003774259328842163  rel.Test: 0.009837209545075894  abs.Test: 6.663612279226072e-05  abs.TestBoundary: 0j  time: 11.96881477162242
epoch445  rel.Train: 0.003747322842478752  rel.Test: 0.009824878089129924  abs.Test: 6.655666074948386e-05  abs.TestBoundary: 0j  time: 11.999896514229476
epoch446  rel.Train: 0.0037490962371230126  rel.Test: 0.009887114316225052  abs.Test: 6.703148334054276e-05  abs.TestBoundary: 0j  time: 12.002364702057093
epoch447  rel.Train: 0.0037430540155619385  rel.Test: 0.009846522659063339  abs.Test: 6.669527880148962e-05  abs.TestBoundary: 0j  time: 11.976045281160623
epoch448  rel.Train: 0.003719791175797582  rel.Test: 0.009851146601140498  abs.Test: 6.675352138699963e-05  abs.TestBoundary: 0j  time: 11.974986774846911
epoch449  rel.Train: 0.0037379385698586703  rel.Test: 0.009832399375736713  abs.Test: 6.660031751380302e-05  abs.TestBoundary: 0j  time: 12.004713912960142
epoch450  rel.Train: 0.0037086508627980947  rel.Test: 0.009830497466027736  abs.Test: 6.659558857791126e-05  abs.TestBoundary: 0j  time: 11.973118603695184
epoch451  rel.Train: 0.0037003535497933627  rel.Test: 0.0098270527087152  abs.Test: 6.656964134890586e-05  abs.TestBoundary: 0j  time: 11.976334656123072
epoch452  rel.Train: 0.0036986650452017784  rel.Test: 0.009822508879005909  abs.Test: 6.654095035628416e-05  abs.TestBoundary: 0j  time: 11.975330300163478
epoch453  rel.Train: 0.0036987922191619874  rel.Test: 0.009838649611920118  abs.Test: 6.666087516350672e-05  abs.TestBoundary: 0j  time: 11.975708898156881
epoch454  rel.Train: 0.003688480831682682  rel.Test: 0.00987117800861597  abs.Test: 6.691534770652651e-05  abs.TestBoundary: 0j  time: 11.971770206931978
epoch455  rel.Train: 0.0036841186359524727  rel.Test: 0.009844751451164485  abs.Test: 6.670977032626979e-05  abs.TestBoundary: 0j  time: 12.000236798077822
epoch456  rel.Train: 0.003672778533771634  rel.Test: 0.00985170817002654  abs.Test: 6.674842166830786e-05  abs.TestBoundary: 0j  time: 11.982026974204928
epoch457  rel.Train: 0.0036632341220974923  rel.Test: 0.009822974409908057  abs.Test: 6.654601776972412e-05  abs.TestBoundary: 0j  time: 11.978971269913018
epoch458  rel.Train: 0.0036555376276373864  rel.Test: 0.009832042809575796  abs.Test: 6.661588718998246e-05  abs.TestBoundary: 0j  time: 12.006778786890209
epoch459  rel.Train: 0.003649518866091967  rel.Test: 0.009841623306274415  abs.Test: 6.666406290605664e-05  abs.TestBoundary: 0j  time: 11.975218412000686
epoch460  rel.Train: 0.0036381464861333372  rel.Test: 0.009833510518074035  abs.Test: 6.66210608324036e-05  abs.TestBoundary: 0j  time: 11.982867643237114
epoch461  rel.Train: 0.00362929780036211  rel.Test: 0.009827436432242393  abs.Test: 6.657963051111438e-05  abs.TestBoundary: 0j  time: 12.653746308758855
epoch462  rel.Train: 0.0036193853467702867  rel.Test: 0.009826996959745884  abs.Test: 6.659007965936325e-05  abs.TestBoundary: 0j  time: 12.044913430698216
epoch463  rel.Train: 0.0036197348684072496  rel.Test: 0.009845799151808023  abs.Test: 6.67148111097049e-05  abs.TestBoundary: 0j  time: 11.975386345759034
epoch464  rel.Train: 0.003609824189916253  rel.Test: 0.009822943806648254  abs.Test: 6.65444640617352e-05  abs.TestBoundary: 0j  time: 11.977043063845485
epoch465  rel.Train: 0.0036072004698216916  rel.Test: 0.009829479288309812  abs.Test: 6.658552258159033e-05  abs.TestBoundary: 0j  time: 12.168163909111172
epoch466  rel.Train: 0.0036033329721540212  rel.Test: 0.00981561778113246  abs.Test: 6.649507457041182e-05  abs.TestBoundary: 0j  time: 12.226389763876796
epoch467  rel.Train: 0.0036017709504812955  rel.Test: 0.009842648655176162  abs.Test: 6.668605681625194e-05  abs.TestBoundary: 0j  time: 11.975809297990054
epoch468  rel.Train: 0.0035979865919798615  rel.Test: 0.009834141787141561  abs.Test: 6.661838298896328e-05  abs.TestBoundary: 0j  time: 12.005412654951215
epoch469  rel.Train: 0.0035938181299716232  rel.Test: 0.009835769571363926  abs.Test: 6.6635207622312e-05  abs.TestBoundary: 0j  time: 11.97886074706912
epoch470  rel.Train: 0.0035847853068262337  rel.Test: 0.00981941442936659  abs.Test: 6.652260082773865e-05  abs.TestBoundary: 0j  time: 11.983849953860044
epoch471  rel.Train: 0.003579509502276778  rel.Test: 0.009812103230506181  abs.Test: 6.646633657510393e-05  abs.TestBoundary: 0j  time: 11.982722104992718
epoch472  rel.Train: 0.0035773889850825072  rel.Test: 0.009835852291435004  abs.Test: 6.664688509772532e-05  abs.TestBoundary: 0j  time: 11.981623365078121
epoch473  rel.Train: 0.0035697754472494127  rel.Test: 0.009803169872611761  abs.Test: 6.64074938686099e-05  abs.TestBoundary: 0j  time: 11.980900797061622
epoch474  rel.Train: 0.003566975424066186  rel.Test: 0.009822111800312996  abs.Test: 6.653457370703108e-05  abs.TestBoundary: 0j  time: 11.979329166002572
epoch475  rel.Train: 0.0035651549007743597  rel.Test: 0.009822713993489742  abs.Test: 6.655158344074153e-05  abs.TestBoundary: 0j  time: 11.97961772698909
epoch476  rel.Train: 0.003559551015496254  rel.Test: 0.009808670282363891  abs.Test: 6.64452213095501e-05  abs.TestBoundary: 0j  time: 11.980667367111892
epoch477  rel.Train: 0.0035605803839862346  rel.Test: 0.00982278361916542  abs.Test: 6.654569020611234e-05  abs.TestBoundary: 0j  time: 11.973650245927274
epoch478  rel.Train: 0.0035545307509601116  rel.Test: 0.009814876783639192  abs.Test: 6.649314993410371e-05  abs.TestBoundary: 0j  time: 11.972787875216454
epoch479  rel.Train: 0.0035529652778059245  rel.Test: 0.00981515906751156  abs.Test: 6.648458802374079e-05  abs.TestBoundary: 0j  time: 11.97858266858384
epoch480  rel.Train: 0.003548424385488033  rel.Test: 0.009826355166733265  abs.Test: 6.655257762758992e-05  abs.TestBoundary: 0j  time: 11.965002515353262
epoch481  rel.Train: 0.0035467226672917605  rel.Test: 0.00981463648378849  abs.Test: 6.648672599112614e-05  abs.TestBoundary: 0j  time: 11.970299711916596
epoch482  rel.Train: 0.003542454045265913  rel.Test: 0.009812732078135013  abs.Test: 6.646700741839595e-05  abs.TestBoundary: 0j  time: 11.968828004784882
epoch483  rel.Train: 0.0035404385961592196  rel.Test: 0.009818784445524215  abs.Test: 6.651404852163978e-05  abs.TestBoundary: 0j  time: 11.964944884646684
epoch484  rel.Train: 0.0035383756943047047  rel.Test: 0.00981079339981079  abs.Test: 6.645428409683518e-05  abs.TestBoundary: 0j  time: 11.96754391118884
epoch485  rel.Train: 0.0035346267726272347  rel.Test: 0.009809286259114742  abs.Test: 6.64481005514972e-05  abs.TestBoundary: 0j  time: 11.958242662716657
epoch486  rel.Train: 0.0035327658988535404  rel.Test: 0.009813215173780919  abs.Test: 6.647689835517667e-05  abs.TestBoundary: 0j  time: 11.962466650642455
epoch487  rel.Train: 0.003529239511117339  rel.Test: 0.009814261626452207  abs.Test: 6.648407070315443e-05  abs.TestBoundary: 0j  time: 11.994668782223016
epoch488  rel.Train: 0.003528140492737293  rel.Test: 0.009804218467324972  abs.Test: 6.640786305069923e-05  abs.TestBoundary: 0j  time: 11.96815834986046
epoch489  rel.Train: 0.0035256862808018923  rel.Test: 0.009811507686972618  abs.Test: 6.646761103183963e-05  abs.TestBoundary: 0j  time: 11.970408673863858
epoch490  rel.Train: 0.0035253135412931444  rel.Test: 0.009814611859619618  abs.Test: 6.648211245192215e-05  abs.TestBoundary: 0j  time: 12.001311536878347
epoch491  rel.Train: 0.0035226537007838486  rel.Test: 0.00980835186317563  abs.Test: 6.643408443778753e-05  abs.TestBoundary: 0j  time: 11.968557093292475
epoch492  rel.Train: 0.003520608654245734  rel.Test: 0.00981279619038105  abs.Test: 6.647220099694096e-05  abs.TestBoundary: 0j  time: 11.969214510172606
epoch493  rel.Train: 0.0035197425317019223  rel.Test: 0.009809295423328876  abs.Test: 6.644349254202098e-05  abs.TestBoundary: 0j  time: 11.967252421658486
epoch494  rel.Train: 0.0035186725221574306  rel.Test: 0.00981533421203494  abs.Test: 6.649012284469791e-05  abs.TestBoundary: 0j  time: 11.965502459090203
epoch495  rel.Train: 0.003518801165744662  rel.Test: 0.009816915094852448  abs.Test: 6.650313502177596e-05  abs.TestBoundary: 0j  time: 11.968894471880049
epoch496  rel.Train: 0.0035166089180856943  rel.Test: 0.009821480046957732  abs.Test: 6.653723088675179e-05  abs.TestBoundary: 0j  time: 11.963449398055673
epoch497  rel.Train: 0.003515641186386347  rel.Test: 0.009819308519363404  abs.Test: 6.652224925346673e-05  abs.TestBoundary: 0j  time: 11.956938196904957
epoch498  rel.Train: 0.003514054100960493  rel.Test: 0.009810004681348801  abs.Test: 6.645204586675391e-05  abs.TestBoundary: 0j  time: 11.955330955795944
epoch499  rel.Train: 0.0035145304519683123  rel.Test: 0.009808530509471893  abs.Test: 6.642955224378966e-05  abs.TestBoundary: 0j  time: 12.408176574856043
