original data: in (1324, 421, 421) out (1324, 421, 421)
used data: x_train (1000, 44521, 3) y_train (1000, 44521, 1) x_test (200, 44521, 3) y_test (200, 44521, 1)
############################################################ config of data ############################################################
type: normal
L: 1.0
downsample_ratio: 2
n_train: 1000
n_test: 200
pca_include_input: False
pca_include_grid: False
should_include_F: False
should_flatten: True
should_compute_bases: True
############################################################ config of model ############################################################
in_dim: 3
out_dim: 1
fc_channels: 128
layer_channels: [128, 128, 128, 128, 128]
layer_types: ['GalerkinConv', 'GalerkinConv', 'GalerkinConv', 'GalerkinConv']
act: gelu
should_residual: [False, False, False, False]
modes_gk: [512, 512, 512, 512]
bases_types: ['fourier', 'fourier', 'fourier', 'fourier']
wbases_types: ['fourier', 'fourier', 'fourier', 'fourier']
green_types: ['HierLrMGreen', 'HierLrMGreen', 'HierLrMGreen', 'HierLrMGreen']
ranks_h: [4, 4, 4, 4]
levels: [4, 4, 4, 4]
ranks_d: [4, 4, 4, 4]
heads: [4, 4, 4, 4]
############################################################ config of train ############################################################
device: cuda
normalization_x: True
normalization_y: True
normalization_dim: []
epochs: 500
batch_size: 8
scheduler: OneCycleLR
base_lr: 0.001
weight_decay: 0.0001
milestones: None
scheduler_gamma: None
############################################################ Start Training ############################################################
number of parameters is 8701185
no boundary loss
epoch0  rel.Train: 0.24676801508665086  rel.Test: 0.14546035706996918  abs.Test: 0.0009864068031311035  abs.TestBoundary: 0j  time: 12.165099828969687
epoch1  rel.Train: 0.12469949668645859  rel.Test: 0.10645759046077728  abs.Test: 0.000725295920856297  abs.TestBoundary: 0j  time: 10.688492988236248
epoch2  rel.Train: 0.09098527032136917  rel.Test: 0.07793581038713455  abs.Test: 0.0005270551098510623  abs.TestBoundary: 0j  time: 10.67964563285932
epoch3  rel.Train: 0.07234749758243561  rel.Test: 0.06391021862626076  abs.Test: 0.00043450331315398217  abs.TestBoundary: 0j  time: 10.690356493927538
epoch4  rel.Train: 0.06553648003935814  rel.Test: 0.06346327498555183  abs.Test: 0.000429722354747355  abs.TestBoundary: 0j  time: 10.705845527816564
epoch5  rel.Train: 0.060701196730136874  rel.Test: 0.05760391190648079  abs.Test: 0.0003886166017036885  abs.TestBoundary: 0j  time: 10.727395590860397
epoch6  rel.Train: 0.05764899918437004  rel.Test: 0.05658682912588119  abs.Test: 0.00038470084313303233  abs.TestBoundary: 0j  time: 10.776689493097365
epoch7  rel.Train: 0.051843146234750746  rel.Test: 0.04975261077284813  abs.Test: 0.00033665136666968467  abs.TestBoundary: 0j  time: 10.819845015183091
epoch8  rel.Train: 0.04840484219789505  rel.Test: 0.051864975690841676  abs.Test: 0.0003528172348160297  abs.TestBoundary: 0j  time: 10.87030231487006
epoch9  rel.Train: 0.047386530548334124  rel.Test: 0.057592010498046874  abs.Test: 0.00038605872541666033  abs.TestBoundary: 0j  time: 10.956494246143848
epoch10  rel.Train: 0.04659706631302834  rel.Test: 0.04391947001218796  abs.Test: 0.00029813221422955396  abs.TestBoundary: 0j  time: 10.976518518757075
epoch11  rel.Train: 0.042476731598377226  rel.Test: 0.042259561866521834  abs.Test: 0.0002859998418716714  abs.TestBoundary: 0j  time: 10.988408613950014
epoch12  rel.Train: 0.04102214369177818  rel.Test: 0.0409181259572506  abs.Test: 0.00027825470664538443  abs.TestBoundary: 0j  time: 10.922222290188074
epoch13  rel.Train: 0.04117304953932762  rel.Test: 0.039425408095121385  abs.Test: 0.00026636826514732094  abs.TestBoundary: 0j  time: 10.829225528985262
epoch14  rel.Train: 0.038644777089357374  rel.Test: 0.04090071648359299  abs.Test: 0.00027820772200357166  abs.TestBoundary: 0j  time: 10.757771738339216
epoch15  rel.Train: 0.04157850386202335  rel.Test: 0.03752634435892105  abs.Test: 0.00025388051057234406  abs.TestBoundary: 0j  time: 10.730249261017889
epoch16  rel.Train: 0.03477259910106659  rel.Test: 0.03639818489551544  abs.Test: 0.00024643414304591714  abs.TestBoundary: 0j  time: 10.714509794022888
epoch17  rel.Train: 0.034818011105060574  rel.Test: 0.035115740150213244  abs.Test: 0.00023785794270224868  abs.TestBoundary: 0j  time: 10.714706127997488
epoch18  rel.Train: 0.033262251496315  rel.Test: 0.042702965587377545  abs.Test: 0.0002882401354145259  abs.TestBoundary: 0j  time: 10.711631893645972
epoch19  rel.Train: 0.03361636082828045  rel.Test: 0.03755309775471687  abs.Test: 0.0002553956169867888  abs.TestBoundary: 0j  time: 10.716295538004488
epoch20  rel.Train: 0.03060560518503189  rel.Test: 0.030603147372603418  abs.Test: 0.00020722108252812176  abs.TestBoundary: 0j  time: 10.733012740965933
epoch21  rel.Train: 0.029879749417304993  rel.Test: 0.03039001040160656  abs.Test: 0.00020535926683805882  abs.TestBoundary: 0j  time: 10.765644951723516
epoch22  rel.Train: 0.03235726009309292  rel.Test: 0.0314071436971426  abs.Test: 0.00021246060263365506  abs.TestBoundary: 0j  time: 10.812843412160873
epoch23  rel.Train: 0.030473605707287788  rel.Test: 0.03724748626351357  abs.Test: 0.00025171192071866245  abs.TestBoundary: 0j  time: 10.844015609938651
epoch24  rel.Train: 0.02902353297173977  rel.Test: 0.03257853776216507  abs.Test: 0.0002214237640146166  abs.TestBoundary: 0j  time: 10.864264769945294
epoch25  rel.Train: 0.02823608410358429  rel.Test: 0.0286952106654644  abs.Test: 0.00019407766463700683  abs.TestBoundary: 0j  time: 10.875523577909917
epoch26  rel.Train: 0.028878834813833236  rel.Test: 0.03539862647652626  abs.Test: 0.00024070382176432758  abs.TestBoundary: 0j  time: 10.930368669331074
epoch27  rel.Train: 0.028397620186209678  rel.Test: 0.027841227129101753  abs.Test: 0.00018924494157545268  abs.TestBoundary: 0j  time: 10.895002615172416
epoch28  rel.Train: 0.026504976972937584  rel.Test: 0.028156610503792763  abs.Test: 0.00019053195836022497  abs.TestBoundary: 0j  time: 10.856959199998528
epoch29  rel.Train: 0.02817378993332386  rel.Test: 0.033335365876555445  abs.Test: 0.00022336045105475933  abs.TestBoundary: 0j  time: 10.811427257955074
epoch30  rel.Train: 0.02568580096960068  rel.Test: 0.026255241483449935  abs.Test: 0.00017795084742829202  abs.TestBoundary: 0j  time: 10.786292903125286
epoch31  rel.Train: 0.027328414127230645  rel.Test: 0.030153347924351693  abs.Test: 0.00020425973692908883  abs.TestBoundary: 0j  time: 10.768086177762598
epoch32  rel.Train: 0.0260744566321373  rel.Test: 0.02494055651128292  abs.Test: 0.00016889886814169585  abs.TestBoundary: 0j  time: 10.766286164987832
epoch33  rel.Train: 0.025902802735567092  rel.Test: 0.026911570727825164  abs.Test: 0.00018224868399556725  abs.TestBoundary: 0j  time: 10.779904724098742
epoch34  rel.Train: 0.025007627829909326  rel.Test: 0.025292727798223495  abs.Test: 0.0001710315578384325  abs.TestBoundary: 0j  time: 10.781277860049158
epoch35  rel.Train: 0.023035558670759203  rel.Test: 0.023261609375476836  abs.Test: 0.00015744319185614586  abs.TestBoundary: 0j  time: 10.809724912047386
epoch36  rel.Train: 0.023966120183467866  rel.Test: 0.026900613978505135  abs.Test: 0.00018125580332707615  abs.TestBoundary: 0j  time: 10.81928970105946
epoch37  rel.Train: 0.027058115527033806  rel.Test: 0.02476198151707649  abs.Test: 0.00016770855232607575  abs.TestBoundary: 0j  time: 10.838691538199782
epoch38  rel.Train: 0.02360467568039894  rel.Test: 0.02445834383368492  abs.Test: 0.00016555316629819573  abs.TestBoundary: 0j  time: 10.856460052076727
epoch39  rel.Train: 0.022001258447766302  rel.Test: 0.023143716901540757  abs.Test: 0.00015618756355252118  abs.TestBoundary: 0j  time: 10.868713490664959
epoch40  rel.Train: 0.022378569453954698  rel.Test: 0.02435336768627167  abs.Test: 0.00016566434293054046  abs.TestBoundary: 0j  time: 10.878465367015451
epoch41  rel.Train: 0.021893963411450387  rel.Test: 0.024592888951301576  abs.Test: 0.00016607361962087453  abs.TestBoundary: 0j  time: 10.87737960414961
epoch42  rel.Train: 0.021814896300435066  rel.Test: 0.024137439727783202  abs.Test: 0.00016263864643406122  abs.TestBoundary: 0j  time: 10.857558267191052
epoch43  rel.Train: 0.02194404509663582  rel.Test: 0.0226373428106308  abs.Test: 0.0001535747281741351  abs.TestBoundary: 0j  time: 10.818154366221279
epoch44  rel.Train: 0.021841589398682117  rel.Test: 0.022035540416836738  abs.Test: 0.00014978828141465784  abs.TestBoundary: 0j  time: 10.795428711920977
epoch45  rel.Train: 0.021003606364130973  rel.Test: 0.022422260120511055  abs.Test: 0.00015136717120185496  abs.TestBoundary: 0j  time: 10.780236437916756
epoch46  rel.Train: 0.02145714196562767  rel.Test: 0.022751377373933793  abs.Test: 0.0001529056444996968  abs.TestBoundary: 0j  time: 10.770716437138617
epoch47  rel.Train: 0.022193973615765573  rel.Test: 0.022062389105558397  abs.Test: 0.00014921367750503123  abs.TestBoundary: 0j  time: 10.770833223126829
epoch48  rel.Train: 0.020272605404257776  rel.Test: 0.020444260984659193  abs.Test: 0.0001379736204398796  abs.TestBoundary: 0j  time: 10.780593248084188
epoch49  rel.Train: 0.020541337177157403  rel.Test: 0.023470500335097313  abs.Test: 0.0001589941920246929  abs.TestBoundary: 0j  time: 10.792737041600049
epoch50  rel.Train: 0.020786155059933663  rel.Test: 0.02480071298778057  abs.Test: 0.00016812331916298717  abs.TestBoundary: 0j  time: 10.79853662988171
epoch51  rel.Train: 0.022286024123430254  rel.Test: 0.029466369077563285  abs.Test: 0.00019992759102024137  abs.TestBoundary: 0j  time: 10.815156728960574
epoch52  rel.Train: 0.020299458667635918  rel.Test: 0.026263553872704504  abs.Test: 0.00017778405919671058  abs.TestBoundary: 0j  time: 10.813793412409723
epoch53  rel.Train: 0.01999535821378231  rel.Test: 0.02160927325487137  abs.Test: 0.00014575327746570112  abs.TestBoundary: 0j  time: 10.834149724803865
epoch54  rel.Train: 0.02077692900598049  rel.Test: 0.02335092782974243  abs.Test: 0.00015727826743386686  abs.TestBoundary: 0j  time: 10.847384429071099
epoch55  rel.Train: 0.019694794714450837  rel.Test: 0.02172020301222801  abs.Test: 0.00014674908830784262  abs.TestBoundary: 0j  time: 10.857936619315296
epoch56  rel.Train: 0.020997413538396358  rel.Test: 0.028954991325736045  abs.Test: 0.0001962437870679423  abs.TestBoundary: 0j  time: 10.861185770947486
epoch57  rel.Train: 0.020544907987117767  rel.Test: 0.023627772703766824  abs.Test: 0.0001604997558752075  abs.TestBoundary: 0j  time: 10.860153453890234
epoch58  rel.Train: 0.019825225584208964  rel.Test: 0.023632466346025467  abs.Test: 0.000160621203831397  abs.TestBoundary: 0j  time: 10.852769678924233
epoch59  rel.Train: 0.020533338107168675  rel.Test: 0.01949365057051182  abs.Test: 0.0001320311875315383  abs.TestBoundary: 0j  time: 10.842556839808822
epoch60  rel.Train: 0.02164873292297125  rel.Test: 0.021570267975330352  abs.Test: 0.00014565553108695896  abs.TestBoundary: 0j  time: 10.830999812111259
epoch61  rel.Train: 0.01925609625130892  rel.Test: 0.01995941624045372  abs.Test: 0.00013473081722622737  abs.TestBoundary: 0j  time: 10.814409610815346
epoch62  rel.Train: 0.018590104840695856  rel.Test: 0.020417367294430732  abs.Test: 0.00013687855971511453  abs.TestBoundary: 0j  time: 10.804905570112169
epoch63  rel.Train: 0.019014514438807965  rel.Test: 0.01928518794476986  abs.Test: 0.00013035814423346893  abs.TestBoundary: 0j  time: 10.809295604936779
epoch64  rel.Train: 0.018703623093664645  rel.Test: 0.020490460842847825  abs.Test: 0.00013775601022643968  abs.TestBoundary: 0j  time: 10.80554929189384
epoch65  rel.Train: 0.019209035731852054  rel.Test: 0.01953086830675602  abs.Test: 0.00013227837829617783  abs.TestBoundary: 0j  time: 10.807556928601116
epoch66  rel.Train: 0.01857900270074606  rel.Test: 0.019514371156692505  abs.Test: 0.00013170359015930445  abs.TestBoundary: 0j  time: 10.811651797033846
epoch67  rel.Train: 0.018709946870803833  rel.Test: 0.021995602175593376  abs.Test: 0.00014806045801378785  abs.TestBoundary: 0j  time: 10.818915291223675
epoch68  rel.Train: 0.018115587197244168  rel.Test: 0.02362117700278759  abs.Test: 0.0001591058465419337  abs.TestBoundary: 0j  time: 10.8329006889835
epoch69  rel.Train: 0.023936065524816513  rel.Test: 0.01985083907842636  abs.Test: 0.00013408913306193427  abs.TestBoundary: 0j  time: 10.846886890009046
epoch70  rel.Train: 0.01890571989864111  rel.Test: 0.021934463828802108  abs.Test: 0.00014844758552499116  abs.TestBoundary: 0j  time: 10.853455633390695
epoch71  rel.Train: 0.017475920483469964  rel.Test: 0.018483538925647736  abs.Test: 0.00012507472070865332  abs.TestBoundary: 0j  time: 10.857082455884665
epoch72  rel.Train: 0.01793600897490978  rel.Test: 0.02244199775159359  abs.Test: 0.0001509705209173262  abs.TestBoundary: 0j  time: 10.849857080262154
epoch73  rel.Train: 0.018956585250794886  rel.Test: 0.01992252968251705  abs.Test: 0.00013424293225398288  abs.TestBoundary: 0j  time: 10.831253906711936
epoch74  rel.Train: 0.0180829049795866  rel.Test: 0.017907606065273286  abs.Test: 0.00012086214759619907  abs.TestBoundary: 0j  time: 10.826833877246827
epoch75  rel.Train: 0.019032785408198832  rel.Test: 0.028778148591518404  abs.Test: 0.00019654717179946602  abs.TestBoundary: 0j  time: 10.823334237094969
epoch76  rel.Train: 0.019682404808700083  rel.Test: 0.018195397034287453  abs.Test: 0.00012292094965232536  abs.TestBoundary: 0j  time: 10.813660460989922
epoch77  rel.Train: 0.01782513628154993  rel.Test: 0.019427107945084572  abs.Test: 0.00013113293971400708  abs.TestBoundary: 0j  time: 10.810355186928064
epoch78  rel.Train: 0.019407355785369874  rel.Test: 0.023750397488474847  abs.Test: 0.00015955664101056756  abs.TestBoundary: 0j  time: 10.812944611068815
epoch79  rel.Train: 0.018432164937257765  rel.Test: 0.022660823613405226  abs.Test: 0.00015251114615239203  abs.TestBoundary: 0j  time: 10.822354061063379
epoch80  rel.Train: 0.017566797621548176  rel.Test: 0.0179554133862257  abs.Test: 0.00012096688995370641  abs.TestBoundary: 0j  time: 10.81887680105865
epoch81  rel.Train: 0.01839298190921545  rel.Test: 0.019787958115339278  abs.Test: 0.00013401586562395096  abs.TestBoundary: 0j  time: 10.827366903889924
epoch82  rel.Train: 0.019759567655622957  rel.Test: 0.018559745475649835  abs.Test: 0.00012610290374141187  abs.TestBoundary: 0j  time: 10.834654876030982
epoch83  rel.Train: 0.017923390671610834  rel.Test: 0.018729843720793723  abs.Test: 0.00012669242831179873  abs.TestBoundary: 0j  time: 10.83979121223092
epoch84  rel.Train: 0.018590520285069943  rel.Test: 0.01839726246893406  abs.Test: 0.00012423926818883047  abs.TestBoundary: 0j  time: 10.844770746771246
epoch85  rel.Train: 0.017565389677882196  rel.Test: 0.018592742457985877  abs.Test: 0.00012642800225876272  abs.TestBoundary: 0j  time: 10.848695683758706
epoch86  rel.Train: 0.01798266500234604  rel.Test: 0.020259564369916917  abs.Test: 0.00013738260546233505  abs.TestBoundary: 0j  time: 10.847376414109021
epoch87  rel.Train: 0.017204485215246677  rel.Test: 0.020812004059553146  abs.Test: 0.00014013502950547264  abs.TestBoundary: 0j  time: 10.849014949984848
epoch88  rel.Train: 0.01706275076419115  rel.Test: 0.02229934886097908  abs.Test: 0.00015077548043336718  abs.TestBoundary: 0j  time: 10.843957551755011
epoch89  rel.Train: 0.018107423074543477  rel.Test: 0.020135433301329612  abs.Test: 0.0001365807224647142  abs.TestBoundary: 0j  time: 10.837351080961525
epoch90  rel.Train: 0.017368905372917652  rel.Test: 0.018540171794593333  abs.Test: 0.00012578624358866364  abs.TestBoundary: 0j  time: 10.830032729078084
epoch91  rel.Train: 0.019070430129766464  rel.Test: 0.019974569156765938  abs.Test: 0.00013595887867268175  abs.TestBoundary: 0j  time: 10.817446033935994
epoch92  rel.Train: 0.017723902702331543  rel.Test: 0.02161426343023777  abs.Test: 0.00014734911906998604  abs.TestBoundary: 0j  time: 10.814693414606154
epoch93  rel.Train: 0.01848582626134157  rel.Test: 0.02351866140961647  abs.Test: 0.00015952043584547938  abs.TestBoundary: 0j  time: 10.82028688909486
epoch94  rel.Train: 0.016770555451512337  rel.Test: 0.0171376471221447  abs.Test: 0.00011598332726862281  abs.TestBoundary: 0j  time: 10.820210119243711
epoch95  rel.Train: 0.017388298243284226  rel.Test: 0.017648214809596538  abs.Test: 0.00011923453013878315  abs.TestBoundary: 0j  time: 10.830725298263133
epoch96  rel.Train: 0.016841273672878743  rel.Test: 0.019639311656355858  abs.Test: 0.00013172811566619202  abs.TestBoundary: 0j  time: 10.842832375783473
epoch97  rel.Train: 0.015914404682815075  rel.Test: 0.01922237291932106  abs.Test: 0.00013069234089925884  abs.TestBoundary: 0j  time: 10.840743598993868
epoch98  rel.Train: 0.016249892458319665  rel.Test: 0.020047522112727166  abs.Test: 0.00013688641280168668  abs.TestBoundary: 0j  time: 10.84896121872589
epoch99  rel.Train: 0.015420636333525181  rel.Test: 0.019474672637879848  abs.Test: 0.00013366847531870007  abs.TestBoundary: 0j  time: 10.845990623347461
epoch100  rel.Train: 0.016218357615172863  rel.Test: 0.017011919356882572  abs.Test: 0.00011505698406836018  abs.TestBoundary: 0j  time: 10.855075822211802
epoch101  rel.Train: 0.017495270051062106  rel.Test: 0.01719691414386034  abs.Test: 0.00011598821874940768  abs.TestBoundary: 0j  time: 10.850738538894802
epoch102  rel.Train: 0.015448444806039333  rel.Test: 0.018498449027538298  abs.Test: 0.00012586885306518526  abs.TestBoundary: 0j  time: 10.839450194966048
epoch103  rel.Train: 0.01686677084863186  rel.Test: 0.022625126093626022  abs.Test: 0.00015490998630411922  abs.TestBoundary: 0j  time: 10.838467554189265
epoch104  rel.Train: 0.015286798417568206  rel.Test: 0.01652129553258419  abs.Test: 0.00011174300307175145  abs.TestBoundary: 0j  time: 10.82963000703603
epoch105  rel.Train: 0.01642550929635763  rel.Test: 0.017077593244612218  abs.Test: 0.00011561113671632484  abs.TestBoundary: 0j  time: 10.825927034951746
epoch106  rel.Train: 0.015873346768319606  rel.Test: 0.018020195662975313  abs.Test: 0.0001221788805560209  abs.TestBoundary: 0j  time: 10.820263477042317
epoch107  rel.Train: 0.015696595028042794  rel.Test: 0.0220498900860548  abs.Test: 0.00014795469294767827  abs.TestBoundary: 0j  time: 10.816275908146054
epoch108  rel.Train: 0.016699312262237073  rel.Test: 0.01676492877304554  abs.Test: 0.00011307699780445546  abs.TestBoundary: 0j  time: 10.810562975239009
epoch109  rel.Train: 0.015074022091925144  rel.Test: 0.017814235761761665  abs.Test: 0.0001201936646248214  abs.TestBoundary: 0j  time: 10.825706966686994
epoch110  rel.Train: 0.014457243852317333  rel.Test: 0.01728213842958212  abs.Test: 0.0001163958283723332  abs.TestBoundary: 0j  time: 10.830265704076737
epoch111  rel.Train: 0.016149074099957944  rel.Test: 0.016832440420985223  abs.Test: 0.00011328491207677871  abs.TestBoundary: 0j  time: 10.834354231134057
epoch112  rel.Train: 0.01504911559075117  rel.Test: 0.017510238587856292  abs.Test: 0.0001184308747178875  abs.TestBoundary: 0j  time: 10.84427572786808
epoch113  rel.Train: 0.015712389074265958  rel.Test: 0.019772666469216348  abs.Test: 0.0001338659372413531  abs.TestBoundary: 0j  time: 10.853489323984832
epoch114  rel.Train: 0.01627658846229315  rel.Test: 0.018013328164815903  abs.Test: 0.00012218740157550202  abs.TestBoundary: 0j  time: 10.862592125777155
epoch115  rel.Train: 0.01576068118214607  rel.Test: 0.018797548972070217  abs.Test: 0.00012690526258666069  abs.TestBoundary: 0j  time: 10.865077430382371
epoch116  rel.Train: 0.01653085572272539  rel.Test: 0.01553585920482874  abs.Test: 0.00010485520149813965  abs.TestBoundary: 0j  time: 10.850423539988697
epoch117  rel.Train: 0.01573219631612301  rel.Test: 0.015964102819561957  abs.Test: 0.00010804575314978138  abs.TestBoundary: 0j  time: 10.844726968090981
epoch118  rel.Train: 0.014606813378632068  rel.Test: 0.015856664255261423  abs.Test: 0.00010725435597123578  abs.TestBoundary: 0j  time: 10.848064874764532
epoch119  rel.Train: 0.014488989524543285  rel.Test: 0.019689020216464997  abs.Test: 0.00013506301445886492  abs.TestBoundary: 0j  time: 10.834175913129002
epoch120  rel.Train: 0.015400634668767453  rel.Test: 0.016208647787570953  abs.Test: 0.00010934502934105695  abs.TestBoundary: 0j  time: 10.830637348815799
epoch121  rel.Train: 0.016183260411024095  rel.Test: 0.01646208893507719  abs.Test: 0.0001109814562369138  abs.TestBoundary: 0j  time: 10.81905178586021
epoch122  rel.Train: 0.014287028402090073  rel.Test: 0.017409795559942723  abs.Test: 0.00011742971313651652  abs.TestBoundary: 0j  time: 10.817228857893497
epoch123  rel.Train: 0.01467036436498165  rel.Test: 0.023183642774820327  abs.Test: 0.0001579018059419468  abs.TestBoundary: 0j  time: 10.821730265859514
epoch124  rel.Train: 0.016179497137665748  rel.Test: 0.014980067759752273  abs.Test: 0.00010128331836313009  abs.TestBoundary: 0j  time: 10.812710385303944
epoch125  rel.Train: 0.013591596819460393  rel.Test: 0.01527623388916254  abs.Test: 0.0001033758302219212  abs.TestBoundary: 0j  time: 10.819201567210257
epoch126  rel.Train: 0.014113872483372689  rel.Test: 0.01686415884643793  abs.Test: 0.00011371421336662025  abs.TestBoundary: 0j  time: 10.823038307018578
epoch127  rel.Train: 0.013991150677204132  rel.Test: 0.016318650506436824  abs.Test: 0.00011076770781073719  abs.TestBoundary: 0j  time: 10.832470424007624
epoch128  rel.Train: 0.014874167934060097  rel.Test: 0.01544714231044054  abs.Test: 0.00010426681314129382  abs.TestBoundary: 0j  time: 10.839448562823236
epoch129  rel.Train: 0.01385232412815094  rel.Test: 0.017128578275442122  abs.Test: 0.00011525889480253682  abs.TestBoundary: 0j  time: 10.846637808717787
epoch130  rel.Train: 0.015332875184714795  rel.Test: 0.016875197701156138  abs.Test: 0.00011446528631495312  abs.TestBoundary: 0j  time: 10.849316943902522
epoch131  rel.Train: 0.014640330955386163  rel.Test: 0.015209230072796344  abs.Test: 0.00010283242270816118  abs.TestBoundary: 0j  time: 10.849376541096717
epoch132  rel.Train: 0.01538650269061327  rel.Test: 0.01650235343724489  abs.Test: 0.00011151137907290831  abs.TestBoundary: 0j  time: 10.84781600907445
epoch133  rel.Train: 0.014209424793720246  rel.Test: 0.016376494094729424  abs.Test: 0.00011048998654587194  abs.TestBoundary: 0j  time: 10.851215913891792
epoch134  rel.Train: 0.014774485200643539  rel.Test: 0.01614157874137163  abs.Test: 0.00010911799588939175  abs.TestBoundary: 0j  time: 10.846297729760408
epoch135  rel.Train: 0.014427786812186242  rel.Test: 0.015104096829891205  abs.Test: 0.0001023784966673702  abs.TestBoundary: 0j  time: 10.83976042503491
epoch136  rel.Train: 0.013818326823413373  rel.Test: 0.018464526161551476  abs.Test: 0.0001254615033394657  abs.TestBoundary: 0j  time: 10.830558302812278
epoch137  rel.Train: 0.01425626253336668  rel.Test: 0.016110118329524994  abs.Test: 0.00010903389629675075  abs.TestBoundary: 0j  time: 10.834751904010773
epoch138  rel.Train: 0.013852557063102722  rel.Test: 0.015009247362613679  abs.Test: 0.00010147390858037398  abs.TestBoundary: 0j  time: 10.820086739957333
epoch139  rel.Train: 0.014080635003745555  rel.Test: 0.016840782351791858  abs.Test: 0.00011427887482568622  abs.TestBoundary: 0j  time: 10.816495053935796
epoch140  rel.Train: 0.014049351647496223  rel.Test: 0.01928662359714508  abs.Test: 0.00013121252530254424  abs.TestBoundary: 0j  time: 10.812451953068376
epoch141  rel.Train: 0.014024695888161659  rel.Test: 0.01893203265964985  abs.Test: 0.00012891025631688534  abs.TestBoundary: 0j  time: 10.816208895295858
epoch142  rel.Train: 0.014730463273823262  rel.Test: 0.015588679872453213  abs.Test: 0.00010536790679907426  abs.TestBoundary: 0j  time: 10.822974614333361
epoch143  rel.Train: 0.014450543090701103  rel.Test: 0.01577384054660797  abs.Test: 0.00010676303965738043  abs.TestBoundary: 0j  time: 10.835803994908929
epoch144  rel.Train: 0.014648528307676316  rel.Test: 0.017038085460662843  abs.Test: 0.0001156668073963374  abs.TestBoundary: 0j  time: 10.84551402926445
epoch145  rel.Train: 0.013252010218799114  rel.Test: 0.015884129777550698  abs.Test: 0.00010714278789237142  abs.TestBoundary: 0j  time: 10.846680632792413
epoch146  rel.Train: 0.012846477620303632  rel.Test: 0.014692049697041512  abs.Test: 9.916440496454015e-05  abs.TestBoundary: 0j  time: 10.849270162172616
epoch147  rel.Train: 0.013246724583208561  rel.Test: 0.01581551879644394  abs.Test: 0.00010685701010515914  abs.TestBoundary: 0j  time: 10.852267931681126
epoch148  rel.Train: 0.013735856592655181  rel.Test: 0.014679347015917301  abs.Test: 9.918051771819592e-05  abs.TestBoundary: 0j  time: 10.855116403196007
epoch149  rel.Train: 0.012890572130680084  rel.Test: 0.017206960394978522  abs.Test: 0.00011643802747130394  abs.TestBoundary: 0j  time: 10.842452308163047
epoch150  rel.Train: 0.013895462960004807  rel.Test: 0.015909408032894135  abs.Test: 0.00010784912010421976  abs.TestBoundary: 0j  time: 10.839933428447694
epoch151  rel.Train: 0.013893201068043709  rel.Test: 0.01731314916163683  abs.Test: 0.00011790514021413401  abs.TestBoundary: 0j  time: 10.824818052817136
epoch152  rel.Train: 0.01273858492076397  rel.Test: 0.016046944558620452  abs.Test: 0.0001080598632688634  abs.TestBoundary: 0j  time: 10.829067049082369
epoch153  rel.Train: 0.013646477781236172  rel.Test: 0.016279926784336568  abs.Test: 0.00010915242310147733  abs.TestBoundary: 0j  time: 10.826094882097095
epoch154  rel.Train: 0.013646111622452736  rel.Test: 0.015686053782701492  abs.Test: 0.0001067119842628017  abs.TestBoundary: 0j  time: 10.817925117909908
epoch155  rel.Train: 0.013439001724123954  rel.Test: 0.014176096692681312  abs.Test: 9.58410170278512e-05  abs.TestBoundary: 0j  time: 10.810238375328481
epoch156  rel.Train: 0.014177746392786503  rel.Test: 0.015943431183695792  abs.Test: 0.00010740839585196227  abs.TestBoundary: 0j  time: 10.812056256923825
epoch157  rel.Train: 0.013672225713729858  rel.Test: 0.016427195593714715  abs.Test: 0.0001108708159881644  abs.TestBoundary: 0j  time: 10.827748095151037
epoch158  rel.Train: 0.013444231756031513  rel.Test: 0.01574211735278368  abs.Test: 0.00010609408287564293  abs.TestBoundary: 0j  time: 10.828276267275214
epoch159  rel.Train: 0.013102995812892914  rel.Test: 0.016717005409300326  abs.Test: 0.0001137110183481127  abs.TestBoundary: 0j  time: 10.832199475727975
epoch160  rel.Train: 0.012444514647126198  rel.Test: 0.016515751034021378  abs.Test: 0.00011266225250437856  abs.TestBoundary: 0j  time: 10.847600620239973
epoch161  rel.Train: 0.012242156937718391  rel.Test: 0.015088281892240048  abs.Test: 0.00010238361253868789  abs.TestBoundary: 0j  time: 10.846587996929884
epoch162  rel.Train: 0.012576868750154973  rel.Test: 0.014601517990231514  abs.Test: 9.882399754133076e-05  abs.TestBoundary: 0j  time: 10.842735872138292
epoch163  rel.Train: 0.012859765850007534  rel.Test: 0.015578609853982926  abs.Test: 0.00010573266830760985  abs.TestBoundary: 0j  time: 10.849408854264766
epoch164  rel.Train: 0.012755960904061794  rel.Test: 0.016101853810250758  abs.Test: 0.00010957772785332054  abs.TestBoundary: 0j  time: 10.839437325950712
epoch165  rel.Train: 0.013212614856660367  rel.Test: 0.016049220189452172  abs.Test: 0.00010795031354064121  abs.TestBoundary: 0j  time: 10.836564955767244
epoch166  rel.Train: 0.01302488012611866  rel.Test: 0.014649298563599587  abs.Test: 9.911164350342006e-05  abs.TestBoundary: 0j  time: 10.828879634384066
epoch167  rel.Train: 0.013387839317321777  rel.Test: 0.014578721597790717  abs.Test: 9.882253420073539e-05  abs.TestBoundary: 0j  time: 10.826130833942443
epoch168  rel.Train: 0.013217123463749885  rel.Test: 0.014974903799593448  abs.Test: 0.00010207381710642948  abs.TestBoundary: 0j  time: 10.823677957989275
epoch169  rel.Train: 0.0121743852943182  rel.Test: 0.014614674746990203  abs.Test: 9.874007169855758e-05  abs.TestBoundary: 0j  time: 10.816786938812584
epoch170  rel.Train: 0.011870364315807819  rel.Test: 0.016219441331923008  abs.Test: 0.00010967548238113522  abs.TestBoundary: 0j  time: 10.816447630990297
epoch171  rel.Train: 0.01293616048246622  rel.Test: 0.015329122543334961  abs.Test: 0.00010390317998826504  abs.TestBoundary: 0j  time: 10.815502745099366
epoch172  rel.Train: 0.01267736815661192  rel.Test: 0.01459527462720871  abs.Test: 9.881157224299386e-05  abs.TestBoundary: 0j  time: 10.815364240203053
epoch173  rel.Train: 0.011821081750094891  rel.Test: 0.013903252147138119  abs.Test: 9.409046382643283e-05  abs.TestBoundary: 0j  time: 10.836203416343778
epoch174  rel.Train: 0.011907935038208962  rel.Test: 0.014704844355583191  abs.Test: 9.99277111259289e-05  abs.TestBoundary: 0j  time: 10.839686517138034
epoch175  rel.Train: 0.011967675141990184  rel.Test: 0.014542226530611515  abs.Test: 9.803323278902098e-05  abs.TestBoundary: 0j  time: 10.84964013332501
epoch176  rel.Train: 0.012191103681921958  rel.Test: 0.01721754711121321  abs.Test: 0.00011654693429591134  abs.TestBoundary: 0j  time: 10.857217887416482
epoch177  rel.Train: 0.011721284680068493  rel.Test: 0.014232810512185097  abs.Test: 9.613532281946391e-05  abs.TestBoundary: 0j  time: 10.850799534935504
epoch178  rel.Train: 0.011715630561113358  rel.Test: 0.0170501297339797  abs.Test: 0.00011593104427447543  abs.TestBoundary: 0j  time: 10.857241253834218
epoch179  rel.Train: 0.011669188618659973  rel.Test: 0.013876737616956234  abs.Test: 9.386718505993485e-05  abs.TestBoundary: 0j  time: 10.849340317770839
epoch180  rel.Train: 0.012114202290773392  rel.Test: 0.017265262976288796  abs.Test: 0.00011646284809103236  abs.TestBoundary: 0j  time: 10.842403911054134
epoch181  rel.Train: 0.012548680275678634  rel.Test: 0.014265818931162357  abs.Test: 9.63182290433906e-05  abs.TestBoundary: 0j  time: 10.829948845785111
epoch182  rel.Train: 0.011668188199400902  rel.Test: 0.013983755484223365  abs.Test: 9.436182241188362e-05  abs.TestBoundary: 0j  time: 10.827866700012237
epoch183  rel.Train: 0.011651709452271461  rel.Test: 0.014119003117084503  abs.Test: 9.557848970871418e-05  abs.TestBoundary: 0j  time: 10.81698384694755
epoch184  rel.Train: 0.011613662846386433  rel.Test: 0.015045322924852372  abs.Test: 0.00010189065098529681  abs.TestBoundary: 0j  time: 10.811101512052119
epoch185  rel.Train: 0.013724367141723632  rel.Test: 0.017213165424764157  abs.Test: 0.00011683171323966235  abs.TestBoundary: 0j  time: 10.818841558881104
epoch186  rel.Train: 0.01176361195743084  rel.Test: 0.014775624163448811  abs.Test: 9.974018204957247e-05  abs.TestBoundary: 0j  time: 10.821088743861765
epoch187  rel.Train: 0.011287806332111358  rel.Test: 0.01739082183688879  abs.Test: 0.00011833594617201015  abs.TestBoundary: 0j  time: 10.823415932245553
epoch188  rel.Train: 0.012132678925991059  rel.Test: 0.016424313485622406  abs.Test: 0.0001102831936441362  abs.TestBoundary: 0j  time: 10.832266091834754
epoch189  rel.Train: 0.012649093806743622  rel.Test: 0.014644389040768147  abs.Test: 9.888822474749758e-05  abs.TestBoundary: 0j  time: 10.832911491859704
epoch190  rel.Train: 0.011962011724710465  rel.Test: 0.014998923279345036  abs.Test: 0.00010114753822563217  abs.TestBoundary: 0j  time: 10.845163551159203
epoch191  rel.Train: 0.012989632956683636  rel.Test: 0.01399356085807085  abs.Test: 9.439504967303947e-05  abs.TestBoundary: 0j  time: 10.845226533245295
epoch192  rel.Train: 0.01172017166018486  rel.Test: 0.014173275157809258  abs.Test: 9.591654845280572e-05  abs.TestBoundary: 0j  time: 10.848373043816537
epoch193  rel.Train: 0.011476927690207958  rel.Test: 0.013435406163334846  abs.Test: 9.113518259255215e-05  abs.TestBoundary: 0j  time: 10.857629894744605
epoch194  rel.Train: 0.011244866982102393  rel.Test: 0.016565578505396843  abs.Test: 0.00011215778329642489  abs.TestBoundary: 0j  time: 10.849841241259128
epoch195  rel.Train: 0.011436030507087707  rel.Test: 0.0170278325304389  abs.Test: 0.00011579115380300209  abs.TestBoundary: 0j  time: 10.850434020161629
epoch196  rel.Train: 0.01132712785899639  rel.Test: 0.014424651861190796  abs.Test: 9.816450794460252e-05  abs.TestBoundary: 0j  time: 10.84522949764505
epoch197  rel.Train: 0.011506511032581329  rel.Test: 0.013428472317755222  abs.Test: 9.105079108849167e-05  abs.TestBoundary: 0j  time: 10.830509852152318
epoch198  rel.Train: 0.011670771412551403  rel.Test: 0.015745975933969023  abs.Test: 0.00010611549281748011  abs.TestBoundary: 0j  time: 10.827371285296977
epoch199  rel.Train: 0.011331449657678605  rel.Test: 0.01621577475219965  abs.Test: 0.00011076459282776341  abs.TestBoundary: 0j  time: 10.828894149046391
epoch200  rel.Train: 0.012115559563040734  rel.Test: 0.015658854879438876  abs.Test: 0.00010623739712173119  abs.TestBoundary: 0j  time: 10.824624493252486
epoch201  rel.Train: 0.01184921270608902  rel.Test: 0.014658794850111007  abs.Test: 9.980622620787471e-05  abs.TestBoundary: 0j  time: 10.81732000829652
epoch202  rel.Train: 0.01113226506114006  rel.Test: 0.015276754274964333  abs.Test: 0.00010267405217746272  abs.TestBoundary: 0j  time: 10.825395711231977
epoch203  rel.Train: 0.011134489960968495  rel.Test: 0.014239966124296188  abs.Test: 9.670418570749462e-05  abs.TestBoundary: 0j  time: 10.818150851875544
epoch204  rel.Train: 0.010817731067538262  rel.Test: 0.013986604921519756  abs.Test: 9.47190832812339e-05  abs.TestBoundary: 0j  time: 10.863640317227691
epoch205  rel.Train: 0.011360954642295838  rel.Test: 0.013696763440966606  abs.Test: 9.275508695282042e-05  abs.TestBoundary: 0j  time: 10.909380693919957
epoch206  rel.Train: 0.011199966453015804  rel.Test: 0.01326189573854208  abs.Test: 8.967352943727746e-05  abs.TestBoundary: 0j  time: 10.957936819177121
epoch207  rel.Train: 0.011330879598855972  rel.Test: 0.014204738698899745  abs.Test: 9.653471963247284e-05  abs.TestBoundary: 0j  time: 10.86541636614129
epoch208  rel.Train: 0.010964067980647087  rel.Test: 0.015120774880051613  abs.Test: 0.00010319058084860444  abs.TestBoundary: 0j  time: 10.843464032746851
epoch209  rel.Train: 0.010895949617028236  rel.Test: 0.014068041704595089  abs.Test: 9.511298296274617e-05  abs.TestBoundary: 0j  time: 10.858148212078959
epoch210  rel.Train: 0.010698497992008924  rel.Test: 0.013533939495682717  abs.Test: 9.143186878645792e-05  abs.TestBoundary: 0j  time: 10.838167140726
epoch211  rel.Train: 0.011262690551578998  rel.Test: 0.016452179960906504  abs.Test: 0.00011232846241910011  abs.TestBoundary: 0j  time: 10.84430584218353
epoch212  rel.Train: 0.011039338946342469  rel.Test: 0.013343791961669921  abs.Test: 9.019073913805187e-05  abs.TestBoundary: 0j  time: 10.839964414015412
epoch213  rel.Train: 0.011196187704801559  rel.Test: 0.013558582775294781  abs.Test: 9.173466096399352e-05  abs.TestBoundary: 0j  time: 10.84135885629803
epoch214  rel.Train: 0.010289367012679577  rel.Test: 0.01573176994919777  abs.Test: 0.0001066016496042721  abs.TestBoundary: 0j  time: 10.866733441129327
epoch215  rel.Train: 0.010394965827465057  rel.Test: 0.013638940267264843  abs.Test: 9.242598316632211e-05  abs.TestBoundary: 0j  time: 10.843678323086351
epoch216  rel.Train: 0.010225285343825817  rel.Test: 0.01402882557362318  abs.Test: 9.539141930872574e-05  abs.TestBoundary: 0j  time: 10.831804730929434
epoch217  rel.Train: 0.010248147696256638  rel.Test: 0.013537411130964756  abs.Test: 9.175808809231966e-05  abs.TestBoundary: 0j  time: 10.83135448815301
epoch218  rel.Train: 0.010516122348606587  rel.Test: 0.01359750583767891  abs.Test: 9.204440517351032e-05  abs.TestBoundary: 0j  time: 10.834170434158295
epoch219  rel.Train: 0.00999528655409813  rel.Test: 0.014658378511667252  abs.Test: 9.915840812027454e-05  abs.TestBoundary: 0j  time: 10.829895314760506
epoch220  rel.Train: 0.011131467424333095  rel.Test: 0.01432119458913803  abs.Test: 9.663498407462612e-05  abs.TestBoundary: 0j  time: 10.837322392966598
epoch221  rel.Train: 0.011244792453944684  rel.Test: 0.013781229183077812  abs.Test: 9.30140819400549e-05  abs.TestBoundary: 0j  time: 10.830771639943123
epoch222  rel.Train: 0.010534743927419186  rel.Test: 0.013052217476069928  abs.Test: 8.822748233797029e-05  abs.TestBoundary: 0j  time: 10.823095596861094
epoch223  rel.Train: 0.01053061842918396  rel.Test: 0.01307798508554697  abs.Test: 8.829913305817172e-05  abs.TestBoundary: 0j  time: 10.82858974672854
epoch224  rel.Train: 0.010169121675193309  rel.Test: 0.013862583637237549  abs.Test: 9.391585917910561e-05  abs.TestBoundary: 0j  time: 10.826062459964305
epoch225  rel.Train: 0.010359762221574783  rel.Test: 0.013129365108907222  abs.Test: 8.882947004167363e-05  abs.TestBoundary: 0j  time: 10.817841646261513
epoch226  rel.Train: 0.009920328967273235  rel.Test: 0.013122289516031742  abs.Test: 8.895827835658565e-05  abs.TestBoundary: 0j  time: 10.822710274718702
epoch227  rel.Train: 0.010088602431118488  rel.Test: 0.013788198232650756  abs.Test: 9.362406010041013e-05  abs.TestBoundary: 0j  time: 10.821018937975168
epoch228  rel.Train: 0.010270355075597763  rel.Test: 0.013713107630610465  abs.Test: 9.24212409881875e-05  abs.TestBoundary: 0j  time: 10.827306783292443
epoch229  rel.Train: 0.009974273093044758  rel.Test: 0.012482555247843266  abs.Test: 8.446713967714458e-05  abs.TestBoundary: 0j  time: 10.838492919690907
epoch230  rel.Train: 0.009687068711966276  rel.Test: 0.01373143568634987  abs.Test: 9.313442918937654e-05  abs.TestBoundary: 0j  time: 10.852649027947336
epoch231  rel.Train: 0.010811146341264248  rel.Test: 0.013910909444093704  abs.Test: 9.389253245899454e-05  abs.TestBoundary: 0j  time: 10.860726271290332
epoch232  rel.Train: 0.010172662518918515  rel.Test: 0.014392363019287585  abs.Test: 9.80280409567058e-05  abs.TestBoundary: 0j  time: 10.868769666180015
epoch233  rel.Train: 0.009933204997330905  rel.Test: 0.013103778399527073  abs.Test: 8.855748106725514e-05  abs.TestBoundary: 0j  time: 10.857273438945413
epoch234  rel.Train: 0.01009528934955597  rel.Test: 0.013459623716771603  abs.Test: 9.056140581378713e-05  abs.TestBoundary: 0j  time: 10.848412808962166
epoch235  rel.Train: 0.010080798462033271  rel.Test: 0.013875556848943234  abs.Test: 9.363161225337536e-05  abs.TestBoundary: 0j  time: 10.846285704057664
epoch236  rel.Train: 0.010406186833977699  rel.Test: 0.013789431452751159  abs.Test: 9.358420269563795e-05  abs.TestBoundary: 0j  time: 10.847552779130638
epoch237  rel.Train: 0.010008177559822798  rel.Test: 0.012598874308168887  abs.Test: 8.509189763572067e-05  abs.TestBoundary: 0j  time: 10.845832820981741
epoch238  rel.Train: 0.009771888520568608  rel.Test: 0.012896221019327641  abs.Test: 8.715180883882568e-05  abs.TestBoundary: 0j  time: 10.82879259577021
epoch239  rel.Train: 0.009524997286498547  rel.Test: 0.014925120547413826  abs.Test: 0.00010086777328979223  abs.TestBoundary: 0j  time: 10.815200012177229
epoch240  rel.Train: 0.010104312248528004  rel.Test: 0.013520361073315144  abs.Test: 9.163618029560894e-05  abs.TestBoundary: 0j  time: 10.818531233817339
epoch241  rel.Train: 0.009951397761702537  rel.Test: 0.012506881952285767  abs.Test: 8.458984055323526e-05  abs.TestBoundary: 0j  time: 10.817311055026948
epoch242  rel.Train: 0.009998974695801735  rel.Test: 0.013485032133758068  abs.Test: 9.065771562745795e-05  abs.TestBoundary: 0j  time: 10.82524554617703
epoch243  rel.Train: 0.009316527403891087  rel.Test: 0.012840031534433366  abs.Test: 8.68058085325174e-05  abs.TestBoundary: 0j  time: 10.837890220806003
epoch244  rel.Train: 0.010003957025706767  rel.Test: 0.012347715422511101  abs.Test: 8.341218926943839e-05  abs.TestBoundary: 0j  time: 10.83348731789738
epoch245  rel.Train: 0.009336424201726914  rel.Test: 0.01301824651658535  abs.Test: 8.789687446551397e-05  abs.TestBoundary: 0j  time: 10.841140650212765
epoch246  rel.Train: 0.009531175840646028  rel.Test: 0.014327507726848125  abs.Test: 9.696201770566404e-05  abs.TestBoundary: 0j  time: 10.84394117211923
epoch247  rel.Train: 0.00984929781779647  rel.Test: 0.013405061140656472  abs.Test: 9.057015005964786e-05  abs.TestBoundary: 0j  time: 10.855139506049454
epoch248  rel.Train: 0.00900323424115777  rel.Test: 0.012520839162170887  abs.Test: 8.474210422718897e-05  abs.TestBoundary: 0j  time: 10.864494008943439
epoch249  rel.Train: 0.009302915897220373  rel.Test: 0.013569358587265015  abs.Test: 9.143276722170412e-05  abs.TestBoundary: 0j  time: 10.84004965191707
epoch250  rel.Train: 0.009172166664153337  rel.Test: 0.012837643660604954  abs.Test: 8.677351550431922e-05  abs.TestBoundary: 0j  time: 10.80558704584837
epoch251  rel.Train: 0.00981474032998085  rel.Test: 0.013715584985911846  abs.Test: 9.311437606811524e-05  abs.TestBoundary: 0j  time: 10.77589103486389
epoch252  rel.Train: 0.010015878032892942  rel.Test: 0.014215590804815293  abs.Test: 9.620378143154084e-05  abs.TestBoundary: 0j  time: 10.761947649065405
epoch253  rel.Train: 0.00966324957087636  rel.Test: 0.013091647066175938  abs.Test: 8.863716851919889e-05  abs.TestBoundary: 0j  time: 10.758832835126668
epoch254  rel.Train: 0.00938984101265669  rel.Test: 0.013223741427063942  abs.Test: 8.950219460530207e-05  abs.TestBoundary: 0j  time: 10.754440269898623
epoch255  rel.Train: 0.009236280538141727  rel.Test: 0.014775335155427456  abs.Test: 0.00010036292049335316  abs.TestBoundary: 0j  time: 10.76583863934502
epoch256  rel.Train: 0.00921419858559966  rel.Test: 0.012417289912700653  abs.Test: 8.385469351196662e-05  abs.TestBoundary: 0j  time: 10.769409588072449
epoch257  rel.Train: 0.008969165354967118  rel.Test: 0.012905697636306286  abs.Test: 8.703728817636148e-05  abs.TestBoundary: 0j  time: 10.788329591974616
epoch258  rel.Train: 0.009004267141222953  rel.Test: 0.014330004826188087  abs.Test: 9.707163466373459e-05  abs.TestBoundary: 0j  time: 10.799626080784947
epoch259  rel.Train: 0.008909919239580632  rel.Test: 0.012574594505131244  abs.Test: 8.496773050865159e-05  abs.TestBoundary: 0j  time: 10.815781217068434
epoch260  rel.Train: 0.008950518306344748  rel.Test: 0.012834169566631318  abs.Test: 8.699744299519807e-05  abs.TestBoundary: 0j  time: 10.831197709776461
epoch261  rel.Train: 0.009035729046911  rel.Test: 0.01252897821366787  abs.Test: 8.472684334265068e-05  abs.TestBoundary: 0j  time: 10.841390658169985
epoch262  rel.Train: 0.008748922161757947  rel.Test: 0.012420831210911275  abs.Test: 8.406740351347253e-05  abs.TestBoundary: 0j  time: 10.85493986401707
epoch263  rel.Train: 0.009416062332689762  rel.Test: 0.012507964745163918  abs.Test: 8.43401046586223e-05  abs.TestBoundary: 0j  time: 10.845826930832118
epoch264  rel.Train: 0.00924843667075038  rel.Test: 0.013010283224284649  abs.Test: 8.788110048044473e-05  abs.TestBoundary: 0j  time: 10.828296204097569
epoch265  rel.Train: 0.008333484299480914  rel.Test: 0.013330858685076236  abs.Test: 9.054219903191552e-05  abs.TestBoundary: 0j  time: 10.818589766975492
epoch266  rel.Train: 0.009297545291483402  rel.Test: 0.013252858258783817  abs.Test: 8.949888753704726e-05  abs.TestBoundary: 0j  time: 10.81297406880185
epoch267  rel.Train: 0.009124831534922122  rel.Test: 0.013226800821721554  abs.Test: 8.971279399702325e-05  abs.TestBoundary: 0j  time: 10.802382606081665
epoch268  rel.Train: 0.008444612145423889  rel.Test: 0.012402593232691288  abs.Test: 8.37340732687153e-05  abs.TestBoundary: 0j  time: 10.794708289206028
epoch269  rel.Train: 0.008483333971351386  rel.Test: 0.012382561303675176  abs.Test: 8.38162112631835e-05  abs.TestBoundary: 0j  time: 10.786655015312135
epoch270  rel.Train: 0.008732026655226946  rel.Test: 0.012005688138306141  abs.Test: 8.130501577397808e-05  abs.TestBoundary: 0j  time: 10.789435668382794
epoch271  rel.Train: 0.0086138687543571  rel.Test: 0.012820433788001538  abs.Test: 8.659557934151963e-05  abs.TestBoundary: 0j  time: 10.782560643739998
epoch272  rel.Train: 0.008641073394566774  rel.Test: 0.012655890546739101  abs.Test: 8.53527890285477e-05  abs.TestBoundary: 0j  time: 10.781913076061755
epoch273  rel.Train: 0.008472478706389666  rel.Test: 0.012014440707862378  abs.Test: 8.119324236758984e-05  abs.TestBoundary: 0j  time: 10.788141178898513
epoch274  rel.Train: 0.008369156509637833  rel.Test: 0.012063729949295521  abs.Test: 8.162240759702399e-05  abs.TestBoundary: 0j  time: 10.798484304919839
epoch275  rel.Train: 0.008452289648354053  rel.Test: 0.012762653008103371  abs.Test: 8.672377589391544e-05  abs.TestBoundary: 0j  time: 10.811281001195312
epoch276  rel.Train: 0.00831984492763877  rel.Test: 0.01272365339100361  abs.Test: 8.568150224164128e-05  abs.TestBoundary: 0j  time: 10.822686072904617
epoch277  rel.Train: 0.008694452181458473  rel.Test: 0.012303670197725295  abs.Test: 8.298286586068571e-05  abs.TestBoundary: 0j  time: 10.834244581870735
epoch278  rel.Train: 0.008355171866714955  rel.Test: 0.012116493210196495  abs.Test: 8.181946264812723e-05  abs.TestBoundary: 0j  time: 10.826276388950646
epoch279  rel.Train: 0.008156873010098934  rel.Test: 0.012973803691565991  abs.Test: 8.823714655591175e-05  abs.TestBoundary: 0j  time: 10.827235013246536
epoch280  rel.Train: 0.008436475414782763  rel.Test: 0.012336748391389847  abs.Test: 8.352251606993377e-05  abs.TestBoundary: 0j  time: 10.815032650250942
epoch281  rel.Train: 0.00835182572901249  rel.Test: 0.014809971153736114  abs.Test: 0.00010096521960804238  abs.TestBoundary: 0j  time: 10.808426532894373
epoch282  rel.Train: 0.008821447007358074  rel.Test: 0.012329710014164448  abs.Test: 8.336524973856285e-05  abs.TestBoundary: 0j  time: 10.804769239854068
epoch283  rel.Train: 0.008780742425471545  rel.Test: 0.012634257301688195  abs.Test: 8.53626214666292e-05  abs.TestBoundary: 0j  time: 10.793583750259131
epoch284  rel.Train: 0.008341567251831293  rel.Test: 0.012133350372314453  abs.Test: 8.208712009945885e-05  abs.TestBoundary: 0j  time: 10.799865382257849
epoch285  rel.Train: 0.007936929922550916  rel.Test: 0.013730815909802914  abs.Test: 9.346295904833823e-05  abs.TestBoundary: 0j  time: 10.78139229118824
epoch286  rel.Train: 0.008284093011170626  rel.Test: 0.011868760883808137  abs.Test: 8.030959259485825e-05  abs.TestBoundary: 0j  time: 10.782142608892173
epoch287  rel.Train: 0.007860699113458394  rel.Test: 0.012370151430368424  abs.Test: 8.391622119233943e-05  abs.TestBoundary: 0j  time: 10.783296635374427
epoch288  rel.Train: 0.008405652597546578  rel.Test: 0.011845629848539829  abs.Test: 8.011224592337385e-05  abs.TestBoundary: 0j  time: 10.797589223831892
epoch289  rel.Train: 0.008374966572970152  rel.Test: 0.012839911431074142  abs.Test: 8.665546076372266e-05  abs.TestBoundary: 0j  time: 10.79491807706654
epoch290  rel.Train: 0.008270236477255822  rel.Test: 0.0119938887283206  abs.Test: 8.104826876660809e-05  abs.TestBoundary: 0j  time: 10.810452819801867
epoch291  rel.Train: 0.007651136729866267  rel.Test: 0.01189610417932272  abs.Test: 8.049785654293373e-05  abs.TestBoundary: 0j  time: 10.812785418704152
epoch292  rel.Train: 0.007956105563789607  rel.Test: 0.012256728932261467  abs.Test: 8.294837811263278e-05  abs.TestBoundary: 0j  time: 10.823970129247755
epoch293  rel.Train: 0.008297465570271015  rel.Test: 0.011812615990638733  abs.Test: 7.988172175828368e-05  abs.TestBoundary: 0j  time: 10.827542933635414
epoch294  rel.Train: 0.008059458963572979  rel.Test: 0.012149245887994766  abs.Test: 8.19989523733966e-05  abs.TestBoundary: 0j  time: 10.821951947174966
epoch295  rel.Train: 0.007689175706356764  rel.Test: 0.011709380447864532  abs.Test: 7.911943714134396e-05  abs.TestBoundary: 0j  time: 10.819313410203904
epoch296  rel.Train: 0.007901396483182907  rel.Test: 0.01228629793971777  abs.Test: 8.31792430835776e-05  abs.TestBoundary: 0j  time: 10.81502572633326
epoch297  rel.Train: 0.007842065632343293  rel.Test: 0.012203541658818722  abs.Test: 8.212532993638888e-05  abs.TestBoundary: 0j  time: 10.807429387234151
epoch298  rel.Train: 0.007538357194513083  rel.Test: 0.012192604131996632  abs.Test: 8.220071555115283e-05  abs.TestBoundary: 0j  time: 10.800114788580686
epoch299  rel.Train: 0.007828310634940862  rel.Test: 0.01211731880903244  abs.Test: 8.178031479474158e-05  abs.TestBoundary: 0j  time: 10.790464227087796
epoch300  rel.Train: 0.007599189769476652  rel.Test: 0.011963371336460114  abs.Test: 8.071578427916393e-05  abs.TestBoundary: 0j  time: 10.792063248809427
epoch301  rel.Train: 0.007435400579124689  rel.Test: 0.01218562375754118  abs.Test: 8.257873050752096e-05  abs.TestBoundary: 0j  time: 10.784643441904336
epoch302  rel.Train: 0.007641782108694315  rel.Test: 0.01261828664690256  abs.Test: 8.486537466524168e-05  abs.TestBoundary: 0j  time: 10.792372894007713
epoch303  rel.Train: 0.007501390546560288  rel.Test: 0.01214928463101387  abs.Test: 8.203220757422969e-05  abs.TestBoundary: 0j  time: 10.789917152840644
epoch304  rel.Train: 0.007352922238409519  rel.Test: 0.011629584729671478  abs.Test: 7.872282236348838e-05  abs.TestBoundary: 0j  time: 10.797936810180545
epoch305  rel.Train: 0.007339011382311583  rel.Test: 0.012515325248241425  abs.Test: 8.497449074639008e-05  abs.TestBoundary: 0j  time: 10.809764056000859
epoch306  rel.Train: 0.00806680491566658  rel.Test: 0.011848185993731022  abs.Test: 8.00911503029056e-05  abs.TestBoundary: 0j  time: 10.809494138229638
epoch307  rel.Train: 0.007623131696134806  rel.Test: 0.01180295206606388  abs.Test: 8.00214271293953e-05  abs.TestBoundary: 0j  time: 10.829779235646129
epoch308  rel.Train: 0.0072555233091115955  rel.Test: 0.011854214631021022  abs.Test: 8.01915061310865e-05  abs.TestBoundary: 0j  time: 10.831757456995547
epoch309  rel.Train: 0.00723358304053545  rel.Test: 0.012923496998846531  abs.Test: 8.730967703741044e-05  abs.TestBoundary: 0j  time: 10.834709207061678
epoch310  rel.Train: 0.00741282507032156  rel.Test: 0.011709763519465923  abs.Test: 7.905493897851557e-05  abs.TestBoundary: 0j  time: 10.83320800960064
epoch311  rel.Train: 0.007271296970546246  rel.Test: 0.011476899087429047  abs.Test: 7.754286605631932e-05  abs.TestBoundary: 0j  time: 10.818451905157417
epoch312  rel.Train: 0.00708321975916624  rel.Test: 0.011395933888852596  abs.Test: 7.701817870838568e-05  abs.TestBoundary: 0j  time: 10.801753319334239
epoch313  rel.Train: 0.006876637019217014  rel.Test: 0.01184743817895651  abs.Test: 8.015242041437886e-05  abs.TestBoundary: 0j  time: 10.80507014784962
epoch314  rel.Train: 0.007366145554929972  rel.Test: 0.012487085349857808  abs.Test: 8.432659175014123e-05  abs.TestBoundary: 0j  time: 10.791315338108689
epoch315  rel.Train: 0.007547293283045292  rel.Test: 0.011555860079824924  abs.Test: 7.813677773810924e-05  abs.TestBoundary: 0j  time: 10.787033549044281
epoch316  rel.Train: 0.007150428388267755  rel.Test: 0.011618492491543293  abs.Test: 7.845675456337631e-05  abs.TestBoundary: 0j  time: 10.783344154246151
epoch317  rel.Train: 0.0069725651405751704  rel.Test: 0.011615642718970776  abs.Test: 7.852853101212531e-05  abs.TestBoundary: 0j  time: 10.779211719054729
epoch318  rel.Train: 0.006973297841846943  rel.Test: 0.012501881718635558  abs.Test: 8.451701520243659e-05  abs.TestBoundary: 0j  time: 10.787333691027015
epoch319  rel.Train: 0.007166401851922273  rel.Test: 0.011816983111202717  abs.Test: 7.98499419761356e-05  abs.TestBoundary: 0j  time: 10.793572932947427
epoch320  rel.Train: 0.007016440067440272  rel.Test: 0.011510242074728012  abs.Test: 7.780451574944892e-05  abs.TestBoundary: 0j  time: 10.796403391752392
epoch321  rel.Train: 0.007082249402999878  rel.Test: 0.011830307394266128  abs.Test: 8.023122805752791e-05  abs.TestBoundary: 0j  time: 10.811691635288298
epoch322  rel.Train: 0.007022989813238382  rel.Test: 0.011623347215354442  abs.Test: 7.860546931624412e-05  abs.TestBoundary: 0j  time: 10.818165516015142
epoch323  rel.Train: 0.007009042359888554  rel.Test: 0.01165477942675352  abs.Test: 7.899686839664355e-05  abs.TestBoundary: 0j  time: 10.834074928890914
epoch324  rel.Train: 0.007036131080240011  rel.Test: 0.011341659799218178  abs.Test: 7.656537723960355e-05  abs.TestBoundary: 0j  time: 10.82616640534252
epoch325  rel.Train: 0.007070692010223865  rel.Test: 0.01185062352567911  abs.Test: 8.030668046558275e-05  abs.TestBoundary: 0j  time: 10.824265867006034
epoch326  rel.Train: 0.0067717162817716595  rel.Test: 0.011372141130268574  abs.Test: 7.681891467655078e-05  abs.TestBoundary: 0j  time: 10.815891514066607
epoch327  rel.Train: 0.0067531802207231525  rel.Test: 0.011637270748615265  abs.Test: 7.882069287006743e-05  abs.TestBoundary: 0j  time: 10.800571393687278
epoch328  rel.Train: 0.0067173451371490955  rel.Test: 0.011742967665195465  abs.Test: 7.925439305836335e-05  abs.TestBoundary: 0j  time: 10.800426661036909
epoch329  rel.Train: 0.00710275411978364  rel.Test: 0.011578371822834015  abs.Test: 7.804377324646338e-05  abs.TestBoundary: 0j  time: 10.791481265798211
epoch330  rel.Train: 0.007267488833516836  rel.Test: 0.011690016016364097  abs.Test: 7.919190160464495e-05  abs.TestBoundary: 0j  time: 10.785945128183812
epoch331  rel.Train: 0.00732819651812315  rel.Test: 0.0116903255879879  abs.Test: 7.885573693783954e-05  abs.TestBoundary: 0j  time: 10.787286683451384
epoch332  rel.Train: 0.007000392090529203  rel.Test: 0.012418831698596478  abs.Test: 8.416883589234204e-05  abs.TestBoundary: 0j  time: 10.789601744152606
epoch333  rel.Train: 0.006696806158870459  rel.Test: 0.011798166409134865  abs.Test: 7.979092304594815e-05  abs.TestBoundary: 0j  time: 10.789145442191511
epoch334  rel.Train: 0.0066301776021718975  rel.Test: 0.01130254864692688  abs.Test: 7.629401734448038e-05  abs.TestBoundary: 0j  time: 10.800939050968736
epoch335  rel.Train: 0.00658307321369648  rel.Test: 0.01158795464783907  abs.Test: 7.837111363187432e-05  abs.TestBoundary: 0j  time: 10.809948719106615
epoch336  rel.Train: 0.006452090557664633  rel.Test: 0.011235508993268013  abs.Test: 7.58503757242579e-05  abs.TestBoundary: 0j  time: 10.824467973783612
epoch337  rel.Train: 0.006442937653511762  rel.Test: 0.011571849696338177  abs.Test: 7.806726207491011e-05  abs.TestBoundary: 0j  time: 10.826365740038455
epoch338  rel.Train: 0.006211636237800121  rel.Test: 0.011215182207524776  abs.Test: 7.587312866235152e-05  abs.TestBoundary: 0j  time: 10.842132691759616
epoch339  rel.Train: 0.00621218703314662  rel.Test: 0.01144145306199789  abs.Test: 7.740240660496056e-05  abs.TestBoundary: 0j  time: 10.829979638103396
epoch340  rel.Train: 0.00629286652430892  rel.Test: 0.011353406943380833  abs.Test: 7.667158846743405e-05  abs.TestBoundary: 0j  time: 10.829873605631292
epoch341  rel.Train: 0.0063090045787394045  rel.Test: 0.011322290599346162  abs.Test: 7.648781727766619e-05  abs.TestBoundary: 0j  time: 10.826197884045541
epoch342  rel.Train: 0.006276209436357021  rel.Test: 0.011817596144974232  abs.Test: 7.98838357150089e-05  abs.TestBoundary: 0j  time: 10.82027958985418
epoch343  rel.Train: 0.0065111336223781105  rel.Test: 0.011341623924672604  abs.Test: 7.669028564123437e-05  abs.TestBoundary: 0j  time: 10.804218323901296
epoch344  rel.Train: 0.006498520515859127  rel.Test: 0.011456526890397072  abs.Test: 7.741548557532951e-05  abs.TestBoundary: 0j  time: 10.797409957740456
epoch345  rel.Train: 0.006288087137043476  rel.Test: 0.011295742504298687  abs.Test: 7.63080856995657e-05  abs.TestBoundary: 0j  time: 10.797613522037864
epoch346  rel.Train: 0.0066949776373803616  rel.Test: 0.011346846036612988  abs.Test: 7.650407584151253e-05  abs.TestBoundary: 0j  time: 10.789146298076957
epoch347  rel.Train: 0.006409078523516655  rel.Test: 0.011313213594257831  abs.Test: 7.648134327610023e-05  abs.TestBoundary: 0j  time: 10.785799065604806
epoch348  rel.Train: 0.006214924346655607  rel.Test: 0.011414065770804883  abs.Test: 7.728490119916387e-05  abs.TestBoundary: 0j  time: 10.78289249399677
epoch349  rel.Train: 0.006170659735798836  rel.Test: 0.01132242925465107  abs.Test: 7.667131299967877e-05  abs.TestBoundary: 0j  time: 10.788965600077063
epoch350  rel.Train: 0.006571636579930783  rel.Test: 0.011292097829282284  abs.Test: 7.63151835417375e-05  abs.TestBoundary: 0j  time: 10.79251888813451
epoch351  rel.Train: 0.00636936318129301  rel.Test: 0.011204358674585819  abs.Test: 7.582897727843374e-05  abs.TestBoundary: 0j  time: 10.798960689920932
epoch352  rel.Train: 0.006076356951147318  rel.Test: 0.012104916200041772  abs.Test: 8.197328454116359e-05  abs.TestBoundary: 0j  time: 10.81543539185077
epoch353  rel.Train: 0.006168441630899906  rel.Test: 0.011154547445476054  abs.Test: 7.54364211752545e-05  abs.TestBoundary: 0j  time: 10.814849929884076
epoch354  rel.Train: 0.005985241923481226  rel.Test: 0.010962949059903622  abs.Test: 7.407964774756692e-05  abs.TestBoundary: 0j  time: 10.828065962065011
epoch355  rel.Train: 0.00596044858917594  rel.Test: 0.011165510416030883  abs.Test: 7.53863007412292e-05  abs.TestBoundary: 0j  time: 10.828298385255039
epoch356  rel.Train: 0.005981173485517501  rel.Test: 0.011209134720265865  abs.Test: 7.581136349472218e-05  abs.TestBoundary: 0j  time: 10.82558501791209
epoch357  rel.Train: 0.005897491965442896  rel.Test: 0.011160618476569652  abs.Test: 7.539142752648331e-05  abs.TestBoundary: 0j  time: 10.821341847069561
epoch358  rel.Train: 0.006187355950474739  rel.Test: 0.011189002878963947  abs.Test: 7.55537698569242e-05  abs.TestBoundary: 0j  time: 10.810888264328241
epoch359  rel.Train: 0.006273065552115441  rel.Test: 0.011220917999744416  abs.Test: 7.58803598000668e-05  abs.TestBoundary: 0j  time: 10.80534451175481
epoch360  rel.Train: 0.005909188892692327  rel.Test: 0.01115920279175043  abs.Test: 7.547684072051197e-05  abs.TestBoundary: 0j  time: 10.805961687117815
epoch361  rel.Train: 0.0058776307441294195  rel.Test: 0.011052830591797829  abs.Test: 7.475287959096021e-05  abs.TestBoundary: 0j  time: 10.790331318974495
epoch362  rel.Train: 0.005733305413275957  rel.Test: 0.01107728213071823  abs.Test: 7.485894573619589e-05  abs.TestBoundary: 0j  time: 10.788765374105424
epoch363  rel.Train: 0.0057566814720630645  rel.Test: 0.011061259247362613  abs.Test: 7.465594957466237e-05  abs.TestBoundary: 0j  time: 10.79237773315981
epoch364  rel.Train: 0.005749912526458502  rel.Test: 0.011078930795192718  abs.Test: 7.482907312805764e-05  abs.TestBoundary: 0j  time: 10.788392894901335
epoch365  rel.Train: 0.005795440532267094  rel.Test: 0.011035114340484143  abs.Test: 7.451770536135882e-05  abs.TestBoundary: 0j  time: 10.791030020918697
epoch366  rel.Train: 0.005680257610976696  rel.Test: 0.01099261425435543  abs.Test: 7.424131836160086e-05  abs.TestBoundary: 0j  time: 10.801234487909824
epoch367  rel.Train: 0.005713530629873276  rel.Test: 0.011065299473702907  abs.Test: 7.477408900740556e-05  abs.TestBoundary: 0j  time: 10.952715473249555
epoch368  rel.Train: 0.006005913116037846  rel.Test: 0.011297082975506783  abs.Test: 7.643059580004774e-05  abs.TestBoundary: 0j  time: 10.814997981768101
epoch369  rel.Train: 0.005882968515157699  rel.Test: 0.011096471920609474  abs.Test: 7.498674502130598e-05  abs.TestBoundary: 0j  time: 10.818642165977508
epoch370  rel.Train: 0.0057071889713406565  rel.Test: 0.011321046203374863  abs.Test: 7.659473936655559e-05  abs.TestBoundary: 0j  time: 10.820829536765814
epoch371  rel.Train: 0.005634118124842644  rel.Test: 0.010981139726936817  abs.Test: 7.414954758132808e-05  abs.TestBoundary: 0j  time: 10.826199653092772
epoch372  rel.Train: 0.005611329242587089  rel.Test: 0.011056175269186497  abs.Test: 7.467106624972075e-05  abs.TestBoundary: 0j  time: 10.82566731190309
epoch373  rel.Train: 0.005668085724115372  rel.Test: 0.011044134125113488  abs.Test: 7.463095404091292e-05  abs.TestBoundary: 0j  time: 10.82451538508758
epoch374  rel.Train: 0.005460070677101612  rel.Test: 0.011162507012486458  abs.Test: 7.563000021036714e-05  abs.TestBoundary: 0j  time: 10.819770479109138
epoch375  rel.Train: 0.005570401050150394  rel.Test: 0.010927142985165119  abs.Test: 7.385300996247679e-05  abs.TestBoundary: 0j  time: 10.815186799038202
epoch376  rel.Train: 0.005577578958123922  rel.Test: 0.010927341729402542  abs.Test: 7.387711317278444e-05  abs.TestBoundary: 0j  time: 10.802309602033347
epoch377  rel.Train: 0.005386540707200765  rel.Test: 0.010962553396821022  abs.Test: 7.404067480820231e-05  abs.TestBoundary: 0j  time: 10.80947577394545
epoch378  rel.Train: 0.0055416905507445335  rel.Test: 0.011057186871767044  abs.Test: 7.480907734134235e-05  abs.TestBoundary: 0j  time: 10.799993155058473
epoch379  rel.Train: 0.0058595588579773905  rel.Test: 0.011115109287202359  abs.Test: 7.503335014916956e-05  abs.TestBoundary: 0j  time: 10.798009919933975
epoch380  rel.Train: 0.005502368580549955  rel.Test: 0.010899243652820587  abs.Test: 7.359192008152604e-05  abs.TestBoundary: 0j  time: 10.790068605914712
epoch381  rel.Train: 0.0053832967877388  rel.Test: 0.010922254398465156  abs.Test: 7.378214460914023e-05  abs.TestBoundary: 0j  time: 10.789670305326581
epoch382  rel.Train: 0.005405045252293348  rel.Test: 0.010908819548785687  abs.Test: 7.371659303316847e-05  abs.TestBoundary: 0j  time: 10.788465287070721
epoch383  rel.Train: 0.005509993594139814  rel.Test: 0.011055399514734745  abs.Test: 7.467088857083581e-05  abs.TestBoundary: 0j  time: 10.787882906384766
epoch384  rel.Train: 0.005498148813843727  rel.Test: 0.011041345931589603  abs.Test: 7.457646846887655e-05  abs.TestBoundary: 0j  time: 10.784579072147608
epoch385  rel.Train: 0.005344271212816238  rel.Test: 0.01083122294396162  abs.Test: 7.319594704313203e-05  abs.TestBoundary: 0j  time: 10.810692379716784
epoch386  rel.Train: 0.005229426108300686  rel.Test: 0.010959171392023563  abs.Test: 7.40226433845237e-05  abs.TestBoundary: 0j  time: 10.79580994322896
epoch387  rel.Train: 0.00527473222464323  rel.Test: 0.01099670846015215  abs.Test: 7.435691426508129e-05  abs.TestBoundary: 0j  time: 10.804370804689825
epoch388  rel.Train: 0.00516390123590827  rel.Test: 0.010968962386250496  abs.Test: 7.403952011372894e-05  abs.TestBoundary: 0j  time: 10.812200248241425
epoch389  rel.Train: 0.005317345514893532  rel.Test: 0.01092416349798441  abs.Test: 7.381729723419994e-05  abs.TestBoundary: 0j  time: 10.810171087738127
epoch390  rel.Train: 0.005359018880873918  rel.Test: 0.011052756793797016  abs.Test: 7.458678795956075e-05  abs.TestBoundary: 0j  time: 10.816952662076801
epoch391  rel.Train: 0.005152205832302571  rel.Test: 0.01091172568500042  abs.Test: 7.365849858615548e-05  abs.TestBoundary: 0j  time: 10.814534896984696
epoch392  rel.Train: 0.005087695058435202  rel.Test: 0.010912042334675789  abs.Test: 7.3756812926149e-05  abs.TestBoundary: 0j  time: 10.812056742142886
epoch393  rel.Train: 0.005070406097918749  rel.Test: 0.010858444012701512  abs.Test: 7.3417635721853e-05  abs.TestBoundary: 0j  time: 10.815140434075147
epoch394  rel.Train: 0.005019139729440212  rel.Test: 0.010973483510315418  abs.Test: 7.417538581648842e-05  abs.TestBoundary: 0j  time: 10.798540365882218
epoch395  rel.Train: 0.005162224665284157  rel.Test: 0.010881176441907883  abs.Test: 7.35311112657655e-05  abs.TestBoundary: 0j  time: 10.7936677262187
epoch396  rel.Train: 0.005163825575262308  rel.Test: 0.011058203913271426  abs.Test: 7.472206008969806e-05  abs.TestBoundary: 0j  time: 10.797455199062824
epoch397  rel.Train: 0.005009698629379273  rel.Test: 0.010813219733536243  abs.Test: 7.307620224310085e-05  abs.TestBoundary: 0j  time: 10.801886174827814
epoch398  rel.Train: 0.004942433424293995  rel.Test: 0.010846150554716587  abs.Test: 7.32911106024403e-05  abs.TestBoundary: 0j  time: 10.793752014171332
epoch399  rel.Train: 0.004980079587548971  rel.Test: 0.010874271728098392  abs.Test: 7.344433091930114e-05  abs.TestBoundary: 0j  time: 10.790945429820567
epoch400  rel.Train: 0.004914634492248297  rel.Test: 0.010864685960114003  abs.Test: 7.340150288655423e-05  abs.TestBoundary: 0j  time: 10.793643000070006
epoch401  rel.Train: 0.004918682996183634  rel.Test: 0.01090001590549946  abs.Test: 7.365691839368082e-05  abs.TestBoundary: 0j  time: 10.793270997703075
epoch402  rel.Train: 0.004896768126636744  rel.Test: 0.010828126557171344  abs.Test: 7.31629085203167e-05  abs.TestBoundary: 0j  time: 10.792367928195745
epoch403  rel.Train: 0.004949851952493191  rel.Test: 0.011039797179400922  abs.Test: 7.472745550330728e-05  abs.TestBoundary: 0j  time: 10.793024936690927
epoch404  rel.Train: 0.005053748607635498  rel.Test: 0.010943087115883827  abs.Test: 7.404931384371593e-05  abs.TestBoundary: 0j  time: 10.80757999792695
epoch405  rel.Train: 0.00499638232588768  rel.Test: 0.010847169049084187  abs.Test: 7.324976118979975e-05  abs.TestBoundary: 0j  time: 10.804943080991507
epoch406  rel.Train: 0.0049049539417028425  rel.Test: 0.0108979706838727  abs.Test: 7.357979789958335e-05  abs.TestBoundary: 0j  time: 10.806679686065763
epoch407  rel.Train: 0.004916005153208971  rel.Test: 0.010740191675722599  abs.Test: 7.257142526214011e-05  abs.TestBoundary: 0j  time: 10.812381936237216
epoch408  rel.Train: 0.004864716291427612  rel.Test: 0.010839395597577095  abs.Test: 7.325383761781267e-05  abs.TestBoundary: 0j  time: 10.82731214677915
epoch409  rel.Train: 0.004849820382893086  rel.Test: 0.010825904309749603  abs.Test: 7.312988978810608e-05  abs.TestBoundary: 0j  time: 10.817676519043744
epoch410  rel.Train: 0.0048031702414155  rel.Test: 0.01082084596157074  abs.Test: 7.312724846997298e-05  abs.TestBoundary: 0j  time: 10.817664708010852
epoch411  rel.Train: 0.004829930484294891  rel.Test: 0.010913326665759086  abs.Test: 7.380978422588669e-05  abs.TestBoundary: 0j  time: 10.821348167955875
epoch412  rel.Train: 0.004819222569465638  rel.Test: 0.010809601992368698  abs.Test: 7.300422090338544e-05  abs.TestBoundary: 0j  time: 10.830729819834232
epoch413  rel.Train: 0.004775934737175703  rel.Test: 0.010736683830618859  abs.Test: 7.250946553540416e-05  abs.TestBoundary: 0j  time: 10.816536607220769
epoch414  rel.Train: 0.004771808035671711  rel.Test: 0.010807546302676201  abs.Test: 7.299219883861951e-05  abs.TestBoundary: 0j  time: 10.81377693777904
epoch415  rel.Train: 0.004755264103412628  rel.Test: 0.01079869583249092  abs.Test: 7.302008802071214e-05  abs.TestBoundary: 0j  time: 10.806681126821786
epoch416  rel.Train: 0.00476085814088583  rel.Test: 0.010829466953873634  abs.Test: 7.316363058635034e-05  abs.TestBoundary: 0j  time: 10.800965333823115
epoch417  rel.Train: 0.004715926975011825  rel.Test: 0.010797217041254043  abs.Test: 7.293104252312333e-05  abs.TestBoundary: 0j  time: 10.798043631017208
epoch418  rel.Train: 0.00468695230409503  rel.Test: 0.010823648534715175  abs.Test: 7.310440385481343e-05  abs.TestBoundary: 0j  time: 10.787437281105667
epoch419  rel.Train: 0.004669799054041504  rel.Test: 0.010776387676596642  abs.Test: 7.283864630153403e-05  abs.TestBoundary: 0j  time: 10.78069327166304
epoch420  rel.Train: 0.004723065122961998  rel.Test: 0.010772573053836823  abs.Test: 7.273760231328196e-05  abs.TestBoundary: 0j  time: 10.78928067162633
epoch421  rel.Train: 0.0047055024374276395  rel.Test: 0.010880653895437718  abs.Test: 7.353967972449026e-05  abs.TestBoundary: 0j  time: 10.774376357905567
epoch422  rel.Train: 0.004659673146903515  rel.Test: 0.010817937664687633  abs.Test: 7.31341763457749e-05  abs.TestBoundary: 0j  time: 10.786571434233338
epoch423  rel.Train: 0.004634009677916765  rel.Test: 0.010731675662100315  abs.Test: 7.248856694786809e-05  abs.TestBoundary: 0j  time: 10.790513456333429
epoch424  rel.Train: 0.0045812100321054455  rel.Test: 0.010761045515537263  abs.Test: 7.270286601851695e-05  abs.TestBoundary: 0j  time: 10.801799708977342
epoch425  rel.Train: 0.004593159040436149  rel.Test: 0.010821735970675945  abs.Test: 7.314307920751162e-05  abs.TestBoundary: 0j  time: 10.81906389305368
epoch426  rel.Train: 0.004563326191157103  rel.Test: 0.01074538629502058  abs.Test: 7.262651954079047e-05  abs.TestBoundary: 0j  time: 10.829016746021807
epoch427  rel.Train: 0.00463736691698432  rel.Test: 0.010817868188023567  abs.Test: 7.302914440515451e-05  abs.TestBoundary: 0j  time: 10.819377905223519
epoch428  rel.Train: 0.004589385420083999  rel.Test: 0.010805096328258514  abs.Test: 7.30358180589974e-05  abs.TestBoundary: 0j  time: 10.821330157108605
epoch429  rel.Train: 0.00455057386867702  rel.Test: 0.010764754749834538  abs.Test: 7.27180956164375e-05  abs.TestBoundary: 0j  time: 10.813110196962953
epoch430  rel.Train: 0.004541904103010893  rel.Test: 0.010761255510151385  abs.Test: 7.272780916537159e-05  abs.TestBoundary: 0j  time: 10.817638773936778
epoch431  rel.Train: 0.00453581134416163  rel.Test: 0.010740291140973569  abs.Test: 7.257137491251342e-05  abs.TestBoundary: 0j  time: 10.806800802703947
epoch432  rel.Train: 0.004520226437598467  rel.Test: 0.010749811306595802  abs.Test: 7.265584383276292e-05  abs.TestBoundary: 0j  time: 10.795185235794634
epoch433  rel.Train: 0.004505338007584214  rel.Test: 0.010780068561434746  abs.Test: 7.287018772331066e-05  abs.TestBoundary: 0j  time: 10.790122264064848
epoch434  rel.Train: 0.004506027264520526  rel.Test: 0.010722930505871774  abs.Test: 7.243959335028194e-05  abs.TestBoundary: 0j  time: 10.778451506979764
epoch435  rel.Train: 0.004497110459953547  rel.Test: 0.010740031562745571  abs.Test: 7.25566667097155e-05  abs.TestBoundary: 0j  time: 10.78055378375575
epoch436  rel.Train: 0.004501659266650677  rel.Test: 0.010716473534703255  abs.Test: 7.239347803988494e-05  abs.TestBoundary: 0j  time: 10.785535928793252
epoch437  rel.Train: 0.0044641165174543855  rel.Test: 0.01071749173104763  abs.Test: 7.240305261802859e-05  abs.TestBoundary: 0j  time: 10.794936057180166
epoch438  rel.Train: 0.004473877204582095  rel.Test: 0.010686996392905712  abs.Test: 7.218361468403601e-05  abs.TestBoundary: 0j  time: 10.796873665880412
epoch439  rel.Train: 0.004437835693359375  rel.Test: 0.010738791599869728  abs.Test: 7.256022843648679e-05  abs.TestBoundary: 0j  time: 10.81656910199672
epoch440  rel.Train: 0.004434047361835837  rel.Test: 0.010738820433616639  abs.Test: 7.256627082824707e-05  abs.TestBoundary: 0j  time: 10.814574600663036
epoch441  rel.Train: 0.004420521596446634  rel.Test: 0.010695117935538291  abs.Test: 7.231216295622289e-05  abs.TestBoundary: 0j  time: 10.828549936879426
epoch442  rel.Train: 0.004436049843207002  rel.Test: 0.010699791200459004  abs.Test: 7.226176632684655e-05  abs.TestBoundary: 0j  time: 10.816418432164937
epoch443  rel.Train: 0.004413368294015527  rel.Test: 0.010732382796704769  abs.Test: 7.249122485518456e-05  abs.TestBoundary: 0j  time: 10.815626729279757
epoch444  rel.Train: 0.00441976204700768  rel.Test: 0.010689761564135552  abs.Test: 7.218134138383902e-05  abs.TestBoundary: 0j  time: 10.811114043928683
epoch445  rel.Train: 0.004416999068111181  rel.Test: 0.010733285024762153  abs.Test: 7.25350677384995e-05  abs.TestBoundary: 0j  time: 10.794574761763215
epoch446  rel.Train: 0.004379236087203026  rel.Test: 0.010687958858907222  abs.Test: 7.221515916171484e-05  abs.TestBoundary: 0j  time: 10.785557225812227
epoch447  rel.Train: 0.0043857555501163005  rel.Test: 0.01070591688156128  abs.Test: 7.23383809963707e-05  abs.TestBoundary: 0j  time: 10.788050826173276
epoch448  rel.Train: 0.004373004538938403  rel.Test: 0.01072394173592329  abs.Test: 7.244835302117281e-05  abs.TestBoundary: 0j  time: 10.77807011315599
epoch449  rel.Train: 0.004356127940118313  rel.Test: 0.010703403614461421  abs.Test: 7.232488540466875e-05  abs.TestBoundary: 0j  time: 10.779092791024595
epoch450  rel.Train: 0.0043570701405406  rel.Test: 0.010720007680356502  abs.Test: 7.243682572152465e-05  abs.TestBoundary: 0j  time: 10.783328068908304
epoch451  rel.Train: 0.004352441785857081  rel.Test: 0.010691142752766608  abs.Test: 7.222650951007382e-05  abs.TestBoundary: 0j  time: 10.798927036579698
epoch452  rel.Train: 0.004353735834360123  rel.Test: 0.01072240136563778  abs.Test: 7.242616164148785e-05  abs.TestBoundary: 0j  time: 10.801404017955065
epoch453  rel.Train: 0.004327524527907372  rel.Test: 0.01066795650869608  abs.Test: 7.206054724520072e-05  abs.TestBoundary: 0j  time: 10.80746059678495
epoch454  rel.Train: 0.004329373616725207  rel.Test: 0.010684008821845054  abs.Test: 7.217789796413854e-05  abs.TestBoundary: 0j  time: 10.815836547408253
epoch455  rel.Train: 0.004323514882475138  rel.Test: 0.010700980946421624  abs.Test: 7.230056871776469e-05  abs.TestBoundary: 0j  time: 10.811631585936993
epoch456  rel.Train: 0.004326492758467793  rel.Test: 0.010664305724203587  abs.Test: 7.202866821899078e-05  abs.TestBoundary: 0j  time: 10.812373105902225
epoch457  rel.Train: 0.004310116121545434  rel.Test: 0.010674154721200466  abs.Test: 7.209388917544856e-05  abs.TestBoundary: 0j  time: 10.810041453689337
epoch458  rel.Train: 0.004296303767710924  rel.Test: 0.010690543092787266  abs.Test: 7.224874338135123e-05  abs.TestBoundary: 0j  time: 10.80176396900788
epoch459  rel.Train: 0.004290901469066739  rel.Test: 0.010669704005122184  abs.Test: 7.208303984953091e-05  abs.TestBoundary: 0j  time: 10.79756626393646
epoch460  rel.Train: 0.004295148087665439  rel.Test: 0.010675525106489659  abs.Test: 7.211827163700945e-05  abs.TestBoundary: 0j  time: 10.803347204811871
epoch461  rel.Train: 0.004285506961867213  rel.Test: 0.010676437579095364  abs.Test: 7.212843673187308e-05  abs.TestBoundary: 0j  time: 10.786452417261899
epoch462  rel.Train: 0.004282030034810305  rel.Test: 0.01067629836499691  abs.Test: 7.2134848596761e-05  abs.TestBoundary: 0j  time: 10.792223762720823
epoch463  rel.Train: 0.004277188777923584  rel.Test: 0.010666964910924434  abs.Test: 7.20684789121151e-05  abs.TestBoundary: 0j  time: 10.79101255722344
epoch464  rel.Train: 0.004265209542587399  rel.Test: 0.010659426003694534  abs.Test: 7.200533567811363e-05  abs.TestBoundary: 0j  time: 10.785045974887908
epoch465  rel.Train: 0.004264948017895222  rel.Test: 0.010689744278788566  abs.Test: 7.221849635243416e-05  abs.TestBoundary: 0j  time: 10.795714695006609
epoch466  rel.Train: 0.004259634021669626  rel.Test: 0.010672873929142951  abs.Test: 7.21114146290347e-05  abs.TestBoundary: 0j  time: 10.799840028397739
epoch467  rel.Train: 0.004259871071204543  rel.Test: 0.010678522400557994  abs.Test: 7.212723241536878e-05  abs.TestBoundary: 0j  time: 10.811384072061628
epoch468  rel.Train: 0.004252976436167955  rel.Test: 0.010664583146572114  abs.Test: 7.203787565231323e-05  abs.TestBoundary: 0j  time: 10.808130060788244
epoch469  rel.Train: 0.004252099413424731  rel.Test: 0.010654334276914597  abs.Test: 7.197792117949575e-05  abs.TestBoundary: 0j  time: 10.805693738162518
epoch470  rel.Train: 0.004244396440684795  rel.Test: 0.010667852461338043  abs.Test: 7.207382310298272e-05  abs.TestBoundary: 0j  time: 10.798044434282929
epoch471  rel.Train: 0.0042336618881672625  rel.Test: 0.010668273456394673  abs.Test: 7.20893255493138e-05  abs.TestBoundary: 0j  time: 10.8006756529212
epoch472  rel.Train: 0.004237727301195264  rel.Test: 0.01066463753581047  abs.Test: 7.205837813671678e-05  abs.TestBoundary: 0j  time: 10.791427876800299
epoch473  rel.Train: 0.004226778974756599  rel.Test: 0.010680287890136243  abs.Test: 7.214839817606844e-05  abs.TestBoundary: 0j  time: 10.78637062991038
epoch474  rel.Train: 0.004226409524679184  rel.Test: 0.010682346522808075  abs.Test: 7.21721549052745e-05  abs.TestBoundary: 0j  time: 10.784613617230207
epoch475  rel.Train: 0.00422243819385767  rel.Test: 0.010677026957273484  abs.Test: 7.213841352495365e-05  abs.TestBoundary: 0j  time: 10.782337195705622
epoch476  rel.Train: 0.0042202058583498  rel.Test: 0.010659921206533909  abs.Test: 7.201085012638942e-05  abs.TestBoundary: 0j  time: 10.769084198400378
epoch477  rel.Train: 0.0042162973657250405  rel.Test: 0.010670799054205418  abs.Test: 7.209342991700396e-05  abs.TestBoundary: 0j  time: 10.777485569939017
epoch478  rel.Train: 0.0042169752828776835  rel.Test: 0.01067326933145523  abs.Test: 7.21063335367944e-05  abs.TestBoundary: 0j  time: 10.777200571261346
epoch479  rel.Train: 0.004209829781204462  rel.Test: 0.010650807805359364  abs.Test: 7.194942052592524e-05  abs.TestBoundary: 0j  time: 10.78961792215705
epoch480  rel.Train: 0.00420826631039381  rel.Test: 0.010673318319022655  abs.Test: 7.211177959106862e-05  abs.TestBoundary: 0j  time: 10.795512299984694
epoch481  rel.Train: 0.004207570357248187  rel.Test: 0.010664268620312214  abs.Test: 7.203526562079787e-05  abs.TestBoundary: 0j  time: 10.798926149960607
epoch482  rel.Train: 0.004205859063193202  rel.Test: 0.010672067403793334  abs.Test: 7.210875919554383e-05  abs.TestBoundary: 0j  time: 10.807541070040315
epoch483  rel.Train: 0.004200322329998016  rel.Test: 0.010672301277518273  abs.Test: 7.210976807982661e-05  abs.TestBoundary: 0j  time: 10.808120085392147
epoch484  rel.Train: 0.00419655916467309  rel.Test: 0.010664626955986023  abs.Test: 7.204658599221148e-05  abs.TestBoundary: 0j  time: 10.797922173980623
epoch485  rel.Train: 0.004192193927243352  rel.Test: 0.010668366365134716  abs.Test: 7.20760652620811e-05  abs.TestBoundary: 0j  time: 10.800431628711522
epoch486  rel.Train: 0.004193795738741755  rel.Test: 0.010674493871629238  abs.Test: 7.212312397314235e-05  abs.TestBoundary: 0j  time: 10.783465906046331
epoch487  rel.Train: 0.004191161185503006  rel.Test: 0.01065924670547247  abs.Test: 7.199888437753543e-05  abs.TestBoundary: 0j  time: 10.782516731880605
epoch488  rel.Train: 0.004191506333649159  rel.Test: 0.0106526330858469  abs.Test: 7.197023340268061e-05  abs.TestBoundary: 0j  time: 10.775130153167993
epoch489  rel.Train: 0.004188708437606692  rel.Test: 0.010655089020729066  abs.Test: 7.199071071227081e-05  abs.TestBoundary: 0j  time: 10.773518660105765
epoch490  rel.Train: 0.00418766650557518  rel.Test: 0.010659971423447132  abs.Test: 7.201400789199398e-05  abs.TestBoundary: 0j  time: 10.777083691675216
epoch491  rel.Train: 0.004186066661030054  rel.Test: 0.010665287859737874  abs.Test: 7.206041045719758e-05  abs.TestBoundary: 0j  time: 10.774136872962117
epoch492  rel.Train: 0.004184964215382934  rel.Test: 0.010664891041815281  abs.Test: 7.205511152278631e-05  abs.TestBoundary: 0j  time: 10.775591174140573
epoch493  rel.Train: 0.0041836220473051074  rel.Test: 0.010669344514608383  abs.Test: 7.209618648630567e-05  abs.TestBoundary: 0j  time: 10.78722903644666
epoch494  rel.Train: 0.0041835464425384996  rel.Test: 0.010660847313702107  abs.Test: 7.201937318313866e-05  abs.TestBoundary: 0j  time: 10.80290033435449
epoch495  rel.Train: 0.004182163272053003  rel.Test: 0.01065987378358841  abs.Test: 7.201811575214379e-05  abs.TestBoundary: 0j  time: 10.798916480969638
epoch496  rel.Train: 0.0041797277759760615  rel.Test: 0.010651683881878853  abs.Test: 7.195140293333679e-05  abs.TestBoundary: 0j  time: 10.80403514765203
epoch497  rel.Train: 0.0041787255108356475  rel.Test: 0.010663232319056987  abs.Test: 7.204618086689151e-05  abs.TestBoundary: 0j  time: 10.80981786455959
epoch498  rel.Train: 0.0041803014855831865  rel.Test: 0.010665622241795063  abs.Test: 7.206234178738668e-05  abs.TestBoundary: 0j  time: 10.810809645801783
epoch499  rel.Train: 0.004178340015932917  rel.Test: 0.010661902464926242  abs.Test: 7.202437511296012e-05  abs.TestBoundary: 0j  time: 10.797143843024969
