original data: in (1324, 421, 421) out (1324, 421, 421)
used data: x_train (1000, 44521, 3) y_train (1000, 44521, 1) x_test (200, 44521, 3) y_test (200, 44521, 1)
############################################################ config of data ############################################################
type: normal
L: 1.0
downsample_ratio: 2
n_train: 1000
n_test: 200
pca_include_input: False
pca_include_grid: False
should_include_F: False
should_flatten: True
should_compute_bases: True
############################################################ config of model ############################################################
in_dim: 3
out_dim: 1
fc_channels: 128
layer_channels: [128, 128, 128, 128, 128]
layer_types: ['GalerkinConv', 'GalerkinConv', 'GalerkinConv', 'GalerkinConv']
act: gelu
should_residual: [False, False, False, False]
modes_gk: [512, 512, 512, 512]
bases_types: ['fourier', 'fourier', 'fourier', 'fourier']
wbases_types: ['fourier', 'fourier', 'fourier', 'fourier']
green_types: ['DiagLrMGreen', 'DiagLrMGreen', 'DiagLrMGreen', 'DiagLrMGreen']
ranks_h: [8, 8, 8, 8]
levels: [4, 4, 4, 4]
ranks_d: [4, 4, 4, 4]
heads: [4, 4, 4, 4]
############################################################ config of train ############################################################
device: cuda
normalization_x: True
normalization_y: True
normalization_dim: []
epochs: 500
batch_size: 8
scheduler: OneCycleLR
base_lr: 0.001
weight_decay: 0.0001
milestones: None
scheduler_gamma: None
############################################################ Start Training ############################################################
number of parameters is 8602881
no boundary loss
epoch0  rel.Train: 0.4009466452598572  rel.Test: 0.32143730998039244  abs.Test: 0.0021711419010534885  abs.TestBoundary: 0j  time: 15.217441909946501
epoch1  rel.Train: 0.31440112900733946  rel.Test: 0.28354236721992493  abs.Test: 0.0019045964907854795  abs.TestBoundary: 0j  time: 9.564687001053244
epoch2  rel.Train: 0.2645561656951904  rel.Test: 0.25128757417201997  abs.Test: 0.0017000318272039293  abs.TestBoundary: 0j  time: 9.603322045877576
epoch3  rel.Train: 0.23149438726902008  rel.Test: 0.22968171834945678  abs.Test: 0.0015404420159757137  abs.TestBoundary: 0j  time: 9.620446261018515
epoch4  rel.Train: 0.2087013565301895  rel.Test: 0.21793607950210572  abs.Test: 0.001470194545108825  abs.TestBoundary: 0j  time: 9.633073667995632
epoch5  rel.Train: 0.1927438508272171  rel.Test: 0.21436951220035552  abs.Test: 0.001441442957147956  abs.TestBoundary: 0j  time: 9.659079643897712
epoch6  rel.Train: 0.18466891306638716  rel.Test: 0.21759298980236053  abs.Test: 0.0014676165767014027  abs.TestBoundary: 0j  time: 9.694841575343162
epoch7  rel.Train: 0.17374429929256438  rel.Test: 0.20454389333724976  abs.Test: 0.0013784798001870513  abs.TestBoundary: 0j  time: 9.713746093213558
epoch8  rel.Train: 0.16154966455698014  rel.Test: 0.20145013809204101  abs.Test: 0.0013627302274107933  abs.TestBoundary: 0j  time: 9.715850295964628
epoch9  rel.Train: 0.15415325337648392  rel.Test: 0.1781596463918686  abs.Test: 0.0012045368342660367  abs.TestBoundary: 0j  time: 9.716341803781688
epoch10  rel.Train: 0.13615338933467866  rel.Test: 0.1441157180070877  abs.Test: 0.0009733556676656007  abs.TestBoundary: 0j  time: 9.718742765020579
epoch11  rel.Train: 0.11795113772153855  rel.Test: 0.10045421838760377  abs.Test: 0.0006781000597402454  abs.TestBoundary: 0j  time: 9.70315919490531
epoch12  rel.Train: 0.09404489004611968  rel.Test: 0.08366219758987427  abs.Test: 0.0005633581231813877  abs.TestBoundary: 0j  time: 9.706353907939047
epoch13  rel.Train: 0.08750153422355651  rel.Test: 0.08165838360786438  abs.Test: 0.0005516471096780151  abs.TestBoundary: 0j  time: 9.705584988929331
epoch14  rel.Train: 0.08339678865671157  rel.Test: 0.0881400927901268  abs.Test: 0.0006056543660815805  abs.TestBoundary: 0j  time: 9.692785885185003
epoch15  rel.Train: 0.083988076120615  rel.Test: 0.07818560123443603  abs.Test: 0.0005307772208470852  abs.TestBoundary: 0j  time: 9.685822215862572
epoch16  rel.Train: 0.07732998296618461  rel.Test: 0.08093700408935547  abs.Test: 0.0005538848566357047  abs.TestBoundary: 0j  time: 9.686006904114038
epoch17  rel.Train: 0.07763824814558029  rel.Test: 0.06975093066692352  abs.Test: 0.00047065555234439673  abs.TestBoundary: 0j  time: 9.69346070010215
epoch18  rel.Train: 0.07162011906504631  rel.Test: 0.07316320031881332  abs.Test: 0.0004992933268658816  abs.TestBoundary: 0j  time: 9.684618248138577
epoch19  rel.Train: 0.07093467453122139  rel.Test: 0.06722627550363541  abs.Test: 0.00045308900997042656  abs.TestBoundary: 0j  time: 9.688454096205533
epoch20  rel.Train: 0.07101257637143135  rel.Test: 0.06584511026740074  abs.Test: 0.00044495031936094166  abs.TestBoundary: 0j  time: 9.694539720192552
epoch21  rel.Train: 0.07124827963113785  rel.Test: 0.06809100687503815  abs.Test: 0.00045822441461496055  abs.TestBoundary: 0j  time: 9.710148897953331
epoch22  rel.Train: 0.06880223461985588  rel.Test: 0.06212395057082176  abs.Test: 0.00042276009218767286  abs.TestBoundary: 0j  time: 9.71069884672761
epoch23  rel.Train: 0.06314882177114486  rel.Test: 0.060901509523391725  abs.Test: 0.0004112479917239398  abs.TestBoundary: 0j  time: 9.712562499102205
epoch24  rel.Train: 0.06271163743734359  rel.Test: 0.05879693210124969  abs.Test: 0.0003981492680031806  abs.TestBoundary: 0j  time: 9.750624389387667
epoch25  rel.Train: 0.06296167486906051  rel.Test: 0.05532723769545555  abs.Test: 0.00037498648394830526  abs.TestBoundary: 0j  time: 9.757170289754868
epoch26  rel.Train: 0.056662152141332627  rel.Test: 0.05276605188846588  abs.Test: 0.0003575780754908919  abs.TestBoundary: 0j  time: 9.767456986941397
epoch27  rel.Train: 0.05577705481648445  rel.Test: 0.05876410886645317  abs.Test: 0.00040014979895204307  abs.TestBoundary: 0j  time: 9.795629677828401
epoch28  rel.Train: 0.05437307575345039  rel.Test: 0.05212745830416679  abs.Test: 0.0003542156016919762  abs.TestBoundary: 0j  time: 9.80691204406321
epoch29  rel.Train: 0.0537202567756176  rel.Test: 0.05030247390270233  abs.Test: 0.0003417113784234971  abs.TestBoundary: 0j  time: 9.829575062263757
epoch30  rel.Train: 0.05088027343153954  rel.Test: 0.05316691532731056  abs.Test: 0.0003581239108461887  abs.TestBoundary: 0j  time: 9.820963227190077
epoch31  rel.Train: 0.049867493480443954  rel.Test: 0.0513935312628746  abs.Test: 0.00034875654964707794  abs.TestBoundary: 0j  time: 9.788262961897999
epoch32  rel.Train: 0.05069042310118675  rel.Test: 0.05139791026711464  abs.Test: 0.0003465326025616378  abs.TestBoundary: 0j  time: 9.744940912816674
epoch33  rel.Train: 0.049857907056808475  rel.Test: 0.048571251481771466  abs.Test: 0.0003299143654294312  abs.TestBoundary: 0j  time: 9.715491808019578
epoch34  rel.Train: 0.04858337244391441  rel.Test: 0.04593271523714065  abs.Test: 0.0003111775231081992  abs.TestBoundary: 0j  time: 9.695905318018049
epoch35  rel.Train: 0.04708205690979957  rel.Test: 0.04827545627951622  abs.Test: 0.00032556454301811753  abs.TestBoundary: 0j  time: 9.694314156658947
epoch36  rel.Train: 0.046807633370161056  rel.Test: 0.04533200576901436  abs.Test: 0.000306098978035152  abs.TestBoundary: 0j  time: 9.693003688007593
epoch37  rel.Train: 0.04550043472647667  rel.Test: 0.04414982408285141  abs.Test: 0.00029902007430791854  abs.TestBoundary: 0j  time: 9.68230729456991
epoch38  rel.Train: 0.04450205671787262  rel.Test: 0.04443951591849327  abs.Test: 0.00030191709869541227  abs.TestBoundary: 0j  time: 9.69021962583065
epoch39  rel.Train: 0.04506074559688568  rel.Test: 0.0433591316640377  abs.Test: 0.0002937174297403544  abs.TestBoundary: 0j  time: 9.693610426969826
epoch40  rel.Train: 0.04426655372977257  rel.Test: 0.05554318875074386  abs.Test: 0.0003711476898752153  abs.TestBoundary: 0j  time: 9.703905882779509
epoch41  rel.Train: 0.045912893503904345  rel.Test: 0.0435337370634079  abs.Test: 0.00029652574216015637  abs.TestBoundary: 0j  time: 9.715680744033307
epoch42  rel.Train: 0.041570936024188994  rel.Test: 0.04169016346335411  abs.Test: 0.000281593783874996  abs.TestBoundary: 0j  time: 9.724591553676873
epoch43  rel.Train: 0.04101846313476563  rel.Test: 0.041589903831481936  abs.Test: 0.00028275455872062594  abs.TestBoundary: 0j  time: 9.738251946866512
epoch44  rel.Train: 0.04127136966586113  rel.Test: 0.042224413752555846  abs.Test: 0.0002857891214080155  abs.TestBoundary: 0j  time: 9.746997655369341
epoch45  rel.Train: 0.03990567882359028  rel.Test: 0.04396091252565384  abs.Test: 0.0002988236572127789  abs.TestBoundary: 0j  time: 9.745497310068458
epoch46  rel.Train: 0.04051287233829498  rel.Test: 0.03946113646030426  abs.Test: 0.0002665629464900121  abs.TestBoundary: 0j  time: 9.7689751656726
epoch47  rel.Train: 0.03912313315272331  rel.Test: 0.037444937974214554  abs.Test: 0.00025386172288563105  abs.TestBoundary: 0j  time: 9.77567140199244
epoch48  rel.Train: 0.039411222204566  rel.Test: 0.04209966391324997  abs.Test: 0.00028458416578359903  abs.TestBoundary: 0j  time: 9.782630567904562
epoch49  rel.Train: 0.03838794906437397  rel.Test: 0.037293116226792336  abs.Test: 0.00025307483098004015  abs.TestBoundary: 0j  time: 9.801985069178045
epoch50  rel.Train: 0.040008265495300295  rel.Test: 0.03800924777984619  abs.Test: 0.00025758433097507807  abs.TestBoundary: 0j  time: 9.792769385036081
epoch51  rel.Train: 0.03711019943654537  rel.Test: 0.03788825564086437  abs.Test: 0.00025752892426680776  abs.TestBoundary: 0j  time: 9.791407148353755
epoch52  rel.Train: 0.03771262246370315  rel.Test: 0.03877877309918404  abs.Test: 0.00026135217398405076  abs.TestBoundary: 0j  time: 9.785431150812656
epoch53  rel.Train: 0.0378033240288496  rel.Test: 0.03971051335334778  abs.Test: 0.0002675650909077376  abs.TestBoundary: 0j  time: 9.78046673629433
epoch54  rel.Train: 0.035898406833410265  rel.Test: 0.03591415122151375  abs.Test: 0.00024342623364645988  abs.TestBoundary: 0j  time: 9.776573354844004
epoch55  rel.Train: 0.03682261441648006  rel.Test: 0.036029196977615356  abs.Test: 0.00024426157353445887  abs.TestBoundary: 0j  time: 9.76602662820369
epoch56  rel.Train: 0.03634448909759522  rel.Test: 0.036608305126428604  abs.Test: 0.00024711773614399134  abs.TestBoundary: 0j  time: 9.746243541594595
epoch57  rel.Train: 0.03481437043845653  rel.Test: 0.03539029449224472  abs.Test: 0.00023937559279147536  abs.TestBoundary: 0j  time: 9.724314691033214
epoch58  rel.Train: 0.035544552713632584  rel.Test: 0.03407857060432434  abs.Test: 0.0002311908226693049  abs.TestBoundary: 0j  time: 9.720311436336488
epoch59  rel.Train: 0.03590034911036492  rel.Test: 0.04347114190459252  abs.Test: 0.0002955756313167512  abs.TestBoundary: 0j  time: 9.709115912206471
epoch60  rel.Train: 0.034771037936210634  rel.Test: 0.033716796115040776  abs.Test: 0.00022875119582749904  abs.TestBoundary: 0j  time: 9.70719608804211
epoch61  rel.Train: 0.03280453360080719  rel.Test: 0.03207158386707306  abs.Test: 0.000218202710384503  abs.TestBoundary: 0j  time: 9.70758037129417
epoch62  rel.Train: 0.032576954066753386  rel.Test: 0.03244881883263588  abs.Test: 0.00021980776451528073  abs.TestBoundary: 0j  time: 9.718051447998732
epoch63  rel.Train: 0.033320209756493566  rel.Test: 0.03142571739852428  abs.Test: 0.0002127670997288078  abs.TestBoundary: 0j  time: 9.717992932070047
epoch64  rel.Train: 0.032873769849538804  rel.Test: 0.031583427339792254  abs.Test: 0.00021395587013103067  abs.TestBoundary: 0j  time: 9.719794183038175
epoch65  rel.Train: 0.03386514841020107  rel.Test: 0.030978341922163963  abs.Test: 0.0002095340908272192  abs.TestBoundary: 0j  time: 9.714292633812875
epoch66  rel.Train: 0.03201476868987083  rel.Test: 0.031204129755496978  abs.Test: 0.0002116043074056506  abs.TestBoundary: 0j  time: 9.716417896095663
epoch67  rel.Train: 0.03324905908107757  rel.Test: 0.03642679870128632  abs.Test: 0.0002456254424760118  abs.TestBoundary: 0j  time: 9.725484395865351
epoch68  rel.Train: 0.032678883984684944  rel.Test: 0.03328866012394428  abs.Test: 0.00022531219059601426  abs.TestBoundary: 0j  time: 9.719391704071313
epoch69  rel.Train: 0.03098478911817074  rel.Test: 0.032062503397464755  abs.Test: 0.00021785851451568304  abs.TestBoundary: 0j  time: 9.716942178085446
epoch70  rel.Train: 0.03058606381714344  rel.Test: 0.03146986469626427  abs.Test: 0.00021295374142937362  abs.TestBoundary: 0j  time: 9.719138552900404
epoch71  rel.Train: 0.03165567889809608  rel.Test: 0.03029016576707363  abs.Test: 0.00020514735544566065  abs.TestBoundary: 0j  time: 9.717930815648288
epoch72  rel.Train: 0.030574498921632765  rel.Test: 0.0312418170273304  abs.Test: 0.00021179444098379463  abs.TestBoundary: 0j  time: 9.724088531918824
epoch73  rel.Train: 0.030610873743891716  rel.Test: 0.03025257706642151  abs.Test: 0.00020547726075164974  abs.TestBoundary: 0j  time: 9.72151853190735
epoch74  rel.Train: 0.030212791860103606  rel.Test: 0.029145573899149894  abs.Test: 0.0001976576610468328  abs.TestBoundary: 0j  time: 9.717512276023626
epoch75  rel.Train: 0.029308956623077392  rel.Test: 0.029867156818509103  abs.Test: 0.00020181412342935802  abs.TestBoundary: 0j  time: 9.71808768901974
epoch76  rel.Train: 0.029673531860113143  rel.Test: 0.03462271973490715  abs.Test: 0.00023602615692652762  abs.TestBoundary: 0j  time: 9.715205592103302
epoch77  rel.Train: 0.02935106910765171  rel.Test: 0.02880025386810303  abs.Test: 0.00019500365189742297  abs.TestBoundary: 0j  time: 9.714314851909876
epoch78  rel.Train: 0.02909427264332771  rel.Test: 0.02904486246407032  abs.Test: 0.00019700157572515308  abs.TestBoundary: 0j  time: 9.716837367974222
epoch79  rel.Train: 0.02892208494246006  rel.Test: 0.032278121411800385  abs.Test: 0.00021946310589555652  abs.TestBoundary: 0j  time: 9.697096657007933
epoch80  rel.Train: 0.028919787466526032  rel.Test: 0.032350828126072886  abs.Test: 0.00021732587018050253  abs.TestBoundary: 0j  time: 9.696575585287064
epoch81  rel.Train: 0.030299225568771362  rel.Test: 0.03253022260963917  abs.Test: 0.00022080298804212363  abs.TestBoundary: 0j  time: 9.700060095172375
epoch82  rel.Train: 0.02833126635849476  rel.Test: 0.029281895011663436  abs.Test: 0.00019768416415899992  abs.TestBoundary: 0j  time: 9.687988430261612
epoch83  rel.Train: 0.028044456005096436  rel.Test: 0.02930400997400284  abs.Test: 0.0001982569391839206  abs.TestBoundary: 0j  time: 9.695869418792427
epoch84  rel.Train: 0.028738817736506463  rel.Test: 0.02931338667869568  abs.Test: 0.00019771205610595642  abs.TestBoundary: 0j  time: 9.680473554879427
epoch85  rel.Train: 0.02795381806790829  rel.Test: 0.03528949111700058  abs.Test: 0.00023775116424076259  abs.TestBoundary: 0j  time: 9.680317422840744
epoch86  rel.Train: 0.02909890854358673  rel.Test: 0.02842658743262291  abs.Test: 0.0001925957464845851  abs.TestBoundary: 0j  time: 9.681993925012648
epoch87  rel.Train: 0.02853033609688282  rel.Test: 0.030398435965180395  abs.Test: 0.0002055328170536086  abs.TestBoundary: 0j  time: 9.67570484476164
epoch88  rel.Train: 0.027685442954301833  rel.Test: 0.03321867421269417  abs.Test: 0.0002240887627704069  abs.TestBoundary: 0j  time: 9.683996070642024
epoch89  rel.Train: 0.028178637728095056  rel.Test: 0.0318544664978981  abs.Test: 0.00021541028865613044  abs.TestBoundary: 0j  time: 9.691092913039029
epoch90  rel.Train: 0.027640750497579573  rel.Test: 0.02732636146247387  abs.Test: 0.0001852358184987679  abs.TestBoundary: 0j  time: 9.698014846071601
epoch91  rel.Train: 0.027390449702739714  rel.Test: 0.028338507264852524  abs.Test: 0.00019124169833958148  abs.TestBoundary: 0j  time: 9.698191577102989
epoch92  rel.Train: 0.02726760186254978  rel.Test: 0.029243643507361413  abs.Test: 0.00019834128848742694  abs.TestBoundary: 0j  time: 9.703103169798851
epoch93  rel.Train: 0.028569969832897186  rel.Test: 0.029024375379085542  abs.Test: 0.00019607180380262434  abs.TestBoundary: 0j  time: 9.704029626678675
epoch94  rel.Train: 0.027134075820446014  rel.Test: 0.02757649227976799  abs.Test: 0.00018554003734607249  abs.TestBoundary: 0j  time: 9.718163048382849
epoch95  rel.Train: 0.027960195168852807  rel.Test: 0.027893426120281218  abs.Test: 0.00018913998850621282  abs.TestBoundary: 0j  time: 9.712848669849336
epoch96  rel.Train: 0.025414900615811347  rel.Test: 0.027449493259191514  abs.Test: 0.00018541921919677408  abs.TestBoundary: 0j  time: 9.719794861972332
epoch97  rel.Train: 0.025523723959922792  rel.Test: 0.025905533358454705  abs.Test: 0.00017585406836587936  abs.TestBoundary: 0j  time: 9.70734273409471
epoch98  rel.Train: 0.025134696051478386  rel.Test: 0.02818604528903961  abs.Test: 0.00019138242001645267  abs.TestBoundary: 0j  time: 9.708680122159421
epoch99  rel.Train: 0.027610042452812195  rel.Test: 0.02775339163839817  abs.Test: 0.0001885484397644177  abs.TestBoundary: 0j  time: 9.698280334006995
epoch100  rel.Train: 0.026703948080539705  rel.Test: 0.024612514674663542  abs.Test: 0.00016667905845679342  abs.TestBoundary: 0j  time: 9.701757634058595
epoch101  rel.Train: 0.025777646288275717  rel.Test: 0.024958421513438224  abs.Test: 0.00016914480191189795  abs.TestBoundary: 0j  time: 9.698332192841917
epoch102  rel.Train: 0.02530200853943825  rel.Test: 0.02742927983403206  abs.Test: 0.0001851578790228814  abs.TestBoundary: 0j  time: 9.687081283889711
epoch103  rel.Train: 0.0251478208899498  rel.Test: 0.028311339393258094  abs.Test: 0.00019247993070166557  abs.TestBoundary: 0j  time: 9.690210780128837
epoch104  rel.Train: 0.025998938396573065  rel.Test: 0.03368928708136082  abs.Test: 0.00022957067645620554  abs.TestBoundary: 0j  time: 9.688648548908532
epoch105  rel.Train: 0.026036391213536264  rel.Test: 0.03018502540886402  abs.Test: 0.00020531633810605854  abs.TestBoundary: 0j  time: 9.69085913291201
epoch106  rel.Train: 0.024950346916913987  rel.Test: 0.026561383232474325  abs.Test: 0.00017885484325233847  abs.TestBoundary: 0j  time: 9.683850394096226
epoch107  rel.Train: 0.024450092792510987  rel.Test: 0.02886751264333725  abs.Test: 0.00019572669698391109  abs.TestBoundary: 0j  time: 9.688828411046416
epoch108  rel.Train: 0.025754420652985572  rel.Test: 0.02613162137567997  abs.Test: 0.00017715201945975423  abs.TestBoundary: 0j  time: 9.685166542883962
epoch109  rel.Train: 0.02404163724184036  rel.Test: 0.028863715678453444  abs.Test: 0.00019585084402933716  abs.TestBoundary: 0j  time: 9.680678559932858
epoch110  rel.Train: 0.026342154666781425  rel.Test: 0.02783609688282013  abs.Test: 0.00018917441891971976  abs.TestBoundary: 0j  time: 9.68212175089866
epoch111  rel.Train: 0.024916877895593645  rel.Test: 0.02699197843670845  abs.Test: 0.0001827322383178398  abs.TestBoundary: 0j  time: 9.689190255943686
epoch112  rel.Train: 0.023732211276888848  rel.Test: 0.02436578296124935  abs.Test: 0.0001652038050815463  abs.TestBoundary: 0j  time: 9.679879360832274
epoch113  rel.Train: 0.023942676797509194  rel.Test: 0.02772674284875393  abs.Test: 0.00018675741855986416  abs.TestBoundary: 0j  time: 9.686668757814914
epoch114  rel.Train: 0.02423236747086048  rel.Test: 0.02829788811504841  abs.Test: 0.00019222030183300377  abs.TestBoundary: 0j  time: 9.679109273012727
epoch115  rel.Train: 0.02436368702352047  rel.Test: 0.02384409509599209  abs.Test: 0.00016129395924508572  abs.TestBoundary: 0j  time: 9.684258089400828
epoch116  rel.Train: 0.024478443443775175  rel.Test: 0.033964131847023966  abs.Test: 0.00023027206945698707  abs.TestBoundary: 0j  time: 9.696989654097706
epoch117  rel.Train: 0.025219359248876572  rel.Test: 0.026843998208642007  abs.Test: 0.00018252239213325082  abs.TestBoundary: 0j  time: 9.700458806939423
epoch118  rel.Train: 0.02352964398264885  rel.Test: 0.025256425440311432  abs.Test: 0.00017110084649175406  abs.TestBoundary: 0j  time: 9.701930723153055
epoch119  rel.Train: 0.023551463201642038  rel.Test: 0.03068308226764202  abs.Test: 0.00020856735471170396  abs.TestBoundary: 0j  time: 9.690485967788845
epoch120  rel.Train: 0.024215245306491853  rel.Test: 0.026522820070385932  abs.Test: 0.00017963079095352442  abs.TestBoundary: 0j  time: 9.696948091965169
epoch121  rel.Train: 0.023519521921873093  rel.Test: 0.02301491819322109  abs.Test: 0.00015593074087519199  abs.TestBoundary: 0j  time: 9.710065711755306
epoch122  rel.Train: 0.023154506653547288  rel.Test: 0.024289250001311304  abs.Test: 0.0001640908099943772  abs.TestBoundary: 0j  time: 9.706660320982337
epoch123  rel.Train: 0.024443170860409737  rel.Test: 0.025030670613050462  abs.Test: 0.00016906428500078617  abs.TestBoundary: 0j  time: 9.711710874922574
epoch124  rel.Train: 0.02388561326265335  rel.Test: 0.023912871032953264  abs.Test: 0.00016221259371377528  abs.TestBoundary: 0j  time: 9.71214541979134
epoch125  rel.Train: 0.022690283834934235  rel.Test: 0.024622959196567536  abs.Test: 0.0001664265658473596  abs.TestBoundary: 0j  time: 9.706062846817076
epoch126  rel.Train: 0.02289750251173973  rel.Test: 0.02737539231777191  abs.Test: 0.00018583552388008685  abs.TestBoundary: 0j  time: 9.702161581721157
epoch127  rel.Train: 0.023228501424193384  rel.Test: 0.024339737370610237  abs.Test: 0.00016455145843792706  abs.TestBoundary: 0j  time: 9.69406098080799
epoch128  rel.Train: 0.024084568440914153  rel.Test: 0.024193972796201706  abs.Test: 0.0001641604892211035  abs.TestBoundary: 0j  time: 9.698574729263783
epoch129  rel.Train: 0.02314670529961586  rel.Test: 0.023814223483204843  abs.Test: 0.00016110172495245934  abs.TestBoundary: 0j  time: 9.692340607289225
epoch130  rel.Train: 0.02290003740787506  rel.Test: 0.024574868902564048  abs.Test: 0.00016616498003713787  abs.TestBoundary: 0j  time: 9.6854351432994
epoch131  rel.Train: 0.022716295540332793  rel.Test: 0.026556180343031883  abs.Test: 0.0001797798852203414  abs.TestBoundary: 0j  time: 9.683520239312202
epoch132  rel.Train: 0.022395070731639863  rel.Test: 0.02441301815211773  abs.Test: 0.00016536391573026776  abs.TestBoundary: 0j  time: 9.687982231844217
epoch133  rel.Train: 0.022613663792610168  rel.Test: 0.025963115841150283  abs.Test: 0.00017500166199170054  abs.TestBoundary: 0j  time: 9.682292074896395
epoch134  rel.Train: 0.023500741750001906  rel.Test: 0.025996667370200156  abs.Test: 0.00017591964278835804  abs.TestBoundary: 0j  time: 9.669860835652798
epoch135  rel.Train: 0.022643654108047487  rel.Test: 0.028384964242577554  abs.Test: 0.00019367182976566256  abs.TestBoundary: 0j  time: 9.678912573959678
epoch136  rel.Train: 0.021608378656208516  rel.Test: 0.02450663357973099  abs.Test: 0.00016528717649634927  abs.TestBoundary: 0j  time: 9.677076858002692
epoch137  rel.Train: 0.02256674773991108  rel.Test: 0.023281475082039833  abs.Test: 0.00015791423793416471  abs.TestBoundary: 0j  time: 9.687460509128869
epoch138  rel.Train: 0.023203456312417985  rel.Test: 0.02913466103374958  abs.Test: 0.00019528938631992786  abs.TestBoundary: 0j  time: 9.678233440034091
epoch139  rel.Train: 0.023784716069698335  rel.Test: 0.024788044840097428  abs.Test: 0.00016745098691899328  abs.TestBoundary: 0j  time: 9.681304807309061
epoch140  rel.Train: 0.02269914896786213  rel.Test: 0.03190058223903179  abs.Test: 0.0002139774657553062  abs.TestBoundary: 0j  time: 9.692844043020159
epoch141  rel.Train: 0.022896602764725684  rel.Test: 0.023770239874720572  abs.Test: 0.00016089326643850654  abs.TestBoundary: 0j  time: 9.692454984877259
epoch142  rel.Train: 0.022403459802269935  rel.Test: 0.022580700665712355  abs.Test: 0.00015262692235410214  abs.TestBoundary: 0j  time: 9.707934814039618
epoch143  rel.Train: 0.022158657699823378  rel.Test: 0.02421627052128315  abs.Test: 0.00016419189691077918  abs.TestBoundary: 0j  time: 9.709873055107892
epoch144  rel.Train: 0.022438674569129943  rel.Test: 0.022906821742653845  abs.Test: 0.000155375050380826  abs.TestBoundary: 0j  time: 9.715187253896147
epoch145  rel.Train: 0.02176111437380314  rel.Test: 0.02339034229516983  abs.Test: 0.00015801805071532726  abs.TestBoundary: 0j  time: 9.71594667667523
epoch146  rel.Train: 0.021855892531573773  rel.Test: 0.02583035096526146  abs.Test: 0.0001745835511246696  abs.TestBoundary: 0j  time: 9.721302346792072
epoch147  rel.Train: 0.021738316386938097  rel.Test: 0.02284739226102829  abs.Test: 0.00015436159388627858  abs.TestBoundary: 0j  time: 9.715656904969364
epoch148  rel.Train: 0.021931900560855866  rel.Test: 0.024797169342637062  abs.Test: 0.00016790514637250454  abs.TestBoundary: 0j  time: 9.706208729650825
epoch149  rel.Train: 0.022417627558112146  rel.Test: 0.02235671728849411  abs.Test: 0.00015145592158660292  abs.TestBoundary: 0j  time: 9.70401648664847
epoch150  rel.Train: 0.021043026715517044  rel.Test: 0.02648794338107109  abs.Test: 0.0001795318356016651  abs.TestBoundary: 0j  time: 9.707701037172228
epoch151  rel.Train: 0.021375875145196916  rel.Test: 0.022559254691004754  abs.Test: 0.000152196625713259  abs.TestBoundary: 0j  time: 9.688958892133087
epoch152  rel.Train: 0.022366866931319236  rel.Test: 0.02305327296257019  abs.Test: 0.0001556300831725821  abs.TestBoundary: 0j  time: 9.692045441828668
epoch153  rel.Train: 0.02168323490023613  rel.Test: 0.02374559372663498  abs.Test: 0.00016149924602359533  abs.TestBoundary: 0j  time: 9.690627601929009
epoch154  rel.Train: 0.02072044898569584  rel.Test: 0.02403660535812378  abs.Test: 0.00016248343861661853  abs.TestBoundary: 0j  time: 9.693769136909395
epoch155  rel.Train: 0.02120756608247757  rel.Test: 0.026063851118087768  abs.Test: 0.00017595837416592986  abs.TestBoundary: 0j  time: 9.686535940971226
epoch156  rel.Train: 0.020785242542624472  rel.Test: 0.02339782752096653  abs.Test: 0.00015853644872549922  abs.TestBoundary: 0j  time: 9.689172729849815
epoch157  rel.Train: 0.021753875896334648  rel.Test: 0.023517955094575882  abs.Test: 0.0001587833132361993  abs.TestBoundary: 0j  time: 9.682288249023259
epoch158  rel.Train: 0.01998849256336689  rel.Test: 0.022841954976320265  abs.Test: 0.00015458167938049881  abs.TestBoundary: 0j  time: 9.693464520387352
epoch159  rel.Train: 0.020600532189011575  rel.Test: 0.021550417765974998  abs.Test: 0.0001459654708742164  abs.TestBoundary: 0j  time: 9.692545481026173
epoch160  rel.Train: 0.02137793780863285  rel.Test: 0.02368904121220112  abs.Test: 0.00016020000097341836  abs.TestBoundary: 0j  time: 9.679566415958107
epoch161  rel.Train: 0.020699256256222726  rel.Test: 0.025030288174748422  abs.Test: 0.00016844509053044022  abs.TestBoundary: 0j  time: 9.673401242122054
epoch162  rel.Train: 0.021119592003524302  rel.Test: 0.0225092601031065  abs.Test: 0.0001521533657796681  abs.TestBoundary: 0j  time: 9.681197692640126
epoch163  rel.Train: 0.020768939718604086  rel.Test: 0.021688766553997995  abs.Test: 0.0001466495415661484  abs.TestBoundary: 0j  time: 9.70157193299383
epoch164  rel.Train: 0.020337893664836883  rel.Test: 0.022266832813620567  abs.Test: 0.0001509678442380391  abs.TestBoundary: 0j  time: 9.693794845137745
epoch165  rel.Train: 0.02028589790314436  rel.Test: 0.0223708912730217  abs.Test: 0.00015161961084231735  abs.TestBoundary: 0j  time: 9.68374665081501
epoch166  rel.Train: 0.02174551410973072  rel.Test: 0.023766296356916426  abs.Test: 0.00016105452843476087  abs.TestBoundary: 0j  time: 9.682050354313105
epoch167  rel.Train: 0.02006163703650236  rel.Test: 0.021555851325392724  abs.Test: 0.00014608546131057666  abs.TestBoundary: 0j  time: 9.68822822580114
epoch168  rel.Train: 0.020718714952468874  rel.Test: 0.022183010578155516  abs.Test: 0.00015035514545161277  abs.TestBoundary: 0j  time: 9.684566762298346
epoch169  rel.Train: 0.02009537346661091  rel.Test: 0.023025287985801696  abs.Test: 0.00015585096960421652  abs.TestBoundary: 0j  time: 9.69215594092384
epoch170  rel.Train: 0.02119464100897312  rel.Test: 0.02388826258480549  abs.Test: 0.00016144935798365623  abs.TestBoundary: 0j  time: 9.708464208990335
epoch171  rel.Train: 0.020451008498668672  rel.Test: 0.02240049831569195  abs.Test: 0.0001513559732120484  abs.TestBoundary: 0j  time: 9.7073740568012
epoch172  rel.Train: 0.019482845082879067  rel.Test: 0.022037215530872345  abs.Test: 0.00014929916214896367  abs.TestBoundary: 0j  time: 9.716010242700577
epoch173  rel.Train: 0.020943235963582992  rel.Test: 0.021936908438801764  abs.Test: 0.00014833801076747478  abs.TestBoundary: 0j  time: 9.708611393347383
epoch174  rel.Train: 0.020161319769918917  rel.Test: 0.022439466640353203  abs.Test: 0.0001514509686967358  abs.TestBoundary: 0j  time: 9.715989156160504
epoch175  rel.Train: 0.020215404376387597  rel.Test: 0.021439037546515466  abs.Test: 0.0001451364514650777  abs.TestBoundary: 0j  time: 9.705218248069286
epoch176  rel.Train: 0.02002205254137516  rel.Test: 0.02336546443402767  abs.Test: 0.00015810873766895385  abs.TestBoundary: 0j  time: 9.702957106754184
epoch177  rel.Train: 0.01959973183274269  rel.Test: 0.0233144973218441  abs.Test: 0.0001576031604781747  abs.TestBoundary: 0j  time: 9.71162096830085
epoch178  rel.Train: 0.020274405442178248  rel.Test: 0.02252411313354969  abs.Test: 0.0001526679948437959  abs.TestBoundary: 0j  time: 9.707428066059947
epoch179  rel.Train: 0.020512292563915253  rel.Test: 0.02225185863673687  abs.Test: 0.00015069917018990963  abs.TestBoundary: 0j  time: 9.698379643261433
epoch180  rel.Train: 0.01971790187805891  rel.Test: 0.025034113749861718  abs.Test: 0.0001698246889282018  abs.TestBoundary: 0j  time: 9.696560022886842
epoch181  rel.Train: 0.018918988555669786  rel.Test: 0.0207427453994751  abs.Test: 0.00014044626790564506  abs.TestBoundary: 0j  time: 9.683924614917487
epoch182  rel.Train: 0.019929303929209708  rel.Test: 0.022213244140148164  abs.Test: 0.00015001278254203498  abs.TestBoundary: 0j  time: 9.683202305343002
epoch183  rel.Train: 0.02095653085410595  rel.Test: 0.02098093256354332  abs.Test: 0.00014226908067939802  abs.TestBoundary: 0j  time: 9.687398368027061
epoch184  rel.Train: 0.019137498170137407  rel.Test: 0.023551904410123826  abs.Test: 0.00015862346335779876  abs.TestBoundary: 0j  time: 9.692070234101266
epoch185  rel.Train: 0.020394257068634035  rel.Test: 0.023659648448228834  abs.Test: 0.00015938058670144528  abs.TestBoundary: 0j  time: 9.677648615092039
epoch186  rel.Train: 0.019528968080878256  rel.Test: 0.021008665338158608  abs.Test: 0.0001424090366344899  abs.TestBoundary: 0j  time: 9.685000224970281
epoch187  rel.Train: 0.019130602091550826  rel.Test: 0.020672700852155685  abs.Test: 0.00013988095888635145  abs.TestBoundary: 0j  time: 9.698576060123742
epoch188  rel.Train: 0.01962265880405903  rel.Test: 0.023288806080818177  abs.Test: 0.0001577047846512869  abs.TestBoundary: 0j  time: 9.687357062939554
epoch189  rel.Train: 0.019840889915823938  rel.Test: 0.021514769792556763  abs.Test: 0.0001455658330814913  abs.TestBoundary: 0j  time: 9.680154260247946
epoch190  rel.Train: 0.01896986362338066  rel.Test: 0.021005539149045946  abs.Test: 0.00014218688564142213  abs.TestBoundary: 0j  time: 9.681901244912297
epoch191  rel.Train: 0.01904818622022867  rel.Test: 0.022880566641688346  abs.Test: 0.00015569991664960981  abs.TestBoundary: 0j  time: 9.683003278914839
epoch192  rel.Train: 0.019225249163806437  rel.Test: 0.026405649408698082  abs.Test: 0.00017779118614271282  abs.TestBoundary: 0j  time: 9.691060104873031
epoch193  rel.Train: 0.019584862425923347  rel.Test: 0.02148340977728367  abs.Test: 0.0001452659795177169  abs.TestBoundary: 0j  time: 9.68748886929825
epoch194  rel.Train: 0.019082943476736544  rel.Test: 0.021260011345148086  abs.Test: 0.0001440835522953421  abs.TestBoundary: 0j  time: 9.698600973002613
epoch195  rel.Train: 0.019617217890918255  rel.Test: 0.022701976373791694  abs.Test: 0.00015410982887260617  abs.TestBoundary: 0j  time: 9.694775687064976
epoch196  rel.Train: 0.019200779065489768  rel.Test: 0.021327286213636398  abs.Test: 0.00014460300531936809  abs.TestBoundary: 0j  time: 9.700400227680802
epoch197  rel.Train: 0.018504085019230843  rel.Test: 0.020803494229912758  abs.Test: 0.00014089995034737512  abs.TestBoundary: 0j  time: 9.701955707278103
epoch198  rel.Train: 0.019427092246711256  rel.Test: 0.021085476353764534  abs.Test: 0.00014279194409027695  abs.TestBoundary: 0j  time: 9.716851135250181
epoch199  rel.Train: 0.01854201862215996  rel.Test: 0.021048175543546675  abs.Test: 0.00014224851795006544  abs.TestBoundary: 0j  time: 9.705101320985705
epoch200  rel.Train: 0.01802354420721531  rel.Test: 0.021257646158337595  abs.Test: 0.0001440174994058907  abs.TestBoundary: 0j  time: 9.710018143989146
epoch201  rel.Train: 0.020297280997037887  rel.Test: 0.022911763191223143  abs.Test: 0.00015482583723496645  abs.TestBoundary: 0j  time: 9.702222000807524
epoch202  rel.Train: 0.01864561524242163  rel.Test: 0.021775262728333473  abs.Test: 0.00014749019173905254  abs.TestBoundary: 0j  time: 9.700773946940899
epoch203  rel.Train: 0.018870557241141797  rel.Test: 0.02041973702609539  abs.Test: 0.0001381576544372365  abs.TestBoundary: 0j  time: 9.691414130851626
epoch204  rel.Train: 0.017695540629327298  rel.Test: 0.020693804770708084  abs.Test: 0.00014026160264620557  abs.TestBoundary: 0j  time: 9.688823284115642
epoch205  rel.Train: 0.018651296123862265  rel.Test: 0.02071118801832199  abs.Test: 0.00014047456032130866  abs.TestBoundary: 0j  time: 9.691753771621734
epoch206  rel.Train: 0.018515102565288544  rel.Test: 0.023161224201321603  abs.Test: 0.00015746215707622467  abs.TestBoundary: 0j  time: 9.69735860498622
epoch207  rel.Train: 0.01874832481890917  rel.Test: 0.021655760928988455  abs.Test: 0.0001468853431288153  abs.TestBoundary: 0j  time: 9.68372331932187
epoch208  rel.Train: 0.01844819124788046  rel.Test: 0.02086051009595394  abs.Test: 0.00014122323191259056  abs.TestBoundary: 0j  time: 9.694228305015713
epoch209  rel.Train: 0.017856277614831925  rel.Test: 0.021320715174078943  abs.Test: 0.00014431265910388902  abs.TestBoundary: 0j  time: 9.682754588779062
epoch210  rel.Train: 0.0192705305069685  rel.Test: 0.021572524011135102  abs.Test: 0.00014592751394957305  abs.TestBoundary: 0j  time: 9.679109908174723
epoch211  rel.Train: 0.018197412602603436  rel.Test: 0.021591930016875267  abs.Test: 0.00014607104763854296  abs.TestBoundary: 0j  time: 9.687277965247631
epoch212  rel.Train: 0.018176995418965815  rel.Test: 0.021776061356067657  abs.Test: 0.00014743680454557762  abs.TestBoundary: 0j  time: 9.673815288115293
epoch213  rel.Train: 0.018370037242770195  rel.Test: 0.021524103209376335  abs.Test: 0.00014555935224052518  abs.TestBoundary: 0j  time: 9.68306161928922
epoch214  rel.Train: 0.018189867094159127  rel.Test: 0.02175881713628769  abs.Test: 0.00014775049494346603  abs.TestBoundary: 0j  time: 9.68598350789398
epoch215  rel.Train: 0.01818532990664244  rel.Test: 0.02079627774655819  abs.Test: 0.00014075809391215444  abs.TestBoundary: 0j  time: 9.699178140610456
epoch216  rel.Train: 0.019009031876921652  rel.Test: 0.02060964696109295  abs.Test: 0.00013935897761257365  abs.TestBoundary: 0j  time: 9.696828109677881
epoch217  rel.Train: 0.018036657407879828  rel.Test: 0.02018038645386696  abs.Test: 0.0001366145524661988  abs.TestBoundary: 0j  time: 9.701186363119632
epoch218  rel.Train: 0.018205548875033856  rel.Test: 0.021352330669760704  abs.Test: 0.00014438229904044418  abs.TestBoundary: 0j  time: 9.708694296889007
epoch219  rel.Train: 0.01863522721081972  rel.Test: 0.020633137822151183  abs.Test: 0.00013967273815069348  abs.TestBoundary: 0j  time: 9.715848689898849
epoch220  rel.Train: 0.017920853570103645  rel.Test: 0.02278396151959896  abs.Test: 0.00015380739467218518  abs.TestBoundary: 0j  time: 9.710017692297697
epoch221  rel.Train: 0.018000557035207747  rel.Test: 0.021343772113323212  abs.Test: 0.0001445875919307582  abs.TestBoundary: 0j  time: 9.717285456135869
epoch222  rel.Train: 0.017242622822523118  rel.Test: 0.02113615594804287  abs.Test: 0.00014304333308245987  abs.TestBoundary: 0j  time: 9.725600617937744
epoch223  rel.Train: 0.017545523524284363  rel.Test: 0.02152434952557087  abs.Test: 0.00014652310579549521  abs.TestBoundary: 0j  time: 9.697282913606614
epoch224  rel.Train: 0.017572052747011183  rel.Test: 0.021226754561066628  abs.Test: 0.00014391207572771235  abs.TestBoundary: 0j  time: 9.697171783074737
epoch225  rel.Train: 0.017513743035495282  rel.Test: 0.022101046219468116  abs.Test: 0.00015018017613328992  abs.TestBoundary: 0j  time: 9.69396431511268
epoch226  rel.Train: 0.017437736734747886  rel.Test: 0.021678185015916826  abs.Test: 0.0001469977680244483  abs.TestBoundary: 0j  time: 9.69894425617531
epoch227  rel.Train: 0.018881757013499735  rel.Test: 0.024127243980765344  abs.Test: 0.0001644416997442022  abs.TestBoundary: 0j  time: 9.684498075861484
epoch228  rel.Train: 0.017847879834473133  rel.Test: 0.022091869860887528  abs.Test: 0.00014954870974179357  abs.TestBoundary: 0j  time: 9.693340574856848
epoch229  rel.Train: 0.017885782115161418  rel.Test: 0.020401491299271584  abs.Test: 0.00013807635521516205  abs.TestBoundary: 0j  time: 9.695049805101007
epoch230  rel.Train: 0.017371351294219493  rel.Test: 0.020469193086028098  abs.Test: 0.00013892294897232204  abs.TestBoundary: 0j  time: 9.674660229124129
epoch231  rel.Train: 0.0172148874476552  rel.Test: 0.021013473868370058  abs.Test: 0.00014247824117774143  abs.TestBoundary: 0j  time: 9.675146830268204
epoch232  rel.Train: 0.01697354985028505  rel.Test: 0.020409998148679734  abs.Test: 0.00013806497561745347  abs.TestBoundary: 0j  time: 9.683854670263827
epoch233  rel.Train: 0.017257475532591344  rel.Test: 0.0211363685131073  abs.Test: 0.00014345156232593582  abs.TestBoundary: 0j  time: 9.67700809892267
epoch234  rel.Train: 0.017615846507251263  rel.Test: 0.0209150530397892  abs.Test: 0.0001411681089666672  abs.TestBoundary: 0j  time: 9.681988708209246
epoch235  rel.Train: 0.017234841756522654  rel.Test: 0.019977966994047164  abs.Test: 0.00013527624367270618  abs.TestBoundary: 0j  time: 9.682696892879903
epoch236  rel.Train: 0.01685150998085737  rel.Test: 0.020544294491410254  abs.Test: 0.00013909604196669535  abs.TestBoundary: 0j  time: 9.685646217316389
epoch237  rel.Train: 0.016911343164741993  rel.Test: 0.020547573193907737  abs.Test: 0.00013893949741031975  abs.TestBoundary: 0j  time: 9.694130699150264
epoch238  rel.Train: 0.017638682924211026  rel.Test: 0.020933223366737367  abs.Test: 0.00014199664408806712  abs.TestBoundary: 0j  time: 9.699939494021237
epoch239  rel.Train: 0.01762126787006855  rel.Test: 0.02074859581887722  abs.Test: 0.00014049396908376365  abs.TestBoundary: 0j  time: 9.691158211790025
epoch240  rel.Train: 0.017712765097618103  rel.Test: 0.021070061549544335  abs.Test: 0.00014261070464272052  abs.TestBoundary: 0j  time: 9.71086981985718
epoch241  rel.Train: 0.016704860612750054  rel.Test: 0.02018941901624203  abs.Test: 0.00013673493260284885  abs.TestBoundary: 0j  time: 9.707540007308125
epoch242  rel.Train: 0.017222919195890425  rel.Test: 0.022338300347328185  abs.Test: 0.00015104571648407727  abs.TestBoundary: 0j  time: 9.695294977165759
epoch243  rel.Train: 0.017064574658870697  rel.Test: 0.021398625299334527  abs.Test: 0.00014526401471812278  abs.TestBoundary: 0j  time: 9.705050352960825
epoch244  rel.Train: 0.017174766793847083  rel.Test: 0.02017828471958637  abs.Test: 0.00013702854834264145  abs.TestBoundary: 0j  time: 9.698812783695757
epoch245  rel.Train: 0.017563454911112785  rel.Test: 0.02440168723464012  abs.Test: 0.0001655607932480052  abs.TestBoundary: 0j  time: 9.698088136967272
epoch246  rel.Train: 0.01681283515691757  rel.Test: 0.021128603890538215  abs.Test: 0.0001427177045843564  abs.TestBoundary: 0j  time: 9.709818832110614
epoch247  rel.Train: 0.016923033088445665  rel.Test: 0.02007691241800785  abs.Test: 0.00013601515849586576  abs.TestBoundary: 0j  time: 9.704454039689153
epoch248  rel.Train: 0.016572851814329624  rel.Test: 0.02108436234295368  abs.Test: 0.00014314470492536203  abs.TestBoundary: 0j  time: 9.714839597698301
epoch249  rel.Train: 0.0167112011089921  rel.Test: 0.019504037722945212  abs.Test: 0.00013207148062065242  abs.TestBoundary: 0j  time: 9.707924164365977
epoch250  rel.Train: 0.016365301363170145  rel.Test: 0.019964259564876557  abs.Test: 0.00013531840813811867  abs.TestBoundary: 0j  time: 9.711339658126235
epoch251  rel.Train: 0.016698096260428428  rel.Test: 0.021944847032427786  abs.Test: 0.00014860648312605917  abs.TestBoundary: 0j  time: 9.714950270019472
epoch252  rel.Train: 0.016949597045779228  rel.Test: 0.020329548716545104  abs.Test: 0.00013751717138802633  abs.TestBoundary: 0j  time: 9.701946987770498
epoch253  rel.Train: 0.01701152192056179  rel.Test: 0.019905427768826485  abs.Test: 0.00013493381935404615  abs.TestBoundary: 0j  time: 9.703946175985038
epoch254  rel.Train: 0.016269386649131776  rel.Test: 0.021026124209165574  abs.Test: 0.00014230526430765168  abs.TestBoundary: 0j  time: 9.696160569787025
epoch255  rel.Train: 0.016785543091595172  rel.Test: 0.020849792286753654  abs.Test: 0.0001410905670491047  abs.TestBoundary: 0j  time: 9.69767678482458
epoch256  rel.Train: 0.016582983873784544  rel.Test: 0.020697114914655687  abs.Test: 0.0001401024090591818  abs.TestBoundary: 0j  time: 9.685504795052111
epoch257  rel.Train: 0.016122113175690175  rel.Test: 0.020708784982562064  abs.Test: 0.00014036858745384963  abs.TestBoundary: 0j  time: 9.694381720852107
epoch258  rel.Train: 0.016282989948987962  rel.Test: 0.01964375838637352  abs.Test: 0.00013294158445205538  abs.TestBoundary: 0j  time: 9.683217489626259
epoch259  rel.Train: 0.016521618939936162  rel.Test: 0.021411409750580788  abs.Test: 0.0001455726139829494  abs.TestBoundary: 0j  time: 9.686766613740474
epoch260  rel.Train: 0.016264698922634126  rel.Test: 0.019786357656121255  abs.Test: 0.00013411128689767794  abs.TestBoundary: 0j  time: 9.696752331219614
epoch261  rel.Train: 0.016791887588799  rel.Test: 0.023201776668429375  abs.Test: 0.00015771638602018356  abs.TestBoundary: 0j  time: 9.692680651787668
epoch262  rel.Train: 0.01638661229610443  rel.Test: 0.019648175686597824  abs.Test: 0.00013286470260936767  abs.TestBoundary: 0j  time: 9.681442368775606
epoch263  rel.Train: 0.01595589679479599  rel.Test: 0.021543884500861168  abs.Test: 0.00014632523438194765  abs.TestBoundary: 0j  time: 9.688598806038499
epoch264  rel.Train: 0.016460420563817024  rel.Test: 0.019809940308332444  abs.Test: 0.00013401384087046608  abs.TestBoundary: 0j  time: 9.68714861990884
epoch265  rel.Train: 0.016261166617274284  rel.Test: 0.019570836946368218  abs.Test: 0.0001326017070095986  abs.TestBoundary: 0j  time: 9.682258964981884
epoch266  rel.Train: 0.01654030527174473  rel.Test: 0.019625441804528236  abs.Test: 0.00013314065407030285  abs.TestBoundary: 0j  time: 9.688672030810267
epoch267  rel.Train: 0.015937403231859208  rel.Test: 0.019682193994522094  abs.Test: 0.00013322424085345118  abs.TestBoundary: 0j  time: 9.683888943865895
epoch268  rel.Train: 0.016925511077046394  rel.Test: 0.019682533778250216  abs.Test: 0.00013336367352167144  abs.TestBoundary: 0j  time: 9.680140485055745
epoch269  rel.Train: 0.016298884980380537  rel.Test: 0.0199418855458498  abs.Test: 0.00013521385903004558  abs.TestBoundary: 0j  time: 9.688433364033699
epoch270  rel.Train: 0.01636854926496744  rel.Test: 0.019866456203162672  abs.Test: 0.00013433802116196602  abs.TestBoundary: 0j  time: 9.683473931159824
epoch271  rel.Train: 0.016067454256117344  rel.Test: 0.020449636206030845  abs.Test: 0.0001380652011721395  abs.TestBoundary: 0j  time: 9.691974245011806
epoch272  rel.Train: 0.015556142382323742  rel.Test: 0.019164012633264064  abs.Test: 0.00012970372976269572  abs.TestBoundary: 0j  time: 9.693560182116926
epoch273  rel.Train: 0.015409839384257794  rel.Test: 0.02066274031996727  abs.Test: 0.0001401114565669559  abs.TestBoundary: 0j  time: 9.692051659803838
epoch274  rel.Train: 0.01646083340793848  rel.Test: 0.020318981260061264  abs.Test: 0.0001373895420692861  abs.TestBoundary: 0j  time: 9.698844778817147
epoch275  rel.Train: 0.016395004376769065  rel.Test: 0.02221129335463047  abs.Test: 0.00015101556346053258  abs.TestBoundary: 0j  time: 9.698422499001026
epoch276  rel.Train: 0.016069864340126513  rel.Test: 0.019433161020278932  abs.Test: 0.00013164699776098133  abs.TestBoundary: 0j  time: 9.706114508677274
epoch277  rel.Train: 0.01574435958266258  rel.Test: 0.02030780129134655  abs.Test: 0.00013721466559218242  abs.TestBoundary: 0j  time: 9.715003756806254
epoch278  rel.Train: 0.015747674651443958  rel.Test: 0.019282886758446693  abs.Test: 0.00013056082767434418  abs.TestBoundary: 0j  time: 9.714483610820025
epoch279  rel.Train: 0.015350390002131462  rel.Test: 0.019146658331155777  abs.Test: 0.0001294881381909363  abs.TestBoundary: 0j  time: 9.71095318486914
epoch280  rel.Train: 0.01554183591157198  rel.Test: 0.01983816497027874  abs.Test: 0.00013439285481581465  abs.TestBoundary: 0j  time: 9.697350081987679
epoch281  rel.Train: 0.015047127939760685  rel.Test: 0.019876191616058348  abs.Test: 0.00013463257811963559  abs.TestBoundary: 0j  time: 9.698859815020114
epoch282  rel.Train: 0.015485129453241825  rel.Test: 0.020063750743865967  abs.Test: 0.0001361847575753927  abs.TestBoundary: 0j  time: 9.702536796219647
epoch283  rel.Train: 0.01551011648029089  rel.Test: 0.020354360714554785  abs.Test: 0.00013829314208123832  abs.TestBoundary: 0j  time: 9.696181684732437
epoch284  rel.Train: 0.015647994235157968  rel.Test: 0.019758579060435294  abs.Test: 0.00013385838159592821  abs.TestBoundary: 0j  time: 9.694660190027207
epoch285  rel.Train: 0.015303226530551911  rel.Test: 0.02101617880165577  abs.Test: 0.00014239277166780084  abs.TestBoundary: 0j  time: 9.68799200700596
epoch286  rel.Train: 0.016016634240746497  rel.Test: 0.020416109189391136  abs.Test: 0.00013870359456632286  abs.TestBoundary: 0j  time: 9.682311702053994
epoch287  rel.Train: 0.01566995943337679  rel.Test: 0.019099075086414813  abs.Test: 0.00012928016134537755  abs.TestBoundary: 0j  time: 9.681167169008404
epoch288  rel.Train: 0.015129075221717357  rel.Test: 0.01949832409620285  abs.Test: 0.0001318651152541861  abs.TestBoundary: 0j  time: 9.688121169805527
epoch289  rel.Train: 0.015228003159165383  rel.Test: 0.02025306649506092  abs.Test: 0.00013745849137194454  abs.TestBoundary: 0j  time: 9.693378523923457
epoch290  rel.Train: 0.01538632120937109  rel.Test: 0.01907821588218212  abs.Test: 0.00012915217608679087  abs.TestBoundary: 0j  time: 9.693929984234273
epoch291  rel.Train: 0.015443646557629108  rel.Test: 0.019080996289849283  abs.Test: 0.00012908719712868334  abs.TestBoundary: 0j  time: 9.688210699241608
epoch292  rel.Train: 0.015124480918049812  rel.Test: 0.019999276623129846  abs.Test: 0.00013587630790425464  abs.TestBoundary: 0j  time: 9.695762552786618
epoch293  rel.Train: 0.015145434767007828  rel.Test: 0.019396844506263732  abs.Test: 0.00013125233643222601  abs.TestBoundary: 0j  time: 9.697548471856862
epoch294  rel.Train: 0.015306281976401806  rel.Test: 0.01924508057534695  abs.Test: 0.00013028787536313756  abs.TestBoundary: 0j  time: 9.696205486077815
epoch295  rel.Train: 0.015120798371732235  rel.Test: 0.01896961733698845  abs.Test: 0.00012852363113779574  abs.TestBoundary: 0j  time: 9.705675239209086
epoch296  rel.Train: 0.014638488814234733  rel.Test: 0.019811952337622642  abs.Test: 0.000134474384249188  abs.TestBoundary: 0j  time: 9.6970021892339
epoch297  rel.Train: 0.015035138115286827  rel.Test: 0.01898803561925888  abs.Test: 0.00012860658927820622  abs.TestBoundary: 0j  time: 9.694193840958178
epoch298  rel.Train: 0.015193925984203816  rel.Test: 0.020277794376015665  abs.Test: 0.00013751217251410707  abs.TestBoundary: 0j  time: 9.709751254878938
epoch299  rel.Train: 0.014826334655284882  rel.Test: 0.019067974016070365  abs.Test: 0.00012919262371724471  abs.TestBoundary: 0j  time: 9.68992900615558
epoch300  rel.Train: 0.01553186309337616  rel.Test: 0.02067593716084957  abs.Test: 0.00013998499576700852  abs.TestBoundary: 0j  time: 9.701015840284526
epoch301  rel.Train: 0.01536355110257864  rel.Test: 0.019805740863084793  abs.Test: 0.0001340082776732743  abs.TestBoundary: 0j  time: 9.695295243058354
epoch302  rel.Train: 0.015236141249537469  rel.Test: 0.018884375542402267  abs.Test: 0.00012784316088072954  abs.TestBoundary: 0j  time: 9.70154132694006
epoch303  rel.Train: 0.014616684041917323  rel.Test: 0.019327378422021865  abs.Test: 0.00013095091882860287  abs.TestBoundary: 0j  time: 9.708937221206725
epoch304  rel.Train: 0.015111352868378163  rel.Test: 0.01927793212234974  abs.Test: 0.00013049238856183365  abs.TestBoundary: 0j  time: 9.703760590869933
epoch305  rel.Train: 0.014884929768741131  rel.Test: 0.018820384591817854  abs.Test: 0.00012738178629660978  abs.TestBoundary: 0j  time: 9.71381330769509
epoch306  rel.Train: 0.014577031187713146  rel.Test: 0.019021490439772606  abs.Test: 0.0001285417506005615  abs.TestBoundary: 0j  time: 9.70383681776002
epoch307  rel.Train: 0.014596730858087539  rel.Test: 0.019223256856203078  abs.Test: 0.0001301516708917916  abs.TestBoundary: 0j  time: 9.707117891870439
epoch308  rel.Train: 0.014505825608968735  rel.Test: 0.019055046737194062  abs.Test: 0.0001291878297342919  abs.TestBoundary: 0j  time: 9.700725699774921
epoch309  rel.Train: 0.0152147246748209  rel.Test: 0.018921831138432026  abs.Test: 0.0001281481867772527  abs.TestBoundary: 0j  time: 9.70363333588466
epoch310  rel.Train: 0.014523579977452754  rel.Test: 0.01915347546339035  abs.Test: 0.0001295385029516183  abs.TestBoundary: 0j  time: 9.700561043340713
epoch311  rel.Train: 0.014450291089713574  rel.Test: 0.019105028100311755  abs.Test: 0.00012951158598298207  abs.TestBoundary: 0j  time: 9.691712672822177
epoch312  rel.Train: 0.014631804712116718  rel.Test: 0.018817719370126725  abs.Test: 0.00012751845206366853  abs.TestBoundary: 0j  time: 9.68973350012675
epoch313  rel.Train: 0.014791256628930568  rel.Test: 0.01977172665297985  abs.Test: 0.00013405081757809966  abs.TestBoundary: 0j  time: 9.703150598797947
epoch314  rel.Train: 0.014475291341543198  rel.Test: 0.018705233111977578  abs.Test: 0.00012666884111240507  abs.TestBoundary: 0j  time: 9.680855157785118
epoch315  rel.Train: 0.014408268757164479  rel.Test: 0.019244925156235694  abs.Test: 0.00013038795674219728  abs.TestBoundary: 0j  time: 9.694666364695877
epoch316  rel.Train: 0.014298165813088418  rel.Test: 0.018757061809301378  abs.Test: 0.00012707024201517923  abs.TestBoundary: 0j  time: 9.70229525398463
epoch317  rel.Train: 0.014505288772284984  rel.Test: 0.019287335500121117  abs.Test: 0.0001305995153961703  abs.TestBoundary: 0j  time: 9.706256818026304
epoch318  rel.Train: 0.014333959631621838  rel.Test: 0.018911546394228936  abs.Test: 0.00012784419697709382  abs.TestBoundary: 0j  time: 9.695280355866998
epoch319  rel.Train: 0.014251254983246326  rel.Test: 0.018594983480870724  abs.Test: 0.00012587639095727355  abs.TestBoundary: 0j  time: 9.697412860114127
epoch320  rel.Train: 0.014522100128233432  rel.Test: 0.018986918032169342  abs.Test: 0.0001284278088132851  abs.TestBoundary: 0j  time: 9.695628981105983
epoch321  rel.Train: 0.013939640462398529  rel.Test: 0.019763408824801446  abs.Test: 0.00013408889411948622  abs.TestBoundary: 0j  time: 9.696036559063941
epoch322  rel.Train: 0.014217569053173066  rel.Test: 0.018784739822149277  abs.Test: 0.0001272984463139437  abs.TestBoundary: 0j  time: 9.693685907870531
epoch323  rel.Train: 0.014263863995671273  rel.Test: 0.018773078583180905  abs.Test: 0.0001270331535488367  abs.TestBoundary: 0j  time: 9.700685773044825
epoch324  rel.Train: 0.01447508904337883  rel.Test: 0.018997633308172227  abs.Test: 0.00012869978381786497  abs.TestBoundary: 0j  time: 9.697509074117988
epoch325  rel.Train: 0.014025120966136456  rel.Test: 0.0187127210944891  abs.Test: 0.00012682180560659616  abs.TestBoundary: 0j  time: 9.700192159973085
epoch326  rel.Train: 0.013932699464261532  rel.Test: 0.018776711523532868  abs.Test: 0.00012729587324429304  abs.TestBoundary: 0j  time: 9.695482192095369
epoch327  rel.Train: 0.014497937500476838  rel.Test: 0.02082983501255512  abs.Test: 0.0001414054140332155  abs.TestBoundary: 0j  time: 9.698631572071463
epoch328  rel.Train: 0.014453381560742854  rel.Test: 0.018388557620346545  abs.Test: 0.0001246380025986582  abs.TestBoundary: 0j  time: 9.697929374873638
epoch329  rel.Train: 0.013828391268849372  rel.Test: 0.01852552630007267  abs.Test: 0.00012551077408716084  abs.TestBoundary: 0j  time: 9.694314951077104
epoch330  rel.Train: 0.013752450205385685  rel.Test: 0.01825519721955061  abs.Test: 0.00012355504964943974  abs.TestBoundary: 0j  time: 9.694585526827723
epoch331  rel.Train: 0.013881973013281822  rel.Test: 0.018642486035823823  abs.Test: 0.00012604396091774105  abs.TestBoundary: 0j  time: 9.69594223704189
epoch332  rel.Train: 0.013840615607798099  rel.Test: 0.01903893396258354  abs.Test: 0.00012902868009405212  abs.TestBoundary: 0j  time: 9.696340392809361
epoch333  rel.Train: 0.014038295827805997  rel.Test: 0.01849512942135334  abs.Test: 0.00012524683552328497  abs.TestBoundary: 0j  time: 9.698223359882832
epoch334  rel.Train: 0.013842449739575387  rel.Test: 0.018321956768631936  abs.Test: 0.0001240102940937504  abs.TestBoundary: 0j  time: 9.697968021966517
epoch335  rel.Train: 0.013829321347177029  rel.Test: 0.020612758025527  abs.Test: 0.0001400420765276067  abs.TestBoundary: 0j  time: 9.693956852890551
epoch336  rel.Train: 0.014482368163764477  rel.Test: 0.019012576192617415  abs.Test: 0.00012874817330157384  abs.TestBoundary: 0j  time: 9.693435923196375
epoch337  rel.Train: 0.013846886582672595  rel.Test: 0.01862699903547764  abs.Test: 0.0001260781564633362  abs.TestBoundary: 0j  time: 9.681176635902375
epoch338  rel.Train: 0.0137996142283082  rel.Test: 0.019093541577458382  abs.Test: 0.00012931668432429434  abs.TestBoundary: 0j  time: 9.69710971834138
epoch339  rel.Train: 0.013859735690057278  rel.Test: 0.018524066507816316  abs.Test: 0.0001254147317376919  abs.TestBoundary: 0j  time: 9.703202134929597
epoch340  rel.Train: 0.013590627245604992  rel.Test: 0.018669384866952896  abs.Test: 0.00012643213703995572  abs.TestBoundary: 0j  time: 9.701233041007072
epoch341  rel.Train: 0.013508744150400162  rel.Test: 0.01824847236275673  abs.Test: 0.00012354644568404182  abs.TestBoundary: 0j  time: 9.689955207053572
epoch342  rel.Train: 0.013550061449408532  rel.Test: 0.019949563294649125  abs.Test: 0.0001353199195000343  abs.TestBoundary: 0j  time: 9.694568544160575
epoch343  rel.Train: 0.013475119262933731  rel.Test: 0.018610082231462002  abs.Test: 0.00012600658636074513  abs.TestBoundary: 0j  time: 9.696654056664556
epoch344  rel.Train: 0.013787391506135463  rel.Test: 0.018596677631139754  abs.Test: 0.0001258974167285487  abs.TestBoundary: 0j  time: 9.692830038256943
epoch345  rel.Train: 0.01363533502817154  rel.Test: 0.01846629660576582  abs.Test: 0.00012516489048721268  abs.TestBoundary: 0j  time: 9.692723679821938
epoch346  rel.Train: 0.013302119225263595  rel.Test: 0.018265755623579027  abs.Test: 0.00012368564202915877  abs.TestBoundary: 0j  time: 9.697920443024486
epoch347  rel.Train: 0.013504160135984421  rel.Test: 0.01845974810421467  abs.Test: 0.0001249461091356352  abs.TestBoundary: 0j  time: 9.693689005915076
epoch348  rel.Train: 0.013605805590748787  rel.Test: 0.018669880628585815  abs.Test: 0.00012651486264076084  abs.TestBoundary: 0j  time: 9.702379745896906
epoch349  rel.Train: 0.013558216713368893  rel.Test: 0.01824072852730751  abs.Test: 0.00012340103334281593  abs.TestBoundary: 0j  time: 9.687837703153491
epoch350  rel.Train: 0.013529639847576618  rel.Test: 0.018466872163116932  abs.Test: 0.00012508368905400858  abs.TestBoundary: 0j  time: 9.698176405392587
epoch351  rel.Train: 0.013352388113737106  rel.Test: 0.018266416378319262  abs.Test: 0.0001237502627191134  abs.TestBoundary: 0j  time: 9.702623446006328
epoch352  rel.Train: 0.013332472734153271  rel.Test: 0.018406490981578826  abs.Test: 0.000124523232516367  abs.TestBoundary: 0j  time: 9.694410853087902
epoch353  rel.Train: 0.013340480946004391  rel.Test: 0.018321730084717273  abs.Test: 0.00012403186497977003  abs.TestBoundary: 0j  time: 9.685872705187649
epoch354  rel.Train: 0.01325591940432787  rel.Test: 0.018278113827109338  abs.Test: 0.00012382436369080097  abs.TestBoundary: 0j  time: 9.696430443786085
epoch355  rel.Train: 0.013273906238377094  rel.Test: 0.01881993554532528  abs.Test: 0.0001275371079100296  abs.TestBoundary: 0j  time: 9.699510281905532
epoch356  rel.Train: 0.013325976580381394  rel.Test: 0.01820397324860096  abs.Test: 0.00012308552162721754  abs.TestBoundary: 0j  time: 9.696375470142812
epoch357  rel.Train: 0.013237784348428249  rel.Test: 0.018459421657025812  abs.Test: 0.00012492886948166414  abs.TestBoundary: 0j  time: 9.690777173731476
epoch358  rel.Train: 0.013259136997163296  rel.Test: 0.018224283158779143  abs.Test: 0.0001233843300724402  abs.TestBoundary: 0j  time: 9.698276880197227
epoch359  rel.Train: 0.013361700519919395  rel.Test: 0.01858061008155346  abs.Test: 0.0001257159293163568  abs.TestBoundary: 0j  time: 9.692069399170578
epoch360  rel.Train: 0.01317397641390562  rel.Test: 0.018551634140312672  abs.Test: 0.00012552750995382668  abs.TestBoundary: 0j  time: 9.692720867227763
epoch361  rel.Train: 0.013314929530024529  rel.Test: 0.018464577198028565  abs.Test: 0.00012500050332164391  abs.TestBoundary: 0j  time: 9.695434832945466
epoch362  rel.Train: 0.013001819334924222  rel.Test: 0.018156656101346015  abs.Test: 0.00012289299658732489  abs.TestBoundary: 0j  time: 9.692123757209629
epoch363  rel.Train: 0.013247519597411156  rel.Test: 0.018178390301764012  abs.Test: 0.00012296441127546132  abs.TestBoundary: 0j  time: 9.701553401071578
epoch364  rel.Train: 0.013398732528090478  rel.Test: 0.018722818344831468  abs.Test: 0.00012670117488596588  abs.TestBoundary: 0j  time: 9.713177331723273
epoch365  rel.Train: 0.013031964719295502  rel.Test: 0.018297335021197795  abs.Test: 0.00012385655281832442  abs.TestBoundary: 0j  time: 9.699554371647537
epoch366  rel.Train: 0.013111795827746391  rel.Test: 0.018198904991149904  abs.Test: 0.00012315094936639072  abs.TestBoundary: 0j  time: 9.694706640671939
epoch367  rel.Train: 0.0128750961124897  rel.Test: 0.018653888255357742  abs.Test: 0.0001263684593141079  abs.TestBoundary: 0j  time: 9.694635380990803
epoch368  rel.Train: 0.013040331594645977  rel.Test: 0.01803918808698654  abs.Test: 0.0001221387952682562  abs.TestBoundary: 0j  time: 9.701237087137997
epoch369  rel.Train: 0.013009392783045769  rel.Test: 0.018203591592609883  abs.Test: 0.0001233491933089681  abs.TestBoundary: 0j  time: 9.70046291127801
epoch370  rel.Train: 0.013051419168710708  rel.Test: 0.01820161573588848  abs.Test: 0.00012328659417107702  abs.TestBoundary: 0j  time: 9.698987901210785
epoch371  rel.Train: 0.013006301522254944  rel.Test: 0.01812213908880949  abs.Test: 0.00012262252130312845  abs.TestBoundary: 0j  time: 9.706364534795284
epoch372  rel.Train: 0.012701059430837632  rel.Test: 0.018101844526827334  abs.Test: 0.00012245449557667597  abs.TestBoundary: 0j  time: 9.709720948245376
epoch373  rel.Train: 0.012890832163393498  rel.Test: 0.018688923344016076  abs.Test: 0.00012672479788307102  abs.TestBoundary: 0j  time: 9.70498559391126
epoch374  rel.Train: 0.012861568547785283  rel.Test: 0.01828234549611807  abs.Test: 0.00012385601818095892  abs.TestBoundary: 0j  time: 9.683611614163965
epoch375  rel.Train: 0.012781746335327625  rel.Test: 0.018308450169861316  abs.Test: 0.00012396646197885275  abs.TestBoundary: 0j  time: 9.700204387772828
epoch376  rel.Train: 0.012864350602030753  rel.Test: 0.018781212866306306  abs.Test: 0.00012679310486419127  abs.TestBoundary: 0j  time: 9.695258051156998
epoch377  rel.Train: 0.01294393941015005  rel.Test: 0.01823405094444752  abs.Test: 0.00012348529387963935  abs.TestBoundary: 0j  time: 9.691384973935783
epoch378  rel.Train: 0.012788643747568131  rel.Test: 0.01834854170680046  abs.Test: 0.00012438257137546317  abs.TestBoundary: 0j  time: 9.692314031999558
epoch379  rel.Train: 0.012957676187157631  rel.Test: 0.018395549952983856  abs.Test: 0.00012451816408429295  abs.TestBoundary: 0j  time: 9.701946781948209
epoch380  rel.Train: 0.012732227474451066  rel.Test: 0.018810120522975923  abs.Test: 0.0001276570837944746  abs.TestBoundary: 0j  time: 9.696524956263602
epoch381  rel.Train: 0.012867272965610027  rel.Test: 0.018019276782870294  abs.Test: 0.00012192898022476583  abs.TestBoundary: 0j  time: 9.698473241180182
epoch382  rel.Train: 0.012625341162085532  rel.Test: 0.018047263920307158  abs.Test: 0.00012211481487611308  abs.TestBoundary: 0j  time: 9.701184171717614
epoch383  rel.Train: 0.012580759331583976  rel.Test: 0.01817730374634266  abs.Test: 0.00012300259084440767  abs.TestBoundary: 0j  time: 9.68895343830809
epoch384  rel.Train: 0.01262921342253685  rel.Test: 0.018143841736018657  abs.Test: 0.00012265826924704015  abs.TestBoundary: 0j  time: 9.689747816883028
epoch385  rel.Train: 0.012670162208378315  rel.Test: 0.0187939240783453  abs.Test: 0.00012704229186056182  abs.TestBoundary: 0j  time: 9.69875794975087
epoch386  rel.Train: 0.012853030823171139  rel.Test: 0.01825138330459595  abs.Test: 0.00012364671740215273  abs.TestBoundary: 0j  time: 9.706564801279455
epoch387  rel.Train: 0.012626580387353897  rel.Test: 0.01791632529348135  abs.Test: 0.0001211913547012955  abs.TestBoundary: 0j  time: 9.702230907045305
epoch388  rel.Train: 0.01250477511435747  rel.Test: 0.01826938733458519  abs.Test: 0.00012350297794910147  abs.TestBoundary: 0j  time: 9.70036308793351
epoch389  rel.Train: 0.012573053628206253  rel.Test: 0.018169721625745296  abs.Test: 0.00012310192454606294  abs.TestBoundary: 0j  time: 9.700104613322765
epoch390  rel.Train: 0.01247150231897831  rel.Test: 0.018530364260077477  abs.Test: 0.0001256396880489774  abs.TestBoundary: 0j  time: 9.703331783879548
epoch391  rel.Train: 0.012455346390604973  rel.Test: 0.01817168440669775  abs.Test: 0.00012299897032789887  abs.TestBoundary: 0j  time: 9.697701130993664
epoch392  rel.Train: 0.012382378712296485  rel.Test: 0.01808075774461031  abs.Test: 0.00012242170545505358  abs.TestBoundary: 0j  time: 9.697985946200788
epoch393  rel.Train: 0.01241941524296999  rel.Test: 0.018170457147061825  abs.Test: 0.0001230072634643875  abs.TestBoundary: 0j  time: 9.701263649854809
epoch394  rel.Train: 0.012460741005837918  rel.Test: 0.01813403222709894  abs.Test: 0.00012268088961718603  abs.TestBoundary: 0j  time: 9.704032351728529
epoch395  rel.Train: 0.012386419825255872  rel.Test: 0.018024651110172273  abs.Test: 0.00012198355834698304  abs.TestBoundary: 0j  time: 9.707250800915062
epoch396  rel.Train: 0.012351715989410877  rel.Test: 0.01821716859936714  abs.Test: 0.00012330110650509595  abs.TestBoundary: 0j  time: 9.701459079049528
epoch397  rel.Train: 0.012312282241880895  rel.Test: 0.01798868753015995  abs.Test: 0.0001217499261838384  abs.TestBoundary: 0j  time: 9.687811940908432
epoch398  rel.Train: 0.012301390878856183  rel.Test: 0.018094046600162984  abs.Test: 0.0001225573880947195  abs.TestBoundary: 0j  time: 9.69856710638851
epoch399  rel.Train: 0.01232738584280014  rel.Test: 0.01800436243414879  abs.Test: 0.000121788248361554  abs.TestBoundary: 0j  time: 9.709471942856908
epoch400  rel.Train: 0.012349990501999855  rel.Test: 0.018112379014492034  abs.Test: 0.00012262858159374447  abs.TestBoundary: 0j  time: 10.653005736880004
epoch401  rel.Train: 0.012308930322527886  rel.Test: 0.018094842992722987  abs.Test: 0.00012258030357770622  abs.TestBoundary: 0j  time: 10.155947151128203
epoch402  rel.Train: 0.012283339887857438  rel.Test: 0.018202790059149265  abs.Test: 0.0001232193666510284  abs.TestBoundary: 0j  time: 9.676820209249854
epoch403  rel.Train: 0.012268443778157233  rel.Test: 0.018002654351294042  abs.Test: 0.0001218431704910472  abs.TestBoundary: 0j  time: 9.694978017359972
epoch404  rel.Train: 0.012223221614956856  rel.Test: 0.017947002314031124  abs.Test: 0.0001214047271059826  abs.TestBoundary: 0j  time: 9.676965720951557
epoch405  rel.Train: 0.012210983395576478  rel.Test: 0.01792317282408476  abs.Test: 0.00012123054650146514  abs.TestBoundary: 0j  time: 9.672899486962706
epoch406  rel.Train: 0.012180261202156544  rel.Test: 0.018276668787002563  abs.Test: 0.0001237053205841221  abs.TestBoundary: 0j  time: 9.669173511210829
epoch407  rel.Train: 0.01214606811106205  rel.Test: 0.01812290821224451  abs.Test: 0.00012273865926545113  abs.TestBoundary: 0j  time: 9.684785021003336
epoch408  rel.Train: 0.012152764387428761  rel.Test: 0.017939478941261768  abs.Test: 0.00012138421385316178  abs.TestBoundary: 0j  time: 9.691719238646328
epoch409  rel.Train: 0.01211003014445305  rel.Test: 0.01832933947443962  abs.Test: 0.00012413501041010023  abs.TestBoundary: 0j  time: 9.684153743088245
epoch410  rel.Train: 0.012349074691534042  rel.Test: 0.018191225081682205  abs.Test: 0.00012320905982051044  abs.TestBoundary: 0j  time: 9.679996501654387
epoch411  rel.Train: 0.012109223678708076  rel.Test: 0.017863994613289833  abs.Test: 0.00012084730144124479  abs.TestBoundary: 0j  time: 9.671418416313827
epoch412  rel.Train: 0.012063375420868397  rel.Test: 0.018007451929152013  abs.Test: 0.0001219235680764541  abs.TestBoundary: 0j  time: 9.681013457011431
epoch413  rel.Train: 0.012046020649373532  rel.Test: 0.017839295752346516  abs.Test: 0.00012069862510543317  abs.TestBoundary: 0j  time: 9.672848566900939
epoch414  rel.Train: 0.012054192088544368  rel.Test: 0.017945833317935467  abs.Test: 0.00012135059339925647  abs.TestBoundary: 0j  time: 9.672332284040749
epoch415  rel.Train: 0.01207930126041174  rel.Test: 0.0181783227622509  abs.Test: 0.00012311879167100414  abs.TestBoundary: 0j  time: 9.683011730201542
epoch416  rel.Train: 0.012094309709966182  rel.Test: 0.017927245683968068  abs.Test: 0.00012132185976952314  abs.TestBoundary: 0j  time: 9.666212990880013
epoch417  rel.Train: 0.011973750315606595  rel.Test: 0.017854579500854017  abs.Test: 0.0001207588313263841  abs.TestBoundary: 0j  time: 9.687882964033633
epoch418  rel.Train: 0.012026590354740619  rel.Test: 0.01844226699322462  abs.Test: 0.00012489570130128414  abs.TestBoundary: 0j  time: 9.685281839221716
epoch419  rel.Train: 0.012079724319279193  rel.Test: 0.017944348491728306  abs.Test: 0.00012143815285526216  abs.TestBoundary: 0j  time: 9.667085254564881
epoch420  rel.Train: 0.012005070216953755  rel.Test: 0.01784975241869688  abs.Test: 0.00012078285741154104  abs.TestBoundary: 0j  time: 9.671584736090153
epoch421  rel.Train: 0.01214940371364355  rel.Test: 0.01800225704908371  abs.Test: 0.00012186513165943325  abs.TestBoundary: 0j  time: 9.667325743008405
epoch422  rel.Train: 0.011925505883991718  rel.Test: 0.017893462218344213  abs.Test: 0.00012107023096177727  abs.TestBoundary: 0j  time: 9.677866098936647
epoch423  rel.Train: 0.011961160846054555  rel.Test: 0.01793326362967491  abs.Test: 0.00012134461954701692  abs.TestBoundary: 0j  time: 9.66328398231417
epoch424  rel.Train: 0.011935341440141202  rel.Test: 0.017858727537095546  abs.Test: 0.00012085050664609298  abs.TestBoundary: 0j  time: 9.667376681696624
epoch425  rel.Train: 0.011958569206297398  rel.Test: 0.017936245165765287  abs.Test: 0.00012147771078161895  abs.TestBoundary: 0j  time: 9.676947095897049
epoch426  rel.Train: 0.011899558305740356  rel.Test: 0.0178169684484601  abs.Test: 0.00012056648178258911  abs.TestBoundary: 0j  time: 9.685637125279754
epoch427  rel.Train: 0.011847425915300846  rel.Test: 0.017970276847481727  abs.Test: 0.00012167777807917446  abs.TestBoundary: 0j  time: 9.671180040109903
epoch428  rel.Train: 0.011884368501603603  rel.Test: 0.017912931777536868  abs.Test: 0.00012125083187129348  abs.TestBoundary: 0j  time: 9.679337881039828
epoch429  rel.Train: 0.011864534966647624  rel.Test: 0.017828923463821412  abs.Test: 0.00012062032765243202  abs.TestBoundary: 0j  time: 9.669630501419306
epoch430  rel.Train: 0.011855404831469058  rel.Test: 0.017861624956130983  abs.Test: 0.0001208376683644019  abs.TestBoundary: 0j  time: 9.679236601106822
epoch431  rel.Train: 0.011862887613475323  rel.Test: 0.018027851171791554  abs.Test: 0.00012213054578751325  abs.TestBoundary: 0j  time: 9.666132918093354
epoch432  rel.Train: 0.011865697242319584  rel.Test: 0.01791056267917156  abs.Test: 0.00012127944093663245  abs.TestBoundary: 0j  time: 9.673354155849665
epoch433  rel.Train: 0.01179670137166977  rel.Test: 0.017792040705680846  abs.Test: 0.00012041393492836505  abs.TestBoundary: 0j  time: 9.669076222926378
epoch434  rel.Train: 0.011818354614078999  rel.Test: 0.018152263835072516  abs.Test: 0.00012286032462725417  abs.TestBoundary: 0j  time: 9.67014083918184
epoch435  rel.Train: 0.011803656235337258  rel.Test: 0.01785360921174288  abs.Test: 0.00012081652181223035  abs.TestBoundary: 0j  time: 9.676006904803216
epoch436  rel.Train: 0.011746681407094001  rel.Test: 0.017838950157165526  abs.Test: 0.00012075549049768597  abs.TestBoundary: 0j  time: 9.669142252299935
epoch437  rel.Train: 0.01174808355420828  rel.Test: 0.017911623753607272  abs.Test: 0.00012129231472499669  abs.TestBoundary: 0j  time: 9.668336769100279
epoch438  rel.Train: 0.01177852376550436  rel.Test: 0.01788785893470049  abs.Test: 0.00012103110319003463  abs.TestBoundary: 0j  time: 9.67570239212364
epoch439  rel.Train: 0.01175739572942257  rel.Test: 0.017797372490167617  abs.Test: 0.00012043166672810912  abs.TestBoundary: 0j  time: 9.66032624989748
epoch440  rel.Train: 0.011825634486973286  rel.Test: 0.017825527638196944  abs.Test: 0.0001205993688199669  abs.TestBoundary: 0j  time: 9.672721442766488
epoch441  rel.Train: 0.01171191144734621  rel.Test: 0.01778465986251831  abs.Test: 0.00012033477483782917  abs.TestBoundary: 0j  time: 9.67270484706387
epoch442  rel.Train: 0.011719183079898358  rel.Test: 0.017833506986498833  abs.Test: 0.0001206680093309842  abs.TestBoundary: 0j  time: 9.676146044861525
epoch443  rel.Train: 0.011733031705021858  rel.Test: 0.017826305106282234  abs.Test: 0.00012064805574482307  abs.TestBoundary: 0j  time: 9.67289367178455
epoch444  rel.Train: 0.011699465401470661  rel.Test: 0.017790607325732708  abs.Test: 0.00012034865445457398  abs.TestBoundary: 0j  time: 9.676106690894812
epoch445  rel.Train: 0.011681638032197952  rel.Test: 0.017814657576382162  abs.Test: 0.00012059536762535571  abs.TestBoundary: 0j  time: 9.67934947181493
epoch446  rel.Train: 0.01169197355210781  rel.Test: 0.0178519881144166  abs.Test: 0.00012083788082236425  abs.TestBoundary: 0j  time: 9.669547586236149
epoch447  rel.Train: 0.01163974379003048  rel.Test: 0.017820514999330045  abs.Test: 0.00012064230133546517  abs.TestBoundary: 0j  time: 9.66017212998122
epoch448  rel.Train: 0.01166833222657442  rel.Test: 0.017878305688500403  abs.Test: 0.00012106958194635809  abs.TestBoundary: 0j  time: 9.674750945996493
epoch449  rel.Train: 0.01166037678718567  rel.Test: 0.017846112512052058  abs.Test: 0.00012080061249434948  abs.TestBoundary: 0j  time: 9.677944638300687
epoch450  rel.Train: 0.011643806479871273  rel.Test: 0.017813915759325026  abs.Test: 0.00012052621867042034  abs.TestBoundary: 0j  time: 9.67185188177973
epoch451  rel.Train: 0.011626836456358433  rel.Test: 0.017798444367945195  abs.Test: 0.00012044456700095907  abs.TestBoundary: 0j  time: 9.675091505981982
epoch452  rel.Train: 0.011625404231250287  rel.Test: 0.017899614311754703  abs.Test: 0.00012116988247726112  abs.TestBoundary: 0j  time: 9.678236790932715
epoch453  rel.Train: 0.011656122386455536  rel.Test: 0.01778767481446266  abs.Test: 0.00012036994274239988  abs.TestBoundary: 0j  time: 9.680486210156232
epoch454  rel.Train: 0.011622080489993095  rel.Test: 0.017827864661812784  abs.Test: 0.00012063048139680176  abs.TestBoundary: 0j  time: 9.678398102056235
epoch455  rel.Train: 0.011603018999099731  rel.Test: 0.01786451205611229  abs.Test: 0.00012088679301086813  abs.TestBoundary: 0j  time: 9.686080880928785
epoch456  rel.Train: 0.011600723452866078  rel.Test: 0.017820967100560664  abs.Test: 0.00012059310014592484  abs.TestBoundary: 0j  time: 9.685947506688535
epoch457  rel.Train: 0.011575227163732053  rel.Test: 0.017774502001702785  abs.Test: 0.00012027833960019051  abs.TestBoundary: 0j  time: 9.678628515917808
epoch458  rel.Train: 0.011564371220767498  rel.Test: 0.01779126577079296  abs.Test: 0.00012040069967042655  abs.TestBoundary: 0j  time: 9.672623447142541
epoch459  rel.Train: 0.011581805765628814  rel.Test: 0.01778997536748648  abs.Test: 0.00012038792774546892  abs.TestBoundary: 0j  time: 9.684913371689618
epoch460  rel.Train: 0.011589844465255737  rel.Test: 0.017773384265601634  abs.Test: 0.00012026814481941984  abs.TestBoundary: 0j  time: 9.676915045827627
epoch461  rel.Train: 0.01155644180625677  rel.Test: 0.017811588644981384  abs.Test: 0.00012054276827257127  abs.TestBoundary: 0j  time: 9.68061019713059
epoch462  rel.Train: 0.01153752065449953  rel.Test: 0.017776958495378494  abs.Test: 0.0001202988313161768  abs.TestBoundary: 0j  time: 9.679540584329516
epoch463  rel.Train: 0.011545382291078567  rel.Test: 0.017748478129506112  abs.Test: 0.00012006819859379903  abs.TestBoundary: 0j  time: 9.67540508788079
epoch464  rel.Train: 0.011543324306607247  rel.Test: 0.017851907834410666  abs.Test: 0.00012083688954589889  abs.TestBoundary: 0j  time: 9.669463608879596
epoch465  rel.Train: 0.011519986629486084  rel.Test: 0.017816195972263815  abs.Test: 0.00012058881780831143  abs.TestBoundary: 0j  time: 9.672415659762919
epoch466  rel.Train: 0.011516083426773549  rel.Test: 0.017800455279648304  abs.Test: 0.00012046900403220206  abs.TestBoundary: 0j  time: 9.679744726978242
epoch467  rel.Train: 0.011499370075762272  rel.Test: 0.01779572531580925  abs.Test: 0.00012045364681398496  abs.TestBoundary: 0j  time: 9.678199983667582
epoch468  rel.Train: 0.011534879505634308  rel.Test: 0.017830595932900907  abs.Test: 0.00012068932323018088  abs.TestBoundary: 0j  time: 9.666953049600124
epoch469  rel.Train: 0.011498507201671601  rel.Test: 0.017808646485209464  abs.Test: 0.00012051408732077106  abs.TestBoundary: 0j  time: 9.67332822130993
epoch470  rel.Train: 0.011500001363456249  rel.Test: 0.01783884484320879  abs.Test: 0.00012075942155206576  abs.TestBoundary: 0j  time: 9.671145310625434
epoch471  rel.Train: 0.011493398144841195  rel.Test: 0.017755082435905935  abs.Test: 0.00012014873937005177  abs.TestBoundary: 0j  time: 9.668411178980023
epoch472  rel.Train: 0.011493139125406742  rel.Test: 0.017765416763722897  abs.Test: 0.00012021151749650017  abs.TestBoundary: 0j  time: 9.676400012802333
epoch473  rel.Train: 0.01148374243080616  rel.Test: 0.01783354200422764  abs.Test: 0.00012069445510860532  abs.TestBoundary: 0j  time: 9.666733326856047
epoch474  rel.Train: 0.011483750656247139  rel.Test: 0.017774149030447006  abs.Test: 0.00012028836004901678  abs.TestBoundary: 0j  time: 9.669616437051445
epoch475  rel.Train: 0.011491079278290272  rel.Test: 0.017784804701805115  abs.Test: 0.00012036856292979792  abs.TestBoundary: 0j  time: 9.674071973189712
epoch476  rel.Train: 0.011464847087860107  rel.Test: 0.017754285149276256  abs.Test: 0.00012013833125820383  abs.TestBoundary: 0j  time: 9.67477764096111
epoch477  rel.Train: 0.011461799524724484  rel.Test: 0.017788854762911796  abs.Test: 0.00012038655404467136  abs.TestBoundary: 0j  time: 9.673981187865138
epoch478  rel.Train: 0.011463774397969246  rel.Test: 0.017749223001301287  abs.Test: 0.00012011047714622691  abs.TestBoundary: 0j  time: 9.67605624301359
epoch479  rel.Train: 0.011461879067122937  rel.Test: 0.01778069544583559  abs.Test: 0.00012033093051286414  abs.TestBoundary: 0j  time: 9.675852720160037
epoch480  rel.Train: 0.01144608074426651  rel.Test: 0.01780607722699642  abs.Test: 0.00012052079138811677  abs.TestBoundary: 0j  time: 9.671898466069251
epoch481  rel.Train: 0.01144945315271616  rel.Test: 0.017769077979028224  abs.Test: 0.00012023553339531646  abs.TestBoundary: 0j  time: 9.670060864184052
epoch482  rel.Train: 0.011445705845952035  rel.Test: 0.017767179384827615  abs.Test: 0.00012024050636682659  abs.TestBoundary: 0j  time: 9.684729598928243
epoch483  rel.Train: 0.011445854760706425  rel.Test: 0.01784174021333456  abs.Test: 0.000120767631160561  abs.TestBoundary: 0j  time: 9.678293572738767
epoch484  rel.Train: 0.011458488658070564  rel.Test: 0.017775465622544288  abs.Test: 0.00012029794103000312  abs.TestBoundary: 0j  time: 9.678783547133207
epoch485  rel.Train: 0.01143991007655859  rel.Test: 0.017764950543642043  abs.Test: 0.0001202093088068068  abs.TestBoundary: 0j  time: 9.676646951586008
epoch486  rel.Train: 0.011432903245091438  rel.Test: 0.017788380309939386  abs.Test: 0.0001204040614538826  abs.TestBoundary: 0j  time: 9.678109528962523
epoch487  rel.Train: 0.011432660132646561  rel.Test: 0.017776328437030316  abs.Test: 0.00012030576093820856  abs.TestBoundary: 0j  time: 9.67363067669794
epoch488  rel.Train: 0.011427541822195053  rel.Test: 0.0177624137327075  abs.Test: 0.00012020658643450588  abs.TestBoundary: 0j  time: 9.679597534239292
epoch489  rel.Train: 0.01142366973310709  rel.Test: 0.01779929544776678  abs.Test: 0.00012048540025716648  abs.TestBoundary: 0j  time: 9.675378179177642
epoch490  rel.Train: 0.01142458075284958  rel.Test: 0.01781235184520483  abs.Test: 0.00012055422208504751  abs.TestBoundary: 0j  time: 9.67692757025361
epoch491  rel.Train: 0.011422660797834397  rel.Test: 0.017798118367791174  abs.Test: 0.00012046359217492863  abs.TestBoundary: 0j  time: 9.679879996925592
epoch492  rel.Train: 0.011426458738744259  rel.Test: 0.017747400999069213  abs.Test: 0.00012009804719127715  abs.TestBoundary: 0j  time: 9.684539183974266
epoch493  rel.Train: 0.011423150561749935  rel.Test: 0.01777477838099003  abs.Test: 0.00012030490266624838  abs.TestBoundary: 0j  time: 9.686126300133765
epoch494  rel.Train: 0.011420296356081962  rel.Test: 0.017775867059826853  abs.Test: 0.00012030488811433315  abs.TestBoundary: 0j  time: 9.684735748916864
epoch495  rel.Train: 0.011416828148066998  rel.Test: 0.017783951349556446  abs.Test: 0.00012035573861794546  abs.TestBoundary: 0j  time: 9.674017737619579
epoch496  rel.Train: 0.011418403439223766  rel.Test: 0.017775405049324036  abs.Test: 0.00012029934558086097  abs.TestBoundary: 0j  time: 9.6686273207888
epoch497  rel.Train: 0.011414642125368118  rel.Test: 0.01776937935501337  abs.Test: 0.00012025108881061897  abs.TestBoundary: 0j  time: 9.669049979187548
epoch498  rel.Train: 0.011418253183364868  rel.Test: 0.01776577524840832  abs.Test: 0.00012022422801237553  abs.TestBoundary: 0j  time: 9.678836761042476
epoch499  rel.Train: 0.011413355574011803  rel.Test: 0.017761791720986367  abs.Test: 0.00012020216410746798  abs.TestBoundary: 0j  time: 9.666523806285113
