dir now: /lustre/home/2200010870/works/NeuralOperator/GreenFunction
(1000, 221, 51, 2) (1000, 221, 51, 1)
x_train.shape:  torch.Size([1000, 11271, 4])
y_train.shape:  torch.Size([1000, 11271, 1])
221 51
torch.Size([11271, 128])
Start SVD with data shape:  (1000, 11271)
##################################################
Green Function Test for Airfoli
--data--
L: 1.0
downsample_ratio: 1
n_train: 1000
n_test: 200
pca_include_input: False
pca_include_grid: False
--model--
fc_dim: 128
in_dim: 4
out_dim: 1
layers_dim: [64, 64, 64, 64]
act: gelu
residual: [False, False, False, False]
layer_types: ['GalerkinConv', 'GalerkinConv', 'GalerkinConv', 'GalerkinConv']
GkNN_modes: [128, 128, 128, 128]
bases_types: ['pca_in', 'pca_in', 'pca_in', 'pca_in']
wbases_types: ['pca_out', 'pca_out', 'pca_out', 'pca_out']
green_types: ['fcGreen', 'fcGreen', 'fcGreen', 'fcGreen']
r_list: [1, 1, 1, 1]
kernel_size: 3
--train--
device: cuda
base_lr: 0.001
weight_decay: 0.0001
epochs: 500
scheduler: OneCycleLR
milestones: [200, 300, 400, 500, 800, 900]
scheduler_gamma: 0.5
batch_size: 30
normalization_x: True
normalization_y: True
normalization_dim: []
--Start Training--
number of parameters is 1725185
Epoch: 0  Train rel: 0.15798817181587219  Test rel: 0.14492645382881164  Test abs: 0.11987688779830932  Test abs boundary: 0.1553508472442627  Time: 1.269450515974313
Epoch: 1  Train rel: 0.13940541529655456  Test rel: 0.12996480464935303  Test abs: 0.10747993111610413  Test abs boundary: 0.1475219178199768  Time: 0.6619580104015768
Epoch: 2  Train rel: 0.13315027499198914  Test rel: 0.12579217433929443  Test abs: 0.1040261721611023  Test abs boundary: 0.14403560638427734  Time: 0.6622515600174665
Epoch: 3  Train rel: 0.1284175535440445  Test rel: 0.1213910973072052  Test abs: 0.100380197763443  Test abs boundary: 0.13961259961128236  Time: 0.662492276635021
Epoch: 4  Train rel: 0.12296065735816955  Test rel: 0.11719157099723816  Test abs: 0.09688400864601135  Test abs boundary: 0.1360863959789276  Time: 0.6631473479792476
Epoch: 5  Train rel: 0.11829357266426087  Test rel: 0.11238291263580322  Test abs: 0.09291076302528381  Test abs boundary: 0.1300627565383911  Time: 0.6637185141444206
Epoch: 6  Train rel: 0.11388755702972413  Test rel: 0.10787251532077789  Test abs: 0.08919854998588563  Test abs boundary: 0.123722722530365  Time: 0.6624636487103999
Epoch: 7  Train rel: 0.11173186945915223  Test rel: 0.10740962982177735  Test abs: 0.08881942749023437  Test abs boundary: 0.11960109114646912  Time: 0.6623589270748198
Epoch: 8  Train rel: 0.10834431505203247  Test rel: 0.10404155135154725  Test abs: 0.0860370421409607  Test abs boundary: 0.11100642561912537  Time: 0.6618690229952335
Epoch: 9  Train rel: 0.10619544315338135  Test rel: 0.10168799698352814  Test abs: 0.0840893828868866  Test abs boundary: 0.10630532324314118  Time: 0.661557980813086
Epoch: 10  Train rel: 0.10501475894451141  Test rel: 0.10124702155590057  Test abs: 0.08374245166778564  Test abs boundary: 0.10474257111549377  Time: 0.6621621022932231
Epoch: 11  Train rel: 0.10409428346157074  Test rel: 0.10068603813648223  Test abs: 0.08327966332435607  Test abs boundary: 0.10423186540603638  Time: 0.6625537471845746
Epoch: 12  Train rel: 0.10310464227199555  Test rel: 0.10030309081077576  Test abs: 0.08292917013168336  Test abs boundary: 0.10289104104042053  Time: 0.6615932518616319
Epoch: 13  Train rel: 0.10295213401317596  Test rel: 0.09928205728530884  Test abs: 0.08211355984210968  Test abs boundary: 0.10201822757720948  Time: 0.6617394052445889
Epoch: 14  Train rel: 0.10252467155456543  Test rel: 0.0992827808856964  Test abs: 0.08208840489387512  Test abs boundary: 0.10189878284931182  Time: 0.6622078767977655
Epoch: 15  Train rel: 0.1020760692358017  Test rel: 0.09857020556926727  Test abs: 0.08152996718883515  Test abs boundary: 0.10127198815345764  Time: 0.6617871769703925
Epoch: 16  Train rel: 0.10236012125015259  Test rel: 0.09931940853595733  Test abs: 0.08211694478988647  Test abs boundary: 0.1021344405412674  Time: 0.6632670410908759
Epoch: 17  Train rel: 0.10213736689090729  Test rel: 0.09866163432598114  Test abs: 0.08160548567771912  Test abs boundary: 0.10157235562801362  Time: 0.6614144230261445
Epoch: 18  Train rel: 0.10198636674880981  Test rel: 0.09910777747631073  Test abs: 0.08196439385414124  Test abs boundary: 0.10250670790672302  Time: 0.6626309151761234
Epoch: 19  Train rel: 0.10169625759124756  Test rel: 0.09875236809253693  Test abs: 0.08168997287750245  Test abs boundary: 0.10158229231834412  Time: 0.662374054081738
Epoch: 20  Train rel: 0.10141872060298919  Test rel: 0.10079034745693206  Test abs: 0.08331449151039123  Test abs boundary: 0.10364852905273438  Time: 0.6625182488933206
Epoch: 21  Train rel: 0.10157990777492523  Test rel: 0.09923471331596374  Test abs: 0.08205940186977387  Test abs boundary: 0.10217278361320496  Time: 0.6618286143057048
Epoch: 22  Train rel: 0.10179689675569534  Test rel: 0.0982537317276001  Test abs: 0.08126641809940338  Test abs boundary: 0.10151410281658173  Time: 0.6615089559927583
Epoch: 23  Train rel: 0.101369495511055  Test rel: 0.09794855296611786  Test abs: 0.08100291013717652  Test abs boundary: 0.10068949460983276  Time: 0.6618729499168694
Epoch: 24  Train rel: 0.10155970227718353  Test rel: 0.09917224109172822  Test abs: 0.08199097335338593  Test abs boundary: 0.10163353621959687  Time: 0.6618537260219455
Epoch: 25  Train rel: 0.10150821781158448  Test rel: 0.0984484761953354  Test abs: 0.08140556931495667  Test abs boundary: 0.10123489916324616  Time: 0.6617311416193843
Epoch: 26  Train rel: 0.10135467875003815  Test rel: 0.09809064447879791  Test abs: 0.08111702859401702  Test abs boundary: 0.10109679102897644  Time: 0.6621400937438011
Epoch: 27  Train rel: 0.10128621280193328  Test rel: 0.09774138569831849  Test abs: 0.08084760904312134  Test abs boundary: 0.10068950772285462  Time: 0.6632614163681865
Epoch: 28  Train rel: 0.10119459253549576  Test rel: 0.09817073881626129  Test abs: 0.08118406653404237  Test abs boundary: 0.10128840804100037  Time: 0.661626135930419
Epoch: 29  Train rel: 0.10119901269674302  Test rel: 0.09891649842262268  Test abs: 0.08177951574325562  Test abs boundary: 0.10179744720458984  Time: 0.6624856763519347
Epoch: 30  Train rel: 0.10150986969470978  Test rel: 0.0987471479177475  Test abs: 0.08163687825202942  Test abs boundary: 0.10136565744876862  Time: 0.6609701979905367
Epoch: 31  Train rel: 0.1009113010764122  Test rel: 0.09843653380870819  Test abs: 0.0813956868648529  Test abs boundary: 0.10151444911956788  Time: 0.6621824437752366
Epoch: 32  Train rel: 0.10089645159244537  Test rel: 0.09863284945487977  Test abs: 0.0815427827835083  Test abs boundary: 0.10110082149505616  Time: 0.6620245366357267
Epoch: 33  Train rel: 0.10107489681243896  Test rel: 0.09829345762729645  Test abs: 0.0813038432598114  Test abs boundary: 0.10139907598495483  Time: 0.6614852892234921
Epoch: 34  Train rel: 0.10099390840530395  Test rel: 0.09800166249275208  Test abs: 0.0810748940706253  Test abs boundary: 0.10146191835403442  Time: 0.6625641663558781
Epoch: 35  Train rel: 0.10128094983100891  Test rel: 0.09885362386703492  Test abs: 0.08172880947589874  Test abs boundary: 0.10168282270431518  Time: 0.6621604468673468
Epoch: 36  Train rel: 0.10152651202678681  Test rel: 0.10028190374374389  Test abs: 0.08289306879043579  Test abs boundary: 0.10339569866657257  Time: 0.6619020425714552
Epoch: 37  Train rel: 0.1015555853843689  Test rel: 0.09820772647857666  Test abs: 0.08120815277099609  Test abs boundary: 0.10119318068027497  Time: 0.6616292959079146
Epoch: 38  Train rel: 0.10089047610759735  Test rel: 0.09776763916015625  Test abs: 0.08085836470127106  Test abs boundary: 0.10082415342330933  Time: 0.6615191102027893
Epoch: 39  Train rel: 0.10084826529026031  Test rel: 0.09753648281097411  Test abs: 0.08066891312599182  Test abs boundary: 0.1007758378982544  Time: 0.6627667942084372
Epoch: 40  Train rel: 0.10079493701457977  Test rel: 0.09881051957607269  Test abs: 0.08170103549957275  Test abs boundary: 0.10191121816635132  Time: 0.6613885122351348
Epoch: 41  Train rel: 0.1011540492773056  Test rel: 0.0983092999458313  Test abs: 0.0813170313835144  Test abs boundary: 0.1018868464231491  Time: 0.6613144781440496
Epoch: 42  Train rel: 0.10092680644989013  Test rel: 0.09849131584167481  Test abs: 0.08144129455089569  Test abs boundary: 0.10173433125019074  Time: 0.6624016482383013
Epoch: 43  Train rel: 0.10089741218090058  Test rel: 0.09815290689468384  Test abs: 0.08119565606117249  Test abs boundary: 0.10166090369224548  Time: 0.6614095629192889
Epoch: 44  Train rel: 0.10101201009750366  Test rel: 0.09737971961498261  Test abs: 0.08054038763046265  Test abs boundary: 0.10024219393730163  Time: 0.6617162767797709
Epoch: 45  Train rel: 0.10090258574485779  Test rel: 0.09804053962230683  Test abs: 0.08109151601791381  Test abs boundary: 0.10122060179710388  Time: 0.6625607688911259
Epoch: 46  Train rel: 0.10094058686494828  Test rel: 0.09747853815555572  Test abs: 0.08063450276851654  Test abs boundary: 0.10057376861572266  Time: 0.6616258360445499
Epoch: 47  Train rel: 0.10070673209428788  Test rel: 0.09817745327949524  Test abs: 0.08118069231510162  Test abs boundary: 0.10114489316940307  Time: 0.6611868091858923
Epoch: 48  Train rel: 0.10082180047035218  Test rel: 0.09837675571441651  Test abs: 0.08133344054222107  Test abs boundary: 0.10125495254993438  Time: 0.6616942123509943
Epoch: 49  Train rel: 0.10066308975219726  Test rel: 0.09816306591033935  Test abs: 0.08118841767311097  Test abs boundary: 0.10113177299499512  Time: 0.6619141669943929
Epoch: 50  Train rel: 0.10083338248729706  Test rel: 0.09799065828323364  Test abs: 0.0810250210762024  Test abs boundary: 0.10113740205764771  Time: 0.6624221932142973
Epoch: 51  Train rel: 0.10062507903575897  Test rel: 0.09732916116714478  Test abs: 0.08050548434257507  Test abs boundary: 0.10062604188919068  Time: 0.6625389596447349
Epoch: 52  Train rel: 0.10102923715114594  Test rel: 0.09884592413902282  Test abs: 0.0817276132106781  Test abs boundary: 0.10201013445854187  Time: 0.6616884018294513
Epoch: 53  Train rel: 0.10091251075267792  Test rel: 0.09818091511726379  Test abs: 0.08121294677257537  Test abs boundary: 0.1012958574295044  Time: 0.6619082316756248
Epoch: 54  Train rel: 0.10055579900741578  Test rel: 0.09828776895999908  Test abs: 0.08126155018806458  Test abs boundary: 0.1014795207977295  Time: 0.6615308867767453
Epoch: 55  Train rel: 0.10113931578397752  Test rel: 0.0976955085992813  Test abs: 0.08079677522182464  Test abs boundary: 0.10076872587203979  Time: 0.6617937190458179
Epoch: 56  Train rel: 0.10110506510734558  Test rel: 0.10057938694953919  Test abs: 0.08313068747520447  Test abs boundary: 0.10312762260437011  Time: 0.661887161899358
Epoch: 57  Train rel: 0.10104149830341339  Test rel: 0.09849087595939636  Test abs: 0.08142738938331603  Test abs boundary: 0.10165641903877258  Time: 0.6611516689881682
Epoch: 58  Train rel: 0.10071111500263213  Test rel: 0.09778260290622712  Test abs: 0.0808548891544342  Test abs boundary: 0.10093067169189453  Time: 0.6617009779438376
Epoch: 59  Train rel: 0.1005941891670227  Test rel: 0.0983118611574173  Test abs: 0.0812800645828247  Test abs boundary: 0.1014310073852539  Time: 0.6608858532272279
Epoch: 60  Train rel: 0.10077430236339568  Test rel: 0.09768126964569092  Test abs: 0.08079827785491943  Test abs boundary: 0.10083885550498962  Time: 0.6615961040370166
Epoch: 61  Train rel: 0.10111222732067109  Test rel: 0.09828139543533325  Test abs: 0.08126170992851257  Test abs boundary: 0.10142253398895264  Time: 0.6611327962018549
Epoch: 62  Train rel: 0.10115408194065094  Test rel: 0.09860762000083924  Test abs: 0.08153870224952697  Test abs boundary: 0.1017543751001358  Time: 0.6615427643992007
Epoch: 63  Train rel: 0.10049801206588745  Test rel: 0.0974491560459137  Test abs: 0.08059306263923645  Test abs boundary: 0.10065857887268066  Time: 0.6627882630564272
Epoch: 64  Train rel: 0.10043660712242126  Test rel: 0.09745022058486938  Test abs: 0.08060746550559998  Test abs boundary: 0.10105286955833435  Time: 0.6631724671460688
Epoch: 65  Train rel: 0.10067321360111237  Test rel: 0.0978764808177948  Test abs: 0.08094190239906311  Test abs boundary: 0.10130599021911621  Time: 0.6623598458245397
Epoch: 66  Train rel: 0.10052802658081054  Test rel: 0.09876131176948548  Test abs: 0.08165681838989258  Test abs boundary: 0.10215512990951538  Time: 0.6626133150421083
Epoch: 67  Train rel: 0.10051646864414215  Test rel: 0.09770546495914459  Test abs: 0.08081854104995728  Test abs boundary: 0.10085883677005768  Time: 0.6622006860561669
Epoch: 68  Train rel: 0.100726722240448  Test rel: 0.09786510467529297  Test abs: 0.08092978715896607  Test abs boundary: 0.10142661452293396  Time: 0.6630144016817212
Epoch: 69  Train rel: 0.10038232129812241  Test rel: 0.0975746089220047  Test abs: 0.08068294525146484  Test abs boundary: 0.10063373744487762  Time: 0.662007334176451
Epoch: 70  Train rel: 0.10047563457489014  Test rel: 0.09759567201137542  Test abs: 0.08071820735931397  Test abs boundary: 0.10102605581283569  Time: 0.6618258473463356
Epoch: 71  Train rel: 0.10042933988571166  Test rel: 0.09698148131370544  Test abs: 0.08022468090057373  Test abs boundary: 0.10029320597648621  Time: 0.6627459009177983
Epoch: 72  Train rel: 0.10046002376079559  Test rel: 0.09778708338737488  Test abs: 0.0808903682231903  Test abs boundary: 0.10087292671203613  Time: 0.6619310141541064
Epoch: 73  Train rel: 0.10051453614234925  Test rel: 0.09829170942306518  Test abs: 0.08129691362380981  Test abs boundary: 0.10189474403858184  Time: 0.6619429639540613
Epoch: 74  Train rel: 0.10037737870216369  Test rel: 0.09745573759078979  Test abs: 0.08059869408607483  Test abs boundary: 0.10073178470134735  Time: 0.6625583311542869
Epoch: 75  Train rel: 0.100231565117836  Test rel: 0.09758805692195892  Test abs: 0.08072910010814667  Test abs boundary: 0.10078155159950257  Time: 0.662115874234587
Epoch: 76  Train rel: 0.10018428272008896  Test rel: 0.0970109075307846  Test abs: 0.08022381663322449  Test abs boundary: 0.10004704058170319  Time: 0.6621386590413749
Epoch: 77  Train rel: 0.09943699991703034  Test rel: 0.0958945918083191  Test abs: 0.07928837180137634  Test abs boundary: 0.09882607877254486  Time: 0.6621776819229126
Epoch: 78  Train rel: 0.09821927452087402  Test rel: 0.0944071114063263  Test abs: 0.07805935740470886  Test abs boundary: 0.09845235109329224  Time: 0.662461050786078
Epoch: 79  Train rel: 0.09492861431837082  Test rel: 0.09398589253425599  Test abs: 0.07767894268035888  Test abs boundary: 0.0937330663204193  Time: 0.6620506192557514
Epoch: 80  Train rel: 0.08963450026512146  Test rel: 0.0892032766342163  Test abs: 0.07368002891540527  Test abs boundary: 0.09179799675941468  Time: 0.6618374180980027
Epoch: 81  Train rel: 0.08719543218612671  Test rel: 0.09022517323493957  Test abs: 0.07454791784286499  Test abs boundary: 0.09706915497779846  Time: 0.6624724958091974
Epoch: 82  Train rel: 0.08477866250276565  Test rel: 0.08686379611492157  Test abs: 0.0717543375492096  Test abs boundary: 0.09047978043556214  Time: 0.6625959370285273
Epoch: 83  Train rel: 0.0833554829955101  Test rel: 0.08143196105957032  Test abs: 0.06726998031139374  Test abs boundary: 0.08780117034912109  Time: 0.6622188407927752
Epoch: 84  Train rel: 0.08154943716526032  Test rel: 0.08123339653015137  Test abs: 0.06711549162864686  Test abs boundary: 0.08715880393981934  Time: 0.6621995507739484
Epoch: 85  Train rel: 0.08068335902690887  Test rel: 0.08063520789146424  Test abs: 0.06664161443710327  Test abs boundary: 0.08696128010749817  Time: 0.6616885918192565
Epoch: 86  Train rel: 0.08005003517866134  Test rel: 0.07700109004974365  Test abs: 0.06362366855144501  Test abs boundary: 0.08198545694351196  Time: 0.6634264043532312
Epoch: 87  Train rel: 0.07800042152404785  Test rel: 0.07638192713260651  Test abs: 0.0630885773897171  Test abs boundary: 0.08390613555908204  Time: 0.661736364942044
Epoch: 88  Train rel: 0.07849127870798112  Test rel: 0.07682081282138825  Test abs: 0.06343838572502136  Test abs boundary: 0.0848848581314087  Time: 0.6624687551520765
Epoch: 89  Train rel: 0.07690863794088364  Test rel: 0.07833902478218079  Test abs: 0.06473526477813721  Test abs boundary: 0.08453113973140716  Time: 0.6620599469169974
Epoch: 90  Train rel: 0.07757981514930726  Test rel: 0.07717036008834839  Test abs: 0.0637206506729126  Test abs boundary: 0.08354004740715026  Time: 0.661798823159188
Epoch: 91  Train rel: 0.07703393030166626  Test rel: 0.07541355788707733  Test abs: 0.062317963242530826  Test abs boundary: 0.081268230676651  Time: 0.6628392888233066
Epoch: 92  Train rel: 0.0758102593421936  Test rel: 0.0751430332660675  Test abs: 0.06210055410861969  Test abs boundary: 0.08168869853019714  Time: 0.662092104088515
Epoch: 93  Train rel: 0.07478883534669876  Test rel: 0.08075188875198364  Test abs: 0.06668284952640534  Test abs boundary: 0.08666336297988891  Time: 0.6620831391774118
Epoch: 94  Train rel: 0.07560640859603882  Test rel: 0.08042594909667969  Test abs: 0.06642049670219421  Test abs boundary: 0.08591424465179444  Time: 0.6612593047320843
Epoch: 95  Train rel: 0.07575730949640275  Test rel: 0.07172990322113038  Test abs: 0.05926626563072204  Test abs boundary: 0.07928391814231872  Time: 0.6649204320274293
Epoch: 96  Train rel: 0.07422965842485428  Test rel: 0.07524876177310943  Test abs: 0.06216362655162811  Test abs boundary: 0.08164267778396607  Time: 0.6636250866577029
Epoch: 97  Train rel: 0.07361639475822448  Test rel: 0.07541505992412567  Test abs: 0.062262282967567445  Test abs boundary: 0.08128994941711426  Time: 0.665123341139406
Epoch: 98  Train rel: 0.07353627824783325  Test rel: 0.0711390334367752  Test abs: 0.05876052021980285  Test abs boundary: 0.07965085327625275  Time: 0.6635581119917333
Epoch: 99  Train rel: 0.07224233776330947  Test rel: 0.07185072243213654  Test abs: 0.05932339787483215  Test abs boundary: 0.07907492280006409  Time: 0.6624234351329505
Epoch: 100  Train rel: 0.07276403057575226  Test rel: 0.07080499172210693  Test abs: 0.05849708199501038  Test abs boundary: 0.07923295855522156  Time: 0.6630890108644962
Epoch: 101  Train rel: 0.0719816861152649  Test rel: 0.07446392476558686  Test abs: 0.06150224328041077  Test abs boundary: 0.08108160853385925  Time: 0.6644705021753907
Epoch: 102  Train rel: 0.07249594420194626  Test rel: 0.07326608538627624  Test abs: 0.06051852583885193  Test abs boundary: 0.07983766973018647  Time: 0.6629054541699588
Epoch: 103  Train rel: 0.07165578365325928  Test rel: 0.07165341019630432  Test abs: 0.059155619740486144  Test abs boundary: 0.07827182531356812  Time: 0.6644461653195322
Epoch: 104  Train rel: 0.07053993463516235  Test rel: 0.0724517685174942  Test abs: 0.05983745336532593  Test abs boundary: 0.0781620991230011  Time: 0.664250603877008
Epoch: 105  Train rel: 0.07131379950046539  Test rel: 0.07357557892799377  Test abs: 0.0607356321811676  Test abs boundary: 0.07936094582080841  Time: 0.6627595238387585
Epoch: 106  Train rel: 0.07061975353956222  Test rel: 0.06956502139568328  Test abs: 0.0574331396818161  Test abs boundary: 0.07715969800949096  Time: 0.6635057982057333
Epoch: 107  Train rel: 0.07053140926361084  Test rel: 0.0729183292388916  Test abs: 0.0602308601140976  Test abs boundary: 0.07831231713294982  Time: 0.6643477380275726
Epoch: 108  Train rel: 0.07081974828243255  Test rel: 0.07039992153644561  Test abs: 0.058134116530418396  Test abs boundary: 0.07801702201366424  Time: 0.6635412108153105
Epoch: 109  Train rel: 0.06971044516563416  Test rel: 0.07233391284942627  Test abs: 0.059729043245315555  Test abs boundary: 0.07795013785362244  Time: 0.6643091710284352
Epoch: 110  Train rel: 0.06959646666049957  Test rel: 0.07059765219688416  Test abs: 0.058297009468078614  Test abs boundary: 0.07710656523704529  Time: 0.664549320936203
Epoch: 111  Train rel: 0.07002408850193023  Test rel: 0.07080441117286682  Test abs: 0.05844530344009399  Test abs boundary: 0.07503134191036225  Time: 0.664146734867245
Epoch: 112  Train rel: 0.0696070522069931  Test rel: 0.07292315363883972  Test abs: 0.060216034054756166  Test abs boundary: 0.07903923392295838  Time: 0.6638428820297122
Epoch: 113  Train rel: 0.07031578624248505  Test rel: 0.07208699107170105  Test abs: 0.05949885606765747  Test abs boundary: 0.08100842595100403  Time: 0.665239131078124
Epoch: 114  Train rel: 0.06934688746929168  Test rel: 0.0690692913532257  Test abs: 0.05699574947357178  Test abs boundary: 0.07560001850128174  Time: 0.6646110839210451
Epoch: 115  Train rel: 0.06799858790636062  Test rel: 0.07177399754524232  Test abs: 0.0592558741569519  Test abs boundary: 0.0782176274061203  Time: 0.6638938561081886
Epoch: 116  Train rel: 0.06927100324630737  Test rel: 0.06896637201309204  Test abs: 0.056934319138526916  Test abs boundary: 0.0753201162815094  Time: 0.6645239479839802
Epoch: 117  Train rel: 0.0671235580444336  Test rel: 0.07019952774047851  Test abs: 0.057950656414031985  Test abs boundary: 0.07689748167991638  Time: 0.6648654052987695
Epoch: 118  Train rel: 0.06699724555015564  Test rel: 0.06717701256275177  Test abs: 0.05547843873500824  Test abs boundary: 0.07401792049407958  Time: 0.6644774582237005
Epoch: 119  Train rel: 0.0664287548661232  Test rel: 0.07165676295757294  Test abs: 0.05917332947254181  Test abs boundary: 0.07733720421791077  Time: 0.6652025273069739
Epoch: 120  Train rel: 0.06581581842899323  Test rel: 0.06378998458385468  Test abs: 0.05265375256538391  Test abs boundary: 0.07061292171478271  Time: 0.6643826882354915
Epoch: 121  Train rel: 0.0637580976486206  Test rel: 0.06685037612915039  Test abs: 0.055181277990341185  Test abs boundary: 0.07280802607536316  Time: 0.6650309320539236
Epoch: 122  Train rel: 0.06337869465351105  Test rel: 0.06707744777202607  Test abs: 0.05538513362407684  Test abs boundary: 0.07319581747055054  Time: 0.6648103212937713
Epoch: 123  Train rel: 0.06265903717279434  Test rel: 0.07431999444961548  Test abs: 0.06134548127651215  Test abs boundary: 0.07451167285442352  Time: 0.6647144258022308
Epoch: 124  Train rel: 0.06055401396751404  Test rel: 0.05720165491104126  Test abs: 0.04724641978740692  Test abs boundary: 0.06508042752742767  Time: 0.6662157559767365
Epoch: 125  Train rel: 0.05882271844148636  Test rel: 0.06573944747447967  Test abs: 0.05429941475391388  Test abs boundary: 0.06870469629764557  Time: 0.6653141640126705
Epoch: 126  Train rel: 0.058815966129302975  Test rel: 0.06648103058338166  Test abs: 0.054831851720809933  Test abs boundary: 0.07002301275730133  Time: 0.6649186881259084
Epoch: 127  Train rel: 0.05707283699512482  Test rel: 0.0540412962436676  Test abs: 0.04461213529109955  Test abs boundary: 0.06029354989528656  Time: 0.666817762888968
Epoch: 128  Train rel: 0.05693159067630768  Test rel: 0.06106998980045319  Test abs: 0.05047190934419632  Test abs boundary: 0.06834541380405426  Time: 0.6648994502611458
Epoch: 129  Train rel: 0.0563990980386734  Test rel: 0.06024483263492584  Test abs: 0.04968625545501709  Test abs boundary: 0.06597857832908631  Time: 0.6664334419183433
Epoch: 130  Train rel: 0.05391455394029617  Test rel: 0.0510141783952713  Test abs: 0.0421053683757782  Test abs boundary: 0.05718902170658111  Time: 0.6650653150863945
Epoch: 131  Train rel: 0.05312183111906052  Test rel: 0.06115809261798859  Test abs: 0.05045226156711578  Test abs boundary: 0.06410798370838165  Time: 0.6651381300762296
Epoch: 132  Train rel: 0.057550050139427184  Test rel: 0.050879804491996763  Test abs: 0.04202189683914184  Test abs boundary: 0.055632665157318115  Time: 0.6654717279598117
Epoch: 133  Train rel: 0.05132404136657715  Test rel: 0.05680022358894348  Test abs: 0.046945801377296446  Test abs boundary: 0.06226492643356323  Time: 0.665456049144268
Epoch: 134  Train rel: 0.052427206635475156  Test rel: 0.05119262754917145  Test abs: 0.042302585542201995  Test abs boundary: 0.05931162178516388  Time: 0.6651409659534693
Epoch: 135  Train rel: 0.050214005649089816  Test rel: 0.049619630575180054  Test abs: 0.040954260528087615  Test abs boundary: 0.05493651270866394  Time: 0.6655612080357969
Epoch: 136  Train rel: 0.049532404661178586  Test rel: 0.04870427340269089  Test abs: 0.04024001568555832  Test abs boundary: 0.05385014474391937  Time: 0.6653490317985415
Epoch: 137  Train rel: 0.049721977710723876  Test rel: 0.04932177454233169  Test abs: 0.04074108749628067  Test abs boundary: 0.056510610580444334  Time: 0.6655828808434308
Epoch: 138  Train rel: 0.04814323544502258  Test rel: 0.05690099656581879  Test abs: 0.046947590112686156  Test abs boundary: 0.06283182740211486  Time: 0.6651060408912599
Epoch: 139  Train rel: 0.04956547200679779  Test rel: 0.051636203825473785  Test abs: 0.042662385106086734  Test abs boundary: 0.05675650179386139  Time: 0.6652948297560215
Epoch: 140  Train rel: 0.0491884343624115  Test rel: 0.04635421991348267  Test abs: 0.03829148948192596  Test abs boundary: 0.05087757647037506  Time: 0.666111066006124
Epoch: 141  Train rel: 0.04781969195604324  Test rel: 0.048407008349895475  Test abs: 0.03998562395572662  Test abs boundary: 0.0531165736913681  Time: 0.6652428740635514
Epoch: 142  Train rel: 0.047852035641670225  Test rel: 0.044014599025249485  Test abs: 0.03634540617465973  Test abs boundary: 0.049808589220046995  Time: 0.665074126329273
Epoch: 143  Train rel: 0.049499092131853106  Test rel: 0.04783428966999054  Test abs: 0.03950557261705399  Test abs boundary: 0.05296661555767059  Time: 0.6658236491493881
Epoch: 144  Train rel: 0.04779593944549561  Test rel: 0.0545816707611084  Test abs: 0.04507301688194275  Test abs boundary: 0.05920635521411896  Time: 0.6668746788054705
Epoch: 145  Train rel: 0.04809453201293945  Test rel: 0.04929023325443268  Test abs: 0.04071483552455902  Test abs boundary: 0.053242557644844056  Time: 0.6656392649747431
Epoch: 146  Train rel: 0.0494147407412529  Test rel: 0.04340305626392364  Test abs: 0.035849089920520785  Test abs boundary: 0.04952868402004242  Time: 0.6676878887228668
Epoch: 147  Train rel: 0.04478069105744362  Test rel: 0.0527566522359848  Test abs: 0.0435869500041008  Test abs boundary: 0.05561701595783233  Time: 0.6658554091118276
Epoch: 148  Train rel: 0.04932199388742447  Test rel: 0.045606461763381956  Test abs: 0.03767264038324356  Test abs boundary: 0.050477015972137454  Time: 0.6656457600183785
Epoch: 149  Train rel: 0.04629786968231201  Test rel: 0.04785446107387543  Test abs: 0.03954698622226715  Test abs boundary: 0.05266103744506836  Time: 0.6656952570192516
Epoch: 150  Train rel: 0.04532608449459076  Test rel: 0.045753955245018005  Test abs: 0.03779272615909576  Test abs boundary: 0.05165774345397949  Time: 0.665194314904511
Epoch: 151  Train rel: 0.04548297053575516  Test rel: 0.042484164237976074  Test abs: 0.03507898271083832  Test abs boundary: 0.04707599312067032  Time: 0.6658653779886663
Epoch: 152  Train rel: 0.044987091898918155  Test rel: 0.045758538246154785  Test abs: 0.037796820104122164  Test abs boundary: 0.05099706768989563  Time: 0.6654380871914327
Epoch: 153  Train rel: 0.04457015985250473  Test rel: 0.05098284959793091  Test abs: 0.04211179405450821  Test abs boundary: 0.05538796186447144  Time: 0.6657934123650193
Epoch: 154  Train rel: 0.046648767977952955  Test rel: 0.05594781756401062  Test abs: 0.046205355525016784  Test abs boundary: 0.05896198332309723  Time: 0.6651790789328516
Epoch: 155  Train rel: 0.04468862792849541  Test rel: 0.045566793084144595  Test abs: 0.0376491129398346  Test abs boundary: 0.050579496026039124  Time: 0.6654995610006154
Epoch: 156  Train rel: 0.04437585428357124  Test rel: 0.048168221414089205  Test abs: 0.03977548509836197  Test abs boundary: 0.05128564357757568  Time: 0.6654834281653166
Epoch: 157  Train rel: 0.043765547275543215  Test rel: 0.04178714275360108  Test abs: 0.03451678991317749  Test abs boundary: 0.047305947244167326  Time: 0.6656044977717102
Epoch: 158  Train rel: 0.04407826700806618  Test rel: 0.04306609749794006  Test abs: 0.03557769507169724  Test abs boundary: 0.047857104539871215  Time: 0.665835153311491
Epoch: 159  Train rel: 0.04441647791862488  Test rel: 0.04612673252820969  Test abs: 0.03809151589870453  Test abs boundary: 0.051807609796524046  Time: 0.6665103640407324
Epoch: 160  Train rel: 0.04238448810577393  Test rel: 0.043360429108142855  Test abs: 0.0358139380812645  Test abs boundary: 0.04981092274188995  Time: 0.6653345837257802
Epoch: 161  Train rel: 0.043366282731294635  Test rel: 0.04795645833015442  Test abs: 0.03963308662176132  Test abs boundary: 0.0502233898639679  Time: 0.6648288229480386
Epoch: 162  Train rel: 0.04502417746186256  Test rel: 0.04350218743085861  Test abs: 0.035934553146362305  Test abs boundary: 0.05002369463443756  Time: 0.6645346540026367
Epoch: 163  Train rel: 0.04218400067090988  Test rel: 0.045089418292045595  Test abs: 0.03724268674850464  Test abs boundary: 0.04949568837881088  Time: 0.6650683367624879
Epoch: 164  Train rel: 0.0440558235347271  Test rel: 0.052046709060668946  Test abs: 0.0429842659831047  Test abs boundary: 0.05508461713790894  Time: 0.6657147202640772
Epoch: 165  Train rel: 0.045333405435085294  Test rel: 0.04101490318775177  Test abs: 0.0338776695728302  Test abs boundary: 0.04618774324655533  Time: 0.6650319341570139
Epoch: 166  Train rel: 0.04324222031235695  Test rel: 0.0455796155333519  Test abs: 0.03764882385730743  Test abs boundary: 0.05098294079303742  Time: 0.6644592811353505
Epoch: 167  Train rel: 0.04264076322317124  Test rel: 0.05060623943805695  Test abs: 0.04180825084447861  Test abs boundary: 0.054711799621582034  Time: 0.6648412169888616
Epoch: 168  Train rel: 0.041915828227996825  Test rel: 0.044665983617305755  Test abs: 0.03690443068742752  Test abs boundary: 0.047876130342483524  Time: 0.6649469020776451
Epoch: 169  Train rel: 0.04138554108142853  Test rel: 0.04184871256351471  Test abs: 0.034571608304977415  Test abs boundary: 0.046106508672237395  Time: 0.6653953082859516
Epoch: 170  Train rel: 0.040785222351551055  Test rel: 0.04318108797073364  Test abs: 0.035677818953990935  Test abs boundary: 0.0461981064081192  Time: 0.665432543028146
Epoch: 171  Train rel: 0.04037395378947258  Test rel: 0.03914822578430176  Test abs: 0.032336043119430544  Test abs boundary: 0.044414268136024476  Time: 0.6646244442090392
Epoch: 172  Train rel: 0.03972815597057343  Test rel: 0.04067362189292908  Test abs: 0.03359783679246903  Test abs boundary: 0.04577453374862671  Time: 0.6645165109075606
Epoch: 173  Train rel: 0.039514785170555115  Test rel: 0.04171908676624298  Test abs: 0.0344646281003952  Test abs boundary: 0.04644883275032043  Time: 0.6639790697954595
Epoch: 174  Train rel: 0.03933458375930786  Test rel: 0.04458757162094116  Test abs: 0.036836342811584474  Test abs boundary: 0.0484519100189209  Time: 0.6649782271124423
Epoch: 175  Train rel: 0.04032489109039307  Test rel: 0.04536306083202362  Test abs: 0.03747009485960007  Test abs boundary: 0.048707841634750365  Time: 0.6647810540162027
Epoch: 176  Train rel: 0.03972414869070053  Test rel: 0.04213778704404831  Test abs: 0.03479139715433121  Test abs boundary: 0.048547641038894654  Time: 0.6647019479423761
Epoch: 177  Train rel: 0.03935458692908287  Test rel: 0.04051555454730987  Test abs: 0.033464529514312745  Test abs boundary: 0.04924476861953735  Time: 0.6651323433034122
Epoch: 178  Train rel: 0.03947072380781174  Test rel: 0.04939187854528427  Test abs: 0.04079644620418549  Test abs boundary: 0.05194447040557861  Time: 0.6646742420271039
Epoch: 179  Train rel: 0.04016130250692367  Test rel: 0.03730732321739197  Test abs: 0.03080537885427475  Test abs boundary: 0.042731043994426725  Time: 0.6644717799499631
Epoch: 180  Train rel: 0.04076158708333969  Test rel: 0.045627277493476864  Test abs: 0.037658941149711606  Test abs boundary: 0.0516149765253067  Time: 0.6634897021576762
Epoch: 181  Train rel: 0.038700249552726745  Test rel: 0.042939654886722564  Test abs: 0.035486583113670346  Test abs boundary: 0.046643375754356384  Time: 0.6635840157978237
Epoch: 182  Train rel: 0.038055884659290315  Test rel: 0.03867730587720871  Test abs: 0.03195941656827927  Test abs boundary: 0.04327394247055054  Time: 0.662805903237313
Epoch: 183  Train rel: 0.03735803142189979  Test rel: 0.0447054660320282  Test abs: 0.036942242980003356  Test abs boundary: 0.04670903891324997  Time: 0.6642953520640731
Epoch: 184  Train rel: 0.038164286673069  Test rel: 0.04166022062301636  Test abs: 0.03440016895532608  Test abs boundary: 0.04547457247972488  Time: 0.6633197390474379
Epoch: 185  Train rel: 0.04040701431035996  Test rel: 0.03706197440624237  Test abs: 0.03062383532524109  Test abs boundary: 0.0425423938035965  Time: 0.6633693142794073
Epoch: 186  Train rel: 0.03792094552516937  Test rel: 0.04123375177383423  Test abs: 0.03408815711736679  Test abs boundary: 0.04456436604261398  Time: 0.6638476178050041
Epoch: 187  Train rel: 0.037539278775453565  Test rel: 0.05122464835643768  Test abs: 0.04232290059328079  Test abs boundary: 0.052122347950935365  Time: 0.6639229450374842
Epoch: 188  Train rel: 0.03836783888936043  Test rel: 0.0439165997505188  Test abs: 0.036263353526592254  Test abs boundary: 0.049387232661247255  Time: 0.6649263040162623
Epoch: 189  Train rel: 0.03844754186272621  Test rel: 0.04109615474939346  Test abs: 0.03396546095609665  Test abs boundary: 0.04599785149097443  Time: 0.6625612331554294
Epoch: 190  Train rel: 0.03704621636867523  Test rel: 0.03565891563892364  Test abs: 0.029462126195430757  Test abs boundary: 0.04093598961830139  Time: 0.6663387352600694
Epoch: 191  Train rel: 0.03534766185283661  Test rel: 0.040320461988449095  Test abs: 0.03329231023788452  Test abs boundary: 0.04727839320898056  Time: 0.6647567050531507
Epoch: 192  Train rel: 0.034661679416894915  Test rel: 0.03397285431623459  Test abs: 0.028060141503810882  Test abs boundary: 0.04021605432033539  Time: 0.6639746651053429
Epoch: 193  Train rel: 0.03508706569671631  Test rel: 0.03865282475948334  Test abs: 0.03192494660615921  Test abs boundary: 0.04432154208421707  Time: 0.6636791080236435
Epoch: 194  Train rel: 0.03558628636598587  Test rel: 0.03608823001384735  Test abs: 0.02981872230768204  Test abs boundary: 0.04055761694908142  Time: 0.6643357360735536
Epoch: 195  Train rel: 0.03515806269645691  Test rel: 0.03376452088356018  Test abs: 0.02788792610168457  Test abs boundary: 0.04069498628377914  Time: 0.665442060213536
Epoch: 196  Train rel: 0.03490306666493416  Test rel: 0.047915669679641726  Test abs: 0.039574134647846225  Test abs boundary: 0.051140377521514895  Time: 0.6655301530845463
Epoch: 197  Train rel: 0.03657690989971161  Test rel: 0.04728616803884506  Test abs: 0.03906724750995636  Test abs boundary: 0.051597007513046265  Time: 0.6641722917556763
Epoch: 198  Train rel: 0.03723862987756729  Test rel: 0.032655530869960786  Test abs: 0.02699161559343338  Test abs boundary: 0.038685258328914646  Time: 0.6647103391587734
Epoch: 199  Train rel: 0.03319500768184662  Test rel: 0.03884344667196274  Test abs: 0.03210499107837677  Test abs boundary: 0.0427771720290184  Time: 0.6647392297163606
Epoch: 200  Train rel: 0.03380872416496277  Test rel: 0.03278045207262039  Test abs: 0.027076864540576936  Test abs boundary: 0.03826941967010498  Time: 0.6642979709431529
Epoch: 201  Train rel: 0.03376310896873474  Test rel: 0.03726357400417328  Test abs: 0.030794402956962584  Test abs boundary: 0.04121242552995682  Time: 0.6645017969422042
Epoch: 202  Train rel: 0.03348034417629242  Test rel: 0.03739408314228058  Test abs: 0.03089588612318039  Test abs boundary: 0.041331775188446045  Time: 0.6657333918847144
Epoch: 203  Train rel: 0.0352129812836647  Test rel: 0.030928707420825957  Test abs: 0.025562885999679565  Test abs boundary: 0.03690165400505066  Time: 0.6648119520395994
Epoch: 204  Train rel: 0.03288107842206955  Test rel: 0.038249471783638  Test abs: 0.031586334109306335  Test abs boundary: 0.04484377026557922  Time: 0.6653346638195217
Epoch: 205  Train rel: 0.03394076818227768  Test rel: 0.03592267096042633  Test abs: 0.02968074232339859  Test abs boundary: 0.03981134086847305  Time: 0.6649233219213784
Epoch: 206  Train rel: 0.03231132611632347  Test rel: 0.03599964559078216  Test abs: 0.029735089242458344  Test abs boundary: 0.040166495740413664  Time: 0.6653686710633337
Epoch: 207  Train rel: 0.03258388185501099  Test rel: 0.039027899503707886  Test abs: 0.03224526405334473  Test abs boundary: 0.04227224469184875  Time: 0.6647670958191156
Epoch: 208  Train rel: 0.032814893126487735  Test rel: 0.031981181800365445  Test abs: 0.026421712785959242  Test abs boundary: 0.03719414293766022  Time: 0.6657671858556569
Epoch: 209  Train rel: 0.0335419145822525  Test rel: 0.032529236376285554  Test abs: 0.026869194209575654  Test abs boundary: 0.0389837372303009  Time: 0.6653202204033732
Epoch: 210  Train rel: 0.03477784252166748  Test rel: 0.03753137052059174  Test abs: 0.031027135252952576  Test abs boundary: 0.0416251876950264  Time: 0.6644527111202478
Epoch: 211  Train rel: 0.03393733286857605  Test rel: 0.03199485182762146  Test abs: 0.026435885578393936  Test abs boundary: 0.037232601642608644  Time: 0.6651905691251159
Epoch: 212  Train rel: 0.03177989000082016  Test rel: 0.04349345237016678  Test abs: 0.03594705641269684  Test abs boundary: 0.04736841559410095  Time: 0.6652697240933776
Epoch: 213  Train rel: 0.034018286824226376  Test rel: 0.03991029500961304  Test abs: 0.03298079311847687  Test abs boundary: 0.04317424178123474  Time: 0.6647425047121942
Epoch: 214  Train rel: 0.03343859535455704  Test rel: 0.0407446140050888  Test abs: 0.03367404937744141  Test abs boundary: 0.04358713507652283  Time: 0.6649088570848107
Epoch: 215  Train rel: 0.0331808477640152  Test rel: 0.03183534145355225  Test abs: 0.026310488432645798  Test abs boundary: 0.03616146981716156  Time: 0.6657020980492234
Epoch: 216  Train rel: 0.031166286706924437  Test rel: 0.03453399479389191  Test abs: 0.028534248173236847  Test abs boundary: 0.03812885612249375  Time: 0.6643040617927909
Epoch: 217  Train rel: 0.03451165023446083  Test rel: 0.03600846916437149  Test abs: 0.029737390279769897  Test abs boundary: 0.039594218730926514  Time: 0.6639512507244945
Epoch: 218  Train rel: 0.03076031318306923  Test rel: 0.028594825863838196  Test abs: 0.023629315048456192  Test abs boundary: 0.03345430046319962  Time: 0.665924140252173
Epoch: 219  Train rel: 0.031036864578723906  Test rel: 0.03472351014614105  Test abs: 0.02867799937725067  Test abs boundary: 0.038646995425224304  Time: 0.6643220828846097
Epoch: 220  Train rel: 0.03101724663376808  Test rel: 0.02969498574733734  Test abs: 0.02453565925359726  Test abs boundary: 0.034236176311969756  Time: 0.6661383989267051
Epoch: 221  Train rel: 0.02990634599328041  Test rel: 0.032283409535884856  Test abs: 0.026683445572853088  Test abs boundary: 0.035478300750255584  Time: 0.6651063780300319
Epoch: 222  Train rel: 0.02948284387588501  Test rel: 0.03301882654428482  Test abs: 0.02727150738239288  Test abs boundary: 0.037372506856918335  Time: 0.6643387624062598
Epoch: 223  Train rel: 0.031902929216623306  Test rel: 0.031336468458175656  Test abs: 0.02589918851852417  Test abs boundary: 0.03483617782592773  Time: 0.6651548072695732
Epoch: 224  Train rel: 0.03189536368846893  Test rel: 0.03361038655042648  Test abs: 0.02777147203683853  Test abs boundary: 0.037780991196632384  Time: 0.6658444851636887
Epoch: 225  Train rel: 0.03081610304117203  Test rel: 0.03348270982503891  Test abs: 0.02767657607793808  Test abs boundary: 0.03772065103054047  Time: 0.6655745753087103
Epoch: 226  Train rel: 0.032404714465141295  Test rel: 0.03427590638399124  Test abs: 0.028326075673103333  Test abs boundary: 0.0385347992181778  Time: 0.6640138090588152
Epoch: 227  Train rel: 0.030335813879966735  Test rel: 0.03171174198389053  Test abs: 0.02621273845434189  Test abs boundary: 0.03573189079761505  Time: 0.6653280686587095
Epoch: 228  Train rel: 0.030632195174694062  Test rel: 0.0371136611700058  Test abs: 0.03068945437669754  Test abs boundary: 0.03810861170291901  Time: 0.6654019206762314
Epoch: 229  Train rel: 0.03010350400209427  Test rel: 0.03016709953546524  Test abs: 0.02492968589067459  Test abs boundary: 0.03520461320877075  Time: 0.6649724510498345
Epoch: 230  Train rel: 0.029730025470256806  Test rel: 0.030348314344882964  Test abs: 0.025069995075464247  Test abs boundary: 0.03535042345523834  Time: 0.6655776631087065
Epoch: 231  Train rel: 0.030212226927280424  Test rel: 0.029281510710716246  Test abs: 0.024205161929130553  Test abs boundary: 0.03317786395549774  Time: 0.6653506429865956
Epoch: 232  Train rel: 0.02888483512401581  Test rel: 0.032564065754413604  Test abs: 0.026914900690317153  Test abs boundary: 0.03599349200725555  Time: 0.6653628698550165
Epoch: 233  Train rel: 0.029256630897521972  Test rel: 0.029406695663928985  Test abs: 0.02430112212896347  Test abs boundary: 0.03217139095067978  Time: 0.6658322080038488
Epoch: 234  Train rel: 0.028465274691581725  Test rel: 0.03300047367811203  Test abs: 0.027268883287906647  Test abs boundary: 0.036151235699653624  Time: 0.6657497719861567
Epoch: 235  Train rel: 0.029177117139101028  Test rel: 0.029896847307682037  Test abs: 0.02469938188791275  Test abs boundary: 0.03380617260932922  Time: 0.6648515020497143
Epoch: 236  Train rel: 0.030383269459009172  Test rel: 0.03877021372318268  Test abs: 0.032043400406837466  Test abs boundary: 0.044268909692764286  Time: 0.666014201939106
Epoch: 237  Train rel: 0.0326658638715744  Test rel: 0.030758425891399384  Test abs: 0.025426472574472427  Test abs boundary: 0.034573369324207306  Time: 0.6654791054315865
Epoch: 238  Train rel: 0.028661047965288164  Test rel: 0.027749873995780945  Test abs: 0.02293169841170311  Test abs boundary: 0.03242150545120239  Time: 0.665378206409514
Epoch: 239  Train rel: 0.029798049569129945  Test rel: 0.036385138630867  Test abs: 0.03007461130619049  Test abs boundary: 0.038205750584602356  Time: 0.6663425778970122
Epoch: 240  Train rel: 0.030789541244506835  Test rel: 0.03051387012004852  Test abs: 0.025216065794229508  Test abs boundary: 0.035397800207138064  Time: 0.6657361472025514
Epoch: 241  Train rel: 0.030337074786424636  Test rel: 0.03849731743335724  Test abs: 0.03182167768478394  Test abs boundary: 0.040476375818252565  Time: 0.6654945490881801
Epoch: 242  Train rel: 0.029317197918891907  Test rel: 0.03960747480392456  Test abs: 0.03274641305208206  Test abs boundary: 0.041615303754806515  Time: 0.6661265981383622
Epoch: 243  Train rel: 0.030939021944999694  Test rel: 0.03062851309776306  Test abs: 0.02531822770833969  Test abs boundary: 0.03356956511735916  Time: 0.6656244560144842
Epoch: 244  Train rel: 0.03026932829618454  Test rel: 0.034081051349639895  Test abs: 0.02817828446626663  Test abs boundary: 0.03915860593318939  Time: 0.6657842979766428
Epoch: 245  Train rel: 0.029025809466838838  Test rel: 0.02640596866607666  Test abs: 0.02182253286242485  Test abs boundary: 0.030647383332252504  Time: 0.6667176829650998
Epoch: 246  Train rel: 0.027871130466461183  Test rel: 0.032049505710601806  Test abs: 0.026494993567466735  Test abs boundary: 0.036653212904930114  Time: 0.6663427129387856
Epoch: 247  Train rel: 0.03003242516517639  Test rel: 0.02964847594499588  Test abs: 0.024492467045783995  Test abs boundary: 0.033467693626880644  Time: 0.6659842473454773
Epoch: 248  Train rel: 0.02987522754073143  Test rel: 0.0295887953042984  Test abs: 0.024439730048179627  Test abs boundary: 0.033769560158252714  Time: 0.665696956217289
Epoch: 249  Train rel: 0.02794529038667679  Test rel: 0.02857964813709259  Test abs: 0.02362373039126396  Test abs boundary: 0.03187172204256058  Time: 0.6665129461325705
Epoch: 250  Train rel: 0.027603749483823777  Test rel: 0.02675628796219826  Test abs: 0.022114883959293365  Test abs boundary: 0.03145805090665817  Time: 0.6656719301827252
Epoch: 251  Train rel: 0.027842553198337554  Test rel: 0.02880839556455612  Test abs: 0.02381316214799881  Test abs boundary: 0.03377750426530838  Time: 0.666279211640358
Epoch: 252  Train rel: 0.02734945660829544  Test rel: 0.026320821046829222  Test abs: 0.02175195053219795  Test abs boundary: 0.02997893065214157  Time: 0.6662071202881634
Epoch: 253  Train rel: 0.026735416620969774  Test rel: 0.026006034463644027  Test abs: 0.021489869952201843  Test abs boundary: 0.029861645698547365  Time: 0.667201439384371
Epoch: 254  Train rel: 0.026931073784828185  Test rel: 0.026464535295963286  Test abs: 0.02186857506632805  Test abs boundary: 0.030534202456474303  Time: 0.6667366130277514
Epoch: 255  Train rel: 0.02724419581890106  Test rel: 0.0286855486035347  Test abs: 0.02370004162192345  Test abs boundary: 0.03137995213270187  Time: 0.6664602039381862
Epoch: 256  Train rel: 0.028179269433021546  Test rel: 0.03209858655929566  Test abs: 0.02651096284389496  Test abs boundary: 0.035212348699569705  Time: 0.666784864384681
Epoch: 257  Train rel: 0.02793194603919983  Test rel: 0.027081799805164338  Test abs: 0.022379944026470186  Test abs boundary: 0.031083393096923827  Time: 0.6657365430146456
Epoch: 258  Train rel: 0.026794536292552948  Test rel: 0.02589361846446991  Test abs: 0.02139438480138779  Test abs boundary: 0.030125694274902345  Time: 0.6685385210439563
Epoch: 259  Train rel: 0.026621968924999236  Test rel: 0.027058320641517638  Test abs: 0.022366971373558045  Test abs boundary: 0.030637238025665283  Time: 0.6677443110384047
Epoch: 260  Train rel: 0.026808120101690293  Test rel: 0.02673375904560089  Test abs: 0.022091826349496843  Test abs boundary: 0.03195853650569916  Time: 0.6676288577727973
Epoch: 261  Train rel: 0.027172340393066406  Test rel: 0.02566248908638954  Test abs: 0.021206457018852234  Test abs boundary: 0.029994493424892424  Time: 0.6668288349173963
Epoch: 262  Train rel: 0.026473722085356713  Test rel: 0.029453374445438385  Test abs: 0.024345194995403288  Test abs boundary: 0.032499529123306274  Time: 0.668172390665859
Epoch: 263  Train rel: 0.028790256410837173  Test rel: 0.029609340727329254  Test abs: 0.024473833739757537  Test abs boundary: 0.034091438055038455  Time: 0.6676977481693029
Epoch: 264  Train rel: 0.02787815910577774  Test rel: 0.02539905786514282  Test abs: 0.020984330773353578  Test abs boundary: 0.029822892546653747  Time: 0.667429628316313
Epoch: 265  Train rel: 0.027501545518636702  Test rel: 0.02820400595664978  Test abs: 0.023310043215751648  Test abs boundary: 0.03260331690311432  Time: 0.6670787301845849
Epoch: 266  Train rel: 0.027172922879457474  Test rel: 0.026198272407054902  Test abs: 0.02165055215358734  Test abs boundary: 0.03010788023471832  Time: 0.6668115770444274
Epoch: 267  Train rel: 0.026238474905490874  Test rel: 0.028699740767478943  Test abs: 0.023725937455892562  Test abs boundary: 0.032243165075778964  Time: 0.6677833599969745
Epoch: 268  Train rel: 0.027254922747612  Test rel: 0.034648047983646395  Test abs: 0.028631096184253694  Test abs boundary: 0.03795935899019241  Time: 0.6669120532460511
Epoch: 269  Train rel: 0.02752674213051796  Test rel: 0.025303912460803987  Test abs: 0.020909406691789627  Test abs boundary: 0.02936467558145523  Time: 0.666919510345906
Epoch: 270  Train rel: 0.026027491122484207  Test rel: 0.027879256308078765  Test abs: 0.02303946644067764  Test abs boundary: 0.031347357630729676  Time: 0.6681580869480968
Epoch: 271  Train rel: 0.027598507389426232  Test rel: 0.025274730324745177  Test abs: 0.02089115187525749  Test abs boundary: 0.029085222482681274  Time: 0.668509169947356
Epoch: 272  Train rel: 0.025991545259952543  Test rel: 0.026791059821844102  Test abs: 0.022146046459674835  Test abs boundary: 0.029886060655117036  Time: 0.6690206746570766
Epoch: 273  Train rel: 0.026795135885477064  Test rel: 0.02831419751048088  Test abs: 0.023402101397514342  Test abs boundary: 0.031840797364711765  Time: 0.6680508400313556
Epoch: 274  Train rel: 0.028006826251745224  Test rel: 0.027903876602649688  Test abs: 0.023055895566940307  Test abs boundary: 0.03134517908096313  Time: 0.6676123067736626
Epoch: 275  Train rel: 0.027303741693496704  Test rel: 0.02821233183145523  Test abs: 0.023327923119068145  Test abs boundary: 0.03262911707162857  Time: 0.6674856659956276
Epoch: 276  Train rel: 0.02586419078707695  Test rel: 0.029982773959636687  Test abs: 0.024794246107339858  Test abs boundary: 0.032570987939834595  Time: 0.6679359013214707
Epoch: 277  Train rel: 0.026232496827840804  Test rel: 0.02436569392681122  Test abs: 0.020139523893594743  Test abs boundary: 0.028341561555862427  Time: 0.6684676562435925
Epoch: 278  Train rel: 0.02598769997060299  Test rel: 0.027132269442081452  Test abs: 0.022413583099842073  Test abs boundary: 0.03112603574991226  Time: 0.6682860050350428
Epoch: 279  Train rel: 0.02528313797712326  Test rel: 0.02543569654226303  Test abs: 0.021025276482105254  Test abs boundary: 0.028794912099838258  Time: 0.6679286519065499
Epoch: 280  Train rel: 0.026355117112398147  Test rel: 0.024109493792057037  Test abs: 0.019926925897598268  Test abs boundary: 0.02797738790512085  Time: 0.6683193747885525
Epoch: 281  Train rel: 0.024942764580249785  Test rel: 0.025233837962150573  Test abs: 0.020850503444671632  Test abs boundary: 0.02864975482225418  Time: 0.6684782532975078
Epoch: 282  Train rel: 0.027455429762601853  Test rel: 0.025256394445896148  Test abs: 0.020874554216861727  Test abs boundary: 0.029262860715389253  Time: 0.6680736662819982
Epoch: 283  Train rel: 0.02655610477924347  Test rel: 0.03130497574806213  Test abs: 0.025886662006378174  Test abs boundary: 0.034994066655635835  Time: 0.6692927381955087
Epoch: 284  Train rel: 0.027332956910133363  Test rel: 0.0281466805934906  Test abs: 0.023264414072036742  Test abs boundary: 0.03439033567905426  Time: 0.668578433804214
Epoch: 285  Train rel: 0.026486618489027024  Test rel: 0.026819969713687896  Test abs: 0.02216096445918083  Test abs boundary: 0.03152153879404068  Time: 0.6682900432497263
Epoch: 286  Train rel: 0.02640459632873535  Test rel: 0.029433208405971526  Test abs: 0.02432116761803627  Test abs boundary: 0.03247063159942627  Time: 0.6685379082337022
Epoch: 287  Train rel: 0.025075750067830086  Test rel: 0.025554036498069765  Test abs: 0.02111883133649826  Test abs boundary: 0.02830284267663956  Time: 0.6681054839864373
Epoch: 288  Train rel: 0.02528226840496063  Test rel: 0.028267434537410735  Test abs: 0.02335535690188408  Test abs boundary: 0.03255756080150604  Time: 0.6683969856239855
Epoch: 289  Train rel: 0.026520534932613374  Test rel: 0.027418392449617385  Test abs: 0.022656269818544388  Test abs boundary: 0.03169695466756821  Time: 0.6669302848167717
Epoch: 290  Train rel: 0.025177117586135864  Test rel: 0.02625138118863106  Test abs: 0.021697142571210862  Test abs boundary: 0.02991823136806488  Time: 0.6685863328166306
Epoch: 291  Train rel: 0.02514198151230812  Test rel: 0.026160814464092255  Test abs: 0.021627160906791686  Test abs boundary: 0.030274116694927217  Time: 0.6681374139152467
Epoch: 292  Train rel: 0.024702189564704893  Test rel: 0.029000054895877838  Test abs: 0.02398078829050064  Test abs boundary: 0.031951341629028324  Time: 0.6674903370440006
Epoch: 293  Train rel: 0.02508143037557602  Test rel: 0.023854237496852875  Test abs: 0.01971090391278267  Test abs boundary: 0.027440756261348724  Time: 0.6689013219438493
Epoch: 294  Train rel: 0.025176128774881363  Test rel: 0.030588515102863312  Test abs: 0.02527709096670151  Test abs boundary: 0.03279359310865402  Time: 0.6690352009609342
Epoch: 295  Train rel: 0.02633803528547287  Test rel: 0.02536355972290039  Test abs: 0.020964885652065276  Test abs boundary: 0.029473446011543274  Time: 0.6693240338936448
Epoch: 296  Train rel: 0.024691193133592606  Test rel: 0.023865432143211365  Test abs: 0.01972460150718689  Test abs boundary: 0.027330592274665833  Time: 0.6688382490538061
Epoch: 297  Train rel: 0.024390013217926027  Test rel: 0.02526007205247879  Test abs: 0.020872081220149993  Test abs boundary: 0.0287337526679039  Time: 0.6689286902546883
Epoch: 298  Train rel: 0.025371252238750457  Test rel: 0.029296527206897734  Test abs: 0.024221563637256624  Test abs boundary: 0.03238364398479462  Time: 0.6688093249686062
Epoch: 299  Train rel: 0.024419537752866746  Test rel: 0.0257923848927021  Test abs: 0.021322051286697386  Test abs boundary: 0.028562108874320983  Time: 0.6685894788242877
Epoch: 300  Train rel: 0.024907989889383315  Test rel: 0.026120991706848146  Test abs: 0.02159572094678879  Test abs boundary: 0.029533956050872803  Time: 0.668338960967958
Epoch: 301  Train rel: 0.02587412118911743  Test rel: 0.025238366425037385  Test abs: 0.02085676908493042  Test abs boundary: 0.028670795857906342  Time: 0.6693676919676363
Epoch: 302  Train rel: 0.025011418864130972  Test rel: 0.024342977702617646  Test abs: 0.020118040442466737  Test abs boundary: 0.028011122941970824  Time: 0.6697132540866733
Epoch: 303  Train rel: 0.026154537692666055  Test rel: 0.028782852292060852  Test abs: 0.023796653002500535  Test abs boundary: 0.03154794633388519  Time: 0.6694418420083821
Epoch: 304  Train rel: 0.025231332719326018  Test rel: 0.023880001306533814  Test abs: 0.019738046824932097  Test abs boundary: 0.027995361685752868  Time: 0.6682895640842617
Epoch: 305  Train rel: 0.0241513245254755  Test rel: 0.026602589935064317  Test abs: 0.0219902765750885  Test abs boundary: 0.02955563962459564  Time: 0.6693757032044232
Epoch: 306  Train rel: 0.024824950620532037  Test rel: 0.025054366290569306  Test abs: 0.0206997013092041  Test abs boundary: 0.02852720648050308  Time: 0.6690271468833089
Epoch: 307  Train rel: 0.025074078619480134  Test rel: 0.024668411016464234  Test abs: 0.02038231909275055  Test abs boundary: 0.027940882742404936  Time: 0.6686519859358668
Epoch: 308  Train rel: 0.024489713340997695  Test rel: 0.029153168499469757  Test abs: 0.02408353000879288  Test abs boundary: 0.03227704793214798  Time: 0.670365191064775
Epoch: 309  Train rel: 0.024958206921815874  Test rel: 0.024388770163059233  Test abs: 0.020146532356739043  Test abs boundary: 0.028502640128135682  Time: 0.6691615399904549
Epoch: 310  Train rel: 0.024536609172821047  Test rel: 0.0229133540391922  Test abs: 0.018938802480697632  Test abs boundary: 0.026657601296901704  Time: 0.6694238102063537
Epoch: 311  Train rel: 0.02351232972741127  Test rel: 0.02417486622929573  Test abs: 0.019974547028541564  Test abs boundary: 0.027635363042354585  Time: 0.6696284781210124
Epoch: 312  Train rel: 0.024125452727079392  Test rel: 0.025242604911327363  Test abs: 0.020863779485225678  Test abs boundary: 0.028660052716732026  Time: 0.6694154432043433
Epoch: 313  Train rel: 0.02451921284198761  Test rel: 0.026803622245788573  Test abs: 0.022157719433307646  Test abs boundary: 0.030631057620048523  Time: 0.669856607913971
Epoch: 314  Train rel: 0.026029355585575103  Test rel: 0.026880910098552705  Test abs: 0.02222353160381317  Test abs boundary: 0.030340475142002107  Time: 0.6697749602608383
Epoch: 315  Train rel: 0.024671339452266693  Test rel: 0.02489222913980484  Test abs: 0.020581098347902296  Test abs boundary: 0.02885603278875351  Time: 0.6702137920074165
Epoch: 316  Train rel: 0.02350788339972496  Test rel: 0.02345054253935814  Test abs: 0.01937802568078041  Test abs boundary: 0.027190738022327424  Time: 0.6688613859005272
Epoch: 317  Train rel: 0.023593746185302734  Test rel: 0.02704124540090561  Test abs: 0.02233525738120079  Test abs boundary: 0.029998469352722167  Time: 0.6693499181419611
Epoch: 318  Train rel: 0.024074500396847723  Test rel: 0.02299435168504715  Test abs: 0.019005156457424163  Test abs boundary: 0.02656823068857193  Time: 0.6692358697764575
Epoch: 319  Train rel: 0.023499030992388724  Test rel: 0.026898962259292603  Test abs: 0.022236968874931335  Test abs boundary: 0.030220701098442077  Time: 0.6692006709054112
Epoch: 320  Train rel: 0.02436748266220093  Test rel: 0.024616078436374665  Test abs: 0.020338143110275268  Test abs boundary: 0.028007105588912964  Time: 0.6698399819433689
Epoch: 321  Train rel: 0.02558690360188484  Test rel: 0.027748426198959352  Test abs: 0.022938564121723175  Test abs boundary: 0.03141454160213471  Time: 0.6700313622131944
Epoch: 322  Train rel: 0.024276347145438193  Test rel: 0.023207633793354034  Test abs: 0.01918156459927559  Test abs boundary: 0.02686891585588455  Time: 0.6699259458109736
Epoch: 323  Train rel: 0.023606409281492234  Test rel: 0.02350133091211319  Test abs: 0.019426319301128387  Test abs boundary: 0.02718344122171402  Time: 0.6698097195476294
Epoch: 324  Train rel: 0.02358635112643242  Test rel: 0.02595576226711273  Test abs: 0.021457962691783905  Test abs boundary: 0.028841677904129028  Time: 0.6698446311056614
Epoch: 325  Train rel: 0.02473546913266182  Test rel: 0.02587744504213333  Test abs: 0.02137638583779335  Test abs boundary: 0.029734356105327608  Time: 0.6705151158384979
Epoch: 326  Train rel: 0.02568294206261635  Test rel: 0.026976869106292725  Test abs: 0.022298286259174346  Test abs boundary: 0.02993115544319153  Time: 0.6703407289460301
Epoch: 327  Train rel: 0.024120013400912285  Test rel: 0.024026342928409578  Test abs: 0.019859685003757475  Test abs boundary: 0.027365800440311432  Time: 0.6706321281380951
Epoch: 328  Train rel: 0.023443481415510177  Test rel: 0.024282840788364412  Test abs: 0.020068763196468352  Test abs boundary: 0.028001496493816377  Time: 0.670781219843775
Epoch: 329  Train rel: 0.023690640449523927  Test rel: 0.025081182122230528  Test abs: 0.02073360055685043  Test abs boundary: 0.028126901388168334  Time: 0.6707385960035026
Epoch: 330  Train rel: 0.02581666377186775  Test rel: 0.027711521685123443  Test abs: 0.022911055237054823  Test abs boundary: 0.03060095876455307  Time: 0.6713900649920106
Epoch: 331  Train rel: 0.024090625822544096  Test rel: 0.024094612002372742  Test abs: 0.01990826368331909  Test abs boundary: 0.027713701128959656  Time: 0.6703710439614952
Epoch: 332  Train rel: 0.02357403153181076  Test rel: 0.022819507867097855  Test abs: 0.018859746307134627  Test abs boundary: 0.02635054886341095  Time: 0.6709611341357231
Epoch: 333  Train rel: 0.02396289524435997  Test rel: 0.023981420695781706  Test abs: 0.01982224330306053  Test abs boundary: 0.027341207861900328  Time: 0.6712652146816254
Epoch: 334  Train rel: 0.023853389084339142  Test rel: 0.024069371819496154  Test abs: 0.019884676039218903  Test abs boundary: 0.027135938107967376  Time: 0.6709030419588089
Epoch: 335  Train rel: 0.024241326749324797  Test rel: 0.03202414333820343  Test abs: 0.02648077368736267  Test abs boundary: 0.0346915277838707  Time: 0.6704329987987876
Epoch: 336  Train rel: 0.024748710617423057  Test rel: 0.022713745534420012  Test abs: 0.018774648904800417  Test abs boundary: 0.02613391399383545  Time: 0.671031751204282
Epoch: 337  Train rel: 0.02367194804549217  Test rel: 0.0273925906419754  Test abs: 0.022645700871944428  Test abs boundary: 0.029991425573825836  Time: 0.6701770769432187
Epoch: 338  Train rel: 0.024036757618188857  Test rel: 0.026695283055305483  Test abs: 0.022070040553808214  Test abs boundary: 0.029034137427806854  Time: 0.6711054220795631
Epoch: 339  Train rel: 0.02391734942793846  Test rel: 0.02348887249827385  Test abs: 0.01941878393292427  Test abs boundary: 0.027404460906982422  Time: 0.6713383519090712
Epoch: 340  Train rel: 0.023311125099658967  Test rel: 0.024573166370391846  Test abs: 0.020306404680013657  Test abs boundary: 0.02752146989107132  Time: 0.6709082899615169
Epoch: 341  Train rel: 0.02375786444544792  Test rel: 0.0239735546708107  Test abs: 0.019812000691890718  Test abs boundary: 0.027459350526332856  Time: 0.6704891980625689
Epoch: 342  Train rel: 0.023226852923631667  Test rel: 0.022792310863733293  Test abs: 0.018833568692207335  Test abs boundary: 0.026188312619924544  Time: 0.6716995951719582
Epoch: 343  Train rel: 0.022723447948694228  Test rel: 0.023480285108089447  Test abs: 0.01941054105758667  Test abs boundary: 0.026959027647972107  Time: 0.671339153777808
Epoch: 344  Train rel: 0.022995924532413482  Test rel: 0.023262683600187302  Test abs: 0.019224038273096086  Test abs boundary: 0.026840493381023407  Time: 0.6709803631529212
Epoch: 345  Train rel: 0.023603415608406068  Test rel: 0.02297764614224434  Test abs: 0.01899118423461914  Test abs boundary: 0.025876496732234956  Time: 0.6715860879048705
Epoch: 346  Train rel: 0.02276993064582348  Test rel: 0.02273658737540245  Test abs: 0.01878878504037857  Test abs boundary: 0.0264519065618515  Time: 0.6722022038884461
Epoch: 347  Train rel: 0.02327500557899475  Test rel: 0.023009158968925476  Test abs: 0.01902323544025421  Test abs boundary: 0.026062757521867753  Time: 0.6710649719461799
Epoch: 348  Train rel: 0.022847784638404846  Test rel: 0.024108588844537735  Test abs: 0.01992003321647644  Test abs boundary: 0.02706340342760086  Time: 0.6711191469803452
Epoch: 349  Train rel: 0.02299627584218979  Test rel: 0.022800303250551223  Test abs: 0.0188475438952446  Test abs boundary: 0.026094980835914612  Time: 0.6707470794208348
Epoch: 350  Train rel: 0.022206579968333244  Test rel: 0.02200125277042389  Test abs: 0.01818432569503784  Test abs boundary: 0.02530203580856323  Time: 0.6710403459146619
Epoch: 351  Train rel: 0.022948953568935393  Test rel: 0.02226290449500084  Test abs: 0.018397274762392044  Test abs boundary: 0.025518521666526794  Time: 0.671390239149332
Epoch: 352  Train rel: 0.022642445221543312  Test rel: 0.02305482342839241  Test abs: 0.019050233066082  Test abs boundary: 0.02586115926504135  Time: 0.6714483569376171
Epoch: 353  Train rel: 0.022559917628765105  Test rel: 0.022617785036563875  Test abs: 0.018695269227027893  Test abs boundary: 0.025896247625350952  Time: 0.6707078362815082
Epoch: 354  Train rel: 0.023319778740406038  Test rel: 0.022783706486225127  Test abs: 0.018825329840183258  Test abs boundary: 0.026119736433029176  Time: 0.6714432560838759
Epoch: 355  Train rel: 0.02283608441054821  Test rel: 0.022515734285116197  Test abs: 0.01860514611005783  Test abs boundary: 0.026335326433181764  Time: 0.6715471060015261
Epoch: 356  Train rel: 0.02260741399228573  Test rel: 0.022543954998254775  Test abs: 0.018635338097810747  Test abs boundary: 0.025864385068416595  Time: 0.6709305732510984
Epoch: 357  Train rel: 0.023561298251152038  Test rel: 0.024959866106510162  Test abs: 0.02062292233109474  Test abs boundary: 0.02805226147174835  Time: 0.6710760509595275
Epoch: 358  Train rel: 0.022936234802007675  Test rel: 0.022584271132946015  Test abs: 0.018667927384376524  Test abs boundary: 0.02613534152507782  Time: 0.6714006983675063
Epoch: 359  Train rel: 0.022560053125023842  Test rel: 0.024733881652355193  Test abs: 0.020439940392971038  Test abs boundary: 0.02731132388114929  Time: 0.6720294123515487
Epoch: 360  Train rel: 0.02297333535552025  Test rel: 0.025452107787132264  Test abs: 0.021042611598968506  Test abs boundary: 0.02877612680196762  Time: 0.6722164107486606
Epoch: 361  Train rel: 0.02279372827708721  Test rel: 0.02204853802919388  Test abs: 0.018222868740558625  Test abs boundary: 0.0256329745054245  Time: 0.6711059492081404
Epoch: 362  Train rel: 0.022558985054492952  Test rel: 0.023653770983219146  Test abs: 0.019555101096630098  Test abs boundary: 0.027449754774570467  Time: 0.6708367955870926
Epoch: 363  Train rel: 0.022807557508349417  Test rel: 0.027339098900556566  Test abs: 0.022594714164733888  Test abs boundary: 0.029369292855262755  Time: 0.6711690509691834
Epoch: 364  Train rel: 0.02411745649576187  Test rel: 0.02205523833632469  Test abs: 0.018226861357688903  Test abs boundary: 0.025297252535820006  Time: 0.6721871527843177
Epoch: 365  Train rel: 0.0223292004019022  Test rel: 0.021876373291015626  Test abs: 0.018081473261117934  Test abs boundary: 0.02516953378915787  Time: 0.6721697873435915
Epoch: 366  Train rel: 0.022230564177036286  Test rel: 0.02358152166008949  Test abs: 0.019487284123897552  Test abs boundary: 0.026737578213214874  Time: 0.671456438023597
Epoch: 367  Train rel: 0.02200227689743042  Test rel: 0.022144086956977845  Test abs: 0.018306324928998946  Test abs boundary: 0.02541011229157448  Time: 0.6721593560650945
Epoch: 368  Train rel: 0.022298901975154876  Test rel: 0.02434626430273056  Test abs: 0.020124821364879607  Test abs boundary: 0.027275385856628417  Time: 0.6712589589878917
Epoch: 369  Train rel: 0.022833725452423095  Test rel: 0.025457200407981873  Test abs: 0.021046490222215653  Test abs boundary: 0.027879832983016967  Time: 0.6713160071521997
Epoch: 370  Train rel: 0.02254149031639099  Test rel: 0.025072579085826874  Test abs: 0.02071176752448082  Test abs boundary: 0.027774656414985655  Time: 0.6729929549619555
Epoch: 371  Train rel: 0.022496341332793237  Test rel: 0.021987323462963105  Test abs: 0.018169023394584656  Test abs boundary: 0.02550922513008118  Time: 0.6704513519071043
Epoch: 372  Train rel: 0.02203920978307724  Test rel: 0.02313470423221588  Test abs: 0.019117335975170135  Test abs boundary: 0.026576515287160873  Time: 0.6712540821172297
Epoch: 373  Train rel: 0.0230995854139328  Test rel: 0.023251117318868638  Test abs: 0.01921870365738869  Test abs boundary: 0.026323316693305968  Time: 0.6710446877405047
Epoch: 374  Train rel: 0.023177395284175874  Test rel: 0.022840684801340102  Test abs: 0.018873892426490783  Test abs boundary: 0.02617161363363266  Time: 0.6709814700298011
Epoch: 375  Train rel: 0.02179236114025116  Test rel: 0.021477771550416948  Test abs: 0.017752836644649505  Test abs boundary: 0.024874987751245498  Time: 0.671570188831538
Epoch: 376  Train rel: 0.021941290110349655  Test rel: 0.02255368322134018  Test abs: 0.018640645742416383  Test abs boundary: 0.026064734160900115  Time: 0.6715504159219563
Epoch: 377  Train rel: 0.022469639211893083  Test rel: 0.022613382935523986  Test abs: 0.01869100734591484  Test abs boundary: 0.02610664173960686  Time: 0.6716705709695816
Epoch: 378  Train rel: 0.02221245624125004  Test rel: 0.021836883276700973  Test abs: 0.018048186004161835  Test abs boundary: 0.025294667482376097  Time: 0.6708088270388544
Epoch: 379  Train rel: 0.02146475636959076  Test rel: 0.022221540212631227  Test abs: 0.01836218923330307  Test abs boundary: 0.025402123630046843  Time: 0.670879493933171
Epoch: 380  Train rel: 0.021925708383321762  Test rel: 0.021597481220960616  Test abs: 0.017853185534477234  Test abs boundary: 0.02496218979358673  Time: 0.6703793969936669
Epoch: 381  Train rel: 0.021817367032170295  Test rel: 0.02164790764451027  Test abs: 0.01789024382829666  Test abs boundary: 0.02508530855178833  Time: 0.6708623711019754
Epoch: 382  Train rel: 0.02177946925163269  Test rel: 0.02393757164478302  Test abs: 0.019777780473232268  Test abs boundary: 0.027301338016986847  Time: 0.6705514127388597
Epoch: 383  Train rel: 0.022244380161166193  Test rel: 0.022429250329732895  Test abs: 0.01853345364332199  Test abs boundary: 0.0257044318318367  Time: 0.671135809738189
Epoch: 384  Train rel: 0.021884571596980096  Test rel: 0.021307290494441987  Test abs: 0.01761130914092064  Test abs boundary: 0.0248613566160202  Time: 0.6697494038380682
Epoch: 385  Train rel: 0.02151832988858223  Test rel: 0.021561256647109985  Test abs: 0.017819814532995224  Test abs boundary: 0.024790079295635224  Time: 0.6698788250796497
Epoch: 386  Train rel: 0.021723979890346527  Test rel: 0.021875288486480713  Test abs: 0.01808091551065445  Test abs boundary: 0.02548321843147278  Time: 0.6694275620393455
Epoch: 387  Train rel: 0.022308520019054413  Test rel: 0.02255265697836876  Test abs: 0.018637914806604386  Test abs boundary: 0.025533406138420103  Time: 0.6700306199491024
Epoch: 388  Train rel: 0.02298307690024376  Test rel: 0.02291583627462387  Test abs: 0.018932723104953766  Test abs boundary: 0.028252469599246977  Time: 0.6687192362733185
Epoch: 389  Train rel: 0.021760153859853745  Test rel: 0.021337909698486326  Test abs: 0.017633301615715028  Test abs boundary: 0.024934374988079072  Time: 0.6694628670811653
Epoch: 390  Train rel: 0.02138120533525944  Test rel: 0.021943440437316896  Test abs: 0.018141734898090362  Test abs boundary: 0.02542922705411911  Time: 0.6692487136460841
Epoch: 391  Train rel: 0.0214332095682621  Test rel: 0.021692220866680146  Test abs: 0.017927165776491165  Test abs boundary: 0.024985681772232055  Time: 0.6701254309155047
Epoch: 392  Train rel: 0.021359071493148803  Test rel: 0.021587450355291367  Test abs: 0.01783857822418213  Test abs boundary: 0.02486271262168884  Time: 0.6696114698424935
Epoch: 393  Train rel: 0.0214633010327816  Test rel: 0.02298148036003113  Test abs: 0.018991054594516756  Test abs boundary: 0.026605922877788544  Time: 0.6691585369408131
Epoch: 394  Train rel: 0.021723432153463364  Test rel: 0.022868012189865113  Test abs: 0.01889416202902794  Test abs boundary: 0.026320038735866545  Time: 0.6681593847461045
Epoch: 395  Train rel: 0.021735969394445418  Test rel: 0.021608420312404633  Test abs: 0.017857612520456315  Test abs boundary: 0.02470596507191658  Time: 0.6689409157261252
Epoch: 396  Train rel: 0.02139357477426529  Test rel: 0.021592120826244354  Test abs: 0.017841781973838806  Test abs boundary: 0.024898672103881837  Time: 0.6674868948757648
Epoch: 397  Train rel: 0.021277401074767114  Test rel: 0.021868972033262254  Test abs: 0.018078324645757676  Test abs boundary: 0.02479304850101471  Time: 0.6681658430024981
Epoch: 398  Train rel: 0.02172303372621536  Test rel: 0.021403249204158783  Test abs: 0.01769101172685623  Test abs boundary: 0.024713639169931412  Time: 0.6685024788603187
Epoch: 399  Train rel: 0.02112687000632286  Test rel: 0.022041371762752532  Test abs: 0.018216717094182967  Test abs boundary: 0.02530833885073662  Time: 0.668610090855509
Epoch: 400  Train rel: 0.02138793621957302  Test rel: 0.021362742781639098  Test abs: 0.01765794187784195  Test abs boundary: 0.024742145389318466  Time: 0.6688024271279573
Epoch: 401  Train rel: 0.021592140331864358  Test rel: 0.022239964306354523  Test abs: 0.018372944593429565  Test abs boundary: 0.02515793949365616  Time: 0.6688177268952131
Epoch: 402  Train rel: 0.02154136970639229  Test rel: 0.022853812426328658  Test abs: 0.018891758620738983  Test abs boundary: 0.026004022657871245  Time: 0.6670737960375845
Epoch: 403  Train rel: 0.0214108205139637  Test rel: 0.02103150010108948  Test abs: 0.01738318383693695  Test abs boundary: 0.02424369066953659  Time: 0.6666192947886884
Epoch: 404  Train rel: 0.021228603228926658  Test rel: 0.02113305926322937  Test abs: 0.017466875314712523  Test abs boundary: 0.02448847606778145  Time: 0.6673138812184334
Epoch: 405  Train rel: 0.021395900577306746  Test rel: 0.021021684110164644  Test abs: 0.017376278638839723  Test abs boundary: 0.024305428713560104  Time: 0.6674183350987732
Epoch: 406  Train rel: 0.021183941930532454  Test rel: 0.021120535135269167  Test abs: 0.017456488609313967  Test abs boundary: 0.02440329045057297  Time: 0.6679201168008149
Epoch: 407  Train rel: 0.021407669186592104  Test rel: 0.02198533058166504  Test abs: 0.018168883621692656  Test abs boundary: 0.02514252230525017  Time: 0.6699763592332602
Epoch: 408  Train rel: 0.021373621463775635  Test rel: 0.022611723989248277  Test abs: 0.01868501529097557  Test abs boundary: 0.02612148880958557  Time: 0.6683946801349521
Epoch: 409  Train rel: 0.021247903615236284  Test rel: 0.02109999120235443  Test abs: 0.017437505573034286  Test abs boundary: 0.024343570172786714  Time: 0.6670511579141021
Epoch: 410  Train rel: 0.0210067777633667  Test rel: 0.021097080409526826  Test abs: 0.017434720247983933  Test abs boundary: 0.02443099156022072  Time: 0.6670170212164521
Epoch: 411  Train rel: 0.020976569473743437  Test rel: 0.021259447932243346  Test abs: 0.017569522708654403  Test abs boundary: 0.024414519518613814  Time: 0.6665472988970578
Epoch: 412  Train rel: 0.021109437584877013  Test rel: 0.021593782752752304  Test abs: 0.017845114171504976  Test abs boundary: 0.024855250865221022  Time: 0.6663771457970142
Epoch: 413  Train rel: 0.021551948204636573  Test rel: 0.021086433827877046  Test abs: 0.017426549047231673  Test abs boundary: 0.024244734793901445  Time: 0.6659579109400511
Epoch: 414  Train rel: 0.020799978405237198  Test rel: 0.021296945661306382  Test abs: 0.017598302066326142  Test abs boundary: 0.02459865212440491  Time: 0.666989547200501
Epoch: 415  Train rel: 0.021328761622309685  Test rel: 0.021272065490484236  Test abs: 0.017581183165311813  Test abs boundary: 0.024489087760448457  Time: 0.6675656628794968
Epoch: 416  Train rel: 0.020935960352420808  Test rel: 0.02071789652109146  Test abs: 0.017122814655303954  Test abs boundary: 0.0240443155169487  Time: 0.6666911281645298
Epoch: 417  Train rel: 0.02067583863437176  Test rel: 0.021173741668462753  Test abs: 0.017500320523977278  Test abs boundary: 0.02440236747264862  Time: 0.6661679977551103
Epoch: 418  Train rel: 0.02087938404083252  Test rel: 0.020779209434986113  Test abs: 0.017174121886491776  Test abs boundary: 0.024120213091373445  Time: 0.6667778911069036
Epoch: 419  Train rel: 0.020948215007781983  Test rel: 0.021090160012245177  Test abs: 0.017431578040122984  Test abs boundary: 0.024501356780529022  Time: 0.6675451309420168
Epoch: 420  Train rel: 0.020735263168811798  Test rel: 0.021309153139591218  Test abs: 0.017611681818962097  Test abs boundary: 0.024361864626407624  Time: 0.666047187987715
Epoch: 421  Train rel: 0.02078681293129921  Test rel: 0.020773853361606597  Test abs: 0.01716929018497467  Test abs boundary: 0.024093858003616332  Time: 0.6673690578900278
Epoch: 422  Train rel: 0.02066057562828064  Test rel: 0.020906551480293273  Test abs: 0.01727652356028557  Test abs boundary: 0.024107598513364793  Time: 0.6669141198508441
Epoch: 423  Train rel: 0.020694942861795424  Test rel: 0.020735003501176835  Test abs: 0.01713649794459343  Test abs boundary: 0.02406515270471573  Time: 0.6655020778998733
Epoch: 424  Train rel: 0.020812064439058305  Test rel: 0.02109014257788658  Test abs: 0.017430057823657988  Test abs boundary: 0.024286905974149703  Time: 0.6665631937794387
Epoch: 425  Train rel: 0.021181249544024467  Test rel: 0.02074781134724617  Test abs: 0.017148708403110505  Test abs boundary: 0.024111653864383697  Time: 0.6661263229325414
Epoch: 426  Train rel: 0.020967839449644088  Test rel: 0.0206736421585083  Test abs: 0.017089000195264815  Test abs boundary: 0.02398097649216652  Time: 0.6660265140235424
Epoch: 427  Train rel: 0.02130962949991226  Test rel: 0.022408113777637483  Test abs: 0.018517484664916994  Test abs boundary: 0.0254817134141922  Time: 0.6653993390500546
Epoch: 428  Train rel: 0.020976339489221573  Test rel: 0.02104915216565132  Test abs: 0.01739984542131424  Test abs boundary: 0.0242548768222332  Time: 0.6660821088589728
Epoch: 429  Train rel: 0.02068219521641731  Test rel: 0.02060448631644249  Test abs: 0.017029676884412766  Test abs boundary: 0.02388188138604164  Time: 0.6655021379701793
Epoch: 430  Train rel: 0.020631331831216813  Test rel: 0.020606029033660888  Test abs: 0.017030165046453476  Test abs boundary: 0.023812690526247026  Time: 0.6656255717389286
Epoch: 431  Train rel: 0.02057503727078438  Test rel: 0.020730774700641632  Test abs: 0.017133059054613112  Test abs boundary: 0.024087866991758345  Time: 0.6647494649514556
Epoch: 432  Train rel: 0.020791133373975753  Test rel: 0.020579372346401215  Test abs: 0.017008065730333328  Test abs boundary: 0.0238947756588459  Time: 0.6663937442936003
Epoch: 433  Train rel: 0.02056926181912422  Test rel: 0.020780891180038452  Test abs: 0.01717581436038017  Test abs boundary: 0.02397107258439064  Time: 0.6660031219944358
Epoch: 434  Train rel: 0.02073686045408249  Test rel: 0.020645485520362855  Test abs: 0.017065256386995315  Test abs boundary: 0.024057146310806275  Time: 0.6661175140179694
Epoch: 435  Train rel: 0.021328530937433244  Test rel: 0.02261885493993759  Test abs: 0.018697001338005066  Test abs boundary: 0.025416635274887085  Time: 0.6669383030384779
Epoch: 436  Train rel: 0.02087937566637993  Test rel: 0.02045715004205704  Test abs: 0.01690803572535515  Test abs boundary: 0.02373454064130783  Time: 0.666805393062532
Epoch: 437  Train rel: 0.020740816578269004  Test rel: 0.021130016595125197  Test abs: 0.017466195076704025  Test abs boundary: 0.02462320923805237  Time: 0.6676475047133863
Epoch: 438  Train rel: 0.020698503956198693  Test rel: 0.02092381924390793  Test abs: 0.01729217782616615  Test abs boundary: 0.024257203042507173  Time: 0.6661891890689731
Epoch: 439  Train rel: 0.020536006942391397  Test rel: 0.02050667479634285  Test abs: 0.016950292438268663  Test abs boundary: 0.02396253079175949  Time: 0.6670096567831933
Epoch: 440  Train rel: 0.02052787947654724  Test rel: 0.02115173578262329  Test abs: 0.017478502690792083  Test abs boundary: 0.02438675731420517  Time: 0.6658488120883703
Epoch: 441  Train rel: 0.020510938420891762  Test rel: 0.020419675707817077  Test abs: 0.016877325624227522  Test abs boundary: 0.023670780062675475  Time: 0.6668367078527808
Epoch: 442  Train rel: 0.020432968586683274  Test rel: 0.020672373473644257  Test abs: 0.017085691541433336  Test abs boundary: 0.02395236283540726  Time: 0.666838611010462
Epoch: 443  Train rel: 0.020428578346967697  Test rel: 0.02044386476278305  Test abs: 0.016896515190601348  Test abs boundary: 0.0237257182598114  Time: 0.6660624528303742
Epoch: 444  Train rel: 0.020400400459766387  Test rel: 0.02066699117422104  Test abs: 0.017081678360700608  Test abs boundary: 0.023888171166181565  Time: 0.6667321030981839
Epoch: 445  Train rel: 0.02071193228662014  Test rel: 0.020568120032548903  Test abs: 0.017000770419836043  Test abs boundary: 0.023880398720502852  Time: 0.6668227831833065
Epoch: 446  Train rel: 0.020294222742319106  Test rel: 0.020499018281698228  Test abs: 0.016943448930978777  Test abs boundary: 0.023894907832145693  Time: 0.6658645998686552
Epoch: 447  Train rel: 0.020364540040493012  Test rel: 0.020459540486335755  Test abs: 0.01690902203321457  Test abs boundary: 0.02375831738114357  Time: 0.6661772108636796
Epoch: 448  Train rel: 0.02039083659648895  Test rel: 0.020382794737815856  Test abs: 0.016847454756498337  Test abs boundary: 0.023674698919057845  Time: 0.6653699818998575
Epoch: 449  Train rel: 0.020333982080221177  Test rel: 0.020535829365253448  Test abs: 0.016974353194236756  Test abs boundary: 0.02388928234577179  Time: 0.665094034280628
Epoch: 450  Train rel: 0.02040300849080086  Test rel: 0.020372476130723953  Test abs: 0.016837524473667143  Test abs boundary: 0.023690482974052428  Time: 0.665505776181817
Epoch: 451  Train rel: 0.020329101726412772  Test rel: 0.02043400928378105  Test abs: 0.016888401508331298  Test abs boundary: 0.023768036514520644  Time: 0.6662576859816909
Epoch: 452  Train rel: 0.02039864280819893  Test rel: 0.020458086431026458  Test abs: 0.016910156309604643  Test abs boundary: 0.02382812410593033  Time: 0.6671091690659523
Epoch: 453  Train rel: 0.020274849593639375  Test rel: 0.020544390082359313  Test abs: 0.016982173919677733  Test abs boundary: 0.023813362270593642  Time: 0.665818243753165
Epoch: 454  Train rel: 0.02030201005935669  Test rel: 0.020662774294614793  Test abs: 0.017076777815818785  Test abs boundary: 0.02390212446451187  Time: 0.6660834201611578
Epoch: 455  Train rel: 0.02053602649271488  Test rel: 0.020604911148548125  Test abs: 0.01703224018216133  Test abs boundary: 0.02386362686753273  Time: 0.6666644336655736
Epoch: 456  Train rel: 0.020417443811893463  Test rel: 0.020843346118927002  Test abs: 0.01722656100988388  Test abs boundary: 0.024089445918798448  Time: 0.6661691907793283
Epoch: 457  Train rel: 0.02045514914393425  Test rel: 0.020440302044153213  Test abs: 0.016895025372505187  Test abs boundary: 0.02377199575304985  Time: 0.6660472708754241
Epoch: 458  Train rel: 0.020381536424160004  Test rel: 0.020435396432876587  Test abs: 0.016891116350889204  Test abs boundary: 0.023764087557792662  Time: 0.6674135811626911
Epoch: 459  Train rel: 0.02047495061159134  Test rel: 0.02069752663373947  Test abs: 0.017104231268167496  Test abs boundary: 0.023991153091192246  Time: 0.6663174442946911
Epoch: 460  Train rel: 0.020397013321518897  Test rel: 0.020504523664712906  Test abs: 0.01694876104593277  Test abs boundary: 0.02381413444876671  Time: 0.6666380488313735
Epoch: 461  Train rel: 0.020305630072951317  Test rel: 0.020340495854616166  Test abs: 0.016811145693063734  Test abs boundary: 0.02358940839767456  Time: 0.6661338047124445
Epoch: 462  Train rel: 0.020212440118193627  Test rel: 0.02045458346605301  Test abs: 0.016905166804790497  Test abs boundary: 0.02375852257013321  Time: 0.6667445544153452
Epoch: 463  Train rel: 0.020254187643527984  Test rel: 0.020714370012283326  Test abs: 0.017118555754423143  Test abs boundary: 0.02396093711256981  Time: 0.6663499376736581
Epoch: 464  Train rel: 0.020401921808719636  Test rel: 0.02070264846086502  Test abs: 0.01711331307888031  Test abs boundary: 0.02413165181875229  Time: 0.6665874258615077
Epoch: 465  Train rel: 0.020460507690906526  Test rel: 0.02037167638540268  Test abs: 0.01683831736445427  Test abs boundary: 0.023669765293598176  Time: 0.6660739416256547
Epoch: 466  Train rel: 0.020338644474744795  Test rel: 0.020272077023983003  Test abs: 0.01675501376390457  Test abs boundary: 0.023533332049846648  Time: 0.6664038002490997
Epoch: 467  Train rel: 0.02021405379474163  Test rel: 0.020319607853889466  Test abs: 0.016795720160007476  Test abs boundary: 0.023615823090076447  Time: 0.6671947697177529
Epoch: 468  Train rel: 0.020236167192459107  Test rel: 0.020280926525592803  Test abs: 0.016762762814760208  Test abs boundary: 0.023574004620313643  Time: 0.6667217197827995
Epoch: 469  Train rel: 0.02021735864877701  Test rel: 0.020320297330617906  Test abs: 0.016793866455554963  Test abs boundary: 0.023577736616134645  Time: 0.6666818461380899
Epoch: 470  Train rel: 0.02015115663409233  Test rel: 0.02038921371102333  Test abs: 0.016851169615983964  Test abs boundary: 0.023667068481445314  Time: 0.666640336625278
Epoch: 471  Train rel: 0.020100219130516052  Test rel: 0.02031809598207474  Test abs: 0.01679390773177147  Test abs boundary: 0.023653276562690735  Time: 0.6661229240708053
Epoch: 472  Train rel: 0.020120795220136642  Test rel: 0.02027985617518425  Test abs: 0.016762670874595643  Test abs boundary: 0.02359199970960617  Time: 0.6657351013273001
Epoch: 473  Train rel: 0.020163658916950225  Test rel: 0.020561965107917787  Test abs: 0.01699436455965042  Test abs boundary: 0.02383450970053673  Time: 0.6660462371073663
Epoch: 474  Train rel: 0.020153424471616745  Test rel: 0.020335971415042876  Test abs: 0.01680757388472557  Test abs boundary: 0.02361918404698372  Time: 0.6662864540703595
Epoch: 475  Train rel: 0.020151501327753066  Test rel: 0.020259017050266268  Test abs: 0.016744087934494018  Test abs boundary: 0.023554519265890122  Time: 0.6668672543019056
Epoch: 476  Train rel: 0.020140363037586213  Test rel: 0.020311845242977144  Test abs: 0.016787149012088776  Test abs boundary: 0.02361017733812332  Time: 0.6673029861412942
Epoch: 477  Train rel: 0.020214552849531175  Test rel: 0.020258752703666685  Test abs: 0.016745179295539855  Test abs boundary: 0.023571228533983232  Time: 0.6676745410077274
Epoch: 478  Train rel: 0.02016930375993252  Test rel: 0.020279496312141418  Test abs: 0.01676222085952759  Test abs boundary: 0.02354535460472107  Time: 0.6672005117870867
Epoch: 479  Train rel: 0.02011481750011444  Test rel: 0.020255448818206786  Test abs: 0.016741936802864076  Test abs boundary: 0.02356298491358757  Time: 0.6684011109173298
Epoch: 480  Train rel: 0.02005955098569393  Test rel: 0.02030524790287018  Test abs: 0.016782362014055252  Test abs boundary: 0.02359662562608719  Time: 0.6684723161160946
Epoch: 481  Train rel: 0.02008917498588562  Test rel: 0.02023842394351959  Test abs: 0.01672771543264389  Test abs boundary: 0.023572058379650117  Time: 0.6683891182765365
Epoch: 482  Train rel: 0.02008830565214157  Test rel: 0.02024516448378563  Test abs: 0.016732444763183595  Test abs boundary: 0.02352899119257927  Time: 0.6681070947088301
Epoch: 483  Train rel: 0.020043836638331414  Test rel: 0.02026044562458992  Test abs: 0.0167451548576355  Test abs boundary: 0.023527720272541047  Time: 0.6693558748811483
Epoch: 484  Train rel: 0.020068047031760215  Test rel: 0.020228932797908782  Test abs: 0.016719276309013365  Test abs boundary: 0.02350948616862297  Time: 0.6675506220199168
Epoch: 485  Train rel: 0.020076310619711876  Test rel: 0.020274844020605087  Test abs: 0.016758723109960558  Test abs boundary: 0.02358927369117737  Time: 0.6676647821441293
Epoch: 486  Train rel: 0.020079590171575547  Test rel: 0.020250349938869476  Test abs: 0.01673733651638031  Test abs boundary: 0.023530144095420837  Time: 0.6677961037494242
Epoch: 487  Train rel: 0.020093656718730927  Test rel: 0.02020992577075958  Test abs: 0.016703979521989824  Test abs boundary: 0.02349241614341736  Time: 0.6687709391117096
Epoch: 488  Train rel: 0.02010888274013996  Test rel: 0.0202411150932312  Test abs: 0.0167298923432827  Test abs boundary: 0.023554984480142593  Time: 0.6680356902070343
Epoch: 489  Train rel: 0.020039741039276124  Test rel: 0.020240838825702667  Test abs: 0.016729379445314406  Test abs boundary: 0.02354276940226555  Time: 0.6683142045512795
Epoch: 490  Train rel: 0.02006389610469341  Test rel: 0.020269821286201476  Test abs: 0.016753477305173875  Test abs boundary: 0.023583313971757888  Time: 0.6674273461103439
Epoch: 491  Train rel: 0.020109285712242127  Test rel: 0.02024920493364334  Test abs: 0.01673584967851639  Test abs boundary: 0.023523989915847778  Time: 0.6679153530858457
Epoch: 492  Train rel: 0.02010748827457428  Test rel: 0.020249610096216203  Test abs: 0.01673714503645897  Test abs boundary: 0.023556184470653534  Time: 0.6678026597946882
Epoch: 493  Train rel: 0.020024888545274736  Test rel: 0.02021019399166107  Test abs: 0.01670433282852173  Test abs boundary: 0.02349734216928482  Time: 0.6680214633233845
Epoch: 494  Train rel: 0.020058122038841247  Test rel: 0.0202253520488739  Test abs: 0.016716374009847643  Test abs boundary: 0.023507782220840455  Time: 0.6686738268472254
Epoch: 495  Train rel: 0.0200335713326931  Test rel: 0.020214059054851533  Test abs: 0.01670716479420662  Test abs boundary: 0.02350075364112854  Time: 0.6683559748344123
Epoch: 496  Train rel: 0.020028831303119658  Test rel: 0.02022381290793419  Test abs: 0.016716251969337462  Test abs boundary: 0.02351645439863205  Time: 0.6686130249872804
Epoch: 497  Train rel: 0.020041205793619156  Test rel: 0.02021115183830261  Test abs: 0.01670466288924217  Test abs boundary: 0.023498150408267974  Time: 0.6685701431706548
Epoch: 498  Train rel: 0.020028196573257447  Test rel: 0.020214959681034088  Test abs: 0.016707928329706193  Test abs boundary: 0.023500988632440566  Time: 0.6690663052722812
Epoch: 499  Train rel: 0.02005708922445774  Test rel: 0.020238358825445175  Test abs: 0.016728360503911972  Test abs boundary: 0.02351417511701584  Time: 0.668214145116508
