dir now: /lustre/home/2200010870/works/NeuralOperator/GreenFunction
(1000, 221, 51, 2) (1000, 221, 51, 1)
x_train.shape:  torch.Size([1000, 11271, 4])
y_train.shape:  torch.Size([1000, 11271, 1])
221 51
torch.Size([11271, 128])
Start SVD with data shape:  (1000, 11271)
##################################################
Green Function Test for Airfoli
--data--
L: 1.0
downsample_ratio: 1
n_train: 1000
n_test: 200
pca_include_input: False
pca_include_grid: False
--model--
fc_dim: 128
in_dim: 4
out_dim: 1
layers_dim: [128, 128, 128, 128]
act: gelu
residual: [False, False, False, False]
layer_types: ['GalerkinConv', 'GalerkinConv', 'GalerkinConv', 'GalerkinConv']
GkNN_modes: [128, 128, 128, 128]
wbases_types: ['fourier', 'fourier', 'fourier', 'fourier']
bases_types: ['fourier', 'fourier', 'fourier', 'fourier']
green_types: ['HGreen', 'HGreen', 'HGreen', 'HGreen']
r_list: [1, 1, 1, 1]
kernel_size: 3
--train--
device: cuda
base_lr: 0.001
weight_decay: 0.0001
epochs: 500
scheduler: OneCycleLR
milestones: [200, 300, 400, 500, 800, 900]
scheduler_gamma: 0.5
batch_size: 30
normalization_x: True
normalization_y: True
normalization_dim: []
--Start Training--
number of parameters is 6363121
Epoch: 0  Train rel: 0.11758275580406188  Test rel: 0.1013066017627716  Test abs: 0.08374610304832458  Test abs boundary: 0.10974582970142364  Time: 1.8082816069945693
Epoch: 1  Train rel: 0.1023439644575119  Test rel: 0.09923683404922486  Test abs: 0.0820492547750473  Test abs boundary: 0.10540842473506927  Time: 1.2418757872655988
Epoch: 2  Train rel: 0.10145819497108459  Test rel: 0.09831422865390778  Test abs: 0.08132280230522156  Test abs boundary: 0.10420063257217407  Time: 1.2416367609985173
Epoch: 3  Train rel: 0.1010841594338417  Test rel: 0.09746289014816284  Test abs: 0.08061262786388397  Test abs boundary: 0.10258785724639892  Time: 1.2433434431441128
Epoch: 4  Train rel: 0.10069280898571015  Test rel: 0.09744243681430817  Test abs: 0.08061254501342774  Test abs boundary: 0.10206476986408233  Time: 1.2411965979263186
Epoch: 5  Train rel: 0.10076123368740082  Test rel: 0.09746326446533203  Test abs: 0.08060350179672242  Test abs boundary: 0.10150635480880738  Time: 1.2412000582553446
Epoch: 6  Train rel: 0.10088798332214355  Test rel: 0.09947633266448974  Test abs: 0.08222168684005737  Test abs boundary: 0.10270443141460418  Time: 1.2415809240192175
Epoch: 7  Train rel: 0.10104735088348389  Test rel: 0.09866622686386109  Test abs: 0.08156874299049377  Test abs boundary: 0.10207403719425201  Time: 1.2400512830354273
Epoch: 8  Train rel: 0.10090976768732071  Test rel: 0.09893871247768402  Test abs: 0.08178954720497131  Test abs boundary: 0.10231128513813019  Time: 1.2420554962009192
Epoch: 9  Train rel: 0.10109014213085174  Test rel: 0.09833361625671387  Test abs: 0.08130251765251159  Test abs boundary: 0.10169381976127624  Time: 1.2417500978335738
Epoch: 10  Train rel: 0.10067897963523864  Test rel: 0.09751598954200745  Test abs: 0.08063959300518037  Test abs boundary: 0.1008367621898651  Time: 1.2405028650537133
Epoch: 11  Train rel: 0.10037519240379333  Test rel: 0.09746902406215668  Test abs: 0.08060273885726929  Test abs boundary: 0.10084854364395142  Time: 1.2413148880004883
Epoch: 12  Train rel: 0.10044264924526215  Test rel: 0.09747289896011352  Test abs: 0.0806181013584137  Test abs boundary: 0.1010410225391388  Time: 1.2406519651412964
Epoch: 13  Train rel: 0.10054504698514938  Test rel: 0.09813556253910065  Test abs: 0.08113434314727783  Test abs boundary: 0.10102063059806823  Time: 1.240437479224056
Epoch: 14  Train rel: 0.10075747871398925  Test rel: 0.09821001887321472  Test abs: 0.08119903922080994  Test abs boundary: 0.1010262930393219  Time: 1.2415101858787239
Epoch: 15  Train rel: 0.10079860711097717  Test rel: 0.09793860733509063  Test abs: 0.08102153778076172  Test abs boundary: 0.10139216303825378  Time: 1.245760791003704
Epoch: 16  Train rel: 0.10063984870910644  Test rel: 0.09779016256332397  Test abs: 0.08085836052894592  Test abs boundary: 0.10069364190101623  Time: 1.2423475696705282
Epoch: 17  Train rel: 0.10047971230745316  Test rel: 0.09805131018161774  Test abs: 0.0810664689540863  Test abs boundary: 0.10101915836334228  Time: 1.2406277949921787
Epoch: 18  Train rel: 0.10043771469593048  Test rel: 0.09729264974594116  Test abs: 0.08046067953109741  Test abs boundary: 0.10050504565238953  Time: 1.2404170320369303
Epoch: 19  Train rel: 0.10050206971168518  Test rel: 0.09744921207427978  Test abs: 0.08061230301856995  Test abs boundary: 0.1011820650100708  Time: 1.241357530001551
Epoch: 20  Train rel: 0.1006315181851387  Test rel: 0.09786306083202362  Test abs: 0.08091906547546386  Test abs boundary: 0.10096727311611176  Time: 1.2410478279925883
Epoch: 21  Train rel: 0.10034213519096374  Test rel: 0.0974363112449646  Test abs: 0.08059044003486633  Test abs boundary: 0.1008566027879715  Time: 1.2408145889639854
Epoch: 22  Train rel: 0.10063491749763488  Test rel: 0.09931365847587585  Test abs: 0.08208885729312897  Test abs boundary: 0.10179717540740967  Time: 1.2410212722606957
Epoch: 23  Train rel: 0.10064335346221924  Test rel: 0.09744552373886109  Test abs: 0.0805898118019104  Test abs boundary: 0.1007128381729126  Time: 1.2407896830700338
Epoch: 24  Train rel: 0.10049002671241761  Test rel: 0.09751975059509277  Test abs: 0.08065354347229003  Test abs boundary: 0.10095921695232392  Time: 1.2411903282627463
Epoch: 25  Train rel: 0.1006568636894226  Test rel: 0.09783412158489227  Test abs: 0.08090076684951782  Test abs boundary: 0.10137547135353088  Time: 1.2428136598318815
Epoch: 26  Train rel: 0.10041721427440643  Test rel: 0.09780959784984589  Test abs: 0.08088129818439484  Test abs boundary: 0.10137228846549988  Time: 1.2410485562868416
Epoch: 27  Train rel: 0.10049698281288147  Test rel: 0.09758923053741456  Test abs: 0.0806988549232483  Test abs boundary: 0.10074727892875672  Time: 1.2410252876579762
Epoch: 28  Train rel: 0.10058841389417648  Test rel: 0.09758827090263367  Test abs: 0.08071226358413697  Test abs boundary: 0.10108017683029175  Time: 1.242028463166207
Epoch: 29  Train rel: 0.10042766088247299  Test rel: 0.09759353876113891  Test abs: 0.08069993734359741  Test abs boundary: 0.10063422083854676  Time: 1.2417386351153255
Epoch: 30  Train rel: 0.10042058491706848  Test rel: 0.09780983567237854  Test abs: 0.08087689638137817  Test abs boundary: 0.10074401319026947  Time: 1.2435787878930569
Epoch: 31  Train rel: 0.10029077637195587  Test rel: 0.09704292833805084  Test abs: 0.08026419162750244  Test abs boundary: 0.10034095883369445  Time: 1.2414003871381283
Epoch: 32  Train rel: 0.10024489635229111  Test rel: 0.09737242341041565  Test abs: 0.08055048406124116  Test abs boundary: 0.1006949257850647  Time: 1.2405717922374606
Epoch: 33  Train rel: 0.10042734861373902  Test rel: 0.09718719124794006  Test abs: 0.08038146257400512  Test abs boundary: 0.10033973097801209  Time: 1.2417813912034035
Epoch: 34  Train rel: 0.10029454720020294  Test rel: 0.09744013667106628  Test abs: 0.0805844783782959  Test abs boundary: 0.1007849097251892  Time: 1.2436170326545835
Epoch: 35  Train rel: 0.10094403505325317  Test rel: 0.09855947613716126  Test abs: 0.0814941906929016  Test abs boundary: 0.10252115547657013  Time: 1.2440050481818616
Epoch: 36  Train rel: 0.10072987949848175  Test rel: 0.09721162796020508  Test abs: 0.08039844870567321  Test abs boundary: 0.1005403858423233  Time: 1.247740300372243
Epoch: 37  Train rel: 0.10035748517513275  Test rel: 0.09718474268913269  Test abs: 0.08038134098052979  Test abs boundary: 0.10031355381011962  Time: 1.2468663454055786
Epoch: 38  Train rel: 0.10052779042720794  Test rel: 0.09751008212566376  Test abs: 0.08066377401351929  Test abs boundary: 0.10089172303676605  Time: 1.2482778183184564
Epoch: 39  Train rel: 0.10068085169792175  Test rel: 0.09792347013950348  Test abs: 0.08097367405891419  Test abs boundary: 0.10129236698150634  Time: 1.2485737446695566
Epoch: 40  Train rel: 0.10050934624671937  Test rel: 0.09735280513763428  Test abs: 0.0805176842212677  Test abs boundary: 0.100897216796875  Time: 1.2486389949917793
Epoch: 41  Train rel: 0.10044118583202362  Test rel: 0.09730922341346741  Test abs: 0.0804771375656128  Test abs boundary: 0.10056029200553894  Time: 1.2477803048677742
Epoch: 42  Train rel: 0.10048226928710938  Test rel: 0.09704869747161865  Test abs: 0.08027579009532929  Test abs boundary: 0.10028180897235871  Time: 1.2478796690702438
Epoch: 43  Train rel: 0.10059961926937103  Test rel: 0.09752222299575805  Test abs: 0.08064452230930329  Test abs boundary: 0.10073984980583191  Time: 1.2487995577976108
Epoch: 44  Train rel: 0.10046064126491547  Test rel: 0.09754028677940368  Test abs: 0.08066135883331299  Test abs boundary: 0.10066647350788116  Time: 1.2503106067888439
Epoch: 45  Train rel: 0.10046838510036468  Test rel: 0.09752050578594208  Test abs: 0.08065371572971344  Test abs boundary: 0.1009418261051178  Time: 1.2481853473000228
Epoch: 46  Train rel: 0.10060886538028717  Test rel: 0.09731715440750122  Test abs: 0.08048991799354553  Test abs boundary: 0.10116499781608582  Time: 1.2496257731691003
Epoch: 47  Train rel: 0.10055418580770492  Test rel: 0.09802436828613281  Test abs: 0.08104314923286438  Test abs boundary: 0.10088523745536804  Time: 1.2498869500122964
Epoch: 48  Train rel: 0.1007766706943512  Test rel: 0.09773308277130127  Test abs: 0.0808240020275116  Test abs boundary: 0.10106761336326599  Time: 1.2481954069808125
Epoch: 49  Train rel: 0.10053505945205689  Test rel: 0.09735143899917603  Test abs: 0.08050143659114838  Test abs boundary: 0.1004454404115677  Time: 1.2506364919245243
Epoch: 50  Train rel: 0.10037578105926513  Test rel: 0.09735372543334961  Test abs: 0.08050823390483856  Test abs boundary: 0.10071802735328675  Time: 1.248435685876757
Epoch: 51  Train rel: 0.10053352773189544  Test rel: 0.09738573789596558  Test abs: 0.08054005563259124  Test abs boundary: 0.10081768929958343  Time: 1.2490169839002192
Epoch: 52  Train rel: 0.10039498019218444  Test rel: 0.09732266545295715  Test abs: 0.08049864649772644  Test abs boundary: 0.10079500436782837  Time: 1.250169926788658
Epoch: 53  Train rel: 0.10032768458127976  Test rel: 0.09788217782974243  Test abs: 0.08093186020851136  Test abs boundary: 0.10087487697601319  Time: 1.2500467500649393
Epoch: 54  Train rel: 0.10036859250068665  Test rel: 0.09884424567222595  Test abs: 0.08170723676681518  Test abs boundary: 0.101565260887146  Time: 1.249568467028439
Epoch: 55  Train rel: 0.10066648054122924  Test rel: 0.09815889656543732  Test abs: 0.08116106033325195  Test abs boundary: 0.10147904098033905  Time: 1.2505458891391754
Epoch: 56  Train rel: 0.10032748323678971  Test rel: 0.09725034356117249  Test abs: 0.08043163418769836  Test abs boundary: 0.1004192179441452  Time: 1.2547143357805908
Epoch: 57  Train rel: 0.10035949230194091  Test rel: 0.09745973587036133  Test abs: 0.08060001313686371  Test abs boundary: 0.10081938803195953  Time: 1.2508603939786553
Epoch: 58  Train rel: 0.10038954734802247  Test rel: 0.09764697194099427  Test abs: 0.08074584305286407  Test abs boundary: 0.10073811531066895  Time: 1.2505217981524765
Epoch: 59  Train rel: 0.10034883964061737  Test rel: 0.0980917227268219  Test abs: 0.08110051035881043  Test abs boundary: 0.10098255217075348  Time: 1.2503985627554357
Epoch: 60  Train rel: 0.10061378753185272  Test rel: 0.09775097012519836  Test abs: 0.08082914292812347  Test abs boundary: 0.10107585370540619  Time: 1.2523177852854133
Epoch: 61  Train rel: 0.10058098804950714  Test rel: 0.09747832119464875  Test abs: 0.08061535954475403  Test abs boundary: 0.10079992055892945  Time: 1.2508941018022597
Epoch: 62  Train rel: 0.10056834548711777  Test rel: 0.09776029706001282  Test abs: 0.08085273683071137  Test abs boundary: 0.10112861156463623  Time: 1.2525998763740063
Epoch: 63  Train rel: 0.10041462326049805  Test rel: 0.09740175306797028  Test abs: 0.08057181596755982  Test abs boundary: 0.10139617681503296  Time: 1.2517819730564952
Epoch: 64  Train rel: 0.1004070519208908  Test rel: 0.09712265193462372  Test abs: 0.08032685995101929  Test abs boundary: 0.10031948685646057  Time: 1.2519751284271479
Epoch: 65  Train rel: 0.10038766455650329  Test rel: 0.09752448081970215  Test abs: 0.08065096378326415  Test abs boundary: 0.1008821564912796  Time: 1.2542037679813802
Epoch: 66  Train rel: 0.1003896096944809  Test rel: 0.09732190132141114  Test abs: 0.08050880551338196  Test abs boundary: 0.10052728891372681  Time: 1.2514055422507226
Epoch: 67  Train rel: 0.10061448967456818  Test rel: 0.0973753845691681  Test abs: 0.080536150932312  Test abs boundary: 0.10075222790241241  Time: 1.252708462998271
Epoch: 68  Train rel: 0.1003288300037384  Test rel: 0.09863140106201172  Test abs: 0.0815306007862091  Test abs boundary: 0.1013804930448532  Time: 1.2540841810405254
Epoch: 69  Train rel: 0.10049167293310166  Test rel: 0.09750430822372437  Test abs: 0.08064742803573609  Test abs boundary: 0.10100434005260467  Time: 1.252395134884864
Epoch: 70  Train rel: 0.10041190409660339  Test rel: 0.09787831127643586  Test abs: 0.08092678964138031  Test abs boundary: 0.10092781662940979  Time: 1.2524237679317594
Epoch: 71  Train rel: 0.10027244013547898  Test rel: 0.09719092965126037  Test abs: 0.08038777351379395  Test abs boundary: 0.10033890128135681  Time: 1.2539445757865906
Epoch: 72  Train rel: 0.10058993816375733  Test rel: 0.09774956464767456  Test abs: 0.08082807421684265  Test abs boundary: 0.10125579059123993  Time: 1.2539281202480197
Epoch: 73  Train rel: 0.10046941661834717  Test rel: 0.09815531849861145  Test abs: 0.08115455985069275  Test abs boundary: 0.10118436336517334  Time: 1.2531884810887277
Epoch: 74  Train rel: 0.10041613698005676  Test rel: 0.09729709982872009  Test abs: 0.08048284530639649  Test abs boundary: 0.10084588885307312  Time: 1.253509339876473
Epoch: 75  Train rel: 0.10054840052127838  Test rel: 0.09727662622928619  Test abs: 0.08045992136001587  Test abs boundary: 0.10107075691223144  Time: 1.2535165715962648
Epoch: 76  Train rel: 0.10034784579277038  Test rel: 0.09752189338207246  Test abs: 0.08064253449440002  Test abs boundary: 0.10068638563156128  Time: 1.2547683781012893
Epoch: 77  Train rel: 0.10034726870059966  Test rel: 0.09846597611904144  Test abs: 0.08140044569969178  Test abs boundary: 0.10110593259334565  Time: 1.2542911926284432
Epoch: 78  Train rel: 0.10063170892000198  Test rel: 0.09831011116504669  Test abs: 0.08127292931079864  Test abs boundary: 0.10105162501335144  Time: 1.25463380292058
Epoch: 79  Train rel: 0.10051133847236633  Test rel: 0.09701950371265411  Test abs: 0.08024927020072938  Test abs boundary: 0.10032256722450256  Time: 1.2555569428950548
Epoch: 80  Train rel: 0.10048536038398742  Test rel: 0.09775126218795777  Test abs: 0.08082591652870179  Test abs boundary: 0.10063318610191345  Time: 1.2561467830091715
Epoch: 81  Train rel: 0.10037346363067627  Test rel: 0.09738217353820801  Test abs: 0.08053921818733216  Test abs boundary: 0.10069397449493409  Time: 1.2568548303097486
Epoch: 82  Train rel: 0.1003596910238266  Test rel: 0.09729337990283966  Test abs: 0.0804675555229187  Test abs boundary: 0.1005779129266739  Time: 1.253905382938683
Epoch: 83  Train rel: 0.10044740015268326  Test rel: 0.09725909829139709  Test abs: 0.08044483304023743  Test abs boundary: 0.10060880601406097  Time: 1.256812841631472
Epoch: 84  Train rel: 0.10032419395446777  Test rel: 0.09744923174381256  Test abs: 0.08059123992919921  Test abs boundary: 0.10071964621543884  Time: 1.2592322598211467
Epoch: 85  Train rel: 0.10046298515796662  Test rel: 0.09804846704006195  Test abs: 0.0810749077796936  Test abs boundary: 0.10155728936195374  Time: 1.2543946215882897
Epoch: 86  Train rel: 0.10040056800842286  Test rel: 0.09782012581825256  Test abs: 0.08092992782592773  Test abs boundary: 0.10091186106204987  Time: 1.2541144648566842
Epoch: 87  Train rel: 0.10050861644744873  Test rel: 0.09715095043182373  Test abs: 0.08036649703979493  Test abs boundary: 0.1003432297706604  Time: 1.2533375252969563
Epoch: 88  Train rel: 0.1005832154750824  Test rel: 0.09743533849716186  Test abs: 0.08057701468467712  Test abs boundary: 0.10056361436843872  Time: 1.2518642242066562
Epoch: 89  Train rel: 0.10036524415016174  Test rel: 0.0975432813167572  Test abs: 0.08065988659858704  Test abs boundary: 0.10091692209243774  Time: 1.2523392410948873
Epoch: 90  Train rel: 0.10044994640350342  Test rel: 0.0978352415561676  Test abs: 0.08089754998683929  Test abs boundary: 0.10120013117790222  Time: 1.2517853449098766
Epoch: 91  Train rel: 0.10040108156204224  Test rel: 0.09778322637081147  Test abs: 0.08084892392158509  Test abs boundary: 0.10089344382286072  Time: 1.2525517269968987
Epoch: 92  Train rel: 0.10042657017707825  Test rel: 0.09715805768966675  Test abs: 0.08035750150680541  Test abs boundary: 0.10039643943309784  Time: 1.2527423780411482
Epoch: 93  Train rel: 0.10039019894599914  Test rel: 0.09795908927917481  Test abs: 0.08099610090255738  Test abs boundary: 0.10107792735099792  Time: 1.2530619748868048
Epoch: 94  Train rel: 0.10053354203701019  Test rel: 0.09729281544685364  Test abs: 0.08048568904399872  Test abs boundary: 0.10074243664741517  Time: 1.2521416279487312
Epoch: 95  Train rel: 0.10043819391727447  Test rel: 0.09782841920852661  Test abs: 0.08089673638343811  Test abs boundary: 0.10113726258277893  Time: 1.2529105679132044
Epoch: 96  Train rel: 0.10044545221328735  Test rel: 0.0977820348739624  Test abs: 0.08085455417633057  Test abs boundary: 0.10097612977027894  Time: 1.25235108518973
Epoch: 97  Train rel: 0.10041948163509369  Test rel: 0.09746434926986694  Test abs: 0.08060087859630585  Test abs boundary: 0.10078455924987793  Time: 1.253099869005382
Epoch: 98  Train rel: 0.10027647852897643  Test rel: 0.09737514853477477  Test abs: 0.08052846848964691  Test abs boundary: 0.10058209896087647  Time: 1.2519199787639081
Epoch: 99  Train rel: 0.1003280001282692  Test rel: 0.09761484265327454  Test abs: 0.08072622656822205  Test abs boundary: 0.10090936064720153  Time: 1.2527631539851427
Epoch: 100  Train rel: 0.10038609647750854  Test rel: 0.09757661342620849  Test abs: 0.08068369865417481  Test abs boundary: 0.10066531836986542  Time: 1.2552100978791714
Epoch: 101  Train rel: 0.10034667658805847  Test rel: 0.09720850348472596  Test abs: 0.0804117751121521  Test abs boundary: 0.10053692817687988  Time: 1.2521953908726573
Epoch: 102  Train rel: 0.1004581754207611  Test rel: 0.09778479754924774  Test abs: 0.08085667490959167  Test abs boundary: 0.10095064878463746  Time: 1.2524358490481973
Epoch: 103  Train rel: 0.10042637288570404  Test rel: 0.09737716615200043  Test abs: 0.0805378007888794  Test abs boundary: 0.10090423941612243  Time: 1.2542068287730217
Epoch: 104  Train rel: 0.10033263653516769  Test rel: 0.09740853428840637  Test abs: 0.08054865717887878  Test abs boundary: 0.1003228062391281  Time: 1.2521994630806148
Epoch: 105  Train rel: 0.10044651043415069  Test rel: 0.09745002508163453  Test abs: 0.08058769583702087  Test abs boundary: 0.10063674330711364  Time: 1.2520328382961452
Epoch: 106  Train rel: 0.10041674542427063  Test rel: 0.09740829944610596  Test abs: 0.08055585086345672  Test abs boundary: 0.10048024952411652  Time: 1.2529206098988652
Epoch: 107  Train rel: 0.10049341762065887  Test rel: 0.09714263558387756  Test abs: 0.08035327792167664  Test abs boundary: 0.10056341230869294  Time: 1.2526880102232099
Epoch: 108  Train rel: 0.10024144124984741  Test rel: 0.09750917971134186  Test abs: 0.08064865112304688  Test abs boundary: 0.10084143400192261  Time: 1.2559565086849034
Epoch: 109  Train rel: 0.10035959821939468  Test rel: 0.09755200028419495  Test abs: 0.08066936612129211  Test abs boundary: 0.10092896461486817  Time: 1.2530175945721567
Epoch: 110  Train rel: 0.1004192590713501  Test rel: 0.09742297530174256  Test abs: 0.080573890209198  Test abs boundary: 0.1008065128326416  Time: 1.2530215792357922
Epoch: 111  Train rel: 0.10037577950954438  Test rel: 0.09743359684944153  Test abs: 0.08057573556900025  Test abs boundary: 0.10069211721420288  Time: 1.253527025692165
Epoch: 112  Train rel: 0.10043979203701019  Test rel: 0.0980512422323227  Test abs: 0.08106730461120605  Test abs boundary: 0.1011539900302887  Time: 1.252360763028264
Epoch: 113  Train rel: 0.10027867650985718  Test rel: 0.09829685807228089  Test abs: 0.0812664008140564  Test abs boundary: 0.10152239739894867  Time: 1.2525771227665246
Epoch: 114  Train rel: 0.10034484899044037  Test rel: 0.09724825382232666  Test abs: 0.08042261838912963  Test abs boundary: 0.10041940927505494  Time: 1.2520684599876404
Epoch: 115  Train rel: 0.10030046260356903  Test rel: 0.09803342163562774  Test abs: 0.08105009913444519  Test abs boundary: 0.10095678448677063  Time: 1.252149728126824
Epoch: 116  Train rel: 0.10029707944393158  Test rel: 0.0974699741601944  Test abs: 0.08061133623123169  Test abs boundary: 0.10066935420036316  Time: 1.2528023063205183
Epoch: 117  Train rel: 0.10038720029592514  Test rel: 0.09748274803161622  Test abs: 0.08062154054641724  Test abs boundary: 0.1005991518497467  Time: 1.2521652369759977
Epoch: 118  Train rel: 0.10029874396324158  Test rel: 0.09795987665653229  Test abs: 0.08099292039871216  Test abs boundary: 0.10092395067214965  Time: 1.2518076281994581
Epoch: 119  Train rel: 0.10031525731086731  Test rel: 0.09717131733894348  Test abs: 0.08037402987480163  Test abs boundary: 0.10031837999820709  Time: 1.252615193836391
Epoch: 120  Train rel: 0.1002322006225586  Test rel: 0.09759296774864197  Test abs: 0.0806925094127655  Test abs boundary: 0.10041697919368744  Time: 1.2536482899449766
Epoch: 121  Train rel: 0.10056741786003112  Test rel: 0.09745179653167725  Test abs: 0.08061114311218262  Test abs boundary: 0.10068819761276245  Time: 1.25190898636356
Epoch: 122  Train rel: 0.10025593250989914  Test rel: 0.09756640315055848  Test abs: 0.0806780755519867  Test abs boundary: 0.10045839548110962  Time: 1.2524820356629789
Epoch: 123  Train rel: 0.1002816863656044  Test rel: 0.09755240917205811  Test abs: 0.08066833555698395  Test abs boundary: 0.10069445550441741  Time: 1.2540981210768223
Epoch: 124  Train rel: 0.10023562276363372  Test rel: 0.0972974157333374  Test abs: 0.08047500669956208  Test abs boundary: 0.10046805202960968  Time: 1.2537363967858255
Epoch: 125  Train rel: 0.1003042077422142  Test rel: 0.09715555310249328  Test abs: 0.08035519003868102  Test abs boundary: 0.10038011491298676  Time: 1.252458826173097
Epoch: 126  Train rel: 0.100261723279953  Test rel: 0.09765522837638856  Test abs: 0.08074676096439362  Test abs boundary: 0.10060080111026765  Time: 1.25324503518641
Epoch: 127  Train rel: 0.10032583039999009  Test rel: 0.09761960208415985  Test abs: 0.08072256684303283  Test abs boundary: 0.10064852595329285  Time: 1.2547088898718357
Epoch: 128  Train rel: 0.10028811526298523  Test rel: 0.09753523528575897  Test abs: 0.08067029118537902  Test abs boundary: 0.10123636960983276  Time: 1.2534619821235538
Epoch: 129  Train rel: 0.10045734667778015  Test rel: 0.09742030560970306  Test abs: 0.08056578993797302  Test abs boundary: 0.10085625767707825  Time: 1.2533847000449896
Epoch: 130  Train rel: 0.10029201221466065  Test rel: 0.09731659531593323  Test abs: 0.08049623191356658  Test abs boundary: 0.1003828090429306  Time: 1.252632931806147
Epoch: 131  Train rel: 0.10027411663532257  Test rel: 0.09768646299839019  Test abs: 0.0807735800743103  Test abs boundary: 0.10058424890041351  Time: 1.2537618181668222
Epoch: 132  Train rel: 0.10023737341165542  Test rel: 0.09715402841567994  Test abs: 0.08035714447498321  Test abs boundary: 0.10041513085365296  Time: 1.254408369306475
Epoch: 133  Train rel: 0.10034249520301819  Test rel: 0.09715410292148591  Test abs: 0.08036331057548524  Test abs boundary: 0.10029962003231048  Time: 1.2535377508029342
Epoch: 134  Train rel: 0.100268585562706  Test rel: 0.09793146967887878  Test abs: 0.08097968757152557  Test abs boundary: 0.10112348794937134  Time: 1.253227576147765
Epoch: 135  Train rel: 0.10026359832286835  Test rel: 0.09735540986061096  Test abs: 0.08051762223243714  Test abs boundary: 0.10061302244663238  Time: 1.2551923859864473
Epoch: 136  Train rel: 0.10022461545467377  Test rel: 0.09714345991611481  Test abs: 0.08035581469535828  Test abs boundary: 0.10045312881469727  Time: 1.2546779322437942
Epoch: 137  Train rel: 0.10038427376747132  Test rel: 0.09718984305858612  Test abs: 0.08038550436496734  Test abs boundary: 0.10050973415374756  Time: 1.2561089089140296
Epoch: 138  Train rel: 0.10028349250555038  Test rel: 0.0972513747215271  Test abs: 0.08044994950294494  Test abs boundary: 0.10037419140338898  Time: 1.2550891251303256
Epoch: 139  Train rel: 0.10032072526216507  Test rel: 0.09791798114776612  Test abs: 0.08096248507499695  Test abs boundary: 0.10097994148731232  Time: 1.2545966817997396
Epoch: 140  Train rel: 0.10033641511201859  Test rel: 0.09772275447845459  Test abs: 0.08081053733825684  Test abs boundary: 0.10089103758335113  Time: 1.2584163900464773
Epoch: 141  Train rel: 0.10031167423725128  Test rel: 0.09761265337467194  Test abs: 0.08073182702064514  Test abs boundary: 0.10097135365009308  Time: 1.2555600018240511
Epoch: 142  Train rel: 0.10048510837554932  Test rel: 0.09728531122207641  Test abs: 0.08046942293643951  Test abs boundary: 0.1004830127954483  Time: 1.255579981021583
Epoch: 143  Train rel: 0.10030891072750092  Test rel: 0.09719967007637025  Test abs: 0.08039623498916626  Test abs boundary: 0.10048520505428314  Time: 1.2567867902107537
Epoch: 144  Train rel: 0.10030998396873474  Test rel: 0.09763076424598693  Test abs: 0.08072904407978058  Test abs boundary: 0.10066961407661439  Time: 1.2576774442568421
Epoch: 145  Train rel: 0.1002646963596344  Test rel: 0.09755289912223816  Test abs: 0.08067147612571716  Test abs boundary: 0.10060965955257416  Time: 1.2566397110931575
Epoch: 146  Train rel: 0.10041435563564301  Test rel: 0.09742345094680786  Test abs: 0.080576331615448  Test abs boundary: 0.10065467476844787  Time: 1.2575611341744661
Epoch: 147  Train rel: 0.10032021701335907  Test rel: 0.09714898645877838  Test abs: 0.08035233616828918  Test abs boundary: 0.10034084260463715  Time: 1.2579761450178921
Epoch: 148  Train rel: 0.10025199007987975  Test rel: 0.09728563189506531  Test abs: 0.0804690796136856  Test abs boundary: 0.1006748342514038  Time: 1.2596510518342257
Epoch: 149  Train rel: 0.1002048853635788  Test rel: 0.09755898714065551  Test abs: 0.08067267179489136  Test abs boundary: 0.10062668204307557  Time: 1.2596843461506069
Epoch: 150  Train rel: 0.10024983203411102  Test rel: 0.09745977520942688  Test abs: 0.08059149384498596  Test abs boundary: 0.10047090530395508  Time: 1.259146978147328
Epoch: 151  Train rel: 0.10030909514427185  Test rel: 0.0975516676902771  Test abs: 0.08069609105587006  Test abs boundary: 0.1008595311641693  Time: 1.2575166523456573
Epoch: 152  Train rel: 0.10034307646751404  Test rel: 0.09794224977493286  Test abs: 0.08097844064235687  Test abs boundary: 0.10083326458930969  Time: 1.2589060310274363
Epoch: 153  Train rel: 0.100254620552063  Test rel: 0.0972262191772461  Test abs: 0.0804243642091751  Test abs boundary: 0.10039937853813172  Time: 1.25908506475389
Epoch: 154  Train rel: 0.10044411170482635  Test rel: 0.09728887736797333  Test abs: 0.0804610526561737  Test abs boundary: 0.10050136208534241  Time: 1.26050473889336
Epoch: 155  Train rel: 0.10031523072719574  Test rel: 0.09729567885398865  Test abs: 0.08046902298927307  Test abs boundary: 0.10042740106582641  Time: 1.2592364032752812
Epoch: 156  Train rel: 0.10033603090047837  Test rel: 0.09716265201568604  Test abs: 0.08035453200340271  Test abs boundary: 0.10018611788749694  Time: 1.2610839349217713
Epoch: 157  Train rel: 0.1002428787946701  Test rel: 0.09737222671508788  Test abs: 0.0805322426557541  Test abs boundary: 0.10072628855705261  Time: 1.2620975440368056
Epoch: 158  Train rel: 0.10023213732242585  Test rel: 0.09755947947502136  Test abs: 0.08066744565963745  Test abs boundary: 0.10045723915100098  Time: 1.2613174528814852
Epoch: 159  Train rel: 0.10023635363578796  Test rel: 0.09748574256896973  Test abs: 0.08061340689659119  Test abs boundary: 0.10068868100643158  Time: 1.2609786000102758
Epoch: 160  Train rel: 0.10033585047721863  Test rel: 0.09766640782356262  Test abs: 0.08075727224349975  Test abs boundary: 0.10068519830703736  Time: 1.2625178275629878
Epoch: 161  Train rel: 0.10019753289222717  Test rel: 0.09790244281291961  Test abs: 0.08094297170639038  Test abs boundary: 0.10075173258781434  Time: 1.2612821911461651
Epoch: 162  Train rel: 0.10026784873008728  Test rel: 0.09746623456478119  Test abs: 0.08059743106365204  Test abs boundary: 0.10045914649963379  Time: 1.2617529416456819
Epoch: 163  Train rel: 0.10029648810625076  Test rel: 0.09744297802448272  Test abs: 0.08057883143424988  Test abs boundary: 0.1004111111164093  Time: 1.2625102931633592
Epoch: 164  Train rel: 0.10021533274650574  Test rel: 0.0972837495803833  Test abs: 0.08046646475791931  Test abs boundary: 0.10059988915920258  Time: 1.2690559169277549
Epoch: 165  Train rel: 0.10023075556755066  Test rel: 0.09743815898895264  Test abs: 0.0805747401714325  Test abs boundary: 0.10044394314289093  Time: 1.263119108043611
Epoch: 166  Train rel: 0.10028281450271606  Test rel: 0.09755126535892486  Test abs: 0.08067075252532958  Test abs boundary: 0.10078690946102142  Time: 1.262172999791801
Epoch: 167  Train rel: 0.10023325783014297  Test rel: 0.09739390850067138  Test abs: 0.08054308831691742  Test abs boundary: 0.10052109301090241  Time: 1.2642919239588082
Epoch: 168  Train rel: 0.10025761169195176  Test rel: 0.09762392997741699  Test abs: 0.08072067081928253  Test abs boundary: 0.10061255276203156  Time: 1.2628054730594158
Epoch: 169  Train rel: 0.10022295486927033  Test rel: 0.09759302854537964  Test abs: 0.08069931089878082  Test abs boundary: 0.10063732802867889  Time: 1.261748063378036
Epoch: 170  Train rel: 0.10031924724578857  Test rel: 0.09735260665416717  Test abs: 0.08052912473678589  Test abs boundary: 0.10067206680774689  Time: 1.262811346910894
Epoch: 171  Train rel: 0.10032153081893921  Test rel: 0.09755518972873688  Test abs: 0.08066750645637512  Test abs boundary: 0.1004589295387268  Time: 1.26361289806664
Epoch: 172  Train rel: 0.10029102861881256  Test rel: 0.09740070462226867  Test abs: 0.08055280089378357  Test abs boundary: 0.10070918202400207  Time: 1.2641532560810447
Epoch: 173  Train rel: 0.100261785030365  Test rel: 0.0977829623222351  Test abs: 0.0808554744720459  Test abs boundary: 0.10099252998828888  Time: 1.2633355930447578
Epoch: 174  Train rel: 0.1004225662946701  Test rel: 0.09749903202056885  Test abs: 0.0806326311826706  Test abs boundary: 0.10083039045333862  Time: 1.2629169733263552
Epoch: 175  Train rel: 0.1003305081129074  Test rel: 0.09749995827674866  Test abs: 0.08062389552593231  Test abs boundary: 0.10061191320419312  Time: 1.2639379892498255
Epoch: 176  Train rel: 0.10024108266830445  Test rel: 0.09818594336509705  Test abs: 0.08117558240890503  Test abs boundary: 0.10106079697608948  Time: 1.2651537852361798
Epoch: 177  Train rel: 0.10030177468061448  Test rel: 0.09729911625385285  Test abs: 0.08047795414924622  Test abs boundary: 0.10053358972072601  Time: 1.2686734441667795
Epoch: 178  Train rel: 0.10028943747282028  Test rel: 0.09717915892601013  Test abs: 0.0803692877292633  Test abs boundary: 0.10010711193084716  Time: 1.2649716301821172
Epoch: 179  Train rel: 0.10036621916294097  Test rel: 0.09744132280349732  Test abs: 0.08057703495025635  Test abs boundary: 0.1004127311706543  Time: 1.2646607379429042
Epoch: 180  Train rel: 0.10028933608531952  Test rel: 0.09748046040534973  Test abs: 0.08061196088790894  Test abs boundary: 0.10050775766372681  Time: 1.2676622420549393
Epoch: 181  Train rel: 0.10029305791854859  Test rel: 0.09736813127994537  Test abs: 0.08054654002189636  Test abs boundary: 0.1008316671848297  Time: 1.2638893858529627
Epoch: 182  Train rel: 0.1003456710577011  Test rel: 0.09733304381370544  Test abs: 0.08049339890480041  Test abs boundary: 0.10031169831752777  Time: 1.2646712088026106
Epoch: 183  Train rel: 0.10018411707878112  Test rel: 0.09711550116539001  Test abs: 0.08032602071762085  Test abs boundary: 0.10027400135993958  Time: 1.2650892520323396
Epoch: 184  Train rel: 0.10020178133249283  Test rel: 0.09740822911262512  Test abs: 0.08055620849132537  Test abs boundary: 0.10068448424339295  Time: 1.2672107010148466
Epoch: 185  Train rel: 0.1002094657421112  Test rel: 0.09793763279914856  Test abs: 0.080977703332901  Test abs boundary: 0.10101119697093963  Time: 1.2668831809423864
Epoch: 186  Train rel: 0.10033583986759186  Test rel: 0.09787244975566864  Test abs: 0.08092419803142548  Test abs boundary: 0.10091651737689972  Time: 1.2671136348508298
Epoch: 187  Train rel: 0.10024159228801727  Test rel: 0.09727035939693451  Test abs: 0.08045433640480042  Test abs boundary: 0.10064980566501618  Time: 1.268908693920821
Epoch: 188  Train rel: 0.10024667710065842  Test rel: 0.09727210462093354  Test abs: 0.08044662654399871  Test abs boundary: 0.10042268991470336  Time: 1.2687740782275796
Epoch: 189  Train rel: 0.1001974561214447  Test rel: 0.09779804110527039  Test abs: 0.08086639761924744  Test abs boundary: 0.10108930349349976  Time: 1.2664917171932757
Epoch: 190  Train rel: 0.10028321260213852  Test rel: 0.09766713619232177  Test abs: 0.08076354086399079  Test abs boundary: 0.10087965369224548  Time: 1.2670019990764558
Epoch: 191  Train rel: 0.10034729421138763  Test rel: 0.09725459158420563  Test abs: 0.08043984174728394  Test abs boundary: 0.10043825030326843  Time: 1.267006728798151
Epoch: 192  Train rel: 0.10017929446697235  Test rel: 0.0971651566028595  Test abs: 0.08036600410938263  Test abs boundary: 0.10043798446655273  Time: 1.2672657719813287
Epoch: 193  Train rel: 0.1002091646194458  Test rel: 0.09822231531143188  Test abs: 0.08120468974113465  Test abs boundary: 0.1010594755411148  Time: 1.2667244831100106
Epoch: 194  Train rel: 0.10031844395399094  Test rel: 0.09754989326000213  Test abs: 0.08067413926124573  Test abs boundary: 0.10106514573097229  Time: 1.2672180612571537
Epoch: 195  Train rel: 0.1002408902645111  Test rel: 0.09848404049873352  Test abs: 0.08141537666320801  Test abs boundary: 0.10134183406829834  Time: 1.2670823018997908
Epoch: 196  Train rel: 0.10024740707874298  Test rel: 0.09806506633758545  Test abs: 0.08107558131217957  Test abs boundary: 0.10108665943145752  Time: 1.2683145110495389
Epoch: 197  Train rel: 0.10025315582752228  Test rel: 0.09730080425739289  Test abs: 0.08047104477882386  Test abs boundary: 0.10038578271865845  Time: 1.2718750699423254
Epoch: 198  Train rel: 0.1001984270811081  Test rel: 0.09742532968521118  Test abs: 0.08056782722473145  Test abs boundary: 0.1005195438861847  Time: 1.2675442066974938
Epoch: 199  Train rel: 0.10022254210710525  Test rel: 0.09775548815727234  Test abs: 0.08083327054977417  Test abs boundary: 0.10096633195877075  Time: 1.2672859420999885
Epoch: 200  Train rel: 0.10020139843225478  Test rel: 0.09723946928977967  Test abs: 0.08042266190052033  Test abs boundary: 0.10039638996124267  Time: 1.2665825989097357
Epoch: 201  Train rel: 0.10027510297298431  Test rel: 0.09742287516593934  Test abs: 0.08058138072490692  Test abs boundary: 0.10108039736747741  Time: 1.2653564708307385
Epoch: 202  Train rel: 0.10022053134441376  Test rel: 0.09764973759651184  Test abs: 0.08074588239192963  Test abs boundary: 0.10063292145729065  Time: 1.2664808556437492
Epoch: 203  Train rel: 0.10020069414377213  Test rel: 0.09717622816562653  Test abs: 0.0803667402267456  Test abs boundary: 0.10020257771015167  Time: 1.265908749308437
Epoch: 204  Train rel: 0.10033366233110427  Test rel: 0.09737014472484588  Test abs: 0.08053318023681641  Test abs boundary: 0.10065071821212769  Time: 1.2712704380974174
Epoch: 205  Train rel: 0.10022730386257171  Test rel: 0.09748874604701996  Test abs: 0.08061965942382812  Test abs boundary: 0.10077154219150543  Time: 1.2644384228624403
Epoch: 206  Train rel: 0.10021525359153748  Test rel: 0.0973849868774414  Test abs: 0.0805311381816864  Test abs boundary: 0.10049910366535186  Time: 1.2637583431787789
Epoch: 207  Train rel: 0.1003088481426239  Test rel: 0.09766138315200806  Test abs: 0.08075258314609528  Test abs boundary: 0.1006562888622284  Time: 1.2644985993392766
Epoch: 208  Train rel: 0.10030309092998504  Test rel: 0.09714524269104004  Test abs: 0.08034678399562836  Test abs boundary: 0.10016607165336609  Time: 1.2633106228895485
Epoch: 209  Train rel: 0.10018337321281433  Test rel: 0.0978921639919281  Test abs: 0.08093657553195953  Test abs boundary: 0.10084129989147186  Time: 1.2623356501571834
Epoch: 210  Train rel: 0.10022206723690033  Test rel: 0.09723493218421936  Test abs: 0.08041242957115173  Test abs boundary: 0.10039530634880066  Time: 1.262377005070448
Epoch: 211  Train rel: 0.10017675042152405  Test rel: 0.09713138163089752  Test abs: 0.08033557653427124  Test abs boundary: 0.1002992182970047  Time: 1.2620940068736672
Epoch: 212  Train rel: 0.1002451583147049  Test rel: 0.0978601622581482  Test abs: 0.08091309130191802  Test abs boundary: 0.10084129452705383  Time: 1.2630425561219454
Epoch: 213  Train rel: 0.10019490385055542  Test rel: 0.09749385952949524  Test abs: 0.0806213676929474  Test abs boundary: 0.10062023520469665  Time: 1.262300344184041
Epoch: 214  Train rel: 0.1001864869594574  Test rel: 0.09794373989105225  Test abs: 0.0809783273935318  Test abs boundary: 0.10074328184127808  Time: 1.262583731673658
Epoch: 215  Train rel: 0.10035835599899293  Test rel: 0.09738731503486633  Test abs: 0.08053723216056824  Test abs boundary: 0.10053147733211518  Time: 1.2618338838219643
Epoch: 216  Train rel: 0.1003501204252243  Test rel: 0.09753187537193299  Test abs: 0.08065147280693054  Test abs boundary: 0.10080759167671204  Time: 1.2605061973445117
Epoch: 217  Train rel: 0.10018480801582337  Test rel: 0.0974195021390915  Test abs: 0.08056081891059876  Test abs boundary: 0.10056151509284973  Time: 1.2617757781408727
Epoch: 218  Train rel: 0.10022288513183594  Test rel: 0.09786266207695007  Test abs: 0.08091631829738617  Test abs boundary: 0.10099505305290223  Time: 1.2602154770866036
Epoch: 219  Train rel: 0.10027824401855469  Test rel: 0.09724849164485931  Test abs: 0.08042997598648072  Test abs boundary: 0.10045592188835144  Time: 1.2610499639995396
Epoch: 220  Train rel: 0.10019395291805268  Test rel: 0.09716068744659424  Test abs: 0.08036179900169373  Test abs boundary: 0.10039431929588317  Time: 1.2612597397528589
Epoch: 221  Train rel: 0.10015850234031677  Test rel: 0.09744927287101746  Test abs: 0.08058168709278107  Test abs boundary: 0.10051321685314178  Time: 1.258654654957354
Epoch: 222  Train rel: 0.10016388988494873  Test rel: 0.09767277300357818  Test abs: 0.08076292395591736  Test abs boundary: 0.10061940670013428  Time: 1.2596910670399666
Epoch: 223  Train rel: 0.10021552670001983  Test rel: 0.0980093663930893  Test abs: 0.0810319459438324  Test abs boundary: 0.10102109789848328  Time: 1.2594180493615568
Epoch: 224  Train rel: 0.10021722054481506  Test rel: 0.09731678664684296  Test abs: 0.0804746389389038  Test abs boundary: 0.10029010772705078  Time: 1.2589397877454758
Epoch: 225  Train rel: 0.10020073294639588  Test rel: 0.09718391239643097  Test abs: 0.0803820013999939  Test abs boundary: 0.10035304546356201  Time: 1.257695288863033
Epoch: 226  Train rel: 0.10019730889797211  Test rel: 0.09731518685817718  Test abs: 0.08048158764839172  Test abs boundary: 0.10057250022888184  Time: 1.257238136138767
Epoch: 227  Train rel: 0.10021522831916808  Test rel: 0.09732161164283752  Test abs: 0.08048004746437072  Test abs boundary: 0.10035966098308563  Time: 1.2575707151554525
Epoch: 228  Train rel: 0.10021835160255432  Test rel: 0.09758504629135131  Test abs: 0.08069404602050781  Test abs boundary: 0.10056668996810914  Time: 1.2584352106787264
Epoch: 229  Train rel: 0.10013936734199524  Test rel: 0.09794146299362183  Test abs: 0.08097668945789337  Test abs boundary: 0.10084427773952484  Time: 1.2564671067520976
Epoch: 230  Train rel: 0.10028805994987487  Test rel: 0.09738191187381745  Test abs: 0.08052960276603699  Test abs boundary: 0.10050302267074585  Time: 1.2578109479509294
Epoch: 231  Train rel: 0.10024667525291443  Test rel: 0.0978400593996048  Test abs: 0.08089544653892516  Test abs boundary: 0.10087714612483978  Time: 1.2581315147690475
Epoch: 232  Train rel: 0.10023176002502442  Test rel: 0.09778360843658447  Test abs: 0.08084950089454651  Test abs boundary: 0.10057151079177856  Time: 1.2571936519816518
Epoch: 233  Train rel: 0.10026049697399139  Test rel: 0.09780688166618347  Test abs: 0.08087224900722503  Test abs boundary: 0.10090584874153137  Time: 1.2559146787971258
Epoch: 234  Train rel: 0.1002661623954773  Test rel: 0.0973562628030777  Test abs: 0.08051468074321746  Test abs boundary: 0.10056885123252869  Time: 1.2563397949561477
Epoch: 235  Train rel: 0.10022556471824647  Test rel: 0.0977799665927887  Test abs: 0.08084567248821259  Test abs boundary: 0.10062977313995361  Time: 1.256735066883266
Epoch: 236  Train rel: 0.10018079853057861  Test rel: 0.097657909989357  Test abs: 0.08074938297271729  Test abs boundary: 0.10065419614315033  Time: 1.258991698268801
Epoch: 237  Train rel: 0.10018753761053086  Test rel: 0.09729575634002685  Test abs: 0.08046563744544982  Test abs boundary: 0.10056856513023377  Time: 1.2581193577498198
Epoch: 238  Train rel: 0.10024364584684373  Test rel: 0.09745568215847016  Test abs: 0.08058674216270446  Test abs boundary: 0.10047340452671051  Time: 1.257445316761732
Epoch: 239  Train rel: 0.10019621694087982  Test rel: 0.09756523966789246  Test abs: 0.08067960619926452  Test abs boundary: 0.10068076491355896  Time: 1.257247410248965
Epoch: 240  Train rel: 0.10020941585302352  Test rel: 0.09742313623428345  Test abs: 0.08057165265083313  Test abs boundary: 0.10053788125514984  Time: 1.259301452897489
Epoch: 241  Train rel: 0.10017484188079834  Test rel: 0.0973801326751709  Test abs: 0.08052984595298768  Test abs boundary: 0.10048888623714447  Time: 1.2579841651022434
Epoch: 242  Train rel: 0.10018702024221421  Test rel: 0.09796823978424073  Test abs: 0.08100130677223205  Test abs boundary: 0.10094516515731812  Time: 1.2577349632047117
Epoch: 243  Train rel: 0.10019472616910935  Test rel: 0.09747661769390106  Test abs: 0.0806051528453827  Test abs boundary: 0.10053704738616943  Time: 1.2591865877620876
Epoch: 244  Train rel: 0.10018683362007141  Test rel: 0.09739593505859374  Test abs: 0.08054323792457581  Test abs boundary: 0.10045748233795165  Time: 1.2592327469028533
Epoch: 245  Train rel: 0.1001613084077835  Test rel: 0.09761262476444245  Test abs: 0.08071248054504394  Test abs boundary: 0.10064849853515626  Time: 1.2582167047075927
Epoch: 246  Train rel: 0.10015199381113052  Test rel: 0.09721472144126891  Test abs: 0.08040375709533691  Test abs boundary: 0.10037892460823059  Time: 1.2573829372413456
Epoch: 247  Train rel: 0.10030473959445953  Test rel: 0.09753498256206512  Test abs: 0.08065578699111939  Test abs boundary: 0.10061339497566223  Time: 1.258360787294805
Epoch: 248  Train rel: 0.10026660495996476  Test rel: 0.09728714406490326  Test abs: 0.08046522617340088  Test abs boundary: 0.10056184351444244  Time: 1.2576542580500245
Epoch: 249  Train rel: 0.10021370089054107  Test rel: 0.09750969588756561  Test abs: 0.08063502192497253  Test abs boundary: 0.10067711412906646  Time: 1.2593651791103184
Epoch: 250  Train rel: 0.10015122199058532  Test rel: 0.09717746794223786  Test abs: 0.08037703096866608  Test abs boundary: 0.10041470110416412  Time: 1.2594350422732532
Epoch: 251  Train rel: 0.10014483225345612  Test rel: 0.09749404549598693  Test abs: 0.08062349557876587  Test abs boundary: 0.10058622419834137  Time: 1.2592223519459367
Epoch: 252  Train rel: 0.10014075446128845  Test rel: 0.09709583520889283  Test abs: 0.0803130304813385  Test abs boundary: 0.10037244141101836  Time: 1.2586871818639338
Epoch: 253  Train rel: 0.10019565987586974  Test rel: 0.09725401341915131  Test abs: 0.08043107986450196  Test abs boundary: 0.10042551279067993  Time: 1.260629271157086
Epoch: 254  Train rel: 0.10022171759605408  Test rel: 0.09736891090869904  Test abs: 0.08052097082138061  Test abs boundary: 0.10055801570415497  Time: 1.2600777768529952
Epoch: 255  Train rel: 0.10016893386840821  Test rel: 0.09734272718429565  Test abs: 0.08050442457199097  Test abs boundary: 0.10065837621688843  Time: 1.258268777281046
Epoch: 256  Train rel: 0.10017057180404663  Test rel: 0.09747429430484772  Test abs: 0.08060535609722137  Test abs boundary: 0.10047799408435822  Time: 1.2603602488525212
Epoch: 257  Train rel: 0.1001895505785942  Test rel: 0.09770211458206177  Test abs: 0.08078806400299073  Test abs boundary: 0.10073802590370179  Time: 1.2606752370484173
Epoch: 258  Train rel: 0.10016676151752472  Test rel: 0.09747764229774475  Test abs: 0.08061030507087708  Test abs boundary: 0.10063598453998565  Time: 1.260108259972185
Epoch: 259  Train rel: 0.10018013715744019  Test rel: 0.09732528865337371  Test abs: 0.08049182653427124  Test abs boundary: 0.10053377032279968  Time: 1.2608371591195464
Epoch: 260  Train rel: 0.10013060605525971  Test rel: 0.09727914810180664  Test abs: 0.08045105814933777  Test abs boundary: 0.10042546212673187  Time: 1.2635984048247337
Epoch: 261  Train rel: 0.10023823672533036  Test rel: 0.09733081102371216  Test abs: 0.08049281179904938  Test abs boundary: 0.10055209994316101  Time: 1.26487866230309
Epoch: 262  Train rel: 0.10020590740442276  Test rel: 0.09723217129707336  Test abs: 0.08042014360427857  Test abs boundary: 0.10055334329605102  Time: 1.263816260267049
Epoch: 263  Train rel: 0.10026235127449036  Test rel: 0.09729579389095307  Test abs: 0.08046907544136048  Test abs boundary: 0.1005883550643921  Time: 1.2650730898603797
Epoch: 264  Train rel: 0.10017390114068984  Test rel: 0.09732838571071625  Test abs: 0.0804864913225174  Test abs boundary: 0.10035716772079467  Time: 1.2633149260655046
Epoch: 265  Train rel: 0.10019406247138977  Test rel: 0.09725206017494202  Test abs: 0.08042619109153748  Test abs boundary: 0.10030685544013977  Time: 1.2623692974448204
Epoch: 266  Train rel: 0.1001577752828598  Test rel: 0.09752801716327668  Test abs: 0.08064949810504914  Test abs boundary: 0.10069001078605652  Time: 1.2628884906880558
Epoch: 267  Train rel: 0.10018718457221985  Test rel: 0.09733694016933442  Test abs: 0.080495063662529  Test abs boundary: 0.10048415660858154  Time: 1.2633258211426437
Epoch: 268  Train rel: 0.10015977954864502  Test rel: 0.09757229626178741  Test abs: 0.08068275630474091  Test abs boundary: 0.1006473708152771  Time: 1.2638330580666661
Epoch: 269  Train rel: 0.10016731655597687  Test rel: 0.09710756301879883  Test abs: 0.08032134473323822  Test abs boundary: 0.1002041357755661  Time: 1.2623344361782074
Epoch: 270  Train rel: 0.10019642066955567  Test rel: 0.09740815639495849  Test abs: 0.08054954648017883  Test abs boundary: 0.10044013142585755  Time: 1.2636327696964145
Epoch: 271  Train rel: 0.10014216494560242  Test rel: 0.09764814734458924  Test abs: 0.08074415147304535  Test abs boundary: 0.10072077393531799  Time: 1.2631741487421095
Epoch: 272  Train rel: 0.10018953967094421  Test rel: 0.09746474921703338  Test abs: 0.08059646427631378  Test abs boundary: 0.1006031358242035  Time: 1.2634525331668556
Epoch: 273  Train rel: 0.10017661917209625  Test rel: 0.09724128842353821  Test abs: 0.08042081236839295  Test abs boundary: 0.10036868393421174  Time: 1.263104653917253
Epoch: 274  Train rel: 0.10014939785003663  Test rel: 0.09715816140174866  Test abs: 0.08035739719867706  Test abs boundary: 0.10030484199523926  Time: 1.2633513850159943
Epoch: 275  Train rel: 0.10022241449356079  Test rel: 0.09720361351966858  Test abs: 0.08039559721946717  Test abs boundary: 0.1004485696554184  Time: 1.2642190060578287
Epoch: 276  Train rel: 0.1001645302772522  Test rel: 0.09721361339092255  Test abs: 0.08039499044418336  Test abs boundary: 0.10028118312358857  Time: 1.2660929411649704
Epoch: 277  Train rel: 0.10013529115915298  Test rel: 0.0971704089641571  Test abs: 0.0803715342283249  Test abs boundary: 0.10039598882198333  Time: 1.2646209709346294
Epoch: 278  Train rel: 0.1001747545003891  Test rel: 0.09731111526489258  Test abs: 0.08047708988189697  Test abs boundary: 0.10044872283935546  Time: 1.2643761755898595
Epoch: 279  Train rel: 0.10018545323610306  Test rel: 0.09766620695590973  Test abs: 0.08075864851474762  Test abs boundary: 0.10081795811653137  Time: 1.2658054260537028
Epoch: 280  Train rel: 0.10015702867507935  Test rel: 0.0974222493171692  Test abs: 0.08056075751781464  Test abs boundary: 0.10044673860073089  Time: 1.2659312589094043
Epoch: 281  Train rel: 0.10021399128437042  Test rel: 0.09722122490406036  Test abs: 0.08041211724281311  Test abs boundary: 0.10041557788848877  Time: 1.2634172826074064
Epoch: 282  Train rel: 0.10017953145503998  Test rel: 0.09722448706626892  Test abs: 0.0804036808013916  Test abs boundary: 0.10032843232154846  Time: 1.2651822953484952
Epoch: 283  Train rel: 0.10013142788410187  Test rel: 0.0974134612083435  Test abs: 0.0805570912361145  Test abs boundary: 0.10046538710594177  Time: 1.265403148252517
Epoch: 284  Train rel: 0.10011986839771271  Test rel: 0.09715803027153015  Test abs: 0.08035635650157928  Test abs boundary: 0.10030274450778962  Time: 1.268739293795079
Epoch: 285  Train rel: 0.10016348612308502  Test rel: 0.09732975721359254  Test abs: 0.08048834323883057  Test abs boundary: 0.10038500905036926  Time: 1.2687741229310632
Epoch: 286  Train rel: 0.10013204765319825  Test rel: 0.09791536569595337  Test abs: 0.08095733046531678  Test abs boundary: 0.1008516377210617  Time: 1.266902597155422
Epoch: 287  Train rel: 0.10016489446163178  Test rel: 0.09714494824409485  Test abs: 0.08034329235553742  Test abs boundary: 0.10032976984977722  Time: 1.2659527631476521
Epoch: 288  Train rel: 0.10017487180233002  Test rel: 0.09713253974914551  Test abs: 0.08034213542938233  Test abs boundary: 0.10028303980827331  Time: 1.2668241560459137
Epoch: 289  Train rel: 0.10016028726100921  Test rel: 0.09745575845241547  Test abs: 0.08058704078197479  Test abs boundary: 0.10049919366836547  Time: 1.2670643939636648
Epoch: 290  Train rel: 0.10017095410823822  Test rel: 0.097712162733078  Test abs: 0.08079608261585236  Test abs boundary: 0.1008367645740509  Time: 1.2678197799250484
Epoch: 291  Train rel: 0.10019206476211548  Test rel: 0.09724516808986663  Test abs: 0.08042819440364837  Test abs boundary: 0.10044562220573425  Time: 1.2679318231530488
Epoch: 292  Train rel: 0.10014603447914124  Test rel: 0.09760461211204528  Test abs: 0.08071212649345398  Test abs boundary: 0.10074016809463501  Time: 1.268691732082516
Epoch: 293  Train rel: 0.10017517387866974  Test rel: 0.09718374252319335  Test abs: 0.08037274599075317  Test abs boundary: 0.1003038489818573  Time: 1.2669264702126384
Epoch: 294  Train rel: 0.10024503755569458  Test rel: 0.09749835193157196  Test abs: 0.08062527298927308  Test abs boundary: 0.10067178666591645  Time: 1.2681064908392727
Epoch: 295  Train rel: 0.10020101654529572  Test rel: 0.09744926393032075  Test abs: 0.08058960437774658  Test abs boundary: 0.10065030574798584  Time: 1.26908540725708
Epoch: 296  Train rel: 0.1001900829076767  Test rel: 0.09735355496406556  Test abs: 0.08050942242145538  Test abs boundary: 0.1004750245809555  Time: 1.2715306729078293
Epoch: 297  Train rel: 0.10013618332147599  Test rel: 0.0972973906993866  Test abs: 0.08046217322349548  Test abs boundary: 0.10032567977905274  Time: 1.2738734120503068
Epoch: 298  Train rel: 0.10013317084312438  Test rel: 0.09768998861312866  Test abs: 0.0807770025730133  Test abs boundary: 0.1006958931684494  Time: 1.2736860429868102
Epoch: 299  Train rel: 0.1001824893951416  Test rel: 0.09736718714237214  Test abs: 0.08052110016345977  Test abs boundary: 0.10051087319850921  Time: 1.2711328989826143
Epoch: 300  Train rel: 0.10016562390327453  Test rel: 0.09716458082199096  Test abs: 0.08036366105079651  Test abs boundary: 0.10030763447284699  Time: 1.2728792200796306
Epoch: 301  Train rel: 0.10019174706935882  Test rel: 0.09725201666355134  Test abs: 0.08043071210384369  Test abs boundary: 0.10042459130287171  Time: 1.2710643857717514
Epoch: 302  Train rel: 0.10013864743709565  Test rel: 0.09737212300300598  Test abs: 0.0805250769853592  Test abs boundary: 0.10053786516189575  Time: 1.275478574912995
Epoch: 303  Train rel: 0.10016951847076416  Test rel: 0.09765503287315369  Test abs: 0.08074655294418336  Test abs boundary: 0.10058670043945313  Time: 1.2720871376805007
Epoch: 304  Train rel: 0.10019394552707672  Test rel: 0.09728513002395629  Test abs: 0.08045548141002655  Test abs boundary: 0.10042772948741913  Time: 1.2734097968786955
Epoch: 305  Train rel: 0.10018952643871307  Test rel: 0.0975401920080185  Test abs: 0.08065550804138183  Test abs boundary: 0.1005802685022354  Time: 1.2724570399150252
Epoch: 306  Train rel: 0.10018463557958603  Test rel: 0.09751173615455627  Test abs: 0.08063448667526245  Test abs boundary: 0.10058977663516998  Time: 1.2746532382443547
Epoch: 307  Train rel: 0.10011183035373687  Test rel: 0.09712831020355224  Test abs: 0.08033060610294342  Test abs boundary: 0.10021072864532471  Time: 1.2731368700042367
Epoch: 308  Train rel: 0.10018234157562256  Test rel: 0.09745244026184081  Test abs: 0.08058476567268372  Test abs boundary: 0.10044574379920959  Time: 1.270272355992347
Epoch: 309  Train rel: 0.10010548740625382  Test rel: 0.09731750905513764  Test abs: 0.08048240303993225  Test abs boundary: 0.10048199534416198  Time: 1.2701714797876775
Epoch: 310  Train rel: 0.10013557100296021  Test rel: 0.09743680119514465  Test abs: 0.08057247817516328  Test abs boundary: 0.10043854176998139  Time: 1.2715258449316025
Epoch: 311  Train rel: 0.10013998222351074  Test rel: 0.09725285768508911  Test abs: 0.08043301641941071  Test abs boundary: 0.1004230284690857  Time: 1.268221375066787
Epoch: 312  Train rel: 0.10015459406375884  Test rel: 0.09740451872348785  Test abs: 0.08055198192596436  Test abs boundary: 0.10051994979381561  Time: 1.2671875851228833
Epoch: 313  Train rel: 0.10011744141578674  Test rel: 0.09786750614643097  Test abs: 0.08091802120208741  Test abs boundary: 0.10079319536685943  Time: 1.267494071740657
Epoch: 314  Train rel: 0.10017022812366486  Test rel: 0.0971655648946762  Test abs: 0.08036365628242492  Test abs boundary: 0.10028388023376465  Time: 1.266174681019038
Epoch: 315  Train rel: 0.10015966957807541  Test rel: 0.09712226390838623  Test abs: 0.08033166110515594  Test abs boundary: 0.1002832716703415  Time: 1.2671997621655464
Epoch: 316  Train rel: 0.10015590119361878  Test rel: 0.09721265614032745  Test abs: 0.08039988815784455  Test abs boundary: 0.10031506359577179  Time: 1.2656202586367726
Epoch: 317  Train rel: 0.1002010953426361  Test rel: 0.09744915902614594  Test abs: 0.08058644890785217  Test abs boundary: 0.1005678915977478  Time: 1.265599261969328
Epoch: 318  Train rel: 0.10013568973541259  Test rel: 0.09722598791122436  Test abs: 0.08040967583656311  Test abs boundary: 0.10038196444511413  Time: 1.2634386573918164
Epoch: 319  Train rel: 0.10011394226551056  Test rel: 0.09736649215221405  Test abs: 0.08051860809326172  Test abs boundary: 0.10051829874515533  Time: 1.2642831359989941
Epoch: 320  Train rel: 0.1001962412595749  Test rel: 0.09721731007099152  Test abs: 0.08040144324302673  Test abs boundary: 0.1003583163022995  Time: 1.2655602926388383
Epoch: 321  Train rel: 0.10014010143280029  Test rel: 0.09730523586273193  Test abs: 0.08047126173973083  Test abs boundary: 0.10046971440315247  Time: 1.2665307139977813
Epoch: 322  Train rel: 0.10014560484886169  Test rel: 0.09722756326198578  Test abs: 0.08041520059108734  Test abs boundary: 0.10045594394207001  Time: 1.2644850010983646
Epoch: 323  Train rel: 0.10014664447307586  Test rel: 0.09737322270870209  Test abs: 0.08052364587783814  Test abs boundary: 0.10047663748264313  Time: 1.2632539169862866
Epoch: 324  Train rel: 0.10010679697990417  Test rel: 0.09726090312004089  Test abs: 0.08043753027915955  Test abs boundary: 0.10044818282127381  Time: 1.2640886642038822
Epoch: 325  Train rel: 0.10011811459064483  Test rel: 0.09723726272583008  Test abs: 0.08041351318359374  Test abs boundary: 0.10027272820472717  Time: 1.261951585765928
Epoch: 326  Train rel: 0.10011470210552216  Test rel: 0.09724223732948303  Test abs: 0.08042004406452179  Test abs boundary: 0.10036010921001434  Time: 1.2615401758812368
Epoch: 327  Train rel: 0.10013955372571945  Test rel: 0.09726478457450867  Test abs: 0.08043581664562226  Test abs boundary: 0.10032553970813751  Time: 1.2657121112570167
Epoch: 328  Train rel: 0.10012340259552002  Test rel: 0.0975409483909607  Test abs: 0.08065674781799316  Test abs boundary: 0.10061706781387329  Time: 1.2598724099807441
Epoch: 329  Train rel: 0.1001282216310501  Test rel: 0.09726915836334228  Test abs: 0.08044509172439575  Test abs boundary: 0.10043981969356537  Time: 1.2609675540588796
Epoch: 330  Train rel: 0.10010672509670257  Test rel: 0.09721221566200257  Test abs: 0.08039819836616516  Test abs boundary: 0.10031869292259216  Time: 1.2628624900244176
Epoch: 331  Train rel: 0.1001257513165474  Test rel: 0.09730627715587616  Test abs: 0.08047218561172485  Test abs boundary: 0.10051484167575836  Time: 1.2606821516528726
Epoch: 332  Train rel: 0.10017532408237458  Test rel: 0.09726385176181793  Test abs: 0.08043862700462341  Test abs boundary: 0.10039474308490753  Time: 1.258192686829716
Epoch: 333  Train rel: 0.10011019843816757  Test rel: 0.09732901632785797  Test abs: 0.08048864006996155  Test abs boundary: 0.10043862640857697  Time: 1.2571226716972888
Epoch: 334  Train rel: 0.10015702104568482  Test rel: 0.09749523401260377  Test abs: 0.08061978816986085  Test abs boundary: 0.10053017437458038  Time: 1.2580591039732099
Epoch: 335  Train rel: 0.1001131557226181  Test rel: 0.09740315854549408  Test abs: 0.08054693460464478  Test abs boundary: 0.10048047065734864  Time: 1.2630598857067525
Epoch: 336  Train rel: 0.1001256707906723  Test rel: 0.09745748281478882  Test abs: 0.08058937013149262  Test abs boundary: 0.10053467035293578  Time: 1.2587745627388358
Epoch: 337  Train rel: 0.10011875867843628  Test rel: 0.09736903727054597  Test abs: 0.08051882982254029  Test abs boundary: 0.10044269025325775  Time: 1.2612060010433197
Epoch: 338  Train rel: 0.10008876889944077  Test rel: 0.09732997536659241  Test abs: 0.08049041271209717  Test abs boundary: 0.10042401015758515  Time: 1.2565075056627393
Epoch: 339  Train rel: 0.10012403947114945  Test rel: 0.09751135230064392  Test abs: 0.08063494324684144  Test abs boundary: 0.10063367545604705  Time: 1.2572564049623907
Epoch: 340  Train rel: 0.10007931607961655  Test rel: 0.0971524578332901  Test abs: 0.08035161137580872  Test abs boundary: 0.1002994406223297  Time: 1.2576901810243726
Epoch: 341  Train rel: 0.10015683102607727  Test rel: 0.09719752311706543  Test abs: 0.08038539290428162  Test abs boundary: 0.10028319895267486  Time: 1.2564593120478094
Epoch: 342  Train rel: 0.10011488568782806  Test rel: 0.09719047844409942  Test abs: 0.08038041472434998  Test abs boundary: 0.10032980561256409  Time: 1.2574795428663492
Epoch: 343  Train rel: 0.10010600829124451  Test rel: 0.09740050196647644  Test abs: 0.08054356694221497  Test abs boundary: 0.10052262187004089  Time: 1.2550631170161068
Epoch: 344  Train rel: 0.1000787374973297  Test rel: 0.09716759204864502  Test abs: 0.08036496937274933  Test abs boundary: 0.10028959453105926  Time: 1.2585887806490064
Epoch: 345  Train rel: 0.10011713588237763  Test rel: 0.0973829424381256  Test abs: 0.08053109109401703  Test abs boundary: 0.10048236668109894  Time: 1.258046275936067
Epoch: 346  Train rel: 0.10010959911346436  Test rel: 0.09724102437496185  Test abs: 0.08042068541049957  Test abs boundary: 0.10034604847431183  Time: 1.254747464787215
Epoch: 347  Train rel: 0.10008680176734924  Test rel: 0.09747880280017852  Test abs: 0.08060522377490997  Test abs boundary: 0.1004886519908905  Time: 1.2562717199325562
Epoch: 348  Train rel: 0.10009057247638703  Test rel: 0.0972793310880661  Test abs: 0.0804496681690216  Test abs boundary: 0.1003778874874115  Time: 1.2558893370442092
Epoch: 349  Train rel: 0.10008737480640412  Test rel: 0.0973801600933075  Test abs: 0.0805274373292923  Test abs boundary: 0.10043809473514557  Time: 1.2556530400179327
Epoch: 350  Train rel: 0.1000702838897705  Test rel: 0.09724348783493042  Test abs: 0.08042164564132691  Test abs boundary: 0.10034796178340911  Time: 1.2562514645978808
Epoch: 351  Train rel: 0.10009009075164794  Test rel: 0.09731802761554718  Test abs: 0.08048067510128021  Test abs boundary: 0.1004328954219818  Time: 1.2576401960104704
Epoch: 352  Train rel: 0.10008539414405823  Test rel: 0.09740460276603699  Test abs: 0.08054685831069947  Test abs boundary: 0.10047975599765778  Time: 1.2571018091402948
Epoch: 353  Train rel: 0.10013312327861786  Test rel: 0.0973072338104248  Test abs: 0.08047191679477692  Test abs boundary: 0.10047012090682983  Time: 1.2567278840579093
Epoch: 354  Train rel: 0.10009392833709717  Test rel: 0.09720103561878204  Test abs: 0.08039131164550781  Test abs boundary: 0.10037399470806121  Time: 1.2567228199914098
Epoch: 355  Train rel: 0.10009316200017929  Test rel: 0.09760915994644165  Test abs: 0.08071030139923095  Test abs boundary: 0.1006228244304657  Time: 1.2581593049690127
Epoch: 356  Train rel: 0.1000735148191452  Test rel: 0.09727186441421509  Test abs: 0.08044416546821594  Test abs boundary: 0.10035287737846374  Time: 1.2568813101388514
Epoch: 357  Train rel: 0.10007926094532013  Test rel: 0.09736438810825349  Test abs: 0.08051557004451752  Test abs boundary: 0.10046580731868744  Time: 1.2566438410431147
Epoch: 358  Train rel: 0.10009997630119324  Test rel: 0.09751131772994995  Test abs: 0.08063057482242585  Test abs boundary: 0.10049508094787597  Time: 1.2552632289007306
Epoch: 359  Train rel: 0.10008733421564102  Test rel: 0.0972691684961319  Test abs: 0.08044016838073731  Test abs boundary: 0.10033463716506957  Time: 1.2563560381531715
Epoch: 360  Train rel: 0.10008739852905274  Test rel: 0.09727190017700195  Test abs: 0.08044307947158813  Test abs boundary: 0.10035488367080689  Time: 1.2569672339595854
Epoch: 361  Train rel: 0.10009249258041382  Test rel: 0.09735541701316834  Test abs: 0.08051000654697418  Test abs boundary: 0.1004442822933197  Time: 1.2580167576670647
Epoch: 362  Train rel: 0.10010014069080353  Test rel: 0.09720215439796448  Test abs: 0.08039221286773682  Test abs boundary: 0.10038100242614746  Time: 1.257229092065245
Epoch: 363  Train rel: 0.10009157091379166  Test rel: 0.097400261759758  Test abs: 0.08054251551628112  Test abs boundary: 0.10042506933212281  Time: 1.2586427452042699
Epoch: 364  Train rel: 0.10009164959192277  Test rel: 0.09723964035511017  Test abs: 0.08041859269142151  Test abs boundary: 0.10035794913768768  Time: 1.2586326841264963
Epoch: 365  Train rel: 0.10007642918825149  Test rel: 0.09747184872627258  Test abs: 0.08059942483901977  Test abs boundary: 0.10046398997306824  Time: 1.2562760151922703
Epoch: 366  Train rel: 0.10008279955387116  Test rel: 0.09729517817497253  Test abs: 0.08046232700347901  Test abs boundary: 0.1004248833656311  Time: 1.258327656891197
Epoch: 367  Train rel: 0.10009572142362595  Test rel: 0.09719464063644409  Test abs: 0.08038275182247162  Test abs boundary: 0.10030322790145874  Time: 1.2580564273521304
Epoch: 368  Train rel: 0.10009926533699036  Test rel: 0.09732392489910126  Test abs: 0.08048413038253784  Test abs boundary: 0.1004331225156784  Time: 1.258557662833482
Epoch: 369  Train rel: 0.10007284224033355  Test rel: 0.09734397828578949  Test abs: 0.08050030708312989  Test abs boundary: 0.1004435795545578  Time: 1.257715645711869
Epoch: 370  Train rel: 0.10006487190723419  Test rel: 0.0971816372871399  Test abs: 0.08037512660026551  Test abs boundary: 0.10033045768737793  Time: 1.258516007103026
Epoch: 371  Train rel: 0.10012024188041688  Test rel: 0.09745236992835998  Test abs: 0.0805857253074646  Test abs boundary: 0.10054427146911621  Time: 1.2599193267524242
Epoch: 372  Train rel: 0.10006677067279815  Test rel: 0.09723516464233399  Test abs: 0.08041528224945069  Test abs boundary: 0.10035035192966461  Time: 1.2591617619618773
Epoch: 373  Train rel: 0.10007941699028015  Test rel: 0.09728700757026672  Test abs: 0.08045379519462585  Test abs boundary: 0.10036057412624359  Time: 1.2593922610394657
Epoch: 374  Train rel: 0.10008203125  Test rel: 0.09723469257354736  Test abs: 0.08041559278964996  Test abs boundary: 0.10034743070602417  Time: 1.2587729911319911
Epoch: 375  Train rel: 0.10012563627958297  Test rel: 0.09740644693374634  Test abs: 0.0805492353439331  Test abs boundary: 0.10050417006015777  Time: 1.2582525671459734
Epoch: 376  Train rel: 0.10008245754241943  Test rel: 0.0973302310705185  Test abs: 0.08048991322517395  Test abs boundary: 0.10041676580905914  Time: 1.258141036145389
Epoch: 377  Train rel: 0.10007877600193024  Test rel: 0.09736246824264526  Test abs: 0.08051285266876221  Test abs boundary: 0.1003977507352829  Time: 1.259711351711303
Epoch: 378  Train rel: 0.10007828688621521  Test rel: 0.09733632445335388  Test abs: 0.080493745803833  Test abs boundary: 0.10042969584465027  Time: 1.2585652638226748
Epoch: 379  Train rel: 0.10012012648582458  Test rel: 0.0973689603805542  Test abs: 0.08052105188369751  Test abs boundary: 0.10055709958076477  Time: 1.262000530026853
Epoch: 380  Train rel: 0.10009267663955689  Test rel: 0.0972727906703949  Test abs: 0.08044457197189331  Test abs boundary: 0.10040186643600464  Time: 1.265146903693676
Epoch: 381  Train rel: 0.10008394920825958  Test rel: 0.09719196796417236  Test abs: 0.08038296341896058  Test abs boundary: 0.10033734679222107  Time: 1.2617963417433202
Epoch: 382  Train rel: 0.10006538957357407  Test rel: 0.09734430074691773  Test abs: 0.08050013184547425  Test abs boundary: 0.10042234182357788  Time: 1.2613185048103333
Epoch: 383  Train rel: 0.10006504595279693  Test rel: 0.09734437584877015  Test abs: 0.08049907207489014  Test abs boundary: 0.10037890076637268  Time: 1.261191913858056
Epoch: 384  Train rel: 0.10009756910800933  Test rel: 0.09725048005580902  Test abs: 0.08042630672454834  Test abs boundary: 0.10034991145133972  Time: 1.2656912747770548
Epoch: 385  Train rel: 0.1000604852437973  Test rel: 0.09740678012371064  Test abs: 0.0805482268333435  Test abs boundary: 0.10044090270996094  Time: 1.2636558879166842
Epoch: 386  Train rel: 0.10007784771919251  Test rel: 0.09736227691173553  Test abs: 0.08051392436027527  Test abs boundary: 0.10043796062469483  Time: 1.2621318059973419
Epoch: 387  Train rel: 0.10007144647836685  Test rel: 0.09738269746303559  Test abs: 0.08052979946136475  Test abs boundary: 0.10045289278030395  Time: 1.2624989179894328
Epoch: 388  Train rel: 0.10007039844989776  Test rel: 0.09737870693206788  Test abs: 0.08052757799625397  Test abs boundary: 0.10041382551193237  Time: 1.2620464242063463
Epoch: 389  Train rel: 0.1000831538438797  Test rel: 0.09739824295043946  Test abs: 0.08054166913032532  Test abs boundary: 0.10044518053531647  Time: 1.2632471430115402
Epoch: 390  Train rel: 0.10007366609573365  Test rel: 0.09729196906089782  Test abs: 0.08045891523361207  Test abs boundary: 0.10036388397216797  Time: 1.2630365528166294
Epoch: 391  Train rel: 0.1000723524093628  Test rel: 0.09738449692726135  Test abs: 0.08053160667419433  Test abs boundary: 0.10048504173755646  Time: 1.2625637650489807
Epoch: 392  Train rel: 0.10005999505519866  Test rel: 0.09731809437274933  Test abs: 0.08047947824001313  Test abs boundary: 0.1003955715894699  Time: 1.2639757245779037
Epoch: 393  Train rel: 0.10006389832496643  Test rel: 0.09726430594921112  Test abs: 0.08043662190437317  Test abs boundary: 0.10033905982971192  Time: 1.2622438198886812
Epoch: 394  Train rel: 0.10007188129425049  Test rel: 0.09722918391227722  Test abs: 0.08041032314300538  Test abs boundary: 0.10031696438789367  Time: 1.2629626980051398
Epoch: 395  Train rel: 0.10005344843864442  Test rel: 0.09734991371631622  Test abs: 0.08050387978553772  Test abs boundary: 0.10041530787944794  Time: 1.263694180175662
Epoch: 396  Train rel: 0.10005662560462952  Test rel: 0.09731212019920349  Test abs: 0.08047353863716125  Test abs boundary: 0.10038397789001464  Time: 1.2634166642092168
Epoch: 397  Train rel: 0.1000614926815033  Test rel: 0.09735858082771301  Test abs: 0.0805102288722992  Test abs boundary: 0.10041688084602356  Time: 1.263253716751933
Epoch: 398  Train rel: 0.10005710858106613  Test rel: 0.09733683824539184  Test abs: 0.08049332022666932  Test abs boundary: 0.1004051411151886  Time: 1.2625976102426648
Epoch: 399  Train rel: 0.1000576765537262  Test rel: 0.09734821975231171  Test abs: 0.0805027025938034  Test abs boundary: 0.10038954019546509  Time: 1.2635533609427512
Epoch: 400  Train rel: 0.10005644106864929  Test rel: 0.09727784931659698  Test abs: 0.08044868528842926  Test abs boundary: 0.10039200305938721  Time: 1.2641670340672135
Epoch: 401  Train rel: 0.10008714139461518  Test rel: 0.09731691241264344  Test abs: 0.08047732055187225  Test abs boundary: 0.10038070619106293  Time: 1.2649964489974082
Epoch: 402  Train rel: 0.10009343957901001  Test rel: 0.09724838495254516  Test abs: 0.08042726635932923  Test abs boundary: 0.10039994835853577  Time: 1.2685745139606297
Epoch: 403  Train rel: 0.10007641792297363  Test rel: 0.09735648691654206  Test abs: 0.08050859332084656  Test abs boundary: 0.1003937441110611  Time: 1.2661435827612877
Epoch: 404  Train rel: 0.10005682635307311  Test rel: 0.09729812562465667  Test abs: 0.0804627799987793  Test abs boundary: 0.10038060367107392  Time: 1.2645892491564155
Epoch: 405  Train rel: 0.10006448101997376  Test rel: 0.09737656176090241  Test abs: 0.08052529990673066  Test abs boundary: 0.10043925642967225  Time: 1.2634298307821155
Epoch: 406  Train rel: 0.10005051004886627  Test rel: 0.09728687465190887  Test abs: 0.0804548978805542  Test abs boundary: 0.10037686467170716  Time: 1.2638609963469207
Epoch: 407  Train rel: 0.10005257058143616  Test rel: 0.0972676157951355  Test abs: 0.08043915450572968  Test abs boundary: 0.10035462141036987  Time: 1.266795399133116
Epoch: 408  Train rel: 0.10004908233880996  Test rel: 0.09732731938362121  Test abs: 0.08048684537410736  Test abs boundary: 0.10040712773799897  Time: 1.270614474080503
Epoch: 409  Train rel: 0.10006504583358765  Test rel: 0.09739551663398743  Test abs: 0.08053993701934814  Test abs boundary: 0.10044588506221772  Time: 1.2653716308996081
Epoch: 410  Train rel: 0.10005172353982926  Test rel: 0.0972885924577713  Test abs: 0.08045587420463562  Test abs boundary: 0.10037128984928131  Time: 1.2639832790009677
Epoch: 411  Train rel: 0.10006246393918991  Test rel: 0.09729207873344421  Test abs: 0.08045806884765624  Test abs boundary: 0.10034769833087921  Time: 1.2673392449505627
Epoch: 412  Train rel: 0.10006112962961197  Test rel: 0.09734437704086303  Test abs: 0.08049953997135162  Test abs boundary: 0.10041850209236144  Time: 1.2658958109095693
Epoch: 413  Train rel: 0.1000624371767044  Test rel: 0.09731457114219666  Test abs: 0.08047599613666534  Test abs boundary: 0.10037304818630219  Time: 1.2667350759729743
Epoch: 414  Train rel: 0.10006395077705384  Test rel: 0.0973540985584259  Test abs: 0.08050682365894318  Test abs boundary: 0.10041924238204956  Time: 1.2665984071791172
Epoch: 415  Train rel: 0.10006442165374756  Test rel: 0.09733195960521698  Test abs: 0.08048949301242829  Test abs boundary: 0.10040512084960937  Time: 1.2654204298742115
Epoch: 416  Train rel: 0.1000511726140976  Test rel: 0.09728891611099243  Test abs: 0.08045636117458344  Test abs boundary: 0.10038305878639221  Time: 1.2662124261260033
Epoch: 417  Train rel: 0.10006480944156647  Test rel: 0.09730262339115142  Test abs: 0.08046639382839203  Test abs boundary: 0.10036293506622314  Time: 1.2707174718379974
Epoch: 418  Train rel: 0.10004905939102172  Test rel: 0.09731064081192016  Test abs: 0.08047387719154359  Test abs boundary: 0.10040044546127319  Time: 1.2671463740989566
Epoch: 419  Train rel: 0.10006967902183533  Test rel: 0.0972947746515274  Test abs: 0.08046197414398193  Test abs boundary: 0.10042668223381042  Time: 1.26815201388672
Epoch: 420  Train rel: 0.10007334357500076  Test rel: 0.09736600279808044  Test abs: 0.08051643013954163  Test abs boundary: 0.10042266428470611  Time: 1.2672407259233296
Epoch: 421  Train rel: 0.10005919206142426  Test rel: 0.09726087987422943  Test abs: 0.08043512046337127  Test abs boundary: 0.10036913752555847  Time: 1.2666757181286812
Epoch: 422  Train rel: 0.10005713647603989  Test rel: 0.09727485299110412  Test abs: 0.08044438660144806  Test abs boundary: 0.10034934341907502  Time: 1.268042383249849
Epoch: 423  Train rel: 0.10005112540721893  Test rel: 0.09728785634040832  Test abs: 0.08045517206192017  Test abs boundary: 0.10035763144493103  Time: 1.267432519234717
Epoch: 424  Train rel: 0.1000612000823021  Test rel: 0.0973281192779541  Test abs: 0.08048677802085877  Test abs boundary: 0.10039052426815033  Time: 1.2694585109129548
Epoch: 425  Train rel: 0.10004897570610047  Test rel: 0.09732709646224975  Test abs: 0.08048598229885101  Test abs boundary: 0.10040591955184937  Time: 1.267834189813584
Epoch: 426  Train rel: 0.1000722917318344  Test rel: 0.09734451532363891  Test abs: 0.08050070405006408  Test abs boundary: 0.10041175365447998  Time: 1.2683769660070539
Epoch: 427  Train rel: 0.10005426037311554  Test rel: 0.09729318976402283  Test abs: 0.08045937299728394  Test abs boundary: 0.10038485646247863  Time: 1.269414798822254
Epoch: 428  Train rel: 0.10004906308650971  Test rel: 0.09726399719715119  Test abs: 0.08043654561042786  Test abs boundary: 0.10033883094787598  Time: 1.267832653131336
Epoch: 429  Train rel: 0.10004423654079438  Test rel: 0.09730047941207885  Test abs: 0.08046545743942261  Test abs boundary: 0.1003814423084259  Time: 1.2686648918315768
Epoch: 430  Train rel: 0.10005722421407699  Test rel: 0.0973526644706726  Test abs: 0.08050615549087524  Test abs boundary: 0.10041907727718354  Time: 1.2678947909735143
Epoch: 431  Train rel: 0.10004117703437805  Test rel: 0.09724631309509277  Test abs: 0.08042301297187805  Test abs boundary: 0.10033685564994813  Time: 1.2698950078338385
Epoch: 432  Train rel: 0.10004571712017059  Test rel: 0.09729624271392823  Test abs: 0.08046209871768951  Test abs boundary: 0.10037753343582154  Time: 1.2680613631382585
Epoch: 433  Train rel: 0.10003834092617035  Test rel: 0.09727468311786652  Test abs: 0.08044456720352172  Test abs boundary: 0.10034862458705902  Time: 1.2666805060580373
Epoch: 434  Train rel: 0.10004631125926972  Test rel: 0.09724837720394135  Test abs: 0.08042402267456054  Test abs boundary: 0.1003266304731369  Time: 1.269283243920654
Epoch: 435  Train rel: 0.10004843831062317  Test rel: 0.09730689644813538  Test abs: 0.0804699158668518  Test abs boundary: 0.10037757217884063  Time: 1.2686007539741695
Epoch: 436  Train rel: 0.10004356133937836  Test rel: 0.09731782138347626  Test abs: 0.08047851741313934  Test abs boundary: 0.10039025783538819  Time: 1.268094914034009
Epoch: 437  Train rel: 0.1000372970700264  Test rel: 0.09729541420936584  Test abs: 0.08046074986457824  Test abs boundary: 0.10035918951034546  Time: 1.2686875709332526
Epoch: 438  Train rel: 0.1000411337018013  Test rel: 0.0972561514377594  Test abs: 0.08042992174625396  Test abs boundary: 0.10032506048679352  Time: 1.2683407124131918
Epoch: 439  Train rel: 0.10003537458181382  Test rel: 0.09731771111488342  Test abs: 0.08047867059707642  Test abs boundary: 0.10039351284503936  Time: 1.2692671697586775
Epoch: 440  Train rel: 0.10004511171579361  Test rel: 0.0972873443365097  Test abs: 0.08045446217060089  Test abs boundary: 0.10035395801067352  Time: 1.2709915908053517
Epoch: 441  Train rel: 0.1000366200208664  Test rel: 0.09730210602283478  Test abs: 0.08046636402606964  Test abs boundary: 0.1003810715675354  Time: 1.2679090988822281
Epoch: 442  Train rel: 0.10003671944141387  Test rel: 0.09730542123317719  Test abs: 0.08046903729438781  Test abs boundary: 0.10038501560688019  Time: 1.267061266116798
Epoch: 443  Train rel: 0.10003646564483643  Test rel: 0.0972725647687912  Test abs: 0.08044315814971924  Test abs boundary: 0.10034561157226562  Time: 1.2678407179191709
Epoch: 444  Train rel: 0.10003619867563247  Test rel: 0.09729188799858093  Test abs: 0.0804581081867218  Test abs boundary: 0.1003642177581787  Time: 1.269008494913578
Epoch: 445  Train rel: 0.10003920221328735  Test rel: 0.09729377031326295  Test abs: 0.08045962572097778  Test abs boundary: 0.10037413477897644  Time: 1.2685551517643034
Epoch: 446  Train rel: 0.10004427063465118  Test rel: 0.09732191920280457  Test abs: 0.08048197329044342  Test abs boundary: 0.10039305329322815  Time: 1.269697261042893
Epoch: 447  Train rel: 0.10004204356670379  Test rel: 0.09726489067077637  Test abs: 0.08043682634830475  Test abs boundary: 0.10033175349235535  Time: 1.271579028107226
Epoch: 448  Train rel: 0.10003711724281311  Test rel: 0.09729484856128692  Test abs: 0.08046046137809754  Test abs boundary: 0.10037183046340942  Time: 1.2672870778478682
Epoch: 449  Train rel: 0.1000377448797226  Test rel: 0.0972774612903595  Test abs: 0.08044667303562164  Test abs boundary: 0.10034327566623688  Time: 1.266052954364568
Epoch: 450  Train rel: 0.10003460639715195  Test rel: 0.09728762865066529  Test abs: 0.08045489132404328  Test abs boundary: 0.10036411046981812  Time: 1.2656130492687225
Epoch: 451  Train rel: 0.10004237604141235  Test rel: 0.09731973767280579  Test abs: 0.08048045456409454  Test abs boundary: 0.10038720965385436  Time: 1.2646630182862282
Epoch: 452  Train rel: 0.10003327250480652  Test rel: 0.09730308890342712  Test abs: 0.08046731472015381  Test abs boundary: 0.10038436233997344  Time: 1.263322456739843
Epoch: 453  Train rel: 0.10003496980667115  Test rel: 0.09728498220443725  Test abs: 0.08045295655727386  Test abs boundary: 0.10036540806293487  Time: 1.2636605687439442
Epoch: 454  Train rel: 0.1000353548526764  Test rel: 0.09728774964809418  Test abs: 0.08045461535453796  Test abs boundary: 0.10035488665103913  Time: 1.2632681117393076
Epoch: 455  Train rel: 0.10003331023454666  Test rel: 0.09729237496852874  Test abs: 0.08045871257781982  Test abs boundary: 0.10036650002002716  Time: 1.2627483569085598
Epoch: 456  Train rel: 0.1000338751077652  Test rel: 0.0972934478521347  Test abs: 0.08045945405960082  Test abs boundary: 0.10036107063293458  Time: 1.262474732939154
Epoch: 457  Train rel: 0.10003729462623596  Test rel: 0.09730487704277038  Test abs: 0.08046841979026795  Test abs boundary: 0.10037711024284363  Time: 1.2638484621420503
Epoch: 458  Train rel: 0.10003486716747284  Test rel: 0.09729394912719727  Test abs: 0.0804600477218628  Test abs boundary: 0.10037292718887329  Time: 1.261455435771495
Epoch: 459  Train rel: 0.10003749084472656  Test rel: 0.09725898742675781  Test abs: 0.08043265461921692  Test abs boundary: 0.10033886551856995  Time: 1.2623111279681325
Epoch: 460  Train rel: 0.10003289306163787  Test rel: 0.09728613018989563  Test abs: 0.08045348465442657  Test abs boundary: 0.10035040855407715  Time: 1.2626321502029896
Epoch: 461  Train rel: 0.1000366068482399  Test rel: 0.09728851377964019  Test abs: 0.08045560956001281  Test abs boundary: 0.10035890519618988  Time: 1.2621037987992167
Epoch: 462  Train rel: 0.10003144145011902  Test rel: 0.09730455458164215  Test abs: 0.08046794414520264  Test abs boundary: 0.10037030875682831  Time: 1.26030796719715
Epoch: 463  Train rel: 0.10003191483020782  Test rel: 0.09729633569717407  Test abs: 0.08046160817146301  Test abs boundary: 0.10036685943603516  Time: 1.2634537359699607
Epoch: 464  Train rel: 0.10004044890403747  Test rel: 0.09731054663658142  Test abs: 0.0804727578163147  Test abs boundary: 0.10038384437561035  Time: 1.2662757812067866
Epoch: 465  Train rel: 0.10003072947263718  Test rel: 0.09727542519569397  Test abs: 0.08044511556625367  Test abs boundary: 0.10034838497638703  Time: 1.2621402349323034
Epoch: 466  Train rel: 0.10003953230381012  Test rel: 0.097257080078125  Test abs: 0.08043096363544464  Test abs boundary: 0.10033264875411987  Time: 1.2601537946611643
Epoch: 467  Train rel: 0.10003872829675674  Test rel: 0.09732120633125305  Test abs: 0.08048085451126098  Test abs boundary: 0.10037531852722167  Time: 1.259026292245835
Epoch: 468  Train rel: 0.10003357100486755  Test rel: 0.0972782951593399  Test abs: 0.08044742703437806  Test abs boundary: 0.10035034060478211  Time: 1.2595045687630773
Epoch: 469  Train rel: 0.1000307537317276  Test rel: 0.09728318631649018  Test abs: 0.08045118451118469  Test abs boundary: 0.10035288333892822  Time: 1.257039648015052
Epoch: 470  Train rel: 0.10003178250789642  Test rel: 0.09727809965610504  Test abs: 0.08044730663299561  Test abs boundary: 0.100350261926651  Time: 1.2574619939550757
Epoch: 471  Train rel: 0.10002908158302307  Test rel: 0.09729930877685547  Test abs: 0.08046388030052185  Test abs boundary: 0.10036643266677857  Time: 1.257491230033338
Epoch: 472  Train rel: 0.10003109228610993  Test rel: 0.09730030059814453  Test abs: 0.08046451389789581  Test abs boundary: 0.10036247789859772  Time: 1.2569521432742476
Epoch: 473  Train rel: 0.10003128999471664  Test rel: 0.09727863430976867  Test abs: 0.08044777572154999  Test abs boundary: 0.10035394489765168  Time: 1.25776446191594
Epoch: 474  Train rel: 0.10003005957603454  Test rel: 0.09728633344173432  Test abs: 0.08045403122901916  Test abs boundary: 0.1003638255596161  Time: 1.2615363877266645
Epoch: 475  Train rel: 0.10002931964397431  Test rel: 0.09729613840579987  Test abs: 0.08046168088912964  Test abs boundary: 0.1003690481185913  Time: 1.258010615594685
Epoch: 476  Train rel: 0.10003031480312348  Test rel: 0.09730073869228363  Test abs: 0.08046495914459229  Test abs boundary: 0.10036431312561035  Time: 1.257682538125664
Epoch: 477  Train rel: 0.10003013920783997  Test rel: 0.0972942852973938  Test abs: 0.08046010375022888  Test abs boundary: 0.10036859095096588  Time: 1.257519458886236
Epoch: 478  Train rel: 0.10002926862239837  Test rel: 0.09729028344154358  Test abs: 0.08045686960220337  Test abs boundary: 0.10036164939403534  Time: 1.2560092881321907
Epoch: 479  Train rel: 0.10003018474578858  Test rel: 0.09728465735912323  Test abs: 0.08045240640640258  Test abs boundary: 0.10035493016242981  Time: 1.2565223560668528
Epoch: 480  Train rel: 0.1000292256474495  Test rel: 0.09728942632675171  Test abs: 0.08045627593994141  Test abs boundary: 0.1003615140914917  Time: 1.2551693418063223
Epoch: 481  Train rel: 0.1000307627916336  Test rel: 0.09728750765323639  Test abs: 0.08045470654964447  Test abs boundary: 0.10035880148410797  Time: 1.2554190121591091
Epoch: 482  Train rel: 0.10002881598472595  Test rel: 0.09729543566703797  Test abs: 0.08046096563339233  Test abs boundary: 0.10036499142646789  Time: 1.254966787993908
Epoch: 483  Train rel: 0.10002872800827026  Test rel: 0.09729176998138428  Test abs: 0.08045805931091309  Test abs boundary: 0.10036108136177063  Time: 1.2555792420171201
Epoch: 484  Train rel: 0.10003045010566712  Test rel: 0.09728499174118042  Test abs: 0.08045281529426575  Test abs boundary: 0.10035916805267334  Time: 1.2570828245952725
Epoch: 485  Train rel: 0.10002843284606934  Test rel: 0.09729682981967926  Test abs: 0.08046204328536988  Test abs boundary: 0.10036551654338836  Time: 1.2538297190330923
Epoch: 486  Train rel: 0.10002914381027221  Test rel: 0.09729165732860565  Test abs: 0.08045796394348144  Test abs boundary: 0.1003618586063385  Time: 1.2557234768755734
Epoch: 487  Train rel: 0.10002912592887879  Test rel: 0.09729593694210052  Test abs: 0.08046122074127197  Test abs boundary: 0.10036114037036896  Time: 1.255810069385916
Epoch: 488  Train rel: 0.10002920818328857  Test rel: 0.0972922533750534  Test abs: 0.08045840978622437  Test abs boundary: 0.10036217510700225  Time: 1.25420749373734
Epoch: 489  Train rel: 0.10002856492996216  Test rel: 0.09729196071624756  Test abs: 0.08045822501182556  Test abs boundary: 0.10036324381828308  Time: 1.256456590257585
Epoch: 490  Train rel: 0.1000292694568634  Test rel: 0.09728833317756652  Test abs: 0.08045538783073425  Test abs boundary: 0.10036013960838318  Time: 1.2583692069165409
Epoch: 491  Train rel: 0.10002848625183106  Test rel: 0.09729280948638916  Test abs: 0.08045885145664215  Test abs boundary: 0.10036239504814148  Time: 1.2577539002522826
Epoch: 492  Train rel: 0.10002865076065064  Test rel: 0.09728889048099518  Test abs: 0.08045583724975586  Test abs boundary: 0.10036109983921052  Time: 1.255396680906415
Epoch: 493  Train rel: 0.1000286847949028  Test rel: 0.09729459047317505  Test abs: 0.08046027719974518  Test abs boundary: 0.10036515772342681  Time: 1.2551692789420485
Epoch: 494  Train rel: 0.10002830231189727  Test rel: 0.0972917491197586  Test abs: 0.08045801401138306  Test abs boundary: 0.10036165952682495  Time: 1.255978039931506
Epoch: 495  Train rel: 0.10002981114387512  Test rel: 0.09729411482810973  Test abs: 0.08045990228652954  Test abs boundary: 0.10036419868469239  Time: 1.2556536789052188
Epoch: 496  Train rel: 0.10002823674678803  Test rel: 0.09728789210319519  Test abs: 0.08045498490333557  Test abs boundary: 0.10035852372646331  Time: 1.257409960962832
Epoch: 497  Train rel: 0.10002855658531189  Test rel: 0.09728801369667053  Test abs: 0.08045510470867157  Test abs boundary: 0.10035943150520325  Time: 1.2562221828848124
Epoch: 498  Train rel: 0.10002952909469605  Test rel: 0.09729238748550414  Test abs: 0.08045853972434998  Test abs boundary: 0.10036303281784058  Time: 1.2576019503176212
Epoch: 499  Train rel: 0.10002846872806549  Test rel: 0.09729492902755738  Test abs: 0.08046049952507019  Test abs boundary: 0.10036355257034302  Time: 1.2556560770608485
