dir now: /lustre/home/2200010870/works/NeuralOperator/GreenFunction
(1000, 221, 51, 2) (1000, 221, 51, 1)
x_train.shape:  torch.Size([1000, 11271, 4])
y_train.shape:  torch.Size([1000, 11271, 1])
221 51
torch.Size([11271, 128])
Start SVD with data shape:  (1000, 11271)
##################################################
Green Function Test for Airfoli
--data--
L: 1.0
downsample_ratio: 1
n_train: 1000
n_test: 200
pca_include_input: False
pca_include_grid: False
--model--
fc_dim: 128
in_dim: 4
out_dim: 1
layers_dim: [128, 128, 128, 128]
act: gelu
residual: [False, False, False, False]
layer_types: ['GalerkinConv', 'GalerkinConv', 'GalerkinConv', 'GalerkinConv']
GkNN_modes: [128, 128, 128, 128]
bases_types: ['pca_in', 'pca_in', 'pca_in', 'pca_in']
wbases_types: ['pca_out', 'pca_out', 'pca_out', 'pca_out']
green_types: ['fcGreen', 'fcGreen', 'fcGreen', 'fcGreen']
r_list: [1, 1, 1, 1]
kernel_size: 3
--train--
device: cuda
base_lr: 0.001
weight_decay: 0.0001
epochs: 500
scheduler: OneCycleLR
milestones: [200, 300, 400, 500, 800, 900]
scheduler_gamma: 0.5
batch_size: 30
normalization_x: True
normalization_y: True
normalization_dim: []
--Start Training--
number of parameters is 6489345
Epoch: 0  Train rel: 0.15193384730815887  Test rel: 0.13231130003929137  Test abs: 0.1093970263004303  Test abs boundary: 0.15063365221023559  Time: 2.2658828920684755
Epoch: 1  Train rel: 0.13329901790618898  Test rel: 0.12464078187942505  Test abs: 0.10306368827819824  Test abs boundary: 0.14364795684814452  Time: 1.07002640562132
Epoch: 2  Train rel: 0.12500106358528137  Test rel: 0.11857412576675415  Test abs: 0.0980119013786316  Test abs boundary: 0.14153201580047609  Time: 1.072177073918283
Epoch: 3  Train rel: 0.11898801839351654  Test rel: 0.11431739568710327  Test abs: 0.09448267638683319  Test abs boundary: 0.13934291481971742  Time: 1.0740568400360644
Epoch: 4  Train rel: 0.11431737685203552  Test rel: 0.1081985342502594  Test abs: 0.08945785164833069  Test abs boundary: 0.13163017392158508  Time: 1.0728897219523787
Epoch: 5  Train rel: 0.11039011669158935  Test rel: 0.10584412515163422  Test abs: 0.08751563191413879  Test abs boundary: 0.12416021943092347  Time: 1.074078739155084
Epoch: 6  Train rel: 0.10871080851554871  Test rel: 0.10556525111198425  Test abs: 0.08728355586528778  Test abs boundary: 0.11777531266212464  Time: 1.0745160868391395
Epoch: 7  Train rel: 0.1068135011792183  Test rel: 0.1021995896100998  Test abs: 0.08451779305934906  Test abs boundary: 0.1134424364566803  Time: 1.0736257079988718
Epoch: 8  Train rel: 0.10492039537429809  Test rel: 0.10159174561500549  Test abs: 0.08400075435638428  Test abs boundary: 0.11300426602363586  Time: 1.0761059890501201
Epoch: 9  Train rel: 0.10394493126869202  Test rel: 0.10116030931472779  Test abs: 0.08365268170833588  Test abs boundary: 0.10931960344314576  Time: 1.0783135672099888
Epoch: 10  Train rel: 0.1035162695646286  Test rel: 0.10048694491386413  Test abs: 0.0830843436717987  Test abs boundary: 0.10979080677032471  Time: 1.077540292404592
Epoch: 11  Train rel: 0.10287975078821182  Test rel: 0.09874863982200623  Test abs: 0.08166523218154907  Test abs boundary: 0.10584580659866333  Time: 1.077857038937509
Epoch: 12  Train rel: 0.10223931038379669  Test rel: 0.0989513909816742  Test abs: 0.08185608267784118  Test abs boundary: 0.10536720454692841  Time: 1.0808517266996205
Epoch: 13  Train rel: 0.10209570240974426  Test rel: 0.09845141410827636  Test abs: 0.08141862094402313  Test abs boundary: 0.10444724202156067  Time: 1.0776099199429154
Epoch: 14  Train rel: 0.10199312019348145  Test rel: 0.09863495349884033  Test abs: 0.08157386362552643  Test abs boundary: 0.1051372230052948  Time: 1.0807406241074204
Epoch: 15  Train rel: 0.10191619181632995  Test rel: 0.09860270738601684  Test abs: 0.08154933691024781  Test abs boundary: 0.10566081881523132  Time: 1.0794879850000143
Epoch: 16  Train rel: 0.10152987277507781  Test rel: 0.09851082682609558  Test abs: 0.08148196578025818  Test abs boundary: 0.10491468131542206  Time: 1.0796270100399852
Epoch: 17  Train rel: 0.10170278441905975  Test rel: 0.09956940829753876  Test abs: 0.08233429968357087  Test abs boundary: 0.102864049077034  Time: 1.0791410761885345
Epoch: 18  Train rel: 0.10174930691719056  Test rel: 0.09851856946945191  Test abs: 0.08149800479412078  Test abs boundary: 0.10370631814002991  Time: 1.079641817137599
Epoch: 19  Train rel: 0.10142342621088028  Test rel: 0.09968571782112122  Test abs: 0.08242509722709655  Test abs boundary: 0.10448487997055053  Time: 1.0815721838735044
Epoch: 20  Train rel: 0.10164778184890746  Test rel: 0.0979718565940857  Test abs: 0.08104089498519898  Test abs boundary: 0.10309334099292755  Time: 1.0807462106458843
Epoch: 21  Train rel: 0.10119514954090118  Test rel: 0.09806010603904725  Test abs: 0.08110345959663391  Test abs boundary: 0.10223701298236847  Time: 1.0812123278155923
Epoch: 22  Train rel: 0.1009628517627716  Test rel: 0.09829079806804657  Test abs: 0.08127795457839966  Test abs boundary: 0.10224224984645844  Time: 1.0807352112606168
Epoch: 23  Train rel: 0.10114340198040009  Test rel: 0.10036694943904877  Test abs: 0.08297955930233002  Test abs boundary: 0.10675808250904083  Time: 1.0815991298295557
Epoch: 24  Train rel: 0.10101806437969207  Test rel: 0.09805932402610779  Test abs: 0.08108041882514953  Test abs boundary: 0.1024427455663681  Time: 1.081874051131308
Epoch: 25  Train rel: 0.10128576183319092  Test rel: 0.09869462609291077  Test abs: 0.08160103321075439  Test abs boundary: 0.10433722734451294  Time: 1.0826518069952726
Epoch: 26  Train rel: 0.10089419198036194  Test rel: 0.09766643047332764  Test abs: 0.08078551411628723  Test abs boundary: 0.10164415657520294  Time: 1.0837350231595337
Epoch: 27  Train rel: 0.1007779186964035  Test rel: 0.09760104298591614  Test abs: 0.08072624742984771  Test abs boundary: 0.10195355176925659  Time: 1.0850114491768181
Epoch: 28  Train rel: 0.10060538291931152  Test rel: 0.09877937793731689  Test abs: 0.08166778385639191  Test abs boundary: 0.10329756379127503  Time: 1.0870431577786803
Epoch: 29  Train rel: 0.10054337298870086  Test rel: 0.10123979449272155  Test abs: 0.08365791618824005  Test abs boundary: 0.10378654181957245  Time: 1.0869230441749096
Epoch: 30  Train rel: 0.100594735622406  Test rel: 0.0978062790632248  Test abs: 0.08090887367725372  Test abs boundary: 0.10113072872161866  Time: 1.0878814333118498
Epoch: 31  Train rel: 0.10089543962478638  Test rel: 0.09736532866954803  Test abs: 0.08051328718662262  Test abs boundary: 0.10017509996891022  Time: 1.0885268971323967
Epoch: 32  Train rel: 0.09955914294719696  Test rel: 0.09600752174854278  Test abs: 0.07940730571746826  Test abs boundary: 0.09998666584491729  Time: 1.0894239987246692
Epoch: 33  Train rel: 0.09900984191894531  Test rel: 0.09679326593875885  Test abs: 0.08004301309585571  Test abs boundary: 0.10075454831123352  Time: 1.090062758885324
Epoch: 34  Train rel: 0.09512519109249115  Test rel: 0.09465614616870881  Test abs: 0.07822427451610565  Test abs boundary: 0.09925240159034729  Time: 1.090888385195285
Epoch: 35  Train rel: 0.09110365146398544  Test rel: 0.08758567214012146  Test abs: 0.07237427055835724  Test abs boundary: 0.09702466905117035  Time: 1.0897949486970901
Epoch: 36  Train rel: 0.08679958873987198  Test rel: 0.08441876769065856  Test abs: 0.06975271403789521  Test abs boundary: 0.09105921864509582  Time: 1.0906473752111197
Epoch: 37  Train rel: 0.08481846541166306  Test rel: 0.08670924067497253  Test abs: 0.07160071074962616  Test abs boundary: 0.09305380463600159  Time: 1.091179374139756
Epoch: 38  Train rel: 0.08649905693531036  Test rel: 0.0828544545173645  Test abs: 0.06845009326934814  Test abs boundary: 0.08732585191726684  Time: 1.0917734527029097
Epoch: 39  Train rel: 0.08458343076705932  Test rel: 0.0835105562210083  Test abs: 0.0689937263727188  Test abs boundary: 0.089340860247612  Time: 1.0919939577579498
Epoch: 40  Train rel: 0.08412752872705459  Test rel: 0.0908482950925827  Test abs: 0.07507907152175904  Test abs boundary: 0.09714162588119507  Time: 1.0930699608288705
Epoch: 41  Train rel: 0.08697170627117157  Test rel: 0.08868975639343261  Test abs: 0.0732879376411438  Test abs boundary: 0.09060941159725189  Time: 1.0936326328665018
Epoch: 42  Train rel: 0.08568769776821136  Test rel: 0.08314716339111328  Test abs: 0.06871020913124085  Test abs boundary: 0.09103446364402772  Time: 1.0945603479631245
Epoch: 43  Train rel: 0.08383428698778153  Test rel: 0.08337188243865967  Test abs: 0.06886486887931824  Test abs boundary: 0.08751553118228912  Time: 1.09430036181584
Epoch: 44  Train rel: 0.08368399012088776  Test rel: 0.08209095299243926  Test abs: 0.06786679029464722  Test abs boundary: 0.0903680419921875  Time: 1.0951741030439734
Epoch: 45  Train rel: 0.08216096258163452  Test rel: 0.08230871558189393  Test abs: 0.06799606144428254  Test abs boundary: 0.08753421306610107  Time: 1.0969066130928695
Epoch: 46  Train rel: 0.08365994280576707  Test rel: 0.08156926035881043  Test abs: 0.0674029278755188  Test abs boundary: 0.08685265898704529  Time: 1.0963067226111889
Epoch: 47  Train rel: 0.08201898062229157  Test rel: 0.08307856321334839  Test abs: 0.06861718595027924  Test abs boundary: 0.08970068991184235  Time: 1.0961065161973238
Epoch: 48  Train rel: 0.08156503105163575  Test rel: 0.08020670294761657  Test abs: 0.06624120235443115  Test abs boundary: 0.08805463373661042  Time: 1.0957433357834816
Epoch: 49  Train rel: 0.08120631241798401  Test rel: 0.08817419290542602  Test abs: 0.07282641768455506  Test abs boundary: 0.09159363865852356  Time: 1.0971735548228025
Epoch: 50  Train rel: 0.08229388219118118  Test rel: 0.08011872589588165  Test abs: 0.06622899889945984  Test abs boundary: 0.0859511810541153  Time: 1.0982894650660455
Epoch: 51  Train rel: 0.08047217094898224  Test rel: 0.07834354043006897  Test abs: 0.06472145795822143  Test abs boundary: 0.08514080941677094  Time: 1.0985236568376422
Epoch: 52  Train rel: 0.08159504973888397  Test rel: 0.08007246792316437  Test abs: 0.06614689767360687  Test abs boundary: 0.08522040069103241  Time: 1.09889417886734
Epoch: 53  Train rel: 0.07980119001865386  Test rel: 0.07886872470378875  Test abs: 0.06516226887702942  Test abs boundary: 0.08349701344966888  Time: 1.1004628292284906
Epoch: 54  Train rel: 0.07988013398647309  Test rel: 0.08742956578731537  Test abs: 0.0722307538986206  Test abs boundary: 0.09558087587356567  Time: 1.1034296550787985
Epoch: 55  Train rel: 0.0807452288866043  Test rel: 0.07909111499786377  Test abs: 0.06530513465404511  Test abs boundary: 0.08451960384845733  Time: 1.1030193949118257
Epoch: 56  Train rel: 0.07993772029876708  Test rel: 0.09080184936523437  Test abs: 0.0749690169095993  Test abs boundary: 0.09465746641159058  Time: 1.102241971064359
Epoch: 57  Train rel: 0.08220559644699096  Test rel: 0.08360513389110565  Test abs: 0.06909061193466187  Test abs boundary: 0.0901750648021698  Time: 1.1055628769099712
Epoch: 58  Train rel: 0.07914825522899628  Test rel: 0.07784548878669739  Test abs: 0.06428029656410217  Test abs boundary: 0.08655049741268157  Time: 1.1048675500787795
Epoch: 59  Train rel: 0.0797194138765335  Test rel: 0.0826823353767395  Test abs: 0.06826473653316498  Test abs boundary: 0.08616313874721528  Time: 1.1071578841656446
Epoch: 60  Train rel: 0.07938923460245133  Test rel: 0.07659217834472656  Test abs: 0.06329025626182556  Test abs boundary: 0.08167444527149201  Time: 1.1059887586161494
Epoch: 61  Train rel: 0.0780741161108017  Test rel: 0.07746826887130737  Test abs: 0.0640141212940216  Test abs boundary: 0.08753834247589111  Time: 1.109444092027843
Epoch: 62  Train rel: 0.0801750311255455  Test rel: 0.07621818542480469  Test abs: 0.06296878039836884  Test abs boundary: 0.08363686025142669  Time: 1.1089281369931996
Epoch: 63  Train rel: 0.07739222592115402  Test rel: 0.07454151153564453  Test abs: 0.061577600240707395  Test abs boundary: 0.0810796719789505  Time: 1.109642582014203
Epoch: 64  Train rel: 0.07754766416549683  Test rel: 0.07868760287761688  Test abs: 0.06503396809101104  Test abs boundary: 0.08417398869991302  Time: 1.1088446858339012
Epoch: 65  Train rel: 0.07784157186746597  Test rel: 0.07958537817001343  Test abs: 0.06573298275470733  Test abs boundary: 0.08730562150478363  Time: 1.1093333992175758
Epoch: 66  Train rel: 0.07922391736507416  Test rel: 0.08131621062755584  Test abs: 0.06714120209217071  Test abs boundary: 0.08529859125614166  Time: 1.1108242170885205
Epoch: 67  Train rel: 0.07602092885971069  Test rel: 0.07600436449050903  Test abs: 0.06274107873439788  Test abs boundary: 0.08151419043540954  Time: 1.1110838507302105
Epoch: 68  Train rel: 0.07579740905761718  Test rel: 0.07398240327835083  Test abs: 0.06107648015022278  Test abs boundary: 0.08004279494285584  Time: 1.1119390553794801
Epoch: 69  Train rel: 0.07427462953329086  Test rel: 0.07216254651546478  Test abs: 0.05962700426578522  Test abs boundary: 0.08045066595077514  Time: 1.111127067822963
Epoch: 70  Train rel: 0.0736432268023491  Test rel: 0.07234755992889404  Test abs: 0.05974168241024017  Test abs boundary: 0.0776228255033493  Time: 1.1104268706403673
Epoch: 71  Train rel: 0.07434076189994812  Test rel: 0.07377076923847198  Test abs: 0.06097647428512573  Test abs boundary: 0.08309957623481751  Time: 1.1120236311107874
Epoch: 72  Train rel: 0.07322896909713746  Test rel: 0.07427134275436402  Test abs: 0.0613482129573822  Test abs boundary: 0.07992560863494873  Time: 1.11128244176507
Epoch: 73  Train rel: 0.07204081207513809  Test rel: 0.07350431084632873  Test abs: 0.06071440100669861  Test abs boundary: 0.07854080140590668  Time: 1.110573263373226
Epoch: 74  Train rel: 0.06810345768928527  Test rel: 0.06521445333957672  Test abs: 0.05385210752487182  Test abs boundary: 0.06982308387756347  Time: 1.1100184470415115
Epoch: 75  Train rel: 0.06725114917755128  Test rel: 0.06356262922286987  Test abs: 0.05246218621730805  Test abs boundary: 0.06829186558723449  Time: 1.1110898917540908
Epoch: 76  Train rel: 0.06438495659828186  Test rel: 0.07043951034545898  Test abs: 0.058167305588722226  Test abs boundary: 0.07564474940299988  Time: 1.1112167458049953
Epoch: 77  Train rel: 0.0673521203994751  Test rel: 0.06306658685207367  Test abs: 0.052125627994537356  Test abs boundary: 0.0678501659631729  Time: 1.1141244750469923
Epoch: 78  Train rel: 0.06419012892246247  Test rel: 0.06411006212234498  Test abs: 0.052926501035690306  Test abs boundary: 0.0667142367362976  Time: 1.1136563257314265
Epoch: 79  Train rel: 0.06425643968582154  Test rel: 0.06197263777256012  Test abs: 0.05120279014110565  Test abs boundary: 0.06745262086391449  Time: 1.1116840480826795
Epoch: 80  Train rel: 0.0637845619916916  Test rel: 0.06152073085308075  Test abs: 0.05079127371311188  Test abs boundary: 0.06842221796512604  Time: 1.1117879641242325
Epoch: 81  Train rel: 0.06269952285289765  Test rel: 0.06935927629470826  Test abs: 0.05723495066165924  Test abs boundary: 0.07423556447029114  Time: 1.11407636012882
Epoch: 82  Train rel: 0.061374040007591245  Test rel: 0.05814290165901184  Test abs: 0.0480299311876297  Test abs boundary: 0.06473579585552215  Time: 1.1142252651043236
Epoch: 83  Train rel: 0.05857673484086991  Test rel: 0.07105498731136323  Test abs: 0.058574376106262205  Test abs boundary: 0.07803869724273682  Time: 1.1138644749298692
Epoch: 84  Train rel: 0.06044640839099884  Test rel: 0.05668422520160675  Test abs: 0.046791475415229794  Test abs boundary: 0.06817974627017975  Time: 1.1128702759742737
Epoch: 85  Train rel: 0.059311209559440616  Test rel: 0.05822228014469147  Test abs: 0.048094763457775115  Test abs boundary: 0.0670527184009552  Time: 1.112673263065517
Epoch: 86  Train rel: 0.05693356072902679  Test rel: 0.05506625771522522  Test abs: 0.045483105182647705  Test abs boundary: 0.06238219439983368  Time: 1.1164460717700422
Epoch: 87  Train rel: 0.06125502151250839  Test rel: 0.06683254361152649  Test abs: 0.05509419560432434  Test abs boundary: 0.07423201441764832  Time: 1.1167188161052763
Epoch: 88  Train rel: 0.05737026673555374  Test rel: 0.05508445382118225  Test abs: 0.045497729778289794  Test abs boundary: 0.061194506287574765  Time: 1.116061951033771
Epoch: 89  Train rel: 0.05564732372760773  Test rel: 0.060044248104095456  Test abs: 0.049580892622470854  Test abs boundary: 0.06433418691158295  Time: 1.115956381894648
Epoch: 90  Train rel: 0.05385697019100189  Test rel: 0.050270183980464934  Test abs: 0.04152634769678116  Test abs boundary: 0.05473419606685639  Time: 1.116113940719515
Epoch: 91  Train rel: 0.05512036347389221  Test rel: 0.07326281487941742  Test abs: 0.06055982112884521  Test abs boundary: 0.08128386259078979  Time: 1.1161741591058671
Epoch: 92  Train rel: 0.05588425451517105  Test rel: 0.05411843955516815  Test abs: 0.04467423021793365  Test abs boundary: 0.06192262530326843  Time: 1.1136618256568909
Epoch: 93  Train rel: 0.05139957571029663  Test rel: 0.05063906878232956  Test abs: 0.041835096478462216  Test abs boundary: 0.054996349811553956  Time: 1.1148270620033145
Epoch: 94  Train rel: 0.05074335184693336  Test rel: 0.051222796440124514  Test abs: 0.04232757776975632  Test abs boundary: 0.055647473335266116  Time: 1.1168291601352394
Epoch: 95  Train rel: 0.049346252918243405  Test rel: 0.049152792096138  Test abs: 0.04060643255710602  Test abs boundary: 0.05420677304267883  Time: 1.114109010901302
Epoch: 96  Train rel: 0.04901870372891426  Test rel: 0.05218672871589661  Test abs: 0.043106363713741304  Test abs boundary: 0.061380162835121155  Time: 1.1156973103061318
Epoch: 97  Train rel: 0.050581887185573576  Test rel: 0.05510422646999359  Test abs: 0.04553869068622589  Test abs boundary: 0.06659867942333221  Time: 1.1167437019757926
Epoch: 98  Train rel: 0.04979131644964218  Test rel: 0.04961989164352417  Test abs: 0.0409795543551445  Test abs boundary: 0.05742570579051971  Time: 1.1145798349753022
Epoch: 99  Train rel: 0.04876387768983841  Test rel: 0.04323083758354187  Test abs: 0.03570828258991241  Test abs boundary: 0.04926571518182755  Time: 1.1163194081746042
Epoch: 100  Train rel: 0.04650144881010056  Test rel: 0.057190862894058225  Test abs: 0.04722661644220352  Test abs boundary: 0.06195166528224945  Time: 1.1149814170785248
Epoch: 101  Train rel: 0.049609568774700165  Test rel: 0.048327218592166904  Test abs: 0.0399096554517746  Test abs boundary: 0.05204827010631561  Time: 1.1142476932145655
Epoch: 102  Train rel: 0.04700472718477249  Test rel: 0.04497314929962158  Test abs: 0.037162626385688784  Test abs boundary: 0.04894711196422577  Time: 1.113920882344246
Epoch: 103  Train rel: 0.04547383403778076  Test rel: 0.047180638909339906  Test abs: 0.03897794812917709  Test abs boundary: 0.05234069287776947  Time: 1.1143482732586563
Epoch: 104  Train rel: 0.048812894105911254  Test rel: 0.06963132977485657  Test abs: 0.05754279255867004  Test abs boundary: 0.0723381757736206  Time: 1.1142824203707278
Epoch: 105  Train rel: 0.04970709764957428  Test rel: 0.054146705269813536  Test abs: 0.044715384840965273  Test abs boundary: 0.06637226104736328  Time: 1.1101697590202093
Epoch: 106  Train rel: 0.04670887488126755  Test rel: 0.04803811103105545  Test abs: 0.03968949288129806  Test abs boundary: 0.05521642565727234  Time: 1.1101642698049545
Epoch: 107  Train rel: 0.04503384387493133  Test rel: 0.04251929074525833  Test abs: 0.03512374103069305  Test abs boundary: 0.046837826669216154  Time: 1.1129655232653022
Epoch: 108  Train rel: 0.043500812828540805  Test rel: 0.05052695393562317  Test abs: 0.04175250351428986  Test abs boundary: 0.05701851308345795  Time: 1.1108521930873394
Epoch: 109  Train rel: 0.04547976392507553  Test rel: 0.050959165394306186  Test abs: 0.042091841101646425  Test abs boundary: 0.0524669998884201  Time: 1.1105986298061907
Epoch: 110  Train rel: 0.04520759469270706  Test rel: 0.04369178980588913  Test abs: 0.03608389914035797  Test abs boundary: 0.04763932943344116  Time: 1.1111779250204563
Epoch: 111  Train rel: 0.04373334264755249  Test rel: 0.050174099802970884  Test abs: 0.04145787239074707  Test abs boundary: 0.055514510273933414  Time: 1.1117553487420082
Epoch: 112  Train rel: 0.04419008126854897  Test rel: 0.04591360569000244  Test abs: 0.03792846143245697  Test abs boundary: 0.05506513714790344  Time: 1.1121326331049204
Epoch: 113  Train rel: 0.04302328711748123  Test rel: 0.04415802001953125  Test abs: 0.036470601558685305  Test abs boundary: 0.05292950630187988  Time: 1.110356355085969
Epoch: 114  Train rel: 0.04404111275076866  Test rel: 0.049800559878349304  Test abs: 0.04112573802471161  Test abs boundary: 0.05267267942428589  Time: 1.113051685038954
Epoch: 115  Train rel: 0.04574182218313217  Test rel: 0.03987295299768448  Test abs: 0.03293933212757111  Test abs boundary: 0.046509884893894196  Time: 1.1100501250475645
Epoch: 116  Train rel: 0.04240893316268921  Test rel: 0.04782797694206238  Test abs: 0.03950646698474884  Test abs boundary: 0.05461635828018188  Time: 1.110970847774297
Epoch: 117  Train rel: 0.04317180109024048  Test rel: 0.04440716862678528  Test abs: 0.03669277638196945  Test abs boundary: 0.04895689725875854  Time: 1.1106494688428938
Epoch: 118  Train rel: 0.042287085086107255  Test rel: 0.04603353470563889  Test abs: 0.03800764262676239  Test abs boundary: 0.05902123272418976  Time: 1.110806142911315
Epoch: 119  Train rel: 0.04333657985925674  Test rel: 0.04074236690998077  Test abs: 0.03365556359291077  Test abs boundary: 0.04682910144329071  Time: 1.110716843046248
Epoch: 120  Train rel: 0.043394206047058105  Test rel: 0.04069216430187225  Test abs: 0.033624983727931976  Test abs boundary: 0.04777541637420654  Time: 1.1104215877130628
Epoch: 121  Train rel: 0.043096821635961534  Test rel: 0.04422573775053024  Test abs: 0.03654506683349609  Test abs boundary: 0.048290769159793856  Time: 1.1108007081784308
Epoch: 122  Train rel: 0.039639937251806256  Test rel: 0.04150279283523559  Test abs: 0.03427848696708679  Test abs boundary: 0.046697142720222476  Time: 1.1124626700766385
Epoch: 123  Train rel: 0.04108083873987198  Test rel: 0.042564575672149656  Test abs: 0.035155774354934693  Test abs boundary: 0.0487720662355423  Time: 1.1119978288188577
Epoch: 124  Train rel: 0.03926669016480446  Test rel: 0.03942029893398285  Test abs: 0.03255769371986389  Test abs boundary: 0.047315879464149474  Time: 1.1092797042801976
Epoch: 125  Train rel: 0.042529777973890306  Test rel: 0.05590409874916077  Test abs: 0.04619753062725067  Test abs boundary: 0.05972310185432434  Time: 1.1125106220133603
Epoch: 126  Train rel: 0.04022570449113846  Test rel: 0.04602404892444611  Test abs: 0.038033311665058134  Test abs boundary: 0.05045461446046829  Time: 1.1130515518598258
Epoch: 127  Train rel: 0.038205148071050646  Test rel: 0.06212154865264893  Test abs: 0.051330131888389585  Test abs boundary: 0.06557227790355682  Time: 1.1137579688802361
Epoch: 128  Train rel: 0.0424087795317173  Test rel: 0.037181602716445925  Test abs: 0.03071546345949173  Test abs boundary: 0.04404273808002472  Time: 1.1142421918921173
Epoch: 129  Train rel: 0.037219248354434964  Test rel: 0.03751842856407166  Test abs: 0.030996810495853424  Test abs boundary: 0.04110749363899231  Time: 1.1158008449710906
Epoch: 130  Train rel: 0.037533529251813885  Test rel: 0.04124518394470215  Test abs: 0.034081098735332487  Test abs boundary: 0.04716600000858307  Time: 1.1158569538965821
Epoch: 131  Train rel: 0.03695734840631485  Test rel: 0.037938969135284425  Test abs: 0.03134835422039032  Test abs boundary: 0.042194082736968994  Time: 1.1158962757326663
Epoch: 132  Train rel: 0.037326854467391965  Test rel: 0.04528818339109421  Test abs: 0.03741605162620545  Test abs boundary: 0.048687984645366666  Time: 1.1156867290847003
Epoch: 133  Train rel: 0.03762752592563629  Test rel: 0.04118494212627411  Test abs: 0.03402808219194412  Test abs boundary: 0.04479653239250183  Time: 1.11654801806435
Epoch: 134  Train rel: 0.03599564266204834  Test rel: 0.03223390430212021  Test abs: 0.026638129353523256  Test abs boundary: 0.037259870767593385  Time: 1.1165803032927215
Epoch: 135  Train rel: 0.035197725266218186  Test rel: 0.034455411434173584  Test abs: 0.028460383117198944  Test abs boundary: 0.04126755803823471  Time: 1.114359697792679
Epoch: 136  Train rel: 0.03879387828707695  Test rel: 0.04379448145627975  Test abs: 0.036159317493438724  Test abs boundary: 0.04899772703647613  Time: 1.1184018347412348
Epoch: 137  Train rel: 0.03634597676992416  Test rel: 0.03542895078659058  Test abs: 0.029276371598243714  Test abs boundary: 0.03948128342628479  Time: 1.117057932075113
Epoch: 138  Train rel: 0.03493838793039322  Test rel: 0.03209237813949585  Test abs: 0.02651253789663315  Test abs boundary: 0.039052702486515045  Time: 1.1192388320341706
Epoch: 139  Train rel: 0.035154179245233536  Test rel: 0.033204619288444516  Test abs: 0.027426950931549073  Test abs boundary: 0.03981884360313415  Time: 1.1192182591184974
Epoch: 140  Train rel: 0.033785623252391817  Test rel: 0.039356602430343626  Test abs: 0.032521320581436156  Test abs boundary: 0.04782319337129593  Time: 1.1199099197983742
Epoch: 141  Train rel: 0.03733648842573166  Test rel: 0.033323569297790526  Test abs: 0.02751975119113922  Test abs boundary: 0.041694683134555814  Time: 1.121367200743407
Epoch: 142  Train rel: 0.03289063808321953  Test rel: 0.0344142547249794  Test abs: 0.028422950506210326  Test abs boundary: 0.0373251873254776  Time: 1.1202702838927507
Epoch: 143  Train rel: 0.03359765174984932  Test rel: 0.032926785051822664  Test abs: 0.02719956636428833  Test abs boundary: 0.03917334139347076  Time: 1.1223674938082695
Epoch: 144  Train rel: 0.03220000088214874  Test rel: 0.03037952572107315  Test abs: 0.025099691897630692  Test abs boundary: 0.03443694055080414  Time: 1.1208817888982594
Epoch: 145  Train rel: 0.032436581134796146  Test rel: 0.042610622346401214  Test abs: 0.035198302268981935  Test abs boundary: 0.04657906234264374  Time: 1.1240565031766891
Epoch: 146  Train rel: 0.03465119457244873  Test rel: 0.043934130370616914  Test abs: 0.036286883652210236  Test abs boundary: 0.05402797639369965  Time: 1.1228507198393345
Epoch: 147  Train rel: 0.03466878014802933  Test rel: 0.035229230225086214  Test abs: 0.02909413903951645  Test abs boundary: 0.04344212830066681  Time: 1.1247085928916931
Epoch: 148  Train rel: 0.03191784498095512  Test rel: 0.03263775736093521  Test abs: 0.02696252778172493  Test abs boundary: 0.037132910192012786  Time: 1.123949735891074
Epoch: 149  Train rel: 0.0345828270316124  Test rel: 0.03355853050947189  Test abs: 0.027705385386943816  Test abs boundary: 0.04198488473892212  Time: 1.1235484122298658
Epoch: 150  Train rel: 0.030769720256328584  Test rel: 0.03226381152868271  Test abs: 0.026664807200431823  Test abs boundary: 0.03651194930076599  Time: 1.1254884488880634
Epoch: 151  Train rel: 0.03026659959554672  Test rel: 0.027977697253227234  Test abs: 0.023111262023448945  Test abs boundary: 0.033925054669380186  Time: 1.126989005599171
Epoch: 152  Train rel: 0.03094505000114441  Test rel: 0.031654351949691774  Test abs: 0.026156130284070968  Test abs boundary: 0.03862003624439239  Time: 1.1253698747605085
Epoch: 153  Train rel: 0.030647110491991043  Test rel: 0.033086024820804597  Test abs: 0.02733332097530365  Test abs boundary: 0.034857710897922514  Time: 1.126220578327775
Epoch: 154  Train rel: 0.03210549399256706  Test rel: 0.030597473084926604  Test abs: 0.025277148634195327  Test abs boundary: 0.03676842451095581  Time: 1.1242328649386764
Epoch: 155  Train rel: 0.031396416842937466  Test rel: 0.0362651851773262  Test abs: 0.029973258078098298  Test abs boundary: 0.04092418730258942  Time: 1.1260745278559625
Epoch: 156  Train rel: 0.033214474737644197  Test rel: 0.030185634791851042  Test abs: 0.02493839979171753  Test abs boundary: 0.03384070456027985  Time: 1.123946628998965
Epoch: 157  Train rel: 0.031991052508354184  Test rel: 0.06917237997055053  Test abs: 0.057171695828437806  Test abs boundary: 0.07469278573989868  Time: 1.1217649979516864
Epoch: 158  Train rel: 0.037425963163375854  Test rel: 0.033838679790496824  Test abs: 0.027965651750564577  Test abs boundary: 0.03995146751403809  Time: 1.1228897799737751
Epoch: 159  Train rel: 0.03192280560731888  Test rel: 0.03362106382846832  Test abs: 0.027758348882198334  Test abs boundary: 0.035853546559810635  Time: 1.1203171228989959
Epoch: 160  Train rel: 0.02869381982088089  Test rel: 0.02744061440229416  Test abs: 0.022669423818588257  Test abs boundary: 0.03180100589990616  Time: 1.1206844998523593
Epoch: 161  Train rel: 0.02894281868636608  Test rel: 0.028414855301380156  Test abs: 0.02346815750002861  Test abs boundary: 0.032903323471546175  Time: 1.1200916753150523
Epoch: 162  Train rel: 0.032503891885280606  Test rel: 0.029284079968929292  Test abs: 0.024193258285522462  Test abs boundary: 0.034762263894081116  Time: 1.1185555970296264
Epoch: 163  Train rel: 0.029285240948200227  Test rel: 0.029778625071048736  Test abs: 0.02460567995905876  Test abs boundary: 0.03288833826780319  Time: 1.1184017932973802
Epoch: 164  Train rel: 0.028173544228076934  Test rel: 0.030308988094329834  Test abs: 0.025046227276325227  Test abs boundary: 0.03598295658826828  Time: 1.115723408292979
Epoch: 165  Train rel: 0.03414506733417511  Test rel: 0.03889979153871536  Test abs: 0.03216825872659683  Test abs boundary: 0.04496581971645355  Time: 1.1141265272162855
Epoch: 166  Train rel: 0.030735058069229125  Test rel: 0.03703521728515625  Test abs: 0.030601644814014436  Test abs boundary: 0.04119125247001648  Time: 1.1125607839785516
Epoch: 167  Train rel: 0.028766084492206575  Test rel: 0.027894951105117798  Test abs: 0.02304320961236954  Test abs boundary: 0.03210368573665619  Time: 1.1108345817774534
Epoch: 168  Train rel: 0.027929524660110474  Test rel: 0.04048934102058411  Test abs: 0.03346967428922653  Test abs boundary: 0.04263454139232636  Time: 1.1097049303352833
Epoch: 169  Train rel: 0.03398632982373238  Test rel: 0.027451947629451752  Test abs: 0.022678040564060212  Test abs boundary: 0.03182699710130692  Time: 1.1109572988934815
Epoch: 170  Train rel: 0.027866034030914307  Test rel: 0.034034617245197296  Test abs: 0.028114324808120726  Test abs boundary: 0.03906279414892197  Time: 1.110354927368462
Epoch: 171  Train rel: 0.02955825537443161  Test rel: 0.026473874449729918  Test abs: 0.021861929893493653  Test abs boundary: 0.03092746376991272  Time: 1.1106698089279234
Epoch: 172  Train rel: 0.028191381245851518  Test rel: 0.048775155544281  Test abs: 0.04030091762542724  Test abs boundary: 0.05110915839672089  Time: 1.1101063010282815
Epoch: 173  Train rel: 0.03442460966110229  Test rel: 0.038791199922561644  Test abs: 0.032033607959747315  Test abs boundary: 0.037982186675071715  Time: 1.1080238157883286
Epoch: 174  Train rel: 0.03543966355919838  Test rel: 0.040737129747867584  Test abs: 0.03368163675069809  Test abs boundary: 0.044467445909976956  Time: 1.1094006709754467
Epoch: 175  Train rel: 0.02856244158744812  Test rel: 0.03844524919986725  Test abs: 0.0317760506272316  Test abs boundary: 0.04035546481609344  Time: 1.1075002388097346
Epoch: 176  Train rel: 0.029339942157268525  Test rel: 0.029871360659599305  Test abs: 0.02467609629034996  Test abs boundary: 0.03382677167654038  Time: 1.1071411450393498
Epoch: 177  Train rel: 0.02718455547094345  Test rel: 0.024604755043983458  Test abs: 0.020322582870721816  Test abs boundary: 0.0297281813621521  Time: 1.1059025949798524
Epoch: 178  Train rel: 0.025419141858816146  Test rel: 0.028435485661029814  Test abs: 0.023497483134269713  Test abs boundary: 0.03170034348964691  Time: 1.1025012279860675
Epoch: 179  Train rel: 0.02702844700217247  Test rel: 0.030209845900535583  Test abs: 0.024961376786231993  Test abs boundary: 0.03502456367015839  Time: 1.1015571048483253
Epoch: 180  Train rel: 0.03326044923067093  Test rel: 0.03735585212707519  Test abs: 0.030873029232025145  Test abs boundary: 0.04018049448728561  Time: 1.1024251729249954
Epoch: 181  Train rel: 0.028225754171609878  Test rel: 0.04753854155540466  Test abs: 0.03929155051708221  Test abs boundary: 0.04877621501684189  Time: 1.1037269188091159
Epoch: 182  Train rel: 0.029945674791932105  Test rel: 0.023515003621578216  Test abs: 0.019425927400588988  Test abs boundary: 0.028525035381317138  Time: 1.1046521626412868
Epoch: 183  Train rel: 0.02717323896288872  Test rel: 0.027356866598129272  Test abs: 0.022609475553035736  Test abs boundary: 0.031060234010219574  Time: 1.102562722750008
Epoch: 184  Train rel: 0.026199145138263703  Test rel: 0.02591774523258209  Test abs: 0.021408597230911253  Test abs boundary: 0.031457394659519196  Time: 1.10061319405213
Epoch: 185  Train rel: 0.025915794909000398  Test rel: 0.023950935304164887  Test abs: 0.0197857466340065  Test abs boundary: 0.027828941345214842  Time: 1.1006282027810812
Epoch: 186  Train rel: 0.026701288521289824  Test rel: 0.032195749878883365  Test abs: 0.02659526005387306  Test abs boundary: 0.03395843267440796  Time: 1.101144663989544
Epoch: 187  Train rel: 0.02689910623431206  Test rel: 0.025493159890174866  Test abs: 0.02105206772685051  Test abs boundary: 0.029792484641075135  Time: 1.101079458836466
Epoch: 188  Train rel: 0.025305438250303267  Test rel: 0.03313792079687119  Test abs: 0.027385508418083192  Test abs boundary: 0.03755129396915436  Time: 1.100606783758849
Epoch: 189  Train rel: 0.02980171373486519  Test rel: 0.02412722781300545  Test abs: 0.01993349552154541  Test abs boundary: 0.0283023664355278  Time: 1.1011309148743749
Epoch: 190  Train rel: 0.026568101406097413  Test rel: 0.029345736503601075  Test abs: 0.024243269562721253  Test abs boundary: 0.03301097214221954  Time: 1.1036896691657603
Epoch: 191  Train rel: 0.025729312881827355  Test rel: 0.03497966676950455  Test abs: 0.028905681669712066  Test abs boundary: 0.03594588160514831  Time: 1.102689002174884
Epoch: 192  Train rel: 0.029973822474479675  Test rel: 0.029966873526573182  Test abs: 0.02474954605102539  Test abs boundary: 0.03319119215011597  Time: 1.1011045626364648
Epoch: 193  Train rel: 0.03045018982887268  Test rel: 0.03279676765203476  Test abs: 0.027091522812843324  Test abs boundary: 0.035171386301517484  Time: 1.1019707270897925
Epoch: 194  Train rel: 0.0268167599439621  Test rel: 0.06021405100822449  Test abs: 0.04977014005184174  Test abs boundary: 0.06195695579051971  Time: 1.1015603300184011
Epoch: 195  Train rel: 0.03336790175735951  Test rel: 0.0298695370554924  Test abs: 0.024681350886821746  Test abs boundary: 0.035189440846443175  Time: 1.0987580730579793
Epoch: 196  Train rel: 0.025040447935461996  Test rel: 0.02614773452281952  Test abs: 0.021606441289186477  Test abs boundary: 0.030296317636966705  Time: 1.0997124528512359
Epoch: 197  Train rel: 0.024322545856237412  Test rel: 0.03058221697807312  Test abs: 0.02526009440422058  Test abs boundary: 0.034596550166606906  Time: 1.1008972669951618
Epoch: 198  Train rel: 0.025399370163679123  Test rel: 0.03057195097208023  Test abs: 0.025253423303365708  Test abs boundary: 0.033457646369934084  Time: 1.1006521987728775
Epoch: 199  Train rel: 0.026275931492447852  Test rel: 0.023954632580280303  Test abs: 0.019779438972473144  Test abs boundary: 0.027795733213424684  Time: 1.1000908357091248
Epoch: 200  Train rel: 0.02398140463232994  Test rel: 0.031099999547004698  Test abs: 0.025708531737327577  Test abs boundary: 0.03318280577659607  Time: 1.1011874759569764
Epoch: 201  Train rel: 0.02628057533502579  Test rel: 0.02235633283853531  Test abs: 0.01846476823091507  Test abs boundary: 0.026271863281726836  Time: 1.09979547560215
Epoch: 202  Train rel: 0.026706136167049407  Test rel: 0.02849487990140915  Test abs: 0.023535563200712203  Test abs boundary: 0.032779468595981597  Time: 1.1000334140844643
Epoch: 203  Train rel: 0.027362431317567826  Test rel: 0.0385267373919487  Test abs: 0.031853514909744265  Test abs boundary: 0.03814085304737091  Time: 1.101665313821286
Epoch: 204  Train rel: 0.027531176537275315  Test rel: 0.028527648746967317  Test abs: 0.02357869103550911  Test abs boundary: 0.031830823123455046  Time: 1.100479104090482
Epoch: 205  Train rel: 0.025600268423557282  Test rel: 0.026096080988645555  Test abs: 0.021563791632652284  Test abs boundary: 0.029499216079711912  Time: 1.099977910052985
Epoch: 206  Train rel: 0.025551210701465606  Test rel: 0.027084815502166747  Test abs: 0.02236691951751709  Test abs boundary: 0.03120355010032654  Time: 1.0989966979250312
Epoch: 207  Train rel: 0.026416184276342392  Test rel: 0.024793063998222353  Test abs: 0.020479778349399565  Test abs boundary: 0.029079683125019073  Time: 1.0992573350667953
Epoch: 208  Train rel: 0.023426460102200508  Test rel: 0.024354139566421507  Test abs: 0.020118844360113144  Test abs boundary: 0.029382823407649993  Time: 1.1019340041093528
Epoch: 209  Train rel: 0.022961139380931854  Test rel: 0.02983603060245514  Test abs: 0.024655348807573318  Test abs boundary: 0.03300989031791687  Time: 1.1005287249572575
Epoch: 210  Train rel: 0.0301574826836586  Test rel: 0.03882912635803223  Test abs: 0.03209431886672973  Test abs boundary: 0.037469179034233094  Time: 1.1001560580916703
Epoch: 211  Train rel: 0.025390324145555497  Test rel: 0.025840926617383957  Test abs: 0.021355031728744506  Test abs boundary: 0.0294179230928421  Time: 1.0989778847433627
Epoch: 212  Train rel: 0.023326675429940224  Test rel: 0.029414825439453125  Test abs: 0.024285319447517394  Test abs boundary: 0.03726483106613159  Time: 1.1005565701052547
Epoch: 213  Train rel: 0.02890716788172722  Test rel: 0.030152368545532226  Test abs: 0.024922394305467607  Test abs boundary: 0.03156314343214035  Time: 1.0997946672141552
Epoch: 214  Train rel: 0.023402087867259978  Test rel: 0.030180782973766328  Test abs: 0.02494291588664055  Test abs boundary: 0.03297437906265259  Time: 1.1008529211394489
Epoch: 215  Train rel: 0.026894772440195083  Test rel: 0.04048470318317413  Test abs: 0.03345622718334198  Test abs boundary: 0.04239774227142334  Time: 1.1018783953040838
Epoch: 216  Train rel: 0.026779592230916024  Test rel: 0.023706655353307723  Test abs: 0.019590525925159454  Test abs boundary: 0.029573520720005034  Time: 1.1014346200972795
Epoch: 217  Train rel: 0.024335363864898683  Test rel: 0.030354087054729462  Test abs: 0.02508132576942444  Test abs boundary: 0.03196902066469193  Time: 1.1031566113233566
Epoch: 218  Train rel: 0.024082600027322768  Test rel: 0.027949801981449127  Test abs: 0.023091190159320832  Test abs boundary: 0.03315988034009933  Time: 1.1015888368710876
Epoch: 219  Train rel: 0.0227952279150486  Test rel: 0.02515016943216324  Test abs: 0.020780203342437745  Test abs boundary: 0.02790660172700882  Time: 1.1032958617433906
Epoch: 220  Train rel: 0.022133068144321442  Test rel: 0.030576847791671753  Test abs: 0.02527415633201599  Test abs boundary: 0.03243032723665237  Time: 1.1009979858063161
Epoch: 221  Train rel: 0.02532449133694172  Test rel: 0.033313563764095305  Test abs: 0.02751548796892166  Test abs boundary: 0.03590160548686981  Time: 1.1010378249920905
Epoch: 222  Train rel: 0.02555439105629921  Test rel: 0.022218325436115266  Test abs: 0.018356427550315857  Test abs boundary: 0.026071927845478057  Time: 1.1038111406378448
Epoch: 223  Train rel: 0.022482645511627198  Test rel: 0.023628368079662322  Test abs: 0.019521049559116363  Test abs boundary: 0.02734485238790512  Time: 1.1009263969026506
Epoch: 224  Train rel: 0.025603031039237976  Test rel: 0.022539616227149964  Test abs: 0.01861697480082512  Test abs boundary: 0.02666509062051773  Time: 1.1015663133002818
Epoch: 225  Train rel: 0.022034215211868286  Test rel: 0.030587688982486726  Test abs: 0.025280162543058395  Test abs boundary: 0.03317595511674881  Time: 1.0998885710723698
Epoch: 226  Train rel: 0.023578492373228073  Test rel: 0.021788486242294312  Test abs: 0.017992938458919524  Test abs boundary: 0.026344281435012818  Time: 1.1015710500068963
Epoch: 227  Train rel: 0.021905432492494582  Test rel: 0.03537712395191193  Test abs: 0.02924044579267502  Test abs boundary: 0.03734549969434738  Time: 1.100982584990561
Epoch: 228  Train rel: 0.028120488703250884  Test rel: 0.02221296101808548  Test abs: 0.018351714015007018  Test abs boundary: 0.026525309979915618  Time: 1.1008390299975872
Epoch: 229  Train rel: 0.026513668000698088  Test rel: 0.027715157568454742  Test abs: 0.022902608811855317  Test abs boundary: 0.03272988170385361  Time: 1.1010408382862806
Epoch: 230  Train rel: 0.023569744914770128  Test rel: 0.022059630304574966  Test abs: 0.018219149112701415  Test abs boundary: 0.025637816786766052  Time: 1.1026560901664197
Epoch: 231  Train rel: 0.023698146373033524  Test rel: 0.022494719922542573  Test abs: 0.018590684980154037  Test abs boundary: 0.025718266516923903  Time: 1.1008966588415205
Epoch: 232  Train rel: 0.02165497325360775  Test rel: 0.02707211911678314  Test abs: 0.022376822531223296  Test abs boundary: 0.03116368532180786  Time: 1.1034001838415861
Epoch: 233  Train rel: 0.025804656147956847  Test rel: 0.029838513433933258  Test abs: 0.024662591218948364  Test abs boundary: 0.03597551554441452  Time: 1.1061132322065532
Epoch: 234  Train rel: 0.026208030611276627  Test rel: 0.0370818167924881  Test abs: 0.030643579959869386  Test abs boundary: 0.04027112990617752  Time: 1.1039145360700786
Epoch: 235  Train rel: 0.026294465482234956  Test rel: 0.026721190214157104  Test abs: 0.022078294456005097  Test abs boundary: 0.031762758493423464  Time: 1.1058209361508489
Epoch: 236  Train rel: 0.02349375055730343  Test rel: 0.022143118977546693  Test abs: 0.01829029217362404  Test abs boundary: 0.026987147331237794  Time: 1.10702374111861
Epoch: 237  Train rel: 0.0232465158700943  Test rel: 0.02350937619805336  Test abs: 0.01941234141588211  Test abs boundary: 0.027655740678310396  Time: 1.1067921980284154
Epoch: 238  Train rel: 0.02198634600639343  Test rel: 0.02119598791003227  Test abs: 0.01751163512468338  Test abs boundary: 0.025770552158355713  Time: 1.1053935708478093
Epoch: 239  Train rel: 0.02558716493844986  Test rel: 0.022407658398151398  Test abs: 0.018498633801937104  Test abs boundary: 0.027434900104999542  Time: 1.1077026049606502
Epoch: 240  Train rel: 0.021703426629304887  Test rel: 0.023784855008125307  Test abs: 0.01964530289173126  Test abs boundary: 0.027312042117118837  Time: 1.1043779351748526
Epoch: 241  Train rel: 0.0220852360278368  Test rel: 0.026597115099430083  Test abs: 0.02196879357099533  Test abs boundary: 0.02958297997713089  Time: 1.1094441898167133
Epoch: 242  Train rel: 0.022440343290567398  Test rel: 0.021429133862257005  Test abs: 0.01770253971219063  Test abs boundary: 0.025351338386535645  Time: 1.109025922138244
Epoch: 243  Train rel: 0.023085118904709816  Test rel: 0.022378222644329072  Test abs: 0.018483442068099976  Test abs boundary: 0.027244898080825804  Time: 1.1050059217959642
Epoch: 244  Train rel: 0.02237904143333435  Test rel: 0.022164076566696167  Test abs: 0.018298472464084625  Test abs boundary: 0.025015374422073366  Time: 1.1085097696632147
Epoch: 245  Train rel: 0.020960228726267814  Test rel: 0.02048477068543434  Test abs: 0.016918206959962843  Test abs boundary: 0.024817112684249878  Time: 1.1086529279127717
Epoch: 246  Train rel: 0.020675013542175293  Test rel: 0.02624827265739441  Test abs: 0.021682981699705124  Test abs boundary: 0.031982482969760896  Time: 1.1069956291466951
Epoch: 247  Train rel: 0.0227791151702404  Test rel: 0.024493564665317536  Test abs: 0.02023385539650917  Test abs boundary: 0.02917260080575943  Time: 1.1101817800663412
Epoch: 248  Train rel: 0.020771027952432634  Test rel: 0.024532394558191298  Test abs: 0.02027254268527031  Test abs boundary: 0.028155144155025482  Time: 1.1111563006415963
Epoch: 249  Train rel: 0.02180664911866188  Test rel: 0.03373294442892075  Test abs: 0.02788519352674484  Test abs boundary: 0.03483215510845184  Time: 1.1113182329572737
Epoch: 250  Train rel: 0.023635672584176065  Test rel: 0.021721557676792146  Test abs: 0.017943319082260132  Test abs boundary: 0.026328460574150087  Time: 1.1109263212420046
Epoch: 251  Train rel: 0.021884774684906006  Test rel: 0.02172421783208847  Test abs: 0.017948299646377563  Test abs boundary: 0.027125284969806672  Time: 1.1123903756961226
Epoch: 252  Train rel: 0.02026800738275051  Test rel: 0.02229164481163025  Test abs: 0.018419089615345  Test abs boundary: 0.026315608322620393  Time: 1.1124227000400424
Epoch: 253  Train rel: 0.023791604042053223  Test rel: 0.02171082004904747  Test abs: 0.01792806774377823  Test abs boundary: 0.02725983887910843  Time: 1.111818184144795
Epoch: 254  Train rel: 0.02163552701473236  Test rel: 0.02895850032567978  Test abs: 0.023927725851535797  Test abs boundary: 0.03212049096822739  Time: 1.1112738903611898
Epoch: 255  Train rel: 0.024819531187415124  Test rel: 0.028112424314022066  Test abs: 0.023224650025367735  Test abs boundary: 0.029255822896957398  Time: 1.1126806512475014
Epoch: 256  Train rel: 0.021908904641866685  Test rel: 0.022234386801719665  Test abs: 0.01837541788816452  Test abs boundary: 0.025435419231653215  Time: 1.1118247797712684
Epoch: 257  Train rel: 0.021338084608316422  Test rel: 0.019587269723415374  Test abs: 0.016175162196159363  Test abs boundary: 0.02384523496031761  Time: 1.1116292872466147
Epoch: 258  Train rel: 0.019981710121035577  Test rel: 0.026808376610279083  Test abs: 0.022143110781908035  Test abs boundary: 0.027903889119625092  Time: 1.1129703521728516
Epoch: 259  Train rel: 0.020377144783735274  Test rel: 0.022014123350381852  Test abs: 0.018190991282463074  Test abs boundary: 0.025205794721841812  Time: 1.1106985779479146
Epoch: 260  Train rel: 0.02029414129257202  Test rel: 0.020652138888835908  Test abs: 0.017054788172245025  Test abs boundary: 0.02491191640496254  Time: 1.1109733618795872
Epoch: 261  Train rel: 0.019702327728271483  Test rel: 0.022800059765577318  Test abs: 0.0188384348154068  Test abs boundary: 0.025583394169807434  Time: 1.1102533587254584
Epoch: 262  Train rel: 0.020792492374777795  Test rel: 0.020316205769777298  Test abs: 0.016782583445310594  Test abs boundary: 0.02540200814604759  Time: 1.1130031771026552
Epoch: 263  Train rel: 0.019961563125252723  Test rel: 0.022491620033979417  Test abs: 0.018579488694667814  Test abs boundary: 0.02657371908426285  Time: 1.1141639901325107
Epoch: 264  Train rel: 0.02104512432217598  Test rel: 0.020264547020196914  Test abs: 0.01673223525285721  Test abs boundary: 0.024555644094944  Time: 1.1115539129823446
Epoch: 265  Train rel: 0.019709737733006476  Test rel: 0.024882066696882248  Test abs: 0.020561627596616745  Test abs boundary: 0.02716651052236557  Time: 1.1144325355999172
Epoch: 266  Train rel: 0.02081733351945877  Test rel: 0.020709287226200104  Test abs: 0.017105269581079482  Test abs boundary: 0.02596877157688141  Time: 1.1140466029755771
Epoch: 267  Train rel: 0.022611596420407297  Test rel: 0.025228281021118164  Test abs: 0.020851217955350877  Test abs boundary: 0.02951242744922638  Time: 1.1150452001020312
Epoch: 268  Train rel: 0.023593713730573652  Test rel: 0.0329269552230835  Test abs: 0.027202429473400114  Test abs boundary: 0.034431197941303254  Time: 1.1128084347583354
Epoch: 269  Train rel: 0.021628208607435227  Test rel: 0.024521196186542513  Test abs: 0.02025443971157074  Test abs boundary: 0.028185349106788635  Time: 1.1157902739942074
Epoch: 270  Train rel: 0.02034398573637009  Test rel: 0.0206331105530262  Test abs: 0.017044112235307694  Test abs boundary: 0.024773396849632263  Time: 1.115385526791215
Epoch: 271  Train rel: 0.02047940218448639  Test rel: 0.021076771318912505  Test abs: 0.017406266033649444  Test abs boundary: 0.025702295005321504  Time: 1.1163081489503384
Epoch: 272  Train rel: 0.020507520198822023  Test rel: 0.023567185401916504  Test abs: 0.019471453279256822  Test abs boundary: 0.026968713998794556  Time: 1.1166551038622856
Epoch: 273  Train rel: 0.02001927348971367  Test rel: 0.026588226556777953  Test abs: 0.021964943408966063  Test abs boundary: 0.031186228692531584  Time: 1.115367705002427
Epoch: 274  Train rel: 0.02022424468398094  Test rel: 0.019903649985790254  Test abs: 0.0164396470785141  Test abs boundary: 0.023612323105335235  Time: 1.115674373228103
Epoch: 275  Train rel: 0.020032291159033776  Test rel: 0.0203064227104187  Test abs: 0.016773307770490645  Test abs boundary: 0.023995656371116638  Time: 1.116354278754443
Epoch: 276  Train rel: 0.01907974925637245  Test rel: 0.024373579919338226  Test abs: 0.020134999006986617  Test abs boundary: 0.02670003265142441  Time: 1.116479195188731
Epoch: 277  Train rel: 0.023257412135601042  Test rel: 0.024746333956718446  Test abs: 0.02044959008693695  Test abs boundary: 0.026636353731155395  Time: 1.117661200929433
Epoch: 278  Train rel: 0.0202209629714489  Test rel: 0.021040057241916658  Test abs: 0.017377829253673552  Test abs boundary: 0.024895392805337906  Time: 1.1189681491814554
Epoch: 279  Train rel: 0.019849935188889504  Test rel: 0.02281429335474968  Test abs: 0.018848752975463866  Test abs boundary: 0.02698755085468292  Time: 1.1187022519297898
Epoch: 280  Train rel: 0.022928982883691787  Test rel: 0.023685635626316072  Test abs: 0.019565102756023408  Test abs boundary: 0.02511940076947212  Time: 1.119711291976273
Epoch: 281  Train rel: 0.021019981026649474  Test rel: 0.020295727998018265  Test abs: 0.016758610755205156  Test abs boundary: 0.023554384410381317  Time: 1.1179774277843535
Epoch: 282  Train rel: 0.020061005532741545  Test rel: 0.02597720384597778  Test abs: 0.02146442875266075  Test abs boundary: 0.02849944621324539  Time: 1.118927313014865
Epoch: 283  Train rel: 0.020671891689300538  Test rel: 0.02301150843501091  Test abs: 0.01901245430111885  Test abs boundary: 0.025916088819503785  Time: 1.1173419621773064
Epoch: 284  Train rel: 0.020718831449747087  Test rel: 0.023915819823741913  Test abs: 0.019761592894792557  Test abs boundary: 0.027658251225948335  Time: 1.1198593922890723
Epoch: 285  Train rel: 0.020012652277946474  Test rel: 0.02280954837799072  Test abs: 0.018843241333961487  Test abs boundary: 0.025638706982135773  Time: 1.1185746327973902
Epoch: 286  Train rel: 0.01916077771782875  Test rel: 0.022671243548393248  Test abs: 0.018720975816249846  Test abs boundary: 0.02640936493873596  Time: 1.1207346050068736
Epoch: 287  Train rel: 0.019358413472771646  Test rel: 0.01939707249403  Test abs: 0.01602300152182579  Test abs boundary: 0.023549230694770815  Time: 1.1198590761050582
Epoch: 288  Train rel: 0.019243158861994743  Test rel: 0.0234823177754879  Test abs: 0.019393507540225983  Test abs boundary: 0.026959940791130066  Time: 1.12130606174469
Epoch: 289  Train rel: 0.02008910909295082  Test rel: 0.02352155536413193  Test abs: 0.0194331231713295  Test abs boundary: 0.02634096771478653  Time: 1.1208791630342603
Epoch: 290  Train rel: 0.01995320814847946  Test rel: 0.01898714393377304  Test abs: 0.01568597972393036  Test abs boundary: 0.022297063767910005  Time: 1.1206503291614354
Epoch: 291  Train rel: 0.018857789516448974  Test rel: 0.024175615161657334  Test abs: 0.019979023337364198  Test abs boundary: 0.02679491400718689  Time: 1.1204962376505136
Epoch: 292  Train rel: 0.018671770706772804  Test rel: 0.02225704789161682  Test abs: 0.01838945597410202  Test abs boundary: 0.024948011338710784  Time: 1.1202981239184737
Epoch: 293  Train rel: 0.02044345524907112  Test rel: 0.021288567781448366  Test abs: 0.01759437784552574  Test abs boundary: 0.025036087185144426  Time: 1.1212109732441604
Epoch: 294  Train rel: 0.019512388288974763  Test rel: 0.02455925777554512  Test abs: 0.020288254469633102  Test abs boundary: 0.028619758188724517  Time: 1.1201569261029363
Epoch: 295  Train rel: 0.01957767081260681  Test rel: 0.020986919403076173  Test abs: 0.017339916080236436  Test abs boundary: 0.024685056060552598  Time: 1.1203308547846973
Epoch: 296  Train rel: 0.020251801416277887  Test rel: 0.022451255917549134  Test abs: 0.018540662974119188  Test abs boundary: 0.02567207396030426  Time: 1.1206309599801898
Epoch: 297  Train rel: 0.01841818302869797  Test rel: 0.018478501439094543  Test abs: 0.01526171937584877  Test abs boundary: 0.021950220316648485  Time: 1.119735499843955
Epoch: 298  Train rel: 0.0191120482981205  Test rel: 0.0229899899661541  Test abs: 0.01900256931781769  Test abs boundary: 0.026469099521636962  Time: 1.1220578700304031
Epoch: 299  Train rel: 0.01881534780561924  Test rel: 0.018816072344779968  Test abs: 0.01553956925868988  Test abs boundary: 0.023077015280723572  Time: 1.119871981907636
Epoch: 300  Train rel: 0.019857651650905608  Test rel: 0.019309037923812868  Test abs: 0.01594920054078102  Test abs boundary: 0.02305283159017563  Time: 1.1194458431564271
Epoch: 301  Train rel: 0.019085272312164305  Test rel: 0.020787337720394136  Test abs: 0.01717097610235214  Test abs boundary: 0.023890996128320695  Time: 1.1220073136501014
Epoch: 302  Train rel: 0.018588659688830375  Test rel: 0.020922387540340422  Test abs: 0.017287502884864806  Test abs boundary: 0.0242721226811409  Time: 1.1188054899685085
Epoch: 303  Train rel: 0.0180313441157341  Test rel: 0.02177609324455261  Test abs: 0.01799238607287407  Test abs boundary: 0.025126391649246217  Time: 1.1173769780434668
Epoch: 304  Train rel: 0.01870657941699028  Test rel: 0.018171830177307127  Test abs: 0.015004044473171234  Test abs boundary: 0.02244987487792969  Time: 1.1169593040831387
Epoch: 305  Train rel: 0.018824478685855864  Test rel: 0.021704137474298477  Test abs: 0.017936629205942155  Test abs boundary: 0.02545832544565201  Time: 1.1160753876902163
Epoch: 306  Train rel: 0.018690847933292388  Test rel: 0.0194720196723938  Test abs: 0.016086305677890777  Test abs boundary: 0.023374612927436828  Time: 1.115258101373911
Epoch: 307  Train rel: 0.017894976511597632  Test rel: 0.01855028361082077  Test abs: 0.015316718816757202  Test abs boundary: 0.022411018311977386  Time: 1.1132958880625665
Epoch: 308  Train rel: 0.018122072517871856  Test rel: 0.018676997125148774  Test abs: 0.015421633571386338  Test abs boundary: 0.021863775849342345  Time: 1.114282545633614
Epoch: 309  Train rel: 0.017978516012430192  Test rel: 0.018490206748247147  Test abs: 0.015267770290374755  Test abs boundary: 0.02201526775956154  Time: 1.1128432820551097
Epoch: 310  Train rel: 0.020034001469612123  Test rel: 0.024167893826961516  Test abs: 0.019969365894794464  Test abs boundary: 0.02691800832748413  Time: 1.1105928369797766
Epoch: 311  Train rel: 0.018764660537242888  Test rel: 0.023354980945587158  Test abs: 0.019302908778190613  Test abs boundary: 0.025403820276260376  Time: 1.1096660061739385
Epoch: 312  Train rel: 0.01956470350921154  Test rel: 0.02338390991091728  Test abs: 0.019312660247087478  Test abs boundary: 0.026012007892131806  Time: 1.110494505148381
Epoch: 313  Train rel: 0.019374393731355667  Test rel: 0.02216444253921509  Test abs: 0.01831443026661873  Test abs boundary: 0.02491557002067566  Time: 1.1105504520237446
Epoch: 314  Train rel: 0.019520530670881272  Test rel: 0.023214264810085296  Test abs: 0.019185343980789183  Test abs boundary: 0.02523442164063454  Time: 1.1120577580295503
Epoch: 315  Train rel: 0.019910409867763518  Test rel: 0.019650576710700987  Test abs: 0.01623422309756279  Test abs boundary: 0.02297335222363472  Time: 1.1118966648355126
Epoch: 316  Train rel: 0.017723735377192497  Test rel: 0.017577835619449617  Test abs: 0.01451408639550209  Test abs boundary: 0.021054219007492065  Time: 1.1101204473525286
Epoch: 317  Train rel: 0.01759752395749092  Test rel: 0.018993073999881746  Test abs: 0.015687295943498613  Test abs boundary: 0.022573022842407225  Time: 1.109088456723839
Epoch: 318  Train rel: 0.017269505113363268  Test rel: 0.019567376524209975  Test abs: 0.01616151452064514  Test abs boundary: 0.02331780582666397  Time: 1.1094048228114843
Epoch: 319  Train rel: 0.01830395296216011  Test rel: 0.02031551644206047  Test abs: 0.016782364845275878  Test abs boundary: 0.025059544742107392  Time: 1.1114360252395272
Epoch: 320  Train rel: 0.01810637553036213  Test rel: 0.017765231728553772  Test abs: 0.014673256129026414  Test abs boundary: 0.021500765830278396  Time: 1.1099245911464095
Epoch: 321  Train rel: 0.017167691588401795  Test rel: 0.018009162247180938  Test abs: 0.014871618002653122  Test abs boundary: 0.021751027703285217  Time: 1.1099530179053545
Epoch: 322  Train rel: 0.017553007706999777  Test rel: 0.017849857211112975  Test abs: 0.014737599939107894  Test abs boundary: 0.021732133328914643  Time: 1.106780641246587
Epoch: 323  Train rel: 0.018922717928886414  Test rel: 0.024624271690845488  Test abs: 0.020344044119119643  Test abs boundary: 0.026989225447177887  Time: 1.1069942726753652
Epoch: 324  Train rel: 0.019993155136704445  Test rel: 0.021733288615942002  Test abs: 0.01795803740620613  Test abs boundary: 0.024724874645471573  Time: 1.1068830182775855
Epoch: 325  Train rel: 0.01812951987981796  Test rel: 0.018426062762737273  Test abs: 0.01521219328045845  Test abs boundary: 0.023714019060134886  Time: 1.1042943801730871
Epoch: 326  Train rel: 0.016991349264979364  Test rel: 0.01777280867099762  Test abs: 0.014677252620458603  Test abs boundary: 0.022358860969543457  Time: 1.1060624551028013
Epoch: 327  Train rel: 0.01718107418715954  Test rel: 0.01908049374818802  Test abs: 0.01575793817639351  Test abs boundary: 0.02264442026615143  Time: 1.105464891064912
Epoch: 328  Train rel: 0.017963937163352966  Test rel: 0.026358042657375336  Test abs: 0.021782182157039642  Test abs boundary: 0.028717870712280272  Time: 1.103228289168328
Epoch: 329  Train rel: 0.018584060698747636  Test rel: 0.018892279863357543  Test abs: 0.015608969628810882  Test abs boundary: 0.021804263442754747  Time: 1.1046262201853096
Epoch: 330  Train rel: 0.01848432168364525  Test rel: 0.019180731624364854  Test abs: 0.015840033292770384  Test abs boundary: 0.023042068630456925  Time: 1.1064278320409358
Epoch: 331  Train rel: 0.01798739790916443  Test rel: 0.018087243288755418  Test abs: 0.014937513321638108  Test abs boundary: 0.02129755586385727  Time: 1.102437833789736
Epoch: 332  Train rel: 0.017151928871870042  Test rel: 0.017122132182121278  Test abs: 0.01413624495267868  Test abs boundary: 0.020876280814409256  Time: 1.1029304512776434
Epoch: 333  Train rel: 0.017725251346826554  Test rel: 0.01824273735284805  Test abs: 0.015064629018306732  Test abs boundary: 0.021639091074466706  Time: 1.1025684289634228
Epoch: 334  Train rel: 0.018347195595502852  Test rel: 0.023567323833703996  Test abs: 0.019483489990234373  Test abs boundary: 0.02708677500486374  Time: 1.102580598089844
Epoch: 335  Train rel: 0.018153022319078446  Test rel: 0.018953870385885238  Test abs: 0.01564802587032318  Test abs boundary: 0.022291148900985717  Time: 1.1024551638402045
Epoch: 336  Train rel: 0.017802928388118745  Test rel: 0.024417324811220168  Test abs: 0.020173074156045915  Test abs boundary: 0.02595306694507599  Time: 1.1016426323913038
Epoch: 337  Train rel: 0.017684305220842363  Test rel: 0.017656447291374208  Test abs: 0.01458403006196022  Test abs boundary: 0.02204004019498825  Time: 1.1028873771429062
Epoch: 338  Train rel: 0.017452387154102324  Test rel: 0.025994279384613038  Test abs: 0.021481502652168274  Test abs boundary: 0.028658310770988463  Time: 1.1020110030658543
Epoch: 339  Train rel: 0.019462113708257674  Test rel: 0.021345876455307007  Test abs: 0.01763746380805969  Test abs boundary: 0.02412350133061409  Time: 1.1039571431465447
Epoch: 340  Train rel: 0.018141078874468804  Test rel: 0.01714918836951256  Test abs: 0.014164501279592514  Test abs boundary: 0.020577545315027236  Time: 1.1029891897924244
Epoch: 341  Train rel: 0.016772483989596368  Test rel: 0.01759494885802269  Test abs: 0.014529223442077637  Test abs boundary: 0.0214341402053833  Time: 1.1036557769402862
Epoch: 342  Train rel: 0.01702906768023968  Test rel: 0.019427098035812378  Test abs: 0.01605404883623123  Test abs boundary: 0.02229533314704895  Time: 1.101474683266133
Epoch: 343  Train rel: 0.01717682009935379  Test rel: 0.01742303878068924  Test abs: 0.014383247792720795  Test abs boundary: 0.020926987528800966  Time: 1.1034697541035712
Epoch: 344  Train rel: 0.01621545746922493  Test rel: 0.01819279432296753  Test abs: 0.015021666139364242  Test abs boundary: 0.02119460955262184  Time: 1.1041355724446476
Epoch: 345  Train rel: 0.016751554250717164  Test rel: 0.01909677416086197  Test abs: 0.015769335031509398  Test abs boundary: 0.02216644674539566  Time: 1.1046533803455532
Epoch: 346  Train rel: 0.016914791345596314  Test rel: 0.018225890547037125  Test abs: 0.015049493163824082  Test abs boundary: 0.02265655606985092  Time: 1.1024118191562593
Epoch: 347  Train rel: 0.017131082281470297  Test rel: 0.0168022283911705  Test abs: 0.013874646425247193  Test abs boundary: 0.02071393921971321  Time: 1.1040430846624076
Epoch: 348  Train rel: 0.016448913365602492  Test rel: 0.017327039539813995  Test abs: 0.014306787848472596  Test abs boundary: 0.02082654818892479  Time: 1.1058243736624718
Epoch: 349  Train rel: 0.01632164427638054  Test rel: 0.019888255894184113  Test abs: 0.01642728105187416  Test abs boundary: 0.023313422203063965  Time: 1.1033817059360445
Epoch: 350  Train rel: 0.017189358085393906  Test rel: 0.016978628933429718  Test abs: 0.014019356966018677  Test abs boundary: 0.020613746643066408  Time: 1.1047921902500093
Epoch: 351  Train rel: 0.017130484402179718  Test rel: 0.01967806726694107  Test abs: 0.016250213384628297  Test abs boundary: 0.022873833179473876  Time: 1.1060793190263212
Epoch: 352  Train rel: 0.01711456051468849  Test rel: 0.016665464490652083  Test abs: 0.013761561959981919  Test abs boundary: 0.020161921083927156  Time: 1.1035501537844539
Epoch: 353  Train rel: 0.017026808977127075  Test rel: 0.02070432186126709  Test abs: 0.017102919220924377  Test abs boundary: 0.022779534459114074  Time: 1.1053910641930997
Epoch: 354  Train rel: 0.017008111372590066  Test rel: 0.01730404019355774  Test abs: 0.014284617006778718  Test abs boundary: 0.02080944359302521  Time: 1.1053898520767689
Epoch: 355  Train rel: 0.01621159291267395  Test rel: 0.01693651556968689  Test abs: 0.01398243561387062  Test abs boundary: 0.02053727865219116  Time: 1.104246847331524
Epoch: 356  Train rel: 0.016229971945285797  Test rel: 0.017943751215934754  Test abs: 0.014817883521318435  Test abs boundary: 0.021758946776390075  Time: 1.105617593973875
Epoch: 357  Train rel: 0.019111328780651093  Test rel: 0.019252774566411973  Test abs: 0.01590355709195137  Test abs boundary: 0.022002222537994384  Time: 1.1056114481762052
Epoch: 358  Train rel: 0.016872413605451584  Test rel: 0.018821909725666046  Test abs: 0.015546347498893737  Test abs boundary: 0.02161031112074852  Time: 1.1062189228832722
Epoch: 359  Train rel: 0.01673784565925598  Test rel: 0.016802000403404235  Test abs: 0.013872853368520737  Test abs boundary: 0.020270332843065262  Time: 1.1067064367234707
Epoch: 360  Train rel: 0.0158709371984005  Test rel: 0.017741637676954268  Test abs: 0.014648001939058304  Test abs boundary: 0.020929776430130005  Time: 1.1043010638095438
Epoch: 361  Train rel: 0.01658550451695919  Test rel: 0.017597959488630296  Test abs: 0.014534867107868195  Test abs boundary: 0.02036902278661728  Time: 1.1043644370511174
Epoch: 362  Train rel: 0.016815657019615172  Test rel: 0.018470540046691894  Test abs: 0.015253032892942428  Test abs boundary: 0.021564700603485108  Time: 1.1057774950750172
Epoch: 363  Train rel: 0.017230671420693396  Test rel: 0.017288548052310945  Test abs: 0.014278607219457626  Test abs boundary: 0.02084768995642662  Time: 1.1066992562264204
Epoch: 364  Train rel: 0.016132297798991203  Test rel: 0.01815587505698204  Test abs: 0.014992756098508834  Test abs boundary: 0.021346504539251326  Time: 1.1055882391519845
Epoch: 365  Train rel: 0.017296467542648315  Test rel: 0.02066927954554558  Test abs: 0.017072203159332274  Test abs boundary: 0.023455822169780732  Time: 1.1051152241416276
Epoch: 366  Train rel: 0.016487015753984452  Test rel: 0.0171334907412529  Test abs: 0.014145482629537583  Test abs boundary: 0.02051139861345291  Time: 1.1085629360750318
Epoch: 367  Train rel: 0.01612648916244507  Test rel: 0.020335913300514222  Test abs: 0.016801694184541704  Test abs boundary: 0.02295034170150757  Time: 1.1045835269615054
Epoch: 368  Train rel: 0.016499241963028908  Test rel: 0.01703715354204178  Test abs: 0.014070823639631271  Test abs boundary: 0.019928412437438967  Time: 1.108657617121935
Epoch: 369  Train rel: 0.015972269579768182  Test rel: 0.016515512466430664  Test abs: 0.013640038818120957  Test abs boundary: 0.019945456385612487  Time: 1.1088963290676475
Epoch: 370  Train rel: 0.016213020890951158  Test rel: 0.016966307014226915  Test abs: 0.014007930308580399  Test abs boundary: 0.020186541080474855  Time: 1.1062140641734004
Epoch: 371  Train rel: 0.015794333055615426  Test rel: 0.016809552013874053  Test abs: 0.01387870728969574  Test abs boundary: 0.020657730400562287  Time: 1.1094608278945088
Epoch: 372  Train rel: 0.01590176595747471  Test rel: 0.01921672433614731  Test abs: 0.015871613919734955  Test abs boundary: 0.021831349283456803  Time: 1.108434708788991
Epoch: 373  Train rel: 0.01615073098242283  Test rel: 0.019015910029411318  Test abs: 0.01570363774895668  Test abs boundary: 0.02157835856080055  Time: 1.1101467180997133
Epoch: 374  Train rel: 0.01649050760269165  Test rel: 0.016323960572481155  Test abs: 0.01347794771194458  Test abs boundary: 0.01979268878698349  Time: 1.1078366609290242
Epoch: 375  Train rel: 0.016106485337018965  Test rel: 0.017309689670801164  Test abs: 0.014294334501028062  Test abs boundary: 0.020743554532527922  Time: 1.1088822507299483
Epoch: 376  Train rel: 0.015908734798431398  Test rel: 0.016203868687152862  Test abs: 0.013380319476127625  Test abs boundary: 0.01972780242562294  Time: 1.109741857741028
Epoch: 377  Train rel: 0.01551726821064949  Test rel: 0.016183555871248246  Test abs: 0.01336260959506035  Test abs boundary: 0.01963586553931236  Time: 1.1108689662069082
Epoch: 378  Train rel: 0.015338991612195969  Test rel: 0.016114726662635803  Test abs: 0.013305974453687667  Test abs boundary: 0.019417388290166857  Time: 1.1100833206437528
Epoch: 379  Train rel: 0.015362414300441742  Test rel: 0.016987687349319457  Test abs: 0.01402628242969513  Test abs boundary: 0.020160519182682038  Time: 1.1112750680185854
Epoch: 380  Train rel: 0.015651244908571244  Test rel: 0.016269210278987884  Test abs: 0.013431412726640701  Test abs boundary: 0.019385483115911484  Time: 1.1109231868758798
Epoch: 381  Train rel: 0.01607927420735359  Test rel: 0.016931300461292268  Test abs: 0.013983210623264313  Test abs boundary: 0.019696406126022338  Time: 1.1112317820079625
Epoch: 382  Train rel: 0.01547029486298561  Test rel: 0.016409830003976823  Test abs: 0.013548534065485  Test abs boundary: 0.019659214168787003  Time: 1.1104612704366446
Epoch: 383  Train rel: 0.015222643822431565  Test rel: 0.01728380173444748  Test abs: 0.01427409052848816  Test abs boundary: 0.02067240357398987  Time: 1.110763382166624
Epoch: 384  Train rel: 0.01573815631866455  Test rel: 0.01607467368245125  Test abs: 0.01327049896121025  Test abs boundary: 0.019566965997219087  Time: 1.1119879423640668
Epoch: 385  Train rel: 0.0152879598736763  Test rel: 0.01582172304391861  Test abs: 0.013062433451414108  Test abs boundary: 0.019134951531887056  Time: 1.1120198252610862
Epoch: 386  Train rel: 0.015155941665172578  Test rel: 0.016005572229623795  Test abs: 0.01321784883737564  Test abs boundary: 0.019470974802970886  Time: 1.112548468168825
Epoch: 387  Train rel: 0.015864854723215104  Test rel: 0.019975199103355407  Test abs: 0.016503164768218993  Test abs boundary: 0.02237964391708374  Time: 1.1116544008255005
Epoch: 388  Train rel: 0.01642566794157028  Test rel: 0.018155138939619064  Test abs: 0.014988968223333359  Test abs boundary: 0.020456250309944152  Time: 1.1126398518681526
Epoch: 389  Train rel: 0.015569285824894905  Test rel: 0.016075735539197923  Test abs: 0.013273991346359253  Test abs boundary: 0.01943770557641983  Time: 1.111113280057907
Epoch: 390  Train rel: 0.015503570392727851  Test rel: 0.01645331650972366  Test abs: 0.013587613552808762  Test abs boundary: 0.020120401829481126  Time: 1.1132070552557707
Epoch: 391  Train rel: 0.015738986939191818  Test rel: 0.017232058644294737  Test abs: 0.014231555610895157  Test abs boundary: 0.020708882659673692  Time: 1.1121406592428684
Epoch: 392  Train rel: 0.01527896699309349  Test rel: 0.017560530453920364  Test abs: 0.014503449499607086  Test abs boundary: 0.020822234451770782  Time: 1.1125127412378788
Epoch: 393  Train rel: 0.015342372924089432  Test rel: 0.017018725872039796  Test abs: 0.014056490659713745  Test abs boundary: 0.02004342049360275  Time: 1.1114222868345678
Epoch: 394  Train rel: 0.015240159660577774  Test rel: 0.015624042153358459  Test abs: 0.012900390923023223  Test abs boundary: 0.018842988908290864  Time: 1.1117846998386085
Epoch: 395  Train rel: 0.014913512110710144  Test rel: 0.015713395178318025  Test abs: 0.012974879145622254  Test abs boundary: 0.018958826065063477  Time: 1.112073034979403
Epoch: 396  Train rel: 0.0152016122341156  Test rel: 0.01611616089940071  Test abs: 0.013306764960289002  Test abs boundary: 0.01938119947910309  Time: 1.1119479066692293
Epoch: 397  Train rel: 0.015534012526273728  Test rel: 0.01576096460223198  Test abs: 0.013013630211353301  Test abs boundary: 0.018739313632249833  Time: 1.112147209700197
Epoch: 398  Train rel: 0.015080373719334602  Test rel: 0.015620821714401245  Test abs: 0.012896532267332077  Test abs boundary: 0.019141477048397065  Time: 1.1113164969719946
Epoch: 399  Train rel: 0.015077748000621796  Test rel: 0.01644268974661827  Test abs: 0.013578001260757446  Test abs boundary: 0.019978407323360443  Time: 1.1127202580682933
Epoch: 400  Train rel: 0.015150098264217376  Test rel: 0.015658033639192583  Test abs: 0.012928233742713928  Test abs boundary: 0.01911457359790802  Time: 1.112022238317877
Epoch: 401  Train rel: 0.014968837633728981  Test rel: 0.016237118393182755  Test abs: 0.01341027945280075  Test abs boundary: 0.019018065333366394  Time: 1.1139958621934056
Epoch: 402  Train rel: 0.015324226438999175  Test rel: 0.01579815536737442  Test abs: 0.013044534921646119  Test abs boundary: 0.01927227556705475  Time: 1.1142602758482099
Epoch: 403  Train rel: 0.014976804971694947  Test rel: 0.016029645204544068  Test abs: 0.01323751375079155  Test abs boundary: 0.019264459013938903  Time: 1.114777639042586
Epoch: 404  Train rel: 0.01517806613445282  Test rel: 0.016087681651115418  Test abs: 0.013283595889806748  Test abs boundary: 0.019238170385360718  Time: 1.116026097908616
Epoch: 405  Train rel: 0.015499362021684646  Test rel: 0.01618449091911316  Test abs: 0.013364189565181732  Test abs boundary: 0.019792394638061525  Time: 1.1135466978885233
Epoch: 406  Train rel: 0.015171529695391655  Test rel: 0.016444364190101625  Test abs: 0.013578057289123535  Test abs boundary: 0.019830806255340575  Time: 1.116608310956508
Epoch: 407  Train rel: 0.015788917571306228  Test rel: 0.016127111166715623  Test abs: 0.013319110572338104  Test abs boundary: 0.019190437495708465  Time: 1.1169119318947196
Epoch: 408  Train rel: 0.015215865075588227  Test rel: 0.016320049315690994  Test abs: 0.013478407710790634  Test abs boundary: 0.019331104159355163  Time: 1.1158782769925892
Epoch: 409  Train rel: 0.015294415906071663  Test rel: 0.015978230386972426  Test abs: 0.013192409574985504  Test abs boundary: 0.0191704586148262  Time: 1.1173221291974187
Epoch: 410  Train rel: 0.01500046968460083  Test rel: 0.01631202906370163  Test abs: 0.013470552563667297  Test abs boundary: 0.019508671760559083  Time: 1.1159060876816511
Epoch: 411  Train rel: 0.014914351731538773  Test rel: 0.016222656518220902  Test abs: 0.013396167159080506  Test abs boundary: 0.019706972241401673  Time: 1.1162989838048816
Epoch: 412  Train rel: 0.015179827421903611  Test rel: 0.015898957699537277  Test abs: 0.013128640055656433  Test abs boundary: 0.019111764132976532  Time: 1.1159921940416098
Epoch: 413  Train rel: 0.01474963292479515  Test rel: 0.016644070148468016  Test abs: 0.013747034072875976  Test abs boundary: 0.019661317467689513  Time: 1.1163358874619007
Epoch: 414  Train rel: 0.01476706051826477  Test rel: 0.01619631126523018  Test abs: 0.013369565457105636  Test abs boundary: 0.019371466785669325  Time: 1.1183197940699756
Epoch: 415  Train rel: 0.014747387528419495  Test rel: 0.015568326413631439  Test abs: 0.012855254709720612  Test abs boundary: 0.018622120320796968  Time: 1.1166129941120744
Epoch: 416  Train rel: 0.014787959724664687  Test rel: 0.016248687654733657  Test abs: 0.013416574001312256  Test abs boundary: 0.019285478293895722  Time: 1.1165878660976887
Epoch: 417  Train rel: 0.01468873018026352  Test rel: 0.015676458925008775  Test abs: 0.012945172041654587  Test abs boundary: 0.019065456092357637  Time: 1.1190581060945988
Epoch: 418  Train rel: 0.014552667468786239  Test rel: 0.015311996340751649  Test abs: 0.01264226958155632  Test abs boundary: 0.018596736639738085  Time: 1.1178139480762184
Epoch: 419  Train rel: 0.015062012791633606  Test rel: 0.01572010025382042  Test abs: 0.012980563193559646  Test abs boundary: 0.018629176914691924  Time: 1.1183283920399845
Epoch: 420  Train rel: 0.014824740707874299  Test rel: 0.016103639006614684  Test abs: 0.013295737951993942  Test abs boundary: 0.01926947146654129  Time: 1.1194387623108923
Epoch: 421  Train rel: 0.014837492406368256  Test rel: 0.01556457817554474  Test abs: 0.012853058576583863  Test abs boundary: 0.018762097507715226  Time: 1.1176892588846385
Epoch: 422  Train rel: 0.014700603559613229  Test rel: 0.015939435958862304  Test abs: 0.013160095065832138  Test abs boundary: 0.01898586958646774  Time: 1.118666937109083
Epoch: 423  Train rel: 0.015167423143982887  Test rel: 0.016374818086624145  Test abs: 0.013523245006799698  Test abs boundary: 0.01914512798190117  Time: 1.1186632569879293
Epoch: 424  Train rel: 0.014992829471826553  Test rel: 0.016524421274662016  Test abs: 0.013644539266824723  Test abs boundary: 0.019435510486364365  Time: 1.1200554487295449
Epoch: 425  Train rel: 0.014858064219355583  Test rel: 0.015318810045719146  Test abs: 0.012648279964923858  Test abs boundary: 0.018524426519870758  Time: 1.1521226200275123
Epoch: 426  Train rel: 0.01439362946152687  Test rel: 0.015262098461389541  Test abs: 0.012601639479398727  Test abs boundary: 0.01842804193496704  Time: 1.1206217827275395
Epoch: 427  Train rel: 0.014507169842720031  Test rel: 0.015507939308881759  Test abs: 0.0128047214448452  Test abs boundary: 0.018776073306798934  Time: 1.1234581437893212
Epoch: 428  Train rel: 0.014519016951322556  Test rel: 0.015615510195493698  Test abs: 0.012895073294639587  Test abs boundary: 0.018602283746004103  Time: 1.1224704156629741
Epoch: 429  Train rel: 0.014596301227807999  Test rel: 0.015347614288330078  Test abs: 0.012673210054636001  Test abs boundary: 0.01854535773396492  Time: 1.1219919347204268
Epoch: 430  Train rel: 0.014317756488919258  Test rel: 0.015371126681566238  Test abs: 0.01269200474023819  Test abs boundary: 0.018454300463199614  Time: 1.120760289952159
Epoch: 431  Train rel: 0.01450507977604866  Test rel: 0.015236459821462631  Test abs: 0.012579152137041092  Test abs boundary: 0.01855206221342087  Time: 1.1233369926922023
Epoch: 432  Train rel: 0.014511737883090972  Test rel: 0.0157120119035244  Test abs: 0.012972731590270997  Test abs boundary: 0.01875037357211113  Time: 1.1211337679997087
Epoch: 433  Train rel: 0.014590225487947464  Test rel: 0.015762168765068054  Test abs: 0.013015539944171905  Test abs boundary: 0.01867253541946411  Time: 1.1208146163262427
Epoch: 434  Train rel: 0.014587206915020943  Test rel: 0.015159979611635208  Test abs: 0.012516402155160904  Test abs boundary: 0.018316747546195986  Time: 1.1201264481060207
Epoch: 435  Train rel: 0.014426323056221008  Test rel: 0.016050700396299362  Test abs: 0.013254816681146621  Test abs boundary: 0.018726750314235686  Time: 1.1234489469788969
Epoch: 436  Train rel: 0.014468538254499435  Test rel: 0.015620400607585906  Test abs: 0.012899318039417266  Test abs boundary: 0.018632909953594207  Time: 1.1206960403360426
Epoch: 437  Train rel: 0.01450190743803978  Test rel: 0.01515633761882782  Test abs: 0.012513836920261383  Test abs boundary: 0.018297810405492783  Time: 1.1222587199881673
Epoch: 438  Train rel: 0.014441833049058914  Test rel: 0.015313468873500824  Test abs: 0.012642741203308105  Test abs boundary: 0.01835750386118889  Time: 1.1242780252359807
Epoch: 439  Train rel: 0.014330996975302697  Test rel: 0.015118523240089417  Test abs: 0.012482352405786514  Test abs boundary: 0.018203945457935335  Time: 1.1192888328805566
Epoch: 440  Train rel: 0.014255533307790755  Test rel: 0.015285816192626953  Test abs: 0.012623172402381897  Test abs boundary: 0.018334524035453797  Time: 1.1212824126705527
Epoch: 441  Train rel: 0.014239302590489387  Test rel: 0.015322309583425522  Test abs: 0.012651193365454673  Test abs boundary: 0.01838112622499466  Time: 1.119682751595974
Epoch: 442  Train rel: 0.01429225754737854  Test rel: 0.015297438204288482  Test abs: 0.012629873752593994  Test abs boundary: 0.018740245550870897  Time: 1.119745986070484
Epoch: 443  Train rel: 0.01440700475126505  Test rel: 0.015093545764684677  Test abs: 0.012462119311094285  Test abs boundary: 0.018275369107723236  Time: 1.1190250059589744
Epoch: 444  Train rel: 0.01444345709681511  Test rel: 0.015330678224563599  Test abs: 0.01265666887164116  Test abs boundary: 0.018463477343320846  Time: 1.1199080850929022
Epoch: 445  Train rel: 0.014246278807520867  Test rel: 0.015099417865276337  Test abs: 0.012466815412044524  Test abs boundary: 0.018306334614753724  Time: 1.120946366339922
Epoch: 446  Train rel: 0.014338326051831246  Test rel: 0.01568378195166588  Test abs: 0.012950824648141861  Test abs boundary: 0.01873213440179825  Time: 1.1175525411963463
Epoch: 447  Train rel: 0.014313031494617462  Test rel: 0.015290524661540985  Test abs: 0.012625313997268676  Test abs boundary: 0.018281549960374833  Time: 1.1158526479266584
Epoch: 448  Train rel: 0.014103543870151043  Test rel: 0.01506942331790924  Test abs: 0.012442294359207153  Test abs boundary: 0.018112996369600298  Time: 1.1149203591048717
Epoch: 449  Train rel: 0.014027648985385895  Test rel: 0.015014016777276993  Test abs: 0.01239630252122879  Test abs boundary: 0.01804820492863655  Time: 1.1121832458302379
Epoch: 450  Train rel: 0.01401480968296528  Test rel: 0.01522097259759903  Test abs: 0.012566677108407021  Test abs boundary: 0.018287259340286254  Time: 1.1108746151439846
Epoch: 451  Train rel: 0.014120227433741092  Test rel: 0.015030282586812972  Test abs: 0.012409515529870987  Test abs boundary: 0.01808476760983467  Time: 1.1128129661083221
Epoch: 452  Train rel: 0.014169338703155518  Test rel: 0.014962672293186187  Test abs: 0.012354150861501694  Test abs boundary: 0.018020595908164978  Time: 1.1116100489161909
Epoch: 453  Train rel: 0.014146653793752193  Test rel: 0.0150815387070179  Test abs: 0.012452407330274582  Test abs boundary: 0.018163583874702453  Time: 1.110763210337609
Epoch: 454  Train rel: 0.014080351293087006  Test rel: 0.015070975720882417  Test abs: 0.012443579509854317  Test abs boundary: 0.018149981051683427  Time: 1.110992417205125
Epoch: 455  Train rel: 0.014039728060364723  Test rel: 0.01510596215724945  Test abs: 0.012471276596188545  Test abs boundary: 0.018136977702379226  Time: 1.1092035891488194
Epoch: 456  Train rel: 0.01396291459351778  Test rel: 0.014950330853462219  Test abs: 0.01234356790781021  Test abs boundary: 0.01805969566106796  Time: 1.109684478957206
Epoch: 457  Train rel: 0.014048312172293662  Test rel: 0.014928835034370423  Test abs: 0.01232628084719181  Test abs boundary: 0.0179786117374897  Time: 1.1099567110650241
Epoch: 458  Train rel: 0.014127104163169861  Test rel: 0.015249097347259521  Test abs: 0.01259007066488266  Test abs boundary: 0.018254886269569396  Time: 1.1121305050328374
Epoch: 459  Train rel: 0.014316991120576859  Test rel: 0.015297779440879821  Test abs: 0.01262996882200241  Test abs boundary: 0.018340999782085417  Time: 1.110373259987682
Epoch: 460  Train rel: 0.014052142903208732  Test rel: 0.015376496464014053  Test abs: 0.012698386758565904  Test abs boundary: 0.018225440680980684  Time: 1.1078647677786648
Epoch: 461  Train rel: 0.0141043820977211  Test rel: 0.015088653415441513  Test abs: 0.012458825930953026  Test abs boundary: 0.01805310368537903  Time: 1.1077677528373897
Epoch: 462  Train rel: 0.013945536047220231  Test rel: 0.015098227560520172  Test abs: 0.012466765120625495  Test abs boundary: 0.018054028302431108  Time: 1.1065751952119172
Epoch: 463  Train rel: 0.014020464986562729  Test rel: 0.015001845806837081  Test abs: 0.012387346476316452  Test abs boundary: 0.018042393028736115  Time: 1.108243079856038
Epoch: 464  Train rel: 0.014046322703361511  Test rel: 0.014898104667663574  Test abs: 0.012300839498639107  Test abs boundary: 0.017891574800014496  Time: 1.1044677421450615
Epoch: 465  Train rel: 0.013952104642987252  Test rel: 0.015127323716878891  Test abs: 0.012490561231970787  Test abs boundary: 0.01807076245546341  Time: 1.106576457619667
Epoch: 466  Train rel: 0.014029504612088203  Test rel: 0.014901765286922455  Test abs: 0.01230270840227604  Test abs boundary: 0.017916692793369292  Time: 1.1041760640218854
Epoch: 467  Train rel: 0.013868943750858308  Test rel: 0.01492448091506958  Test abs: 0.012322603985667228  Test abs boundary: 0.01792620688676834  Time: 1.1048387088812888
Epoch: 468  Train rel: 0.013903976485133172  Test rel: 0.01496802195906639  Test abs: 0.012358003109693528  Test abs boundary: 0.01797886610031128  Time: 1.1060069580562413
Epoch: 469  Train rel: 0.01398136879503727  Test rel: 0.015057746320962906  Test abs: 0.012432656139135361  Test abs boundary: 0.01804333731532097  Time: 1.1037773806601763
Epoch: 470  Train rel: 0.013908635586500169  Test rel: 0.014866102486848831  Test abs: 0.012274118810892106  Test abs boundary: 0.017904684692621232  Time: 1.106220702175051
Epoch: 471  Train rel: 0.013874933883547783  Test rel: 0.015006538033485412  Test abs: 0.012390317022800445  Test abs boundary: 0.018020738065242767  Time: 1.1055302741006017
Epoch: 472  Train rel: 0.013890426963567733  Test rel: 0.014925003200769425  Test abs: 0.012322858572006226  Test abs boundary: 0.017945633232593537  Time: 1.102541645988822
Epoch: 473  Train rel: 0.013875418096780777  Test rel: 0.014868840724229813  Test abs: 0.012275638803839684  Test abs boundary: 0.017918043285608292  Time: 1.101411101873964
Epoch: 474  Train rel: 0.013904320418834687  Test rel: 0.014842611849308013  Test abs: 0.012254376709461213  Test abs boundary: 0.017829229533672334  Time: 1.1025718301534653
Epoch: 475  Train rel: 0.013855251431465149  Test rel: 0.0148920638859272  Test abs: 0.012295324131846428  Test abs boundary: 0.017929963022470474  Time: 1.1008619582280517
Epoch: 476  Train rel: 0.013837842971086502  Test rel: 0.01483350932598114  Test abs: 0.012247104421257973  Test abs boundary: 0.01783860206604004  Time: 1.1021946808323264
Epoch: 477  Train rel: 0.013862126410007477  Test rel: 0.014917277097702027  Test abs: 0.012315479069948197  Test abs boundary: 0.017938584983348847  Time: 1.1137909181416035
Epoch: 478  Train rel: 0.013892320185899735  Test rel: 0.014990733563899994  Test abs: 0.012377472966909409  Test abs boundary: 0.017964063882827758  Time: 1.1034719008021057
Epoch: 479  Train rel: 0.01387952433526516  Test rel: 0.014899830818176269  Test abs: 0.012301988303661346  Test abs boundary: 0.01791830122470856  Time: 1.1038708579726517
Epoch: 480  Train rel: 0.013848223611712457  Test rel: 0.014802845418453217  Test abs: 0.012221764475107193  Test abs boundary: 0.017813890278339385  Time: 1.1032733526080847
Epoch: 481  Train rel: 0.013813792839646339  Test rel: 0.014830787628889085  Test abs: 0.012244331166148186  Test abs boundary: 0.017822048366069793  Time: 1.1021582391113043
Epoch: 482  Train rel: 0.013868542209267616  Test rel: 0.014855311065912247  Test abs: 0.012265120670199393  Test abs boundary: 0.017829620689153673  Time: 1.101782106794417
Epoch: 483  Train rel: 0.013814878657460212  Test rel: 0.014840122014284134  Test abs: 0.01225267380475998  Test abs boundary: 0.017853600829839708  Time: 1.1021981118246913
Epoch: 484  Train rel: 0.013803317427635194  Test rel: 0.014872117936611175  Test abs: 0.012278704270720482  Test abs boundary: 0.017902824729681015  Time: 1.104129538871348
Epoch: 485  Train rel: 0.013835894286632539  Test rel: 0.014870271533727646  Test abs: 0.012277048230171204  Test abs boundary: 0.01790496736764908  Time: 1.1020679068751633
Epoch: 486  Train rel: 0.013792415857315063  Test rel: 0.014810119420289994  Test abs: 0.012227548211812973  Test abs boundary: 0.017810073494911195  Time: 1.1013034749776125
Epoch: 487  Train rel: 0.013817267030477524  Test rel: 0.014832993149757384  Test abs: 0.01224654123187065  Test abs boundary: 0.017858972549438478  Time: 1.101526680868119
Epoch: 488  Train rel: 0.013797920152544975  Test rel: 0.014812222868204116  Test abs: 0.012229164689779281  Test abs boundary: 0.017808626294136046  Time: 1.1004796912893653
Epoch: 489  Train rel: 0.013828484639525414  Test rel: 0.014824419319629668  Test abs: 0.012239604741334915  Test abs boundary: 0.017837966680526732  Time: 1.1014975565485656
Epoch: 490  Train rel: 0.013795789957046509  Test rel: 0.014898481369018555  Test abs: 0.012300981283187866  Test abs boundary: 0.017866219878196716  Time: 1.1011658310890198
Epoch: 491  Train rel: 0.013841455698013306  Test rel: 0.014936454445123672  Test abs: 0.01233259603381157  Test abs boundary: 0.017926467508077623  Time: 1.102062825113535
Epoch: 492  Train rel: 0.013804680243134498  Test rel: 0.014805665612220765  Test abs: 0.012223792523145675  Test abs boundary: 0.017815266251564026  Time: 1.1018897760659456
Epoch: 493  Train rel: 0.013782227873802184  Test rel: 0.014924731403589249  Test abs: 0.012322880178689957  Test abs boundary: 0.017897118031978607  Time: 1.1033595651388168
Epoch: 494  Train rel: 0.013829717427492142  Test rel: 0.014945832341909408  Test abs: 0.012340294197201729  Test abs boundary: 0.017918158769607544  Time: 1.1061488799750805
Epoch: 495  Train rel: 0.013819658875465393  Test rel: 0.014808356016874313  Test abs: 0.012226475030183792  Test abs boundary: 0.0177825790643692  Time: 1.1026317910291255
Epoch: 496  Train rel: 0.013794576346874237  Test rel: 0.01483546033501625  Test abs: 0.012248734682798386  Test abs boundary: 0.017828786671161653  Time: 1.1021167761646211
Epoch: 497  Train rel: 0.013783804148435592  Test rel: 0.014839930534362793  Test abs: 0.012252443358302117  Test abs boundary: 0.01783171683549881  Time: 1.1034681419841945
Epoch: 498  Train rel: 0.013768024519085884  Test rel: 0.014799069613218307  Test abs: 0.01221840649843216  Test abs boundary: 0.017792438119649888  Time: 1.105268135201186
Epoch: 499  Train rel: 0.013769581347703935  Test rel: 0.01482367992401123  Test abs: 0.012238688021898269  Test abs boundary: 0.017836450338363646  Time: 1.1023052297532558
