original data: in (2490, 221, 51, 2) out (2490, 221, 51)
used data: x_train (1000, 11271, 4) y_train (1000, 11271, 1) x_test (200, 11271, 4) y_test (200, 11271, 1)
############################################################ config of data ############################################################
L: 1.0
downsample_ratio: 1
n_train: 1000
n_test: 200
pca_include_input: False
pca_include_grid: False
should_include_F: False
should_flatten: True
should_compute_bases: True
############################################################ config of model ############################################################
in_dim: 4
out_dim: 1
fc_channels: 128
layer_channels: [64, 64, 64, 64, 64]
layer_types: ['GalerkinConv', 'GalerkinConv', 'GalerkinConv', 'GalerkinConv']
act: gelu
should_residual: [False, False, False, False]
modes_gk: [128, 128, 128, 128]
bases_types: ['fourier', 'fourier', 'fourier', 'fourier']
wbases_types: ['fourier', 'fourier', 'fourier', 'fourier']
green_types: ['AttnGreen', 'AttnGreen', 'AttnGreen', 'AttnGreen']
############################################################ config of train ############################################################
device: cuda
normalization_x: True
normalization_y: True
normalization_dim: []
epochs: 500
batch_size: 30
scheduler: OneCycleLR
base_lr: 0.001
weight_decay: 0.0001
milestones: None
scheduler_gamma: None
############################################################ Start Training ############################################################
number of parameters is 75329
no boundary loss
epoch0  rel.Train: 0.15834333395957947  rel.Test: 0.1518972659111023  abs.Test: 0.12563155889511107  abs.TestBoundary: 0j  time: 5.494698763359338
epoch1  rel.Train: 0.1576600215435028  rel.Test: 0.15158629655838013  abs.Test: 0.1253731679916382  abs.TestBoundary: 0j  time: 0.8194533349014819
epoch2  rel.Train: 0.15725767767429352  rel.Test: 0.1511406922340393  abs.Test: 0.12500565767288208  abs.TestBoundary: 0j  time: 0.8208264471031725
epoch3  rel.Train: 0.15667210030555725  rel.Test: 0.1502369785308838  abs.Test: 0.12425736069679261  abs.TestBoundary: 0j  time: 0.8205030844546854
epoch4  rel.Train: 0.15496919071674348  rel.Test: 0.14721290230751038  abs.Test: 0.12175562143325806  abs.TestBoundary: 0j  time: 0.8218202381394804
epoch5  rel.Train: 0.14653223621845246  rel.Test: 0.1286940324306488  abs.Test: 0.10643104016780854  abs.TestBoundary: 0j  time: 0.8206744338385761
epoch6  rel.Train: 0.1204525808095932  rel.Test: 0.10951539933681488  abs.Test: 0.09056419730186463  abs.TestBoundary: 0j  time: 0.8219627840444446
epoch7  rel.Train: 0.11227701044082641  rel.Test: 0.1088974529504776  abs.Test: 0.09002364397048951  abs.TestBoundary: 0j  time: 0.8223187038674951
epoch8  rel.Train: 0.11022655308246612  rel.Test: 0.10630890846252442  abs.Test: 0.08790972948074341  abs.TestBoundary: 0j  time: 0.821893054060638
epoch9  rel.Train: 0.1091484842300415  rel.Test: 0.10605551838874817  abs.Test: 0.08766153872013092  abs.TestBoundary: 0j  time: 0.8229241026565433
epoch10  rel.Train: 0.1073584851026535  rel.Test: 0.10408086419105529  abs.Test: 0.08603870272636413  abs.TestBoundary: 0j  time: 0.8220275691710413
epoch11  rel.Train: 0.10551457691192627  rel.Test: 0.10238356113433839  abs.Test: 0.08466324150562286  abs.TestBoundary: 0j  time: 0.8200319348834455
epoch12  rel.Train: 0.10490959453582764  rel.Test: 0.10192963719367981  abs.Test: 0.08429622888565064  abs.TestBoundary: 0j  time: 0.818311273586005
epoch13  rel.Train: 0.10470627927780152  rel.Test: 0.10213346302509307  abs.Test: 0.08444846391677857  abs.TestBoundary: 0j  time: 0.8208665419369936
epoch14  rel.Train: 0.10510657608509064  rel.Test: 0.10148196995258331  abs.Test: 0.08392547488212586  abs.TestBoundary: 0j  time: 0.8440297297202051
epoch15  rel.Train: 0.10490114283561706  rel.Test: 0.10078933179378509  abs.Test: 0.08334995090961456  abs.TestBoundary: 0j  time: 0.8382479581050575
epoch16  rel.Train: 0.10379008078575135  rel.Test: 0.10304312825202942  abs.Test: 0.08517241716384888  abs.TestBoundary: 0j  time: 0.8210347690619528
epoch17  rel.Train: 0.10404972088336945  rel.Test: 0.10132125198841095  abs.Test: 0.08376842856407166  abs.TestBoundary: 0j  time: 0.8148788139224052
epoch18  rel.Train: 0.10334572041034698  rel.Test: 0.10125881969928742  abs.Test: 0.08373841047286987  abs.TestBoundary: 0j  time: 0.817554091103375
epoch19  rel.Train: 0.10394562208652497  rel.Test: 0.10085319340229035  abs.Test: 0.08341073274612426  abs.TestBoundary: 0j  time: 0.8336690729483962
epoch20  rel.Train: 0.10340281653404236  rel.Test: 0.10027836740016938  abs.Test: 0.08293142318725585  abs.TestBoundary: 0j  time: 0.8224655268713832
epoch21  rel.Train: 0.10383766949176788  rel.Test: 0.10073849976062775  abs.Test: 0.08332874298095704  abs.TestBoundary: 0j  time: 0.8173505552113056
epoch22  rel.Train: 0.10329985642433166  rel.Test: 0.10180131375789642  abs.Test: 0.08417111694812775  abs.TestBoundary: 0j  time: 0.8161364481784403
epoch23  rel.Train: 0.10306799232959747  rel.Test: 0.1006811648607254  abs.Test: 0.08325119078159332  abs.TestBoundary: 0j  time: 0.8153463900089264
epoch24  rel.Train: 0.10275194311141968  rel.Test: 0.10058322548866272  abs.Test: 0.08317960619926452  abs.TestBoundary: 0j  time: 0.8156197052448988
epoch25  rel.Train: 0.10280410647392273  rel.Test: 0.09981238663196564  abs.Test: 0.08254635095596313  abs.TestBoundary: 0j  time: 0.8170062280260026
epoch26  rel.Train: 0.10321936058998107  rel.Test: 0.09997179329395295  abs.Test: 0.08269724607467652  abs.TestBoundary: 0j  time: 0.8152520093135536
epoch27  rel.Train: 0.10291436398029327  rel.Test: 0.10059673964977264  abs.Test: 0.08319692015647888  abs.TestBoundary: 0j  time: 0.8154836809262633
epoch28  rel.Train: 0.10306904369592666  rel.Test: 0.09948184251785279  abs.Test: 0.08226330578327179  abs.TestBoundary: 0j  time: 0.8165940917097032
epoch29  rel.Train: 0.10248069179058075  rel.Test: 0.09931727170944214  abs.Test: 0.08213872134685517  abs.TestBoundary: 0j  time: 0.8162364480085671
epoch30  rel.Train: 0.10232020151615143  rel.Test: 0.0992369920015335  abs.Test: 0.08206563413143159  abs.TestBoundary: 0j  time: 0.815924662631005
epoch31  rel.Train: 0.10233461201190948  rel.Test: 0.09945024847984314  abs.Test: 0.0822348690032959  abs.TestBoundary: 0j  time: 0.8164847688749433
epoch32  rel.Train: 0.10212403130531311  rel.Test: 0.09951022565364838  abs.Test: 0.0823171454668045  abs.TestBoundary: 0j  time: 0.8158757700584829
epoch33  rel.Train: 0.10244316673278808  rel.Test: 0.10011485636234284  abs.Test: 0.08278891921043396  abs.TestBoundary: 0j  time: 0.8162558698095381
epoch34  rel.Train: 0.10250956428050995  rel.Test: 0.1000054544210434  abs.Test: 0.08271248877048493  abs.TestBoundary: 0j  time: 0.8153666970320046
epoch35  rel.Train: 0.10227540183067321  rel.Test: 0.09909267902374268  abs.Test: 0.08194818794727325  abs.TestBoundary: 0j  time: 0.8158557498827577
epoch36  rel.Train: 0.10228602409362793  rel.Test: 0.09947156190872192  abs.Test: 0.08226195752620696  abs.TestBoundary: 0j  time: 0.8164049033075571
epoch37  rel.Train: 0.10256317484378814  rel.Test: 0.09924886047840119  abs.Test: 0.08209006428718567  abs.TestBoundary: 0j  time: 0.8154111611656845
epoch38  rel.Train: 0.10219693171977996  rel.Test: 0.09973376214504243  abs.Test: 0.08248820543289184  abs.TestBoundary: 0j  time: 0.8162331371568143
epoch39  rel.Train: 0.10215016961097717  rel.Test: 0.09946465253829956  abs.Test: 0.08227830350399018  abs.TestBoundary: 0j  time: 0.8157747811637819
epoch40  rel.Train: 0.10242612099647522  rel.Test: 0.10005102813243866  abs.Test: 0.08271101176738739  abs.TestBoundary: 0j  time: 0.8157208552584052
epoch41  rel.Train: 0.10201300203800201  rel.Test: 0.09958958268165588  abs.Test: 0.08237256407737732  abs.TestBoundary: 0j  time: 0.8159138136543334
epoch42  rel.Train: 0.101950060069561  rel.Test: 0.0990796959400177  abs.Test: 0.0819402927160263  abs.TestBoundary: 0j  time: 0.8169674058444798
epoch43  rel.Train: 0.10213797760009766  rel.Test: 0.09928561091423034  abs.Test: 0.08211151540279388  abs.TestBoundary: 0j  time: 0.8158849198371172
epoch44  rel.Train: 0.10190308141708374  rel.Test: 0.0994461053609848  abs.Test: 0.0822553163766861  abs.TestBoundary: 0j  time: 0.8147129383869469
epoch45  rel.Train: 0.10172338438034058  rel.Test: 0.09856106638908387  abs.Test: 0.08152525901794433  abs.TestBoundary: 0j  time: 0.8155887490138412
epoch46  rel.Train: 0.1018515796661377  rel.Test: 0.09957611680030823  abs.Test: 0.08234329581260681  abs.TestBoundary: 0j  time: 0.8152836239896715
epoch47  rel.Train: 0.10207173132896423  rel.Test: 0.10059861123561858  abs.Test: 0.0831547337770462  abs.TestBoundary: 0j  time: 0.8148956471122801
epoch48  rel.Train: 0.10172164916992188  rel.Test: 0.09845675528049469  abs.Test: 0.0814258462190628  abs.TestBoundary: 0j  time: 0.8154850122518837
epoch49  rel.Train: 0.10139593756198884  rel.Test: 0.10010258197784423  abs.Test: 0.08276824951171875  abs.TestBoundary: 0j  time: 0.8156511322595179
epoch50  rel.Train: 0.1018748921751976  rel.Test: 0.09892447113990784  abs.Test: 0.08180960595607757  abs.TestBoundary: 0j  time: 0.8156189960427582
epoch51  rel.Train: 0.10147152781486511  rel.Test: 0.09907750725746155  abs.Test: 0.08190683603286743  abs.TestBoundary: 0j  time: 0.8173168143257499
epoch52  rel.Train: 0.10125404834747315  rel.Test: 0.09861252009868622  abs.Test: 0.08153408288955688  abs.TestBoundary: 0j  time: 0.8162775123491883
epoch53  rel.Train: 0.10140630984306336  rel.Test: 0.09876917600631714  abs.Test: 0.08169142365455627  abs.TestBoundary: 0j  time: 0.8161497786641121
epoch54  rel.Train: 0.10153630542755127  rel.Test: 0.09990106344223022  abs.Test: 0.08258558273315429  abs.TestBoundary: 0j  time: 0.8181226882152259
epoch55  rel.Train: 0.10123782885074616  rel.Test: 0.09825110852718354  abs.Test: 0.08125252962112427  abs.TestBoundary: 0j  time: 0.8156732907518744
epoch56  rel.Train: 0.10135336828231811  rel.Test: 0.0984412533044815  abs.Test: 0.08141490936279297  abs.TestBoundary: 0j  time: 0.8179402099922299
epoch57  rel.Train: 0.10152906370162963  rel.Test: 0.09983107686042786  abs.Test: 0.08255851984024049  abs.TestBoundary: 0j  time: 0.8163999561220407
epoch58  rel.Train: 0.1022238757610321  rel.Test: 0.09794384062290191  abs.Test: 0.0810135817527771  abs.TestBoundary: 0j  time: 0.8175954488106072
epoch59  rel.Train: 0.10127957320213318  rel.Test: 0.09914106845855714  abs.Test: 0.08199405074119567  abs.TestBoundary: 0j  time: 0.8172410535626113
epoch60  rel.Train: 0.10123801565170289  rel.Test: 0.09844516158103943  abs.Test: 0.08139640927314758  abs.TestBoundary: 0j  time: 0.8163809729740024
epoch61  rel.Train: 0.10110675525665283  rel.Test: 0.09835835993289947  abs.Test: 0.08132704138755799  abs.TestBoundary: 0j  time: 0.8156586778350174
epoch62  rel.Train: 0.10108045339584351  rel.Test: 0.09845236539840699  abs.Test: 0.08139809548854827  abs.TestBoundary: 0j  time: 0.816986374091357
epoch63  rel.Train: 0.10105739212036133  rel.Test: 0.09805124163627625  abs.Test: 0.08110324919223785  abs.TestBoundary: 0j  time: 0.8167107063345611
epoch64  rel.Train: 0.10119047212600708  rel.Test: 0.09864237785339355  abs.Test: 0.08159400522708893  abs.TestBoundary: 0j  time: 0.8160135089419782
epoch65  rel.Train: 0.10113501465320587  rel.Test: 0.09966830670833587  abs.Test: 0.0823859679698944  abs.TestBoundary: 0j  time: 0.8159026480279863
epoch66  rel.Train: 0.10127974891662597  rel.Test: 0.09927590250968933  abs.Test: 0.0820902180671692  abs.TestBoundary: 0j  time: 0.8174531990662217
epoch67  rel.Train: 0.10105532765388489  rel.Test: 0.09988372325897217  abs.Test: 0.08261524856090546  abs.TestBoundary: 0j  time: 0.8170073539949954
epoch68  rel.Train: 0.10129505801200867  rel.Test: 0.09956940174102784  abs.Test: 0.08231841385364533  abs.TestBoundary: 0j  time: 0.8161965990439057
epoch69  rel.Train: 0.10136491453647614  rel.Test: 0.09862460374832153  abs.Test: 0.08153716206550599  abs.TestBoundary: 0j  time: 0.8172905528917909
epoch70  rel.Train: 0.10122480392456054  rel.Test: 0.09937327265739442  abs.Test: 0.08216125309467316  abs.TestBoundary: 0j  time: 0.8158280560746789
epoch71  rel.Train: 0.10105047178268432  rel.Test: 0.09831834316253663  abs.Test: 0.08131422281265259  abs.TestBoundary: 0j  time: 0.8154755816794932
epoch72  rel.Train: 0.10100748163461686  rel.Test: 0.09790942311286926  abs.Test: 0.08098184883594513  abs.TestBoundary: 0j  time: 0.8162266477011144
epoch73  rel.Train: 0.10138424861431122  rel.Test: 0.09874690651893615  abs.Test: 0.08167506396770477  abs.TestBoundary: 0j  time: 0.8177405907772481
epoch74  rel.Train: 0.10105437111854554  rel.Test: 0.09827921152114868  abs.Test: 0.0812837278842926  abs.TestBoundary: 0j  time: 0.8186592287383974
epoch75  rel.Train: 0.10114708238840103  rel.Test: 0.09962533354759216  abs.Test: 0.08237060070037842  abs.TestBoundary: 0j  time: 0.8158885440789163
epoch76  rel.Train: 0.10169507837295533  rel.Test: 0.0992585277557373  abs.Test: 0.08206812620162963  abs.TestBoundary: 0j  time: 0.8161524021998048
epoch77  rel.Train: 0.10098288214206695  rel.Test: 0.09957916915416717  abs.Test: 0.08230578184127807  abs.TestBoundary: 0j  time: 0.8167796647176147
epoch78  rel.Train: 0.10122569489479065  rel.Test: 0.10411113858222962  abs.Test: 0.08600888669490814  abs.TestBoundary: 0j  time: 0.8162658680230379
epoch79  rel.Train: 0.10139340209960937  rel.Test: 0.09935208559036254  abs.Test: 0.08217568635940552  abs.TestBoundary: 0j  time: 0.8162572719156742
epoch80  rel.Train: 0.10146883082389832  rel.Test: 0.09837553918361663  abs.Test: 0.08135073065757752  abs.TestBoundary: 0j  time: 0.8160673989914358
epoch81  rel.Train: 0.10090024721622468  rel.Test: 0.10135090231895447  abs.Test: 0.0837659204006195  abs.TestBoundary: 0j  time: 0.8185003628022969
epoch82  rel.Train: 0.10113617408275605  rel.Test: 0.09778650164604187  abs.Test: 0.080879927277565  abs.TestBoundary: 0j  time: 0.8156208917498589
epoch83  rel.Train: 0.10102464807033538  rel.Test: 0.09833067655563354  abs.Test: 0.0813217055797577  abs.TestBoundary: 0j  time: 0.8168361750431359
epoch84  rel.Train: 0.10102033030986786  rel.Test: 0.09872526943683624  abs.Test: 0.08164273500442505  abs.TestBoundary: 0j  time: 0.8175209420733154
epoch85  rel.Train: 0.10092044854164124  rel.Test: 0.09799388885498046  abs.Test: 0.08106692671775818  abs.TestBoundary: 0j  time: 0.8161417781375349
epoch86  rel.Train: 0.10079946386814118  rel.Test: 0.09773699223995208  abs.Test: 0.08085290551185607  abs.TestBoundary: 0j  time: 0.8157289111986756
epoch87  rel.Train: 0.10103470122814179  rel.Test: 0.09830801486968994  abs.Test: 0.08131063997745513  abs.TestBoundary: 0j  time: 0.8174854079261422
epoch88  rel.Train: 0.10093013435602188  rel.Test: 0.09828124463558197  abs.Test: 0.08126222968101501  abs.TestBoundary: 0j  time: 0.8157853079028428
epoch89  rel.Train: 0.10103153777122498  rel.Test: 0.09858600020408631  abs.Test: 0.08154516220092774  abs.TestBoundary: 0j  time: 0.8174041179008782
epoch90  rel.Train: 0.10092374539375305  rel.Test: 0.09779649198055268  abs.Test: 0.08086908102035523  abs.TestBoundary: 0j  time: 0.8152102190069854
epoch91  rel.Train: 0.10122155165672302  rel.Test: 0.09812351882457733  abs.Test: 0.0811681842803955  abs.TestBoundary: 0j  time: 0.8166046109981835
epoch92  rel.Train: 0.10093325412273407  rel.Test: 0.09783746480941773  abs.Test: 0.08091666638851165  abs.TestBoundary: 0j  time: 0.8157182172872126
epoch93  rel.Train: 0.10102065765857697  rel.Test: 0.0985343849658966  abs.Test: 0.0814804744720459  abs.TestBoundary: 0j  time: 0.8161369608715177
epoch94  rel.Train: 0.10097535526752471  rel.Test: 0.0983093523979187  abs.Test: 0.081274573802948  abs.TestBoundary: 0j  time: 0.815856222063303
epoch95  rel.Train: 0.10103728204965591  rel.Test: 0.0978864336013794  abs.Test: 0.08094787120819091  abs.TestBoundary: 0j  time: 0.8165428782813251
epoch96  rel.Train: 0.10081985366344452  rel.Test: 0.09987710058689117  abs.Test: 0.08254724979400635  abs.TestBoundary: 0j  time: 0.8175821700133383
epoch97  rel.Train: 0.1010364179611206  rel.Test: 0.09848894119262695  abs.Test: 0.08142310678958893  abs.TestBoundary: 0j  time: 0.8164358059875667
epoch98  rel.Train: 0.1009349627494812  rel.Test: 0.09789924502372742  abs.Test: 0.08097810983657837  abs.TestBoundary: 0j  time: 0.8156314953230321
epoch99  rel.Train: 0.10139516758918762  rel.Test: 0.09915195405483246  abs.Test: 0.08197893679141999  abs.TestBoundary: 0j  time: 0.8162298458628356
epoch100  rel.Train: 0.10093125402927398  rel.Test: 0.10035789668560029  abs.Test: 0.08294048428535461  abs.TestBoundary: 0j  time: 0.816137860994786
epoch101  rel.Train: 0.10111168956756592  rel.Test: 0.0975798600912094  abs.Test: 0.08071082532405853  abs.TestBoundary: 0j  time: 0.8174430108629167
epoch102  rel.Train: 0.10078952968120575  rel.Test: 0.09823677062988281  abs.Test: 0.08122461318969726  abs.TestBoundary: 0j  time: 0.8154714107513428
epoch103  rel.Train: 0.10086064618825913  rel.Test: 0.09816086292266846  abs.Test: 0.08116066813468933  abs.TestBoundary: 0j  time: 0.8182075670920312
epoch104  rel.Train: 0.10097157144546509  rel.Test: 0.097850221991539  abs.Test: 0.08091837584972382  abs.TestBoundary: 0j  time: 0.8159971702843904
epoch105  rel.Train: 0.10106043541431427  rel.Test: 0.09796521782875062  abs.Test: 0.08101603746414185  abs.TestBoundary: 0j  time: 0.8158615659922361
epoch106  rel.Train: 0.10084368884563447  rel.Test: 0.09808034002780915  abs.Test: 0.08112414360046387  abs.TestBoundary: 0j  time: 0.8168994970619678
epoch107  rel.Train: 0.10084865295886994  rel.Test: 0.09774103462696075  abs.Test: 0.0808472591638565  abs.TestBoundary: 0j  time: 0.8161965538747609
epoch108  rel.Train: 0.10065178084373474  rel.Test: 0.09795610845088959  abs.Test: 0.08099331974983215  abs.TestBoundary: 0j  time: 0.8164794510230422
epoch109  rel.Train: 0.10063350790739059  rel.Test: 0.097542764544487  abs.Test: 0.08066929399967193  abs.TestBoundary: 0j  time: 0.8159637376666069
epoch110  rel.Train: 0.10070181959867477  rel.Test: 0.09789327502250672  abs.Test: 0.08096455693244935  abs.TestBoundary: 0j  time: 0.8165167379193008
epoch111  rel.Train: 0.10092779809236527  rel.Test: 0.09801859736442566  abs.Test: 0.08106911063194275  abs.TestBoundary: 0j  time: 0.8158940961584449
epoch112  rel.Train: 0.10109670674800873  rel.Test: 0.09863003373146056  abs.Test: 0.08159097790718078  abs.TestBoundary: 0j  time: 0.8170497701503336
epoch113  rel.Train: 0.10078132498264313  rel.Test: 0.09751611411571502  abs.Test: 0.0806462049484253  abs.TestBoundary: 0j  time: 0.8170988103374839
epoch114  rel.Train: 0.10070529174804688  rel.Test: 0.09939195036888122  abs.Test: 0.08219622492790223  abs.TestBoundary: 0j  time: 0.8165275547653437
epoch115  rel.Train: 0.10079720026254654  rel.Test: 0.09891803503036499  abs.Test: 0.08184966444969177  abs.TestBoundary: 0j  time: 0.8168581947684288
epoch116  rel.Train: 0.10105624324083329  rel.Test: 0.09861313760280609  abs.Test: 0.08153322815895081  abs.TestBoundary: 0j  time: 0.816505285911262
epoch117  rel.Train: 0.1008084909915924  rel.Test: 0.0988896918296814  abs.Test: 0.08174513101577759  abs.TestBoundary: 0j  time: 0.816166736651212
epoch118  rel.Train: 0.10077745580673218  rel.Test: 0.09859830260276795  abs.Test: 0.08151797473430633  abs.TestBoundary: 0j  time: 0.8171773138456047
epoch119  rel.Train: 0.10083457994461059  rel.Test: 0.09774246752262115  abs.Test: 0.08083687424659729  abs.TestBoundary: 0j  time: 0.8158676302991807
epoch120  rel.Train: 0.10092804890871047  rel.Test: 0.09814814150333405  abs.Test: 0.08115148067474365  abs.TestBoundary: 0j  time: 0.8157209469936788
epoch121  rel.Train: 0.10086710870265961  rel.Test: 0.09940990686416626  abs.Test: 0.08221443891525268  abs.TestBoundary: 0j  time: 0.8161447532474995
epoch122  rel.Train: 0.10094580531120301  rel.Test: 0.09889115154743194  abs.Test: 0.08178063631057739  abs.TestBoundary: 0j  time: 0.8166443561203778
epoch123  rel.Train: 0.10069848066568375  rel.Test: 0.09814805388450623  abs.Test: 0.0811580914258957  abs.TestBoundary: 0j  time: 0.815342450980097
epoch124  rel.Train: 0.1008241874575615  rel.Test: 0.09821579933166504  abs.Test: 0.0812543773651123  abs.TestBoundary: 0j  time: 0.8164983950555325
epoch125  rel.Train: 0.10089263451099396  rel.Test: 0.09823599576950073  abs.Test: 0.08122310996055603  abs.TestBoundary: 0j  time: 0.8176402770914137
epoch126  rel.Train: 0.10083562469482422  rel.Test: 0.09874095916748046  abs.Test: 0.08163230538368225  abs.TestBoundary: 0j  time: 0.8164844303391874
epoch127  rel.Train: 0.10089794564247132  rel.Test: 0.097859006524086  abs.Test: 0.08095812797546387  abs.TestBoundary: 0j  time: 0.816504258196801
epoch128  rel.Train: 0.10080539560317993  rel.Test: 0.0978553581237793  abs.Test: 0.0809348303079605  abs.TestBoundary: 0j  time: 0.8178917849436402
epoch129  rel.Train: 0.10059986746311188  rel.Test: 0.0975395143032074  abs.Test: 0.08068177163600922  abs.TestBoundary: 0j  time: 0.817336053121835
epoch130  rel.Train: 0.10056632447242737  rel.Test: 0.09911929607391358  abs.Test: 0.08192853569984436  abs.TestBoundary: 0j  time: 0.8173026801086962
epoch131  rel.Train: 0.10088103687763214  rel.Test: 0.09909574627876282  abs.Test: 0.08195499062538147  abs.TestBoundary: 0j  time: 0.8154420629143715
epoch132  rel.Train: 0.1009699444770813  rel.Test: 0.09780320167541504  abs.Test: 0.08091504454612732  abs.TestBoundary: 0j  time: 0.817243445198983
epoch133  rel.Train: 0.10067275786399842  rel.Test: 0.0976266610622406  abs.Test: 0.0807529479265213  abs.TestBoundary: 0j  time: 0.8186806840822101
epoch134  rel.Train: 0.10091312599182128  rel.Test: 0.09793364584445953  abs.Test: 0.08098691463470459  abs.TestBoundary: 0j  time: 0.8163341749459505
epoch135  rel.Train: 0.10082760959863662  rel.Test: 0.09846000790596009  abs.Test: 0.08146498084068299  abs.TestBoundary: 0j  time: 0.8157680593430996
epoch136  rel.Train: 0.10098354589939118  rel.Test: 0.09840214729309082  abs.Test: 0.08135727643966675  abs.TestBoundary: 0j  time: 0.8170952391810715
epoch137  rel.Train: 0.10083556056022644  rel.Test: 0.097967329621315  abs.Test: 0.08104923903942109  abs.TestBoundary: 0j  time: 0.8167583681643009
epoch138  rel.Train: 0.10070777177810669  rel.Test: 0.09814383685588837  abs.Test: 0.08115297079086303  abs.TestBoundary: 0j  time: 0.8162523093633354
epoch139  rel.Train: 0.10080855917930603  rel.Test: 0.0979985511302948  abs.Test: 0.08103503108024597  abs.TestBoundary: 0j  time: 0.8166933497413993
epoch140  rel.Train: 0.10066915529966354  rel.Test: 0.09791872382164002  abs.Test: 0.08097779333591461  abs.TestBoundary: 0j  time: 0.8158118007704616
epoch141  rel.Train: 0.10126062268018722  rel.Test: 0.09896536946296691  abs.Test: 0.08181426882743835  abs.TestBoundary: 0j  time: 0.8180791647173464
epoch142  rel.Train: 0.10064681541919708  rel.Test: 0.09762973845005035  abs.Test: 0.08073931217193603  abs.TestBoundary: 0j  time: 0.8175588082522154
epoch143  rel.Train: 0.10065464985370635  rel.Test: 0.0987139630317688  abs.Test: 0.08162298679351807  abs.TestBoundary: 0j  time: 0.8179064239375293
epoch144  rel.Train: 0.10080057764053345  rel.Test: 0.09763729691505432  abs.Test: 0.08074164867401123  abs.TestBoundary: 0j  time: 0.8163175699301064
epoch145  rel.Train: 0.10071337735652923  rel.Test: 0.09979205131530762  abs.Test: 0.08252914965152741  abs.TestBoundary: 0j  time: 0.8160241600126028
epoch146  rel.Train: 0.10082425236701965  rel.Test: 0.09901117265224457  abs.Test: 0.08189269781112671  abs.TestBoundary: 0j  time: 0.8182754130102694
epoch147  rel.Train: 0.10078689074516296  rel.Test: 0.09781151711940765  abs.Test: 0.08090430617332459  abs.TestBoundary: 0j  time: 0.8166740322485566
epoch148  rel.Train: 0.10076360321044922  rel.Test: 0.09794013321399689  abs.Test: 0.08097820520401001  abs.TestBoundary: 0j  time: 0.8182635870762169
epoch149  rel.Train: 0.100546550989151  rel.Test: 0.098995521068573  abs.Test: 0.08183965384960175  abs.TestBoundary: 0j  time: 0.8194620520807803
epoch150  rel.Train: 0.10058847451210022  rel.Test: 0.09748220145702362  abs.Test: 0.08062977492809295  abs.TestBoundary: 0j  time: 0.8186246487312019
epoch151  rel.Train: 0.1007215805053711  rel.Test: 0.0982820725440979  abs.Test: 0.08126531362533569  abs.TestBoundary: 0j  time: 0.8180681336671114
epoch152  rel.Train: 0.10063692808151245  rel.Test: 0.09794960498809814  abs.Test: 0.08103274822235107  abs.TestBoundary: 0j  time: 0.8201449480839074
epoch153  rel.Train: 0.1005728120803833  rel.Test: 0.09926316022872925  abs.Test: 0.08208343863487244  abs.TestBoundary: 0j  time: 0.8165428559295833
epoch154  rel.Train: 0.10069864189624786  rel.Test: 0.09822084307670594  abs.Test: 0.08123773455619812  abs.TestBoundary: 0j  time: 0.8198662982322276
epoch155  rel.Train: 0.1009618468284607  rel.Test: 0.09899008393287659  abs.Test: 0.08182726860046387  abs.TestBoundary: 0j  time: 0.8190780589357018
epoch156  rel.Train: 0.1007306028008461  rel.Test: 0.09905879974365234  abs.Test: 0.0818878448009491  abs.TestBoundary: 0j  time: 0.8167445920407772
epoch157  rel.Train: 0.1007883415222168  rel.Test: 0.09755838871002197  abs.Test: 0.08069442391395569  abs.TestBoundary: 0j  time: 0.8174954182468355
epoch158  rel.Train: 0.10068660962581634  rel.Test: 0.09864476799964905  abs.Test: 0.08155542850494385  abs.TestBoundary: 0j  time: 0.8195955259725451
epoch159  rel.Train: 0.10050460529327393  rel.Test: 0.0973729532957077  abs.Test: 0.08054319262504578  abs.TestBoundary: 0j  time: 0.8198233861476183
epoch160  rel.Train: 0.10049362820386887  rel.Test: 0.09898379623889923  abs.Test: 0.08184837937355041  abs.TestBoundary: 0j  time: 0.8194898003712296
epoch161  rel.Train: 0.10089944899082184  rel.Test: 0.09842853665351868  abs.Test: 0.0813925313949585  abs.TestBoundary: 0j  time: 0.820544988848269
epoch162  rel.Train: 0.10115936887264251  rel.Test: 0.10084480941295623  abs.Test: 0.0833383297920227  abs.TestBoundary: 0j  time: 0.8211540961638093
epoch163  rel.Train: 0.10099604773521423  rel.Test: 0.09794455170631408  abs.Test: 0.0810158920288086  abs.TestBoundary: 0j  time: 0.8201296431943774
epoch164  rel.Train: 0.10053899383544922  rel.Test: 0.09774512887001037  abs.Test: 0.08082358598709107  abs.TestBoundary: 0j  time: 0.8196869129315019
epoch165  rel.Train: 0.10075227332115173  rel.Test: 0.09850483953952789  abs.Test: 0.08149561047554016  abs.TestBoundary: 0j  time: 0.8210550737567246
epoch166  rel.Train: 0.10093370747566223  rel.Test: 0.09770072937011719  abs.Test: 0.08080792248249054  abs.TestBoundary: 0j  time: 0.8207258563488722
epoch167  rel.Train: 0.10053145307302475  rel.Test: 0.09785944163799286  abs.Test: 0.08093881249427795  abs.TestBoundary: 0j  time: 0.8197358311153948
epoch168  rel.Train: 0.10061160337924957  rel.Test: 0.09761875450611114  abs.Test: 0.08072713255882263  abs.TestBoundary: 0j  time: 0.8196507547982037
epoch169  rel.Train: 0.10071372509002685  rel.Test: 0.09794395565986633  abs.Test: 0.08098994612693787  abs.TestBoundary: 0j  time: 0.8196576870977879
epoch170  rel.Train: 0.10077019560337067  rel.Test: 0.09774129629135132  abs.Test: 0.08082416415214538  abs.TestBoundary: 0j  time: 0.8198253358714283
epoch171  rel.Train: 0.10040981364250183  rel.Test: 0.09795648574829102  abs.Test: 0.08102629959583282  abs.TestBoundary: 0j  time: 0.8207162572070956
epoch172  rel.Train: 0.10070981800556184  rel.Test: 0.09792113721370697  abs.Test: 0.08096536159515381  abs.TestBoundary: 0j  time: 0.8200350878760219
epoch173  rel.Train: 0.10056848192214966  rel.Test: 0.09843196511268616  abs.Test: 0.08142321109771729  abs.TestBoundary: 0j  time: 0.8213569121435285
epoch174  rel.Train: 0.10074761885404587  rel.Test: 0.09848445415496826  abs.Test: 0.08147031903266906  abs.TestBoundary: 0j  time: 0.8210093998350203
epoch175  rel.Train: 0.10062925362586975  rel.Test: 0.0974876630306244  abs.Test: 0.08061856389045716  abs.TestBoundary: 0j  time: 0.8204170926474035
epoch176  rel.Train: 0.10053007751703262  rel.Test: 0.09759551942348481  abs.Test: 0.08071542382240296  abs.TestBoundary: 0j  time: 0.8196540549397469
epoch177  rel.Train: 0.10058683574199677  rel.Test: 0.09798496961593628  abs.Test: 0.08105168104171753  abs.TestBoundary: 0j  time: 0.8190805381163955
epoch178  rel.Train: 0.10113418281078339  rel.Test: 0.09768176019191742  abs.Test: 0.08078493773937226  abs.TestBoundary: 0j  time: 0.820935009047389
epoch179  rel.Train: 0.10060138189792633  rel.Test: 0.09759666085243225  abs.Test: 0.08071274280548096  abs.TestBoundary: 0j  time: 0.8192699011415243
epoch180  rel.Train: 0.10052295315265655  rel.Test: 0.09824065864086151  abs.Test: 0.08122617959976196  abs.TestBoundary: 0j  time: 0.8202773500233889
epoch181  rel.Train: 0.1006338416337967  rel.Test: 0.0982467246055603  abs.Test: 0.08125481724739075  abs.TestBoundary: 0j  time: 0.8218533731997013
epoch182  rel.Train: 0.1006432282924652  rel.Test: 0.09780938744544983  abs.Test: 0.08089273631572723  abs.TestBoundary: 0j  time: 0.8211289388127625
epoch183  rel.Train: 0.10039742422103883  rel.Test: 0.09836300313472748  abs.Test: 0.08131718039512634  abs.TestBoundary: 0j  time: 0.8219293430447578
epoch184  rel.Train: 0.10045951390266418  rel.Test: 0.0976167392730713  abs.Test: 0.08074135899543762  abs.TestBoundary: 0j  time: 0.8225282453931868
epoch185  rel.Train: 0.10078117597103119  rel.Test: 0.09783117711544037  abs.Test: 0.0809194004535675  abs.TestBoundary: 0j  time: 0.8227794519625604
epoch186  rel.Train: 0.10052414959669113  rel.Test: 0.09822251915931701  abs.Test: 0.08121474444866181  abs.TestBoundary: 0j  time: 0.8219330823048949
epoch187  rel.Train: 0.10089666187763215  rel.Test: 0.09788388252258301  abs.Test: 0.08094668626785279  abs.TestBoundary: 0j  time: 0.823445304762572
epoch188  rel.Train: 0.10057148540019989  rel.Test: 0.09771716833114624  abs.Test: 0.0808150041103363  abs.TestBoundary: 0j  time: 0.8234362979419529
epoch189  rel.Train: 0.10067920106649399  rel.Test: 0.09802419900894165  abs.Test: 0.0810893714427948  abs.TestBoundary: 0j  time: 0.8226525909267366
epoch190  rel.Train: 0.1008510217666626  rel.Test: 0.09830108761787415  abs.Test: 0.08127574861049652  abs.TestBoundary: 0j  time: 0.824313944671303
epoch191  rel.Train: 0.10045205616950989  rel.Test: 0.09750546157360077  abs.Test: 0.08065627813339234  abs.TestBoundary: 0j  time: 0.8247194066643715
epoch192  rel.Train: 0.10066631925106048  rel.Test: 0.09820899367332458  abs.Test: 0.08121510624885558  abs.TestBoundary: 0j  time: 0.8231254681013525
epoch193  rel.Train: 0.10059345626831055  rel.Test: 0.09829273283481597  abs.Test: 0.0812644338607788  abs.TestBoundary: 0j  time: 0.823553322814405
epoch194  rel.Train: 0.10058286046981811  rel.Test: 0.09733729243278504  abs.Test: 0.08050616264343262  abs.TestBoundary: 0j  time: 0.824786146171391
epoch195  rel.Train: 0.1004897888302803  rel.Test: 0.098196622133255  abs.Test: 0.0812119722366333  abs.TestBoundary: 0j  time: 0.823459847830236
epoch196  rel.Train: 0.10082413244247436  rel.Test: 0.0984416252374649  abs.Test: 0.08138561606407166  abs.TestBoundary: 0j  time: 0.8244384112767875
epoch197  rel.Train: 0.1006517397761345  rel.Test: 0.09778107285499572  abs.Test: 0.0808664047718048  abs.TestBoundary: 0j  time: 0.8238576799631119
epoch198  rel.Train: 0.1005726273059845  rel.Test: 0.09775205850601196  abs.Test: 0.08082941055297851  abs.TestBoundary: 0j  time: 0.8246560953557491
epoch199  rel.Train: 0.10050889837741851  rel.Test: 0.09768890500068665  abs.Test: 0.08078489124774933  abs.TestBoundary: 0j  time: 0.8241459089331329
epoch200  rel.Train: 0.10040088796615601  rel.Test: 0.09822052538394928  abs.Test: 0.08124174296855927  abs.TestBoundary: 0j  time: 0.8251520940102637
epoch201  rel.Train: 0.10049783074855805  rel.Test: 0.09778734207153321  abs.Test: 0.08086233973503112  abs.TestBoundary: 0j  time: 0.8248369689099491
epoch202  rel.Train: 0.10033759707212449  rel.Test: 0.09744156181812286  abs.Test: 0.08060627818107605  abs.TestBoundary: 0j  time: 0.8258455987088382
epoch203  rel.Train: 0.10051685643196107  rel.Test: 0.09926675975322724  abs.Test: 0.08206709265708924  abs.TestBoundary: 0j  time: 0.8273036861792207
epoch204  rel.Train: 0.10078837847709655  rel.Test: 0.09825266718864441  abs.Test: 0.08123907446861267  abs.TestBoundary: 0j  time: 0.8259886251762509
epoch205  rel.Train: 0.10073322319984436  rel.Test: 0.09785171091556549  abs.Test: 0.08094129264354706  abs.TestBoundary: 0j  time: 0.825872431974858
epoch206  rel.Train: 0.10056037414073944  rel.Test: 0.0975380289554596  abs.Test: 0.08065505385398865  abs.TestBoundary: 0j  time: 0.8277049288153648
epoch207  rel.Train: 0.10043859565258026  rel.Test: 0.09870537996292114  abs.Test: 0.081611647605896  abs.TestBoundary: 0j  time: 0.8283774200826883
epoch208  rel.Train: 0.10042292737960816  rel.Test: 0.09744133055210114  abs.Test: 0.08058849930763244  abs.TestBoundary: 0j  time: 0.8266879050061107
epoch209  rel.Train: 0.10032491064071655  rel.Test: 0.09748710751533508  abs.Test: 0.08062629461288452  abs.TestBoundary: 0j  time: 0.8262724252417684
epoch210  rel.Train: 0.10054759848117828  rel.Test: 0.09749369978904725  abs.Test: 0.08062490344047546  abs.TestBoundary: 0j  time: 0.8270003981888294
epoch211  rel.Train: 0.1004282631278038  rel.Test: 0.09765759229660034  abs.Test: 0.08076899945735931  abs.TestBoundary: 0j  time: 0.8274326687678695
epoch212  rel.Train: 0.10045691889524459  rel.Test: 0.09771581411361695  abs.Test: 0.08081134557723998  abs.TestBoundary: 0j  time: 0.8275781511329114
epoch213  rel.Train: 0.10045405089855194  rel.Test: 0.09722572088241577  abs.Test: 0.08041560173034668  abs.TestBoundary: 0j  time: 0.8290913728997111
epoch214  rel.Train: 0.10041562271118164  rel.Test: 0.0974895578622818  abs.Test: 0.0806240212917328  abs.TestBoundary: 0j  time: 0.8281866079196334
epoch215  rel.Train: 0.1003317374587059  rel.Test: 0.09850060701370239  abs.Test: 0.08143847584724426  abs.TestBoundary: 0j  time: 0.8296278230845928
epoch216  rel.Train: 0.10030427813529968  rel.Test: 0.09864766955375671  abs.Test: 0.08155205011367798  abs.TestBoundary: 0j  time: 0.8310169889591634
epoch217  rel.Train: 0.10057709360122681  rel.Test: 0.09831210315227508  abs.Test: 0.081279479265213  abs.TestBoundary: 0j  time: 0.8296711621806026
epoch218  rel.Train: 0.10053784763813019  rel.Test: 0.09747329473495484  abs.Test: 0.0806171703338623  abs.TestBoundary: 0j  time: 0.8303593681193888
epoch219  rel.Train: 0.10030555403232574  rel.Test: 0.0979941427707672  abs.Test: 0.08102652549743652  abs.TestBoundary: 0j  time: 0.8299304088577628
epoch220  rel.Train: 0.1004069772362709  rel.Test: 0.09882393300533295  abs.Test: 0.08171223759651185  abs.TestBoundary: 0j  time: 0.8290481911972165
epoch221  rel.Train: 0.10034951066970825  rel.Test: 0.09824974417686462  abs.Test: 0.08122124195098877  abs.TestBoundary: 0j  time: 0.8291278826072812
epoch222  rel.Train: 0.10037718379497527  rel.Test: 0.09762267887592316  abs.Test: 0.08073151588439942  abs.TestBoundary: 0j  time: 0.8310164040885866
epoch223  rel.Train: 0.10018255096673966  rel.Test: 0.09755170583724976  abs.Test: 0.08066892206668853  abs.TestBoundary: 0j  time: 0.8302285792306066
epoch224  rel.Train: 0.10029476642608642  rel.Test: 0.09743868708610534  abs.Test: 0.08060223877429962  abs.TestBoundary: 0j  time: 0.83167494693771
epoch225  rel.Train: 0.10050699126720429  rel.Test: 0.09762834668159485  abs.Test: 0.08073728919029236  abs.TestBoundary: 0j  time: 0.8325468841940165
epoch226  rel.Train: 0.1003326255083084  rel.Test: 0.09748060166835786  abs.Test: 0.08061525344848633  abs.TestBoundary: 0j  time: 0.8324800138361752
epoch227  rel.Train: 0.10056584924459458  rel.Test: 0.09784325778484344  abs.Test: 0.0809241235256195  abs.TestBoundary: 0j  time: 0.8317566541954875
epoch228  rel.Train: 0.10040130496025085  rel.Test: 0.09743798851966858  abs.Test: 0.0806005322933197  abs.TestBoundary: 0j  time: 0.8342405911535025
epoch229  rel.Train: 0.10035536932945252  rel.Test: 0.09740018248558044  abs.Test: 0.08055685758590699  abs.TestBoundary: 0j  time: 0.8354978277347982
epoch230  rel.Train: 0.1001926726102829  rel.Test: 0.0975667428970337  abs.Test: 0.08067089676856995  abs.TestBoundary: 0j  time: 0.8346940479241312
epoch231  rel.Train: 0.10034342765808106  rel.Test: 0.09761479020118713  abs.Test: 0.08072004795074463  abs.TestBoundary: 0j  time: 0.8354212557896972
epoch232  rel.Train: 0.09997208571434021  rel.Test: 0.09698369860649109  abs.Test: 0.08022210478782654  abs.TestBoundary: 0j  time: 0.8363849921151996
epoch233  rel.Train: 0.10001446104049683  rel.Test: 0.09752666711807251  abs.Test: 0.08064205229282378  abs.TestBoundary: 0j  time: 0.8353757318109274
epoch234  rel.Train: 0.10001384043693543  rel.Test: 0.09708225607872009  abs.Test: 0.08028919100761414  abs.TestBoundary: 0j  time: 0.8371827639639378
epoch235  rel.Train: 0.10003526818752288  rel.Test: 0.09792279839515686  abs.Test: 0.08098192691802979  abs.TestBoundary: 0j  time: 0.8365111718885601
epoch236  rel.Train: 0.09982815563678742  rel.Test: 0.09641444563865662  abs.Test: 0.07974443435668946  abs.TestBoundary: 0j  time: 0.8363122409209609
epoch237  rel.Train: 0.09999188882112503  rel.Test: 0.09693938970565796  abs.Test: 0.08017338335514068  abs.TestBoundary: 0j  time: 0.8380726622417569
epoch238  rel.Train: 0.09976534247398376  rel.Test: 0.09706826090812683  abs.Test: 0.08027076363563537  abs.TestBoundary: 0j  time: 0.8375190771184862
epoch239  rel.Train: 0.09952413845062257  rel.Test: 0.0968284809589386  abs.Test: 0.08006732940673827  abs.TestBoundary: 0j  time: 0.8392190737649798
epoch240  rel.Train: 0.09923689091205597  rel.Test: 0.09640679836273193  abs.Test: 0.07974296927452088  abs.TestBoundary: 0j  time: 0.8366593709215522
epoch241  rel.Train: 0.09919869863986969  rel.Test: 0.09745867967605591  abs.Test: 0.08058402299880982  abs.TestBoundary: 0j  time: 0.8373647290281951
epoch242  rel.Train: 0.09920941430330277  rel.Test: 0.09610276877880096  abs.Test: 0.07947072744369507  abs.TestBoundary: 0j  time: 0.8388946140184999
epoch243  rel.Train: 0.09915269923210145  rel.Test: 0.09763442933559417  abs.Test: 0.0807224851846695  abs.TestBoundary: 0j  time: 0.837643823120743
epoch244  rel.Train: 0.09913847875595093  rel.Test: 0.09630623400211334  abs.Test: 0.07966413915157318  abs.TestBoundary: 0j  time: 0.8371385433711112
epoch245  rel.Train: 0.09895921349525452  rel.Test: 0.09603730440139771  abs.Test: 0.07940663814544678  abs.TestBoundary: 0j  time: 0.8387389839626849
epoch246  rel.Train: 0.09838525652885437  rel.Test: 0.09715339303016662  abs.Test: 0.08034407079219819  abs.TestBoundary: 0j  time: 0.8349990621209145
epoch247  rel.Train: 0.09825469487905503  rel.Test: 0.09665340065956116  abs.Test: 0.07990671336650848  abs.TestBoundary: 0j  time: 0.8368811449036002
epoch248  rel.Train: 0.09821741557121277  rel.Test: 0.09540194690227509  abs.Test: 0.07889446377754211  abs.TestBoundary: 0j  time: 0.8354956400580704
epoch249  rel.Train: 0.09777312594652175  rel.Test: 0.0968507319688797  abs.Test: 0.08005607008934021  abs.TestBoundary: 0j  time: 0.8342944607138634
epoch250  rel.Train: 0.09806103944778442  rel.Test: 0.09667531430721282  abs.Test: 0.07995941996574402  abs.TestBoundary: 0j  time: 0.8358850860968232
epoch251  rel.Train: 0.09786079108715057  rel.Test: 0.09638453662395477  abs.Test: 0.07967883229255676  abs.TestBoundary: 0j  time: 0.8350727190263569
epoch252  rel.Train: 0.0977784149646759  rel.Test: 0.09866447687149048  abs.Test: 0.08154820263385773  abs.TestBoundary: 0j  time: 0.8353889212012291
epoch253  rel.Train: 0.0975329778790474  rel.Test: 0.09568951785564422  abs.Test: 0.07915891468524933  abs.TestBoundary: 0j  time: 0.8337820069864392
epoch254  rel.Train: 0.09684795665740967  rel.Test: 0.09371340274810791  abs.Test: 0.07749420523643494  abs.TestBoundary: 0j  time: 0.8316845330409706
epoch255  rel.Train: 0.09658008241653443  rel.Test: 0.09901276409626007  abs.Test: 0.08187326908111572  abs.TestBoundary: 0j  time: 0.83191396901384
epoch256  rel.Train: 0.09689122033119202  rel.Test: 0.09543210625648499  abs.Test: 0.0788813018798828  abs.TestBoundary: 0j  time: 0.8317118771374226
epoch257  rel.Train: 0.09610016667842865  rel.Test: 0.09417889714241028  abs.Test: 0.07787606716156006  abs.TestBoundary: 0j  time: 0.8305300632491708
epoch258  rel.Train: 0.09557260286808014  rel.Test: 0.0927168619632721  abs.Test: 0.07667838215827942  abs.TestBoundary: 0j  time: 0.8307654070667922
epoch259  rel.Train: 0.09519763100147248  rel.Test: 0.09167034804821014  abs.Test: 0.07581321060657502  abs.TestBoundary: 0j  time: 0.827768983785063
epoch260  rel.Train: 0.09548907792568206  rel.Test: 0.09216654419898987  abs.Test: 0.07622360050678254  abs.TestBoundary: 0j  time: 0.827717156149447
epoch261  rel.Train: 0.09565082383155822  rel.Test: 0.0962779974937439  abs.Test: 0.07961921930313111  abs.TestBoundary: 0j  time: 0.8275618911720812
epoch262  rel.Train: 0.09568638336658478  rel.Test: 0.0924317318201065  abs.Test: 0.07644226968288421  abs.TestBoundary: 0j  time: 0.8264874517917633
epoch263  rel.Train: 0.09518148577213287  rel.Test: 0.09335341989994049  abs.Test: 0.07718242168426513  abs.TestBoundary: 0j  time: 0.8268855740316212
epoch264  rel.Train: 0.09496806019544601  rel.Test: 0.09216529488563538  abs.Test: 0.0761983835697174  abs.TestBoundary: 0j  time: 0.8277391041629016
epoch265  rel.Train: 0.09330831372737884  rel.Test: 0.09079056978225708  abs.Test: 0.07509057581424713  abs.TestBoundary: 0j  time: 0.8252992732450366
epoch266  rel.Train: 0.09364879548549652  rel.Test: 0.09097698211669922  abs.Test: 0.07523664951324463  abs.TestBoundary: 0j  time: 0.8240937958471477
epoch267  rel.Train: 0.09112912774085999  rel.Test: 0.09156628847122192  abs.Test: 0.07566260933876037  abs.TestBoundary: 0j  time: 0.823562063742429
epoch268  rel.Train: 0.08503534764051437  rel.Test: 0.08080074906349183  abs.Test: 0.06679402530193329  abs.TestBoundary: 0j  time: 0.823190201073885
epoch269  rel.Train: 0.08319760167598725  rel.Test: 0.08198087096214295  abs.Test: 0.06776848614215851  abs.TestBoundary: 0j  time: 0.8236984428949654
epoch270  rel.Train: 0.07978742772340774  rel.Test: 0.07989497423171997  abs.Test: 0.06605179786682129  abs.TestBoundary: 0j  time: 0.8262408087030053
epoch271  rel.Train: 0.08042134833335876  rel.Test: 0.08086595296859742  abs.Test: 0.06687116503715515  abs.TestBoundary: 0j  time: 0.823767548892647
epoch272  rel.Train: 0.07949877965450287  rel.Test: 0.07616318941116333  abs.Test: 0.06297017216682434  abs.TestBoundary: 0j  time: 0.8255136879161
epoch273  rel.Train: 0.07764917886257172  rel.Test: 0.07577123999595642  abs.Test: 0.06262364089488984  abs.TestBoundary: 0j  time: 0.8269013450480998
epoch274  rel.Train: 0.0778421933054924  rel.Test: 0.07709598183631897  abs.Test: 0.06374098062515259  abs.TestBoundary: 0j  time: 0.8271976262331009
epoch275  rel.Train: 0.07642311084270477  rel.Test: 0.07565978646278382  abs.Test: 0.0625698709487915  abs.TestBoundary: 0j  time: 0.8293735310435295
epoch276  rel.Train: 0.07615594607591629  rel.Test: 0.07551163375377655  abs.Test: 0.06244466066360474  abs.TestBoundary: 0j  time: 0.8253679210320115
epoch277  rel.Train: 0.07636801028251648  rel.Test: 0.07339732944965363  abs.Test: 0.060699732303619386  abs.TestBoundary: 0j  time: 0.8312028110958636
epoch278  rel.Train: 0.0753323518037796  rel.Test: 0.07490055978298188  abs.Test: 0.061931375861167905  abs.TestBoundary: 0j  time: 0.8310628598555923
epoch279  rel.Train: 0.07629019153118134  rel.Test: 0.07511834859848023  abs.Test: 0.062063230872154235  abs.TestBoundary: 0j  time: 0.833385176025331
epoch280  rel.Train: 0.07384107160568237  rel.Test: 0.0758708357810974  abs.Test: 0.06268321752548217  abs.TestBoundary: 0j  time: 0.831580557860434
epoch281  rel.Train: 0.0741476205587387  rel.Test: 0.07283406496047974  abs.Test: 0.06020415425300598  abs.TestBoundary: 0j  time: 0.8292313399724662
epoch282  rel.Train: 0.07300074481964111  rel.Test: 0.07175072133541108  abs.Test: 0.059281381964683535  abs.TestBoundary: 0j  time: 0.8261668281629682
epoch283  rel.Train: 0.07295492541790008  rel.Test: 0.07778178334236145  abs.Test: 0.06430841445922851  abs.TestBoundary: 0j  time: 0.8246944700367749
epoch284  rel.Train: 0.07463175159692764  rel.Test: 0.06987589776515961  abs.Test: 0.057772197127342224  abs.TestBoundary: 0j  time: 0.8260922520421445
epoch285  rel.Train: 0.07159086263179779  rel.Test: 0.07227079153060913  abs.Test: 0.059721440076828  abs.TestBoundary: 0j  time: 0.8261134861968458
epoch286  rel.Train: 0.07146605944633484  rel.Test: 0.07026777744293213  abs.Test: 0.05809411823749542  abs.TestBoundary: 0j  time: 0.832948578055948
epoch287  rel.Train: 0.07037632465362549  rel.Test: 0.07286960482597352  abs.Test: 0.06021730244159698  abs.TestBoundary: 0j  time: 0.8287887698970735
epoch288  rel.Train: 0.0711367546916008  rel.Test: 0.06776236236095429  abs.Test: 0.05603116273880005  abs.TestBoundary: 0j  time: 0.8349187700077891
epoch289  rel.Train: 0.07185008597373962  rel.Test: 0.08258498072624207  abs.Test: 0.06819165050983429  abs.TestBoundary: 0j  time: 0.830084877088666
epoch290  rel.Train: 0.0729929780960083  rel.Test: 0.0702584969997406  abs.Test: 0.05807842195034027  abs.TestBoundary: 0j  time: 0.8235545186325908
epoch291  rel.Train: 0.07005987578630447  rel.Test: 0.07239011764526367  abs.Test: 0.059809009432792666  abs.TestBoundary: 0j  time: 0.8231138242408633
epoch292  rel.Train: 0.06881603467464446  rel.Test: 0.06960432589054108  abs.Test: 0.05748655259609223  abs.TestBoundary: 0j  time: 0.8238734118640423
epoch293  rel.Train: 0.06877999716997146  rel.Test: 0.06913250148296356  abs.Test: 0.05709858179092407  abs.TestBoundary: 0j  time: 0.8215511329472065
epoch294  rel.Train: 0.067806545317173  rel.Test: 0.067997288107872  abs.Test: 0.05617967367172241  abs.TestBoundary: 0j  time: 0.8233400881290436
epoch295  rel.Train: 0.06885027050971985  rel.Test: 0.06906663060188294  abs.Test: 0.057090667486190794  abs.TestBoundary: 0j  time: 0.8231563200242817
epoch296  rel.Train: 0.06806481659412383  rel.Test: 0.06855295717716217  abs.Test: 0.05663209557533264  abs.TestBoundary: 0j  time: 0.8216126440092921
epoch297  rel.Train: 0.06682181346416473  rel.Test: 0.0649577295780182  abs.Test: 0.05366455346345902  abs.TestBoundary: 0j  time: 0.8229062547907233
epoch298  rel.Train: 0.06563545513153077  rel.Test: 0.06482685923576355  abs.Test: 0.05357362031936645  abs.TestBoundary: 0j  time: 0.822380165103823
epoch299  rel.Train: 0.0668461326956749  rel.Test: 0.06514953374862671  abs.Test: 0.05383634686470032  abs.TestBoundary: 0j  time: 0.8223590888082981
epoch300  rel.Train: 0.06576071768999099  rel.Test: 0.06431104242801666  abs.Test: 0.05313496887683868  abs.TestBoundary: 0j  time: 0.8230230272747576
epoch301  rel.Train: 0.06472538924217223  rel.Test: 0.06620633006095886  abs.Test: 0.054686673283576966  abs.TestBoundary: 0j  time: 0.8194218599237502
epoch302  rel.Train: 0.06395415204763412  rel.Test: 0.06553835749626159  abs.Test: 0.05413025468587875  abs.TestBoundary: 0j  time: 0.8197423499077559
epoch303  rel.Train: 0.06410001873970032  rel.Test: 0.06190794050693512  abs.Test: 0.051176546812057494  abs.TestBoundary: 0j  time: 0.8224124629050493
epoch304  rel.Train: 0.06270620322227478  rel.Test: 0.06221555173397064  abs.Test: 0.05142153739929199  abs.TestBoundary: 0j  time: 0.818959882017225
epoch305  rel.Train: 0.06238140416145325  rel.Test: 0.06760839581489562  abs.Test: 0.05583083212375641  abs.TestBoundary: 0j  time: 0.8229173910804093
epoch306  rel.Train: 0.06337728905677796  rel.Test: 0.06270280122756958  abs.Test: 0.05180439651012421  abs.TestBoundary: 0j  time: 0.8211552589200437
epoch307  rel.Train: 0.062243425846099855  rel.Test: 0.06206311047077179  abs.Test: 0.05130512595176697  abs.TestBoundary: 0j  time: 0.8205008669756353
epoch308  rel.Train: 0.061853304028511046  rel.Test: 0.060253003239631654  abs.Test: 0.04978944569826126  abs.TestBoundary: 0j  time: 0.8210266912356019
epoch309  rel.Train: 0.06117635202407837  rel.Test: 0.06011205673217773  abs.Test: 0.049684228003025056  abs.TestBoundary: 0j  time: 0.8231076109223068
epoch310  rel.Train: 0.06097181403636932  rel.Test: 0.06233084678649902  abs.Test: 0.05151725471019745  abs.TestBoundary: 0j  time: 0.8224856611341238
epoch311  rel.Train: 0.06106026303768158  rel.Test: 0.06037260293960571  abs.Test: 0.049891893863677976  abs.TestBoundary: 0j  time: 0.8226154120638967
epoch312  rel.Train: 0.06055668431520462  rel.Test: 0.05866900682449341  abs.Test: 0.04847421616315842  abs.TestBoundary: 0j  time: 0.823892317712307
epoch313  rel.Train: 0.060315992295742034  rel.Test: 0.06320799052715302  abs.Test: 0.052214383482933044  abs.TestBoundary: 0j  time: 0.8223682972602546
epoch314  rel.Train: 0.0612169828414917  rel.Test: 0.060423789024353025  abs.Test: 0.04991998016834259  abs.TestBoundary: 0j  time: 0.8223935598507524
epoch315  rel.Train: 0.06098186558485031  rel.Test: 0.05883529782295227  abs.Test: 0.04861895501613617  abs.TestBoundary: 0j  time: 0.8225657772272825
epoch316  rel.Train: 0.05989506930112839  rel.Test: 0.06286609053611755  abs.Test: 0.05194264441728592  abs.TestBoundary: 0j  time: 0.8220076840370893
epoch317  rel.Train: 0.06031724798679352  rel.Test: 0.05992847502231598  abs.Test: 0.04951237559318542  abs.TestBoundary: 0j  time: 0.8208527192473412
epoch318  rel.Train: 0.059537113964557645  rel.Test: 0.05901024162769317  abs.Test: 0.04875681817531586  abs.TestBoundary: 0j  time: 0.8198560141026974
epoch319  rel.Train: 0.0595994964838028  rel.Test: 0.0596569699048996  abs.Test: 0.04926470696926117  abs.TestBoundary: 0j  time: 0.8223878261633217
epoch320  rel.Train: 0.05901576942205429  rel.Test: 0.05789068400859833  abs.Test: 0.04783334881067276  abs.TestBoundary: 0j  time: 0.8221333320252597
epoch321  rel.Train: 0.058869488954544066  rel.Test: 0.05989996254444122  abs.Test: 0.04948541939258575  abs.TestBoundary: 0j  time: 0.8192660389468074
epoch322  rel.Train: 0.05989346337318421  rel.Test: 0.060210713744163515  abs.Test: 0.04974810928106308  abs.TestBoundary: 0j  time: 0.8220370607450604
epoch323  rel.Train: 0.05887367302179337  rel.Test: 0.058841384053230285  abs.Test: 0.04863356947898865  abs.TestBoundary: 0j  time: 0.8217242676764727
epoch324  rel.Train: 0.05828486186265945  rel.Test: 0.05811312198638916  abs.Test: 0.04802022039890289  abs.TestBoundary: 0j  time: 0.8220459832809865
epoch325  rel.Train: 0.05820850157737732  rel.Test: 0.057105941772460936  abs.Test: 0.04717626988887787  abs.TestBoundary: 0j  time: 0.8205688688904047
epoch326  rel.Train: 0.05906140571832657  rel.Test: 0.0622045648097992  abs.Test: 0.05136694133281708  abs.TestBoundary: 0j  time: 0.8201156416907907
epoch327  rel.Train: 0.05865552604198456  rel.Test: 0.05802121937274933  abs.Test: 0.0479343318939209  abs.TestBoundary: 0j  time: 0.8214530483819544
epoch328  rel.Train: 0.05797148334980011  rel.Test: 0.06059440016746521  abs.Test: 0.050036576390266416  abs.TestBoundary: 0j  time: 0.8211109349504113
epoch329  rel.Train: 0.05748557257652283  rel.Test: 0.057608332633972165  abs.Test: 0.04758064389228821  abs.TestBoundary: 0j  time: 0.8214085157960653
epoch330  rel.Train: 0.05829603004455566  rel.Test: 0.060012819170951845  abs.Test: 0.049571133852005005  abs.TestBoundary: 0j  time: 0.821034955792129
epoch331  rel.Train: 0.05860069712996483  rel.Test: 0.06094322383403778  abs.Test: 0.050333454608917236  abs.TestBoundary: 0j  time: 0.822681728284806
epoch332  rel.Train: 0.05902642410993576  rel.Test: 0.060449520945549014  abs.Test: 0.04993429303169251  abs.TestBoundary: 0j  time: 0.8216280750930309
epoch333  rel.Train: 0.057710672497749325  rel.Test: 0.056436954736709594  abs.Test: 0.04663222074508667  abs.TestBoundary: 0j  time: 0.8222445072606206
epoch334  rel.Train: 0.05705001863837242  rel.Test: 0.0581287270784378  abs.Test: 0.0480058890581131  abs.TestBoundary: 0j  time: 0.8215441941283643
epoch335  rel.Train: 0.05683666902780533  rel.Test: 0.05717569768428803  abs.Test: 0.0472333949804306  abs.TestBoundary: 0j  time: 0.8213718379847705
epoch336  rel.Train: 0.057390427947044374  rel.Test: 0.0575012993812561  abs.Test: 0.04750615149736404  abs.TestBoundary: 0j  time: 0.8222686713561416
epoch337  rel.Train: 0.05695860940217972  rel.Test: 0.05556268334388733  abs.Test: 0.045909549295902255  abs.TestBoundary: 0j  time: 0.8218630091287196
epoch338  rel.Train: 0.056467047333717345  rel.Test: 0.05771801471710205  abs.Test: 0.047672004103660584  abs.TestBoundary: 0j  time: 0.8212483529932797
epoch339  rel.Train: 0.06221481561660767  rel.Test: 0.07241245985031128  abs.Test: 0.05983549118041992  abs.TestBoundary: 0j  time: 0.8218795787543058
epoch340  rel.Train: 0.06665215063095092  rel.Test: 0.061188929080963135  abs.Test: 0.05054761916399002  abs.TestBoundary: 0j  time: 0.8211333467625082
epoch341  rel.Train: 0.06039186608791351  rel.Test: 0.05947724401950836  abs.Test: 0.049141426682472227  abs.TestBoundary: 0j  time: 0.8219561749137938
epoch342  rel.Train: 0.05822844421863556  rel.Test: 0.05864078760147095  abs.Test: 0.048436010479927065  abs.TestBoundary: 0j  time: 0.8215016960166395
epoch343  rel.Train: 0.05783106976747513  rel.Test: 0.05658380270004273  abs.Test: 0.04674054056406021  abs.TestBoundary: 0j  time: 0.8209875570610166
epoch344  rel.Train: 0.05719848382472992  rel.Test: 0.056196320652961734  abs.Test: 0.04641854286193848  abs.TestBoundary: 0j  time: 0.8219936359673738
epoch345  rel.Train: 0.056721830427646634  rel.Test: 0.057520236372947696  abs.Test: 0.04749963104724884  abs.TestBoundary: 0j  time: 0.822587903123349
epoch346  rel.Train: 0.0568593487739563  rel.Test: 0.05638324439525604  abs.Test: 0.04656906396150589  abs.TestBoundary: 0j  time: 0.8213996994309127
epoch347  rel.Train: 0.056137769877910616  rel.Test: 0.05590546250343323  abs.Test: 0.04618086487054825  abs.TestBoundary: 0j  time: 0.8227454698644578
epoch348  rel.Train: 0.056292351722717286  rel.Test: 0.05648482859134674  abs.Test: 0.046654417514801025  abs.TestBoundary: 0j  time: 0.8213225672952831
epoch349  rel.Train: 0.05638473641872406  rel.Test: 0.0570201176404953  abs.Test: 0.04709152311086655  abs.TestBoundary: 0j  time: 0.8227642988786101
epoch350  rel.Train: 0.05599999064207077  rel.Test: 0.05534857928752899  abs.Test: 0.04571715086698532  abs.TestBoundary: 0j  time: 0.8246468980796635
epoch351  rel.Train: 0.055886370718479156  rel.Test: 0.060429765582084655  abs.Test: 0.049890175461769104  abs.TestBoundary: 0j  time: 0.8213916816748679
epoch352  rel.Train: 0.05690002536773681  rel.Test: 0.05539658784866333  abs.Test: 0.04576650261878967  abs.TestBoundary: 0j  time: 0.8220891151577234
epoch353  rel.Train: 0.05591549813747406  rel.Test: 0.055596991181373595  abs.Test: 0.04594017863273621  abs.TestBoundary: 0j  time: 0.8236810830421746
epoch354  rel.Train: 0.055460417211055754  rel.Test: 0.05570156693458557  abs.Test: 0.04601385116577148  abs.TestBoundary: 0j  time: 0.8218539860099554
epoch355  rel.Train: 0.055422497630119326  rel.Test: 0.055292754769325256  abs.Test: 0.04567756175994873  abs.TestBoundary: 0j  time: 0.8223004899919033
epoch356  rel.Train: 0.055271879196166995  rel.Test: 0.054946938157081605  abs.Test: 0.04538816839456558  abs.TestBoundary: 0j  time: 0.8225647378712893
epoch357  rel.Train: 0.05510705900192261  rel.Test: 0.055018603801727295  abs.Test: 0.045457384288311004  abs.TestBoundary: 0j  time: 0.8255466455593705
epoch358  rel.Train: 0.055512972593307494  rel.Test: 0.05619980096817016  abs.Test: 0.046431359648704526  abs.TestBoundary: 0j  time: 0.8219937500543892
epoch359  rel.Train: 0.055543452739715574  rel.Test: 0.05662622630596161  abs.Test: 0.04677142858505249  abs.TestBoundary: 0j  time: 0.8227360579185188
epoch360  rel.Train: 0.05630297359824181  rel.Test: 0.055936834812164306  abs.Test: 0.04619680285453796  abs.TestBoundary: 0j  time: 0.8272210452705622
epoch361  rel.Train: 0.05497157579660416  rel.Test: 0.054363390803337096  abs.Test: 0.044908798933029175  abs.TestBoundary: 0j  time: 0.8256110227666795
epoch362  rel.Train: 0.05504665291309357  rel.Test: 0.055064072012901304  abs.Test: 0.04548564255237579  abs.TestBoundary: 0j  time: 0.8231451422907412
epoch363  rel.Train: 0.054624538898468016  rel.Test: 0.054053668975830076  abs.Test: 0.04465369641780853  abs.TestBoundary: 0j  time: 0.8234141729772091
epoch364  rel.Train: 0.054824977695941926  rel.Test: 0.05481119930744171  abs.Test: 0.04528036653995514  abs.TestBoundary: 0j  time: 0.8237569280900061
epoch365  rel.Train: 0.055023786723613737  rel.Test: 0.056689037084579466  abs.Test: 0.046817965507507324  abs.TestBoundary: 0j  time: 0.8242999771609902
epoch366  rel.Train: 0.05541371095180511  rel.Test: 0.0547619217634201  abs.Test: 0.04523180663585663  abs.TestBoundary: 0j  time: 0.8254321431741118
epoch367  rel.Train: 0.05471592462062836  rel.Test: 0.05463221609592438  abs.Test: 0.04513124048709869  abs.TestBoundary: 0j  time: 0.8249428179115057
epoch368  rel.Train: 0.054861674487590786  rel.Test: 0.05405921816825867  abs.Test: 0.044655566215515134  abs.TestBoundary: 0j  time: 0.8250175905413926
epoch369  rel.Train: 0.0543891716003418  rel.Test: 0.05464175343513489  abs.Test: 0.04513844043016434  abs.TestBoundary: 0j  time: 0.823721231892705
epoch370  rel.Train: 0.05482140147686004  rel.Test: 0.056773224472999574  abs.Test: 0.04689349114894867  abs.TestBoundary: 0j  time: 0.8250614572316408
epoch371  rel.Train: 0.05469017964601517  rel.Test: 0.05407572150230408  abs.Test: 0.04466676950454712  abs.TestBoundary: 0j  time: 0.8263090630061924
epoch372  rel.Train: 0.054319473534822464  rel.Test: 0.056047274470329284  abs.Test: 0.046279026865959166  abs.TestBoundary: 0j  time: 0.8258399087935686
epoch373  rel.Train: 0.05417185115814209  rel.Test: 0.0539771568775177  abs.Test: 0.044577998518943784  abs.TestBoundary: 0j  time: 0.8255854663439095
epoch374  rel.Train: 0.05393540155887604  rel.Test: 0.05406997323036194  abs.Test: 0.04465238630771637  abs.TestBoundary: 0j  time: 0.8256218060851097
epoch375  rel.Train: 0.05394385313987732  rel.Test: 0.05345121204853058  abs.Test: 0.044162551760673525  abs.TestBoundary: 0j  time: 0.8279023617506027
epoch376  rel.Train: 0.05397768729925156  rel.Test: 0.05388836801052094  abs.Test: 0.044519341588020324  abs.TestBoundary: 0j  time: 0.8268008758313954
epoch377  rel.Train: 0.054346858263015746  rel.Test: 0.05673389613628387  abs.Test: 0.046839192509651184  abs.TestBoundary: 0j  time: 0.8260707431472838
epoch378  rel.Train: 0.05464068734645843  rel.Test: 0.05526951551437378  abs.Test: 0.045662546157836915  abs.TestBoundary: 0j  time: 0.8262831009924412
epoch379  rel.Train: 0.054409325480461124  rel.Test: 0.05434858858585358  abs.Test: 0.04488440543413162  abs.TestBoundary: 0j  time: 0.826683484017849
epoch380  rel.Train: 0.053647959709167484  rel.Test: 0.05379453837871551  abs.Test: 0.04444661140441895  abs.TestBoundary: 0j  time: 0.8273360412567854
epoch381  rel.Train: 0.05400544023513794  rel.Test: 0.05485252678394317  abs.Test: 0.04531015157699585  abs.TestBoundary: 0j  time: 0.825843398924917
epoch382  rel.Train: 0.05378256368637085  rel.Test: 0.05322553813457489  abs.Test: 0.04397194266319275  abs.TestBoundary: 0j  time: 0.827893674839288
epoch383  rel.Train: 0.053762205362319945  rel.Test: 0.05464954793453217  abs.Test: 0.04513876885175705  abs.TestBoundary: 0j  time: 0.8281434290111065
epoch384  rel.Train: 0.05444780868291855  rel.Test: 0.05341409265995026  abs.Test: 0.044127798080444335  abs.TestBoundary: 0j  time: 0.8290311079472303
epoch385  rel.Train: 0.05407938933372498  rel.Test: 0.05434074759483337  abs.Test: 0.044905509948730465  abs.TestBoundary: 0j  time: 0.8290963317267597
epoch386  rel.Train: 0.05378672707080841  rel.Test: 0.05375897586345672  abs.Test: 0.044399451017379764  abs.TestBoundary: 0j  time: 0.8280971320345998
epoch387  rel.Train: 0.053778919637203215  rel.Test: 0.053685861825942996  abs.Test: 0.04434373199939728  abs.TestBoundary: 0j  time: 0.8289785790257156
epoch388  rel.Train: 0.053637699961662295  rel.Test: 0.053983647227287296  abs.Test: 0.04460541069507599  abs.TestBoundary: 0j  time: 0.8295351197011769
epoch389  rel.Train: 0.0537700275182724  rel.Test: 0.053974138498306276  abs.Test: 0.04457464933395386  abs.TestBoundary: 0j  time: 0.8303102822974324
epoch390  rel.Train: 0.05335526692867279  rel.Test: 0.053334090113639834  abs.Test: 0.04405508190393448  abs.TestBoundary: 0j  time: 0.8292627753689885
epoch391  rel.Train: 0.05340242266654968  rel.Test: 0.05344005167484284  abs.Test: 0.044148973524570465  abs.TestBoundary: 0j  time: 0.8294348954223096
epoch392  rel.Train: 0.05367633217573166  rel.Test: 0.053824263215065005  abs.Test: 0.04445450246334076  abs.TestBoundary: 0j  time: 0.8283370928838849
epoch393  rel.Train: 0.05347571057081223  rel.Test: 0.05431741714477539  abs.Test: 0.044856320023536685  abs.TestBoundary: 0j  time: 0.8299895613454282
epoch394  rel.Train: 0.05336941814422608  rel.Test: 0.05288588047027588  abs.Test: 0.043686923682689664  abs.TestBoundary: 0j  time: 0.8287432929500937
epoch395  rel.Train: 0.05312911695241928  rel.Test: 0.05399837017059326  abs.Test: 0.04459359765052796  abs.TestBoundary: 0j  time: 0.8300081333145499
epoch396  rel.Train: 0.053539903044700625  rel.Test: 0.05315116882324219  abs.Test: 0.04390376031398773  abs.TestBoundary: 0j  time: 0.8298690039664507
epoch397  rel.Train: 0.053106810092926025  rel.Test: 0.05313197135925293  abs.Test: 0.04387936741113663  abs.TestBoundary: 0j  time: 0.8304739319719374
epoch398  rel.Train: 0.052988231360912325  rel.Test: 0.05313213348388672  abs.Test: 0.043885738849639894  abs.TestBoundary: 0j  time: 0.8288653776980937
epoch399  rel.Train: 0.05294849693775177  rel.Test: 0.05291066229343414  abs.Test: 0.04370907425880432  abs.TestBoundary: 0j  time: 0.8289195229299366
epoch400  rel.Train: 0.05311743837594986  rel.Test: 0.053666536211967465  abs.Test: 0.04431949257850647  abs.TestBoundary: 0j  time: 0.8310883590020239
epoch401  rel.Train: 0.05323610258102417  rel.Test: 0.052558698654174806  abs.Test: 0.04342321515083313  abs.TestBoundary: 0j  time: 0.8312304201535881
epoch402  rel.Train: 0.052891595125198365  rel.Test: 0.053159533739089965  abs.Test: 0.043904093503952024  abs.TestBoundary: 0j  time: 0.8300247970037162
epoch403  rel.Train: 0.05305919259786606  rel.Test: 0.05272557497024536  abs.Test: 0.04355383187532425  abs.TestBoundary: 0j  time: 0.8303155391477048
epoch404  rel.Train: 0.05297979772090912  rel.Test: 0.05355001211166382  abs.Test: 0.04423424363136291  abs.TestBoundary: 0j  time: 0.8299870868213475
epoch405  rel.Train: 0.052992903351783756  rel.Test: 0.05308972835540771  abs.Test: 0.0438452160358429  abs.TestBoundary: 0j  time: 0.8305132389068604
epoch406  rel.Train: 0.05284395313262939  rel.Test: 0.05330948650836945  abs.Test: 0.04404083639383316  abs.TestBoundary: 0j  time: 0.8309246241115034
epoch407  rel.Train: 0.05268648535013199  rel.Test: 0.05282423257827759  abs.Test: 0.04363110661506653  abs.TestBoundary: 0j  time: 0.8315128269605339
epoch408  rel.Train: 0.052742545783519744  rel.Test: 0.05275171995162964  abs.Test: 0.043572898209095004  abs.TestBoundary: 0j  time: 0.8307945220731199
epoch409  rel.Train: 0.05270440924167633  rel.Test: 0.054067063927650455  abs.Test: 0.044669517874717714  abs.TestBoundary: 0j  time: 0.831494262907654
epoch410  rel.Train: 0.05294914013147354  rel.Test: 0.05263377904891968  abs.Test: 0.0434738153219223  abs.TestBoundary: 0j  time: 0.8312303461134434
epoch411  rel.Train: 0.05269867712259293  rel.Test: 0.05280840933322906  abs.Test: 0.04361490726470947  abs.TestBoundary: 0j  time: 0.8318204078823328
epoch412  rel.Train: 0.05274125212430954  rel.Test: 0.053466354012489316  abs.Test: 0.04416856676340103  abs.TestBoundary: 0j  time: 0.8301291959360242
epoch413  rel.Train: 0.05273353409767151  rel.Test: 0.05311392068862915  abs.Test: 0.04386959224939346  abs.TestBoundary: 0j  time: 0.831068909727037
epoch414  rel.Train: 0.05270893633365631  rel.Test: 0.05249545931816101  abs.Test: 0.04336467802524566  abs.TestBoundary: 0j  time: 0.8313608020544052
epoch415  rel.Train: 0.05303637111186981  rel.Test: 0.05245473265647888  abs.Test: 0.04332964986562729  abs.TestBoundary: 0j  time: 0.8335585310123861
epoch416  rel.Train: 0.05250158202648163  rel.Test: 0.05252649664878845  abs.Test: 0.04338636815547943  abs.TestBoundary: 0j  time: 0.8325920207425952
epoch417  rel.Train: 0.052568318843841555  rel.Test: 0.05247823596000671  abs.Test: 0.04334234893321991  abs.TestBoundary: 0j  time: 0.8311512847431004
epoch418  rel.Train: 0.052770078361034395  rel.Test: 0.052833502292633054  abs.Test: 0.04364789307117462  abs.TestBoundary: 0j  time: 0.8320459038950503
epoch419  rel.Train: 0.05268862956762314  rel.Test: 0.0523455011844635  abs.Test: 0.04323583602905273  abs.TestBoundary: 0j  time: 0.8326661749742925
epoch420  rel.Train: 0.052621482014656065  rel.Test: 0.052400249838829044  abs.Test: 0.0432835042476654  abs.TestBoundary: 0j  time: 0.8341161250136793
epoch421  rel.Train: 0.0524185993373394  rel.Test: 0.052882216572761535  abs.Test: 0.043668047189712525  abs.TestBoundary: 0j  time: 0.8335004327818751
epoch422  rel.Train: 0.052358863353729246  rel.Test: 0.0522014170885086  abs.Test: 0.04311342179775238  abs.TestBoundary: 0j  time: 0.834771865978837
epoch423  rel.Train: 0.052263948172330855  rel.Test: 0.05277553021907806  abs.Test: 0.043593707978725436  abs.TestBoundary: 0j  time: 0.8339681280776858
epoch424  rel.Train: 0.052635147720575336  rel.Test: 0.05330076515674591  abs.Test: 0.04403476923704147  abs.TestBoundary: 0j  time: 0.8341669999063015
epoch425  rel.Train: 0.052497799962759016  rel.Test: 0.05217339932918549  abs.Test: 0.04309195041656494  abs.TestBoundary: 0j  time: 0.8342256206087768
epoch426  rel.Train: 0.05241453301906586  rel.Test: 0.052922040820121766  abs.Test: 0.04370418518781662  abs.TestBoundary: 0j  time: 0.8354644603095949
epoch427  rel.Train: 0.05252144122123718  rel.Test: 0.0518722653388977  abs.Test: 0.042849472761154174  abs.TestBoundary: 0j  time: 0.8344481028616428
epoch428  rel.Train: 0.052086490154266356  rel.Test: 0.05215185761451721  abs.Test: 0.04307361751794815  abs.TestBoundary: 0j  time: 0.8353880029171705
epoch429  rel.Train: 0.05205046045780182  rel.Test: 0.0521192455291748  abs.Test: 0.04305445969104767  abs.TestBoundary: 0j  time: 0.8359810691326857
epoch430  rel.Train: 0.052083305358886715  rel.Test: 0.05217984020709991  abs.Test: 0.04310245305299759  abs.TestBoundary: 0j  time: 0.838979019317776
epoch431  rel.Train: 0.05206364488601684  rel.Test: 0.05208834946155548  abs.Test: 0.04301771521568298  abs.TestBoundary: 0j  time: 0.8363020368851721
epoch432  rel.Train: 0.05200339078903198  rel.Test: 0.05192703247070313  abs.Test: 0.04289573073387146  abs.TestBoundary: 0j  time: 0.8342154892161489
epoch433  rel.Train: 0.052073707461357116  rel.Test: 0.051933427453041074  abs.Test: 0.04289405643939972  abs.TestBoundary: 0j  time: 0.8370663062669337
epoch434  rel.Train: 0.05222255951166153  rel.Test: 0.05279248237609863  abs.Test: 0.043593620657920835  abs.TestBoundary: 0j  time: 0.8370262118987739
epoch435  rel.Train: 0.05237128883600235  rel.Test: 0.05213360399007797  abs.Test: 0.04306711494922638  abs.TestBoundary: 0j  time: 0.8349200091324747
epoch436  rel.Train: 0.052021606624126436  rel.Test: 0.052031491994857786  abs.Test: 0.04297730892896652  abs.TestBoundary: 0j  time: 0.8369063632562757
epoch437  rel.Train: 0.0519608456492424  rel.Test: 0.052140813469886776  abs.Test: 0.043066000938415526  abs.TestBoundary: 0j  time: 0.8355811247602105
epoch438  rel.Train: 0.05188357478380203  rel.Test: 0.05204733669757843  abs.Test: 0.04298586100339889  abs.TestBoundary: 0j  time: 0.8369130403734744
epoch439  rel.Train: 0.05200993251800537  rel.Test: 0.05187133520841598  abs.Test: 0.042850365340709684  abs.TestBoundary: 0j  time: 0.8356097675859928
epoch440  rel.Train: 0.052025242030620575  rel.Test: 0.05236961781978607  abs.Test: 0.04325163185596466  abs.TestBoundary: 0j  time: 0.8369388892315328
epoch441  rel.Train: 0.052214569807052615  rel.Test: 0.05205069243907928  abs.Test: 0.042993063628673556  abs.TestBoundary: 0j  time: 0.836194833740592
epoch442  rel.Train: 0.05210548782348633  rel.Test: 0.05201872706413269  abs.Test: 0.04296365916728973  abs.TestBoundary: 0j  time: 0.8333052443340421
epoch443  rel.Train: 0.05184979599714279  rel.Test: 0.05203726291656494  abs.Test: 0.04297932744026184  abs.TestBoundary: 0j  time: 0.8350342800840735
epoch444  rel.Train: 0.05173086631298065  rel.Test: 0.051872700452804565  abs.Test: 0.04284096658229828  abs.TestBoundary: 0j  time: 0.8357012318447232
epoch445  rel.Train: 0.05188809591531753  rel.Test: 0.05185120761394501  abs.Test: 0.0428289458155632  abs.TestBoundary: 0j  time: 0.8345081498846412
epoch446  rel.Train: 0.05178649401664734  rel.Test: 0.051785826086997985  abs.Test: 0.04277356863021851  abs.TestBoundary: 0j  time: 0.8331099050119519
epoch447  rel.Train: 0.051687258958816526  rel.Test: 0.05177774846553802  abs.Test: 0.0427639839053154  abs.TestBoundary: 0j  time: 0.8324734228663146
epoch448  rel.Train: 0.05171323809027672  rel.Test: 0.05210530996322632  abs.Test: 0.04303284645080566  abs.TestBoundary: 0j  time: 0.8309641359373927
epoch449  rel.Train: 0.05172274506092071  rel.Test: 0.05185205221176147  abs.Test: 0.04282526940107346  abs.TestBoundary: 0j  time: 0.8299262011423707
epoch450  rel.Train: 0.051822311401367185  rel.Test: 0.05171631336212158  abs.Test: 0.04271615415811539  abs.TestBoundary: 0j  time: 0.8299563750624657
epoch451  rel.Train: 0.05169056111574173  rel.Test: 0.05181748330593109  abs.Test: 0.04279765486717224  abs.TestBoundary: 0j  time: 0.8312425883486867
epoch452  rel.Train: 0.05171147322654724  rel.Test: 0.051657267808914185  abs.Test: 0.042666612565517424  abs.TestBoundary: 0j  time: 0.8306418820284307
epoch453  rel.Train: 0.05168711405992508  rel.Test: 0.051843856573104856  abs.Test: 0.04281947195529938  abs.TestBoundary: 0j  time: 0.8286398290656507
epoch454  rel.Train: 0.051700015544891356  rel.Test: 0.051947328448295596  abs.Test: 0.042899271845817565  abs.TestBoundary: 0j  time: 0.830250842962414
epoch455  rel.Train: 0.0516410094499588  rel.Test: 0.051761557459831235  abs.Test: 0.042752765417099  abs.TestBoundary: 0j  time: 0.8324580430053174
epoch456  rel.Train: 0.051689108669757844  rel.Test: 0.051908881068229676  abs.Test: 0.0428715643286705  abs.TestBoundary: 0j  time: 0.8293049139901996
epoch457  rel.Train: 0.051672994792461395  rel.Test: 0.05167353630065918  abs.Test: 0.04267649173736572  abs.TestBoundary: 0j  time: 0.8303926852531731
epoch458  rel.Train: 0.05152068936824799  rel.Test: 0.05168208658695221  abs.Test: 0.042689508497714995  abs.TestBoundary: 0j  time: 0.8284757127985358
epoch459  rel.Train: 0.05158481079339981  rel.Test: 0.05153470158576965  abs.Test: 0.04256721973419189  abs.TestBoundary: 0j  time: 0.8269652719609439
epoch460  rel.Train: 0.051590341091156004  rel.Test: 0.051796154975891115  abs.Test: 0.04277959108352661  abs.TestBoundary: 0j  time: 0.827139054890722
epoch461  rel.Train: 0.051674336314201354  rel.Test: 0.05163502097129822  abs.Test: 0.04264962524175644  abs.TestBoundary: 0j  time: 0.8263028003275394
epoch462  rel.Train: 0.05153424346446991  rel.Test: 0.051603305339813235  abs.Test: 0.04262283861637115  abs.TestBoundary: 0j  time: 0.8259130618534982
epoch463  rel.Train: 0.051552456438541415  rel.Test: 0.051549628376960754  abs.Test: 0.042579799592494964  abs.TestBoundary: 0j  time: 0.8254040339961648
epoch464  rel.Train: 0.05164715886116028  rel.Test: 0.051550762951374056  abs.Test: 0.04258279651403427  abs.TestBoundary: 0j  time: 0.8258948479779065
epoch465  rel.Train: 0.051550304114818576  rel.Test: 0.05174548864364624  abs.Test: 0.04273583948612213  abs.TestBoundary: 0j  time: 0.8249564240686595
epoch466  rel.Train: 0.05156651160120964  rel.Test: 0.05164041757583618  abs.Test: 0.04264951467514038  abs.TestBoundary: 0j  time: 0.825443685054779
epoch467  rel.Train: 0.05151819795370102  rel.Test: 0.05165611982345581  abs.Test: 0.042666835486888884  abs.TestBoundary: 0j  time: 0.8246674868278205
epoch468  rel.Train: 0.05150482052564621  rel.Test: 0.051695366501808164  abs.Test: 0.042694312334060666  abs.TestBoundary: 0j  time: 0.8251883150078356
epoch469  rel.Train: 0.05151041918992996  rel.Test: 0.05166998028755188  abs.Test: 0.04267557144165039  abs.TestBoundary: 0j  time: 0.8277293397113681
epoch470  rel.Train: 0.05149181228876114  rel.Test: 0.051557380557060245  abs.Test: 0.042583803534507754  abs.TestBoundary: 0j  time: 0.8267194959335029
epoch471  rel.Train: 0.05153222781419754  rel.Test: 0.05159047842025757  abs.Test: 0.04261519312858582  abs.TestBoundary: 0j  time: 0.8258597259409726
epoch472  rel.Train: 0.051518075585365294  rel.Test: 0.051516410708427426  abs.Test: 0.042550281286239625  abs.TestBoundary: 0j  time: 0.8246194222010672
epoch473  rel.Train: 0.05149158090353012  rel.Test: 0.051621742248535156  abs.Test: 0.04263754069805145  abs.TestBoundary: 0j  time: 0.8252063090912998
epoch474  rel.Train: 0.05151195910573006  rel.Test: 0.051587849259376525  abs.Test: 0.042607112526893615  abs.TestBoundary: 0j  time: 0.8256573788821697
epoch475  rel.Train: 0.05146089923381805  rel.Test: 0.0516633415222168  abs.Test: 0.042668338716030124  abs.TestBoundary: 0j  time: 0.8241700888611376
epoch476  rel.Train: 0.05146627336740494  rel.Test: 0.051524381637573245  abs.Test: 0.04255811810493469  abs.TestBoundary: 0j  time: 0.8244363539852202
epoch477  rel.Train: 0.051458282828330995  rel.Test: 0.051618869304656985  abs.Test: 0.04263356387615204  abs.TestBoundary: 0j  time: 0.823214786592871
epoch478  rel.Train: 0.05140767389535904  rel.Test: 0.05159757912158966  abs.Test: 0.04261856645345688  abs.TestBoundary: 0j  time: 0.8228387106209993
epoch479  rel.Train: 0.051471523761749266  rel.Test: 0.0514794647693634  abs.Test: 0.04252035081386566  abs.TestBoundary: 0j  time: 0.8235722100362182
epoch480  rel.Train: 0.0514222394824028  rel.Test: 0.05153316915035248  abs.Test: 0.04256225883960724  abs.TestBoundary: 0j  time: 0.8239333857782185
epoch481  rel.Train: 0.05138862919807434  rel.Test: 0.05156358182430267  abs.Test: 0.042589736878871916  abs.TestBoundary: 0j  time: 0.8213449963368475
epoch482  rel.Train: 0.05141320663690567  rel.Test: 0.0515012389421463  abs.Test: 0.04253727704286575  abs.TestBoundary: 0j  time: 0.8242262629792094
epoch483  rel.Train: 0.05138684332370758  rel.Test: 0.05150237560272217  abs.Test: 0.04253758311271667  abs.TestBoundary: 0j  time: 0.8260659449733794
epoch484  rel.Train: 0.051395540714263915  rel.Test: 0.051496766209602356  abs.Test: 0.04253282725811005  abs.TestBoundary: 0j  time: 0.8238325682468712
epoch485  rel.Train: 0.05139756029844284  rel.Test: 0.051501890420913694  abs.Test: 0.042536728978157044  abs.TestBoundary: 0j  time: 0.8235943182371557
epoch486  rel.Train: 0.0514174402654171  rel.Test: 0.05144546657800674  abs.Test: 0.04249290466308594  abs.TestBoundary: 0j  time: 0.8231976800598204
epoch487  rel.Train: 0.05137241804599762  rel.Test: 0.05152456641197205  abs.Test: 0.0425542825460434  abs.TestBoundary: 0j  time: 0.8229060429148376
epoch488  rel.Train: 0.0513561749458313  rel.Test: 0.051470606327056884  abs.Test: 0.04251226633787155  abs.TestBoundary: 0j  time: 0.8242934006266296
epoch489  rel.Train: 0.05134972679615021  rel.Test: 0.05149993479251862  abs.Test: 0.04253480911254883  abs.TestBoundary: 0j  time: 0.8214841890148818
epoch490  rel.Train: 0.051353960990905764  rel.Test: 0.05145379066467285  abs.Test: 0.04249844253063202  abs.TestBoundary: 0j  time: 0.8230023351497948
epoch491  rel.Train: 0.0513515735566616  rel.Test: 0.05152257442474365  abs.Test: 0.04255378663539886  abs.TestBoundary: 0j  time: 0.8226817343384027
epoch492  rel.Train: 0.051341921389102936  rel.Test: 0.05145147293806076  abs.Test: 0.04249601602554321  abs.TestBoundary: 0j  time: 0.8233755524270236
epoch493  rel.Train: 0.05135158205032349  rel.Test: 0.05145137012004852  abs.Test: 0.042495766282081605  abs.TestBoundary: 0j  time: 0.823829485103488
epoch494  rel.Train: 0.05138333588838577  rel.Test: 0.05150581240653992  abs.Test: 0.04254087507724762  abs.TestBoundary: 0j  time: 0.8231065659783781
epoch495  rel.Train: 0.05134523063898087  rel.Test: 0.05144577831029892  abs.Test: 0.04249145328998566  abs.TestBoundary: 0j  time: 0.8226682469248772
epoch496  rel.Train: 0.05134664744138718  rel.Test: 0.05148496806621552  abs.Test: 0.04252244263887405  abs.TestBoundary: 0j  time: 0.8209385280497372
epoch497  rel.Train: 0.05134165781736374  rel.Test: 0.05142660796642304  abs.Test: 0.042476193606853486  abs.TestBoundary: 0j  time: 0.8223537360318005
epoch498  rel.Train: 0.051335358500480655  rel.Test: 0.051494180560112  abs.Test: 0.042531007528305055  abs.TestBoundary: 0j  time: 0.8223973223939538
epoch499  rel.Train: 0.05133792871236801  rel.Test: 0.05147599399089813  abs.Test: 0.042516058087348936  abs.TestBoundary: 0j  time: 0.8207826330326498
