dir now: /lustre/home/2200010870/works/NeuralOperator/GreenFunction0
(1000, 221, 51, 2) (1000, 221, 51, 1)
x_train.shape:  torch.Size([1000, 11271, 4])
y_train.shape:  torch.Size([1000, 11271, 1])
221 51
torch.Size([11271, 128])
Start SVD with data shape:  (1000, 11271)
##################################################
Green Function Test for Airfoli
--data--
L: 1.0
downsample_ratio: 1
n_train: 1000
n_test: 200
pca_include_input: False
pca_include_grid: False
--model--
fc_dim: 128
in_dim: 4
out_dim: 1
layers_dim: [64, 64, 64, 64]
act: gelu
residual: [False, False, False, False]
layer_types: ['GalerkinConv', 'GalerkinConv', 'GalerkinConv', 'GalerkinConv']
GkNN_modes: [128, 128, 128, 128]
wbases_types: ['fourier', 'pca_in', 'fourier', 'pca_out']
bases_types: ['fourier', 'pca_in', 'fourier', 'pca_out']
green_types: ['fcGreen', 'fcGreen', 'fcGreen', 'fcGreen']
r_list: [1, 1, 1, 1]
kernel_size: 3
--train--
device: cuda
base_lr: 0.001
weight_decay: 0.0001
epochs: 500
scheduler: OneCycleLR
milestones: [200, 300, 400, 500, 800, 900]
scheduler_gamma: 0.5
batch_size: 30
normalization_x: True
normalization_y: True
normalization_dim: []
--Start Training--
number of parameters is 1725185
Epoch: 0  Train rel: 0.1413419461250305  Test rel: 0.10594221711158752  Test abs: 0.08757384061813354  Test abs boundary: 0.12669960618019105  Time: 1.1982868555933237
Epoch: 1  Train rel: 0.10689932024478913  Test rel: 0.10196494579315185  Test abs: 0.08431634604930878  Test abs boundary: 0.11371240377426148  Time: 0.6581658679060638
Epoch: 2  Train rel: 0.10306711876392365  Test rel: 0.09898931741714477  Test abs: 0.08184980154037476  Test abs boundary: 0.10643095195293427  Time: 0.6577127878554165
Epoch: 3  Train rel: 0.10135316491127014  Test rel: 0.09816633343696594  Test abs: 0.08117469310760499  Test abs boundary: 0.10403924226760865  Time: 0.6571628549136221
Epoch: 4  Train rel: 0.10077833962440491  Test rel: 0.09785001158714295  Test abs: 0.08091511607170104  Test abs boundary: 0.10298059344291687  Time: 0.6565389819443226
Epoch: 5  Train rel: 0.10064173531532287  Test rel: 0.09777570843696594  Test abs: 0.08085360586643218  Test abs boundary: 0.10244837462902069  Time: 0.657684579025954
Epoch: 6  Train rel: 0.10061999267339707  Test rel: 0.09788817405700684  Test abs: 0.0809453284740448  Test abs boundary: 0.10211265683174134  Time: 0.6562864510342479
Epoch: 7  Train rel: 0.10057050842046737  Test rel: 0.09757641911506652  Test abs: 0.0806956398487091  Test abs boundary: 0.10136501431465149  Time: 0.6572772660292685
Epoch: 8  Train rel: 0.10076663613319398  Test rel: 0.09744513034820557  Test abs: 0.08060036838054657  Test abs boundary: 0.1019219446182251  Time: 0.6572421733289957
Epoch: 9  Train rel: 0.1005830470919609  Test rel: 0.09759655892848969  Test abs: 0.08070524513721467  Test abs boundary: 0.10129153311252594  Time: 0.6564253000542521
Epoch: 10  Train rel: 0.10040271246433258  Test rel: 0.09748551845550538  Test abs: 0.08061946749687195  Test abs boundary: 0.10127329349517822  Time: 0.656598225235939
Epoch: 11  Train rel: 0.10031077200174332  Test rel: 0.0973418766260147  Test abs: 0.0805066192150116  Test abs boundary: 0.10091419875621796  Time: 0.6568963108584285
Epoch: 12  Train rel: 0.1003003687262535  Test rel: 0.09870583891868591  Test abs: 0.08159408569335938  Test abs boundary: 0.10154121935367584  Time: 0.6578520792536438
Epoch: 13  Train rel: 0.10053921288251877  Test rel: 0.09777615785598755  Test abs: 0.08089382290840148  Test abs boundary: 0.10202704429626465  Time: 0.6558077251538634
Epoch: 14  Train rel: 0.10063657617568969  Test rel: 0.09794752955436707  Test abs: 0.08098275005817414  Test abs boundary: 0.10099837720394135  Time: 0.6568240118212998
Epoch: 15  Train rel: 0.10062295877933503  Test rel: 0.09805049657821656  Test abs: 0.08106944799423217  Test abs boundary: 0.10140070915222169  Time: 0.6562489666976035
Epoch: 16  Train rel: 0.10060945773124695  Test rel: 0.09817804217338562  Test abs: 0.08117803335189819  Test abs boundary: 0.10169829487800598  Time: 0.6578682158142328
Epoch: 17  Train rel: 0.10059408807754516  Test rel: 0.09737624824047089  Test abs: 0.0805550330877304  Test abs boundary: 0.10107600390911102  Time: 0.6563432542607188
Epoch: 18  Train rel: 0.10059249424934387  Test rel: 0.09796911478042603  Test abs: 0.0810090559720993  Test abs boundary: 0.10163691520690918  Time: 0.6573461079970002
Epoch: 19  Train rel: 0.10052856707572937  Test rel: 0.09735020637512207  Test abs: 0.08051424622535705  Test abs boundary: 0.10099614918231964  Time: 0.656722498126328
Epoch: 20  Train rel: 0.10041184866428375  Test rel: 0.09755849242210388  Test abs: 0.08067285060882569  Test abs boundary: 0.1007407283782959  Time: 0.6562520917505026
Epoch: 21  Train rel: 0.1004336748123169  Test rel: 0.09742688834667206  Test abs: 0.08059006929397583  Test abs boundary: 0.10130897164344788  Time: 0.6566960299387574
Epoch: 22  Train rel: 0.10063070648908615  Test rel: 0.0976739239692688  Test abs: 0.08079210877418518  Test abs boundary: 0.10208831250667572  Time: 0.6570523171685636
Epoch: 23  Train rel: 0.100467764377594  Test rel: 0.09826661825180054  Test abs: 0.08124251008033752  Test abs boundary: 0.10136594653129577  Time: 0.6562470919452608
Epoch: 24  Train rel: 0.10033345866203308  Test rel: 0.09809971511363984  Test abs: 0.08110249996185302  Test abs boundary: 0.10107599973678588  Time: 0.6565162232145667
Epoch: 25  Train rel: 0.10043679594993592  Test rel: 0.09781651139259338  Test abs: 0.08088644981384277  Test abs boundary: 0.10096014499664306  Time: 0.65683733811602
Epoch: 26  Train rel: 0.10038181662559509  Test rel: 0.09734255909919738  Test abs: 0.0805129885673523  Test abs boundary: 0.100815931558609  Time: 0.6572486232034862
Epoch: 27  Train rel: 0.10040181028842926  Test rel: 0.09739852070808411  Test abs: 0.08055299997329712  Test abs boundary: 0.10087729096412659  Time: 0.6576552023179829
Epoch: 28  Train rel: 0.10034713244438172  Test rel: 0.09797340512275696  Test abs: 0.08100139319896699  Test abs boundary: 0.10072201073169708  Time: 0.6567304907366633
Epoch: 29  Train rel: 0.10041665089130401  Test rel: 0.09726128816604614  Test abs: 0.08044205546379089  Test abs boundary: 0.1004935610294342  Time: 0.6579779931344092
Epoch: 30  Train rel: 0.10032682585716247  Test rel: 0.09753277063369752  Test abs: 0.08064770698547363  Test abs boundary: 0.10042610764503479  Time: 0.6568111688829958
Epoch: 31  Train rel: 0.10036580002307892  Test rel: 0.09718417465686797  Test abs: 0.08037888288497924  Test abs boundary: 0.1004407787322998  Time: 0.6561281480826437
Epoch: 32  Train rel: 0.10032491743564606  Test rel: 0.0982430213689804  Test abs: 0.0812191617488861  Test abs boundary: 0.10113508224487305  Time: 0.6571041811257601
Epoch: 33  Train rel: 0.10042446672916412  Test rel: 0.09741964221000671  Test abs: 0.08058570802211762  Test abs boundary: 0.10077700853347778  Time: 0.6565129240043461
Epoch: 34  Train rel: 0.10027444076538086  Test rel: 0.09730054676532746  Test abs: 0.08049601495265961  Test abs boundary: 0.10062637269496917  Time: 0.6572982640936971
Epoch: 35  Train rel: 0.10033877623081207  Test rel: 0.09776533663272857  Test abs: 0.08084286451339721  Test abs boundary: 0.10097305655479431  Time: 0.6559868659824133
Epoch: 36  Train rel: 0.10042101716995239  Test rel: 0.0976289302110672  Test abs: 0.08073782265186309  Test abs boundary: 0.10083111763000488  Time: 0.6573351048864424
Epoch: 37  Train rel: 0.10050710910558701  Test rel: 0.0989495027065277  Test abs: 0.08178953349590301  Test abs boundary: 0.10119682192802429  Time: 0.656356634106487
Epoch: 38  Train rel: 0.10039055669307709  Test rel: 0.09719503045082092  Test abs: 0.08040235996246338  Test abs boundary: 0.10045977413654328  Time: 0.6565809561870992
Epoch: 39  Train rel: 0.10032647216320038  Test rel: 0.09736693382263184  Test abs: 0.08051700115203858  Test abs boundary: 0.1003571516275406  Time: 0.6570095052011311
Epoch: 40  Train rel: 0.10034472477436066  Test rel: 0.09728157043457031  Test abs: 0.08045241951942445  Test abs boundary: 0.10036128342151641  Time: 0.6561186900362372
Epoch: 41  Train rel: 0.10029170268774032  Test rel: 0.09756834030151368  Test abs: 0.08069909393787383  Test abs boundary: 0.10115530669689178  Time: 0.6560380118899047
Epoch: 42  Train rel: 0.10038641226291657  Test rel: 0.0978332817554474  Test abs: 0.08089207589626313  Test abs boundary: 0.10074637711048126  Time: 0.6581355440430343
Epoch: 43  Train rel: 0.10033575075864792  Test rel: 0.09755375027656556  Test abs: 0.08068700313568115  Test abs boundary: 0.10109625160694122  Time: 0.6569184712134302
Epoch: 44  Train rel: 0.1003406525850296  Test rel: 0.09720092415809631  Test abs: 0.0803857159614563  Test abs boundary: 0.10043201744556426  Time: 0.6567768980748951
Epoch: 45  Train rel: 0.10030517387390137  Test rel: 0.09733482480049133  Test abs: 0.08049699068069457  Test abs boundary: 0.1006571090221405  Time: 0.6578927570953965
Epoch: 46  Train rel: 0.10029852443933487  Test rel: 0.09719077944755554  Test abs: 0.08039646625518798  Test abs boundary: 0.10044867157936097  Time: 0.6560910702683032
Epoch: 47  Train rel: 0.10034624230861663  Test rel: 0.09780597448348999  Test abs: 0.08086665153503418  Test abs boundary: 0.10075203835964203  Time: 0.656143391970545
Epoch: 48  Train rel: 0.10046511769294739  Test rel: 0.0979780238866806  Test abs: 0.08100458204746247  Test abs boundary: 0.10059396147727967  Time: 0.6569588803686202
Epoch: 49  Train rel: 0.10021743881702423  Test rel: 0.09773213922977447  Test abs: 0.08082902073860168  Test abs boundary: 0.10103772580623627  Time: 0.6565978932194412
Epoch: 50  Train rel: 0.1002661850452423  Test rel: 0.09762954413890838  Test abs: 0.08073632895946503  Test abs boundary: 0.10080556929111481  Time: 0.6573596289381385
Epoch: 51  Train rel: 0.10033460783958435  Test rel: 0.09722450137138366  Test abs: 0.08041789770126342  Test abs boundary: 0.10043318271636963  Time: 0.6570274969562888
Epoch: 52  Train rel: 0.10046101188659667  Test rel: 0.098159019947052  Test abs: 0.08115813732147217  Test abs boundary: 0.10115160405635834  Time: 0.6567337838932872
Epoch: 53  Train rel: 0.10038374102115631  Test rel: 0.09752100765705109  Test abs: 0.08067972660064697  Test abs boundary: 0.1011099910736084  Time: 0.6570225390605628
Epoch: 54  Train rel: 0.10041943883895874  Test rel: 0.09735730826854706  Test abs: 0.08051470756530761  Test abs boundary: 0.10034136593341828  Time: 0.6575807291083038
Epoch: 55  Train rel: 0.1004669280052185  Test rel: 0.09766581416130066  Test abs: 0.08075773119926452  Test abs boundary: 0.10071571469306946  Time: 0.6563092819415033
Epoch: 56  Train rel: 0.10048938977718354  Test rel: 0.0985027176141739  Test abs: 0.08143231213092804  Test abs boundary: 0.10174254953861236  Time: 0.655938406009227
Epoch: 57  Train rel: 0.10043995523452759  Test rel: 0.09794358909130096  Test abs: 0.08097986459732055  Test abs boundary: 0.10062292575836182  Time: 0.6571440123952925
Epoch: 58  Train rel: 0.10054493772983551  Test rel: 0.0982632291316986  Test abs: 0.08123809158802033  Test abs boundary: 0.10091307759284973  Time: 0.6570037598721683
Epoch: 59  Train rel: 0.10034501504898072  Test rel: 0.09782170355319977  Test abs: 0.08087816834449768  Test abs boundary: 0.10087695479393005  Time: 0.6568120461888611
Epoch: 60  Train rel: 0.1004198203086853  Test rel: 0.09735247910022736  Test abs: 0.08052288830280303  Test abs boundary: 0.10068926215171814  Time: 0.6574753378517926
Epoch: 61  Train rel: 0.10041419172286987  Test rel: 0.09757193326950073  Test abs: 0.08068228662014007  Test abs boundary: 0.10115702867507935  Time: 0.6567887486889958
Epoch: 62  Train rel: 0.10060050642490387  Test rel: 0.0973189663887024  Test abs: 0.08048201203346253  Test abs boundary: 0.10047052502632141  Time: 0.6567208576016128
Epoch: 63  Train rel: 0.10026580274105072  Test rel: 0.09733208537101745  Test abs: 0.08050020337104798  Test abs boundary: 0.10065250992774963  Time: 0.656731768976897
Epoch: 64  Train rel: 0.10036241090297698  Test rel: 0.0971800971031189  Test abs: 0.08037894010543824  Test abs boundary: 0.10058803737163544  Time: 0.6580756353214383
Epoch: 65  Train rel: 0.10040088951587677  Test rel: 0.09759476959705353  Test abs: 0.0807091861963272  Test abs boundary: 0.10077404856681824  Time: 0.6565491845831275
Epoch: 66  Train rel: 0.10046677541732787  Test rel: 0.09767204463481903  Test abs: 0.08077889561653137  Test abs boundary: 0.1019392454624176  Time: 0.6576698520220816
Epoch: 67  Train rel: 0.10038445675373077  Test rel: 0.09744811594486237  Test abs: 0.08060422837734223  Test abs boundary: 0.10096099853515625  Time: 0.6568836090154946
Epoch: 68  Train rel: 0.10038314336538315  Test rel: 0.09748997926712036  Test abs: 0.08062661111354828  Test abs boundary: 0.10117207288742065  Time: 0.6569810840301216
Epoch: 69  Train rel: 0.10030748975276947  Test rel: 0.09763555884361268  Test abs: 0.08073288381099701  Test abs boundary: 0.10057676553726197  Time: 0.6564152799546719
Epoch: 70  Train rel: 0.1004211620092392  Test rel: 0.09764068841934204  Test abs: 0.08074225664138794  Test abs boundary: 0.10098153829574585  Time: 0.6562974210828543
Epoch: 71  Train rel: 0.10039206278324127  Test rel: 0.09725768446922302  Test abs: 0.08044503569602966  Test abs boundary: 0.10049599826335907  Time: 0.6561275338754058
Epoch: 72  Train rel: 0.10036833930015564  Test rel: 0.09728355646133423  Test abs: 0.0804671573638916  Test abs boundary: 0.10036203503608704  Time: 0.6569754611700773
Epoch: 73  Train rel: 0.10050732600688934  Test rel: 0.09754105746746063  Test abs: 0.08066638171672821  Test abs boundary: 0.10112364709377289  Time: 0.6568748229183257
Epoch: 74  Train rel: 0.10039490222930908  Test rel: 0.09752187311649323  Test abs: 0.0806459391117096  Test abs boundary: 0.1005851936340332  Time: 0.6574093070812523
Epoch: 75  Train rel: 0.10038097059726715  Test rel: 0.09758337438106537  Test abs: 0.08070639073848725  Test abs boundary: 0.10136052250862121  Time: 0.656637208070606
Epoch: 76  Train rel: 0.10043576818704605  Test rel: 0.09752490043640137  Test abs: 0.08064374685287476  Test abs boundary: 0.10050405263900757  Time: 0.6557345250621438
Epoch: 77  Train rel: 0.10033749669790268  Test rel: 0.09820114791393281  Test abs: 0.08118880808353424  Test abs boundary: 0.10123994946479797  Time: 0.6564043601974845
Epoch: 78  Train rel: 0.10039677476882934  Test rel: 0.09750758051872253  Test abs: 0.08063461899757385  Test abs boundary: 0.10068880617618561  Time: 0.6565630133263767
Epoch: 79  Train rel: 0.10031920528411865  Test rel: 0.09751229763031005  Test abs: 0.08063510537147522  Test abs boundary: 0.10065640330314636  Time: 0.6562072350643575
Epoch: 80  Train rel: 0.10031934702396393  Test rel: 0.09774718999862671  Test abs: 0.08082308411598206  Test abs boundary: 0.10050890028476715  Time: 0.6565410923212767
Epoch: 81  Train rel: 0.10026333898305893  Test rel: 0.09768739104270935  Test abs: 0.08077017605304718  Test abs boundary: 0.10052006661891938  Time: 0.6563431858085096
Epoch: 82  Train rel: 0.10032010340690613  Test rel: 0.097503821849823  Test abs: 0.08063746571540832  Test abs boundary: 0.10078692436218262  Time: 0.6596768829040229
Epoch: 83  Train rel: 0.1002910338640213  Test rel: 0.097453054189682  Test abs: 0.08059906721115112  Test abs boundary: 0.10061684250831604  Time: 0.6588306301273406
Epoch: 84  Train rel: 0.10045915162563324  Test rel: 0.09845687687397003  Test abs: 0.0814018952846527  Test abs boundary: 0.1025467723608017  Time: 0.6562710120342672
Epoch: 85  Train rel: 0.10052094006538391  Test rel: 0.09831655025482178  Test abs: 0.08129009246826172  Test abs boundary: 0.10233498930931091  Time: 0.6562057258561254
Epoch: 86  Train rel: 0.1003892810344696  Test rel: 0.09730129718780517  Test abs: 0.08047295212745667  Test abs boundary: 0.1004143238067627  Time: 0.6566519187763333
Epoch: 87  Train rel: 0.10024612617492676  Test rel: 0.0977873980998993  Test abs: 0.08085492491722107  Test abs boundary: 0.10068547308444976  Time: 0.6576564279384911
Epoch: 88  Train rel: 0.1003778663277626  Test rel: 0.0983327168226242  Test abs: 0.08129374623298645  Test abs boundary: 0.10172116041183471  Time: 0.6561553413048387
Epoch: 89  Train rel: 0.10047651934623718  Test rel: 0.09735892295837402  Test abs: 0.08053242921829223  Test abs boundary: 0.10073917984962463  Time: 0.6577633917331696
Epoch: 90  Train rel: 0.10039542663097381  Test rel: 0.09804246544837952  Test abs: 0.08106149017810821  Test abs boundary: 0.10080977737903594  Time: 0.656661688350141
Epoch: 91  Train rel: 0.10054583448171615  Test rel: 0.0975967812538147  Test abs: 0.08071263909339904  Test abs boundary: 0.10089621603488923  Time: 0.6563086742535233
Epoch: 92  Train rel: 0.10028756242990494  Test rel: 0.09726993978023529  Test abs: 0.08045856118202209  Test abs boundary: 0.10029910445213318  Time: 0.6575021878816187
Epoch: 93  Train rel: 0.10027433252334594  Test rel: 0.09790225684642792  Test abs: 0.08094876110553742  Test abs boundary: 0.10084693670272828  Time: 0.656281883828342
Epoch: 94  Train rel: 0.10034885025024413  Test rel: 0.0975252115726471  Test abs: 0.08065210700035096  Test abs boundary: 0.10082114338874817  Time: 0.6565995058044791
Epoch: 95  Train rel: 0.10049762070178986  Test rel: 0.0972874665260315  Test abs: 0.0804772448539734  Test abs boundary: 0.10039788782596588  Time: 0.6572058713063598
Epoch: 96  Train rel: 0.10053228068351745  Test rel: 0.09735550940036773  Test abs: 0.08051510095596313  Test abs boundary: 0.10079815864562988  Time: 0.6588408299721777
Epoch: 97  Train rel: 0.10031775474548339  Test rel: 0.09768674969673156  Test abs: 0.0807722908258438  Test abs boundary: 0.10063784539699555  Time: 0.6591466902755201
Epoch: 98  Train rel: 0.1002453653216362  Test rel: 0.09745255053043365  Test abs: 0.0805926913022995  Test abs boundary: 0.10080883204936981  Time: 0.657601066865027
Epoch: 99  Train rel: 0.10029750967025756  Test rel: 0.0976051414012909  Test abs: 0.08070917785167694  Test abs boundary: 0.10060769319534302  Time: 0.6581140891648829
Epoch: 100  Train rel: 0.10027569603919984  Test rel: 0.09746709764003754  Test abs: 0.08063241243362426  Test abs boundary: 0.1007060444355011  Time: 0.6564421900548041
Epoch: 101  Train rel: 0.10048408919572831  Test rel: 0.09723994016647339  Test abs: 0.08042948544025422  Test abs boundary: 0.10047838091850281  Time: 0.6570341377519071
Epoch: 102  Train rel: 0.10060035371780396  Test rel: 0.09756755113601684  Test abs: 0.08071012556552887  Test abs boundary: 0.10152881026268006  Time: 0.655969858635217
Epoch: 103  Train rel: 0.10049906027317047  Test rel: 0.09785375654697419  Test abs: 0.08091708362102508  Test abs boundary: 0.10070883870124817  Time: 0.6559400302357972
Epoch: 104  Train rel: 0.10028006947040558  Test rel: 0.0972643494606018  Test abs: 0.08045370697975159  Test abs boundary: 0.10082002937793731  Time: 0.6578341252170503
Epoch: 105  Train rel: 0.10027704560756684  Test rel: 0.09715679287910461  Test abs: 0.0803542047739029  Test abs boundary: 0.1002564525604248  Time: 0.6585768088698387
Epoch: 106  Train rel: 0.10031659781932831  Test rel: 0.0973466169834137  Test abs: 0.08050624668598175  Test abs boundary: 0.1004088830947876  Time: 0.6572732981294394
Epoch: 107  Train rel: 0.10036983942985535  Test rel: 0.09757091760635377  Test abs: 0.08071792483329773  Test abs boundary: 0.10095929503440856  Time: 0.6578203579410911
Epoch: 108  Train rel: 0.10034857308864593  Test rel: 0.09762864708900451  Test abs: 0.08072796046733856  Test abs boundary: 0.10050162315368652  Time: 0.6570619340054691
Epoch: 109  Train rel: 0.10020302563905716  Test rel: 0.0978645008802414  Test abs: 0.08091801166534424  Test abs boundary: 0.10082311391830444  Time: 0.657416544854641
Epoch: 110  Train rel: 0.10030773162841797  Test rel: 0.09724136769771576  Test abs: 0.0804209715127945  Test abs boundary: 0.10041633367538452  Time: 0.6568301762454212
Epoch: 111  Train rel: 0.10027783566713333  Test rel: 0.09760346055030823  Test abs: 0.08070752203464508  Test abs boundary: 0.10076499104499817  Time: 0.6565195992588997
Epoch: 112  Train rel: 0.10043395900726318  Test rel: 0.09727558612823486  Test abs: 0.08044600307941437  Test abs boundary: 0.10040093123912812  Time: 0.6570261996239424
Epoch: 113  Train rel: 0.1003366173505783  Test rel: 0.09840268433094025  Test abs: 0.08135366141796112  Test abs boundary: 0.10108598947525024  Time: 0.6566065298393369
Epoch: 114  Train rel: 0.10052346807718276  Test rel: 0.09777525424957276  Test abs: 0.0808460533618927  Test abs boundary: 0.10070567965507507  Time: 0.6586175709962845
Epoch: 115  Train rel: 0.10031077432632446  Test rel: 0.09759336471557617  Test abs: 0.08070842623710632  Test abs boundary: 0.10112490773200988  Time: 0.6570559069514275
Epoch: 116  Train rel: 0.10023706078529358  Test rel: 0.09763301610946655  Test abs: 0.08074117183685303  Test abs boundary: 0.10085481703281403  Time: 0.657042196020484
Epoch: 117  Train rel: 0.10032616758346558  Test rel: 0.09767015516757965  Test abs: 0.08078149139881134  Test abs boundary: 0.10129388093948365  Time: 0.6573056150227785
Epoch: 118  Train rel: 0.10030515193939209  Test rel: 0.09744852185249328  Test abs: 0.08059116899967193  Test abs boundary: 0.10044296801090241  Time: 0.6567676994018257
Epoch: 119  Train rel: 0.10034775394201279  Test rel: 0.09746334195137024  Test abs: 0.08060177624225616  Test abs boundary: 0.10052434206008912  Time: 0.6566354855895042
Epoch: 120  Train rel: 0.10031714391708374  Test rel: 0.09729438185691834  Test abs: 0.08046949088573456  Test abs boundary: 0.10051320672035217  Time: 0.658427317161113
Epoch: 121  Train rel: 0.10033299279212951  Test rel: 0.0978753650188446  Test abs: 0.08093390583992005  Test abs boundary: 0.1009405255317688  Time: 0.6577726691029966
Epoch: 122  Train rel: 0.10033731794357299  Test rel: 0.09730288445949554  Test abs: 0.08047478199005127  Test abs boundary: 0.1006869900226593  Time: 0.6567544988356531
Epoch: 123  Train rel: 0.10040261673927307  Test rel: 0.09775853037834167  Test abs: 0.08083201587200164  Test abs boundary: 0.10138746857643127  Time: 0.6573910228908062
Epoch: 124  Train rel: 0.10032558679580689  Test rel: 0.09735365271568298  Test abs: 0.08051172733306884  Test abs boundary: 0.10039185762405395  Time: 0.6574983070604503
Epoch: 125  Train rel: 0.1003459359407425  Test rel: 0.09722795486450195  Test abs: 0.08041582286357879  Test abs boundary: 0.10042398750782013  Time: 0.6576563282869756
Epoch: 126  Train rel: 0.10022598385810852  Test rel: 0.09710790991783141  Test abs: 0.08031797885894776  Test abs boundary: 0.10020987808704376  Time: 0.6575647229328752
Epoch: 127  Train rel: 0.10036255133152008  Test rel: 0.09727870345115662  Test abs: 0.08045035004615783  Test abs boundary: 0.10026673078536988  Time: 0.656947570387274
Epoch: 128  Train rel: 0.10035807681083679  Test rel: 0.0975977861881256  Test abs: 0.08074319005012512  Test abs boundary: 0.10097620785236358  Time: 0.656685499008745
Epoch: 129  Train rel: 0.10042342209815978  Test rel: 0.09751656651496887  Test abs: 0.08064422011375427  Test abs boundary: 0.10064213871955871  Time: 0.6595873716287315
Epoch: 130  Train rel: 0.10025255930423736  Test rel: 0.0973432183265686  Test abs: 0.08050733029842377  Test abs boundary: 0.10048846304416656  Time: 0.6592975216917694
Epoch: 131  Train rel: 0.10030373895168304  Test rel: 0.09768290042877198  Test abs: 0.08077920019626618  Test abs boundary: 0.10107612729072571  Time: 0.6587970042601228
Epoch: 132  Train rel: 0.1004168484210968  Test rel: 0.09761225461959838  Test abs: 0.0807148277759552  Test abs boundary: 0.10080881237983703  Time: 0.6595052988268435
Epoch: 133  Train rel: 0.10026912093162536  Test rel: 0.09744822680950165  Test abs: 0.08058572769165039  Test abs boundary: 0.10043811440467834  Time: 0.6580875748768449
Epoch: 134  Train rel: 0.10025419294834137  Test rel: 0.09793187379837036  Test abs: 0.08096928358078002  Test abs boundary: 0.1006172114610672  Time: 0.6568472380749881
Epoch: 135  Train rel: 0.10041277462244033  Test rel: 0.09756677508354188  Test abs: 0.08067849040031433  Test abs boundary: 0.10056514799594879  Time: 0.6599805052392185
Epoch: 136  Train rel: 0.10029078263044357  Test rel: 0.09759775280952454  Test abs: 0.08071641504764557  Test abs boundary: 0.10094795048236847  Time: 0.6582225281745195
Epoch: 137  Train rel: 0.10029482591152192  Test rel: 0.09731179594993591  Test abs: 0.08048111617565155  Test abs boundary: 0.10052503883838654  Time: 0.6589720528572798
Epoch: 138  Train rel: 0.10024186414480209  Test rel: 0.09725769937038421  Test abs: 0.08043699383735657  Test abs boundary: 0.10037177741527557  Time: 0.6588382478803396
Epoch: 139  Train rel: 0.10033846724033356  Test rel: 0.09750349164009094  Test abs: 0.08063162326812744  Test abs boundary: 0.10038067042827606  Time: 0.6593616311438382
Epoch: 140  Train rel: 0.10021892952919007  Test rel: 0.09731734156608582  Test abs: 0.08048116207122803  Test abs boundary: 0.10040547907352447  Time: 0.659356954973191
Epoch: 141  Train rel: 0.10034377610683441  Test rel: 0.09731768608093262  Test abs: 0.08048221528530121  Test abs boundary: 0.10045284926891326  Time: 0.6603677780367434
Epoch: 142  Train rel: 0.10025664150714875  Test rel: 0.09741153001785278  Test abs: 0.0805572211742401  Test abs boundary: 0.10058754801750183  Time: 0.6597965848632157
Epoch: 143  Train rel: 0.10025732374191285  Test rel: 0.09809735298156738  Test abs: 0.08109860599040986  Test abs boundary: 0.1006627368927002  Time: 0.6599445599131286
Epoch: 144  Train rel: 0.100374318420887  Test rel: 0.09732141852378845  Test abs: 0.08048201620578765  Test abs boundary: 0.10035168051719666  Time: 0.6592613449320197
Epoch: 145  Train rel: 0.10040364605188369  Test rel: 0.09728632152080535  Test abs: 0.08046594262123108  Test abs boundary: 0.1004327392578125  Time: 0.6595105361193419
Epoch: 146  Train rel: 0.10032091474533081  Test rel: 0.09745068073272706  Test abs: 0.08061866462230682  Test abs boundary: 0.10058231770992279  Time: 0.6610581269487739
Epoch: 147  Train rel: 0.10042328453063964  Test rel: 0.09833422541618347  Test abs: 0.08129155158996582  Test abs boundary: 0.1011414259672165  Time: 0.6611876613460481
Epoch: 148  Train rel: 0.10033478808403015  Test rel: 0.0974160236120224  Test abs: 0.08056155502796174  Test abs boundary: 0.10091020464897156  Time: 0.6587603189982474
Epoch: 149  Train rel: 0.10025301504135131  Test rel: 0.09720562756061554  Test abs: 0.08039595842361451  Test abs boundary: 0.10033942103385925  Time: 0.6595480469986796
Epoch: 150  Train rel: 0.10033002579212189  Test rel: 0.09722992479801178  Test abs: 0.0804327380657196  Test abs boundary: 0.1004444420337677  Time: 0.6604184289462864
Epoch: 151  Train rel: 0.10033207190036773  Test rel: 0.09768509745597839  Test abs: 0.08076940894126892  Test abs boundary: 0.10029947400093078  Time: 0.6598825762048364
Epoch: 152  Train rel: 0.10028818416595459  Test rel: 0.0976351773738861  Test abs: 0.08073329508304596  Test abs boundary: 0.10055915713310241  Time: 0.6608725558035076
Epoch: 153  Train rel: 0.10026535940170288  Test rel: 0.09721986293792724  Test abs: 0.0804059374332428  Test abs boundary: 0.10044613003730773  Time: 0.659862011205405
Epoch: 154  Train rel: 0.1002256664633751  Test rel: 0.09726558089256286  Test abs: 0.08045928120613098  Test abs boundary: 0.10046282052993774  Time: 0.659969967789948
Epoch: 155  Train rel: 0.1002953444123268  Test rel: 0.09766236901283264  Test abs: 0.08076171159744262  Test abs boundary: 0.10117819130420685  Time: 0.6595025672577322
Epoch: 156  Train rel: 0.10030087113380431  Test rel: 0.09806334257125854  Test abs: 0.08108132362365722  Test abs boundary: 0.10104543328285218  Time: 0.6594336503185332
Epoch: 157  Train rel: 0.10023478150367737  Test rel: 0.09782873153686523  Test abs: 0.0808850210905075  Test abs boundary: 0.10050873279571533  Time: 0.6602185862138867
Epoch: 158  Train rel: 0.10021669137477875  Test rel: 0.09762157320976257  Test abs: 0.08071793913841248  Test abs boundary: 0.10041985511779786  Time: 0.6593195446766913
Epoch: 159  Train rel: 0.1003028734922409  Test rel: 0.09749469459056855  Test abs: 0.08062382102012634  Test abs boundary: 0.10092279493808747  Time: 0.6593478098511696
Epoch: 160  Train rel: 0.10032201385498046  Test rel: 0.09729124426841736  Test abs: 0.08046883106231689  Test abs boundary: 0.100480295419693  Time: 0.661052277777344
Epoch: 161  Train rel: 0.10020566844940186  Test rel: 0.09762518942356109  Test abs: 0.08072322368621826  Test abs boundary: 0.10059388756752013  Time: 0.661360687110573
Epoch: 162  Train rel: 0.10024650448560715  Test rel: 0.09779293298721313  Test abs: 0.08086353659629822  Test abs boundary: 0.10086713314056396  Time: 0.6610822211951017
Epoch: 163  Train rel: 0.10029689764976502  Test rel: 0.09798480749130249  Test abs: 0.08101009488105775  Test abs boundary: 0.10071176707744599  Time: 0.6593029191717505
Epoch: 164  Train rel: 0.10025985437631607  Test rel: 0.09741422533988953  Test abs: 0.08056223332881927  Test abs boundary: 0.100608668923378  Time: 0.6595406476408243
Epoch: 165  Train rel: 0.10023770499229431  Test rel: 0.09750089645385743  Test abs: 0.08062596440315246  Test abs boundary: 0.10066543817520142  Time: 0.660397345200181
Epoch: 166  Train rel: 0.10032183051109314  Test rel: 0.09747577548027038  Test abs: 0.08060500025749207  Test abs boundary: 0.10048012733459473  Time: 0.6600838769227266
Epoch: 167  Train rel: 0.10020617139339447  Test rel: 0.09716824889183044  Test abs: 0.08037995934486389  Test abs boundary: 0.10044866561889648  Time: 0.6596202962100506
Epoch: 168  Train rel: 0.10037748342752456  Test rel: 0.0973769611120224  Test abs: 0.08054493188858032  Test abs boundary: 0.10092360615730285  Time: 0.6595683000050485
Epoch: 169  Train rel: 0.10038980400562286  Test rel: 0.09769435048103332  Test abs: 0.08078104197978973  Test abs boundary: 0.10075945973396301  Time: 0.659644546918571
Epoch: 170  Train rel: 0.10040287125110627  Test rel: 0.09742922246456147  Test abs: 0.08056638479232787  Test abs boundary: 0.1004673022031784  Time: 0.659509951248765
Epoch: 171  Train rel: 0.10019609093666076  Test rel: 0.09718536019325257  Test abs: 0.08037721633911132  Test abs boundary: 0.10012676358222962  Time: 0.6599392788484693
Epoch: 172  Train rel: 0.10020322442054748  Test rel: 0.09784488081932068  Test abs: 0.08090493857860565  Test abs boundary: 0.10086608648300172  Time: 0.6609830828383565
Epoch: 173  Train rel: 0.10028696441650391  Test rel: 0.09727692067623138  Test abs: 0.08045072913169861  Test abs boundary: 0.10062862634658813  Time: 0.6596144577488303
Epoch: 174  Train rel: 0.10028332316875457  Test rel: 0.09738154232501983  Test abs: 0.08053418040275574  Test abs boundary: 0.10037033915519715  Time: 0.6591591858305037
Epoch: 175  Train rel: 0.10027734088897705  Test rel: 0.09763899803161621  Test abs: 0.08074182271957397  Test abs boundary: 0.10086018443107606  Time: 0.6599250040017068
Epoch: 176  Train rel: 0.10031581830978394  Test rel: 0.09753216028213502  Test abs: 0.08065168857574463  Test abs boundary: 0.10044259667396545  Time: 0.6597154289484024
Epoch: 177  Train rel: 0.10022952497005462  Test rel: 0.09756913900375366  Test abs: 0.08067980170249939  Test abs boundary: 0.10064542233943939  Time: 0.6594817647710443
Epoch: 178  Train rel: 0.1002532080411911  Test rel: 0.09774765431880951  Test abs: 0.08082913577556611  Test abs boundary: 0.10080973863601685  Time: 0.6617387193255126
Epoch: 179  Train rel: 0.10020013844966888  Test rel: 0.09727191388607025  Test abs: 0.08044135093688964  Test abs boundary: 0.1003220784664154  Time: 0.6601446270942688
Epoch: 180  Train rel: 0.10020722657442092  Test rel: 0.09732634842395782  Test abs: 0.08048240423202514  Test abs boundary: 0.10021726071834564  Time: 0.6607786999084055
Epoch: 181  Train rel: 0.10032140231132507  Test rel: 0.09757178604602813  Test abs: 0.0806817924976349  Test abs boundary: 0.10074931859970093  Time: 0.6609225361607969
Epoch: 182  Train rel: 0.10021096348762512  Test rel: 0.09765372395515443  Test abs: 0.0807450258731842  Test abs boundary: 0.10055760741233825  Time: 0.6596316350623965
Epoch: 183  Train rel: 0.10025123023986816  Test rel: 0.09766253888607025  Test abs: 0.08075969576835633  Test abs boundary: 0.10071110844612122  Time: 0.660001811105758
Epoch: 184  Train rel: 0.10017526853084564  Test rel: 0.09722131848335266  Test abs: 0.08040356457233429  Test abs boundary: 0.10033944368362427  Time: 0.6616568127647042
Epoch: 185  Train rel: 0.10022995483875274  Test rel: 0.09745808601379395  Test abs: 0.08059205174446106  Test abs boundary: 0.10056863188743591  Time: 0.6605168958194554
Epoch: 186  Train rel: 0.10023597049713134  Test rel: 0.09715696573257446  Test abs: 0.08036251544952393  Test abs boundary: 0.10035252690315247  Time: 0.659335623960942
Epoch: 187  Train rel: 0.10027051907777786  Test rel: 0.09741602063179017  Test abs: 0.08055820107460022  Test abs boundary: 0.10053445339202881  Time: 0.6595410276204348
Epoch: 188  Train rel: 0.10026561713218689  Test rel: 0.09748417377471924  Test abs: 0.08061229646205902  Test abs boundary: 0.10059147715568542  Time: 0.660114549100399
Epoch: 189  Train rel: 0.10035710799694061  Test rel: 0.09730375587940215  Test abs: 0.08047497391700745  Test abs boundary: 0.10032220125198364  Time: 0.6602395721711218
Epoch: 190  Train rel: 0.10027513116598129  Test rel: 0.09759126305580139  Test abs: 0.08070535898208618  Test abs boundary: 0.10067522048950195  Time: 0.6594193601049483
Epoch: 191  Train rel: 0.10022904634475709  Test rel: 0.097504643201828  Test abs: 0.08063448429107666  Test abs boundary: 0.10085982322692871  Time: 0.6605993071570992
Epoch: 192  Train rel: 0.10030387210845947  Test rel: 0.09733485221862793  Test abs: 0.08049560666084289  Test abs boundary: 0.10027239918708801  Time: 0.6600882587954402
Epoch: 193  Train rel: 0.10018556380271912  Test rel: 0.0976717084646225  Test abs: 0.08076345920562744  Test abs boundary: 0.10060691118240356  Time: 0.6599016408436
Epoch: 194  Train rel: 0.10028820937871932  Test rel: 0.09748424589633942  Test abs: 0.0806115710735321  Test abs boundary: 0.10049485087394715  Time: 0.6604778249748051
Epoch: 195  Train rel: 0.10027184605598449  Test rel: 0.09738651812076568  Test abs: 0.08053774416446685  Test abs boundary: 0.10040637910366058  Time: 0.6611005151644349
Epoch: 196  Train rel: 0.10031586658954621  Test rel: 0.09728516757488251  Test abs: 0.08046787142753602  Test abs boundary: 0.10050781905651092  Time: 0.6606611637398601
Epoch: 197  Train rel: 0.10024204075336457  Test rel: 0.09776250481605529  Test abs: 0.0808308881521225  Test abs boundary: 0.10062998056411743  Time: 0.6618836801499128
Epoch: 198  Train rel: 0.10027760875225067  Test rel: 0.09726959705352783  Test abs: 0.08045975387096405  Test abs boundary: 0.10040666580200196  Time: 0.660737288184464
Epoch: 199  Train rel: 0.10033797717094421  Test rel: 0.09743673741817474  Test abs: 0.08057765126228332  Test abs boundary: 0.10042348206043243  Time: 0.6593513172119856
Epoch: 200  Train rel: 0.100180180311203  Test rel: 0.09749090135097503  Test abs: 0.0806148362159729  Test abs boundary: 0.10042056262493133  Time: 0.6599839199334383
Epoch: 201  Train rel: 0.10018850958347321  Test rel: 0.09717492222785949  Test abs: 0.08037938535213471  Test abs boundary: 0.10034832239151001  Time: 0.6601443770341575
Epoch: 202  Train rel: 0.10028905153274537  Test rel: 0.09763571858406067  Test abs: 0.08073675394058227  Test abs boundary: 0.10071882486343384  Time: 0.6594241498969495
Epoch: 203  Train rel: 0.10029659509658813  Test rel: 0.09762264966964722  Test abs: 0.08072282791137696  Test abs boundary: 0.10071072101593018  Time: 0.6596394246444106
Epoch: 204  Train rel: 0.10027184796333313  Test rel: 0.09748146831989288  Test abs: 0.08061419665813446  Test abs boundary: 0.10077199637889862  Time: 0.6598119237460196
Epoch: 205  Train rel: 0.10022817957401275  Test rel: 0.09720341503620147  Test abs: 0.08038776576519012  Test abs boundary: 0.10020072102546691  Time: 0.660294390283525
Epoch: 206  Train rel: 0.10021229588985443  Test rel: 0.09734486341476441  Test abs: 0.08050383985042572  Test abs boundary: 0.10042135059833526  Time: 0.6596041987650096
Epoch: 207  Train rel: 0.10021491503715516  Test rel: 0.09734822034835816  Test abs: 0.08051360130310059  Test abs boundary: 0.10055970013141632  Time: 0.659953439142555
Epoch: 208  Train rel: 0.10020983934402466  Test rel: 0.09732870519161224  Test abs: 0.0804897391796112  Test abs boundary: 0.1001894474029541  Time: 0.6603298340924084
Epoch: 209  Train rel: 0.10016418707370758  Test rel: 0.09766105353832245  Test abs: 0.0807525384426117  Test abs boundary: 0.10057625770568848  Time: 0.6605558269657195
Epoch: 210  Train rel: 0.10018976145982743  Test rel: 0.09728714406490326  Test abs: 0.080462726354599  Test abs boundary: 0.10038544476032257  Time: 0.6625798428431153
Epoch: 211  Train rel: 0.10023319381475448  Test rel: 0.09713778793811798  Test abs: 0.08033835411071777  Test abs boundary: 0.10028631746768951  Time: 0.6609536712057889
Epoch: 212  Train rel: 0.10019554609060287  Test rel: 0.0976374351978302  Test abs: 0.08074728667736053  Test abs boundary: 0.10093081057071686  Time: 0.6609573061577976
Epoch: 213  Train rel: 0.100242014169693  Test rel: 0.09742999076843262  Test abs: 0.08057036697864532  Test abs boundary: 0.10055184900760651  Time: 0.6602684468962252
Epoch: 214  Train rel: 0.10018428647518159  Test rel: 0.0972099369764328  Test abs: 0.08040682852268219  Test abs boundary: 0.10037025690078735  Time: 0.6613115849904716
Epoch: 215  Train rel: 0.10023655450344085  Test rel: 0.09760643720626831  Test abs: 0.08071516335010528  Test abs boundary: 0.1008172744512558  Time: 0.6612846730276942
Epoch: 216  Train rel: 0.10021476888656616  Test rel: 0.09758212208747864  Test abs: 0.08069056034088135  Test abs boundary: 0.10058553457260132  Time: 0.6608756859786808
Epoch: 217  Train rel: 0.10018247067928314  Test rel: 0.09756992161273956  Test abs: 0.08067775666713714  Test abs boundary: 0.10039723992347717  Time: 0.6608159872703254
Epoch: 218  Train rel: 0.1001439745426178  Test rel: 0.09720356464385986  Test abs: 0.08038836538791656  Test abs boundary: 0.10016674399375916  Time: 0.6610576389357448
Epoch: 219  Train rel: 0.1002222825884819  Test rel: 0.09737604737281799  Test abs: 0.08052884578704834  Test abs boundary: 0.10021762788295746  Time: 0.6605047290213406
Epoch: 220  Train rel: 0.10014343404769897  Test rel: 0.09711686253547669  Test abs: 0.08032469153404236  Test abs boundary: 0.1002871835231781  Time: 0.660434584133327
Epoch: 221  Train rel: 0.10024102473258972  Test rel: 0.09725241303443909  Test abs: 0.08043195366859436  Test abs boundary: 0.10039587140083313  Time: 0.6598838991485536
Epoch: 222  Train rel: 0.10024627351760865  Test rel: 0.09755792498588561  Test abs: 0.08068352341651916  Test abs boundary: 0.10080449104309082  Time: 0.6615631743334234
Epoch: 223  Train rel: 0.10022338378429413  Test rel: 0.0972718721628189  Test abs: 0.08044970095157623  Test abs boundary: 0.10034802794456482  Time: 0.6610873541794717
Epoch: 224  Train rel: 0.10026294112205505  Test rel: 0.0973127019405365  Test abs: 0.08048384070396424  Test abs boundary: 0.10055525839328766  Time: 0.6611291342414916
Epoch: 225  Train rel: 0.1002067129611969  Test rel: 0.09742868661880494  Test abs: 0.08056752979755402  Test abs boundary: 0.10050530552864075  Time: 0.6607718197628856
Epoch: 226  Train rel: 0.10017011404037475  Test rel: 0.09717056393623352  Test abs: 0.08037090420722962  Test abs boundary: 0.10042887806892395  Time: 0.6616006763651967
Epoch: 227  Train rel: 0.10026695680618286  Test rel: 0.09742546200752258  Test abs: 0.08056617677211761  Test abs boundary: 0.10053616523742676  Time: 0.6610629819333553
Epoch: 228  Train rel: 0.10026839327812195  Test rel: 0.09719577193260193  Test abs: 0.08039184391498566  Test abs boundary: 0.10041373193264008  Time: 0.6611133720725775
Epoch: 229  Train rel: 0.10025907826423645  Test rel: 0.09743098437786102  Test abs: 0.08057122826576232  Test abs boundary: 0.10053996384143829  Time: 0.6616121749393642
Epoch: 230  Train rel: 0.1002132557630539  Test rel: 0.0972131872177124  Test abs: 0.08040302991867065  Test abs boundary: 0.10053163349628448  Time: 0.6622869800776243
Epoch: 231  Train rel: 0.10019365346431733  Test rel: 0.09739296019077301  Test abs: 0.08054169654846191  Test abs boundary: 0.1004908710718155  Time: 0.6622492638416588
Epoch: 232  Train rel: 0.10017294049263001  Test rel: 0.09731849431991577  Test abs: 0.0804825621843338  Test abs boundary: 0.10038798987865448  Time: 0.6618136060424149
Epoch: 233  Train rel: 0.10015988397598266  Test rel: 0.09707894384860992  Test abs: 0.08029557585716247  Test abs boundary: 0.1001729440689087  Time: 0.6633098120801151
Epoch: 234  Train rel: 0.10030038172006607  Test rel: 0.09746137320995331  Test abs: 0.08059059500694275  Test abs boundary: 0.10040309906005859  Time: 0.662178061902523
Epoch: 235  Train rel: 0.10013259935379028  Test rel: 0.09717669367790222  Test abs: 0.08037006497383117  Test abs boundary: 0.10027332544326782  Time: 0.6629767343401909
Epoch: 236  Train rel: 0.1002160366177559  Test rel: 0.09771491646766663  Test abs: 0.08079956650733948  Test abs boundary: 0.10078106999397278  Time: 0.6629195059649646
Epoch: 237  Train rel: 0.10023382318019868  Test rel: 0.09719158053398132  Test abs: 0.08038840055465699  Test abs boundary: 0.10038406729698181  Time: 0.6628562589175999
Epoch: 238  Train rel: 0.10017639619112015  Test rel: 0.09753706753253936  Test abs: 0.08065044522285461  Test abs boundary: 0.10039325594902039  Time: 0.662507195957005
Epoch: 239  Train rel: 0.10028951990604401  Test rel: 0.09709003090858459  Test abs: 0.08030433475971221  Test abs boundary: 0.10015110909938812  Time: 0.6627778043039143
Epoch: 240  Train rel: 0.10025988852977753  Test rel: 0.0973528003692627  Test abs: 0.08050855994224548  Test abs boundary: 0.10038135349750518  Time: 0.6625482337549329
Epoch: 241  Train rel: 0.10024234366416931  Test rel: 0.09725557446479798  Test abs: 0.08043247103691101  Test abs boundary: 0.10030627429485321  Time: 0.6636644438840449
Epoch: 242  Train rel: 0.1001531561613083  Test rel: 0.0972813206911087  Test abs: 0.08045707046985626  Test abs boundary: 0.10044031918048858  Time: 0.664674611762166
Epoch: 243  Train rel: 0.10022936964035034  Test rel: 0.09764096021652222  Test abs: 0.08073761522769927  Test abs boundary: 0.10058919370174407  Time: 0.6634555221535265
Epoch: 244  Train rel: 0.10017538321018218  Test rel: 0.09780945360660553  Test abs: 0.0808687025308609  Test abs boundary: 0.10063367426395416  Time: 0.6634385180659592
Epoch: 245  Train rel: 0.10018784117698669  Test rel: 0.09775400817394257  Test abs: 0.08082916975021362  Test abs boundary: 0.10069113075733185  Time: 0.6622649352066219
Epoch: 246  Train rel: 0.10017887616157532  Test rel: 0.09721846222877502  Test abs: 0.08040368676185608  Test abs boundary: 0.10038307249546051  Time: 0.6626112158410251
Epoch: 247  Train rel: 0.1002176992893219  Test rel: 0.09776289522647857  Test abs: 0.08083396196365357  Test abs boundary: 0.10055066108703613  Time: 0.6625753650441766
Epoch: 248  Train rel: 0.10023822832107544  Test rel: 0.09723931729793549  Test abs: 0.08041627168655395  Test abs boundary: 0.10028511881828309  Time: 0.6637863889336586
Epoch: 249  Train rel: 0.10019252288341522  Test rel: 0.09770575881004334  Test abs: 0.08078864812850953  Test abs boundary: 0.1007014524936676  Time: 0.663879862986505
Epoch: 250  Train rel: 0.10019505631923675  Test rel: 0.09724972903728485  Test abs: 0.08042809247970581  Test abs boundary: 0.10033462524414062  Time: 0.6633388181217015
Epoch: 251  Train rel: 0.10013736772537231  Test rel: 0.09730966091156006  Test abs: 0.08047425746917725  Test abs boundary: 0.1003586494922638  Time: 0.6635652026161551
Epoch: 252  Train rel: 0.10013970744609833  Test rel: 0.09754975318908692  Test abs: 0.08065925121307373  Test abs boundary: 0.1003631341457367  Time: 0.6637134151533246
Epoch: 253  Train rel: 0.1001920919418335  Test rel: 0.0977005821466446  Test abs: 0.08078187704086304  Test abs boundary: 0.10057790815830231  Time: 0.6626404980197549
Epoch: 254  Train rel: 0.1001917307972908  Test rel: 0.09708788514137268  Test abs: 0.08030159831047058  Test abs boundary: 0.10014546990394592  Time: 0.6640997617505491
Epoch: 255  Train rel: 0.10018494272232056  Test rel: 0.09712211966514588  Test abs: 0.08032880425453186  Test abs boundary: 0.10013684570789337  Time: 0.6631065276451409
Epoch: 256  Train rel: 0.10015197765827179  Test rel: 0.0972090744972229  Test abs: 0.08039350032806397  Test abs boundary: 0.10032121658325195  Time: 0.663867318071425
Epoch: 257  Train rel: 0.10012882995605468  Test rel: 0.09748422741889953  Test abs: 0.08061133027076721  Test abs boundary: 0.10048682570457458  Time: 0.6647524819709361
Epoch: 258  Train rel: 0.10021546304225921  Test rel: 0.0973681104183197  Test abs: 0.08052086293697357  Test abs boundary: 0.10042860984802246  Time: 0.6651004278101027
Epoch: 259  Train rel: 0.10027026653289794  Test rel: 0.09754235863685608  Test abs: 0.08066123247146606  Test abs boundary: 0.10052890539169311  Time: 0.6643544547259808
Epoch: 260  Train rel: 0.10019083988666534  Test rel: 0.09765990138053894  Test abs: 0.08075244903564453  Test abs boundary: 0.10050550103187561  Time: 0.66494030226022
Epoch: 261  Train rel: 0.10024656069278717  Test rel: 0.09741894721984863  Test abs: 0.08056220531463623  Test abs boundary: 0.10044040322303772  Time: 0.664225057233125
Epoch: 262  Train rel: 0.10016951823234559  Test rel: 0.09750836908817291  Test abs: 0.0806327497959137  Test abs boundary: 0.10056616365909576  Time: 0.6641656178981066
Epoch: 263  Train rel: 0.1001469155550003  Test rel: 0.09724855124950409  Test abs: 0.08042942225933075  Test abs boundary: 0.10032879948616027  Time: 0.665089881978929
Epoch: 264  Train rel: 0.10023400366306305  Test rel: 0.09726677894592285  Test abs: 0.08043803930282593  Test abs boundary: 0.10029664874076843  Time: 0.6639064098708332
Epoch: 265  Train rel: 0.10017120110988617  Test rel: 0.09720361948013306  Test abs: 0.08038774013519287  Test abs boundary: 0.10016579508781433  Time: 0.6637943652458489
Epoch: 266  Train rel: 0.10016165351867676  Test rel: 0.09754164218902588  Test abs: 0.08066030025482178  Test abs boundary: 0.10065197110176087  Time: 0.6625985968858004
Epoch: 267  Train rel: 0.10015750455856323  Test rel: 0.09727801144123077  Test abs: 0.08045152485370637  Test abs boundary: 0.10040197134017945  Time: 0.6642260570079088
Epoch: 268  Train rel: 0.10015934097766876  Test rel: 0.09720858097076417  Test abs: 0.08039690852165222  Test abs boundary: 0.10036134481430053  Time: 0.6637989673763514
Epoch: 269  Train rel: 0.1002664133310318  Test rel: 0.09727706074714661  Test abs: 0.08045478999614715  Test abs boundary: 0.10067488253116608  Time: 0.6652816156856716
Epoch: 270  Train rel: 0.10019920432567596  Test rel: 0.09724941015243531  Test abs: 0.08043161988258361  Test abs boundary: 0.10044733464717864  Time: 0.6639243750832975
Epoch: 271  Train rel: 0.10022085309028625  Test rel: 0.09772092044353485  Test abs: 0.08079982042312622  Test abs boundary: 0.10064372360706329  Time: 0.6653939201496542
Epoch: 272  Train rel: 0.1002079097032547  Test rel: 0.09726572394371033  Test abs: 0.08043788373470306  Test abs boundary: 0.10027064323425293  Time: 0.6647874522022903
Epoch: 273  Train rel: 0.1001293818950653  Test rel: 0.09732338786125183  Test abs: 0.08048548877239227  Test abs boundary: 0.1003360664844513  Time: 0.666616931091994
Epoch: 274  Train rel: 0.10010312223434448  Test rel: 0.09732763051986694  Test abs: 0.08048709452152253  Test abs boundary: 0.10037549912929535  Time: 0.6657175552099943
Epoch: 275  Train rel: 0.10017098665237427  Test rel: 0.09742254972457885  Test abs: 0.08056313872337341  Test abs boundary: 0.10048806607723236  Time: 0.665322728920728
Epoch: 276  Train rel: 0.1001235659122467  Test rel: 0.09719468653202057  Test abs: 0.08039288282394409  Test abs boundary: 0.10035087287425995  Time: 0.664712187834084
Epoch: 277  Train rel: 0.10016505491733552  Test rel: 0.09720896363258362  Test abs: 0.08039889335632325  Test abs boundary: 0.10055852293968201  Time: 0.6648338669911027
Epoch: 278  Train rel: 0.10022013401985168  Test rel: 0.09754652917385101  Test abs: 0.08066717445850373  Test abs boundary: 0.10081134021282195  Time: 0.6637566201388836
Epoch: 279  Train rel: 0.10015903002023697  Test rel: 0.09736237108707428  Test abs: 0.08051420629024506  Test abs boundary: 0.10033981144428253  Time: 0.6644863337278366
Epoch: 280  Train rel: 0.10013236880302429  Test rel: 0.09742535412311554  Test abs: 0.08056679487228394  Test abs boundary: 0.1005041629076004  Time: 0.6650531459599733
Epoch: 281  Train rel: 0.10013123869895935  Test rel: 0.09734590649604798  Test abs: 0.08050042688846588  Test abs boundary: 0.100303515791893  Time: 0.6639347728341818
Epoch: 282  Train rel: 0.10010624945163726  Test rel: 0.09722260117530823  Test abs: 0.08041851043701172  Test abs boundary: 0.10046088635921478  Time: 0.6643202393315732
Epoch: 283  Train rel: 0.10017497944831848  Test rel: 0.09717932641506195  Test abs: 0.0803743302822113  Test abs boundary: 0.10027627766132355  Time: 0.6647916631773114
Epoch: 284  Train rel: 0.10012354338169098  Test rel: 0.0971215146780014  Test abs: 0.08033002078533173  Test abs boundary: 0.1002547526359558  Time: 0.6647340347990394
Epoch: 285  Train rel: 0.10013700705766677  Test rel: 0.0972042179107666  Test abs: 0.08039320468902587  Test abs boundary: 0.10030677795410156  Time: 0.6658489508554339
Epoch: 286  Train rel: 0.1001414258480072  Test rel: 0.09716435551643371  Test abs: 0.0803609824180603  Test abs boundary: 0.10028428316116333  Time: 0.665163456927985
Epoch: 287  Train rel: 0.10021155905723572  Test rel: 0.09742273092269897  Test abs: 0.08056016087532043  Test abs boundary: 0.10042900264263153  Time: 0.6645009559579194
Epoch: 288  Train rel: 0.10010230958461762  Test rel: 0.09722767531871795  Test abs: 0.08041107177734375  Test abs boundary: 0.10034987628459931  Time: 0.666484173387289
Epoch: 289  Train rel: 0.10011661171913147  Test rel: 0.09730305373668671  Test abs: 0.08046535849571228  Test abs boundary: 0.10023883104324341  Time: 0.666072438005358
Epoch: 290  Train rel: 0.10018807172775268  Test rel: 0.09783970057964325  Test abs: 0.08089258313179017  Test abs boundary: 0.10061799287796021  Time: 0.6664249720051885
Epoch: 291  Train rel: 0.10013169980049133  Test rel: 0.09737308621406555  Test abs: 0.0805189448595047  Test abs boundary: 0.10021885335445405  Time: 0.6667396640405059
Epoch: 292  Train rel: 0.10010501909255981  Test rel: 0.09748974740505219  Test abs: 0.08061477065086364  Test abs boundary: 0.10048064231872558  Time: 0.6662900820374489
Epoch: 293  Train rel: 0.10015335583686828  Test rel: 0.09730059206485749  Test abs: 0.0804627525806427  Test abs boundary: 0.10018033027648926  Time: 0.6654938301071525
Epoch: 294  Train rel: 0.10011625230312347  Test rel: 0.09718110680580139  Test abs: 0.08037713527679444  Test abs boundary: 0.10032094240188599  Time: 0.6655238289386034
Epoch: 295  Train rel: 0.1001083459854126  Test rel: 0.0971576464176178  Test abs: 0.08035479664802551  Test abs boundary: 0.1002806532382965  Time: 0.6654508602805436
Epoch: 296  Train rel: 0.10015672832727432  Test rel: 0.09721053123474122  Test abs: 0.08039926052093506  Test abs boundary: 0.10025898933410644  Time: 0.6657941793091595
Epoch: 297  Train rel: 0.10013402628898621  Test rel: 0.09722605049610138  Test abs: 0.08040256142616271  Test abs boundary: 0.10011107921600342  Time: 0.6661600950174034
Epoch: 298  Train rel: 0.10014960908889771  Test rel: 0.09717681586742401  Test abs: 0.0803671544790268  Test abs boundary: 0.10012260258197785  Time: 0.6665354128926992
Epoch: 299  Train rel: 0.10011587142944336  Test rel: 0.0970809829235077  Test abs: 0.08029173970222474  Test abs boundary: 0.10010406255722046  Time: 0.6661704611033201
Epoch: 300  Train rel: 0.10013719487190247  Test rel: 0.09742900907993317  Test abs: 0.08056686162948608  Test abs boundary: 0.1003430986404419  Time: 0.6655980427749455
Epoch: 301  Train rel: 0.10011939525604248  Test rel: 0.0974214482307434  Test abs: 0.08056002736091614  Test abs boundary: 0.10041873455047608  Time: 0.666239133104682
Epoch: 302  Train rel: 0.10003687632083892  Test rel: 0.09705174088478088  Test abs: 0.08027982473373413  Test abs boundary: 0.10008105397224426  Time: 0.6666245823726058
Epoch: 303  Train rel: 0.1001072838306427  Test rel: 0.09737963438034057  Test abs: 0.08052759528160096  Test abs boundary: 0.1004403418302536  Time: 0.6673214402981102
Epoch: 304  Train rel: 0.1001409182548523  Test rel: 0.09727567672729492  Test abs: 0.0804440701007843  Test abs boundary: 0.10019881844520569  Time: 0.667239329777658
Epoch: 305  Train rel: 0.10009685617685318  Test rel: 0.09729578375816345  Test abs: 0.08046076238155365  Test abs boundary: 0.10038566648960114  Time: 0.667382640298456
Epoch: 306  Train rel: 0.10018298470973969  Test rel: 0.09718574166297912  Test abs: 0.08037532567977905  Test abs boundary: 0.10027220904827118  Time: 0.6660308791324496
Epoch: 307  Train rel: 0.10010786116123199  Test rel: 0.09735687017440796  Test abs: 0.08050980687141418  Test abs boundary: 0.10038208663463592  Time: 0.665242986753583
Epoch: 308  Train rel: 0.10006793797016143  Test rel: 0.09726668059825898  Test abs: 0.0804427444934845  Test abs boundary: 0.10043158948421478  Time: 0.6663773232139647
Epoch: 309  Train rel: 0.10016882932186126  Test rel: 0.09715387880802155  Test abs: 0.08035272955894471  Test abs boundary: 0.10013916909694671  Time: 0.665942317340523
Epoch: 310  Train rel: 0.10011083626747132  Test rel: 0.09735294103622437  Test abs: 0.08050961017608643  Test abs boundary: 0.10030173301696778  Time: 0.6659072530455887
Epoch: 311  Train rel: 0.1001066712141037  Test rel: 0.09723259747028351  Test abs: 0.08041296660900116  Test abs boundary: 0.10030284285545349  Time: 0.6664202166721225
Epoch: 312  Train rel: 0.10008126020431518  Test rel: 0.09721730947494507  Test abs: 0.08040153801441192  Test abs boundary: 0.10034607410430908  Time: 0.665341448970139
Epoch: 313  Train rel: 0.10007318878173828  Test rel: 0.09715590417385102  Test abs: 0.08035439908504487  Test abs boundary: 0.10023903667926788  Time: 0.6657792930491269
Epoch: 314  Train rel: 0.10009086322784423  Test rel: 0.09726272404193878  Test abs: 0.08043864488601685  Test abs boundary: 0.10038220286369323  Time: 0.6653300719335675
Epoch: 315  Train rel: 0.10007829856872559  Test rel: 0.09732676088809968  Test abs: 0.08048389077186585  Test abs boundary: 0.10035703897476196  Time: 0.6659308541566133
Epoch: 316  Train rel: 0.10009225010871887  Test rel: 0.09731700301170348  Test abs: 0.08047868728637696  Test abs boundary: 0.10034985363483429  Time: 0.665457911323756
Epoch: 317  Train rel: 0.10008166885375977  Test rel: 0.09721401214599609  Test abs: 0.08039611756801605  Test abs boundary: 0.1003780198097229  Time: 0.6667664060369134
Epoch: 318  Train rel: 0.10007060956954957  Test rel: 0.09723586678504943  Test abs: 0.08041426301002502  Test abs boundary: 0.10026392579078675  Time: 0.6657224022783339
Epoch: 319  Train rel: 0.10000735533237458  Test rel: 0.09748241603374481  Test abs: 0.0806063336133957  Test abs boundary: 0.10043032467365265  Time: 0.6665035150945187
Epoch: 320  Train rel: 0.10000596439838409  Test rel: 0.09713043808937073  Test abs: 0.08032795786857605  Test abs boundary: 0.10015301465988159  Time: 0.6656857198104262
Epoch: 321  Train rel: 0.10002016949653625  Test rel: 0.09719201862812042  Test abs: 0.08037522077560424  Test abs boundary: 0.10021828591823578  Time: 0.6670679301023483
Epoch: 322  Train rel: 0.09998147428035736  Test rel: 0.09727357149124145  Test abs: 0.08044087409973144  Test abs boundary: 0.10028742134571075  Time: 0.6664958358742297
Epoch: 323  Train rel: 0.10004053115844727  Test rel: 0.09721789181232453  Test abs: 0.08039639174938201  Test abs boundary: 0.10020373523235321  Time: 0.6662547863088548
Epoch: 324  Train rel: 0.09999629604816437  Test rel: 0.09724578261375427  Test abs: 0.0804149729013443  Test abs boundary: 0.10017937541007996  Time: 0.6655625556595623
Epoch: 325  Train rel: 0.1000163655281067  Test rel: 0.0972656238079071  Test abs: 0.08043365001678467  Test abs boundary: 0.1002125859260559  Time: 0.6649586856365204
Epoch: 326  Train rel: 0.10004749631881714  Test rel: 0.09710089802742004  Test abs: 0.08030371308326721  Test abs boundary: 0.10016479909420013  Time: 0.6659157099202275
Epoch: 327  Train rel: 0.09996209502220153  Test rel: 0.09722020387649537  Test abs: 0.08039855539798736  Test abs boundary: 0.10038110136985778  Time: 0.6659581759013236
Epoch: 328  Train rel: 0.09994751369953156  Test rel: 0.09704421997070313  Test abs: 0.08026318311691284  Test abs boundary: 0.10021002888679505  Time: 0.6653002081438899
Epoch: 329  Train rel: 0.09994267034530639  Test rel: 0.09730723977088929  Test abs: 0.08046366930007935  Test abs boundary: 0.1003441071510315  Time: 0.6667763660661876
Epoch: 330  Train rel: 0.09987623250484466  Test rel: 0.09742558419704438  Test abs: 0.08055310726165771  Test abs boundary: 0.10040329337120056  Time: 0.6654922319576144
Epoch: 331  Train rel: 0.09998945581912995  Test rel: 0.0973100197315216  Test abs: 0.08047565579414367  Test abs boundary: 0.10059471726417542  Time: 0.6659484119154513
Epoch: 332  Train rel: 0.0997523250579834  Test rel: 0.09675322771072388  Test abs: 0.08002435803413391  Test abs boundary: 0.10002482652664185  Time: 0.6666640490293503
Epoch: 333  Train rel: 0.0999692679643631  Test rel: 0.09667697787284851  Test abs: 0.07995774626731872  Test abs boundary: 0.09978902220726013  Time: 0.6661079260520637
Epoch: 334  Train rel: 0.0996923314332962  Test rel: 0.09652003288269043  Test abs: 0.079834343791008  Test abs boundary: 0.09982386469841004  Time: 0.6669195401482284
Epoch: 335  Train rel: 0.09967300772666932  Test rel: 0.09755386114120483  Test abs: 0.08066125869750977  Test abs boundary: 0.10038547277450562  Time: 0.6673890938982368
Epoch: 336  Train rel: 0.09960759472846985  Test rel: 0.09652897119522094  Test abs: 0.07982626676559448  Test abs boundary: 0.09987650036811829  Time: 0.6647845739498734
Epoch: 337  Train rel: 0.09917825263738632  Test rel: 0.09587423145771026  Test abs: 0.07928464651107787  Test abs boundary: 0.09939594447612762  Time: 0.6663197469897568
Epoch: 338  Train rel: 0.09974985241889954  Test rel: 0.10012331664562225  Test abs: 0.08277166962623596  Test abs boundary: 0.10143601536750793  Time: 0.6652128929272294
Epoch: 339  Train rel: 0.0999560821056366  Test rel: 0.09671852946281433  Test abs: 0.07998103260993958  Test abs boundary: 0.10000310659408569  Time: 0.6651961402967572
Epoch: 340  Train rel: 0.09895420360565185  Test rel: 0.09634773194789886  Test abs: 0.07967655897140503  Test abs boundary: 0.09976495802402496  Time: 0.6649608239531517
Epoch: 341  Train rel: 0.09860707986354827  Test rel: 0.09570621311664582  Test abs: 0.07914527475833893  Test abs boundary: 0.0989566171169281  Time: 0.6650341162458062
Epoch: 342  Train rel: 0.0971923332810402  Test rel: 0.09289376258850097  Test abs: 0.07679043054580688  Test abs boundary: 0.09728685081005096  Time: 0.6661288752220571
Epoch: 343  Train rel: 0.09371634244918824  Test rel: 0.09424521684646607  Test abs: 0.07787016272544861  Test abs boundary: 0.09680633306503296  Time: 0.6654131258837879
Epoch: 344  Train rel: 0.09317522180080413  Test rel: 0.08934032440185546  Test abs: 0.07383662402629852  Test abs boundary: 0.09430136680603027  Time: 0.6657168362289667
Epoch: 345  Train rel: 0.08777548116445541  Test rel: 0.09010686993598938  Test abs: 0.07442382276058197  Test abs boundary: 0.09218773901462556  Time: 0.6650549317710102
Epoch: 346  Train rel: 0.08482746922969818  Test rel: 0.08022949695587159  Test abs: 0.06626438438892364  Test abs boundary: 0.08607044398784637  Time: 0.6664263880811632
Epoch: 347  Train rel: 0.08048071724176407  Test rel: 0.07970370769500733  Test abs: 0.06585236132144928  Test abs boundary: 0.08460898697376251  Time: 0.6651984723284841
Epoch: 348  Train rel: 0.0802894653081894  Test rel: 0.0778918606042862  Test abs: 0.06436010837554931  Test abs boundary: 0.08378341019153596  Time: 0.6656770063564181
Epoch: 349  Train rel: 0.08084831434488296  Test rel: 0.0949566638469696  Test abs: 0.07841897487640381  Test abs boundary: 0.09533509016036987  Time: 0.6664597941562533
Epoch: 350  Train rel: 0.08396146857738494  Test rel: 0.08238371372222901  Test abs: 0.0680791825056076  Test abs boundary: 0.08734020054340362  Time: 0.6650936659425497
Epoch: 351  Train rel: 0.08094838976860047  Test rel: 0.07766675353050231  Test abs: 0.06416212797164916  Test abs boundary: 0.0833857524394989  Time: 0.6662776488810778
Epoch: 352  Train rel: 0.07889079093933106  Test rel: 0.07842818975448608  Test abs: 0.06482226133346558  Test abs boundary: 0.08382093071937562  Time: 0.6649408722296357
Epoch: 353  Train rel: 0.07839039874076843  Test rel: 0.07691689372062684  Test abs: 0.06353339910507202  Test abs boundary: 0.08234744191169739  Time: 0.6662469357252121
Epoch: 354  Train rel: 0.07814764451980591  Test rel: 0.07742838501930237  Test abs: 0.06396480858325958  Test abs boundary: 0.08287584781646729  Time: 0.6655366122722626
Epoch: 355  Train rel: 0.07757868808507919  Test rel: 0.07845080077648163  Test abs: 0.06479562103748321  Test abs boundary: 0.0832302588224411  Time: 0.66494520008564
Epoch: 356  Train rel: 0.07933156430721283  Test rel: 0.07782341718673706  Test abs: 0.06428742170333862  Test abs boundary: 0.08317433714866639  Time: 0.6642473847605288
Epoch: 357  Train rel: 0.07785684210062027  Test rel: 0.08039692938327789  Test abs: 0.06643349766731262  Test abs boundary: 0.08497790455818176  Time: 0.6637883670628071
Epoch: 358  Train rel: 0.07806379407644272  Test rel: 0.07601794719696045  Test abs: 0.06279362499713897  Test abs boundary: 0.08162517189979553  Time: 0.664676635991782
Epoch: 359  Train rel: 0.07767855966091156  Test rel: 0.07744219541549682  Test abs: 0.06399398028850556  Test abs boundary: 0.08264760494232178  Time: 0.6652787290513515
Epoch: 360  Train rel: 0.07684106755256653  Test rel: 0.07508367419242859  Test abs: 0.06202750027179718  Test abs boundary: 0.08051650285720825  Time: 0.6644489890895784
Epoch: 361  Train rel: 0.07605433249473571  Test rel: 0.07553326368331909  Test abs: 0.062394900918006896  Test abs boundary: 0.08089734792709351  Time: 0.6665267548523843
Epoch: 362  Train rel: 0.07632432246208191  Test rel: 0.0751948368549347  Test abs: 0.06211198627948761  Test abs boundary: 0.08045161426067353  Time: 0.6646642782725394
Epoch: 363  Train rel: 0.07562542027235031  Test rel: 0.0749328064918518  Test abs: 0.061899386048316955  Test abs boundary: 0.0800472593307495  Time: 0.6655120211653411
Epoch: 364  Train rel: 0.07554146707057953  Test rel: 0.07465646207332612  Test abs: 0.06167057991027832  Test abs boundary: 0.0800338476896286  Time: 0.6670308727771044
Epoch: 365  Train rel: 0.07701001983880996  Test rel: 0.08539237916469573  Test abs: 0.07050819218158721  Test abs boundary: 0.08772017359733582  Time: 0.6659623170271516
Epoch: 366  Train rel: 0.07748174691200256  Test rel: 0.07604197263717652  Test abs: 0.06281757950782776  Test abs boundary: 0.08168884336948395  Time: 0.6653205482289195
Epoch: 367  Train rel: 0.0762964220046997  Test rel: 0.07422772526741028  Test abs: 0.06133147180080414  Test abs boundary: 0.0795515924692154  Time: 0.6656395993195474
Epoch: 368  Train rel: 0.0753234116435051  Test rel: 0.07452207684516907  Test abs: 0.06156033098697662  Test abs boundary: 0.08009595155715943  Time: 0.666057123336941
Epoch: 369  Train rel: 0.07556239503622054  Test rel: 0.07430997848510743  Test abs: 0.06139846861362457  Test abs boundary: 0.07916860401630402  Time: 0.6664817458949983
Epoch: 370  Train rel: 0.07565927231311798  Test rel: 0.07457945048809052  Test abs: 0.06161160111427307  Test abs boundary: 0.07940426707267761  Time: 0.6653219978325069
Epoch: 371  Train rel: 0.07412992525100708  Test rel: 0.07482833206653595  Test abs: 0.061807458996772764  Test abs boundary: 0.08020007014274597  Time: 0.6647348771803081
Epoch: 372  Train rel: 0.07455849641561509  Test rel: 0.07332385778427124  Test abs: 0.060583808422088624  Test abs boundary: 0.07830661535263062  Time: 0.6650661746971309
Epoch: 373  Train rel: 0.07565335756540298  Test rel: 0.07865036368370056  Test abs: 0.06497369647026062  Test abs boundary: 0.08352941870689393  Time: 0.6671687639318407
Epoch: 374  Train rel: 0.0748992122411728  Test rel: 0.07331629991531372  Test abs: 0.06055910050868988  Test abs boundary: 0.07835134744644165  Time: 0.6647299397736788
Epoch: 375  Train rel: 0.07402876871824264  Test rel: 0.07397885084152221  Test abs: 0.061120277047157286  Test abs boundary: 0.07892696380615234  Time: 0.665316947735846
Epoch: 376  Train rel: 0.0736601338982582  Test rel: 0.07356994748115539  Test abs: 0.060776788592338565  Test abs boundary: 0.07806578397750855  Time: 0.6652597999200225
Epoch: 377  Train rel: 0.07457660037279129  Test rel: 0.07214184641838074  Test abs: 0.05961526572704315  Test abs boundary: 0.077434201836586  Time: 0.6639455971308053
Epoch: 378  Train rel: 0.07383879017829895  Test rel: 0.07200256824493408  Test abs: 0.05948676407337189  Test abs boundary: 0.07694715738296509  Time: 0.6643885392695665
Epoch: 379  Train rel: 0.07300001204013824  Test rel: 0.07287225604057312  Test abs: 0.06019054472446442  Test abs boundary: 0.07744457006454468  Time: 0.6656194720417261
Epoch: 380  Train rel: 0.07358020168542861  Test rel: 0.07158479511737824  Test abs: 0.05914826214313507  Test abs boundary: 0.07663093686103821  Time: 0.6659477199427783
Epoch: 381  Train rel: 0.07344802296161651  Test rel: 0.07625956535339355  Test abs: 0.06296020030975341  Test abs boundary: 0.0811539077758789  Time: 0.6646756883710623
Epoch: 382  Train rel: 0.07398329699039459  Test rel: 0.07332557439804077  Test abs: 0.06058113873004913  Test abs boundary: 0.07776777625083924  Time: 0.6639692401513457
Epoch: 383  Train rel: 0.07313481569290162  Test rel: 0.07075064718723297  Test abs: 0.05845200300216675  Test abs boundary: 0.07585271239280701  Time: 0.6644727098755538
Epoch: 384  Train rel: 0.07241866958141327  Test rel: 0.07113725781440734  Test abs: 0.05876969039440155  Test abs boundary: 0.07630167424678802  Time: 0.6658025188371539
Epoch: 385  Train rel: 0.07299330961704255  Test rel: 0.07266126871109009  Test abs: 0.060034970045089724  Test abs boundary: 0.07838271617889404  Time: 0.6655719322152436
Epoch: 386  Train rel: 0.07289017885923385  Test rel: 0.07162346363067627  Test abs: 0.05917280852794647  Test abs boundary: 0.07607368230819703  Time: 0.6650996138341725
Epoch: 387  Train rel: 0.07280051565170288  Test rel: 0.07051524698734284  Test abs: 0.05825869917869568  Test abs boundary: 0.07540491700172425  Time: 0.6649853200651705
Epoch: 388  Train rel: 0.07173929011821747  Test rel: 0.07060420572757721  Test abs: 0.05834583938121796  Test abs boundary: 0.07577193260192872  Time: 0.6637748037464917
Epoch: 389  Train rel: 0.071567422747612  Test rel: 0.07278924345970154  Test abs: 0.06011740624904632  Test abs boundary: 0.07719431459903717  Time: 0.6656809323467314
Epoch: 390  Train rel: 0.07258473598957062  Test rel: 0.06974290013313293  Test abs: 0.057642106413841245  Test abs boundary: 0.07488130569458008  Time: 0.6643442520871758
Epoch: 391  Train rel: 0.07163066375255585  Test rel: 0.07481244385242462  Test abs: 0.06181868851184845  Test abs boundary: 0.07941968858242035  Time: 0.6639206591062248
Epoch: 392  Train rel: 0.07338610112667084  Test rel: 0.0720564877986908  Test abs: 0.059524860382080075  Test abs boundary: 0.07648811936378479  Time: 0.6652263049036264
Epoch: 393  Train rel: 0.07094799220561981  Test rel: 0.07043040752410888  Test abs: 0.05819713711738586  Test abs boundary: 0.07518334686756134  Time: 0.6645420179702342
Epoch: 394  Train rel: 0.07180880725383759  Test rel: 0.0691542786359787  Test abs: 0.05715456008911133  Test abs boundary: 0.07408257603645324  Time: 0.6655976818874478
Epoch: 395  Train rel: 0.0709414890408516  Test rel: 0.06926512241363525  Test abs: 0.057226057648658755  Test abs boundary: 0.07416390657424926  Time: 0.6655122553929687
Epoch: 396  Train rel: 0.07056360685825348  Test rel: 0.06926255643367768  Test abs: 0.05723861634731293  Test abs boundary: 0.07427770137786865  Time: 0.6647384190000594
Epoch: 397  Train rel: 0.0703705393075943  Test rel: 0.07025582790374756  Test abs: 0.05805551052093506  Test abs boundary: 0.07508068680763244  Time: 0.664843678008765
Epoch: 398  Train rel: 0.07024008560180664  Test rel: 0.06879900872707367  Test abs: 0.05684249341487885  Test abs boundary: 0.0736443555355072  Time: 0.666874221060425
Epoch: 399  Train rel: 0.06998646074533463  Test rel: 0.07065027594566345  Test abs: 0.05837019324302673  Test abs boundary: 0.0757339358329773  Time: 0.665051783900708
Epoch: 400  Train rel: 0.07061454856395721  Test rel: 0.06804692804813385  Test abs: 0.05623844623565674  Test abs boundary: 0.07290477871894836  Time: 0.6664719181135297
Epoch: 401  Train rel: 0.06963469010591507  Test rel: 0.0676876312494278  Test abs: 0.05593499720096588  Test abs boundary: 0.07259177088737488  Time: 0.6648833719082177
Epoch: 402  Train rel: 0.07041843402385711  Test rel: 0.06807083249092102  Test abs: 0.056261922717094424  Test abs boundary: 0.07277202486991882  Time: 0.6642228858545423
Epoch: 403  Train rel: 0.07070687711238861  Test rel: 0.07006033301353455  Test abs: 0.05787457942962646  Test abs boundary: 0.07434622943401337  Time: 0.6656733579002321
Epoch: 404  Train rel: 0.07009383654594421  Test rel: 0.06997707724571228  Test abs: 0.05781571567058563  Test abs boundary: 0.07458018958568573  Time: 0.6656906711868942
Epoch: 405  Train rel: 0.0698418208360672  Test rel: 0.07000122308731078  Test abs: 0.057841532826423646  Test abs boundary: 0.07454616308212281  Time: 0.664942785166204
Epoch: 406  Train rel: 0.06941428375244141  Test rel: 0.06776286900043488  Test abs: 0.0560002875328064  Test abs boundary: 0.07267448365688324  Time: 0.6645935098640621
Epoch: 407  Train rel: 0.06939247190952301  Test rel: 0.07122722864151002  Test abs: 0.05886025547981262  Test abs boundary: 0.07562408328056336  Time: 0.6655363067984581
Epoch: 408  Train rel: 0.06998864132165909  Test rel: 0.06788380801677704  Test abs: 0.05610872268676758  Test abs boundary: 0.07195779085159301  Time: 0.6637612683698535
Epoch: 409  Train rel: 0.06958979558944701  Test rel: 0.06901474475860596  Test abs: 0.05704721808433533  Test abs boundary: 0.07354843080043792  Time: 0.663615332916379
Epoch: 410  Train rel: 0.0692758845090866  Test rel: 0.06875485599040985  Test abs: 0.05682167410850525  Test abs boundary: 0.07355950832366943  Time: 0.6651874822564423
Epoch: 411  Train rel: 0.06887058806419373  Test rel: 0.06673521637916564  Test abs: 0.055152462124824525  Test abs boundary: 0.07122344970703125  Time: 0.6662140162661672
Epoch: 412  Train rel: 0.06814075237512589  Test rel: 0.06625439167022705  Test abs: 0.05475709676742554  Test abs boundary: 0.07066336572170258  Time: 0.6637778710573912
Epoch: 413  Train rel: 0.06810397100448608  Test rel: 0.067882080078125  Test abs: 0.05609800398349762  Test abs boundary: 0.07274653553962708  Time: 0.6652413648553193
Epoch: 414  Train rel: 0.0681161173582077  Test rel: 0.06656948626041412  Test abs: 0.05501643359661102  Test abs boundary: 0.07070170998573304  Time: 0.6641227980144322
Epoch: 415  Train rel: 0.06790549731254578  Test rel: 0.06880386531352997  Test abs: 0.05684428215026856  Test abs boundary: 0.07295629143714905  Time: 0.665709441062063
Epoch: 416  Train rel: 0.06861921155452728  Test rel: 0.0686139190196991  Test abs: 0.0566898912191391  Test abs boundary: 0.07261277079582214  Time: 0.6654213448055089
Epoch: 417  Train rel: 0.06813901525735855  Test rel: 0.06580207824707031  Test abs: 0.054387354850769044  Test abs boundary: 0.07002243220806122  Time: 0.6660777600482106
Epoch: 418  Train rel: 0.06743869179487229  Test rel: 0.06680365025997162  Test abs: 0.05520176529884338  Test abs boundary: 0.07073148906230926  Time: 0.6656153141520917
Epoch: 419  Train rel: 0.0677213635444641  Test rel: 0.06579493701457978  Test abs: 0.054382320940494534  Test abs boundary: 0.07006621420383453  Time: 0.6656698286533356
Epoch: 420  Train rel: 0.06734934973716736  Test rel: 0.06564115047454834  Test abs: 0.05425839602947235  Test abs boundary: 0.06975328922271729  Time: 0.6642746068537235
Epoch: 421  Train rel: 0.06720472782850266  Test rel: 0.06644948661327361  Test abs: 0.05491371989250183  Test abs boundary: 0.07022111475467682  Time: 0.6654944038018584
Epoch: 422  Train rel: 0.06714622795581818  Test rel: 0.06610945999622345  Test abs: 0.05463338553905487  Test abs boundary: 0.0699906051158905  Time: 0.6662080306559801
Epoch: 423  Train rel: 0.067442556142807  Test rel: 0.06652692496776581  Test abs: 0.05498074293136597  Test abs boundary: 0.07047076106071472  Time: 0.665253400336951
Epoch: 424  Train rel: 0.06737985146045684  Test rel: 0.06533402621746064  Test abs: 0.05400099188089371  Test abs boundary: 0.06929121553897857  Time: 0.6646665777079761
Epoch: 425  Train rel: 0.06753791004419327  Test rel: 0.06561561942100524  Test abs: 0.054239816069602965  Test abs boundary: 0.06965164482593536  Time: 0.6663747141137719
Epoch: 426  Train rel: 0.0671649671792984  Test rel: 0.06534401714801788  Test abs: 0.054013534784317016  Test abs boundary: 0.06899388790130616  Time: 0.6654738211072981
Epoch: 427  Train rel: 0.06697937816381455  Test rel: 0.06587629556655884  Test abs: 0.05445754706859589  Test abs boundary: 0.06955491125583649  Time: 0.6639085919596255
Epoch: 428  Train rel: 0.06718410229682922  Test rel: 0.06533838927745819  Test abs: 0.054005046784877775  Test abs boundary: 0.06938622772693634  Time: 0.6650682329200208
Epoch: 429  Train rel: 0.06692607104778289  Test rel: 0.06578539073467254  Test abs: 0.054375001192092896  Test abs boundary: 0.0695526659488678  Time: 0.6642241389490664
Epoch: 430  Train rel: 0.06670159554481506  Test rel: 0.06517785847187042  Test abs: 0.05387349128723144  Test abs boundary: 0.06910321533679963  Time: 0.665262192953378
Epoch: 431  Train rel: 0.06749250102043151  Test rel: 0.06677772521972657  Test abs: 0.05520077526569366  Test abs boundary: 0.07025693476200104  Time: 0.6642953520640731
Epoch: 432  Train rel: 0.06756571984291077  Test rel: 0.0656342226266861  Test abs: 0.054258815944194794  Test abs boundary: 0.06922078371047974  Time: 0.6658688317984343
Epoch: 433  Train rel: 0.06641399002075195  Test rel: 0.06492030024528503  Test abs: 0.05365952134132385  Test abs boundary: 0.06872928082942963  Time: 0.6643301253207028
Epoch: 434  Train rel: 0.06639849019050598  Test rel: 0.06587265253067016  Test abs: 0.054445545673370364  Test abs boundary: 0.06960170686244965  Time: 0.6658747419714928
Epoch: 435  Train rel: 0.06630096971988678  Test rel: 0.06465667843818665  Test abs: 0.05344499915838242  Test abs boundary: 0.06838016569614411  Time: 0.6626688931137323
Epoch: 436  Train rel: 0.06650491070747376  Test rel: 0.06465720653533935  Test abs: 0.05344431608915329  Test abs boundary: 0.06846199214458465  Time: 0.6649432037957013
Epoch: 437  Train rel: 0.06640035539865494  Test rel: 0.0657988303899765  Test abs: 0.05438936620950699  Test abs boundary: 0.06935516953468322  Time: 0.6649240721017122
Epoch: 438  Train rel: 0.06640550291538239  Test rel: 0.06459647238254547  Test abs: 0.053399053812026975  Test abs boundary: 0.06823531925678253  Time: 0.6649246262386441
Epoch: 439  Train rel: 0.06595035535097123  Test rel: 0.06529559314250946  Test abs: 0.053968151211738584  Test abs boundary: 0.0690244472026825  Time: 0.6649842280894518
Epoch: 440  Train rel: 0.06625165432691574  Test rel: 0.06498942255973816  Test abs: 0.05371440768241882  Test abs boundary: 0.06872424006462097  Time: 0.6661957548931241
Epoch: 441  Train rel: 0.06618857622146607  Test rel: 0.06503574252128601  Test abs: 0.05375537127256393  Test abs boundary: 0.06873673260211945  Time: 0.6649672957137227
Epoch: 442  Train rel: 0.06595799779891967  Test rel: 0.06668586134910584  Test abs: 0.05510886311531067  Test abs boundary: 0.07023910462856292  Time: 0.6656241407617927
Epoch: 443  Train rel: 0.06587667578458786  Test rel: 0.0647092878818512  Test abs: 0.053482424020767215  Test abs boundary: 0.06857580482959748  Time: 0.665154370944947
Epoch: 444  Train rel: 0.06603572261333465  Test rel: 0.06484478056430816  Test abs: 0.05359712600708008  Test abs boundary: 0.06876048445701599  Time: 0.6652760952711105
Epoch: 445  Train rel: 0.06587182760238647  Test rel: 0.06552619934082031  Test abs: 0.05415900230407715  Test abs boundary: 0.0693701136112213  Time: 0.66551249101758
Epoch: 446  Train rel: 0.0658484405875206  Test rel: 0.06427769660949707  Test abs: 0.053133082091808316  Test abs boundary: 0.06797456085681915  Time: 0.6643837383016944
Epoch: 447  Train rel: 0.06575332057476044  Test rel: 0.06407596051692963  Test abs: 0.05296796500682831  Test abs boundary: 0.06772443115711212  Time: 0.6651318981312215
Epoch: 448  Train rel: 0.0656899116039276  Test rel: 0.06615267992019654  Test abs: 0.05467377483844757  Test abs boundary: 0.06967388868331909  Time: 0.667557701934129
Epoch: 449  Train rel: 0.06574496853351593  Test rel: 0.06415551006793976  Test abs: 0.053030455708503725  Test abs boundary: 0.06783944547176361  Time: 0.6646040612831712
Epoch: 450  Train rel: 0.06560674643516541  Test rel: 0.06492586970329285  Test abs: 0.05366928666830063  Test abs boundary: 0.06847275733947754  Time: 0.665834432002157
Epoch: 451  Train rel: 0.06616984140872956  Test rel: 0.06742636024951935  Test abs: 0.05572411835193634  Test abs boundary: 0.07061445951461792  Time: 0.6648032432422042
Epoch: 452  Train rel: 0.06625193083286285  Test rel: 0.06419844329357147  Test abs: 0.05307030320167541  Test abs boundary: 0.06779759883880615  Time: 0.6654523643665016
Epoch: 453  Train rel: 0.06559264749288558  Test rel: 0.06411939978599548  Test abs: 0.05300288319587707  Test abs boundary: 0.06769956886768341  Time: 0.6665449687279761
Epoch: 454  Train rel: 0.06573663675785064  Test rel: 0.06481767416000367  Test abs: 0.05357377886772156  Test abs boundary: 0.06837768733501434  Time: 0.6648963638581336
Epoch: 455  Train rel: 0.06560035312175751  Test rel: 0.06462550222873688  Test abs: 0.05341583818197251  Test abs boundary: 0.06818693041801453  Time: 0.6659310860559344
Epoch: 456  Train rel: 0.0655046558380127  Test rel: 0.06396673619747162  Test abs: 0.05287652879953384  Test abs boundary: 0.06758468925952911  Time: 0.6656170981004834
Epoch: 457  Train rel: 0.06539842349290848  Test rel: 0.06414650797843933  Test abs: 0.053023118376731876  Test abs boundary: 0.06771250307559967  Time: 0.66515654604882
Epoch: 458  Train rel: 0.06540876317024232  Test rel: 0.06435619771480561  Test abs: 0.05319567084312439  Test abs boundary: 0.06792115807533264  Time: 0.6655728230252862
Epoch: 459  Train rel: 0.06537175089120865  Test rel: 0.06373564898967743  Test abs: 0.05268860399723053  Test abs boundary: 0.06727273166179656  Time: 0.6649319189600646
Epoch: 460  Train rel: 0.06526721405982971  Test rel: 0.0646405577659607  Test abs: 0.05343077003955841  Test abs boundary: 0.06835707664489746  Time: 0.6652393373660743
Epoch: 461  Train rel: 0.06538538646697999  Test rel: 0.06382698237895966  Test abs: 0.05276165723800659  Test abs boundary: 0.06738446772098541  Time: 0.6657871222123504
Epoch: 462  Train rel: 0.06534390532970429  Test rel: 0.06370349407196045  Test abs: 0.0526592943072319  Test abs boundary: 0.06719237089157104  Time: 0.6651267348788679
Epoch: 463  Train rel: 0.06522527158260345  Test rel: 0.06371257722377777  Test abs: 0.0526670241355896  Test abs boundary: 0.06726675271987916  Time: 0.6653600339777768
Epoch: 464  Train rel: 0.06515225172042846  Test rel: 0.06382003128528595  Test abs: 0.05275442719459534  Test abs boundary: 0.0673949372768402  Time: 0.66540797194466
Epoch: 465  Train rel: 0.06506649440526963  Test rel: 0.06399029612541199  Test abs: 0.05289646863937378  Test abs boundary: 0.06755365252494812  Time: 0.6655685347504914
Epoch: 466  Train rel: 0.06507964372634888  Test rel: 0.0636426866054535  Test abs: 0.052607830762863156  Test abs boundary: 0.0671370792388916  Time: 0.6651893411763012
Epoch: 467  Train rel: 0.06518812382221222  Test rel: 0.06367332696914672  Test abs: 0.05263465583324432  Test abs boundary: 0.06717300534248352  Time: 0.6654276861809194
Epoch: 468  Train rel: 0.06520705533027649  Test rel: 0.06421672463417054  Test abs: 0.053079580068588254  Test abs boundary: 0.0677357167005539  Time: 0.6653381809592247
Epoch: 469  Train rel: 0.06503042769432067  Test rel: 0.06370756328105927  Test abs: 0.052661500573158264  Test abs boundary: 0.06723031580448151  Time: 0.6662937398068607
Epoch: 470  Train rel: 0.06532130652666092  Test rel: 0.0641282296180725  Test abs: 0.05301068812608719  Test abs boundary: 0.06753349125385284  Time: 0.6662334632128477
Epoch: 471  Train rel: 0.06525443488359452  Test rel: 0.06371814846992492  Test abs: 0.05267321705818176  Test abs boundary: 0.06722895622253418  Time: 0.6665077372454107
Epoch: 472  Train rel: 0.06523815393447877  Test rel: 0.06370857894420624  Test abs: 0.05266587793827057  Test abs boundary: 0.06715250313282013  Time: 0.6667280378751457
Epoch: 473  Train rel: 0.06503627967834473  Test rel: 0.063904247879982  Test abs: 0.052822834253311156  Test abs boundary: 0.06748752176761627  Time: 0.6670835930854082
Epoch: 474  Train rel: 0.06518110966682435  Test rel: 0.06400322198867797  Test abs: 0.05290539085865021  Test abs boundary: 0.0674698919057846  Time: 0.6661831689998507
Epoch: 475  Train rel: 0.0649579437971115  Test rel: 0.06361057281494141  Test abs: 0.05258114069700241  Test abs boundary: 0.06711994707584382  Time: 0.6662303460761905
Epoch: 476  Train rel: 0.06501331865787506  Test rel: 0.06344595968723298  Test abs: 0.052447628676891324  Test abs boundary: 0.06692324042320251  Time: 0.6659560292027891
Epoch: 477  Train rel: 0.06502415895462037  Test rel: 0.06361347436904907  Test abs: 0.052586894929409024  Test abs boundary: 0.06707601845264435  Time: 0.665817123837769
Epoch: 478  Train rel: 0.06501549023389816  Test rel: 0.06411469280719757  Test abs: 0.052996273636817935  Test abs boundary: 0.06772381782531739  Time: 0.6662275949493051
Epoch: 479  Train rel: 0.06493451082706451  Test rel: 0.0634544426202774  Test abs: 0.052455080449581144  Test abs boundary: 0.06694278299808502  Time: 0.6661638519726694
Epoch: 480  Train rel: 0.06491906982660293  Test rel: 0.06352828025817871  Test abs: 0.05251509040594101  Test abs boundary: 0.06707778990268708  Time: 0.6663703620433807
Epoch: 481  Train rel: 0.06495694077014923  Test rel: 0.06349426925182343  Test abs: 0.05248757243156433  Test abs boundary: 0.06698426902294159  Time: 0.6652534762397408
Epoch: 482  Train rel: 0.06488998919725418  Test rel: 0.06361241936683655  Test abs: 0.05258380383253097  Test abs boundary: 0.06712365329265595  Time: 0.6655772002413869
Epoch: 483  Train rel: 0.06496166932582856  Test rel: 0.0638077849149704  Test abs: 0.05274389415979385  Test abs boundary: 0.06730975091457367  Time: 0.6666936483234167
Epoch: 484  Train rel: 0.06501146364212036  Test rel: 0.06373552083969117  Test abs: 0.05268588274717331  Test abs boundary: 0.06720713794231414  Time: 0.6660776692442596
Epoch: 485  Train rel: 0.06505046248435974  Test rel: 0.06349105834960937  Test abs: 0.05248474150896072  Test abs boundary: 0.06696962893009185  Time: 0.66654885513708
Epoch: 486  Train rel: 0.06499589616060257  Test rel: 0.06386771321296691  Test abs: 0.05279332965612411  Test abs boundary: 0.06739344358444214  Time: 0.6685996819287539
Epoch: 487  Train rel: 0.06490392136573792  Test rel: 0.06364683330059051  Test abs: 0.0526123234629631  Test abs boundary: 0.06712984442710876  Time: 0.6658918699249625
Epoch: 488  Train rel: 0.0649535487294197  Test rel: 0.0636096841096878  Test abs: 0.05258112370967865  Test abs boundary: 0.06712395608425141  Time: 0.6654503359459341
Epoch: 489  Train rel: 0.06487547761201859  Test rel: 0.06353488028049468  Test abs: 0.05251968443393707  Test abs boundary: 0.06701483726501464  Time: 0.6660160389728844
Epoch: 490  Train rel: 0.0648560802936554  Test rel: 0.06340618550777435  Test abs: 0.05241498857736587  Test abs boundary: 0.0668818175792694  Time: 0.6660272469744086
Epoch: 491  Train rel: 0.06504868078231811  Test rel: 0.06372240722179413  Test abs: 0.0526746067404747  Test abs boundary: 0.06722308874130249  Time: 0.6659310841932893
Epoch: 492  Train rel: 0.06504843556880952  Test rel: 0.06376397669315338  Test abs: 0.052708818316459655  Test abs boundary: 0.06723660230636597  Time: 0.6671459940262139
Epoch: 493  Train rel: 0.06485055315494537  Test rel: 0.06342298090457917  Test abs: 0.05242849260568619  Test abs boundary: 0.06691452980041504  Time: 0.6666270112618804
Epoch: 494  Train rel: 0.06483486860990524  Test rel: 0.06341598212718963  Test abs: 0.052422017455101014  Test abs boundary: 0.06689208149909973  Time: 0.6664100629277527
Epoch: 495  Train rel: 0.0648024468421936  Test rel: 0.06359290361404418  Test abs: 0.0525668939948082  Test abs boundary: 0.06709566950798035  Time: 0.6662941817194223
Epoch: 496  Train rel: 0.06484137570858002  Test rel: 0.06339185535907746  Test abs: 0.05240251958370209  Test abs boundary: 0.06687935411930085  Time: 0.6666523278690875
Epoch: 497  Train rel: 0.06483944618701935  Test rel: 0.06353744924068451  Test abs: 0.05252202808856964  Test abs boundary: 0.06702130973339081  Time: 0.66600905591622
Epoch: 498  Train rel: 0.06480615276098252  Test rel: 0.06356435239315034  Test abs: 0.05254401385784149  Test abs boundary: 0.06706763923168182  Time: 0.6657303241081536
Epoch: 499  Train rel: 0.06483168828487396  Test rel: 0.06341451168060303  Test abs: 0.052420978546142576  Test abs boundary: 0.06689172208309174  Time: 0.6667330171912909
