dir now: /lustre/home/2200010870/works/NeuralOperator/GreenFunction
data_in.shape: (1324, 421, 421)
data_out.shape (1324, 421, 421)
x_train.shape:  torch.Size([1000, 44521, 3])
y_train.shape:  torch.Size([1000, 44521, 1])
Start SVD with data shape:  (1000, 44521)
Start SVD with data shape:  (1000, 44521)
##################################################
H Matrix Green Function Test for Darcy2d
--data--
L: 1.0
downsample_ratio: 2
n_train: 1000
n_test: 200
pca_include_input: False
pca_include_grid: False
--model--
fc_dim: 128
in_dim: 3
out_dim: 1
layers_dim: [64, 64, 64, 64, 64]
act: gelu
residual: [False, False, False, False]
layer_types: ['GalerkinConv', 'GalerkinConv', 'GalerkinConv', 'GalerkinConv']
GkNN_modes: [256, 256, 256, 256]
wbases_types: ['fourier', 'fourier', 'fourier', 'fourier']
bases_types: ['fourier', 'fourier', 'fourier', 'fourier']
green_types: ['fcGreen', 'fcGreen', 'fcGreen', 'fcGreen']
r_list: [1, 1, 1, 1, 1, 1]
kernel_size: 11
--train--
device: cuda
base_lr: 0.001
weight_decay: 0.0001
epochs: 500
scheduler: OneCycleLR
milestones: [200, 300, 400, 500, 800, 900]
scheduler_gamma: 0.5
batch_size: 8
normalization_x: True
normalization_y: True
normalization_dim: []
--Start Training--
number of parameters is 4743937
Epoch: 0  Train rel: 0.29076996809244154  Test rel: 0.11238727509975434  Test abs: 0.0007563021429814399  Test abs boundary: 0.00036472155363298953  Time: 4.66612278111279
Epoch: 1  Train rel: 0.09297651076316833  Test rel: 0.07331708773970604  Test abs: 0.0004995026427786798  Test abs boundary: 0.00033969106851145626  Time: 3.7517150077037513
Epoch: 2  Train rel: 0.06301439332962036  Test rel: 0.05478678524494171  Test abs: 0.00037340664654038846  Test abs boundary: 0.0004413484816905111  Time: 3.765706435777247
Epoch: 3  Train rel: 0.04746592471003532  Test rel: 0.04538628578186035  Test abs: 0.00030752445571124553  Test abs boundary: 0.00034629758913069965  Time: 3.774928113911301
Epoch: 4  Train rel: 0.04195062702894211  Test rel: 0.04140695497393608  Test abs: 0.0002826791373081505  Test abs boundary: 0.0002788768516620621  Time: 3.790828626137227
Epoch: 5  Train rel: 0.037191749960184095  Test rel: 0.037884580194950106  Test abs: 0.00025672987918369473  Test abs boundary: 0.00032142924261279403  Time: 3.813042914029211
Epoch: 6  Train rel: 0.03570401182770729  Test rel: 0.03601062156260013  Test abs: 0.00024315433576703073  Test abs boundary: 0.00019008004863280804  Time: 3.82626726385206
Epoch: 7  Train rel: 0.03139049218595028  Test rel: 0.03734572112560272  Test abs: 0.0002541320468299091  Test abs boundary: 0.0002887494768947363  Time: 3.836645739618689
Epoch: 8  Train rel: 0.028931864008307457  Test rel: 0.030508805885910987  Test abs: 0.00020658680179622024  Test abs boundary: 0.0002179747517220676  Time: 3.810644508805126
Epoch: 9  Train rel: 0.028083764642477034  Test rel: 0.0329228126257658  Test abs: 0.0002235630591167137  Test abs boundary: 0.00027547954639885576  Time: 3.815211690030992
Epoch: 10  Train rel: 0.025489205315709113  Test rel: 0.02960314378142357  Test abs: 0.000200294540845789  Test abs boundary: 0.00024716580694075676  Time: 3.809080502949655
Epoch: 11  Train rel: 0.024762000188231468  Test rel: 0.03109687827527523  Test abs: 0.00021142214885912835  Test abs boundary: 0.0003088022070005536  Time: 3.8018524702638388
Epoch: 12  Train rel: 0.023900925666093826  Test rel: 0.029478706941008567  Test abs: 0.00019981512275990098  Test abs boundary: 0.0002896731742657721  Time: 3.8060772512108088
Epoch: 13  Train rel: 0.024264751851558686  Test rel: 0.026604109406471253  Test abs: 0.00017992158827837557  Test abs boundary: 0.00016035631764680147  Time: 3.819815805181861
Epoch: 14  Train rel: 0.0226099354326725  Test rel: 0.02922192685306072  Test abs: 0.00019774546788539738  Test abs boundary: 0.0001600760023575276  Time: 3.815514826681465
Epoch: 15  Train rel: 0.022763259455561638  Test rel: 0.026236451268196105  Test abs: 0.0001781128882430494  Test abs boundary: 0.00014957711449824272  Time: 3.8234544219449162
Epoch: 16  Train rel: 0.020929702788591385  Test rel: 0.02530408523976803  Test abs: 0.00017121122102253138  Test abs boundary: 0.0001591142383404076  Time: 3.8274803501553833
Epoch: 17  Train rel: 0.02084058865904808  Test rel: 0.026051801219582556  Test abs: 0.0001773197954753414  Test abs boundary: 0.0001370054777362384  Time: 3.8314013089984655
Epoch: 18  Train rel: 0.020636775627732275  Test rel: 0.02667571797966957  Test abs: 0.00018061856215354055  Test abs boundary: 0.00014026127697434277  Time: 3.8446233067661524
Epoch: 19  Train rel: 0.021098065689206122  Test rel: 0.02568550832569599  Test abs: 0.00017395356029737742  Test abs boundary: 0.0001187076888163574  Time: 3.838863756041974
Epoch: 20  Train rel: 0.02110810048878193  Test rel: 0.028716337978839875  Test abs: 0.0001954131230013445  Test abs boundary: 0.0002519952575676143  Time: 3.846876472234726
Epoch: 21  Train rel: 0.01903539437055588  Test rel: 0.023874617740511896  Test abs: 0.00016164503584150224  Test abs boundary: 0.00010470010456629098  Time: 3.848449047189206
Epoch: 22  Train rel: 0.01820382533967495  Test rel: 0.023604498505592347  Test abs: 0.0001598693581763655  Test abs boundary: 0.00011780794156948104  Time: 3.853564423043281
Epoch: 23  Train rel: 0.01787748232483864  Test rel: 0.02526343286037445  Test abs: 0.00017032191215548664  Test abs boundary: 0.00011042643804103136  Time: 3.8605555780231953
Epoch: 24  Train rel: 0.018807546272873878  Test rel: 0.02474645182490349  Test abs: 0.00016725630906876175  Test abs boundary: 7.537618526839651e-05  Time: 3.8604784538038075
Epoch: 25  Train rel: 0.019676116846501827  Test rel: 0.02409615010023117  Test abs: 0.0001638750603888184  Test abs boundary: 0.0001663872436620295  Time: 3.8615193776786327
Epoch: 26  Train rel: 0.018307631149888037  Test rel: 0.02331508107483387  Test abs: 0.000157623827108182  Test abs boundary: 7.784339366480709e-05  Time: 3.8663242147304118
Epoch: 27  Train rel: 0.017901732310652733  Test rel: 0.023157991617918015  Test abs: 0.0001567774679278955  Test abs boundary: 9.159817564068362e-05  Time: 3.870455184020102
Epoch: 28  Train rel: 0.017159784018993377  Test rel: 0.022993471026420593  Test abs: 0.0001562704285606742  Test abs boundary: 0.00012670347787206991  Time: 3.8817630000412464
Epoch: 29  Train rel: 0.018069126941263676  Test rel: 0.023917488008737563  Test abs: 0.00016164553409907966  Test abs boundary: 0.00011817886435892433  Time: 3.8786137169227004
Epoch: 30  Train rel: 0.02092319968342781  Test rel: 0.025341656282544135  Test abs: 0.00017308533657342195  Test abs boundary: 0.0001239812737912871  Time: 3.8812970872968435
Epoch: 31  Train rel: 0.017378764867782594  Test rel: 0.023921043127775193  Test abs: 0.000162382866255939  Test abs boundary: 0.00011850511218653992  Time: 3.8796952362172306
Epoch: 32  Train rel: 0.017249032817780972  Test rel: 0.022953120172023774  Test abs: 0.0001558941407711245  Test abs boundary: 0.0001378416467923671  Time: 3.887611065991223
Epoch: 33  Train rel: 0.016304908767342568  Test rel: 0.023278052061796187  Test abs: 0.0001583095936803147  Test abs boundary: 0.00012149766669608653  Time: 3.8826163606718183
Epoch: 34  Train rel: 0.01725013043731451  Test rel: 0.02247543625533581  Test abs: 0.00015226882474962623  Test abs boundary: 0.00010268192825606093  Time: 3.8879132010042667
Epoch: 35  Train rel: 0.01706039783358574  Test rel: 0.021802517101168633  Test abs: 0.000147641395451501  Test abs boundary: 7.645985577255488e-05  Time: 3.8818034981377423
Epoch: 36  Train rel: 0.01638945582509041  Test rel: 0.02498109094798565  Test abs: 0.00016849187144543976  Test abs boundary: 7.85566569538787e-05  Time: 3.876745910849422
Epoch: 37  Train rel: 0.016641960233449937  Test rel: 0.02392083153128624  Test abs: 0.0001616226340411231  Test abs boundary: 8.900852408260107e-05  Time: 3.8791306922212243
Epoch: 38  Train rel: 0.016979768842458724  Test rel: 0.02406681463122368  Test abs: 0.00016411864868132398  Test abs boundary: 9.522596112219616e-05  Time: 3.867160108871758
Epoch: 39  Train rel: 0.01746492053568363  Test rel: 0.022136401534080506  Test abs: 0.00014960984059143813  Test abs boundary: 7.86360024358146e-05  Time: 3.8649678980000317
Epoch: 40  Train rel: 0.017300107546150686  Test rel: 0.022817336320877075  Test abs: 0.00015467657416593284  Test abs boundary: 7.854433730244636e-05  Time: 3.8686858522705734
Epoch: 41  Train rel: 0.01736618600785732  Test rel: 0.022032625451684  Test abs: 0.0001495429698843509  Test abs boundary: 0.00010496145871002226  Time: 3.8591062161140144
Epoch: 42  Train rel: 0.017921542517840863  Test rel: 0.022133568599820137  Test abs: 0.0001500378141645342  Test abs boundary: 7.506222289521247e-05  Time: 3.869127292186022
Epoch: 43  Train rel: 0.017361843593418597  Test rel: 0.024498410001397134  Test abs: 0.0001669691753340885  Test abs boundary: 0.00010998192534316332  Time: 3.8602858050726354
Epoch: 44  Train rel: 0.017596464715898038  Test rel: 0.021764571964740752  Test abs: 0.00014757838973309846  Test abs boundary: 7.98062066314742e-05  Time: 3.860399516299367
Epoch: 45  Train rel: 0.01722999518364668  Test rel: 0.023944477587938308  Test abs: 0.0001627176906913519  Test abs boundary: 9.00114671094343e-05  Time: 3.8583332989364862
Epoch: 46  Train rel: 0.017882407180964947  Test rel: 0.023829512298107147  Test abs: 0.00016241735371295363  Test abs boundary: 0.0001249859551899135  Time: 3.8576459791511297
Epoch: 47  Train rel: 0.01678860729932785  Test rel: 0.02340159334242344  Test abs: 0.00015796080231666565  Test abs boundary: 7.801185769494623e-05  Time: 3.862415045965463
Epoch: 48  Train rel: 0.01683160278946161  Test rel: 0.02304267108440399  Test abs: 0.00015616461809258908  Test abs boundary: 0.00011347648949595169  Time: 3.863057292997837
Epoch: 49  Train rel: 0.017538433887064456  Test rel: 0.02224010691046715  Test abs: 0.00015062978549394755  Test abs boundary: 8.322098583448678e-05  Time: 3.8642520629800856
Epoch: 50  Train rel: 0.01583037742972374  Test rel: 0.021394550204277038  Test abs: 0.0001450030447449535  Test abs boundary: 0.00014282639836892485  Time: 3.870031317230314
Epoch: 51  Train rel: 0.015993990927934645  Test rel: 0.021100723296403886  Test abs: 0.00014315926877316086  Test abs boundary: 9.597100637620315e-05  Time: 3.875732210930437
Epoch: 52  Train rel: 0.017749721251428128  Test rel: 0.02209140807390213  Test abs: 0.0001501927396748215  Test abs boundary: 9.694416541606188e-05  Time: 3.872186644002795
Epoch: 53  Train rel: 0.016531019128859042  Test rel: 0.022697576507925987  Test abs: 0.00015374870272353292  Test abs boundary: 0.00011626926687313243  Time: 3.8812490408308804
Epoch: 54  Train rel: 0.016902147226035596  Test rel: 0.021600116863846778  Test abs: 0.00014610725949751213  Test abs boundary: 0.0001134541298961267  Time: 3.8809634507633746
Epoch: 55  Train rel: 0.017776551872491837  Test rel: 0.02286301724612713  Test abs: 0.00015478015469852835  Test abs boundary: 7.099096837919206e-05  Time: 3.881546680815518
Epoch: 56  Train rel: 0.016865401335060596  Test rel: 0.021839578673243522  Test abs: 0.00014844947116216645  Test abs boundary: 0.00015410048130434006  Time: 3.8972083758562803
Epoch: 57  Train rel: 0.01708257108926773  Test rel: 0.022836805060505866  Test abs: 0.00015514042053837328  Test abs boundary: 0.00012310966500081122  Time: 3.8896310082636774
Epoch: 58  Train rel: 0.017200802892446517  Test rel: 0.0215655916929245  Test abs: 0.0001457799697527662  Test abs boundary: 8.75418825307861e-05  Time: 3.8957734587602317
Epoch: 59  Train rel: 0.016860210008919237  Test rel: 0.0214858041703701  Test abs: 0.00014533766632666813  Test abs boundary: 0.00012071721430402249  Time: 3.891431000083685
Epoch: 60  Train rel: 0.01683978743106127  Test rel: 0.025569902360439302  Test abs: 0.00017461818759329618  Test abs boundary: 0.00016704300593119116  Time: 3.8948811679147184
Epoch: 61  Train rel: 0.017879545211791994  Test rel: 0.022835859805345537  Test abs: 0.00015536876046098769  Test abs boundary: 8.25788956717588e-05  Time: 3.901357520837337
Epoch: 62  Train rel: 0.017567821897566317  Test rel: 0.021086051985621454  Test abs: 0.00014288362493971362  Test abs boundary: 7.589097163872794e-05  Time: 3.900497518014163
Epoch: 63  Train rel: 0.0170120881870389  Test rel: 0.025030865147709847  Test abs: 0.00017034034885000438  Test abs boundary: 7.169594493461773e-05  Time: 3.902262147050351
Epoch: 64  Train rel: 0.017089192420244217  Test rel: 0.023589468002319335  Test abs: 0.0001594094146275893  Test abs boundary: 7.496038771932945e-05  Time: 3.9132730741985142
Epoch: 65  Train rel: 0.016564254514873027  Test rel: 0.0221205822378397  Test abs: 0.00014975755650084466  Test abs boundary: 7.745048234937713e-05  Time: 3.910948943346739
Epoch: 66  Train rel: 0.01740592359751463  Test rel: 0.024247632101178168  Test abs: 0.00016561803233344107  Test abs boundary: 9.349894797196612e-05  Time: 3.923734495881945
Epoch: 67  Train rel: 0.017667283840477468  Test rel: 0.02159699074923992  Test abs: 0.00014659737091278656  Test abs boundary: 8.04885642719455e-05  Time: 3.917474762070924
Epoch: 68  Train rel: 0.017406505927443503  Test rel: 0.02311142861843109  Test abs: 0.0001561842404771596  Test abs boundary: 9.443990798899903e-05  Time: 3.924148438964039
Epoch: 69  Train rel: 0.017356098376214504  Test rel: 0.02324946418404579  Test abs: 0.0001578354125376791  Test abs boundary: 0.0001780466246418655  Time: 3.9217285169288516
Epoch: 70  Train rel: 0.016735146194696425  Test rel: 0.021256596371531485  Test abs: 0.00014374881924595685  Test abs boundary: 0.0001346582197584212  Time: 3.9302598438225687
Epoch: 71  Train rel: 0.0167563651278615  Test rel: 0.02371240682899952  Test abs: 0.00016194517083931715  Test abs boundary: 0.00010363870271248743  Time: 3.9264562078751624
Epoch: 72  Train rel: 0.017178852334618567  Test rel: 0.022211494594812392  Test abs: 0.00015103300334885718  Test abs boundary: 7.006538260611705e-05  Time: 3.9295228137634695
Epoch: 73  Train rel: 0.01664366999268532  Test rel: 0.021692917793989182  Test abs: 0.00014715124299982563  Test abs boundary: 0.00013513363897800447  Time: 3.9225640203803778
Epoch: 74  Train rel: 0.016537923328578473  Test rel: 0.022471947222948076  Test abs: 0.00015231782221235334  Test abs boundary: 7.208115828689188e-05  Time: 3.919255679938942
Epoch: 75  Train rel: 0.017245152048766612  Test rel: 0.02136152170598507  Test abs: 0.00014439737773500383  Test abs boundary: 9.229164337739349e-05  Time: 3.913169179111719
Epoch: 76  Train rel: 0.017219757929444312  Test rel: 0.02267641380429268  Test abs: 0.00015410464635351673  Test abs boundary: 0.00017401746299583465  Time: 3.898670646827668
Epoch: 77  Train rel: 0.01741589594632387  Test rel: 0.02107061892747879  Test abs: 0.0001428596521145664  Test abs boundary: 6.464734382461756e-05  Time: 3.8951014769263566
Epoch: 78  Train rel: 0.01631219047307968  Test rel: 0.022440973296761514  Test abs: 0.000152162829763256  Test abs boundary: 6.95723807439208e-05  Time: 3.8926337915472686
Epoch: 79  Train rel: 0.017299398213624955  Test rel: 0.021100015491247178  Test abs: 0.00014323828043416142  Test abs boundary: 0.00012260217306902632  Time: 3.890340398065746
Epoch: 80  Train rel: 0.017519116513431073  Test rel: 0.021291325464844704  Test abs: 0.0001441814223653637  Test abs boundary: 9.123044204898179e-05  Time: 3.8813973269425333
Epoch: 81  Train rel: 0.016749316722154618  Test rel: 0.022665978223085404  Test abs: 0.00015333044982980936  Test abs boundary: 8.169453620212153e-05  Time: 3.878274261020124
Epoch: 82  Train rel: 0.015987671576440335  Test rel: 0.021757988408207894  Test abs: 0.00014765603526029736  Test abs boundary: 7.572031958261505e-05  Time: 3.884000696707517
Epoch: 83  Train rel: 0.017876013271510602  Test rel: 0.022949256896972657  Test abs: 0.00015535986050963402  Test abs boundary: 0.00013641875819303095  Time: 3.8742171828635037
Epoch: 84  Train rel: 0.017005127891898154  Test rel: 0.0218344559520483  Test abs: 0.00014784009486902506  Test abs boundary: 8.047460782108829e-05  Time: 3.882751905824989
Epoch: 85  Train rel: 0.016474217474460602  Test rel: 0.022564240396022797  Test abs: 0.00015278472390491514  Test abs boundary: 6.4305641426472e-05  Time: 3.8751404932700098
Epoch: 86  Train rel: 0.017008860878646375  Test rel: 0.02276804357767105  Test abs: 0.00015546190552413465  Test abs boundary: 0.00013041893020272256  Time: 3.8741925288923085
Epoch: 87  Train rel: 0.0174155862480402  Test rel: 0.02192038133740425  Test abs: 0.0001493341923924163  Test abs boundary: 6.759630268788896e-05  Time: 3.8714743708260357
Epoch: 88  Train rel: 0.017173024885356426  Test rel: 0.0211002679169178  Test abs: 0.00014289139537140727  Test abs boundary: 8.836697670631111e-05  Time: 3.8751418967731297
Epoch: 89  Train rel: 0.016696235343813898  Test rel: 0.021312377974390985  Test abs: 0.00014425994944758714  Test abs boundary: 7.294730050489307e-05  Time: 3.875188944861293
Epoch: 90  Train rel: 0.016252504222095013  Test rel: 0.02174606643617153  Test abs: 0.00014703208609716966  Test abs boundary: 7.594722701469437e-05  Time: 3.8779163220897317
Epoch: 91  Train rel: 0.01570270549505949  Test rel: 0.020818676948547363  Test abs: 0.0001410933883744292  Test abs boundary: 0.00010738575510913507  Time: 3.876812072005123
Epoch: 92  Train rel: 0.016718524232506752  Test rel: 0.02082649104297161  Test abs: 0.00014125776215223595  Test abs boundary: 8.491127373417839e-05  Time: 3.878069795202464
Epoch: 93  Train rel: 0.01653225762397051  Test rel: 0.02184695430099964  Test abs: 0.00014845216530375181  Test abs boundary: 0.0001591620669933036  Time: 3.8852155967615545
Epoch: 94  Train rel: 0.016672663241624832  Test rel: 0.021338796690106392  Test abs: 0.00014471003989456222  Test abs boundary: 6.745491235051304e-05  Time: 3.894556326791644
Epoch: 95  Train rel: 0.016019178427755833  Test rel: 0.02318313255906105  Test abs: 0.00015808869327884166  Test abs boundary: 0.00013675701775355263  Time: 3.8905778718180954
Epoch: 96  Train rel: 0.016847464755177496  Test rel: 0.022069923505187036  Test abs: 0.00014940583292627707  Test abs boundary: 7.031422559521161e-05  Time: 3.885399853810668
Epoch: 97  Train rel: 0.0167478389441967  Test rel: 0.02335184909403324  Test abs: 0.0001596678071655333  Test abs boundary: 0.00011515046440763399  Time: 3.877172209788114
Epoch: 98  Train rel: 0.016408661529421806  Test rel: 0.021171512827277184  Test abs: 0.00014366547547979281  Test abs boundary: 0.00011054725502617657  Time: 3.8910555569455028
Epoch: 99  Train rel: 0.01602428516000509  Test rel: 0.021629733070731162  Test abs: 0.00014639342611189932  Test abs boundary: 9.312620415585115e-05  Time: 3.8845704910345376
Epoch: 100  Train rel: 0.016387595102190972  Test rel: 0.023288562074303628  Test abs: 0.0001581653719767928  Test abs boundary: 9.709270030725747e-05  Time: 3.891086031217128
Epoch: 101  Train rel: 0.01682737536728382  Test rel: 0.02284320391714573  Test abs: 0.00015433607739396394  Test abs boundary: 0.0001957780128577724  Time: 3.889902178198099
Epoch: 102  Train rel: 0.016324719093739986  Test rel: 0.023284971863031387  Test abs: 0.00015718282549642026  Test abs boundary: 0.00012784764228854329  Time: 3.8891720422543585
Epoch: 103  Train rel: 0.016196666419506074  Test rel: 0.02036635972559452  Test abs: 0.00013794193626381456  Test abs boundary: 6.994440729613416e-05  Time: 3.8992538820020854
Epoch: 104  Train rel: 0.015943961441516875  Test rel: 0.020388414785265922  Test abs: 0.00013801949738990516  Test abs boundary: 8.177173149306327e-05  Time: 3.8969388250261545
Epoch: 105  Train rel: 0.016147881530225276  Test rel: 0.020826612263917924  Test abs: 0.000141181739163585  Test abs boundary: 9.68662538798526e-05  Time: 3.9049282618798316
Epoch: 106  Train rel: 0.015292491987347603  Test rel: 0.019782921969890593  Test abs: 0.0001342475341516547  Test abs boundary: 6.450841479818336e-05  Time: 3.910854897927493
Epoch: 107  Train rel: 0.015165355071425439  Test rel: 0.021538465917110443  Test abs: 0.0001469709529192187  Test abs boundary: 6.815550616011023e-05  Time: 3.9030209500342607
Epoch: 108  Train rel: 0.015600448355078697  Test rel: 0.024240079671144485  Test abs: 0.00016456774377729744  Test abs boundary: 0.0001008938645827584  Time: 3.9144156971015036
Epoch: 109  Train rel: 0.016312690891325473  Test rel: 0.021913252174854278  Test abs: 0.00014941003901185467  Test abs boundary: 0.0001092238983255811  Time: 3.910235888324678
Epoch: 110  Train rel: 0.015894032210111618  Test rel: 0.023142692744731904  Test abs: 0.00015791289828484878  Test abs boundary: 7.373869855655358e-05  Time: 3.9110817038454115
Epoch: 111  Train rel: 0.016355137936770917  Test rel: 0.021528488993644714  Test abs: 0.00014577632653526963  Test abs boundary: 7.260730839334429e-05  Time: 3.909672699868679
Epoch: 112  Train rel: 0.015443318039178849  Test rel: 0.02053826741874218  Test abs: 0.00013938441989012063  Test abs boundary: 6.403141713235528e-05  Time: 3.9130815882235765
Epoch: 113  Train rel: 0.015067224450409412  Test rel: 0.02062957927584648  Test abs: 0.00014034793741302565  Test abs boundary: 8.789794257609174e-05  Time: 3.9058184041641653
Epoch: 114  Train rel: 0.01559816138446331  Test rel: 0.022732270061969758  Test abs: 0.00015371847024653107  Test abs boundary: 0.00019888760696630924  Time: 3.906988664995879
Epoch: 115  Train rel: 0.01644618159532547  Test rel: 0.02051212064921856  Test abs: 0.00013933133363025263  Test abs boundary: 5.994951745378785e-05  Time: 3.8933222112245858
Epoch: 116  Train rel: 0.015101935639977455  Test rel: 0.020518468320369722  Test abs: 0.00013899373210733755  Test abs boundary: 6.653337753959931e-05  Time: 3.886972761247307
Epoch: 117  Train rel: 0.014731904372572898  Test rel: 0.023680831119418145  Test abs: 0.00016183591855224223  Test abs boundary: 6.315715523669496e-05  Time: 3.8864779961295426
Epoch: 118  Train rel: 0.014937552757561206  Test rel: 0.022653558105230332  Test abs: 0.0001545114046894014  Test abs boundary: 0.00013169847195968032  Time: 3.8773089949972928
Epoch: 119  Train rel: 0.015269053228199481  Test rel: 0.02188891261816025  Test abs: 0.00014808514737524092  Test abs boundary: 7.540912280092016e-05  Time: 3.8790196240879595
Epoch: 120  Train rel: 0.015521594196557999  Test rel: 0.02155738517642021  Test abs: 0.00014702959830174223  Test abs boundary: 9.189053642330691e-05  Time: 3.870260027702898
Epoch: 121  Train rel: 0.015232132494449616  Test rel: 0.022338999807834624  Test abs: 0.0001517586995032616  Test abs boundary: 8.83102579973638e-05  Time: 3.8703620969317853
Epoch: 122  Train rel: 0.014862726211547852  Test rel: 0.020440775156021117  Test abs: 0.00013866063934983686  Test abs boundary: 7.525286579038947e-05  Time: 3.8704457161948085
Epoch: 123  Train rel: 0.015074188217520714  Test rel: 0.021180669367313384  Test abs: 0.0001436174995615147  Test abs boundary: 7.876430172473192e-05  Time: 3.8641059161163867
Epoch: 124  Train rel: 0.01563427955657244  Test rel: 0.021572017893195152  Test abs: 0.00014648881915491074  Test abs boundary: 9.02873114682734e-05  Time: 3.8668663729913533
Epoch: 125  Train rel: 0.01461336712539196  Test rel: 0.020201461911201476  Test abs: 0.00013716598914470524  Test abs boundary: 6.013654638081789e-05  Time: 3.861393283121288
Epoch: 126  Train rel: 0.01510690078139305  Test rel: 0.02093102753162384  Test abs: 0.00014270324143581092  Test abs boundary: 5.709202407160774e-05  Time: 3.860243681818247
Epoch: 127  Train rel: 0.01510743074119091  Test rel: 0.020597194358706473  Test abs: 0.00013965863327030091  Test abs boundary: 7.776902202749625e-05  Time: 3.8682943619787693
Epoch: 128  Train rel: 0.015541558980941773  Test rel: 0.022820413783192633  Test abs: 0.00015360626857727767  Test abs boundary: 9.93630025186576e-05  Time: 3.863710470031947
Epoch: 129  Train rel: 0.015614463612437249  Test rel: 0.021133185252547263  Test abs: 0.0001442357778432779  Test abs boundary: 6.589008960872889e-05  Time: 3.8605017089284956
Epoch: 130  Train rel: 0.014991016671061516  Test rel: 0.021555943638086317  Test abs: 0.00014657486899523066  Test abs boundary: 9.875030489638448e-05  Time: 3.8640307812020183
Epoch: 131  Train rel: 0.01521108090132475  Test rel: 0.024499291852116585  Test abs: 0.0001676634163595736  Test abs boundary: 0.00015668768726754935  Time: 3.867726976983249
Epoch: 132  Train rel: 0.014191738724708558  Test rel: 0.020115407034754753  Test abs: 0.00013649076456204057  Test abs boundary: 7.703493669396266e-05  Time: 3.8796816342510283
Epoch: 133  Train rel: 0.014507187038660049  Test rel: 0.020703973099589348  Test abs: 0.00014016194763826205  Test abs boundary: 9.04342212015763e-05  Time: 3.8707225038670003
Epoch: 134  Train rel: 0.014959258854389191  Test rel: 0.02257699638605118  Test abs: 0.0001528438355308026  Test abs boundary: 6.50157370546367e-05  Time: 3.8738025869242847
Epoch: 135  Train rel: 0.01568693273514509  Test rel: 0.021452182084321977  Test abs: 0.0001450997099163942  Test abs boundary: 0.0001438447355758399  Time: 3.888582807034254
Epoch: 136  Train rel: 0.015180208317935467  Test rel: 0.02086428441107273  Test abs: 0.00014157867204630747  Test abs boundary: 0.00011746708711143583  Time: 3.8965451512485743
Epoch: 137  Train rel: 0.014491671055555344  Test rel: 0.020202636457979678  Test abs: 0.00013740848778979854  Test abs boundary: 6.595476341317408e-05  Time: 3.890284444671124
Epoch: 138  Train rel: 0.015223700053989887  Test rel: 0.021168204471468926  Test abs: 0.00014292027219198645  Test abs boundary: 6.318517858744599e-05  Time: 3.8973145289346576
Epoch: 139  Train rel: 0.014363953053951264  Test rel: 0.020505803078413008  Test abs: 0.00013948013744084165  Test abs boundary: 0.000111044769291766  Time: 3.8968661930412054
Epoch: 140  Train rel: 0.014234421901404858  Test rel: 0.020361366868019103  Test abs: 0.0001386944667319767  Test abs boundary: 6.02854166936595e-05  Time: 3.898485094308853
Epoch: 141  Train rel: 0.01421324933320284  Test rel: 0.020473920069634916  Test abs: 0.00013890007860027255  Test abs boundary: 6.416256306692958e-05  Time: 3.903635209891945
Epoch: 142  Train rel: 0.013896962530910969  Test rel: 0.020876112580299377  Test abs: 0.0001414739718893543  Test abs boundary: 6.212866603164002e-05  Time: 3.9138901089318097
Epoch: 143  Train rel: 0.014209301225841046  Test rel: 0.01955715410411358  Test abs: 0.00013273310411022977  Test abs boundary: 8.78018740331754e-05  Time: 3.9059069487266243
Epoch: 144  Train rel: 0.01348767714202404  Test rel: 0.021513046100735664  Test abs: 0.0001452600525226444  Test abs boundary: 0.00010403925232822076  Time: 3.9282305049709976
Epoch: 145  Train rel: 0.014810346201062202  Test rel: 0.022460735887289047  Test abs: 0.00015186303935479372  Test abs boundary: 6.608689058339223e-05  Time: 3.941818759776652
Epoch: 146  Train rel: 0.014546388514339923  Test rel: 0.02002132050693035  Test abs: 0.00013604843319626526  Test abs boundary: 6.751488443114795e-05  Time: 3.9449633504264057
Epoch: 147  Train rel: 0.013817033603787422  Test rel: 0.019773551300168037  Test abs: 0.00013428751524770631  Test abs boundary: 6.523930773255415e-05  Time: 3.946900452952832
Epoch: 148  Train rel: 0.013987218201160431  Test rel: 0.019859293699264525  Test abs: 0.0001350132390507497  Test abs boundary: 5.910394480451942e-05  Time: 3.9548374451696873
Epoch: 149  Train rel: 0.014398223161697388  Test rel: 0.01981280118227005  Test abs: 0.0001344656274886802  Test abs boundary: 8.459409524220973e-05  Time: 3.9207908739335835
Epoch: 150  Train rel: 0.014130469672381877  Test rel: 0.020148053467273712  Test abs: 0.00013624193932628258  Test abs boundary: 7.709429861279205e-05  Time: 3.925760803744197
Epoch: 151  Train rel: 0.014306229971349239  Test rel: 0.020155685991048812  Test abs: 0.00013721382536459713  Test abs boundary: 7.010740460827947e-05  Time: 3.9147894913330674
Epoch: 152  Train rel: 0.01379629660397768  Test rel: 0.02019868828356266  Test abs: 0.00013698986207600684  Test abs boundary: 6.373832613462582e-05  Time: 3.9196622651070356
Epoch: 153  Train rel: 0.014016048602759838  Test rel: 0.020609545111656188  Test abs: 0.00013948689796961845  Test abs boundary: 7.830093236407265e-05  Time: 3.9167689471505582
Epoch: 154  Train rel: 0.014058129042387008  Test rel: 0.021544032171368598  Test abs: 0.00014580375660443678  Test abs boundary: 0.00010729537811130286  Time: 3.9178078630939126
Epoch: 155  Train rel: 0.014188383266329766  Test rel: 0.020813353806734085  Test abs: 0.00014091138873482124  Test abs boundary: 8.895820181351155e-05  Time: 3.917662627995014
Epoch: 156  Train rel: 0.014103512808680534  Test rel: 0.020860743150115012  Test abs: 0.00014226151921320707  Test abs boundary: 7.648706407053395e-05  Time: 3.9102188581600785
Epoch: 157  Train rel: 0.014803067654371262  Test rel: 0.021091161370277403  Test abs: 0.0001421784804551862  Test abs boundary: 7.039314339635894e-05  Time: 3.904574681073427
Epoch: 158  Train rel: 0.014614116333425044  Test rel: 0.020048591420054437  Test abs: 0.00013583696709247307  Test abs boundary: 6.871783378301188e-05  Time: 3.909254307858646
Epoch: 159  Train rel: 0.013551081143319607  Test rel: 0.019878585040569306  Test abs: 0.00013511273282347248  Test abs boundary: 6.199516166816466e-05  Time: 3.9056724486872554
Epoch: 160  Train rel: 0.013198928609490394  Test rel: 0.019637419655919076  Test abs: 0.0001330822831369005  Test abs boundary: 6.55537040438503e-05  Time: 3.9101953678764403
Epoch: 161  Train rel: 0.013600012719631195  Test rel: 0.019907884895801545  Test abs: 0.00013558748963987455  Test abs boundary: 7.059132840367966e-05  Time: 3.897873640060425
Epoch: 162  Train rel: 0.014156274363398553  Test rel: 0.02086132936179638  Test abs: 0.0001410846409271471  Test abs boundary: 9.384310309542344e-05  Time: 3.900958995334804
Epoch: 163  Train rel: 0.013610772371292114  Test rel: 0.01996832050383091  Test abs: 0.00013565822649979964  Test abs boundary: 7.010863628238439e-05  Time: 3.8976415847428143
Epoch: 164  Train rel: 0.013632543832063675  Test rel: 0.02014988485723734  Test abs: 0.00013692786131286994  Test abs boundary: 6.0486680013127625e-05  Time: 3.9028042424470186
Epoch: 165  Train rel: 0.013377607882022857  Test rel: 0.020060647539794446  Test abs: 0.00013654275244334713  Test abs boundary: 5.510239934665151e-05  Time: 3.891439814120531
Epoch: 166  Train rel: 0.012998323179781437  Test rel: 0.01933499112725258  Test abs: 0.00013132025895174593  Test abs boundary: 6.006610448821448e-05  Time: 3.8889662348665297
Epoch: 167  Train rel: 0.012918856352567672  Test rel: 0.019630665145814418  Test abs: 0.00013326251675607636  Test abs boundary: 6.810820355894976e-05  Time: 3.89238816825673
Epoch: 168  Train rel: 0.013565577767789364  Test rel: 0.019910221472382545  Test abs: 0.00013542185799451546  Test abs boundary: 7.125348027329892e-05  Time: 3.8865238069556653
Epoch: 169  Train rel: 0.013149649761617184  Test rel: 0.01933000035583973  Test abs: 0.00013134240813087673  Test abs boundary: 6.717761993058957e-05  Time: 3.8917086189612746
Epoch: 170  Train rel: 0.013290677540004254  Test rel: 0.020632020607590677  Test abs: 0.00014008133759489284  Test abs boundary: 0.00010995103279128671  Time: 3.88996319565922
Epoch: 171  Train rel: 0.013244987845420837  Test rel: 0.01998953312635422  Test abs: 0.00013555860263295472  Test abs boundary: 9.872813883703202e-05  Time: 3.8819589437916875
Epoch: 172  Train rel: 0.013320851758122445  Test rel: 0.019891843050718307  Test abs: 0.0001355327738565393  Test abs boundary: 8.796868991339579e-05  Time: 3.8922013491392136
Epoch: 173  Train rel: 0.012731556259095668  Test rel: 0.019104872643947602  Test abs: 0.00012944581219926477  Test abs boundary: 5.524136809981428e-05  Time: 3.887148194015026
Epoch: 174  Train rel: 0.012743754282593727  Test rel: 0.020214327722787858  Test abs: 0.00013662589772138744  Test abs boundary: 7.47418389073573e-05  Time: 3.8947815131396055
Epoch: 175  Train rel: 0.013748407423496246  Test rel: 0.019511145651340486  Test abs: 0.000132436515414156  Test abs boundary: 6.505156052298844e-05  Time: 3.8923922036774457
Epoch: 176  Train rel: 0.0131032360419631  Test rel: 0.01927468877285719  Test abs: 0.00013060887315077707  Test abs boundary: 5.576726282015443e-05  Time: 3.8900919309817255
Epoch: 177  Train rel: 0.012707900479435921  Test rel: 0.01982616528868675  Test abs: 0.00013500891072908415  Test abs boundary: 5.768752089352347e-05  Time: 3.899070360697806
Epoch: 178  Train rel: 0.012970757141709328  Test rel: 0.01956703878939152  Test abs: 0.00013261189335025847  Test abs boundary: 7.956459507113322e-05  Time: 3.8999610380269587
Epoch: 179  Train rel: 0.012613629758358  Test rel: 0.01938966669142246  Test abs: 0.0001316917085205205  Test abs boundary: 5.5191312276292594e-05  Time: 3.90077134501189
Epoch: 180  Train rel: 0.013350959748029708  Test rel: 0.02173777773976326  Test abs: 0.00014661361870821566  Test abs boundary: 5.340442483429797e-05  Time: 3.898310862015933
Epoch: 181  Train rel: 0.013297192163765431  Test rel: 0.02098987631499767  Test abs: 0.00014316937507828696  Test abs boundary: 0.00010540851711994037  Time: 3.903536543715745
Epoch: 182  Train rel: 0.013082503899931907  Test rel: 0.02118669643998146  Test abs: 0.00014366694260388612  Test abs boundary: 6.406515851267613e-05  Time: 3.9029940040782094
Epoch: 183  Train rel: 0.013460415303707124  Test rel: 0.020113104060292243  Test abs: 0.00013675182999577372  Test abs boundary: 6.728613851009869e-05  Time: 3.9111852338537574
Epoch: 184  Train rel: 0.012891024045646191  Test rel: 0.020035076439380645  Test abs: 0.0001366457453696057  Test abs boundary: 6.84141724195797e-05  Time: 3.9081684569828212
Epoch: 185  Train rel: 0.013294111281633377  Test rel: 0.019372484013438225  Test abs: 0.00013108232291415335  Test abs boundary: 8.355870580999181e-05  Time: 3.902930377982557
Epoch: 186  Train rel: 0.012744002766907216  Test rel: 0.019941900745034217  Test abs: 0.0001358528799028136  Test abs boundary: 5.629872757708654e-05  Time: 3.9092618860304356
Epoch: 187  Train rel: 0.012371770150959492  Test rel: 0.01911650683730841  Test abs: 0.00012959880317794158  Test abs boundary: 6.124025472672656e-05  Time: 3.9070300739258528
Epoch: 188  Train rel: 0.012672510109841823  Test rel: 0.020357520058751105  Test abs: 0.00013752418890362607  Test abs boundary: 8.675023505929857e-05  Time: 3.9204666512086987
Epoch: 189  Train rel: 0.013046303369104862  Test rel: 0.019672446995973588  Test abs: 0.0001332478626864031  Test abs boundary: 0.00011118471156805754  Time: 3.910029170103371
Epoch: 190  Train rel: 0.013154693603515625  Test rel: 0.01900598257780075  Test abs: 0.00012897748179966585  Test abs boundary: 5.933806110988371e-05  Time: 3.915121872909367
Epoch: 191  Train rel: 0.012572777800261975  Test rel: 0.019447999745607375  Test abs: 0.00013197703490732237  Test abs boundary: 0.00012206393177621066  Time: 3.910817568190396
Epoch: 192  Train rel: 0.012638031750917435  Test rel: 0.020708791986107825  Test abs: 0.00013997633359394968  Test abs boundary: 6.270787460380234e-05  Time: 3.9207962518557906
Epoch: 193  Train rel: 0.012537782199680806  Test rel: 0.01935242809355259  Test abs: 0.00013097738847136497  Test abs boundary: 5.889640873647295e-05  Time: 3.9109692461788654
Epoch: 194  Train rel: 0.012101836562156677  Test rel: 0.019300973601639272  Test abs: 0.00013075609545921908  Test abs boundary: 5.732640522182919e-05  Time: 3.915564783848822
Epoch: 195  Train rel: 0.01303374471515417  Test rel: 0.0208656657487154  Test abs: 0.0001407190680038184  Test abs boundary: 8.558443747460842e-05  Time: 3.9067929834127426
Epoch: 196  Train rel: 0.012344224877655506  Test rel: 0.02020191416144371  Test abs: 0.00013696655514650047  Test abs boundary: 6.95790135068819e-05  Time: 3.911169805098325
Epoch: 197  Train rel: 0.012016169525682926  Test rel: 0.020243631526827812  Test abs: 0.0001379129444831051  Test abs boundary: 6.493010849226266e-05  Time: 3.905430309008807
Epoch: 198  Train rel: 0.01257624739408493  Test rel: 0.02000539593398571  Test abs: 0.000135738882527221  Test abs boundary: 5.326938713551499e-05  Time: 3.9103695400990546
Epoch: 199  Train rel: 0.012576700396835803  Test rel: 0.019848349019885064  Test abs: 0.00013428881735308095  Test abs boundary: 5.4901244002394375e-05  Time: 3.898234263062477
Epoch: 200  Train rel: 0.013272197499871253  Test rel: 0.019975138679146767  Test abs: 0.00013607485743705183  Test abs boundary: 5.189353381865658e-05  Time: 3.900432495865971
Epoch: 201  Train rel: 0.01324352454394102  Test rel: 0.020480401068925857  Test abs: 0.00013851494644768537  Test abs boundary: 5.906293386942707e-05  Time: 3.9031191719695926
Epoch: 202  Train rel: 0.01245714608579874  Test rel: 0.020992876663804054  Test abs: 0.00014283025171607733  Test abs boundary: 9.502836241154e-05  Time: 3.900756421033293
Epoch: 203  Train rel: 0.012696700729429721  Test rel: 0.01944718584418297  Test abs: 0.00013194796978496014  Test abs boundary: 8.330251497682184e-05  Time: 3.895208701957017
Epoch: 204  Train rel: 0.01265745234489441  Test rel: 0.019546070843935014  Test abs: 0.00013263582019135356  Test abs boundary: 9.795900812605396e-05  Time: 3.8949338449165225
Epoch: 205  Train rel: 0.012199355944991112  Test rel: 0.019148465879261493  Test abs: 0.00012990160612389446  Test abs boundary: 7.344511453993618e-05  Time: 3.8930910392664373
Epoch: 206  Train rel: 0.011910406328737735  Test rel: 0.019197455830872057  Test abs: 0.0001303351018577814  Test abs boundary: 5.569391389144585e-05  Time: 3.8931651832535863
Epoch: 207  Train rel: 0.01151023255288601  Test rel: 0.019425698667764665  Test abs: 0.00013199832173995673  Test abs boundary: 6.116959601058625e-05  Time: 3.899953866843134
Epoch: 208  Train rel: 0.01140306604653597  Test rel: 0.020324383229017258  Test abs: 0.00013727989251492546  Test abs boundary: 5.58841617021244e-05  Time: 3.893176831305027
Epoch: 209  Train rel: 0.012209902070462703  Test rel: 0.01909657347947359  Test abs: 0.00012960414635017513  Test abs boundary: 5.1620190351968634e-05  Time: 3.8908756808377802
Epoch: 210  Train rel: 0.012560083761811256  Test rel: 0.020403126329183577  Test abs: 0.00013824542373185977  Test abs boundary: 5.291496854624711e-05  Time: 3.8919031796976924
Epoch: 211  Train rel: 0.01219462325423956  Test rel: 0.019625464230775835  Test abs: 0.00013321797305252404  Test abs boundary: 6.720414239680395e-05  Time: 3.896883890964091
Epoch: 212  Train rel: 0.011603879436850548  Test rel: 0.019293691739439966  Test abs: 0.00013123331620590762  Test abs boundary: 5.79689527512528e-05  Time: 3.8961000428535044
Epoch: 213  Train rel: 0.012106298945844174  Test rel: 0.01936658576130867  Test abs: 0.00013132364605553449  Test abs boundary: 5.1333714363863695e-05  Time: 3.8988249390386045
Epoch: 214  Train rel: 0.01176625744998455  Test rel: 0.0194765492901206  Test abs: 0.00013207116338890046  Test abs boundary: 6.493226508609951e-05  Time: 3.8988141771405935
Epoch: 215  Train rel: 0.011430225789546966  Test rel: 0.019110285714268684  Test abs: 0.00013018188095884398  Test abs boundary: 7.260125887114554e-05  Time: 3.8919659750536084
Epoch: 216  Train rel: 0.011644732922315597  Test rel: 0.020307095423340797  Test abs: 0.00013824819383444263  Test abs boundary: 7.245415734359995e-05  Time: 3.903306266758591
Epoch: 217  Train rel: 0.01160837884247303  Test rel: 0.018881604559719562  Test abs: 0.00012804302474251017  Test abs boundary: 8.230558159993961e-05  Time: 3.8962734998203814
Epoch: 218  Train rel: 0.011245983161032199  Test rel: 0.01925792120397091  Test abs: 0.0001303240840206854  Test abs boundary: 8.393281284952537e-05  Time: 3.900680833030492
Epoch: 219  Train rel: 0.011477607004344463  Test rel: 0.019031980820000172  Test abs: 0.00012912041507661342  Test abs boundary: 4.8381525557488205e-05  Time: 3.9018383752554655
Epoch: 220  Train rel: 0.011587901785969735  Test rel: 0.01962006114423275  Test abs: 0.0001327308258623816  Test abs boundary: 5.645148310577497e-05  Time: 3.9038027902133763
Epoch: 221  Train rel: 0.011943045631051063  Test rel: 0.019232790917158127  Test abs: 0.00013028672052314505  Test abs boundary: 6.165675004012882e-05  Time: 3.909987331368029
Epoch: 222  Train rel: 0.011962316446006298  Test rel: 0.019125128537416457  Test abs: 0.0001298914515064098  Test abs boundary: 4.874130157986656e-05  Time: 3.9072943069040775
Epoch: 223  Train rel: 0.011098360151052474  Test rel: 0.01881366699934006  Test abs: 0.0001272798707941547  Test abs boundary: 7.590104127302766e-05  Time: 3.910240299999714
Epoch: 224  Train rel: 0.011190437845885753  Test rel: 0.019154653176665305  Test abs: 0.00012989609356736764  Test abs boundary: 5.858896678546444e-05  Time: 3.9104640032164752
Epoch: 225  Train rel: 0.011895060814917088  Test rel: 0.019239111877977846  Test abs: 0.00013043888262473046  Test abs boundary: 6.476310780271888e-05  Time: 3.921111925970763
Epoch: 226  Train rel: 0.011709717079997062  Test rel: 0.019370517171919347  Test abs: 0.00013141555595211685  Test abs boundary: 8.062844746746122e-05  Time: 3.9189165430143476
Epoch: 227  Train rel: 0.01158466923981905  Test rel: 0.01886350553482771  Test abs: 0.00012846240861108527  Test abs boundary: 5.7432356552453715e-05  Time: 3.9122132128104568
Epoch: 228  Train rel: 0.011405951082706452  Test rel: 0.01885227210819721  Test abs: 0.0001280512334778905  Test abs boundary: 5.1074265938950704e-05  Time: 3.916922306176275
Epoch: 229  Train rel: 0.010867898032069206  Test rel: 0.018595419004559518  Test abs: 0.00012627316202269866  Test abs boundary: 5.970521437120624e-05  Time: 3.9117014151997864
Epoch: 230  Train rel: 0.010980097375810146  Test rel: 0.018884207010269164  Test abs: 0.0001284708396997303  Test abs boundary: 5.333799199433997e-05  Time: 3.9263834673911333
Epoch: 231  Train rel: 0.01105797377973795  Test rel: 0.019357650764286517  Test abs: 0.00013169691490475088  Test abs boundary: 6.400413200026378e-05  Time: 3.91212700586766
Epoch: 232  Train rel: 0.0111716992482543  Test rel: 0.019147248268127443  Test abs: 0.0001302734506316483  Test abs boundary: 7.771467819111421e-05  Time: 3.91854507336393
Epoch: 233  Train rel: 0.011516261853277683  Test rel: 0.018836812749505043  Test abs: 0.00012771361914929003  Test abs boundary: 5.046761900302954e-05  Time: 3.9066565451212227
Epoch: 234  Train rel: 0.011038027495145798  Test rel: 0.01906710062175989  Test abs: 0.00012940416170749812  Test abs boundary: 5.6204322318080814e-05  Time: 3.910938191227615
Epoch: 235  Train rel: 0.010853329695761204  Test rel: 0.01935233563184738  Test abs: 0.0001315388159127906  Test abs boundary: 7.51252833288163e-05  Time: 3.9117229096591473
Epoch: 236  Train rel: 0.010960019610822202  Test rel: 0.0189125369861722  Test abs: 0.0001282683332101442  Test abs boundary: 6.68083323398605e-05  Time: 3.9049889338202775
Epoch: 237  Train rel: 0.011692667469382287  Test rel: 0.01943823792040348  Test abs: 0.0001322966715088114  Test abs boundary: 6.157052819617093e-05  Time: 3.900373049080372
Epoch: 238  Train rel: 0.010684124909341335  Test rel: 0.018538114503026008  Test abs: 0.00012584899843204767  Test abs boundary: 5.2432442462304604e-05  Time: 3.9035686370916665
Epoch: 239  Train rel: 0.01067968936264515  Test rel: 0.018717132098972796  Test abs: 0.00012691945099504664  Test abs boundary: 4.819392386707477e-05  Time: 3.8982684412039816
Epoch: 240  Train rel: 0.010946397341787815  Test rel: 0.019153333157300948  Test abs: 0.00012998327903915197  Test abs boundary: 5.5461710871895775e-05  Time: 3.9026659820228815
Epoch: 241  Train rel: 0.01100817610323429  Test rel: 0.018581235483288765  Test abs: 0.00012592924264026806  Test abs boundary: 6.419381956220605e-05  Time: 3.896361108869314
Epoch: 242  Train rel: 0.011109616942703723  Test rel: 0.018722587302327155  Test abs: 0.00012695378973148763  Test abs boundary: 4.8601809539832174e-05  Time: 3.898587927222252
Epoch: 243  Train rel: 0.011255808152258396  Test rel: 0.0186727586761117  Test abs: 0.0001264573333901353  Test abs boundary: 5.893314591958188e-05  Time: 3.8946871859952807
Epoch: 244  Train rel: 0.011286670371890068  Test rel: 0.019218198508024215  Test abs: 0.0001303700142307207  Test abs boundary: 7.132071128580719e-05  Time: 3.903720952104777
Epoch: 245  Train rel: 0.011028318218886852  Test rel: 0.01937173344194889  Test abs: 0.0001316796854371205  Test abs boundary: 4.9071942194132134e-05  Time: 3.8931272053159773
Epoch: 246  Train rel: 0.011285027280449868  Test rel: 0.01878108851611614  Test abs: 0.00012724114931188523  Test abs boundary: 6.448447282309645e-05  Time: 3.8964495700784028
Epoch: 247  Train rel: 0.010655520789325237  Test rel: 0.01957098737359047  Test abs: 0.0001331902071251534  Test abs boundary: 4.9560150073375554e-05  Time: 3.8952339040115476
Epoch: 248  Train rel: 0.011389688432216645  Test rel: 0.01908813327550888  Test abs: 0.00012968337308848275  Test abs boundary: 5.203328517382033e-05  Time: 3.8943133391439915
Epoch: 249  Train rel: 0.010793748579919339  Test rel: 0.018853050991892814  Test abs: 0.0001282114797504619  Test abs boundary: 5.393542829551734e-05  Time: 3.8955446467734873
Epoch: 250  Train rel: 0.010233193315565586  Test rel: 0.018397150076925755  Test abs: 0.000124856490874663  Test abs boundary: 5.085550801595673e-05  Time: 3.892921240068972
Epoch: 251  Train rel: 0.010308853417634965  Test rel: 0.018334082663059234  Test abs: 0.00012450335372705013  Test abs boundary: 5.068346916232258e-05  Time: 3.8965088720433414
Epoch: 252  Train rel: 0.010194510750472546  Test rel: 0.018439492657780648  Test abs: 0.00012489688757341355  Test abs boundary: 5.2848340419586745e-05  Time: 3.891403648070991
Epoch: 253  Train rel: 0.010884764410555362  Test rel: 0.018647480942308902  Test abs: 0.00012669816642301156  Test abs boundary: 6.771103770006448e-05  Time: 3.8921267250552773
Epoch: 254  Train rel: 0.010634592048823834  Test rel: 0.01882004614919424  Test abs: 0.00012762220430886372  Test abs boundary: 5.6296035763807596e-05  Time: 3.898054640274495
Epoch: 255  Train rel: 0.010765294417738915  Test rel: 0.018561272360384466  Test abs: 0.00012588445126311852  Test abs boundary: 5.303359910612926e-05  Time: 3.89631204912439
Epoch: 256  Train rel: 0.010404926113784314  Test rel: 0.01918977364897728  Test abs: 0.0001298777211923152  Test abs boundary: 5.46877586748451e-05  Time: 3.9006485077552497
Epoch: 257  Train rel: 0.010340992450714112  Test rel: 0.018589776270091535  Test abs: 0.00012618701584869995  Test abs boundary: 7.75555259315297e-05  Time: 3.897503609303385
Epoch: 258  Train rel: 0.010075579710304736  Test rel: 0.01799447160214186  Test abs: 0.0001222036997205578  Test abs boundary: 5.0134914345107974e-05  Time: 3.9042235328815877
Epoch: 259  Train rel: 0.010029148787260056  Test rel: 0.01862514451146126  Test abs: 0.0001262427621986717  Test abs boundary: 9.26517863990739e-05  Time: 3.901526539120823
Epoch: 260  Train rel: 0.011274717822670937  Test rel: 0.018543981350958347  Test abs: 0.0001255987663171254  Test abs boundary: 4.6616316540166734e-05  Time: 3.9052380630746484
Epoch: 261  Train rel: 0.010903498016297817  Test rel: 0.018754858411848544  Test abs: 0.00012758935627061875  Test abs boundary: 5.0382890622131525e-05  Time: 3.904113318771124
Epoch: 262  Train rel: 0.010126339748501778  Test rel: 0.018855795562267304  Test abs: 0.0001282811805140227  Test abs boundary: 4.994473871192895e-05  Time: 3.9066206789575517
Epoch: 263  Train rel: 0.009873090509325265  Test rel: 0.018181366324424745  Test abs: 0.00012326363008469343  Test abs boundary: 6.25184334057849e-05  Time: 3.9114652038551867
Epoch: 264  Train rel: 0.009870909921824931  Test rel: 0.018884278647601605  Test abs: 0.00012870588805526494  Test abs boundary: 5.387120574596338e-05  Time: 3.9139476609416306
Epoch: 265  Train rel: 0.010025945767760277  Test rel: 0.01831920087337494  Test abs: 0.0001244728485471569  Test abs boundary: 5.049130617408082e-05  Time: 3.9063444323837757
Epoch: 266  Train rel: 0.010012764237821102  Test rel: 0.018115115836262703  Test abs: 0.0001227329281391576  Test abs boundary: 4.9319010431645436e-05  Time: 3.9178680619224906
Epoch: 267  Train rel: 0.009893293775618076  Test rel: 0.01802004560828209  Test abs: 0.00012230745749548078  Test abs boundary: 5.1948769250884655e-05  Time: 3.9107144200243056
Epoch: 268  Train rel: 0.009933988377451897  Test rel: 0.018599291108548643  Test abs: 0.0001265786780277267  Test abs boundary: 5.165041278814897e-05  Time: 3.91881912201643
Epoch: 269  Train rel: 0.010771618150174618  Test rel: 0.019110550917685033  Test abs: 0.0001301190967205912  Test abs boundary: 5.565311526879668e-05  Time: 3.910306181758642
Epoch: 270  Train rel: 0.009950342819094658  Test rel: 0.01808284968137741  Test abs: 0.00012290697457501665  Test abs boundary: 5.3414978319779037e-05  Time: 3.9060857971198857
Epoch: 271  Train rel: 0.009702968977391719  Test rel: 0.018198185525834562  Test abs: 0.0001232654578052461  Test abs boundary: 6.494445959106088e-05  Time: 3.905517725273967
Epoch: 272  Train rel: 0.009988013803958893  Test rel: 0.018199781067669393  Test abs: 0.00012347036972641944  Test abs boundary: 4.938818863593042e-05  Time: 3.9122949629090726
Epoch: 273  Train rel: 0.009556265197694301  Test rel: 0.01797537226229906  Test abs: 0.00012196114228572696  Test abs boundary: 4.945682172547095e-05  Time: 3.920757884159684
Epoch: 274  Train rel: 0.009466562956571578  Test rel: 0.01809498615562916  Test abs: 0.00012284698575967923  Test abs boundary: 4.9634831520961596e-05  Time: 3.9068348361179233
Epoch: 275  Train rel: 0.010274507351219654  Test rel: 0.018673333078622817  Test abs: 0.0001267564471345395  Test abs boundary: 5.148876472958364e-05  Time: 3.9036682290025055
Epoch: 276  Train rel: 0.009992412306368352  Test rel: 0.018359675295650957  Test abs: 0.00012439749028999358  Test abs boundary: 4.6503641351591794e-05  Time: 3.9016360421665013
Epoch: 277  Train rel: 0.00966008836776018  Test rel: 0.018488128930330278  Test abs: 0.00012539217656012624  Test abs boundary: 5.172215882339515e-05  Time: 3.90469285286963
Epoch: 278  Train rel: 0.00970285264402628  Test rel: 0.01815071899443865  Test abs: 0.00012331961799645795  Test abs boundary: 6.570539029780775e-05  Time: 3.9201591070741415
Epoch: 279  Train rel: 0.009430098384618758  Test rel: 0.01840040374547243  Test abs: 0.00012519282638095319  Test abs boundary: 5.00489110709168e-05  Time: 3.919398805592209
Epoch: 280  Train rel: 0.009710144981741905  Test rel: 0.018018912859261035  Test abs: 0.00012237198243383318  Test abs boundary: 4.697180222137831e-05  Time: 3.9328804668039083
Epoch: 281  Train rel: 0.009372766882181168  Test rel: 0.018247121125459672  Test abs: 0.0001240980820148252  Test abs boundary: 4.623892775271088e-05  Time: 3.932178220245987
Epoch: 282  Train rel: 0.009445996880531311  Test rel: 0.018308132141828536  Test abs: 0.00012443873973097652  Test abs boundary: 5.0307680357946086e-05  Time: 3.9290853329002857
Epoch: 283  Train rel: 0.009281126014888287  Test rel: 0.01812422998249531  Test abs: 0.00012302787014050408  Test abs boundary: 5.7677788281580436e-05  Time: 3.9110444579273462
Epoch: 284  Train rel: 0.00908304987102747  Test rel: 0.01879317983984947  Test abs: 0.00012715923629002645  Test abs boundary: 4.974832656444051e-05  Time: 3.9058456677012146
Epoch: 285  Train rel: 0.00954644725471735  Test rel: 0.018443499282002448  Test abs: 0.00012562419957248494  Test abs boundary: 5.639206152409315e-05  Time: 3.9027706808410585
Epoch: 286  Train rel: 0.009527182213962078  Test rel: 0.018141610808670522  Test abs: 0.0001230785870575346  Test abs boundary: 5.208533722907305e-05  Time: 3.9051801091991365
Epoch: 287  Train rel: 0.009474002391099929  Test rel: 0.018021378219127655  Test abs: 0.00012214174901600927  Test abs boundary: 5.5925334163475784e-05  Time: 3.9032982429489493
Epoch: 288  Train rel: 0.009532259941101075  Test rel: 0.018354252725839616  Test abs: 0.00012441766943084077  Test abs boundary: 5.58515774901025e-05  Time: 3.9013695982284844
Epoch: 289  Train rel: 0.00925922154635191  Test rel: 0.01804919619113207  Test abs: 0.0001225302295642905  Test abs boundary: 4.621731597580947e-05  Time: 3.9006382622756064
Epoch: 290  Train rel: 0.009204762227833271  Test rel: 0.01804337315261364  Test abs: 0.00012223918543895706  Test abs boundary: 4.546075477264821e-05  Time: 3.9051937982439995
Epoch: 291  Train rel: 0.009377584766596555  Test rel: 0.019218052849173547  Test abs: 0.0001299403954180889  Test abs boundary: 8.461006713332608e-05  Time: 3.9040168933570385
Epoch: 292  Train rel: 0.009645958125591278  Test rel: 0.01812314249575138  Test abs: 0.00012283140909858048  Test abs boundary: 5.1445311692077665e-05  Time: 3.9051514980383217
Epoch: 293  Train rel: 0.00901459651440382  Test rel: 0.018011351339519022  Test abs: 0.0001221187849296257  Test abs boundary: 4.925620392896235e-05  Time: 3.9012075727805495
Epoch: 294  Train rel: 0.009102333035320044  Test rel: 0.018408759459853173  Test abs: 0.00012489462009398266  Test abs boundary: 5.1730548875639215e-05  Time: 3.899799361359328
Epoch: 295  Train rel: 0.00914879074320197  Test rel: 0.017962319813668727  Test abs: 0.00012213973648613318  Test abs boundary: 4.8750791902421044e-05  Time: 3.8992776991799474
Epoch: 296  Train rel: 0.008927141662687063  Test rel: 0.01818349163979292  Test abs: 0.00012366690614726395  Test abs boundary: 4.757284899824299e-05  Time: 3.909339226782322
Epoch: 297  Train rel: 0.008812387268990278  Test rel: 0.017983616031706333  Test abs: 0.0001219622665666975  Test abs boundary: 5.1617077406262976e-05  Time: 3.898818421177566
Epoch: 298  Train rel: 0.008754473008215427  Test rel: 0.018021780289709566  Test abs: 0.0001223498221952468  Test abs boundary: 4.88749575742986e-05  Time: 3.9043324319645762
Epoch: 299  Train rel: 0.00881763856112957  Test rel: 0.017995735295116902  Test abs: 0.0001223086004029028  Test abs boundary: 5.690208199666813e-05  Time: 3.9034915352240205
Epoch: 300  Train rel: 0.009050442446023226  Test rel: 0.017950772270560265  Test abs: 0.00012187309068394824  Test abs boundary: 4.452641704119742e-05  Time: 3.903805724810809
Epoch: 301  Train rel: 0.008706148348748683  Test rel: 0.018295317813754083  Test abs: 0.00012422484200214968  Test abs boundary: 4.546880431007594e-05  Time: 3.9101730389520526
Epoch: 302  Train rel: 0.008814913738518953  Test rel: 0.017915121018886565  Test abs: 0.00012164621060946957  Test abs boundary: 4.717929972684942e-05  Time: 3.904885546769947
Epoch: 303  Train rel: 0.00876461312174797  Test rel: 0.018043308965861798  Test abs: 0.00012241105694556608  Test abs boundary: 6.539403184433468e-05  Time: 3.9047772171907127
Epoch: 304  Train rel: 0.008791747864335776  Test rel: 0.018480790182948112  Test abs: 0.0001256670377915725  Test abs boundary: 5.467588678584434e-05  Time: 3.9045120109803975
Epoch: 305  Train rel: 0.009182990621775388  Test rel: 0.017930821627378465  Test abs: 0.00012156200304161758  Test abs boundary: 5.330952713848092e-05  Time: 3.9219024619087577
Epoch: 306  Train rel: 0.009448575511574745  Test rel: 0.01820328664034605  Test abs: 0.00012326391239184887  Test abs boundary: 6.113206516602077e-05  Time: 3.9112193398177624
Epoch: 307  Train rel: 0.00937854727730155  Test rel: 0.018100494407117366  Test abs: 0.0001229302745196037  Test abs boundary: 5.555143361561932e-05  Time: 3.9140991759486496
Epoch: 308  Train rel: 0.008786241166293621  Test rel: 0.01802339494228363  Test abs: 0.00012237919872859493  Test abs boundary: 4.39257817924954e-05  Time: 3.913663466926664
Epoch: 309  Train rel: 0.008445487637072802  Test rel: 0.018164732195436954  Test abs: 0.00012368775176582858  Test abs boundary: 5.6766549678286535e-05  Time: 3.9138280488550663
Epoch: 310  Train rel: 0.00893017826601863  Test rel: 0.01851630602031946  Test abs: 0.00012539524817839265  Test abs boundary: 4.351469047833234e-05  Time: 3.9285213011316955
Epoch: 311  Train rel: 0.009401148043572902  Test rel: 0.017988726794719696  Test abs: 0.0001221920206444338  Test abs boundary: 5.360560724511742e-05  Time: 3.9186023389920592
Epoch: 312  Train rel: 0.008727649733424186  Test rel: 0.017761996686458587  Test abs: 0.00012067972857039422  Test abs boundary: 6.159958269563503e-05  Time: 3.91473944298923
Epoch: 313  Train rel: 0.008658316239714622  Test rel: 0.018259712383151053  Test abs: 0.00012422546569723636  Test abs boundary: 4.6663972316309806e-05  Time: 3.921377247199416
Epoch: 314  Train rel: 0.008744195997714997  Test rel: 0.01817207511514425  Test abs: 0.00012345028371782974  Test abs boundary: 4.812387749552727e-05  Time: 3.9255435089580715
Epoch: 315  Train rel: 0.008421023931354285  Test rel: 0.017752535417675974  Test abs: 0.00012054705788614229  Test abs boundary: 4.308568954002112e-05  Time: 3.919853664934635
Epoch: 316  Train rel: 0.00820543260499835  Test rel: 0.017822803109884263  Test abs: 0.00012101195432478562  Test abs boundary: 4.1385278600500896e-05  Time: 3.9198959348723292
Epoch: 317  Train rel: 0.008136552263051272  Test rel: 0.017743542268872262  Test abs: 0.00012026911252178252  Test abs boundary: 4.705570463556796e-05  Time: 3.920247312169522
Epoch: 318  Train rel: 0.007965310022234917  Test rel: 0.017835725769400596  Test abs: 0.0001210689591243863  Test abs boundary: 4.516162181971595e-05  Time: 3.9207850960083306
Epoch: 319  Train rel: 0.008080710347741842  Test rel: 0.017717280201613905  Test abs: 0.00012030239420710132  Test abs boundary: 4.495150540606119e-05  Time: 3.9200929095968604
Epoch: 320  Train rel: 0.008294702015817165  Test rel: 0.017842625044286253  Test abs: 0.0001209537495742552  Test abs boundary: 4.291317745810375e-05  Time: 3.9190279063768685
Epoch: 321  Train rel: 0.008117431540042162  Test rel: 0.017899263724684714  Test abs: 0.00012163166393293068  Test abs boundary: 5.4594528628513216e-05  Time: 3.9140760200098157
Epoch: 322  Train rel: 0.008067775417119265  Test rel: 0.017871511429548265  Test abs: 0.00012131878611398861  Test abs boundary: 4.496380002819933e-05  Time: 3.918034772388637
Epoch: 323  Train rel: 0.008922714825719595  Test rel: 0.01802073821425438  Test abs: 0.00012225218990352004  Test abs boundary: 4.6474932314595205e-05  Time: 3.9146749898791313
Epoch: 324  Train rel: 0.008307719580829143  Test rel: 0.017926179319620133  Test abs: 0.00012160968675743789  Test abs boundary: 5.703874121536501e-05  Time: 3.922283965628594
Epoch: 325  Train rel: 0.008066825907677412  Test rel: 0.017886363826692106  Test abs: 0.00012140163802541792  Test abs boundary: 4.416709445649758e-05  Time: 3.9141351389698684
Epoch: 326  Train rel: 0.00801003099605441  Test rel: 0.01775994699448347  Test abs: 0.00012061573594110086  Test abs boundary: 4.8145070177270097e-05  Time: 3.909471718594432
Epoch: 327  Train rel: 0.008082525886595249  Test rel: 0.01783717069774866  Test abs: 0.00012116596597479657  Test abs boundary: 4.3540818733163175e-05  Time: 3.9120318121276796
Epoch: 328  Train rel: 0.007980403739959  Test rel: 0.017644346989691258  Test abs: 0.00011995698267128319  Test abs boundary: 4.3641191150527445e-05  Time: 3.906929774209857
Epoch: 329  Train rel: 0.0078017104752361776  Test rel: 0.017737173475325108  Test abs: 0.00012046269257552922  Test abs boundary: 4.118903088965453e-05  Time: 3.91168644791469
Epoch: 330  Train rel: 0.007849664319306612  Test rel: 0.017585024386644364  Test abs: 0.00011943329154746607  Test abs boundary: 3.9583012548973786e-05  Time: 3.9100974360480905
Epoch: 331  Train rel: 0.00790144445747137  Test rel: 0.017749872356653214  Test abs: 0.00012041842768667266  Test abs boundary: 4.450308551895432e-05  Time: 3.904168713837862
Epoch: 332  Train rel: 0.007911856967955828  Test rel: 0.017824553549289704  Test abs: 0.00012106906244298443  Test abs boundary: 4.576657360303216e-05  Time: 3.9091255674138665
Epoch: 333  Train rel: 0.007731599844992161  Test rel: 0.017518403194844722  Test abs: 0.00011889413988683373  Test abs boundary: 4.484382370719686e-05  Time: 3.9053931799717247
Epoch: 334  Train rel: 0.007686768066138029  Test rel: 0.01769884433597326  Test abs: 0.00012026334909023717  Test abs boundary: 5.20690213306807e-05  Time: 3.9037057673558593
Epoch: 335  Train rel: 0.007779836252331734  Test rel: 0.017743560932576657  Test abs: 0.00012036125495797023  Test abs boundary: 4.080802929820493e-05  Time: 3.9044269346632063
Epoch: 336  Train rel: 0.007637441650032997  Test rel: 0.017578557394444944  Test abs: 0.00011944064375711605  Test abs boundary: 4.184919031104073e-05  Time: 3.9060720736160874
Epoch: 337  Train rel: 0.007574223283678293  Test rel: 0.017494997568428518  Test abs: 0.00011871761875227093  Test abs boundary: 4.6471868263324726e-05  Time: 3.9033839288167655
Epoch: 338  Train rel: 0.007506528571248054  Test rel: 0.01765820264816284  Test abs: 0.00011979709903243929  Test abs boundary: 4.4880002678837624e-05  Time: 3.9138120212592185
Epoch: 339  Train rel: 0.007720320459455252  Test rel: 0.017651301436126234  Test abs: 0.00011986619501840323  Test abs boundary: 4.194775741780177e-05  Time: 3.8990895999595523
Epoch: 340  Train rel: 0.007644656706601381  Test rel: 0.01756297640502453  Test abs: 0.00011921428726054729  Test abs boundary: 5.9725350147346035e-05  Time: 3.9054879979230464
Epoch: 341  Train rel: 0.007780109722167253  Test rel: 0.017819581627845762  Test abs: 0.00012105122703360394  Test abs boundary: 4.048547896672972e-05  Time: 3.898482461925596
Epoch: 342  Train rel: 0.007719621561467648  Test rel: 0.01764850366860628  Test abs: 0.00011985200020717457  Test abs boundary: 4.670368813094683e-05  Time: 3.8989189038984478
Epoch: 343  Train rel: 0.00793198697641492  Test rel: 0.01764668766409159  Test abs: 0.00011970997671596706  Test abs boundary: 4.3659350194502625e-05  Time: 3.9086837070062757
Epoch: 344  Train rel: 0.007857683274894953  Test rel: 0.01746177561581135  Test abs: 0.00011850079346913844  Test abs boundary: 4.370297392597422e-05  Time: 3.896399486809969
Epoch: 345  Train rel: 0.007382163561880589  Test rel: 0.01752279881387949  Test abs: 0.00011895899253431707  Test abs boundary: 4.329514020355418e-05  Time: 3.901072022970766
Epoch: 346  Train rel: 0.007332102049142122  Test rel: 0.017645726464688778  Test abs: 0.0001197496711392887  Test abs boundary: 4.119449862628244e-05  Time: 3.904436244163662
Epoch: 347  Train rel: 0.007285360414534807  Test rel: 0.017630431875586508  Test abs: 0.00011957732698647305  Test abs boundary: 5.814140458824113e-05  Time: 3.9048723690211773
Epoch: 348  Train rel: 0.007594182521104813  Test rel: 0.0177505411952734  Test abs: 0.0001205913964076899  Test abs boundary: 4.028107694466598e-05  Time: 3.910334828775376
Epoch: 349  Train rel: 0.007476731617003679  Test rel: 0.017756085731089114  Test abs: 0.00012066452094586566  Test abs boundary: 4.5919827389298004e-05  Time: 3.9040119922719896
Epoch: 350  Train rel: 0.00746966740489006  Test rel: 0.01754171319305897  Test abs: 0.00011918871226953343  Test abs boundary: 4.2754654423333704e-05  Time: 3.9094620142132044
Epoch: 351  Train rel: 0.007226698003709316  Test rel: 0.017616838812828065  Test abs: 0.00011965069570578635  Test abs boundary: 3.990154058556073e-05  Time: 3.908615605905652
Epoch: 352  Train rel: 0.007363684978336096  Test rel: 0.017667995169758796  Test abs: 0.00012003074079984799  Test abs boundary: 5.141216272022575e-05  Time: 3.9136728942394257
Epoch: 353  Train rel: 0.007399587910622358  Test rel: 0.017615838274359703  Test abs: 0.00011959337804000825  Test abs boundary: 4.259681853000075e-05  Time: 3.915674556978047
Epoch: 354  Train rel: 0.007254098229110241  Test rel: 0.017533920519053937  Test abs: 0.000119198351749219  Test abs boundary: 4.6140034828567875e-05  Time: 3.9113896191120148
Epoch: 355  Train rel: 0.0071192275546491145  Test rel: 0.017739882580935954  Test abs: 0.00012056884035700932  Test abs boundary: 3.9609482628293334e-05  Time: 3.916153810918331
Epoch: 356  Train rel: 0.00705337542667985  Test rel: 0.017362819351255894  Test abs: 0.00011789473908720538  Test abs boundary: 4.621243555448018e-05  Time: 3.915694586932659
Epoch: 357  Train rel: 0.007043366625905037  Test rel: 0.017453167475759982  Test abs: 0.0001184517057845369  Test abs boundary: 3.968127624830231e-05  Time: 3.920518191996962
Epoch: 358  Train rel: 0.00709321104362607  Test rel: 0.017753202505409717  Test abs: 0.00012072448735125362  Test abs boundary: 5.53493550978601e-05  Time: 3.9229481485672295
Epoch: 359  Train rel: 0.00718968690559268  Test rel: 0.017604521289467812  Test abs: 0.00011948978673899546  Test abs boundary: 4.6856389817548914e-05  Time: 3.921945760026574
Epoch: 360  Train rel: 0.007247632686048746  Test rel: 0.017562902718782424  Test abs: 0.00011906482075573876  Test abs boundary: 4.195170637103729e-05  Time: 3.9235888589173555
Epoch: 361  Train rel: 0.007026186421513558  Test rel: 0.0175121545791626  Test abs: 0.00011896456097019836  Test abs boundary: 4.26535151200369e-05  Time: 3.924353701993823
Epoch: 362  Train rel: 0.00687219724431634  Test rel: 0.0175008312985301  Test abs: 0.00011881170416017994  Test abs boundary: 4.9072276306105776e-05  Time: 3.9322056933306158
Epoch: 363  Train rel: 0.006945905618369579  Test rel: 0.01744186669588089  Test abs: 0.00011836473568109796  Test abs boundary: 3.951262740883976e-05  Time: 3.9246192849241197
Epoch: 364  Train rel: 0.006993612725287676  Test rel: 0.01738560017198324  Test abs: 0.00011804505775216966  Test abs boundary: 4.0478075097780677e-05  Time: 3.9219918460585177
Epoch: 365  Train rel: 0.006872869592159986  Test rel: 0.01742085091769695  Test abs: 0.0001182325481204316  Test abs boundary: 4.6033742837607864e-05  Time: 3.9156031790189445
Epoch: 366  Train rel: 0.006760688707232476  Test rel: 0.017406712733209134  Test abs: 0.00011826056201243774  Test abs boundary: 3.8991581823211165e-05  Time: 3.909363684244454
Epoch: 367  Train rel: 0.00687220087274909  Test rel: 0.017888658121228217  Test abs: 0.00012116895144572482  Test abs boundary: 3.9740870415698734e-05  Time: 3.895412455778569
Epoch: 368  Train rel: 0.0071797663159668445  Test rel: 0.017413646653294562  Test abs: 0.0001182443491416052  Test abs boundary: 3.8509042351506654e-05  Time: 3.8932581460103393
Epoch: 369  Train rel: 0.0068783160783350466  Test rel: 0.017475227378308773  Test abs: 0.00011878624558448791  Test abs boundary: 4.456296912394464e-05  Time: 3.887337130960077
Epoch: 370  Train rel: 0.0067704286649823186  Test rel: 0.017304843813180922  Test abs: 0.00011751684825867415  Test abs boundary: 4.109290603082627e-05  Time: 3.8781110742129385
Epoch: 371  Train rel: 0.006703542239964009  Test rel: 0.017516437880694867  Test abs: 0.00011878945981152355  Test abs boundary: 5.0427577371010557e-05  Time: 3.877803253941238
Epoch: 372  Train rel: 0.006694631543010473  Test rel: 0.017422301955521108  Test abs: 0.0001182854940998368  Test abs boundary: 3.870044733048417e-05  Time: 3.874747392255813
Epoch: 373  Train rel: 0.006768495265394449  Test rel: 0.01742459997534752  Test abs: 0.00011839839979074895  Test abs boundary: 4.671688744565472e-05  Time: 3.8731501372531056
Epoch: 374  Train rel: 0.006706320151686668  Test rel: 0.01748855970799923  Test abs: 0.00011881184298545122  Test abs boundary: 4.1133993508992713e-05  Time: 3.8732087118551135
Epoch: 375  Train rel: 0.006572985805571079  Test rel: 0.017419958114624025  Test abs: 0.00011832949152449146  Test abs boundary: 4.4749567314283924e-05  Time: 3.8759612068533897
Epoch: 376  Train rel: 0.006563582852482795  Test rel: 0.01740113481879234  Test abs: 0.00011816275189630688  Test abs boundary: 3.776943965931423e-05  Time: 3.8852320606820285
Epoch: 377  Train rel: 0.0065740390233695505  Test rel: 0.017333313301205636  Test abs: 0.0001176787435542792  Test abs boundary: 4.048837334266864e-05  Time: 3.886875927913934
Epoch: 378  Train rel: 0.00655557320266962  Test rel: 0.01743814706802368  Test abs: 0.00011835697892820463  Test abs boundary: 4.09707086510025e-05  Time: 3.89184856088832
Epoch: 379  Train rel: 0.006551141306757927  Test rel: 0.01739208586513996  Test abs: 0.00011797781917266548  Test abs boundary: 3.867299965349957e-05  Time: 3.8909716811031103
Epoch: 380  Train rel: 0.006581564571708441  Test rel: 0.01739270456135273  Test abs: 0.00011812661890871823  Test abs boundary: 4.2507006583036855e-05  Time: 3.9074382768012583
Epoch: 381  Train rel: 0.006545384518802166  Test rel: 0.01735259149223566  Test abs: 0.00011783912108512596  Test abs boundary: 4.3206157133681696e-05  Time: 3.9088563569821417
Epoch: 382  Train rel: 0.006518252849578857  Test rel: 0.01748675584793091  Test abs: 0.00011870498914504424  Test abs boundary: 4.455894420971163e-05  Time: 3.9225553330034018
Epoch: 383  Train rel: 0.006411267675459385  Test rel: 0.017302901782095433  Test abs: 0.00011748983291909098  Test abs boundary: 3.9226319786394014e-05  Time: 3.9264917289838195
Epoch: 384  Train rel: 0.006371943887323141  Test rel: 0.01730557356029749  Test abs: 0.00011742963833967223  Test abs boundary: 3.7300128897186367e-05  Time: 3.933507059700787
Epoch: 385  Train rel: 0.006375535875558853  Test rel: 0.017415777444839478  Test abs: 0.00011827016249299049  Test abs boundary: 3.9594488480361176e-05  Time: 3.945514844264835
Epoch: 386  Train rel: 0.006463431373238564  Test rel: 0.01743450786918402  Test abs: 0.00011834971490316094  Test abs boundary: 3.8194276130525394e-05  Time: 3.947566165123135
Epoch: 387  Train rel: 0.00654418995976448  Test rel: 0.017461846098303795  Test abs: 0.00011866088170791045  Test abs boundary: 4.224152653478086e-05  Time: 3.9453695230185986
Epoch: 388  Train rel: 0.006478730171918869  Test rel: 0.01736926071345806  Test abs: 0.00011789192736614495  Test abs boundary: 3.742759727174416e-05  Time: 3.9327812949195504
Epoch: 389  Train rel: 0.006268656857311726  Test rel: 0.017391287088394165  Test abs: 0.00011810315394541249  Test abs boundary: 4.182990815024823e-05  Time: 3.9121378120034933
Epoch: 390  Train rel: 0.006210059981793165  Test rel: 0.017451339699327946  Test abs: 0.00011860992148285732  Test abs boundary: 4.194163979263976e-05  Time: 3.9032022110186517
Epoch: 391  Train rel: 0.006222070377320052  Test rel: 0.017398938685655594  Test abs: 0.00011815783102065325  Test abs boundary: 3.709077878738754e-05  Time: 3.8847858677618206
Epoch: 392  Train rel: 0.006393077194690704  Test rel: 0.01763591796159744  Test abs: 0.00011989419610472396  Test abs boundary: 3.786840010434389e-05  Time: 3.887707794085145
Epoch: 393  Train rel: 0.006335057158023119  Test rel: 0.01736040085554123  Test abs: 0.00011786093993578106  Test abs boundary: 3.9857147494331e-05  Time: 3.8792553269304335
Epoch: 394  Train rel: 0.006282529354095459  Test rel: 0.01738261602818966  Test abs: 0.00011808444047346711  Test abs boundary: 3.957021996029653e-05  Time: 3.8774445741437376
Epoch: 395  Train rel: 0.0061880329474806785  Test rel: 0.01736399970948696  Test abs: 0.00011790973250754178  Test abs boundary: 3.989773598732427e-05  Time: 3.8594060740433633
Epoch: 396  Train rel: 0.006139933086931705  Test rel: 0.017289748713374138  Test abs: 0.0001173158476012759  Test abs boundary: 3.8862927176523954e-05  Time: 3.8592177969403565
Epoch: 397  Train rel: 0.006103423021733761  Test rel: 0.01732685908675194  Test abs: 0.00011765782081056386  Test abs boundary: 3.640892275143415e-05  Time: 3.8548558983020484
Epoch: 398  Train rel: 0.00611229606717825  Test rel: 0.017320859245955944  Test abs: 0.00011764244613004848  Test abs boundary: 4.1966375865740703e-05  Time: 3.853749110829085
Epoch: 399  Train rel: 0.006059204690158367  Test rel: 0.017300949543714524  Test abs: 0.00011741885595256462  Test abs boundary: 3.6799944937229156e-05  Time: 3.859427217859775
Epoch: 400  Train rel: 0.006088886998593807  Test rel: 0.017354483641684057  Test abs: 0.00011781317385612056  Test abs boundary: 3.6931130889570344e-05  Time: 3.8551153200678527
Epoch: 401  Train rel: 0.006033810991793871  Test rel: 0.017290722094476223  Test abs: 0.0001173243875382468  Test abs boundary: 3.78058195929043e-05  Time: 3.856011364143342
Epoch: 402  Train rel: 0.006017956987023353  Test rel: 0.017310439199209212  Test abs: 0.00011752442514989525  Test abs boundary: 3.853705697110854e-05  Time: 3.8542606960982084
Epoch: 403  Train rel: 0.006008229244500399  Test rel: 0.0173165962100029  Test abs: 0.0001176020727143623  Test abs boundary: 3.6978844145778564e-05  Time: 3.855340358335525
Epoch: 404  Train rel: 0.005999640092253685  Test rel: 0.01728210475295782  Test abs: 0.00011727766133844852  Test abs boundary: 3.690719022415578e-05  Time: 3.8645184100605547
Epoch: 405  Train rel: 0.006005993861705064  Test rel: 0.01735289391130209  Test abs: 0.00011780742264818401  Test abs boundary: 3.825555468210951e-05  Time: 3.856881108134985
Epoch: 406  Train rel: 0.005991038091480732  Test rel: 0.01728154771029949  Test abs: 0.00011730188096407801  Test abs boundary: 3.9405124553013594e-05  Time: 3.8595060650259256
Epoch: 407  Train rel: 0.005960186831653118  Test rel: 0.01730540655553341  Test abs: 0.00011748309421818703  Test abs boundary: 3.7624350370606406e-05  Time: 3.860567878000438
Epoch: 408  Train rel: 0.005901925805956125  Test rel: 0.017278504148125647  Test abs: 0.00011724506184691563  Test abs boundary: 3.714652979397215e-05  Time: 3.858484390191734
Epoch: 409  Train rel: 0.005869950998574495  Test rel: 0.017316637448966502  Test abs: 0.00011754000559449195  Test abs boundary: 3.9411688194377346e-05  Time: 3.867163212969899
Epoch: 410  Train rel: 0.005921773236244917  Test rel: 0.017255868203938006  Test abs: 0.00011713520158082246  Test abs boundary: 3.6511224025161936e-05  Time: 3.868124977685511
Epoch: 411  Train rel: 0.005960114516317844  Test rel: 0.017354062050580977  Test abs: 0.00011774430138757453  Test abs boundary: 3.997812993475236e-05  Time: 3.8734484068118036
Epoch: 412  Train rel: 0.005953807760030031  Test rel: 0.017299061417579652  Test abs: 0.00011746206495445221  Test abs boundary: 3.8019693456590175e-05  Time: 3.8766107726842165
Epoch: 413  Train rel: 0.005913219306617975  Test rel: 0.017348930053412915  Test abs: 0.00011783505789935588  Test abs boundary: 3.9755758625688034e-05  Time: 3.8839139393530786
Epoch: 414  Train rel: 0.0058454727940261365  Test rel: 0.01733099903911352  Test abs: 0.00011763981776311993  Test abs boundary: 3.884126097545959e-05  Time: 3.885094856377691
Epoch: 415  Train rel: 0.005791719481348992  Test rel: 0.01729352418333292  Test abs: 0.00011736861459212378  Test abs boundary: 3.596485432353802e-05  Time: 3.887361954431981
Epoch: 416  Train rel: 0.0058456345573067664  Test rel: 0.01731815844774246  Test abs: 0.00011755826068110764  Test abs boundary: 4.122523416299373e-05  Time: 3.8878819411620498
Epoch: 417  Train rel: 0.005832293786108494  Test rel: 0.017329593412578104  Test abs: 0.00011761811096221209  Test abs boundary: 3.608046739827841e-05  Time: 3.8956337440758944
Epoch: 418  Train rel: 0.005824414368718863  Test rel: 0.01732951644808054  Test abs: 0.00011764582712203264  Test abs boundary: 3.9711581339361144e-05  Time: 3.898723252117634
Epoch: 419  Train rel: 0.005756294455379248  Test rel: 0.01725217927247286  Test abs: 0.00011710088059771806  Test abs boundary: 4.052640681038611e-05  Time: 3.895609945990145
Epoch: 420  Train rel: 0.005740738674998283  Test rel: 0.0172522833943367  Test abs: 0.00011711925733834505  Test abs boundary: 3.617892769398168e-05  Time: 3.8988049258477986
Epoch: 421  Train rel: 0.005712618455290795  Test rel: 0.01722845692187548  Test abs: 0.00011692224827129393  Test abs boundary: 3.566602630598936e-05  Time: 3.902935571037233
Epoch: 422  Train rel: 0.005684225406497717  Test rel: 0.017227957472205162  Test abs: 0.00011690660438034683  Test abs boundary: 3.6090518115088344e-05  Time: 3.9105557617731392
Epoch: 423  Train rel: 0.005652507644146681  Test rel: 0.017252312079071998  Test abs: 0.00011710594204487278  Test abs boundary: 3.537512573529966e-05  Time: 3.9179873657412827
Epoch: 424  Train rel: 0.005653405785560608  Test rel: 0.01721961185336113  Test abs: 0.00011689533333992585  Test abs boundary: 3.674694075016305e-05  Time: 3.9189467150717974
Epoch: 425  Train rel: 0.005638274841010571  Test rel: 0.017272761911153792  Test abs: 0.00011723033530870452  Test abs boundary: 3.846440769848414e-05  Time: 3.917176233138889
Epoch: 426  Train rel: 0.005627145625650883  Test rel: 0.017225186489522457  Test abs: 0.00011689182894770056  Test abs boundary: 3.723198955412954e-05  Time: 3.920058924239129
Epoch: 427  Train rel: 0.005613565806299448  Test rel: 0.01725488804280758  Test abs: 0.00011712266859831288  Test abs boundary: 3.9566180639667436e-05  Time: 3.9224082375876606
Epoch: 428  Train rel: 0.00559589771181345  Test rel: 0.01723391726613045  Test abs: 0.0001169921932159923  Test abs boundary: 3.556308438419364e-05  Time: 3.92867200775072
Epoch: 429  Train rel: 0.005619491301476955  Test rel: 0.01721416037529707  Test abs: 0.00011686071840813383  Test abs boundary: 3.581345124985091e-05  Time: 3.922617604956031
Epoch: 430  Train rel: 0.005602616954594851  Test rel: 0.017232537232339383  Test abs: 0.00011692187254084275  Test abs boundary: 3.547514097590465e-05  Time: 3.9241052023135126
Epoch: 431  Train rel: 0.00562521418556571  Test rel: 0.017264326997101308  Test abs: 0.00011718479014234617  Test abs boundary: 3.570540371583775e-05  Time: 3.917625091969967
Epoch: 432  Train rel: 0.005570560153573751  Test rel: 0.017240166030824185  Test abs: 0.00011699873022735118  Test abs boundary: 3.723325760802254e-05  Time: 3.916431969963014
Epoch: 433  Train rel: 0.0055482516810297965  Test rel: 0.017233673222362994  Test abs: 0.00011698163318214938  Test abs boundary: 3.6552105302689594e-05  Time: 3.9061638019047678
Epoch: 434  Train rel: 0.005551387712359428  Test rel: 0.017238599248230457  Test abs: 0.00011694685759721324  Test abs boundary: 3.550067027390469e-05  Time: 3.8980386406183243
Epoch: 435  Train rel: 0.005559836640954018  Test rel: 0.017234749794006347  Test abs: 0.00011696893197949975  Test abs boundary: 3.4896937359008005e-05  Time: 3.8878806550055742
Epoch: 436  Train rel: 0.005526309620589018  Test rel: 0.017245820462703704  Test abs: 0.00011707671248586848  Test abs boundary: 3.647445919341408e-05  Time: 3.887602946255356
Epoch: 437  Train rel: 0.005511872977018356  Test rel: 0.01723431169986725  Test abs: 0.00011697428330080584  Test abs boundary: 3.56181768438546e-05  Time: 3.8914156639948487
Epoch: 438  Train rel: 0.005501780357211828  Test rel: 0.017251539304852487  Test abs: 0.00011711513099726289  Test abs boundary: 3.520627891703043e-05  Time: 3.8881456637755036
Epoch: 439  Train rel: 0.0055055562108755115  Test rel: 0.01722865030169487  Test abs: 0.00011693430511513725  Test abs boundary: 3.611677544540726e-05  Time: 3.87673393310979
Epoch: 440  Train rel: 0.005476797621697187  Test rel: 0.01724256422370672  Test abs: 0.00011702369170961902  Test abs boundary: 3.583861354854889e-05  Time: 3.8734128600917757
Epoch: 441  Train rel: 0.0054716021865606305  Test rel: 0.01722593877464533  Test abs: 0.00011685393372317776  Test abs boundary: 3.541912396030966e-05  Time: 3.8729958538897336
Epoch: 442  Train rel: 0.005458063345402479  Test rel: 0.017215433157980443  Test abs: 0.00011682970449328423  Test abs boundary: 3.566166735254228e-05  Time: 3.879285757895559
Epoch: 443  Train rel: 0.005447074837982654  Test rel: 0.017222738228738307  Test abs: 0.00011686685349559411  Test abs boundary: 3.528766668750905e-05  Time: 3.8728389739990234
Epoch: 444  Train rel: 0.005457026321440935  Test rel: 0.017221401296555996  Test abs: 0.0001168636666261591  Test abs boundary: 3.700152854435146e-05  Time: 3.8748773760162294
Epoch: 445  Train rel: 0.005443934995681047  Test rel: 0.01723158247768879  Test abs: 0.00011694432672811673  Test abs boundary: 3.5509305744199084e-05  Time: 3.871640000026673
Epoch: 446  Train rel: 0.00542554422840476  Test rel: 0.017235996648669243  Test abs: 0.00011700585193466395  Test abs boundary: 3.5007825354114174e-05  Time: 3.888594179879874
Epoch: 447  Train rel: 0.00540875343978405  Test rel: 0.017217025570571424  Test abs: 0.00011682572367135435  Test abs boundary: 3.5313011467223986e-05  Time: 3.8772453125566244
Epoch: 448  Train rel: 0.005410556741058827  Test rel: 0.017276058420538903  Test abs: 0.0001172589065390639  Test abs boundary: 3.580365650122985e-05  Time: 3.874533539172262
Epoch: 449  Train rel: 0.0053994512557983395  Test rel: 0.017201668210327627  Test abs: 0.00011675456538796424  Test abs boundary: 3.519420584780164e-05  Time: 3.877995708025992
Epoch: 450  Train rel: 0.005380775135010481  Test rel: 0.017225203104317188  Test abs: 0.00011690418468788267  Test abs boundary: 3.49853110674303e-05  Time: 3.88469571294263
Epoch: 451  Train rel: 0.005369110055267811  Test rel: 0.017230059653520584  Test abs: 0.00011693450273014605  Test abs boundary: 3.591163651435636e-05  Time: 3.885706431232393
Epoch: 452  Train rel: 0.005363681059330702  Test rel: 0.017234463691711426  Test abs: 0.00011695922556100414  Test abs boundary: 3.438349478528835e-05  Time: 3.8933763201348484
Epoch: 453  Train rel: 0.005356246303766966  Test rel: 0.017225031405687333  Test abs: 0.00011686158191878348  Test abs boundary: 3.537577482347842e-05  Time: 3.8857277669012547
Epoch: 454  Train rel: 0.005350938450545072  Test rel: 0.017226632796227933  Test abs: 0.00011690077342791483  Test abs boundary: 3.555275150574744e-05  Time: 3.8953827251680195
Epoch: 455  Train rel: 0.005344565834850073  Test rel: 0.017225953713059426  Test abs: 0.00011690292012644932  Test abs boundary: 3.461756758042611e-05  Time: 3.8835404398851097
Epoch: 456  Train rel: 0.005332716602832079  Test rel: 0.01722852896898985  Test abs: 0.00011692939675413072  Test abs boundary: 3.463036955508869e-05  Time: 3.89682907005772
Epoch: 457  Train rel: 0.005332993276417256  Test rel: 0.01723373644053936  Test abs: 0.0001169808252598159  Test abs boundary: 3.5183983854949474e-05  Time: 3.8895608680322766
Epoch: 458  Train rel: 0.005319352321326733  Test rel: 0.017216679565608503  Test abs: 0.00011683997203363106  Test abs boundary: 3.4479925670893866e-05  Time: 3.8915623230859637
Epoch: 459  Train rel: 0.005308214597404003  Test rel: 0.0172203978151083  Test abs: 0.00011687092075590044  Test abs boundary: 3.4198216526419855e-05  Time: 3.89189332164824
Epoch: 460  Train rel: 0.005305403023958206  Test rel: 0.017231507413089275  Test abs: 0.00011694229382555932  Test abs boundary: 3.601801094191615e-05  Time: 3.904052852652967
Epoch: 461  Train rel: 0.005302847523242235  Test rel: 0.017216743491590022  Test abs: 0.00011682870856020599  Test abs boundary: 3.5009553248528394e-05  Time: 3.9011151450686157
Epoch: 462  Train rel: 0.005299583021551371  Test rel: 0.017217870727181436  Test abs: 0.0001168468696414493  Test abs boundary: 3.484296481474303e-05  Time: 3.9126095538958907
Epoch: 463  Train rel: 0.005290162213146686  Test rel: 0.017230400666594505  Test abs: 0.00011694300541421398  Test abs boundary: 3.4251705583301375e-05  Time: 3.909487470984459
Epoch: 464  Train rel: 0.0052892865613102915  Test rel: 0.017219372019171716  Test abs: 0.00011685117351589724  Test abs boundary: 3.423991016461514e-05  Time: 3.9107040129601955
Epoch: 465  Train rel: 0.005279381603002549  Test rel: 0.017215989381074905  Test abs: 0.00011682111158734188  Test abs boundary: 3.4302330750506374e-05  Time: 3.9121047290973365
Epoch: 466  Train rel: 0.005270041670650244  Test rel: 0.01721948441118002  Test abs: 0.00011684904078720138  Test abs boundary: 3.491944524284918e-05  Time: 3.9102512942627072
Epoch: 467  Train rel: 0.00527010478451848  Test rel: 0.017209159657359124  Test abs: 0.00011677665985189378  Test abs boundary: 3.4047870722133664e-05  Time: 3.9169231420382857
Epoch: 468  Train rel: 0.005258088927716017  Test rel: 0.01721768844872713  Test abs: 0.00011683339747833089  Test abs boundary: 3.436805141973309e-05  Time: 3.9148358539678156
Epoch: 469  Train rel: 0.005257644269615412  Test rel: 0.017205488048493863  Test abs: 0.00011674840439809486  Test abs boundary: 3.483453816443216e-05  Time: 3.9185456512495875
Epoch: 470  Train rel: 0.005252028934657573  Test rel: 0.01723635595291853  Test abs: 0.00011699712864356115  Test abs boundary: 3.5355066283955236e-05  Time: 3.928592635784298
Epoch: 471  Train rel: 0.005249839968979359  Test rel: 0.017218435741961004  Test abs: 0.00011684675730066373  Test abs boundary: 3.453156190516893e-05  Time: 3.9260453251190484
Epoch: 472  Train rel: 0.005245397478342057  Test rel: 0.01721534237265587  Test abs: 0.00011683040269417688  Test abs boundary: 3.467253060080111e-05  Time: 3.9257220551371574
Epoch: 473  Train rel: 0.005237465377897024  Test rel: 0.017205971702933313  Test abs: 0.00011674692417727783  Test abs boundary: 3.52134027343709e-05  Time: 3.9202218940481544
Epoch: 474  Train rel: 0.005232708312571049  Test rel: 0.017219578735530375  Test abs: 0.00011686737765558064  Test abs boundary: 3.524157451465726e-05  Time: 3.9194666598923504
Epoch: 475  Train rel: 0.005229334093630314  Test rel: 0.01721936050802469  Test abs: 0.00011684186814818531  Test abs boundary: 3.4231398094561884e-05  Time: 3.9194311308674514
Epoch: 476  Train rel: 0.005225962586700916  Test rel: 0.017220542952418327  Test abs: 0.00011686204408761113  Test abs boundary: 3.414741302549373e-05  Time: 3.916498893406242
Epoch: 477  Train rel: 0.005222208950668573  Test rel: 0.017219656631350517  Test abs: 0.00011686461948556826  Test abs boundary: 3.4001441017608156e-05  Time: 3.912850466091186
Epoch: 478  Train rel: 0.005221124488860369  Test rel: 0.01720875907689333  Test abs: 0.00011678461654810235  Test abs boundary: 3.4593982563819735e-05  Time: 3.9098080759868026
Epoch: 479  Train rel: 0.005215276226401329  Test rel: 0.017228896096348763  Test abs: 0.00011691433319356292  Test abs boundary: 3.385138166777324e-05  Time: 3.9129732600413263
Epoch: 480  Train rel: 0.005214905757457018  Test rel: 0.01722019162029028  Test abs: 0.00011686490586725995  Test abs boundary: 3.402846348762978e-05  Time: 3.906983492895961
Epoch: 481  Train rel: 0.005210207585245371  Test rel: 0.01722592666745186  Test abs: 0.00011690160754369572  Test abs boundary: 3.429588599829003e-05  Time: 3.9029665868729353
Epoch: 482  Train rel: 0.005204369526356459  Test rel: 0.017224491499364378  Test abs: 0.00011688734462950379  Test abs boundary: 3.4012407559202985e-05  Time: 3.9024506639689207
Epoch: 483  Train rel: 0.005202511321753264  Test rel: 0.01721462417393923  Test abs: 0.00011681562871672213  Test abs boundary: 3.449431322223972e-05  Time: 3.8961058207787573
Epoch: 484  Train rel: 0.005203210484236479  Test rel: 0.017215865701436996  Test abs: 0.00011683267628541216  Test abs boundary: 3.501725565001834e-05  Time: 3.898187060840428
Epoch: 485  Train rel: 0.0051996826902031895  Test rel: 0.01721431214362383  Test abs: 0.00011680560564855113  Test abs boundary: 3.407833188248332e-05  Time: 3.895736359991133
Epoch: 486  Train rel: 0.0051958499997854235  Test rel: 0.01721368733793497  Test abs: 0.00011680684197926893  Test abs boundary: 3.4716802038019526e-05  Time: 3.900011969730258
Epoch: 487  Train rel: 0.005194436501711607  Test rel: 0.01721236690878868  Test abs: 0.0001167992313276045  Test abs boundary: 3.445310292590875e-05  Time: 3.8913802397437394
Epoch: 488  Train rel: 0.005192216094583273  Test rel: 0.01722302947193384  Test abs: 0.0001168931188294664  Test abs boundary: 3.456968435784802e-05  Time: 3.887921660207212
Epoch: 489  Train rel: 0.005189070463180542  Test rel: 0.01722212687134743  Test abs: 0.00011686523153912275  Test abs boundary: 3.396053019969259e-05  Time: 3.892970146611333
Epoch: 490  Train rel: 0.005187500569969416  Test rel: 0.017218319810926915  Test abs: 0.00011684460623655468  Test abs boundary: 3.4915775613626466e-05  Time: 3.888333829585463
Epoch: 491  Train rel: 0.00518584256991744  Test rel: 0.017219117507338524  Test abs: 0.00011685992707498372  Test abs boundary: 3.4416455746395514e-05  Time: 3.889112310949713
Epoch: 492  Train rel: 0.00518599321693182  Test rel: 0.017214177288115026  Test abs: 0.0001168071647407487  Test abs boundary: 3.441327295149676e-05  Time: 3.888401587959379
Epoch: 493  Train rel: 0.005183727715164423  Test rel: 0.01721527498215437  Test abs: 0.00011682364274747669  Test abs boundary: 3.417158215597738e-05  Time: 3.8912274930626154
Epoch: 494  Train rel: 0.005182309024035931  Test rel: 0.017213588245213032  Test abs: 0.00011680885741952806  Test abs boundary: 3.454673220403492e-05  Time: 3.8902249769307673
Epoch: 495  Train rel: 0.005181142143905163  Test rel: 0.017228841222822665  Test abs: 0.00011692287720507011  Test abs boundary: 3.427904361160472e-05  Time: 3.8882085303775966
Epoch: 496  Train rel: 0.005180614326149225  Test rel: 0.017219400219619273  Test abs: 0.00011684877274092286  Test abs boundary: 3.4355461393715815e-05  Time: 3.887347063049674
Epoch: 497  Train rel: 0.005180910799652338  Test rel: 0.017215264663100242  Test abs: 0.00011682372860377654  Test abs boundary: 3.4481015900382774e-05  Time: 3.887339576613158
Epoch: 498  Train rel: 0.005179329555481673  Test rel: 0.017216493003070356  Test abs: 0.00011683115735650063  Test abs boundary: 3.42299125622958e-05  Time: 3.9007282298989594
Epoch: 499  Train rel: 0.005178871471434832  Test rel: 0.01721517451107502  Test abs: 0.0001168295950628817  Test abs boundary: 3.419044653128367e-05  Time: 3.893425989896059
