dir now: /lustre/home/2200010870/works/NeuralOperator/GreenFunction
data_in.shape: (1324, 421, 421)
data_out.shape (1324, 421, 421)
x_train.shape:  torch.Size([1000, 44521, 3])
y_train.shape:  torch.Size([1000, 44521, 1])
Start SVD with data shape:  (1000, 44521)
Start SVD with data shape:  (1000, 44521)
##################################################
H Matrix Green Function Test for Darcy2d
--data--
L: 1.0
downsample_ratio: 2
n_train: 1000
n_test: 200
pca_include_input: False
pca_include_grid: False
--model--
fc_dim: 128
in_dim: 3
out_dim: 1
layers_dim: [128, 128, 128, 128, 128]
act: gelu
residual: [False, False, False, False]
layer_types: ['GalerkinConv', 'GalerkinConv', 'GalerkinConv', 'GalerkinConv']
GkNN_modes: [512, 512, 512, 512]
wbases_types: ['pca_in', 'fourier', 'fourier', 'pca_out']
bases_types: ['pca_in', 'fourier', 'fourier', 'pca_out']
green_types: ['HGreen', 'HGreen', 'HGreen', 'HGreen']
r_list: [1, 1, 1, 1, 1, 1]
kernel_size: 11
--train--
device: cuda
base_lr: 0.001
weight_decay: 0.0001
epochs: 500
scheduler: OneCycleLR
milestones: [200, 300, 400, 500, 800, 900]
scheduler_gamma: 0.5
batch_size: 8
normalization_x: True
normalization_y: True
normalization_dim: []
--Start Training--
number of parameters is 33665265
Epoch: 0  Train rel: 0.15426707071065904  Test rel: 0.09075937718153  Test abs: 0.0006062138127163053  Test abs boundary: 0.00033952533383853735  Time: 12.648987472988665
Epoch: 1  Train rel: 0.0664600179195404  Test rel: 0.06086127117276192  Test abs: 0.0004179445875342935  Test abs boundary: 0.0002699118171585724  Time: 11.251012029126287
Epoch: 2  Train rel: 0.04773903000354767  Test rel: 0.04934583976864815  Test abs: 0.00033681027009151875  Test abs boundary: 0.0001939746126299724  Time: 11.24473462998867
Epoch: 3  Train rel: 0.036611172765493395  Test rel: 0.034046106711030005  Test abs: 0.00023080451239366085  Test abs boundary: 0.0001247841928852722  Time: 11.243667155038565
Epoch: 4  Train rel: 0.03505260233581066  Test rel: 0.03634027577936649  Test abs: 0.00024613422632683066  Test abs boundary: 0.00010991222312441096  Time: 11.24589796597138
Epoch: 5  Train rel: 0.030971555590629578  Test rel: 0.04458578035235405  Test abs: 0.00030661037017125635  Test abs boundary: 0.00011596061842283233  Time: 11.2610751260072
Epoch: 6  Train rel: 0.028554424300789832  Test rel: 0.03003094084560871  Test abs: 0.00020328055252321063  Test abs boundary: 9.783626766875386e-05  Time: 11.225163958966732
Epoch: 7  Train rel: 0.02769924183189869  Test rel: 0.02939818412065506  Test abs: 0.00019883628643583507  Test abs boundary: 9.969641483621672e-05  Time: 11.237869873642921
Epoch: 8  Train rel: 0.026969549790024756  Test rel: 0.027463252767920495  Test abs: 0.00018577409500721842  Test abs boundary: 8.506070502335205e-05  Time: 11.279758681543171
Epoch: 9  Train rel: 0.024143078058958052  Test rel: 0.03144560366868973  Test abs: 0.00021439531177747996  Test abs boundary: 0.00012093986413674429  Time: 11.286076181102544
Epoch: 10  Train rel: 0.024603683590888978  Test rel: 0.028170746490359305  Test abs: 0.0001893899613060057  Test abs boundary: 7.560321289929562e-05  Time: 11.254896501079202
Epoch: 11  Train rel: 0.02399658314883709  Test rel: 0.02698450945317745  Test abs: 0.0001828628615476191  Test abs boundary: 7.811388844856992e-05  Time: 11.339945380110294
Epoch: 12  Train rel: 0.0216106563359499  Test rel: 0.0271711440384388  Test abs: 0.0001839704654412344  Test abs boundary: 0.00011683044809615239  Time: 11.357188066933304
Epoch: 13  Train rel: 0.021417661294341087  Test rel: 0.024236662164330482  Test abs: 0.00016389384225476533  Test abs boundary: 7.310929882805794e-05  Time: 11.367973804008216
Epoch: 14  Train rel: 0.020945693984627724  Test rel: 0.022487049996852873  Test abs: 0.00015192630235105753  Test abs boundary: 6.00398937240243e-05  Time: 11.335683504119515
Epoch: 15  Train rel: 0.021199519231915473  Test rel: 0.023765475749969484  Test abs: 0.00016048695251811296  Test abs boundary: 7.591402885736897e-05  Time: 11.35227388003841
Epoch: 16  Train rel: 0.01985840232670307  Test rel: 0.03553482361137867  Test abs: 0.00023855028208345176  Test abs boundary: 6.364162341924384e-05  Time: 11.40991950314492
Epoch: 17  Train rel: 0.020847179353237152  Test rel: 0.026243002489209175  Test abs: 0.00017852844204753636  Test abs boundary: 7.593604794237763e-05  Time: 11.374259759671986
Epoch: 18  Train rel: 0.01845238683372736  Test rel: 0.02706496424973011  Test abs: 0.00018266257364302874  Test abs boundary: 8.832578809233383e-05  Time: 11.427430586889386
Epoch: 19  Train rel: 0.019913412481546402  Test rel: 0.025963750034570694  Test abs: 0.0001756762625882402  Test abs boundary: 6.687960703857243e-05  Time: 11.411583918146789
Epoch: 20  Train rel: 0.019189999878406524  Test rel: 0.022845415994524956  Test abs: 0.00015420002397149803  Test abs boundary: 6.021761466399767e-05  Time: 11.40374463191256
Epoch: 21  Train rel: 0.018332035794854165  Test rel: 0.021344034373760222  Test abs: 0.0001434045474161394  Test abs boundary: 6.540160364238546e-05  Time: 11.36708624009043
Epoch: 22  Train rel: 0.018750549070537092  Test rel: 0.021107251569628716  Test abs: 0.00014282072457717733  Test abs boundary: 5.8140495675615966e-05  Time: 11.35450908401981
Epoch: 23  Train rel: 0.020304676324129106  Test rel: 0.023503727465867996  Test abs: 0.00015858890081290155  Test abs boundary: 6.459525626269169e-05  Time: 11.355484088882804
Epoch: 24  Train rel: 0.019513719625771045  Test rel: 0.02017690025269985  Test abs: 0.00013691028172615915  Test abs boundary: 7.061775511829182e-05  Time: 11.353625448886305
Epoch: 25  Train rel: 0.01844337213784456  Test rel: 0.02068700276315212  Test abs: 0.00013962756376713513  Test abs boundary: 5.639282331685536e-05  Time: 11.359300518408418
Epoch: 26  Train rel: 0.018701858147978784  Test rel: 0.02332821361720562  Test abs: 0.000159147959202528  Test abs boundary: 6.544354066136293e-05  Time: 11.407574343960732
Epoch: 27  Train rel: 0.019085255168378352  Test rel: 0.021963117942214012  Test abs: 0.00014844067569356412  Test abs boundary: 0.00011861534992931411  Time: 11.411916154902428
Epoch: 28  Train rel: 0.016737897761166097  Test rel: 0.024173026904463768  Test abs: 0.00016229936678428204  Test abs boundary: 5.99014620820526e-05  Time: 11.378017586655915
Epoch: 29  Train rel: 0.016819754496216775  Test rel: 0.019637041538953782  Test abs: 0.00013284052285598592  Test abs boundary: 6.432646623579785e-05  Time: 11.43601772096008
Epoch: 30  Train rel: 0.017834013774991036  Test rel: 0.022274264767766  Test abs: 0.00015121870499569922  Test abs boundary: 6.282233240199275e-05  Time: 11.433474708814174
Epoch: 31  Train rel: 0.01781802162528038  Test rel: 0.023667903691530226  Test abs: 0.00016005724493879824  Test abs boundary: 5.7025972782867026e-05  Time: 11.446059662848711
Epoch: 32  Train rel: 0.01724344389885664  Test rel: 0.019288210421800612  Test abs: 0.00013047634478425608  Test abs boundary: 5.194339944864623e-05  Time: 11.441596453078091
Epoch: 33  Train rel: 0.01769225048273802  Test rel: 0.022272838503122328  Test abs: 0.00014959791617002338  Test abs boundary: 6.51250357623212e-05  Time: 11.445415558759123
Epoch: 34  Train rel: 0.016137469507753847  Test rel: 0.021377448290586472  Test abs: 0.00014428684982704  Test abs boundary: 5.73085124779027e-05  Time: 11.425980692729354
Epoch: 35  Train rel: 0.016591619156301023  Test rel: 0.018518378026783466  Test abs: 0.00012540494644781576  Test abs boundary: 4.719173783087171e-05  Time: 11.427652108948678
Epoch: 36  Train rel: 0.017740547716617584  Test rel: 0.01926727019250393  Test abs: 0.0001302193891024217  Test abs boundary: 4.718667347333394e-05  Time: 11.414656620007008
Epoch: 37  Train rel: 0.016458861775696276  Test rel: 0.018922694437205793  Test abs: 0.0001278853154508397  Test abs boundary: 4.593842037138529e-05  Time: 11.378762003965676
Epoch: 38  Train rel: 0.016038444317877293  Test rel: 0.018483030237257482  Test abs: 0.00012512059562141075  Test abs boundary: 5.546329164644703e-05  Time: 11.380130379926413
Epoch: 39  Train rel: 0.016774031303822993  Test rel: 0.022702711671590804  Test abs: 0.0001538064383203164  Test abs boundary: 6.229042133782059e-05  Time: 11.409701485186815
Epoch: 40  Train rel: 0.017588780820369722  Test rel: 0.01992515951395035  Test abs: 0.00013472057209583  Test abs boundary: 5.3770755766890946e-05  Time: 11.375646356027573
Epoch: 41  Train rel: 0.017130545131862164  Test rel: 0.02035902000963688  Test abs: 0.0001383210049243644  Test abs boundary: 4.302593806642108e-05  Time: 11.392080759163946
Epoch: 42  Train rel: 0.01710784846544266  Test rel: 0.017644198685884474  Test abs: 0.00011915584618691356  Test abs boundary: 6.0057565424358475e-05  Time: 11.374284435994923
Epoch: 43  Train rel: 0.01603289747983217  Test rel: 0.018966551497578622  Test abs: 0.00012797741161193698  Test abs boundary: 4.8996814148267734e-05  Time: 11.413544734939933
Epoch: 44  Train rel: 0.015856469430029392  Test rel: 0.01842009637504816  Test abs: 0.00012430294853402302  Test abs boundary: 4.270131918019615e-05  Time: 11.380231484305114
Epoch: 45  Train rel: 0.017421116657555104  Test rel: 0.019365201368927956  Test abs: 0.00013182885362766683  Test abs boundary: 7.95030320296064e-05  Time: 11.375713880639523
Epoch: 46  Train rel: 0.01682669496536255  Test rel: 0.01787698410451412  Test abs: 0.0001207850020728074  Test abs boundary: 6.52160873869434e-05  Time: 11.389513863250613
Epoch: 47  Train rel: 0.01710080347955227  Test rel: 0.02419043265283108  Test abs: 0.00016479235258884728  Test abs boundary: 4.9453165993327274e-05  Time: 11.403501541353762
Epoch: 48  Train rel: 0.016656030364334582  Test rel: 0.019058903083205223  Test abs: 0.00012866086733993143  Test abs boundary: 4.4766602950403464e-05  Time: 11.400582040194422
Epoch: 49  Train rel: 0.015984914876520633  Test rel: 0.0198620143532753  Test abs: 0.0001341209647944197  Test abs boundary: 8.916240447433666e-05  Time: 11.450163621921092
Epoch: 50  Train rel: 0.018488261952996254  Test rel: 0.01913953058421612  Test abs: 0.00012936113984324038  Test abs boundary: 7.202599954325706e-05  Time: 11.415633605327457
Epoch: 51  Train rel: 0.016597535863518715  Test rel: 0.018360034041106702  Test abs: 0.00012475948518840595  Test abs boundary: 4.1935971239581704e-05  Time: 11.42114624986425
Epoch: 52  Train rel: 0.015063297502696514  Test rel: 0.018183918073773384  Test abs: 0.00012306521355640143  Test abs boundary: 4.8568284837529065e-05  Time: 11.451535584870726
Epoch: 53  Train rel: 0.015776795119047164  Test rel: 0.022320456504821777  Test abs: 0.00015090427041286603  Test abs boundary: 5.057140864664689e-05  Time: 11.416082341223955
Epoch: 54  Train rel: 0.01768225446343422  Test rel: 0.018152141459286213  Test abs: 0.00012251053616637363  Test abs boundary: 5.065921708592214e-05  Time: 11.446130645927042
Epoch: 55  Train rel: 0.01696396879851818  Test rel: 0.023763228952884675  Test abs: 0.00016031940991524608  Test abs boundary: 0.0001462227280717343  Time: 11.445097206160426
Epoch: 56  Train rel: 0.016463664367794992  Test rel: 0.018039263486862182  Test abs: 0.00012170979811344295  Test abs boundary: 5.828635519719683e-05  Time: 11.395703812595457
Epoch: 57  Train rel: 0.015666675187647344  Test rel: 0.01912977784872055  Test abs: 0.00012827308382838963  Test abs boundary: 5.9332703676773237e-05  Time: 11.426763656083494
Epoch: 58  Train rel: 0.014966504096984863  Test rel: 0.01702865619212389  Test abs: 0.00011516865924932063  Test abs boundary: 4.816800239495933e-05  Time: 11.41912330314517
Epoch: 59  Train rel: 0.01586810890585184  Test rel: 0.020870807692408563  Test abs: 0.0001401351613458246  Test abs boundary: 6.0208613722352313e-05  Time: 11.380603567231447
Epoch: 60  Train rel: 0.016689526930451393  Test rel: 0.022742069363594054  Test abs: 0.00015334511117544026  Test abs boundary: 5.799529535579495e-05  Time: 11.37123456178233
Epoch: 61  Train rel: 0.015917416378855704  Test rel: 0.01814179267734289  Test abs: 0.00012249307794263587  Test abs boundary: 4.076532000908628e-05  Time: 11.411288530100137
Epoch: 62  Train rel: 0.015998803310096264  Test rel: 0.020886377394199372  Test abs: 0.00014140171493636443  Test abs boundary: 8.722336060600356e-05  Time: 11.390150208957493
Epoch: 63  Train rel: 0.01570649117231369  Test rel: 0.019119194969534875  Test abs: 0.00012983191292732953  Test abs boundary: 5.176920196390711e-05  Time: 11.43782160198316
Epoch: 64  Train rel: 0.014877808406949043  Test rel: 0.01718690797686577  Test abs: 0.0001160021047689952  Test abs boundary: 4.961092432495206e-05  Time: 11.43491013115272
Epoch: 65  Train rel: 0.016069586612284182  Test rel: 0.01980901338160038  Test abs: 0.0001327341020805761  Test abs boundary: 4.346422312664799e-05  Time: 11.412729751784354
Epoch: 66  Train rel: 0.01513490166515112  Test rel: 0.017903580591082574  Test abs: 0.00012051691388478502  Test abs boundary: 9.362153738038614e-05  Time: 11.443239792715758
Epoch: 67  Train rel: 0.014958431787788868  Test rel: 0.017564274966716767  Test abs: 0.00011942901066504419  Test abs boundary: 6.638455903157592e-05  Time: 11.405269430018961
Epoch: 68  Train rel: 0.01566271772235632  Test rel: 0.017076092883944512  Test abs: 0.00011610589077463373  Test abs boundary: 5.792042167740874e-05  Time: 11.44143512006849
Epoch: 69  Train rel: 0.01732460041344166  Test rel: 0.018715390153229237  Test abs: 0.00012673405668465421  Test abs boundary: 9.252264164388179e-05  Time: 11.430263050831854
Epoch: 70  Train rel: 0.015199295729398727  Test rel: 0.016659532748162745  Test abs: 0.00011267732072155922  Test abs boundary: 6.364316956023685e-05  Time: 11.417771617416292
Epoch: 71  Train rel: 0.014997599810361863  Test rel: 0.017269759438931942  Test abs: 0.00011724990996299311  Test abs boundary: 4.236189430230297e-05  Time: 11.404206993058324
Epoch: 72  Train rel: 0.01697929689288139  Test rel: 0.018392482325434684  Test abs: 0.00012465239327866584  Test abs boundary: 4.5519727282226083e-05  Time: 11.360059747938067
Epoch: 73  Train rel: 0.015662205845117568  Test rel: 0.01675208680331707  Test abs: 0.00011313138209516182  Test abs boundary: 5.088085395982489e-05  Time: 11.355761593207717
Epoch: 74  Train rel: 0.015533664271235465  Test rel: 0.02128540650010109  Test abs: 0.00014493395981844516  Test abs boundary: 4.606506423442624e-05  Time: 11.357410931959748
Epoch: 75  Train rel: 0.015087084211409092  Test rel: 0.01759607259184122  Test abs: 0.00011834241449832916  Test abs boundary: 5.233233459875919e-05  Time: 11.35940985288471
Epoch: 76  Train rel: 0.014542744271457195  Test rel: 0.015326123423874379  Test abs: 0.0001034601149149239  Test abs boundary: 4.210105442325585e-05  Time: 11.368049427866936
Epoch: 77  Train rel: 0.014288249880075455  Test rel: 0.02044395260512829  Test abs: 0.00013936875795479863  Test abs boundary: 6.60225420142524e-05  Time: 11.374092917889357
Epoch: 78  Train rel: 0.015952493496239187  Test rel: 0.016945750936865806  Test abs: 0.0001148598882718943  Test abs boundary: 7.186385511886328e-05  Time: 11.42116378620267
Epoch: 79  Train rel: 0.01541749943047762  Test rel: 0.01600845780223608  Test abs: 0.00010850785882212222  Test abs boundary: 7.654792250832542e-05  Time: 11.429274295922369
Epoch: 80  Train rel: 0.016675178661942482  Test rel: 0.018089821822941304  Test abs: 0.00012131772527936845  Test abs boundary: 4.384029321954585e-05  Time: 11.428627121727914
Epoch: 81  Train rel: 0.01504094260931015  Test rel: 0.018961953297257424  Test abs: 0.00012926361145218835  Test abs boundary: 6.481922435341402e-05  Time: 11.392167875077575
Epoch: 82  Train rel: 0.014866468220949173  Test rel: 0.017189843021333216  Test abs: 0.00011599916470004246  Test abs boundary: 3.970154037233442e-05  Time: 11.414931119419634
Epoch: 83  Train rel: 0.015731798812747003  Test rel: 0.01648745369166136  Test abs: 0.00011116330308141186  Test abs boundary: 4.272407270036638e-05  Time: 11.401850817725062
Epoch: 84  Train rel: 0.013736026212573051  Test rel: 0.01806305080652237  Test abs: 0.0001217572801397182  Test abs boundary: 6.392923562088981e-05  Time: 11.350257338955998
Epoch: 85  Train rel: 0.0150281193703413  Test rel: 0.015478359647095203  Test abs: 0.00010462230449775233  Test abs boundary: 3.894661902450025e-05  Time: 11.351185914129019
Epoch: 86  Train rel: 0.015869191072881223  Test rel: 0.019281729757785797  Test abs: 0.00012907246768008917  Test abs boundary: 3.493507087114267e-05  Time: 11.3370360173285
Epoch: 87  Train rel: 0.015795563258230685  Test rel: 0.016343144215643406  Test abs: 0.00011140351474750787  Test abs boundary: 4.0505776414647695e-05  Time: 11.336043081711978
Epoch: 88  Train rel: 0.01386124487966299  Test rel: 0.01724516574293375  Test abs: 0.0001159658987307921  Test abs boundary: 6.068516886443831e-05  Time: 11.374061644077301
Epoch: 89  Train rel: 0.0140043538287282  Test rel: 0.01775125689804554  Test abs: 0.00011961123615037649  Test abs boundary: 4.191565050859935e-05  Time: 11.381090736947954
Epoch: 90  Train rel: 0.015159113444387912  Test rel: 0.017501408942043783  Test abs: 0.00011803832923760637  Test abs boundary: 6.382585415849462e-05  Time: 11.345920221880078
Epoch: 91  Train rel: 0.015192698895931243  Test rel: 0.017881787046790124  Test abs: 0.00012022353563224897  Test abs boundary: 8.811587700620294e-05  Time: 11.356443969998509
Epoch: 92  Train rel: 0.013957021676003933  Test rel: 0.017647794112563134  Test abs: 0.00011804537120042368  Test abs boundary: 7.748424482997507e-05  Time: 11.403962500859052
Epoch: 93  Train rel: 0.014539157912135125  Test rel: 0.017460080944001675  Test abs: 0.00011842002189951018  Test abs boundary: 3.3133310425910166e-05  Time: 11.423424704000354
Epoch: 94  Train rel: 0.013900579087436199  Test rel: 0.015135968811810016  Test abs: 0.00010248336911899969  Test abs boundary: 5.0413074932293965e-05  Time: 11.43223520135507
Epoch: 95  Train rel: 0.01437460519373417  Test rel: 0.016136316284537315  Test abs: 0.00010884987917961553  Test abs boundary: 3.89629382698331e-05  Time: 11.403147354256362
Epoch: 96  Train rel: 0.01421758945286274  Test rel: 0.01588145289570093  Test abs: 0.00010702917556045578  Test abs boundary: 4.6025901683606206e-05  Time: 11.426387500949204
Epoch: 97  Train rel: 0.0147114322707057  Test rel: 0.014943588376045227  Test abs: 0.00010116922989254817  Test abs boundary: 3.401717716769781e-05  Time: 11.41295322868973
Epoch: 98  Train rel: 0.01438530971109867  Test rel: 0.014684718511998653  Test abs: 9.901210170937702e-05  Test abs boundary: 3.9107032207539306e-05  Time: 11.405826454982162
Epoch: 99  Train rel: 0.013973341226577759  Test rel: 0.018425468690693378  Test abs: 0.0001248854576260783  Test abs boundary: 4.254658269928768e-05  Time: 11.399086185265332
Epoch: 100  Train rel: 0.01441899236291647  Test rel: 0.015691549256443976  Test abs: 0.00010647142713423818  Test abs boundary: 4.086557441041805e-05  Time: 11.391593503765762
Epoch: 101  Train rel: 0.013448539637029171  Test rel: 0.022010065764188767  Test abs: 0.00015282256994396447  Test abs boundary: 3.7674431514460596e-05  Time: 11.393260492943227
Epoch: 102  Train rel: 0.014461893171072005  Test rel: 0.014886832796037197  Test abs: 0.00010098571714479476  Test abs boundary: 4.40039524983149e-05  Time: 11.387192729860544
Epoch: 103  Train rel: 0.013364527203142643  Test rel: 0.01661799315363169  Test abs: 0.0001116241977433674  Test abs boundary: 4.424084836500697e-05  Time: 11.373117495328188
Epoch: 104  Train rel: 0.013752851091325282  Test rel: 0.015289076752960682  Test abs: 0.00010369738069130108  Test abs boundary: 4.311498996685259e-05  Time: 11.404032041318715
Epoch: 105  Train rel: 0.014497805260121822  Test rel: 0.015367308966815471  Test abs: 0.00010398329643066972  Test abs boundary: 3.9861136174295097e-05  Time: 11.419710072688758
Epoch: 106  Train rel: 0.01269814796000719  Test rel: 0.015476651005446911  Test abs: 0.00010498221992747858  Test abs boundary: 4.375991265987977e-05  Time: 11.398866978939623
Epoch: 107  Train rel: 0.013054589375853538  Test rel: 0.015622091591358184  Test abs: 0.0001055123025435023  Test abs boundary: 4.7379215102409946e-05  Time: 11.439620831981301
Epoch: 108  Train rel: 0.013929454773664475  Test rel: 0.015167422220110893  Test abs: 0.00010285761469276622  Test abs boundary: 5.519233978702687e-05  Time: 11.397222267929465
Epoch: 109  Train rel: 0.014300705671310424  Test rel: 0.01487598143517971  Test abs: 0.00010045816103229299  Test abs boundary: 3.927567318896763e-05  Time: 11.404670774005353
Epoch: 110  Train rel: 0.012227391138672829  Test rel: 0.017021566815674304  Test abs: 0.00011569876631256192  Test abs boundary: 5.072501298855059e-05  Time: 11.42809959501028
Epoch: 111  Train rel: 0.01345051434636116  Test rel: 0.014721292480826377  Test abs: 9.922969969920814e-05  Test abs boundary: 3.9759053179295735e-05  Time: 11.391962939873338
Epoch: 112  Train rel: 0.013923268526792527  Test rel: 0.015368058383464812  Test abs: 0.00010396127559943125  Test abs boundary: 4.180006420938298e-05  Time: 11.39106828905642
Epoch: 113  Train rel: 0.013322587423026562  Test rel: 0.014468911290168762  Test abs: 9.824631822993979e-05  Test abs boundary: 4.837099389987998e-05  Time: 11.416161149274558
Epoch: 114  Train rel: 0.013916638515889644  Test rel: 0.015249893255531787  Test abs: 0.00010318589251255617  Test abs boundary: 5.040847507189028e-05  Time: 11.410455162171274
Epoch: 115  Train rel: 0.012543470717966557  Test rel: 0.01570957023650408  Test abs: 0.00010622033674735576  Test abs boundary: 9.647330531151965e-05  Time: 11.369346232619137
Epoch: 116  Train rel: 0.013517926007509232  Test rel: 0.015775418765842916  Test abs: 0.00010601409332593902  Test abs boundary: 3.881897238898091e-05  Time: 11.402383358217776
Epoch: 117  Train rel: 0.012826156474649906  Test rel: 0.01459650468081236  Test abs: 9.87227458972484e-05  Test abs boundary: 4.1792777919908987e-05  Time: 11.39999205712229
Epoch: 118  Train rel: 0.012827882088720799  Test rel: 0.014663727879524231  Test abs: 9.933534369338304e-05  Test abs boundary: 4.4484178361017256e-05  Time: 11.396919802296907
Epoch: 119  Train rel: 0.012274402238428593  Test rel: 0.014739392325282097  Test abs: 9.967871505068615e-05  Test abs boundary: 4.6633978781756015e-05  Time: 11.395450297743082
Epoch: 120  Train rel: 0.01315206815302372  Test rel: 0.014497859589755534  Test abs: 9.803391207242384e-05  Test abs boundary: 5.6798640580382196e-05  Time: 11.384411354083568
Epoch: 121  Train rel: 0.012338974863290787  Test rel: 0.016903886385262013  Test abs: 0.00011473906517494469  Test abs boundary: 3.8336978905135764e-05  Time: 11.399358653929085
Epoch: 122  Train rel: 0.012024243459105492  Test rel: 0.016994339115917682  Test abs: 0.00011453982879174873  Test abs boundary: 8.403604297200218e-05  Time: 11.398305657785386
Epoch: 123  Train rel: 0.013791611909866334  Test rel: 0.014735502563416958  Test abs: 9.973007807275281e-05  Test abs boundary: 7.292783644516021e-05  Time: 11.404455305077136
Epoch: 124  Train rel: 0.012825385607779027  Test rel: 0.014419746175408364  Test abs: 9.759195963852108e-05  Test abs boundary: 3.236809126974549e-05  Time: 11.373039322905242
Epoch: 125  Train rel: 0.012100725643336772  Test rel: 0.013912115357816219  Test abs: 9.397396788699553e-05  Test abs boundary: 4.963834682712332e-05  Time: 11.38504795404151
Epoch: 126  Train rel: 0.011760213606059552  Test rel: 0.016604295819997787  Test abs: 0.00011197256768355146  Test abs boundary: 3.754218821995891e-05  Time: 11.384032159578055
Epoch: 127  Train rel: 0.011936374716460705  Test rel: 0.01362669061869383  Test abs: 9.22623067162931e-05  Test abs boundary: 5.593657901044935e-05  Time: 11.418730705976486
Epoch: 128  Train rel: 0.012862472206354142  Test rel: 0.014868663772940636  Test abs: 0.00010131585382623598  Test abs boundary: 4.469594190595672e-05  Time: 11.411958709359169
Epoch: 129  Train rel: 0.013303113333880902  Test rel: 0.013883789367973805  Test abs: 9.375239140354097e-05  Test abs boundary: 3.413419690332375e-05  Time: 11.414743241854012
Epoch: 130  Train rel: 0.013561463102698327  Test rel: 0.016670726016163828  Test abs: 0.00011278637335635721  Test abs boundary: 6.497048263554462e-05  Time: 11.394355796277523
Epoch: 131  Train rel: 0.013162601783871651  Test rel: 0.014061505310237407  Test abs: 9.522291278699413e-05  Test abs boundary: 6.2856904551154e-05  Time: 11.357961357105523
Epoch: 132  Train rel: 0.011645654127001762  Test rel: 0.013509144149720669  Test abs: 9.148001787252724e-05  Test abs boundary: 3.7168094713706523e-05  Time: 11.388468502089381
Epoch: 133  Train rel: 0.011952838242053985  Test rel: 0.014203128032386303  Test abs: 9.590807341737673e-05  Test abs boundary: 3.1554944289382544e-05  Time: 11.385090676136315
Epoch: 134  Train rel: 0.011327451661229133  Test rel: 0.013185183219611644  Test abs: 8.913104480598122e-05  Test abs boundary: 4.423728518304415e-05  Time: 11.392120993696153
Epoch: 135  Train rel: 0.012466665312647819  Test rel: 0.015023014955222607  Test abs: 0.00010231694061076269  Test abs boundary: 5.021383025450632e-05  Time: 11.396764483768493
Epoch: 136  Train rel: 0.01163146048039198  Test rel: 0.014060242101550102  Test abs: 9.530171402730048e-05  Test abs boundary: 5.4238183802226556e-05  Time: 11.407414611894637
Epoch: 137  Train rel: 0.011418792180716992  Test rel: 0.013554475046694279  Test abs: 9.192779863951727e-05  Test abs boundary: 3.655354652437381e-05  Time: 11.420268817804754
Epoch: 138  Train rel: 0.011084848344326019  Test rel: 0.014027277044951915  Test abs: 9.489023650530726e-05  Test abs boundary: 4.0943950007203964e-05  Time: 11.428606234956533
Epoch: 139  Train rel: 0.012319809138774871  Test rel: 0.014437596574425697  Test abs: 9.739812696352601e-05  Test abs boundary: 4.923618049360812e-05  Time: 11.40222939895466
Epoch: 140  Train rel: 0.012174222752451896  Test rel: 0.01765752598643303  Test abs: 0.00011988035956164822  Test abs boundary: 3.397674394364003e-05  Time: 11.4125842358917
Epoch: 141  Train rel: 0.012104065395891666  Test rel: 0.016007532998919487  Test abs: 0.00010801236057886854  Test abs boundary: 4.363888234365732e-05  Time: 11.428255426231772
Epoch: 142  Train rel: 0.01165596204251051  Test rel: 0.013950594291090966  Test abs: 9.449184028198943e-05  Test abs boundary: 4.453254281543195e-05  Time: 11.394254528917372
Epoch: 143  Train rel: 0.011445400021970272  Test rel: 0.013981169126927852  Test abs: 9.461386362090707e-05  Test abs boundary: 3.164753914461471e-05  Time: 11.396933251991868
Epoch: 144  Train rel: 0.011440586991608144  Test rel: 0.014054633378982544  Test abs: 9.545019362121821e-05  Test abs boundary: 3.268093518272508e-05  Time: 11.415044442284852
Epoch: 145  Train rel: 0.012856333859264851  Test rel: 0.014624784216284752  Test abs: 9.848999470705167e-05  Test abs boundary: 4.557807958917692e-05  Time: 11.400369859300554
Epoch: 146  Train rel: 0.011550494872033596  Test rel: 0.013318621106445789  Test abs: 9.007926768390461e-05  Test abs boundary: 3.151358279865235e-05  Time: 11.396678851917386
Epoch: 147  Train rel: 0.011849073812365532  Test rel: 0.017407510615885257  Test abs: 0.00011812806013040245  Test abs boundary: 7.882877136580646e-05  Time: 11.400138513185084
Epoch: 148  Train rel: 0.011586243256926537  Test rel: 0.014923982359468936  Test abs: 0.00010073069162899628  Test abs boundary: 6.117591983638704e-05  Time: 11.38682619901374
Epoch: 149  Train rel: 0.011230050027370453  Test rel: 0.013290535919368266  Test abs: 9.00406125583686e-05  Test abs boundary: 3.612963046180084e-05  Time: 11.362924439832568
Epoch: 150  Train rel: 0.011007909178733826  Test rel: 0.013713757432997227  Test abs: 9.237061894964426e-05  Test abs boundary: 6.78032822906971e-05  Time: 11.377948726061732
Epoch: 151  Train rel: 0.01084292233735323  Test rel: 0.014728220254182816  Test abs: 0.00010029168537585064  Test abs boundary: 3.093066894507501e-05  Time: 11.418208228889853
Epoch: 152  Train rel: 0.010566303960978985  Test rel: 0.014325180128216743  Test abs: 9.622458106605337e-05  Test abs boundary: 4.09561037668027e-05  Time: 11.395441281609237
Epoch: 153  Train rel: 0.011878939501941204  Test rel: 0.013474698923528195  Test abs: 9.071223874343559e-05  Test abs boundary: 3.251841037126724e-05  Time: 11.397850845940411
Epoch: 154  Train rel: 0.011919554568827153  Test rel: 0.013550133518874645  Test abs: 9.140097041381524e-05  Test abs boundary: 3.3676446400932035e-05  Time: 11.40474543068558
Epoch: 155  Train rel: 0.012320029743015767  Test rel: 0.01519761398434639  Test abs: 0.00010336009319871663  Test abs boundary: 5.455059741507284e-05  Time: 11.406321913003922
Epoch: 156  Train rel: 0.011042333133518696  Test rel: 0.012714696116745472  Test abs: 8.605300798080861e-05  Test abs boundary: 3.175345897034276e-05  Time: 11.43264833278954
Epoch: 157  Train rel: 0.01074194012582302  Test rel: 0.014674544893205166  Test abs: 9.902089979732409e-05  Test abs boundary: 3.8737464637961236e-05  Time: 11.400573748163879
Epoch: 158  Train rel: 0.01195536643266678  Test rel: 0.013373247720301152  Test abs: 9.044982492923736e-05  Test abs boundary: 4.170329120825045e-05  Time: 11.424180918838829
Epoch: 159  Train rel: 0.01083453255146742  Test rel: 0.014468990787863732  Test abs: 9.779238374903799e-05  Test abs boundary: 4.9749199970392514e-05  Time: 11.421351068653166
Epoch: 160  Train rel: 0.011974633529782295  Test rel: 0.014802945181727409  Test abs: 0.00010010432306444273  Test abs boundary: 4.4723867176799104e-05  Time: 11.403452392667532
Epoch: 161  Train rel: 0.011025482922792434  Test rel: 0.014514836482703686  Test abs: 9.770738077349961e-05  Test abs boundary: 3.857017436530441e-05  Time: 11.401142420712858
Epoch: 162  Train rel: 0.011212634362280368  Test rel: 0.013796485662460327  Test abs: 9.322733967565e-05  Test abs boundary: 5.3139131632633505e-05  Time: 11.398816355038434
Epoch: 163  Train rel: 0.011032820053398609  Test rel: 0.014637579210102558  Test abs: 9.896097210003063e-05  Test abs boundary: 6.279327484662645e-05  Time: 11.399846612010151
Epoch: 164  Train rel: 0.010097083125263452  Test rel: 0.014844343140721321  Test abs: 0.00010047994059277699  Test abs boundary: 5.505644643562846e-05  Time: 11.403660434298217
Epoch: 165  Train rel: 0.01024979393929243  Test rel: 0.014047140926122666  Test abs: 9.482522640610114e-05  Test abs boundary: 3.551224777766038e-05  Time: 11.404917772393674
Epoch: 166  Train rel: 0.010815161049365998  Test rel: 0.013116877675056458  Test abs: 8.855995314661413e-05  Test abs boundary: 3.638676964328624e-05  Time: 11.455095455050468
Epoch: 167  Train rel: 0.010358186848461627  Test rel: 0.013157238774001599  Test abs: 8.922974404413254e-05  Test abs boundary: 3.485694927803706e-05  Time: 11.52910888986662
Epoch: 168  Train rel: 0.0108701456412673  Test rel: 0.01260553576052189  Test abs: 8.521188807208092e-05  Test abs boundary: 5.100002512335777e-05  Time: 11.561760368291289
Epoch: 169  Train rel: 0.010555054038763046  Test rel: 0.012996067963540555  Test abs: 8.828614052617922e-05  Test abs boundary: 3.5816281888401134e-05  Time: 11.450732471887022
Epoch: 170  Train rel: 0.010751618474721909  Test rel: 0.013004739172756671  Test abs: 8.767739200266078e-05  Test abs boundary: 3.2063773323898205e-05  Time: 11.342614537104964
Epoch: 171  Train rel: 0.010753645587712527  Test rel: 0.014164405763149262  Test abs: 9.56583471270278e-05  Test abs boundary: 7.0894057280384e-05  Time: 11.294052585028112
Epoch: 172  Train rel: 0.01095182529091835  Test rel: 0.013041840977966785  Test abs: 8.847680874168873e-05  Test abs boundary: 3.387446209671907e-05  Time: 11.264053118880838
Epoch: 173  Train rel: 0.011011967673897742  Test rel: 0.012633982971310615  Test abs: 8.555244945455342e-05  Test abs boundary: 3.248927045206074e-05  Time: 11.22141925105825
Epoch: 174  Train rel: 0.010101814769208432  Test rel: 0.012896056212484837  Test abs: 8.722048718482256e-05  Test abs boundary: 4.0801598224788904e-05  Time: 11.271899703890085
Epoch: 175  Train rel: 0.011187795102596283  Test rel: 0.015774127542972565  Test abs: 0.00010576059052255005  Test abs boundary: 3.960114670917392e-05  Time: 11.284589564893395
Epoch: 176  Train rel: 0.010500816762447357  Test rel: 0.01322461199015379  Test abs: 8.973573130788282e-05  Test abs boundary: 3.548668661096599e-05  Time: 11.319520800374448
Epoch: 177  Train rel: 0.010176209725439549  Test rel: 0.013129710890352727  Test abs: 8.868571603670716e-05  Test abs boundary: 3.207604793715291e-05  Time: 11.348524328321218
Epoch: 178  Train rel: 0.011142585061490535  Test rel: 0.01414939757436514  Test abs: 9.524196822894737e-05  Test abs boundary: 3.882629607687704e-05  Time: 11.364831653889269
Epoch: 179  Train rel: 0.011452040508389473  Test rel: 0.014780455566942692  Test abs: 0.00010018082859460265  Test abs boundary: 3.455494508671109e-05  Time: 11.42123067798093
Epoch: 180  Train rel: 0.010390650413930416  Test rel: 0.013260536193847657  Test abs: 9.032935398863629e-05  Test abs boundary: 2.9672223390662112e-05  Time: 11.45089630689472
Epoch: 181  Train rel: 0.010223923191428185  Test rel: 0.012702912651002407  Test abs: 8.596095081884413e-05  Test abs boundary: 3.3394273414160127e-05  Time: 11.491391372866929
Epoch: 182  Train rel: 0.009589379362761974  Test rel: 0.013052626848220825  Test abs: 8.857753273332492e-05  Test abs boundary: 4.9135631415992974e-05  Time: 11.470137049909681
Epoch: 183  Train rel: 0.010273491002619267  Test rel: 0.014443986117839813  Test abs: 9.703902469482273e-05  Test abs boundary: 5.056541252997704e-05  Time: 11.352095680776983
Epoch: 184  Train rel: 0.010044039875268937  Test rel: 0.013531343005597591  Test abs: 9.163440321572125e-05  Test abs boundary: 5.388218691223301e-05  Time: 11.337070866953582
Epoch: 185  Train rel: 0.009948632381856441  Test rel: 0.014191582947969437  Test abs: 9.574169758707285e-05  Test abs boundary: 3.2488499200553634e-05  Time: 11.327358899638057
Epoch: 186  Train rel: 0.010463116727769374  Test rel: 0.013399669602513313  Test abs: 9.057483403012157e-05  Test abs boundary: 4.0184338722610846e-05  Time: 11.323438615072519
Epoch: 187  Train rel: 0.010007128663361073  Test rel: 0.01282708764076233  Test abs: 8.702874329173938e-05  Test abs boundary: 4.060684485011734e-05  Time: 11.332873802166432
Epoch: 188  Train rel: 0.00994310436397791  Test rel: 0.013574787974357605  Test abs: 9.189702599542216e-05  Test abs boundary: 5.518868027138524e-05  Time: 11.303753186017275
Epoch: 189  Train rel: 0.009925759047269821  Test rel: 0.013792321830987931  Test abs: 9.39620443386957e-05  Test abs boundary: 4.457927178009413e-05  Time: 11.36062880186364
Epoch: 190  Train rel: 0.010583246629685163  Test rel: 0.013685910515487194  Test abs: 9.279770136345179e-05  Test abs boundary: 4.964064093655907e-05  Time: 11.35636644763872
Epoch: 191  Train rel: 0.009793683584779502  Test rel: 0.012557444460690022  Test abs: 8.511567226378247e-05  Test abs boundary: 2.8409779697540217e-05  Time: 11.445368118118495
Epoch: 192  Train rel: 0.010270978473126888  Test rel: 0.013538857139647007  Test abs: 9.11921338411048e-05  Test abs boundary: 3.0219100008253008e-05  Time: 11.436947294976562
Epoch: 193  Train rel: 0.010348115004599095  Test rel: 0.013183150440454483  Test abs: 8.917012746678665e-05  Test abs boundary: 4.1000877536134796e-05  Time: 11.504734992049634
Epoch: 194  Train rel: 0.01058718816936016  Test rel: 0.012514213509857654  Test abs: 8.467373554594815e-05  Test abs boundary: 3.46721665118821e-05  Time: 11.482801049016416
Epoch: 195  Train rel: 0.009988306049257517  Test rel: 0.013637250177562238  Test abs: 9.174719860311598e-05  Test abs boundary: 3.9317236951319504e-05  Time: 11.45753311086446
Epoch: 196  Train rel: 0.010496719367802143  Test rel: 0.01582294087857008  Test abs: 0.00010805236583109945  Test abs boundary: 5.990012505208142e-05  Time: 11.358639074955136
Epoch: 197  Train rel: 0.010037860967218875  Test rel: 0.01231789518147707  Test abs: 8.324589900439605e-05  Test abs boundary: 3.4059141398756765e-05  Time: 11.312128971330822
Epoch: 198  Train rel: 0.010134591907262801  Test rel: 0.013549092710018158  Test abs: 9.158511267742141e-05  Test abs boundary: 3.1291799314203675e-05  Time: 11.306496873032302
Epoch: 199  Train rel: 0.009939786482602358  Test rel: 0.014594384543597698  Test abs: 9.927251114277168e-05  Test abs boundary: 3.4199668516521345e-05  Time: 11.30721746198833
Epoch: 200  Train rel: 0.009684630371630192  Test rel: 0.011833934858441354  Test abs: 8.016071078600361e-05  Test abs boundary: 3.5785261861747134e-05  Time: 11.32331814803183
Epoch: 201  Train rel: 0.00913812193647027  Test rel: 0.01212331749498844  Test abs: 8.200226293411105e-05  Test abs boundary: 2.978528333187569e-05  Time: 11.368922700174153
Epoch: 202  Train rel: 0.009824357889592648  Test rel: 0.013894620947539807  Test abs: 9.48903535027057e-05  Test abs boundary: 3.1704619832453315e-05  Time: 11.364124527201056
Epoch: 203  Train rel: 0.00999768540635705  Test rel: 0.012426563054323197  Test abs: 8.389794937102124e-05  Test abs boundary: 4.1029459971468896e-05  Time: 11.436118863988668
Epoch: 204  Train rel: 0.009632971972227096  Test rel: 0.012211010418832302  Test abs: 8.269304496934638e-05  Test abs boundary: 3.3951267760130577e-05  Time: 11.425495942123234
Epoch: 205  Train rel: 0.009820257507264615  Test rel: 0.012380569875240326  Test abs: 8.356434147572145e-05  Test abs boundary: 3.472831289400347e-05  Time: 11.48651292687282
Epoch: 206  Train rel: 0.009981149096041917  Test rel: 0.013143516592681408  Test abs: 8.862187474733219e-05  Test abs boundary: 2.7569543381105177e-05  Time: 11.496679429896176
Epoch: 207  Train rel: 0.00986641851440072  Test rel: 0.012840234898030758  Test abs: 8.706120570423082e-05  Test abs boundary: 5.516091187018901e-05  Time: 11.471845456399024
Epoch: 208  Train rel: 0.009041323944926263  Test rel: 0.012208042554557324  Test abs: 8.270245685707777e-05  Test abs boundary: 3.573191454051994e-05  Time: 11.388108755927533
Epoch: 209  Train rel: 0.009606339648365974  Test rel: 0.012321189157664775  Test abs: 8.367119706235826e-05  Test abs boundary: 3.7442085740622134e-05  Time: 11.376060292124748
Epoch: 210  Train rel: 0.009102090671658515  Test rel: 0.012695323117077351  Test abs: 8.580415742471814e-05  Test abs boundary: 4.099542711628601e-05  Time: 11.367347984574735
Epoch: 211  Train rel: 0.009340414352715015  Test rel: 0.012342196591198444  Test abs: 8.33835567755159e-05  Test abs boundary: 3.414625789446291e-05  Time: 11.349267039913684
Epoch: 212  Train rel: 0.009629036847501993  Test rel: 0.012628709338605404  Test abs: 8.521799056325107e-05  Test abs boundary: 3.5354212304810065e-05  Time: 11.350910251960158
Epoch: 213  Train rel: 0.009103540886193515  Test rel: 0.013388892710208893  Test abs: 9.087014623219148e-05  Test abs boundary: 4.102470600628294e-05  Time: 11.346104949247092
Epoch: 214  Train rel: 0.009003131989389658  Test rel: 0.011867742203176022  Test abs: 8.051558907027357e-05  Test abs boundary: 2.656306533026509e-05  Time: 11.405110872816294
Epoch: 215  Train rel: 0.009545992076396942  Test rel: 0.013207716941833496  Test abs: 8.906477742129937e-05  Test abs boundary: 3.848135020234622e-05  Time: 11.436156006995589
Epoch: 216  Train rel: 0.01004367694631219  Test rel: 0.013058775514364242  Test abs: 8.873186423443258e-05  Test abs boundary: 3.143776753859129e-05  Time: 11.429938700050116
Epoch: 217  Train rel: 0.009204755276441575  Test rel: 0.01226474154740572  Test abs: 8.31492489669472e-05  Test abs boundary: 3.7580533389700574e-05  Time: 11.456103228963912
Epoch: 218  Train rel: 0.008914781790226698  Test rel: 0.012524381056427955  Test abs: 8.452191104879603e-05  Test abs boundary: 3.844838895020075e-05  Time: 11.480813187081367
Epoch: 219  Train rel: 0.009468971595168114  Test rel: 0.014322182424366474  Test abs: 9.691224724519998e-05  Test abs boundary: 3.051342413527891e-05  Time: 11.46467881789431
Epoch: 220  Train rel: 0.009579508993774653  Test rel: 0.013727757409214973  Test abs: 9.259825223125518e-05  Test abs boundary: 3.3348636570735834e-05  Time: 11.423768708016723
Epoch: 221  Train rel: 0.009441109821200371  Test rel: 0.013496436178684235  Test abs: 9.081478288862855e-05  Test abs boundary: 4.269836412277073e-05  Time: 11.381658024154603
Epoch: 222  Train rel: 0.009137478411197662  Test rel: 0.012438615038990974  Test abs: 8.425498206634075e-05  Test abs boundary: 2.939664584118873e-05  Time: 11.3219795669429
Epoch: 223  Train rel: 0.008391596388071776  Test rel: 0.012040640003979206  Test abs: 8.152825641445816e-05  Test abs boundary: 3.9325520920101556e-05  Time: 11.321168112102896
Epoch: 224  Train rel: 0.009124078918248416  Test rel: 0.011751715987920762  Test abs: 7.959950482472778e-05  Test abs boundary: 2.9743145350948908e-05  Time: 11.364245978184044
Epoch: 225  Train rel: 0.009053268481045961  Test rel: 0.011951801292598247  Test abs: 8.122274710331112e-05  Test abs boundary: 2.9981440093251877e-05  Time: 11.414005075581372
Epoch: 226  Train rel: 0.009362225852906704  Test rel: 0.012301938831806183  Test abs: 8.341706852661445e-05  Test abs boundary: 3.3379136875737456e-05  Time: 11.401299423072487
Epoch: 227  Train rel: 0.008447017014026642  Test rel: 0.011885121092200279  Test abs: 8.048657415201887e-05  Test abs boundary: 4.930788083584048e-05  Time: 11.448123363312334
Epoch: 228  Train rel: 0.009188490327447653  Test rel: 0.013092263974249363  Test abs: 8.910690259654075e-05  Test abs boundary: 4.5968651247676464e-05  Time: 11.458247520960867
Epoch: 229  Train rel: 0.009814659498631955  Test rel: 0.012423098385334015  Test abs: 8.400179212912917e-05  Test abs boundary: 3.7470089155249297e-05  Time: 11.450627775862813
Epoch: 230  Train rel: 0.0086671761572361  Test rel: 0.012123675793409347  Test abs: 8.202208264265209e-05  Test abs boundary: 3.5176658566342664e-05  Time: 11.467796684242785
Epoch: 231  Train rel: 0.008284596242010594  Test rel: 0.011759766675531864  Test abs: 7.955562061397359e-05  Test abs boundary: 3.2991330808727074e-05  Time: 11.494689221028239
Epoch: 232  Train rel: 0.009056553401052951  Test rel: 0.01201721552759409  Test abs: 8.119099424220621e-05  Test abs boundary: 2.650891801749822e-05  Time: 11.407123375218362
Epoch: 233  Train rel: 0.008995885726064443  Test rel: 0.011891801245510578  Test abs: 8.04243891616352e-05  Test abs boundary: 3.5582363925641405e-05  Time: 11.363605160266161
Epoch: 234  Train rel: 0.009037350367754698  Test rel: 0.012791346348822117  Test abs: 8.641064836410806e-05  Test abs boundary: 3.066738878260367e-05  Time: 11.328728623688221
Epoch: 235  Train rel: 0.009229777656495571  Test rel: 0.013125831224024297  Test abs: 8.859589666826651e-05  Test abs boundary: 4.050675343023613e-05  Time: 11.359620703849941
Epoch: 236  Train rel: 0.0092908846847713  Test rel: 0.012692310139536858  Test abs: 8.58439292642288e-05  Test abs boundary: 3.159442087053321e-05  Time: 11.360582997091115
Epoch: 237  Train rel: 0.008380881801247598  Test rel: 0.012326199859380722  Test abs: 8.355809783097356e-05  Test abs boundary: 2.908439317252487e-05  Time: 11.336538222618401
Epoch: 238  Train rel: 0.008716357663273812  Test rel: 0.013243328630924225  Test abs: 9.032590663991869e-05  Test abs boundary: 3.7457638391060755e-05  Time: 11.362108030822128
Epoch: 239  Train rel: 0.008935847260057927  Test rel: 0.012246670126914978  Test abs: 8.284435753012077e-05  Test abs boundary: 5.273402246530168e-05  Time: 11.428840719629079
Epoch: 240  Train rel: 0.008405563123524189  Test rel: 0.012541289031505585  Test abs: 8.499136776663363e-05  Test abs boundary: 3.6686463718069715e-05  Time: 11.425401716958731
Epoch: 241  Train rel: 0.00811565762385726  Test rel: 0.012009822390973568  Test abs: 8.10644097509794e-05  Test abs boundary: 3.8547091389773416e-05  Time: 11.448225589003414
Epoch: 242  Train rel: 0.008588064786046743  Test rel: 0.011872122511267662  Test abs: 8.015949148102663e-05  Test abs boundary: 3.168833558447659e-05  Time: 11.477841648738831
Epoch: 243  Train rel: 0.008308130476623774  Test rel: 0.011796845048666  Test abs: 7.974935084348545e-05  Test abs boundary: 3.338169743074104e-05  Time: 11.489115167874843
Epoch: 244  Train rel: 0.008226390700787305  Test rel: 0.01175861719995737  Test abs: 7.98150768969208e-05  Test abs boundary: 3.0807982257101684e-05  Time: 11.485343009699136
Epoch: 245  Train rel: 0.008519765436649323  Test rel: 0.012266599759459495  Test abs: 8.327546122018248e-05  Test abs boundary: 3.355191300215665e-05  Time: 11.373962184879929
Epoch: 246  Train rel: 0.008082847278565168  Test rel: 0.011656896881759167  Test abs: 7.886812556535006e-05  Test abs boundary: 3.443148809310515e-05  Time: 11.33998506795615
Epoch: 247  Train rel: 0.007847186971455812  Test rel: 0.011644961722195148  Test abs: 7.884079372161068e-05  Test abs boundary: 3.4688630985328925e-05  Time: 11.354866098146886
Epoch: 248  Train rel: 0.008026078172028064  Test rel: 0.011783979199826718  Test abs: 7.963153373566456e-05  Test abs boundary: 3.222248269594274e-05  Time: 11.351546269841492
Epoch: 249  Train rel: 0.00843250932916999  Test rel: 0.011948665380477905  Test abs: 8.078746468527242e-05  Test abs boundary: 3.179501538397744e-05  Time: 11.355968637857586
Epoch: 250  Train rel: 0.008390434913337231  Test rel: 0.011885776184499264  Test abs: 8.060773121542298e-05  Test abs boundary: 3.153132798615843e-05  Time: 11.339748772792518
Epoch: 251  Train rel: 0.0081218226775527  Test rel: 0.013145811259746551  Test abs: 8.810065890429541e-05  Test abs boundary: 2.9996480152476578e-05  Time: 11.375164789147675
Epoch: 252  Train rel: 0.008596528522670269  Test rel: 0.01240694899111986  Test abs: 8.413575269514695e-05  Test abs boundary: 2.6766251248773188e-05  Time: 11.438368333037943
Epoch: 253  Train rel: 0.008323491048067809  Test rel: 0.012925450913608074  Test abs: 8.747534797294065e-05  Test abs boundary: 2.9957611477584578e-05  Time: 11.428925865795463
Epoch: 254  Train rel: 0.00823371509462595  Test rel: 0.01242808934301138  Test abs: 8.375728983082808e-05  Test abs boundary: 3.488999442197383e-05  Time: 11.461720385123044
Epoch: 255  Train rel: 0.007995255522429943  Test rel: 0.011372175514698029  Test abs: 7.692661281907931e-05  Test abs boundary: 3.201544939656742e-05  Time: 11.49508895073086
Epoch: 256  Train rel: 0.008031546853482723  Test rel: 0.012799762040376663  Test abs: 8.671445189975202e-05  Test abs boundary: 3.194429933500942e-05  Time: 11.487001478206366
Epoch: 257  Train rel: 0.008199005465954543  Test rel: 0.011770997792482377  Test abs: 7.969205602421425e-05  Test abs boundary: 3.200786661182065e-05  Time: 11.403057319112122
Epoch: 258  Train rel: 0.008089915577322245  Test rel: 0.012143185213208198  Test abs: 8.220763731515035e-05  Test abs boundary: 4.5897522650193426e-05  Time: 11.360267682000995
Epoch: 259  Train rel: 0.007986033141613006  Test rel: 0.011579848080873489  Test abs: 7.829534908523783e-05  Test abs boundary: 3.492742704111151e-05  Time: 11.358225307893008
Epoch: 260  Train rel: 0.007727919463068247  Test rel: 0.01185669157654047  Test abs: 8.022652938961983e-05  Test abs boundary: 2.840146131347865e-05  Time: 11.349451181013137
Epoch: 261  Train rel: 0.008168484285473824  Test rel: 0.011344818882644176  Test abs: 7.680571026867255e-05  Test abs boundary: 3.205218024959322e-05  Time: 11.356730819214135
Epoch: 262  Train rel: 0.008109514981508255  Test rel: 0.01309179600328207  Test abs: 8.796312962658704e-05  Test abs boundary: 5.433041282230988e-05  Time: 11.338988129980862
Epoch: 263  Train rel: 0.008317556515336036  Test rel: 0.011982371285557746  Test abs: 8.106371315079741e-05  Test abs boundary: 3.912719548679888e-05  Time: 11.38059013383463
Epoch: 264  Train rel: 0.008609633047133684  Test rel: 0.012544229105114936  Test abs: 8.502266136929393e-05  Test abs boundary: 5.329359642928466e-05  Time: 11.432234390638769
Epoch: 265  Train rel: 0.008010499525815248  Test rel: 0.011185788288712502  Test abs: 7.579529279610143e-05  Test abs boundary: 2.9364705114858224e-05  Time: 11.419376662932336
Epoch: 266  Train rel: 0.007858499523252249  Test rel: 0.011752303689718246  Test abs: 7.946489873575046e-05  Test abs boundary: 2.928083122242242e-05  Time: 11.439805721864104
Epoch: 267  Train rel: 0.007655490327626467  Test rel: 0.011527211181819439  Test abs: 7.813195377821103e-05  Test abs boundary: 3.501821716781706e-05  Time: 11.49467699881643
Epoch: 268  Train rel: 0.0075634074881672855  Test rel: 0.011943118870258332  Test abs: 8.060407344601117e-05  Test abs boundary: 2.924501161032822e-05  Time: 11.503198705147952
Epoch: 269  Train rel: 0.008087911397218704  Test rel: 0.01188187800347805  Test abs: 8.06001145974733e-05  Test abs boundary: 3.0182626069290564e-05  Time: 11.42974946834147
Epoch: 270  Train rel: 0.00763235829025507  Test rel: 0.011221113465726375  Test abs: 7.583535320009105e-05  Test abs boundary: 3.299429430626333e-05  Time: 11.374401865992695
Epoch: 271  Train rel: 0.007335517399013043  Test rel: 0.011423450596630573  Test abs: 7.717817876255139e-05  Test abs boundary: 4.135505019803532e-05  Time: 11.34137421194464
Epoch: 272  Train rel: 0.0077984918057918545  Test rel: 0.011378511749207974  Test abs: 7.700693211518228e-05  Test abs boundary: 3.452782519161701e-05  Time: 11.325787991750985
Epoch: 273  Train rel: 0.007550334010273218  Test rel: 0.011944652386009693  Test abs: 8.093500364338979e-05  Test abs boundary: 2.9406104658846743e-05  Time: 11.32413580501452
Epoch: 274  Train rel: 0.007351015873253345  Test rel: 0.01110912874341011  Test abs: 7.526705565396696e-05  Test abs boundary: 3.05572574143298e-05  Time: 11.336081726942211
Epoch: 275  Train rel: 0.007621235676109791  Test rel: 0.011723356246948242  Test abs: 7.961666502524167e-05  Test abs boundary: 4.594801343046129e-05  Time: 11.379619574174285
Epoch: 276  Train rel: 0.007941367734223605  Test rel: 0.011243867613375187  Test abs: 7.60550300765317e-05  Test abs boundary: 2.6427582488395272e-05  Time: 11.379204906057566
Epoch: 277  Train rel: 0.007288403861224651  Test rel: 0.01125630084425211  Test abs: 7.605545542901381e-05  Test abs boundary: 2.5539586567902005e-05  Time: 11.404456888791174
Epoch: 278  Train rel: 0.007361578606069088  Test rel: 0.011162674278020859  Test abs: 7.555286545539275e-05  Test abs boundary: 3.1127633628784676e-05  Time: 11.454419768881053
Epoch: 279  Train rel: 0.008212549455463887  Test rel: 0.011613412611186504  Test abs: 7.838934994651936e-05  Test abs boundary: 2.611395699204877e-05  Time: 11.471388600300997
Epoch: 280  Train rel: 0.00792465515434742  Test rel: 0.011509487591683864  Test abs: 7.803748012520373e-05  Test abs boundary: 3.237075870856643e-05  Time: 11.538545109797269
Epoch: 281  Train rel: 0.007083873029798269  Test rel: 0.01118801485747099  Test abs: 7.559323072200641e-05  Test abs boundary: 2.9446538610500285e-05  Time: 11.494469190947711
Epoch: 282  Train rel: 0.0073234191425144675  Test rel: 0.012449449934065342  Test abs: 8.505217818310484e-05  Test abs boundary: 2.73874220874859e-05  Time: 11.432461603078991
Epoch: 283  Train rel: 0.007296153463423252  Test rel: 0.011595310643315315  Test abs: 7.871678040828556e-05  Test abs boundary: 2.6898857977357694e-05  Time: 11.381840362213552
Epoch: 284  Train rel: 0.007029774781316519  Test rel: 0.011038385294377805  Test abs: 7.453763479134068e-05  Test abs boundary: 2.6892533205682413e-05  Time: 11.303863151930273
Epoch: 285  Train rel: 0.007118928290903569  Test rel: 0.01131689365953207  Test abs: 7.665057986741886e-05  Test abs boundary: 2.9897725180489943e-05  Time: 11.372583488933742
Epoch: 286  Train rel: 0.007445760861039162  Test rel: 0.011932625286281109  Test abs: 8.064222609391436e-05  Test abs boundary: 3.656502434751019e-05  Time: 11.340213021729141
Epoch: 287  Train rel: 0.007264415849000215  Test rel: 0.010856814719736575  Test abs: 7.344495519646443e-05  Test abs boundary: 2.86409067484783e-05  Time: 11.379314661957324
Epoch: 288  Train rel: 0.007337627429515123  Test rel: 0.011574442274868488  Test abs: 7.830060028936714e-05  Test abs boundary: 3.0659712210763244e-05  Time: 11.432055746670812
Epoch: 289  Train rel: 0.007281844496726989  Test rel: 0.012151293121278287  Test abs: 8.182076417142525e-05  Test abs boundary: 3.0550888914149256e-05  Time: 11.41589039331302
Epoch: 290  Train rel: 0.007279151704162359  Test rel: 0.01131921611726284  Test abs: 7.648571830941364e-05  Test abs boundary: 3.387538032256998e-05  Time: 11.483185922261328
Epoch: 291  Train rel: 0.007425183493643999  Test rel: 0.012308346182107925  Test abs: 8.351028198376298e-05  Test abs boundary: 2.853137906640768e-05  Time: 11.517436063848436
Epoch: 292  Train rel: 0.007193610675632954  Test rel: 0.011291622258722782  Test abs: 7.643213277333416e-05  Test abs boundary: 4.7053468151716515e-05  Time: 11.52487220428884
Epoch: 293  Train rel: 0.0071639712639153  Test rel: 0.011172902062535286  Test abs: 7.548538123955951e-05  Test abs boundary: 2.9004760726820677e-05  Time: 11.499458224978298
Epoch: 294  Train rel: 0.007032242331653833  Test rel: 0.011034662500023842  Test abs: 7.482716930098832e-05  Test abs boundary: 2.9492523390217683e-05  Time: 11.397478818427771
Epoch: 295  Train rel: 0.007196052864193917  Test rel: 0.011638220883905887  Test abs: 7.878378964960575e-05  Test abs boundary: 3.366237535374239e-05  Time: 11.389651509001851
Epoch: 296  Train rel: 0.007309749893844128  Test rel: 0.011760781444609165  Test abs: 7.944514232804068e-05  Test abs boundary: 3.612953791161999e-05  Time: 11.33760721469298
Epoch: 297  Train rel: 0.007023965012282133  Test rel: 0.01125271901488304  Test abs: 7.612795830937102e-05  Test abs boundary: 3.041743220819626e-05  Time: 11.365162524860352
Epoch: 298  Train rel: 0.007278494775295258  Test rel: 0.011123744063079357  Test abs: 7.514674245612696e-05  Test abs boundary: 2.5910261756507678e-05  Time: 11.370941159781069
Epoch: 299  Train rel: 0.006776161458343267  Test rel: 0.010860269106924534  Test abs: 7.34927821031306e-05  Test abs boundary: 2.816771055222489e-05  Time: 11.34922003094107
Epoch: 300  Train rel: 0.006860099736601114  Test rel: 0.011069963313639164  Test abs: 7.479464256903157e-05  Test abs boundary: 3.1331168429460377e-05  Time: 11.374227663036436
Epoch: 301  Train rel: 0.0068381233625113965  Test rel: 0.011097401827573777  Test abs: 7.512536671129055e-05  Test abs boundary: 2.9027886339463292e-05  Time: 11.403448284137994
Epoch: 302  Train rel: 0.006782628487795591  Test rel: 0.011058954037725926  Test abs: 7.4712781351991e-05  Test abs boundary: 2.8605132174561733e-05  Time: 11.42070039594546
Epoch: 303  Train rel: 0.0071576621755957606  Test rel: 0.01112392783164978  Test abs: 7.497351965866983e-05  Test abs boundary: 2.8616946437978185e-05  Time: 11.44535228703171
Epoch: 304  Train rel: 0.006979512553662062  Test rel: 0.011008663997054101  Test abs: 7.443258160492405e-05  Test abs boundary: 2.7923091547563672e-05  Time: 11.514151515904814
Epoch: 305  Train rel: 0.006572324797511101  Test rel: 0.01116945218294859  Test abs: 7.577783078886568e-05  Test abs boundary: 2.5887268056976607e-05  Time: 11.516934757586569
Epoch: 306  Train rel: 0.007182774975895882  Test rel: 0.011707370951771736  Test abs: 7.902321638539434e-05  Test abs boundary: 3.0637152813142164e-05  Time: 11.483147948049009
Epoch: 307  Train rel: 0.006798805229365826  Test rel: 0.01067231610417366  Test abs: 7.2195937827928e-05  Test abs boundary: 2.7517611524672247e-05  Time: 11.413460684008896
Epoch: 308  Train rel: 0.006636414561420679  Test rel: 0.010903976969420909  Test abs: 7.382995449006557e-05  Test abs boundary: 3.009690328326542e-05  Time: 11.361258149147034
Epoch: 309  Train rel: 0.006410392753779888  Test rel: 0.010847211480140687  Test abs: 7.341227377764881e-05  Test abs boundary: 3.3692947545205244e-05  Time: 11.349783981684595
Epoch: 310  Train rel: 0.006652338031679392  Test rel: 0.010765130147337914  Test abs: 7.273562863701954e-05  Test abs boundary: 3.393651502847206e-05  Time: 11.366460716817528
Epoch: 311  Train rel: 0.006609717737883329  Test rel: 0.012081388644874095  Test abs: 8.116900513414293e-05  Test abs boundary: 2.8213219848112204e-05  Time: 11.33514468697831
Epoch: 312  Train rel: 0.006974305264651775  Test rel: 0.010790226384997367  Test abs: 7.30360165471211e-05  Test abs boundary: 2.8007768851239234e-05  Time: 11.377221413888037
Epoch: 313  Train rel: 0.0062556050643324855  Test rel: 0.010679774768650532  Test abs: 7.223405948025174e-05  Test abs boundary: 3.1388103670906276e-05  Time: 11.373536551836878
Epoch: 314  Train rel: 0.00620184250548482  Test rel: 0.0107587506249547  Test abs: 7.273565177456475e-05  Test abs boundary: 2.7536202760529705e-05  Time: 11.39051203476265
Epoch: 315  Train rel: 0.006963752385228872  Test rel: 0.011093039736151696  Test abs: 7.494762816349976e-05  Test abs boundary: 2.7385351131670177e-05  Time: 11.453088536858559
Epoch: 316  Train rel: 0.007063127882778644  Test rel: 0.010766159892082214  Test abs: 7.270010755746625e-05  Test abs boundary: 2.6107761077582835e-05  Time: 11.471391120925546
Epoch: 317  Train rel: 0.006500815935432911  Test rel: 0.010947492383420467  Test abs: 7.402136150631123e-05  Test abs boundary: 3.8858128536958244e-05  Time: 11.463389680255204
Epoch: 318  Train rel: 0.006604883976280689  Test rel: 0.010852656736969947  Test abs: 7.34265084611252e-05  Test abs boundary: 2.5984642197727224e-05  Time: 11.505710247904062
Epoch: 319  Train rel: 0.006324834693223238  Test rel: 0.010736231431365014  Test abs: 7.27506099792663e-05  Test abs boundary: 2.7440244957688263e-05  Time: 11.430184035096318
Epoch: 320  Train rel: 0.006384142711758614  Test rel: 0.011248541325330734  Test abs: 7.58913456229493e-05  Test abs boundary: 3.172086690028664e-05  Time: 11.371564228087664
Epoch: 321  Train rel: 0.0065527185872197155  Test rel: 0.01173560157418251  Test abs: 7.920509029645473e-05  Test abs boundary: 3.045467768970411e-05  Time: 11.37948898319155
Epoch: 322  Train rel: 0.006220117133110762  Test rel: 0.010732408799231052  Test abs: 7.256306635099463e-05  Test abs boundary: 2.5688703171908855e-05  Time: 11.316823035944253
Epoch: 323  Train rel: 0.0064266201667487624  Test rel: 0.010925262346863746  Test abs: 7.38318004005123e-05  Test abs boundary: 2.567764895502478e-05  Time: 11.35609104624018
Epoch: 324  Train rel: 0.006318266227841377  Test rel: 0.010814009495079517  Test abs: 7.31311812705826e-05  Test abs boundary: 2.4469009731546975e-05  Time: 11.31996743613854
Epoch: 325  Train rel: 0.006248530346900225  Test rel: 0.01080639686435461  Test abs: 7.318055722862482e-05  Test abs boundary: 2.862254208594095e-05  Time: 11.34613568522036
Epoch: 326  Train rel: 0.006428580451756716  Test rel: 0.010723660849034786  Test abs: 7.260015234351159e-05  Test abs boundary: 2.9275895067257806e-05  Time: 11.364270698744804
Epoch: 327  Train rel: 0.0060382473878562454  Test rel: 0.010576433949172497  Test abs: 7.143146183807402e-05  Test abs boundary: 2.5170712324324994e-05  Time: 11.396291350014508
Epoch: 328  Train rel: 0.006275542512536049  Test rel: 0.010613007619976998  Test abs: 7.180270113167353e-05  Test abs boundary: 2.9773958303849212e-05  Time: 11.409676536917686
Epoch: 329  Train rel: 0.006064393777400255  Test rel: 0.011033847630023956  Test abs: 7.450398727087303e-05  Test abs boundary: 2.7197024028282613e-05  Time: 11.437789174728096
Epoch: 330  Train rel: 0.006370441075414419  Test rel: 0.010831522718071938  Test abs: 7.334844704018906e-05  Test abs boundary: 2.7387297013774514e-05  Time: 11.511059192940593
Epoch: 331  Train rel: 0.006428997673094273  Test rel: 0.010774273760616779  Test abs: 7.278410499566235e-05  Test abs boundary: 2.943191007943824e-05  Time: 11.468260328751057
Epoch: 332  Train rel: 0.0059165342450141906  Test rel: 0.010495056249201298  Test abs: 7.098447342286818e-05  Test abs boundary: 2.4756481507210993e-05  Time: 11.425543556921184
Epoch: 333  Train rel: 0.006224256999790669  Test rel: 0.010795094482600688  Test abs: 7.311532026506029e-05  Test abs boundary: 3.0083685778663494e-05  Time: 11.393938524182886
Epoch: 334  Train rel: 0.006072729356586933  Test rel: 0.010649677887558938  Test abs: 7.203363769804127e-05  Test abs boundary: 2.5893382116919382e-05  Time: 11.330685703083873
Epoch: 335  Train rel: 0.006315564524382353  Test rel: 0.010542725771665573  Test abs: 7.129657606128604e-05  Test abs boundary: 2.8683561176876537e-05  Time: 11.326167491264641
Epoch: 336  Train rel: 0.006224852200597525  Test rel: 0.01139048095792532  Test abs: 7.669495840673335e-05  Test abs boundary: 2.638245132402517e-05  Time: 11.649243146181107
Epoch: 337  Train rel: 0.005897924028337002  Test rel: 0.010599197149276733  Test abs: 7.174465674324892e-05  Test abs boundary: 2.5809084690990857e-05  Time: 11.336099731270224
Epoch: 338  Train rel: 0.005745081175118685  Test rel: 0.010886625461280346  Test abs: 7.359203271334992e-05  Test abs boundary: 2.9533536071539857e-05  Time: 11.350889851804823
Epoch: 339  Train rel: 0.005730476152151823  Test rel: 0.010499363206326962  Test abs: 7.101562805473804e-05  Test abs boundary: 2.6337257077102548e-05  Time: 11.426847595721483
Epoch: 340  Train rel: 0.005597196370363235  Test rel: 0.010522107258439065  Test abs: 7.115940257790499e-05  Test abs boundary: 2.571375560364686e-05  Time: 11.64592142496258
Epoch: 341  Train rel: 0.005738584771752358  Test rel: 0.010652058944106101  Test abs: 7.208165217889473e-05  Test abs boundary: 2.7830060207634234e-05  Time: 11.450577327050269
Epoch: 342  Train rel: 0.005860126726329327  Test rel: 0.010555238202214242  Test abs: 7.131236779969185e-05  Test abs boundary: 2.5769738058443182e-05  Time: 14.848672081716359
Epoch: 343  Train rel: 0.005664954170584679  Test rel: 0.010948757790029049  Test abs: 7.421378555591218e-05  Test abs boundary: 3.435479360632598e-05  Time: 11.461129435803741
Epoch: 344  Train rel: 0.005668506626039744  Test rel: 0.01046017326414585  Test abs: 7.069265033351258e-05  Test abs boundary: 2.6238628779537977e-05  Time: 11.50635203672573
Epoch: 345  Train rel: 0.00562496680021286  Test rel: 0.010507041215896606  Test abs: 7.097868292476051e-05  Test abs boundary: 2.8966071840841324e-05  Time: 11.437969957012683
Epoch: 346  Train rel: 0.005794352106750012  Test rel: 0.010855286233127117  Test abs: 7.34242593171075e-05  Test abs boundary: 2.6554578871582633e-05  Time: 11.424385158810765
Epoch: 347  Train rel: 0.0061075898408889774  Test rel: 0.010686758160591125  Test abs: 7.232632604427636e-05  Test abs boundary: 2.7770309752668254e-05  Time: 11.339214229024947
Epoch: 348  Train rel: 0.005916684530675411  Test rel: 0.01059219978749752  Test abs: 7.171085162553937e-05  Test abs boundary: 3.437070219661109e-05  Time: 11.323164389003068
Epoch: 349  Train rel: 0.005745290014892816  Test rel: 0.010564712770283223  Test abs: 7.148272707127034e-05  Test abs boundary: 2.789231606584508e-05  Time: 11.327200069092214
Epoch: 350  Train rel: 0.005493757706135511  Test rel: 0.010381885766983033  Test abs: 7.024292310234159e-05  Test abs boundary: 2.5201928001479245e-05  Time: 11.327537377830595
Epoch: 351  Train rel: 0.0054079778753221034  Test rel: 0.01038747888058424  Test abs: 7.01906111498829e-05  Test abs boundary: 2.7114013355458156e-05  Time: 11.339589539915323
Epoch: 352  Train rel: 0.005895728304982186  Test rel: 0.011703030616044998  Test abs: 7.935776782687754e-05  Test abs boundary: 2.769293358142022e-05  Time: 11.407018674071878
Epoch: 353  Train rel: 0.006057989772409201  Test rel: 0.01043424092233181  Test abs: 7.066979916999117e-05  Test abs boundary: 2.5111640352406538e-05  Time: 11.432319468818605
Epoch: 354  Train rel: 0.005556539814919234  Test rel: 0.010422604009509086  Test abs: 7.045104095595889e-05  Test abs boundary: 2.8043093989253977e-05  Time: 11.442822156008333
Epoch: 355  Train rel: 0.00537740308046341  Test rel: 0.01047435287386179  Test abs: 7.085633580572904e-05  Test abs boundary: 2.7287195771350525e-05  Time: 11.471264203079045
Epoch: 356  Train rel: 0.00531789406761527  Test rel: 0.010543148182332516  Test abs: 7.143021619413048e-05  Test abs boundary: 2.51061370363459e-05  Time: 11.49387040315196
Epoch: 357  Train rel: 0.005402902524918317  Test rel: 0.010439409725368023  Test abs: 7.05112746800296e-05  Test abs boundary: 2.473216642101761e-05  Time: 11.468750977888703
Epoch: 358  Train rel: 0.005382929723709822  Test rel: 0.010216269083321095  Test abs: 6.90723788284231e-05  Test abs boundary: 2.6350379775976763e-05  Time: 11.431643737945706
Epoch: 359  Train rel: 0.005296762529760599  Test rel: 0.010366528630256652  Test abs: 7.00969819445163e-05  Test abs boundary: 2.63915990217356e-05  Time: 11.340721907559782
Epoch: 360  Train rel: 0.005230971962213516  Test rel: 0.010295234434306622  Test abs: 6.963497551623732e-05  Test abs boundary: 2.4091229715850204e-05  Time: 11.326798152644187
Epoch: 361  Train rel: 0.005122222721576691  Test rel: 0.010216991156339646  Test abs: 6.912681128596887e-05  Test abs boundary: 2.562319285061676e-05  Time: 11.330207152757794
Epoch: 362  Train rel: 0.005395891215652228  Test rel: 0.010296384133398532  Test abs: 6.965952590689994e-05  Test abs boundary: 2.851096745871473e-05  Time: 11.3707954143174
Epoch: 363  Train rel: 0.005402492169290781  Test rel: 0.010395984686911107  Test abs: 7.039793359581381e-05  Test abs boundary: 2.4258117482531814e-05  Time: 11.340035860892385
Epoch: 364  Train rel: 0.005418346609920264  Test rel: 0.010346537120640278  Test abs: 7.004622690146788e-05  Test abs boundary: 2.584874913736712e-05  Time: 11.355744060128927
Epoch: 365  Train rel: 0.005453192755579948  Test rel: 0.010308166705071927  Test abs: 6.973563358769752e-05  Test abs boundary: 2.7481568977236748e-05  Time: 11.395106608048081
Epoch: 366  Train rel: 0.00525339899584651  Test rel: 0.010566355176270009  Test abs: 7.133122053346597e-05  Test abs boundary: 2.501191462215502e-05  Time: 11.455326971132308
Epoch: 367  Train rel: 0.00513676131144166  Test rel: 0.010204937271773816  Test abs: 6.895045924466104e-05  Test abs boundary: 2.4937276757555084e-05  Time: 11.45628497004509
Epoch: 368  Train rel: 0.005006553322076798  Test rel: 0.010298543348908425  Test abs: 6.96928107936401e-05  Test abs boundary: 2.5403447143617086e-05  Time: 11.510657068807632
Epoch: 369  Train rel: 0.005146390713751316  Test rel: 0.010259554870426655  Test abs: 6.941998843103648e-05  Test abs boundary: 2.481482835719362e-05  Time: 11.521035767160356
Epoch: 370  Train rel: 0.005203872207552194  Test rel: 0.010461411103606225  Test abs: 7.072839522152207e-05  Test abs boundary: 2.6161901259911247e-05  Time: 11.476903821341693
Epoch: 371  Train rel: 0.005202213987708091  Test rel: 0.010171475484967232  Test abs: 6.877992942463606e-05  Test abs boundary: 2.51484945329139e-05  Time: 11.410738790873438
Epoch: 372  Train rel: 0.0050671763084828856  Test rel: 0.010367410369217395  Test abs: 7.000018944381736e-05  Test abs boundary: 2.415219132672064e-05  Time: 11.370462643913925
Epoch: 373  Train rel: 0.005015255633741617  Test rel: 0.0101634281873703  Test abs: 6.876220271806232e-05  Test abs boundary: 2.4602104749646968e-05  Time: 11.378485927823931
Epoch: 374  Train rel: 0.005414531175047159  Test rel: 0.010382367298007011  Test abs: 7.027756510069594e-05  Test abs boundary: 2.4819345562718808e-05  Time: 11.333368147257715
Epoch: 375  Train rel: 0.005438745807856321  Test rel: 0.010255451537668705  Test abs: 6.936761506949551e-05  Test abs boundary: 2.3905362468212843e-05  Time: 11.33498421870172
Epoch: 376  Train rel: 0.005177250392735005  Test rel: 0.010199827924370766  Test abs: 6.896987644722686e-05  Test abs boundary: 2.7777130890171974e-05  Time: 11.353233580011874
Epoch: 377  Train rel: 0.00491728051006794  Test rel: 0.010208092071115971  Test abs: 6.902619803440757e-05  Test abs boundary: 2.8958811089978553e-05  Time: 11.383058272767812
Epoch: 378  Train rel: 0.004859469398856163  Test rel: 0.010206643082201481  Test abs: 6.899109066580423e-05  Test abs boundary: 2.4629508552607148e-05  Time: 11.434679535683244
Epoch: 379  Train rel: 0.004871584633365273  Test rel: 0.010646296069025993  Test abs: 7.22470774780959e-05  Test abs boundary: 2.5906650553224608e-05  Time: 11.44791834289208
Epoch: 380  Train rel: 0.00499880762770772  Test rel: 0.01047091580927372  Test abs: 7.090815735864453e-05  Test abs boundary: 2.466584635840263e-05  Time: 11.470841077156365
Epoch: 381  Train rel: 0.005042493678629399  Test rel: 0.010309799909591674  Test abs: 6.982791295740753e-05  Test abs boundary: 2.4128792792907915e-05  Time: 11.516569923143834
Epoch: 382  Train rel: 0.004940323173999787  Test rel: 0.010257885716855526  Test abs: 6.942705644178205e-05  Test abs boundary: 2.3573842336190866e-05  Time: 11.493625127710402
Epoch: 383  Train rel: 0.004900602467358113  Test rel: 0.010301112309098243  Test abs: 6.971879251068459e-05  Test abs boundary: 2.5652283147792333e-05  Time: 11.449816529173404
Epoch: 384  Train rel: 0.004786926770582795  Test rel: 0.010149048864841461  Test abs: 6.859061875729821e-05  Test abs boundary: 2.367086592130363e-05  Time: 11.39862792333588
Epoch: 385  Train rel: 0.004939159948378801  Test rel: 0.010366860292851925  Test abs: 7.007111416896805e-05  Test abs boundary: 2.541818997997325e-05  Time: 11.373515859711915
Epoch: 386  Train rel: 0.004835370980203152  Test rel: 0.01034820631146431  Test abs: 6.988253211602569e-05  Test abs boundary: 2.4549918452976272e-05  Time: 11.327242909930646
Epoch: 387  Train rel: 0.004721469899639487  Test rel: 0.010102189034223557  Test abs: 6.83388976904098e-05  Test abs boundary: 2.4040851567406207e-05  Time: 11.333066225983202
Epoch: 388  Train rel: 0.004625188628211618  Test rel: 0.01017855953425169  Test abs: 6.885803333716466e-05  Test abs boundary: 2.543504087952897e-05  Time: 11.377674764022231
Epoch: 389  Train rel: 0.0046736874207854275  Test rel: 0.01012322999536991  Test abs: 6.843814786407165e-05  Test abs boundary: 2.4018684125621804e-05  Time: 11.359747998882085
Epoch: 390  Train rel: 0.004662874802947045  Test rel: 0.010186797194182872  Test abs: 6.89595373114571e-05  Test abs boundary: 2.5577140258974397e-05  Time: 11.387038446962833
Epoch: 391  Train rel: 0.004624876344576478  Test rel: 0.010142527632415294  Test abs: 6.85808689740952e-05  Test abs boundary: 2.4513907701475545e-05  Time: 11.47542508970946
Epoch: 392  Train rel: 0.00462091276794672  Test rel: 0.01022446058690548  Test abs: 6.92262344819028e-05  Test abs boundary: 2.32997124112444e-05  Time: 11.460985354147851
Epoch: 393  Train rel: 0.004614570008590817  Test rel: 0.010286893397569656  Test abs: 6.967536261072382e-05  Test abs boundary: 2.398835204076022e-05  Time: 11.512113518081605
Epoch: 394  Train rel: 0.004739905755966902  Test rel: 0.010213243067264557  Test abs: 6.902703040395864e-05  Test abs boundary: 2.4070610234048217e-05  Time: 11.49298741389066
Epoch: 395  Train rel: 0.004623933074995875  Test rel: 0.010160270407795905  Test abs: 6.870240351418033e-05  Test abs boundary: 2.6041325982077977e-05  Time: 11.472279503010213
Epoch: 396  Train rel: 0.0045486497022211555  Test rel: 0.010162550322711468  Test abs: 6.867870877613313e-05  Test abs boundary: 2.3782268617651424e-05  Time: 11.462082213256508
Epoch: 397  Train rel: 0.004702593402937055  Test rel: 0.010223073475062848  Test abs: 6.923126944457181e-05  Test abs boundary: 2.509295067284256e-05  Time: 11.412292251829058
Epoch: 398  Train rel: 0.004577210454270244  Test rel: 0.010121908709406853  Test abs: 6.84732262743637e-05  Test abs boundary: 2.505793650925625e-05  Time: 11.33712952490896
Epoch: 399  Train rel: 0.004577179862186313  Test rel: 0.01012305062264204  Test abs: 6.848080563941039e-05  Test abs boundary: 2.435432201309595e-05  Time: 11.337762385141104
Epoch: 400  Train rel: 0.004553799210116267  Test rel: 0.010058837682008744  Test abs: 6.802636460633948e-05  Test abs boundary: 2.484119606378954e-05  Time: 11.372989582829177
Epoch: 401  Train rel: 0.00448520646058023  Test rel: 0.010106572210788726  Test abs: 6.831725229858421e-05  Test abs boundary: 2.4584118218626827e-05  Time: 11.383455262053758
Epoch: 402  Train rel: 0.004549293279647827  Test rel: 0.01009046483784914  Test abs: 6.819612390245311e-05  Test abs boundary: 2.4723251990508287e-05  Time: 11.393752933945507
Epoch: 403  Train rel: 0.004494157187640667  Test rel: 0.010104507245123386  Test abs: 6.830009180703201e-05  Test abs boundary: 2.466664467647206e-05  Time: 11.378348106984049
Epoch: 404  Train rel: 0.004404325066134334  Test rel: 0.00999898862093687  Test abs: 6.764555524569005e-05  Test abs boundary: 2.3602415312780066e-05  Time: 11.447639883961529
Epoch: 405  Train rel: 0.004373823186382651  Test rel: 0.010113619305193423  Test abs: 6.838192799477837e-05  Test abs boundary: 2.4791062824078835e-05  Time: 11.480483230669051
Epoch: 406  Train rel: 0.004359020574018359  Test rel: 0.010132090896368027  Test abs: 6.85856121708639e-05  Test abs boundary: 2.3768402825226077e-05  Time: 11.474717624019831
Epoch: 407  Train rel: 0.004373391404747963  Test rel: 0.010043388418853282  Test abs: 6.787540260120296e-05  Test abs boundary: 2.3688782748649827e-05  Time: 11.523437352851033
Epoch: 408  Train rel: 0.004402029179036617  Test rel: 0.010066339187324047  Test abs: 6.803370648412965e-05  Test abs boundary: 2.4557320211897605e-05  Time: 11.488668953068554
Epoch: 409  Train rel: 0.004414609042927623  Test rel: 0.010060806907713413  Test abs: 6.797555804951117e-05  Test abs boundary: 2.576980259618722e-05  Time: 11.438998928293586
Epoch: 410  Train rel: 0.004471818771213293  Test rel: 0.010133379511535168  Test abs: 6.855917090433649e-05  Test abs boundary: 2.4033003428485243e-05  Time: 11.419448614120483
Epoch: 411  Train rel: 0.004351618032902479  Test rel: 0.010103187114000321  Test abs: 6.836881657363847e-05  Test abs boundary: 2.3528449528384954e-05  Time: 11.384947401005775
Epoch: 412  Train rel: 0.004263433963060379  Test rel: 0.010075315274298191  Test abs: 6.806969468016177e-05  Test abs boundary: 2.3444163816748186e-05  Time: 11.367609673179686
Epoch: 413  Train rel: 0.004269255790859461  Test rel: 0.010071586351841688  Test abs: 6.807581914472394e-05  Test abs boundary: 2.5020983230206184e-05  Time: 11.410964482929558
Epoch: 414  Train rel: 0.00422389873303473  Test rel: 0.010017262920737267  Test abs: 6.775072644813917e-05  Test abs boundary: 2.468029037117958e-05  Time: 11.34037327580154
Epoch: 415  Train rel: 0.004236426079645753  Test rel: 0.010037320367991924  Test abs: 6.786954632843845e-05  Test abs boundary: 2.3921196989249437e-05  Time: 11.36596117541194
Epoch: 416  Train rel: 0.004237273201346398  Test rel: 0.010107449144124986  Test abs: 6.836574946646579e-05  Test abs boundary: 2.4153404083335773e-05  Time: 11.391537548974156
Epoch: 417  Train rel: 0.004204406525939703  Test rel: 0.010029300004243851  Test abs: 6.779362898669206e-05  Test abs boundary: 2.411938148725312e-05  Time: 11.47556619020179
Epoch: 418  Train rel: 0.004166922843083739  Test rel: 0.009991447068750858  Test abs: 6.755213573342189e-05  Test abs boundary: 2.335735276574269e-05  Time: 11.459363025147468
Epoch: 419  Train rel: 0.004180861745029688  Test rel: 0.010013747178018093  Test abs: 6.765794358216227e-05  Test abs boundary: 2.404457358352374e-05  Time: 11.51886426564306
Epoch: 420  Train rel: 0.004174538373947143  Test rel: 0.010058657191693783  Test abs: 6.80088612716645e-05  Test abs boundary: 2.470813153195195e-05  Time: 11.523912177421153
Epoch: 421  Train rel: 0.00415917145088315  Test rel: 0.01003950159996748  Test abs: 6.78543298272416e-05  Test abs boundary: 2.3820466158213093e-05  Time: 11.459578363690525
Epoch: 422  Train rel: 0.004135331749916077  Test rel: 0.010081892497837544  Test abs: 6.823284667916595e-05  Test abs boundary: 2.3841730144340545e-05  Time: 11.436977541074157
Epoch: 423  Train rel: 0.004159362828359008  Test rel: 0.010019103959202767  Test abs: 6.779178147553466e-05  Test abs boundary: 2.4150427780114114e-05  Time: 11.352097867056727
Epoch: 424  Train rel: 0.004141251169145107  Test rel: 0.010056874565780163  Test abs: 6.801772222388536e-05  Test abs boundary: 2.4331980966962874e-05  Time: 11.34815427288413
Epoch: 425  Train rel: 0.0040996170565485955  Test rel: 0.010001732148230075  Test abs: 6.761458862456494e-05  Test abs boundary: 2.4942891250248068e-05  Time: 11.376731702126563
Epoch: 426  Train rel: 0.00407955189794302  Test rel: 0.009998620562255383  Test abs: 6.762857752619311e-05  Test abs boundary: 2.4318737341673114e-05  Time: 11.381147051695734
Epoch: 427  Train rel: 0.004059400292113423  Test rel: 0.009993300549685955  Test abs: 6.7577602021629e-05  Test abs boundary: 2.4520981387468055e-05  Time: 11.362410419154912
Epoch: 428  Train rel: 0.004028316562995315  Test rel: 0.009986770153045655  Test abs: 6.751771783456207e-05  Test abs boundary: 2.352065173909068e-05  Time: 11.39808958210051
Epoch: 429  Train rel: 0.004043835248798132  Test rel: 0.010025013089179993  Test abs: 6.7719880171353e-05  Test abs boundary: 2.349615802813787e-05  Time: 11.4319585012272
Epoch: 430  Train rel: 0.004035238130018115  Test rel: 0.010010954197496176  Test abs: 6.765174330212176e-05  Test abs boundary: 2.40724123432301e-05  Time: 11.449769426137209
Epoch: 431  Train rel: 0.004071720365434885  Test rel: 0.010017971880733967  Test abs: 6.773077577236108e-05  Test abs boundary: 2.3683289837208575e-05  Time: 11.51560085406527
Epoch: 432  Train rel: 0.004005758885294199  Test rel: 0.009989293701946735  Test abs: 6.75445221713744e-05  Test abs boundary: 2.6109932805411517e-05  Time: 11.490744867362082
Epoch: 433  Train rel: 0.003976705931127072  Test rel: 0.009991967342793942  Test abs: 6.756936243618839e-05  Test abs boundary: 2.4191989505197854e-05  Time: 11.495546222198755
Epoch: 434  Train rel: 0.003955172447487712  Test rel: 0.009967501275241375  Test abs: 6.739990116329864e-05  Test abs boundary: 2.3212937085190786e-05  Time: 11.489554221276194
Epoch: 435  Train rel: 0.0039864149261266  Test rel: 0.01000507090240717  Test abs: 6.7595562140923e-05  Test abs boundary: 2.41053899662802e-05  Time: 11.438292213249952
Epoch: 436  Train rel: 0.004035028714686632  Test rel: 0.009996678866446018  Test abs: 6.759099283954129e-05  Test abs boundary: 2.347199013456702e-05  Time: 11.400409050751477
Epoch: 437  Train rel: 0.003958335995674133  Test rel: 0.009942938983440399  Test abs: 6.723935439367779e-05  Test abs boundary: 2.3420882789650933e-05  Time: 11.339494918938726
Epoch: 438  Train rel: 0.0039635097626596685  Test rel: 0.00999796774238348  Test abs: 6.761959186405874e-05  Test abs boundary: 2.545380455558188e-05  Time: 11.383989920839667
Epoch: 439  Train rel: 0.0039293009079992775  Test rel: 0.00998208325356245  Test abs: 6.748917658114806e-05  Test abs boundary: 2.368019166169688e-05  Time: 11.349715801887214
Epoch: 440  Train rel: 0.003905363002792001  Test rel: 0.009971998650580644  Test abs: 6.741445540683343e-05  Test abs boundary: 2.3969563335413115e-05  Time: 11.412090751342475
Epoch: 441  Train rel: 0.0038892847094684838  Test rel: 0.0099681787006557  Test abs: 6.740365075529553e-05  Test abs boundary: 2.3393712035613133e-05  Time: 11.40270342072472
Epoch: 442  Train rel: 0.0038775212857872247  Test rel: 0.00995554395020008  Test abs: 6.731588146067225e-05  Test abs boundary: 2.4486577458446846e-05  Time: 11.475809813011438
Epoch: 443  Train rel: 0.0038744660448282956  Test rel: 0.009992436096072197  Test abs: 6.757026669220068e-05  Test abs boundary: 2.369324349274393e-05  Time: 11.451203011907637
Epoch: 444  Train rel: 0.0038701527900993826  Test rel: 0.009974937923252582  Test abs: 6.745571095962078e-05  Test abs boundary: 2.3426627594744788e-05  Time: 11.478835239075124
Epoch: 445  Train rel: 0.0038707922399044037  Test rel: 0.009978683479130269  Test abs: 6.743916441337205e-05  Test abs boundary: 2.369358902797103e-05  Time: 11.499282762873918
Epoch: 446  Train rel: 0.0038536217380315064  Test rel: 0.009956947900354863  Test abs: 6.733569811331109e-05  Test abs boundary: 2.3610759453731588e-05  Time: 11.506324944086373
Epoch: 447  Train rel: 0.0038302152510732413  Test rel: 0.009939401485025883  Test abs: 6.719280645484105e-05  Test abs boundary: 2.3937549340189434e-05  Time: 11.428420132026076
Epoch: 448  Train rel: 0.003829861456528306  Test rel: 0.009959007818251849  Test abs: 6.733421789249405e-05  Test abs boundary: 2.3464564583264293e-05  Time: 11.386828957591206
Epoch: 449  Train rel: 0.0038277033716440203  Test rel: 0.009945010654628278  Test abs: 6.721827245200984e-05  Test abs boundary: 2.339747043151874e-05  Time: 11.385692992713302
Epoch: 450  Train rel: 0.0038179195635020735  Test rel: 0.009953883439302445  Test abs: 6.729204236762599e-05  Test abs boundary: 2.3329023824771867e-05  Time: 11.34186893608421
Epoch: 451  Train rel: 0.003809124007821083  Test rel: 0.009944774229079485  Test abs: 6.724312057485803e-05  Test abs boundary: 2.3491070824093185e-05  Time: 11.393646070733666
Epoch: 452  Train rel: 0.003795523265376687  Test rel: 0.009950862769037484  Test abs: 6.727771498844959e-05  Test abs boundary: 2.3633569217054173e-05  Time: 11.360267392359674
Epoch: 453  Train rel: 0.0037926282063126563  Test rel: 0.009967063926160336  Test abs: 6.742110446793958e-05  Test abs boundary: 2.346317982301116e-05  Time: 11.394336785655469
Epoch: 454  Train rel: 0.0037875466141849756  Test rel: 0.00994905648753047  Test abs: 6.726665218593552e-05  Test abs boundary: 2.3541312984889373e-05  Time: 11.45701424498111
Epoch: 455  Train rel: 0.0037809423841536046  Test rel: 0.009984037205576897  Test abs: 6.753298381227068e-05  Test abs boundary: 2.32799795048777e-05  Time: 11.482541634701192
Epoch: 456  Train rel: 0.0037662841249257325  Test rel: 0.009963450599461793  Test abs: 6.735242088325322e-05  Test abs boundary: 2.3783062642905863e-05  Time: 11.458169817458838
Epoch: 457  Train rel: 0.0037633352279663086  Test rel: 0.009966041538864373  Test abs: 6.737978750606999e-05  Test abs boundary: 2.3363102227449416e-05  Time: 11.489524657838047
Epoch: 458  Train rel: 0.0037690477538853883  Test rel: 0.00996434960514307  Test abs: 6.737863368471153e-05  Test abs boundary: 2.3603120862389915e-05  Time: 11.495508305262774
Epoch: 459  Train rel: 0.0037529963720589875  Test rel: 0.009960333965718746  Test abs: 6.735424132784828e-05  Test abs boundary: 2.35861827241024e-05  Time: 11.492085680831224
Epoch: 460  Train rel: 0.003743790863081813  Test rel: 0.009952739290893077  Test abs: 6.730407825671136e-05  Test abs boundary: 2.342399107874371e-05  Time: 11.446049618069082
Epoch: 461  Train rel: 0.003735706243664026  Test rel: 0.009947856292128562  Test abs: 6.725480328896082e-05  Test abs boundary: 2.3471972308470868e-05  Time: 11.404574091080576
Epoch: 462  Train rel: 0.0037316097859293224  Test rel: 0.009951534457504749  Test abs: 6.728953696438111e-05  Test abs boundary: 2.3648504284210504e-05  Time: 11.342392350081354
Epoch: 463  Train rel: 0.003721455032005906  Test rel: 0.009948756024241447  Test abs: 6.72501337248832e-05  Test abs boundary: 2.3455733025912195e-05  Time: 11.345724660903215
Epoch: 464  Train rel: 0.003729620760306716  Test rel: 0.009957302622497081  Test abs: 6.731562345521524e-05  Test abs boundary: 2.3734461647109127e-05  Time: 11.352410074789077
Epoch: 465  Train rel: 0.0037147770039737227  Test rel: 0.009941138122230768  Test abs: 6.720348232192918e-05  Test abs boundary: 2.3437413256033322e-05  Time: 11.366388132795691
Epoch: 466  Train rel: 0.0037058128993958236  Test rel: 0.009954207316040993  Test abs: 6.730332228471525e-05  Test abs boundary: 2.3614623496541754e-05  Time: 11.399148231837898
Epoch: 467  Train rel: 0.0037007143218070267  Test rel: 0.009949749819934368  Test abs: 6.72665482852608e-05  Test abs boundary: 2.345369961403776e-05  Time: 11.456976683810353
Epoch: 468  Train rel: 0.003701778121292591  Test rel: 0.009959640987217426  Test abs: 6.73352244484704e-05  Test abs boundary: 2.359706093557179e-05  Time: 11.481762391049415
Epoch: 469  Train rel: 0.003692029144614935  Test rel: 0.00996824488043785  Test abs: 6.741645745933055e-05  Test abs boundary: 2.340041333809495e-05  Time: 11.497524266131222
Epoch: 470  Train rel: 0.0036920942403376104  Test rel: 0.009942372739315032  Test abs: 6.721940619172528e-05  Test abs boundary: 2.3518723755842073e-05  Time: 11.509865373838693
Epoch: 471  Train rel: 0.003684939004480839  Test rel: 0.009944491479545832  Test abs: 6.723551952745765e-05  Test abs boundary: 2.3300572793232276e-05  Time: 11.495712155941874
Epoch: 472  Train rel: 0.0036787130758166313  Test rel: 0.009934553243219853  Test abs: 6.716098214383237e-05  Test abs boundary: 2.3629575516679323e-05  Time: 11.511947157792747
Epoch: 473  Train rel: 0.0036758633721619845  Test rel: 0.009953437875956296  Test abs: 6.729466156684793e-05  Test abs boundary: 2.364818355999887e-05  Time: 11.432247707154602
Epoch: 474  Train rel: 0.0036706611718982456  Test rel: 0.009941231161355972  Test abs: 6.721328783896751e-05  Test abs boundary: 2.3488661245210096e-05  Time: 11.393203186336905
Epoch: 475  Train rel: 0.0036669388264417646  Test rel: 0.009950543008744716  Test abs: 6.727636966388672e-05  Test abs boundary: 2.3953562558745033e-05  Time: 11.347418973222375
Epoch: 476  Train rel: 0.003661462349817157  Test rel: 0.009949967376887798  Test abs: 6.7282676754985e-05  Test abs boundary: 2.34488258138299e-05  Time: 11.339044733904302
Epoch: 477  Train rel: 0.0036612247936427594  Test rel: 0.009945154525339603  Test abs: 6.723708589561284e-05  Test abs boundary: 2.375037074671127e-05  Time: 11.380201802123338
Epoch: 478  Train rel: 0.0036562897451221945  Test rel: 0.009943288322538137  Test abs: 6.722522273776121e-05  Test abs boundary: 2.358672718401067e-05  Time: 11.34732484165579
Epoch: 479  Train rel: 0.003653029602020979  Test rel: 0.009939068481326103  Test abs: 6.717819313053042e-05  Test abs boundary: 2.3691484238952397e-05  Time: 11.362696120049804
Epoch: 480  Train rel: 0.003651305602863431  Test rel: 0.009946341440081597  Test abs: 6.724125298205763e-05  Test abs boundary: 2.342327221413143e-05  Time: 11.434738938696682
Epoch: 481  Train rel: 0.0036444100998342037  Test rel: 0.009937678538262844  Test abs: 6.719534198055044e-05  Test abs boundary: 2.3659981234231964e-05  Time: 11.432056947145611
Epoch: 482  Train rel: 0.0036437423303723334  Test rel: 0.009943321198225021  Test abs: 6.722977428580635e-05  Test abs boundary: 2.370810972934123e-05  Time: 11.459784179925919
Epoch: 483  Train rel: 0.003642637353390455  Test rel: 0.009941058941185474  Test abs: 6.721233439748176e-05  Test abs boundary: 2.3710742170806042e-05  Time: 11.47736468911171
Epoch: 484  Train rel: 0.0036383277755230666  Test rel: 0.009941414892673493  Test abs: 6.720910489093512e-05  Test abs boundary: 2.3588782423757947e-05  Time: 11.483753522858024
Epoch: 485  Train rel: 0.0036353987455368044  Test rel: 0.009947861395776272  Test abs: 6.725948362145572e-05  Test abs boundary: 2.3414219176629557e-05  Time: 11.47711630212143
Epoch: 486  Train rel: 0.0036321376767009497  Test rel: 0.009939114302396775  Test abs: 6.719431912642904e-05  Test abs boundary: 2.3431766167050227e-05  Time: 11.448051249142736
Epoch: 487  Train rel: 0.003631611319258809  Test rel: 0.00993735522031784  Test abs: 6.71783069265075e-05  Test abs boundary: 2.360196398512926e-05  Time: 11.43051707232371
Epoch: 488  Train rel: 0.0036293808910995724  Test rel: 0.009944457914680243  Test abs: 6.722866164636798e-05  Test abs boundary: 2.3534747015219182e-05  Time: 11.403999703004956
Epoch: 489  Train rel: 0.0036271613612771036  Test rel: 0.009945767242461443  Test abs: 6.725359678966925e-05  Test abs boundary: 2.3583308429806493e-05  Time: 11.394966107327491
Epoch: 490  Train rel: 0.0036257416903972624  Test rel: 0.00993715051561594  Test abs: 6.717522366670891e-05  Test abs boundary: 2.3511368926847353e-05  Time: 11.342140298336744
Epoch: 491  Train rel: 0.003624588208273053  Test rel: 0.009938026685267687  Test abs: 6.718824995914474e-05  Test abs boundary: 2.352993789827451e-05  Time: 11.35554209863767
Epoch: 492  Train rel: 0.0036233925595879554  Test rel: 0.009940512236207724  Test abs: 6.720027333358303e-05  Test abs boundary: 2.3536943408544176e-05  Time: 11.375982793979347
Epoch: 493  Train rel: 0.0036209328919649124  Test rel: 0.009942444153130054  Test abs: 6.722164092934691e-05  Test abs boundary: 2.364748885156587e-05  Time: 11.43211215781048
Epoch: 494  Train rel: 0.0036208325549960136  Test rel: 0.009943295568227768  Test abs: 6.722826423356309e-05  Test abs boundary: 2.357118522922974e-05  Time: 11.44474424328655
Epoch: 495  Train rel: 0.0036184453926980495  Test rel: 0.009941569250077009  Test abs: 6.721194120473228e-05  Test abs boundary: 2.359367470489815e-05  Time: 11.431650436017662
Epoch: 496  Train rel: 0.003618118979036808  Test rel: 0.009943796340376138  Test abs: 6.723279628204182e-05  Test abs boundary: 2.3459785879822447e-05  Time: 11.460317276418209
Epoch: 497  Train rel: 0.0036181366574019195  Test rel: 0.009938487224280835  Test abs: 6.719453172991052e-05  Test abs boundary: 2.354645017476287e-05  Time: 11.47319393698126
Epoch: 498  Train rel: 0.0036165118552744387  Test rel: 0.009940874483436345  Test abs: 6.720330260577612e-05  Test abs boundary: 2.3571083802380598e-05  Time: 11.458019935991615
Epoch: 499  Train rel: 0.0036163677386939525  Test rel: 0.009935420230031014  Test abs: 6.71668593713548e-05  Test abs boundary: 2.346594090340659e-05  Time: 11.436869558878243
