dir now: /lustre/home/2200010870/works/NeuralOperator/GreenFunction
data_in.shape: (1324, 421, 421)
data_out.shape (1324, 421, 421)
x_train.shape:  torch.Size([1000, 44521, 3])
y_train.shape:  torch.Size([1000, 44521, 1])
Start SVD with data shape:  (1000, 44521)
Start SVD with data shape:  (1000, 44521)
##################################################
H Matrix Green Function Test for Darcy2d
--data--
L: 1.0
downsample_ratio: 2
n_train: 1000
n_test: 200
pca_include_input: False
pca_include_grid: False
--model--
fc_dim: 128
in_dim: 3
out_dim: 1
layers_dim: [128, 128, 128, 128, 128]
act: gelu
residual: [False, False, False, False]
layer_types: ['GalerkinConv', 'GalerkinConv', 'GalerkinConv', 'GalerkinConv']
GkNN_modes: [512, 512, 512, 512]
wbases_types: ['fourier', 'fourier', 'fourier', 'fourier']
bases_types: ['fourier', 'fourier', 'fourier', 'fourier']
green_types: ['HGreen', 'HGreen', 'HGreen', 'HGreen']
r_list: [1, 1, 1, 1, 1, 1]
kernel_size: 3
--train--
device: cuda
base_lr: 0.001
weight_decay: 0.0001
epochs: 500
scheduler: OneCycleLR
milestones: [200, 300, 400, 500, 800, 900]
scheduler_gamma: 0.5
batch_size: 8
normalization_x: True
normalization_y: True
normalization_dim: []
--Start Training--
number of parameters is 33665265
Epoch: 0  Train rel: 0.15710724997520448  Test rel: 0.09671257376670837  Test abs: 0.0006567697972059249  Test abs boundary: 0.0008701596828177571  Time: 12.47922181431204
Epoch: 1  Train rel: 0.07211156487464905  Test rel: 0.06683587685227393  Test abs: 0.00045873380731791257  Test abs boundary: 0.0003887290123384446  Time: 11.220846492797136
Epoch: 2  Train rel: 0.051978359043598175  Test rel: 0.05197153076529503  Test abs: 0.0003572334931232035  Test abs boundary: 0.00027397297613788394  Time: 11.266855399124324
Epoch: 3  Train rel: 0.04162789818644524  Test rel: 0.04212346702814102  Test abs: 0.00028723413590341806  Test abs boundary: 0.000334186649415642  Time: 11.158309070859104
Epoch: 4  Train rel: 0.03475910557806492  Test rel: 0.033473543748259546  Test abs: 0.0002269520185654983  Test abs boundary: 0.00015581553219817579  Time: 11.154578618705273
Epoch: 5  Train rel: 0.033740383639931676  Test rel: 0.03919833764433861  Test abs: 0.00026646718208212406  Test abs boundary: 0.00025760021118912844  Time: 11.146535785868764
Epoch: 6  Train rel: 0.03074127498269081  Test rel: 0.030195775181055068  Test abs: 0.0002046827255981043  Test abs boundary: 0.00023737133305985482  Time: 11.175325959920883
Epoch: 7  Train rel: 0.028634100288152695  Test rel: 0.03036022759974003  Test abs: 0.00020495613105595112  Test abs boundary: 0.0001986002764897421  Time: 11.199898294173181
Epoch: 8  Train rel: 0.027528595492243766  Test rel: 0.02943978562951088  Test abs: 0.00019885024579707533  Test abs boundary: 0.00011917741503566503  Time: 11.238062251359224
Epoch: 9  Train rel: 0.025793191865086555  Test rel: 0.027521706372499465  Test abs: 0.00018543663783930243  Test abs boundary: 0.00011791267024818808  Time: 11.259332246147096
Epoch: 10  Train rel: 0.024406470879912375  Test rel: 0.028052606508135795  Test abs: 0.00019003535737283528  Test abs boundary: 0.00011761549336370081  Time: 11.30018100189045
Epoch: 11  Train rel: 0.026474790915846824  Test rel: 0.030274547189474105  Test abs: 0.0002043445553863421  Test abs boundary: 0.00017059746489394455  Time: 11.286632161121815
Epoch: 12  Train rel: 0.024196662440896036  Test rel: 0.03159225128591061  Test abs: 0.00021480787312611938  Test abs boundary: 0.00010939440253423526  Time: 11.25382348895073
Epoch: 13  Train rel: 0.024935806050896646  Test rel: 0.02837354429066181  Test abs: 0.00019108331704046578  Test abs boundary: 0.00029914872953668237  Time: 11.240341831929982
Epoch: 14  Train rel: 0.02375677698850632  Test rel: 0.030394227504730226  Test abs: 0.00020595384121406822  Test abs boundary: 0.00029389577801339326  Time: 11.235530002042651
Epoch: 15  Train rel: 0.02358135810494423  Test rel: 0.030316667407751085  Test abs: 0.00020360283146146684  Test abs boundary: 9.994206862756983e-05  Time: 11.23610535217449
Epoch: 16  Train rel: 0.024326122611761092  Test rel: 0.027688466683030127  Test abs: 0.00018668796925339849  Test abs boundary: 0.00013947010069387033  Time: 11.245377254672348
Epoch: 17  Train rel: 0.02280026689171791  Test rel: 0.023836560919880866  Test abs: 0.0001609307079343125  Test abs boundary: 0.0001875332649797201  Time: 11.250797925982624
Epoch: 18  Train rel: 0.021002500474452974  Test rel: 0.022670734003186227  Test abs: 0.00015321836224757134  Test abs boundary: 0.000102907590335235  Time: 11.266738436184824
Epoch: 19  Train rel: 0.020384953409433366  Test rel: 0.02508428379893303  Test abs: 0.0001697144686477259  Test abs boundary: 0.00015948631044011564  Time: 11.2938825879246
Epoch: 20  Train rel: 0.021608247607946395  Test rel: 0.023487697765231134  Test abs: 0.00015893226314801724  Test abs boundary: 0.00010589233541395515  Time: 11.319608760997653
Epoch: 21  Train rel: 0.020525641202926635  Test rel: 0.026804483532905578  Test abs: 0.00018317685928195715  Test abs boundary: 0.00012765390041749925  Time: 11.35093723423779
Epoch: 22  Train rel: 0.020491747245192527  Test rel: 0.02205403059720993  Test abs: 0.00014899435627739875  Test abs boundary: 9.51450489810668e-05  Time: 11.368360275402665
Epoch: 23  Train rel: 0.01936870113760233  Test rel: 0.02087751977145672  Test abs: 0.0001410941343056038  Test abs boundary: 0.00012408191309077666  Time: 11.382184009999037
Epoch: 24  Train rel: 0.019918314814567566  Test rel: 0.02116042673587799  Test abs: 0.0001429245262988843  Test abs boundary: 8.097166486550123e-05  Time: 11.336578051093966
Epoch: 25  Train rel: 0.01923082073032856  Test rel: 0.023210349157452584  Test abs: 0.00015672944602556526  Test abs boundary: 0.0001331621827557683  Time: 11.280607091262937
Epoch: 26  Train rel: 0.01916605295240879  Test rel: 0.021303053423762323  Test abs: 0.00014448168629314752  Test abs boundary: 7.599207194289192e-05  Time: 11.25465415418148
Epoch: 27  Train rel: 0.018429676964879037  Test rel: 0.022155673876404762  Test abs: 0.0001501480842125602  Test abs boundary: 0.00014169845351716504  Time: 11.251180981751531
Epoch: 28  Train rel: 0.019162898533046247  Test rel: 0.022819843888282777  Test abs: 0.00015399257303215562  Test abs boundary: 0.00014022740622749553  Time: 11.260003875009716
Epoch: 29  Train rel: 0.019606958225369453  Test rel: 0.022710072249174117  Test abs: 0.00015350987610872834  Test abs boundary: 9.214012097800151e-05  Time: 11.256950929295272
Epoch: 30  Train rel: 0.01746826224774122  Test rel: 0.02069184072315693  Test abs: 0.00014022220799233764  Test abs boundary: 7.958066766150296e-05  Time: 11.263893085066229
Epoch: 31  Train rel: 0.017335467658936978  Test rel: 0.019825641736388205  Test abs: 0.0001340689742937684  Test abs boundary: 0.00010116707358974964  Time: 11.279646709095687
Epoch: 32  Train rel: 0.018335143521428107  Test rel: 0.019362345859408377  Test abs: 0.0001314877750701271  Test abs boundary: 0.00011375912639778107  Time: 11.298783240839839
Epoch: 33  Train rel: 0.016863930970430374  Test rel: 0.0206216561794281  Test abs: 0.0001397615170571953  Test abs boundary: 8.23531614150852e-05  Time: 11.317560185678303
Epoch: 34  Train rel: 0.01767994125932455  Test rel: 0.022862782776355742  Test abs: 0.00015384735190309583  Test abs boundary: 0.00013864238222595306  Time: 11.327992594335228
Epoch: 35  Train rel: 0.01706901880353689  Test rel: 0.019519353359937666  Test abs: 0.000132651548483409  Test abs boundary: 0.00013893074239604175  Time: 11.338270627893507
Epoch: 36  Train rel: 0.01789251497387886  Test rel: 0.01943594679236412  Test abs: 0.00013135527929989622  Test abs boundary: 8.296082465676591e-05  Time: 11.344082997180521
Epoch: 37  Train rel: 0.017472822286188603  Test rel: 0.019658899381756783  Test abs: 0.00013299423852004111  Test abs boundary: 9.129713755100965e-05  Time: 11.3512938991189
Epoch: 38  Train rel: 0.01590085534751415  Test rel: 0.019793233722448348  Test abs: 0.00013366058905376122  Test abs boundary: 7.386981858871878e-05  Time: 11.34408509498462
Epoch: 39  Train rel: 0.016626476921141147  Test rel: 0.019792651310563087  Test abs: 0.00013392054912401364  Test abs boundary: 8.264444099040702e-05  Time: 11.328063898254186
Epoch: 40  Train rel: 0.019263601958751677  Test rel: 0.01902028314769268  Test abs: 0.00012871176528278738  Test abs boundary: 7.726529118372127e-05  Time: 11.31894988566637
Epoch: 41  Train rel: 0.01799429802596569  Test rel: 0.021583929657936096  Test abs: 0.00014634932216722518  Test abs boundary: 0.00015599229547660798  Time: 11.299307614099234
Epoch: 42  Train rel: 0.018056975536048413  Test rel: 0.020280695334076882  Test abs: 0.00013742127572186291  Test abs boundary: 0.00017287979600951074  Time: 11.293255771044642
Epoch: 43  Train rel: 0.016937690153717995  Test rel: 0.018062796145677566  Test abs: 0.00012267143552890047  Test abs boundary: 9.783619811059907e-05  Time: 11.290095906704664
Epoch: 44  Train rel: 0.016710196785628795  Test rel: 0.01798985630273819  Test abs: 0.00012172113871201873  Test abs boundary: 0.00010943020781269297  Time: 11.296763132791966
Epoch: 45  Train rel: 0.0165551348477602  Test rel: 0.018311492800712585  Test abs: 0.00012446810520486907  Test abs boundary: 6.696791970171035e-05  Time: 11.295415851753205
Epoch: 46  Train rel: 0.01554138957709074  Test rel: 0.01802842888981104  Test abs: 0.0001220838789595291  Test abs boundary: 0.0001789769052993506  Time: 11.29611621517688
Epoch: 47  Train rel: 0.016990580655634403  Test rel: 0.018005738630890847  Test abs: 0.00012200227531138807  Test abs boundary: 0.0001645408757030964  Time: 11.31502464460209
Epoch: 48  Train rel: 0.01662433759868145  Test rel: 0.018361517041921616  Test abs: 0.00012438212317647412  Test abs boundary: 7.309904176509008e-05  Time: 11.325036809314042
Epoch: 49  Train rel: 0.01736187843978405  Test rel: 0.018431529253721237  Test abs: 0.00012463729683076963  Test abs boundary: 7.645249948836863e-05  Time: 11.340955629944801
Epoch: 50  Train rel: 0.015597195334732533  Test rel: 0.01930591844022274  Test abs: 0.00013098510360578074  Test abs boundary: 6.373058844474145e-05  Time: 11.347488280385733
Epoch: 51  Train rel: 0.01689599909633398  Test rel: 0.018192345798015593  Test abs: 0.00012278951500775293  Test abs boundary: 9.133098064921797e-05  Time: 11.345921105705202
Epoch: 52  Train rel: 0.015534930266439914  Test rel: 0.018983354344964027  Test abs: 0.0001283922538277693  Test abs boundary: 0.0001287728504394181  Time: 11.343282021116465
Epoch: 53  Train rel: 0.016093104645609854  Test rel: 0.018707645125687122  Test abs: 0.00012697329977527262  Test abs boundary: 0.00010893074388150125  Time: 11.329352430999279
Epoch: 54  Train rel: 0.016795015513896942  Test rel: 0.020148388743400573  Test abs: 0.00013677674083737657  Test abs boundary: 8.922903303755447e-05  Time: 11.317252156790346
Epoch: 55  Train rel: 0.01613803619146347  Test rel: 0.02064694605767727  Test abs: 0.00014111379074165597  Test abs boundary: 8.618601452326403e-05  Time: 11.313328908756375
Epoch: 56  Train rel: 0.016748290598392487  Test rel: 0.020122511386871336  Test abs: 0.0001360310072777793  Test abs boundary: 0.00011297492921585216  Time: 11.299167343880981
Epoch: 57  Train rel: 0.016108362406492233  Test rel: 0.017261306792497634  Test abs: 0.00011700515868142248  Test abs boundary: 7.562895567389205e-05  Time: 11.300192583817989
Epoch: 58  Train rel: 0.01569515264779329  Test rel: 0.019387855604290963  Test abs: 0.00013228764844825492  Test abs boundary: 9.013740229420364e-05  Time: 11.291673436760902
Epoch: 59  Train rel: 0.01646606359630823  Test rel: 0.02552528440952301  Test abs: 0.0001712252420838922  Test abs boundary: 0.00019552341080270708  Time: 11.289868387859315
Epoch: 60  Train rel: 0.017225342355668544  Test rel: 0.017517346180975436  Test abs: 0.00011836561490781605  Test abs boundary: 6.751215158146807e-05  Time: 11.293404744006693
Epoch: 61  Train rel: 0.016045318961143494  Test rel: 0.017414111569523813  Test abs: 0.00011784180212998763  Test abs boundary: 0.00012901418871479108  Time: 11.299991668201983
Epoch: 62  Train rel: 0.01643606674671173  Test rel: 0.019600627347826957  Test abs: 0.00013317411037860438  Test abs boundary: 7.1757237019483e-05  Time: 11.31009146105498
Epoch: 63  Train rel: 0.015993904620409012  Test rel: 0.0210440169274807  Test abs: 0.00014238896139431745  Test abs boundary: 6.484451267169789e-05  Time: 11.323276653885841
Epoch: 64  Train rel: 0.015791317887604236  Test rel: 0.016586771160364153  Test abs: 0.00011272405565250665  Test abs boundary: 6.74084793718066e-05  Time: 11.334179386962205
Epoch: 65  Train rel: 0.01647217408567667  Test rel: 0.01794896960258484  Test abs: 0.00012193741858936846  Test abs boundary: 0.00011446450516814367  Time: 11.338757052086294
Epoch: 66  Train rel: 0.015814401283860205  Test rel: 0.01641799844801426  Test abs: 0.00011099014489445835  Test abs boundary: 6.160032251500524e-05  Time: 11.340452458243817
Epoch: 67  Train rel: 0.01555517029762268  Test rel: 0.020777079686522485  Test abs: 0.00014030251069925724  Test abs boundary: 0.00012967714079422876  Time: 11.33319435082376
Epoch: 68  Train rel: 0.015587744191288949  Test rel: 0.01785119663923979  Test abs: 0.00012109179660910741  Test abs boundary: 5.4361744987545534e-05  Time: 11.320060080382973
Epoch: 69  Train rel: 0.01622187764942646  Test rel: 0.016863504238426686  Test abs: 0.00011424795055063441  Test abs boundary: 0.00010986919980496168  Time: 11.309160174801946
Epoch: 70  Train rel: 0.016544119596481322  Test rel: 0.021069379150867464  Test abs: 0.00014503176469588653  Test abs boundary: 6.346574504277669e-05  Time: 11.292794259265065
Epoch: 71  Train rel: 0.015323127366602421  Test rel: 0.015461154729127884  Test abs: 0.00010462972801178694  Test abs boundary: 6.356346813845448e-05  Time: 11.28342425916344
Epoch: 72  Train rel: 0.015393004439771176  Test rel: 0.019763922318816185  Test abs: 0.00013517601968487724  Test abs boundary: 5.767077949712984e-05  Time: 11.28413952793926
Epoch: 73  Train rel: 0.014964609086513519  Test rel: 0.02366288810968399  Test abs: 0.00015987851948011665  Test abs boundary: 8.555031265132129e-05  Time: 11.282241224311292
Epoch: 74  Train rel: 0.015147476211190223  Test rel: 0.019341822266578674  Test abs: 0.00013165005162591115  Test abs boundary: 0.0001030894523137249  Time: 11.289315328001976
Epoch: 75  Train rel: 0.016844518557190893  Test rel: 0.018680781349539755  Test abs: 0.0001274966078926809  Test abs boundary: 9.659496136009693e-05  Time: 11.283928633667529
Epoch: 76  Train rel: 0.014920373588800431  Test rel: 0.01725212186574936  Test abs: 0.00011666938604321331  Test abs boundary: 0.0001042731641791761  Time: 11.294962584972382
Epoch: 77  Train rel: 0.015369541950523853  Test rel: 0.016815185733139514  Test abs: 0.0001139084153692238  Test abs boundary: 7.156217208830639e-05  Time: 11.304996466264129
Epoch: 78  Train rel: 0.015143402993679047  Test rel: 0.016133274994790555  Test abs: 0.00010923145484412089  Test abs boundary: 6.263299510465004e-05  Time: 11.308574022725224
Epoch: 79  Train rel: 0.014684655070304871  Test rel: 0.01755369108170271  Test abs: 0.00011838706210255623  Test abs boundary: 8.49712174385786e-05  Time: 11.316978504415601
Epoch: 80  Train rel: 0.015154190264642238  Test rel: 0.01911432683467865  Test abs: 0.00013047946005826817  Test abs boundary: 5.877898511243984e-05  Time: 11.322017464321107
Epoch: 81  Train rel: 0.015922136411070823  Test rel: 0.016281202733516693  Test abs: 0.00011068377876654268  Test abs boundary: 9.698742273030803e-05  Time: 11.321178769227117
Epoch: 82  Train rel: 0.016517891347408296  Test rel: 0.016040493696928025  Test abs: 0.00010860106005566194  Test abs boundary: 6.74674756010063e-05  Time: 11.307987711858004
Epoch: 83  Train rel: 0.015063221991062165  Test rel: 0.01661092408001423  Test abs: 0.00011285108688753098  Test abs boundary: 8.098990423604846e-05  Time: 11.298736218828708
Epoch: 84  Train rel: 0.014256982646882533  Test rel: 0.015353108532726764  Test abs: 0.00010346010676585138  Test abs boundary: 6.628318020375445e-05  Time: 11.296500565018505
Epoch: 85  Train rel: 0.014784931898117066  Test rel: 0.01559783935546875  Test abs: 0.00010519529721932486  Test abs boundary: 6.914461351698265e-05  Time: 11.391906632110476
Epoch: 86  Train rel: 0.014249807082116603  Test rel: 0.015858181081712247  Test abs: 0.0001071512998896651  Test abs boundary: 0.00010715639684349298  Time: 11.361702516674995
Epoch: 87  Train rel: 0.014170810639858245  Test rel: 0.0171375959739089  Test abs: 0.00011484670190839097  Test abs boundary: 5.9356496058171616e-05  Time: 11.297884840052575
Epoch: 88  Train rel: 0.01369775202870369  Test rel: 0.016171595677733422  Test abs: 0.00010904924769420177  Test abs boundary: 7.246537163155153e-05  Time: 11.298049132339656
Epoch: 89  Train rel: 0.015350300602614879  Test rel: 0.017108452692627906  Test abs: 0.00011488128802739084  Test abs boundary: 0.00013550148869398982  Time: 11.312334043905139
Epoch: 90  Train rel: 0.01553722008317709  Test rel: 0.0176404383033514  Test abs: 0.00011898704542545602  Test abs boundary: 6.618355459067971e-05  Time: 11.320727513171732
Epoch: 91  Train rel: 0.015542751580476761  Test rel: 0.015578224062919617  Test abs: 0.00010476528404979035  Test abs boundary: 9.094629931496456e-05  Time: 11.32286759512499
Epoch: 92  Train rel: 0.014660234279930592  Test rel: 0.017586253434419632  Test abs: 0.00011900164245162159  Test abs boundary: 6.016665836796164e-05  Time: 11.33519195439294
Epoch: 93  Train rel: 0.01455887557566166  Test rel: 0.018240832686424256  Test abs: 0.00012279953400138767  Test abs boundary: 6.115425145253539e-05  Time: 11.343769872561097
Epoch: 94  Train rel: 0.01559082242101431  Test rel: 0.01800970882177353  Test abs: 0.00012134417891502381  Test abs boundary: 0.00013638998643727973  Time: 11.3416682141833
Epoch: 95  Train rel: 0.015286976344883442  Test rel: 0.017633944153785705  Test abs: 0.00011851762275910004  Test abs boundary: 0.00010739328339695931  Time: 11.334235742688179
Epoch: 96  Train rel: 0.015025124132633209  Test rel: 0.019579606279730797  Test abs: 0.00013183490751544013  Test abs boundary: 6.819104339228943e-05  Time: 11.330327617004514
Epoch: 97  Train rel: 0.0144155368283391  Test rel: 0.0150386106595397  Test abs: 0.00010171650239499286  Test abs boundary: 7.274733856320381e-05  Time: 11.32166922884062
Epoch: 98  Train rel: 0.013850208781659603  Test rel: 0.014839780367910862  Test abs: 0.00010034237755462527  Test abs boundary: 0.00010017135500675067  Time: 11.318673324771225
Epoch: 99  Train rel: 0.013757772028446198  Test rel: 0.01729887172579765  Test abs: 0.00011693330772686749  Test abs boundary: 0.0001647576887626201  Time: 11.309919965919107
Epoch: 100  Train rel: 0.014280077360570432  Test rel: 0.016987091079354286  Test abs: 0.00011475140403490514  Test abs boundary: 9.355775982839986e-05  Time: 11.308496362995356
Epoch: 101  Train rel: 0.013927805952727794  Test rel: 0.014119986444711685  Test abs: 9.559804777381942e-05  Test abs boundary: 5.983687879052013e-05  Time: 11.312896964140236
Epoch: 102  Train rel: 0.014193463057279587  Test rel: 0.018013397976756097  Test abs: 0.0001211167371366173  Test abs boundary: 0.00010281942086294293  Time: 11.311465794220567
Epoch: 103  Train rel: 0.014872382447123527  Test rel: 0.015899756848812105  Test abs: 0.00010750737012131139  Test abs boundary: 0.00015545149100944399  Time: 11.31518054381013
Epoch: 104  Train rel: 0.013367200650274753  Test rel: 0.014832935221493244  Test abs: 0.0001003325029159896  Test abs boundary: 9.442477341508492e-05  Time: 11.315745050087571
Epoch: 105  Train rel: 0.013548416636884213  Test rel: 0.017563402131199838  Test abs: 0.00012071087636286392  Test abs boundary: 8.82514865952544e-05  Time: 11.327512954827398
Epoch: 106  Train rel: 0.013130737468600273  Test rel: 0.01575104869902134  Test abs: 0.00010636658989824355  Test abs boundary: 0.00011528773640748113  Time: 11.329879601020366
Epoch: 107  Train rel: 0.013989992447197437  Test rel: 0.014375676214694978  Test abs: 9.733671962749214e-05  Test abs boundary: 5.480434454511851e-05  Time: 11.329594437032938
Epoch: 108  Train rel: 0.012754087440669536  Test rel: 0.02088173858821392  Test abs: 0.00014070487697608768  Test abs boundary: 6.371460054651834e-05  Time: 11.337214219383895
Epoch: 109  Train rel: 0.013684944078326225  Test rel: 0.014953420050442218  Test abs: 0.000101224509999156  Test abs boundary: 7.331459171837196e-05  Time: 11.335091950837523
Epoch: 110  Train rel: 0.013543132677674293  Test rel: 0.01639709308743477  Test abs: 0.00011006452928995714  Test abs boundary: 6.891599419759586e-05  Time: 11.335085600148886
Epoch: 111  Train rel: 0.013386359319090843  Test rel: 0.014826295040547848  Test abs: 0.00010035213170340285  Test abs boundary: 7.297801377717405e-05  Time: 11.329972299281508
Epoch: 112  Train rel: 0.012172682531177998  Test rel: 0.015147858634591102  Test abs: 0.00010290336300386116  Test abs boundary: 6.45229963993188e-05  Time: 11.320981027092785
Epoch: 113  Train rel: 0.014377576127648353  Test rel: 0.016805866584181785  Test abs: 0.00011453509941929951  Test abs boundary: 9.399663103977218e-05  Time: 11.325496397912502
Epoch: 114  Train rel: 0.01538070683926344  Test rel: 0.021919030621647836  Test abs: 0.00014892498264089228  Test abs boundary: 8.630860917037353e-05  Time: 11.321028537582606
Epoch: 115  Train rel: 0.014057779595255851  Test rel: 0.01457017969340086  Test abs: 9.900762379402294e-05  Test abs boundary: 7.568886969238519e-05  Time: 11.337618028279394
Epoch: 116  Train rel: 0.013053525805473327  Test rel: 0.015440449677407741  Test abs: 0.0001036210817983374  Test abs boundary: 5.2476837299764154e-05  Time: 11.314604438841343
Epoch: 117  Train rel: 0.012442474856972694  Test rel: 0.014505774416029453  Test abs: 9.799380146432668e-05  Test abs boundary: 8.183221070794389e-05  Time: 11.319687868002802
Epoch: 118  Train rel: 0.013117633774876595  Test rel: 0.0182227573543787  Test abs: 0.0001230767069500871  Test abs boundary: 6.113360926974564e-05  Time: 11.320876473095268
Epoch: 119  Train rel: 0.013504144936800003  Test rel: 0.014178571216762066  Test abs: 9.565837739501148e-05  Test abs boundary: 5.4848668951308356e-05  Time: 11.314978250768036
Epoch: 120  Train rel: 0.012681560069322586  Test rel: 0.017014233358204366  Test abs: 0.00011471879290184006  Test abs boundary: 0.00010287516459356994  Time: 11.31933877337724
Epoch: 121  Train rel: 0.013110438838601112  Test rel: 0.014342215359210968  Test abs: 9.672184940427542e-05  Test abs boundary: 5.751690885517746e-05  Time: 11.317362450063229
Epoch: 122  Train rel: 0.012245160944759846  Test rel: 0.016504440866410734  Test abs: 0.00011121508869109676  Test abs boundary: 0.0001110813650302589  Time: 11.322808587923646
Epoch: 123  Train rel: 0.013302425466477872  Test rel: 0.015586702339351177  Test abs: 0.00010609980701701715  Test abs boundary: 0.00010592094389721751  Time: 11.323191470000893
Epoch: 124  Train rel: 0.013261717520654201  Test rel: 0.015453229174017907  Test abs: 0.00010515154950553551  Test abs boundary: 7.687852426897734e-05  Time: 11.316717393230647
Epoch: 125  Train rel: 0.013106396369636059  Test rel: 0.013684194535017014  Test abs: 9.25040154834278e-05  Test abs boundary: 7.027108309557661e-05  Time: 11.316500021610409
Epoch: 126  Train rel: 0.012270340226590633  Test rel: 0.014171209335327149  Test abs: 9.55201277974993e-05  Test abs boundary: 7.653431181097404e-05  Time: 11.313173479866236
Epoch: 127  Train rel: 0.012392816752195359  Test rel: 0.01458771038800478  Test abs: 9.861388680292294e-05  Test abs boundary: 0.00014505778905004262  Time: 11.318354974966496
Epoch: 128  Train rel: 0.013087618969380856  Test rel: 0.013533558994531632  Test abs: 9.138244087807833e-05  Test abs boundary: 7.611958688357845e-05  Time: 11.317523506935686
Epoch: 129  Train rel: 0.01277996040135622  Test rel: 0.014718453176319599  Test abs: 9.952684340532869e-05  Test abs boundary: 6.827015036833472e-05  Time: 11.313126364257187
Epoch: 130  Train rel: 0.012290084213018417  Test rel: 0.01471198495477438  Test abs: 9.967197634978219e-05  Test abs boundary: 0.00010564280149992555  Time: 11.320071164052933
Epoch: 131  Train rel: 0.012221229821443557  Test rel: 0.013896880783140659  Test abs: 9.439972636755556e-05  Test abs boundary: 4.9130666593555364e-05  Time: 11.31719213211909
Epoch: 132  Train rel: 0.012538468129932881  Test rel: 0.016376546956598757  Test abs: 0.00011070778768043965  Test abs boundary: 5.564144885283895e-05  Time: 11.322926227934659
Epoch: 133  Train rel: 0.01295665293186903  Test rel: 0.014243443347513676  Test abs: 9.630603366531432e-05  Test abs boundary: 7.044291676720604e-05  Time: 11.317461641971022
Epoch: 134  Train rel: 0.012454853951931  Test rel: 0.013108183667063712  Test abs: 8.859948342433199e-05  Test abs boundary: 6.79374739411287e-05  Time: 11.319380344823003
Epoch: 135  Train rel: 0.012386198654770851  Test rel: 0.01523361388593912  Test abs: 0.00010285951779223979  Test abs boundary: 0.00011680351512040944  Time: 11.322067414876074
Epoch: 136  Train rel: 0.011664758533239365  Test rel: 0.01500172596424818  Test abs: 0.00010210054198978469  Test abs boundary: 5.7945885346271097e-05  Time: 11.323456080630422
Epoch: 137  Train rel: 0.012421704180538654  Test rel: 0.014532134607434273  Test abs: 9.83435133821331e-05  Test abs boundary: 7.008108674199321e-05  Time: 11.320189732126892
Epoch: 138  Train rel: 0.012104542911052703  Test rel: 0.019308590590953828  Test abs: 0.0001296551720588468  Test abs boundary: 0.00012919536733534186  Time: 11.324431858956814
Epoch: 139  Train rel: 0.012316601447761059  Test rel: 0.015162100158631802  Test abs: 0.0001022336955065839  Test abs boundary: 6.694782059639693e-05  Time: 11.327565940096974
Epoch: 140  Train rel: 0.012103707142174245  Test rel: 0.013385833129286767  Test abs: 9.094185050344094e-05  Test abs boundary: 5.1710965926758945e-05  Time: 11.331768175587058
Epoch: 141  Train rel: 0.012265200830996036  Test rel: 0.013082528300583363  Test abs: 8.869755314663053e-05  Test abs boundary: 6.001582383760251e-05  Time: 11.330254666972905
Epoch: 142  Train rel: 0.011590073227882386  Test rel: 0.013215485475957394  Test abs: 8.953996875789016e-05  Test abs boundary: 5.144753042259254e-05  Time: 11.329868523869663
Epoch: 143  Train rel: 0.011311600297689437  Test rel: 0.013069199509918689  Test abs: 8.82370793260634e-05  Test abs boundary: 5.018181909690611e-05  Time: 11.317691492848098
Epoch: 144  Train rel: 0.011323414161801338  Test rel: 0.013955796211957932  Test abs: 9.503658366156742e-05  Test abs boundary: 5.267272528726608e-05  Time: 11.324411670677364
Epoch: 145  Train rel: 0.012562445871531963  Test rel: 0.013499998450279237  Test abs: 9.164684190182015e-05  Test abs boundary: 6.0440747620305044e-05  Time: 11.331359564326704
Epoch: 146  Train rel: 0.012287358306348323  Test rel: 0.01427993904799223  Test abs: 9.637700190069153e-05  Test abs boundary: 4.8132921219803395e-05  Time: 11.327751208096743
Epoch: 147  Train rel: 0.012539551451802253  Test rel: 0.014479412138462067  Test abs: 9.713234816445037e-05  Test abs boundary: 4.5152012899052354e-05  Time: 11.322378627955914
Epoch: 148  Train rel: 0.011972810722887516  Test rel: 0.013263827487826348  Test abs: 8.959510800195858e-05  Test abs boundary: 5.0862473726738245e-05  Time: 11.315651788376272
Epoch: 149  Train rel: 0.011995516911149025  Test rel: 0.01394242860376835  Test abs: 9.429876663489268e-05  Test abs boundary: 6.092101975809783e-05  Time: 11.305997387040406
Epoch: 150  Train rel: 0.012006951719522476  Test rel: 0.013509811162948608  Test abs: 9.113758627790958e-05  Test abs boundary: 5.490693190949969e-05  Time: 11.299358712974936
Epoch: 151  Train rel: 0.011800115793943406  Test rel: 0.013633279465138912  Test abs: 9.194820246193558e-05  Test abs boundary: 7.742517482256517e-05  Time: 11.295045814011246
Epoch: 152  Train rel: 0.01145969071984291  Test rel: 0.013399869054555893  Test abs: 9.066534985322506e-05  Test abs boundary: 6.931331765372306e-05  Time: 11.291692975908518
Epoch: 153  Train rel: 0.011381305731832981  Test rel: 0.014719344079494476  Test abs: 9.978077287087217e-05  Test abs boundary: 5.665180811774917e-05  Time: 11.292744647245854
Epoch: 154  Train rel: 0.012133526131510735  Test rel: 0.013332325220108032  Test abs: 9.020357800181955e-05  Test abs boundary: 8.372763841180131e-05  Time: 11.2854321510531
Epoch: 155  Train rel: 0.01192807786166668  Test rel: 0.013910854868590831  Test abs: 9.431779064470902e-05  Test abs boundary: 4.582925626891665e-05  Time: 11.290094442665577
Epoch: 156  Train rel: 0.012077210456132888  Test rel: 0.01442120224237442  Test abs: 9.690676495665684e-05  Test abs boundary: 4.296445767977275e-05  Time: 11.304994191974401
Epoch: 157  Train rel: 0.011167403303086758  Test rel: 0.012843286208808423  Test abs: 8.696681790752336e-05  Test abs boundary: 4.257021122612059e-05  Time: 11.31438701087609
Epoch: 158  Train rel: 0.010942392766475677  Test rel: 0.012712360098958016  Test abs: 8.617449580924585e-05  Test abs boundary: 4.594300931785256e-05  Time: 11.321102973073721
Epoch: 159  Train rel: 0.011206301659345627  Test rel: 0.012896857149899006  Test abs: 8.73044494073838e-05  Test abs boundary: 4.471771884709597e-05  Time: 11.32332988968119
Epoch: 160  Train rel: 0.010655482444912195  Test rel: 0.012562448196113109  Test abs: 8.490721782436594e-05  Test abs boundary: 6.877899228129536e-05  Time: 11.323582417797297
Epoch: 161  Train rel: 0.011375005312263965  Test rel: 0.014234758727252484  Test abs: 9.652270848164334e-05  Test abs boundary: 9.329731488833204e-05  Time: 11.316594957839698
Epoch: 162  Train rel: 0.011214436471462249  Test rel: 0.013832754194736481  Test abs: 9.38382258755155e-05  Test abs boundary: 4.7729041543789205e-05  Time: 11.311006010975689
Epoch: 163  Train rel: 0.010843839406967162  Test rel: 0.01250964030623436  Test abs: 8.453734015347436e-05  Test abs boundary: 4.168538827798329e-05  Time: 11.290838545188308
Epoch: 164  Train rel: 0.010345196485519409  Test rel: 0.01274950996041298  Test abs: 8.608248026575893e-05  Test abs boundary: 7.754700200166554e-05  Time: 11.288928008172661
Epoch: 165  Train rel: 0.010729905936866999  Test rel: 0.013820655159652234  Test abs: 9.328814136097207e-05  Test abs boundary: 4.190913605270907e-05  Time: 11.275955669116229
Epoch: 166  Train rel: 0.011659931384027005  Test rel: 0.0126830343157053  Test abs: 8.580226014601067e-05  Test abs boundary: 4.503594696871005e-05  Time: 11.277581200003624
Epoch: 167  Train rel: 0.011343422703444957  Test rel: 0.012894485108554364  Test abs: 8.749141008593142e-05  Test abs boundary: 5.648019068758003e-05  Time: 11.275676580611616
Epoch: 168  Train rel: 0.010086575552821159  Test rel: 0.012779919244349004  Test abs: 8.648774237371982e-05  Test abs boundary: 5.2047113131266086e-05  Time: 11.283350792713463
Epoch: 169  Train rel: 0.01113113247603178  Test rel: 0.014492760598659515  Test abs: 9.843248757533729e-05  Test abs boundary: 4.300965301808901e-05  Time: 11.290805951226503
Epoch: 170  Train rel: 0.0109534822255373  Test rel: 0.013328744657337665  Test abs: 9.022025158628822e-05  Test abs boundary: 8.805263380054384e-05  Time: 11.30252843303606
Epoch: 171  Train rel: 0.010884076736867428  Test rel: 0.012621472775936126  Test abs: 8.570211328333244e-05  Test abs boundary: 8.143093320541084e-05  Time: 11.317508026957512
Epoch: 172  Train rel: 0.011670875281095505  Test rel: 0.013753975443542003  Test abs: 9.288157889386639e-05  Test abs boundary: 5.1985765021527184e-05  Time: 11.327078674919903
Epoch: 173  Train rel: 0.011138789393007754  Test rel: 0.01332686360925436  Test abs: 9.034413640620187e-05  Test abs boundary: 8.892214507795871e-05  Time: 11.32851455686614
Epoch: 174  Train rel: 0.010430683054029942  Test rel: 0.014038084112107753  Test abs: 9.460279979975895e-05  Test abs boundary: 5.06924232468009e-05  Time: 11.32696988293901
Epoch: 175  Train rel: 0.010906118527054786  Test rel: 0.01249699641019106  Test abs: 8.469744585454464e-05  Test abs boundary: 5.7902300759451465e-05  Time: 11.324197191745043
Epoch: 176  Train rel: 0.010434722855687141  Test rel: 0.018459927029907702  Test abs: 0.00012557141308207066  Test abs boundary: 6.175582006108015e-05  Time: 11.320981843862683
Epoch: 177  Train rel: 0.010807851806282997  Test rel: 0.012381847649812698  Test abs: 8.373858727281914e-05  Test abs boundary: 4.465494916075841e-05  Time: 11.30557749979198
Epoch: 178  Train rel: 0.010374148789793253  Test rel: 0.012438094019889831  Test abs: 8.402389503316953e-05  Test abs boundary: 4.3136924359714614e-05  Time: 11.30238843895495
Epoch: 179  Train rel: 0.010410341262817382  Test rel: 0.012243657335639  Test abs: 8.301711874082684e-05  Test abs boundary: 4.4861244969069955e-05  Time: 11.285316525027156
Epoch: 180  Train rel: 0.00985816963762045  Test rel: 0.012771743088960648  Test abs: 8.663345564855263e-05  Test abs boundary: 6.547043260070495e-05  Time: 11.285144479945302
Epoch: 181  Train rel: 0.010221945729106665  Test rel: 0.012929337471723557  Test abs: 8.768092026002705e-05  Test abs boundary: 4.758514143759385e-05  Time: 11.27376513602212
Epoch: 182  Train rel: 0.010423350401222706  Test rel: 0.014427077844738961  Test abs: 9.712270286399872e-05  Test abs boundary: 5.9933346929028634e-05  Time: 11.281363346148282
Epoch: 183  Train rel: 0.010580620303750038  Test rel: 0.014461808130145073  Test abs: 9.714006941067055e-05  Test abs boundary: 6.29731104709208e-05  Time: 11.27437278488651
Epoch: 184  Train rel: 0.010846185803413391  Test rel: 0.01224418219178915  Test abs: 8.265177195426076e-05  Test abs boundary: 4.6915706479921934e-05  Time: 11.29436115315184
Epoch: 185  Train rel: 0.010085948914289475  Test rel: 0.012999115958809853  Test abs: 8.802065771305934e-05  Test abs boundary: 7.368452686932869e-05  Time: 11.304538781754673
Epoch: 186  Train rel: 0.010979290753602981  Test rel: 0.012397916242480277  Test abs: 8.39055608958006e-05  Test abs boundary: 4.009367228718475e-05  Time: 11.31097173364833
Epoch: 187  Train rel: 0.010321070037782192  Test rel: 0.012232283800840378  Test abs: 8.276356369606219e-05  Test abs boundary: 5.621708914986812e-05  Time: 11.321799021214247
Epoch: 188  Train rel: 0.010136183552443981  Test rel: 0.013536675572395325  Test abs: 9.21516984817572e-05  Test abs boundary: 4.478355593164451e-05  Time: 11.330505191814154
Epoch: 189  Train rel: 0.010255669116973877  Test rel: 0.01603281907737255  Test abs: 0.00011002135928720236  Test abs boundary: 4.73580889229197e-05  Time: 11.325566702056676
Epoch: 190  Train rel: 0.010303488709032535  Test rel: 0.01259698335081339  Test abs: 8.509831357514486e-05  Test abs boundary: 4.095555457752198e-05  Time: 11.326674178708345
Epoch: 191  Train rel: 0.010116026557981968  Test rel: 0.014084794446825982  Test abs: 9.595132083632051e-05  Test abs boundary: 4.563209222396836e-05  Time: 11.320224610622972
Epoch: 192  Train rel: 0.010566630300134421  Test rel: 0.012176820412278175  Test abs: 8.257825655164197e-05  Test abs boundary: 5.453555175336078e-05  Time: 11.308470665942878
Epoch: 193  Train rel: 0.010192567706108093  Test rel: 0.014383491352200508  Test abs: 9.725615265779197e-05  Test abs boundary: 4.617408238118514e-05  Time: 11.298071231227368
Epoch: 194  Train rel: 0.010613996580243111  Test rel: 0.012487324886023998  Test abs: 8.444934035651386e-05  Test abs boundary: 4.373930481960997e-05  Time: 11.289626407437027
Epoch: 195  Train rel: 0.009996660079807044  Test rel: 0.012420705929398536  Test abs: 8.40240006800741e-05  Test abs boundary: 5.107008691993542e-05  Time: 11.282872839830816
Epoch: 196  Train rel: 0.009863746508955955  Test rel: 0.01178949773311615  Test abs: 7.994373911060393e-05  Test abs boundary: 4.001509470981546e-05  Time: 11.2885413588956
Epoch: 197  Train rel: 0.009770027831196786  Test rel: 0.01590329859405756  Test abs: 0.0001086084486451  Test abs boundary: 8.370020892471074e-05  Time: 11.288762473035604
Epoch: 198  Train rel: 0.010238532409071922  Test rel: 0.01225297201424837  Test abs: 8.320533990627155e-05  Test abs boundary: 6.698167620925233e-05  Time: 11.293573261238635
Epoch: 199  Train rel: 0.009980614274740219  Test rel: 0.012458455339074135  Test abs: 8.457531948806718e-05  Test abs boundary: 4.907714304863475e-05  Time: 11.305012214928865
Epoch: 200  Train rel: 0.010349842511117459  Test rel: 0.013072698004543781  Test abs: 8.797194779617712e-05  Test abs boundary: 5.229118149145506e-05  Time: 11.311691815033555
Epoch: 201  Train rel: 0.010078727915883065  Test rel: 0.011505786441266536  Test abs: 7.793698867317289e-05  Test abs boundary: 4.5307598338695246e-05  Time: 11.308417669031769
Epoch: 202  Train rel: 0.010254274986684322  Test rel: 0.012828373610973358  Test abs: 8.64992631250061e-05  Test abs boundary: 4.990679401089437e-05  Time: 11.344860368408263
Epoch: 203  Train rel: 0.009403075382113458  Test rel: 0.012493032291531562  Test abs: 8.476362912915647e-05  Test abs boundary: 4.9922788457479327e-05  Time: 11.33664404693991
Epoch: 204  Train rel: 0.009705076970160008  Test rel: 0.012153691425919533  Test abs: 8.224913966841995e-05  Test abs boundary: 3.892238935804926e-05  Time: 11.340010655112565
Epoch: 205  Train rel: 0.009585110906511546  Test rel: 0.012150520905852318  Test abs: 8.224409481044859e-05  Test abs boundary: 5.4070767509983854e-05  Time: 11.33169392729178
Epoch: 206  Train rel: 0.009692875970155  Test rel: 0.013508142866194249  Test abs: 9.165529772872105e-05  Test abs boundary: 8.459176984615624e-05  Time: 11.327672782819718
Epoch: 207  Train rel: 0.009954738050699234  Test rel: 0.011442986726760864  Test abs: 7.745650771539658e-05  Test abs boundary: 3.7527152890106664e-05  Time: 11.322457634843886
Epoch: 208  Train rel: 0.009342369128018618  Test rel: 0.011898758746683597  Test abs: 8.04779486497864e-05  Test abs boundary: 4.874165591900237e-05  Time: 11.319198338780552
Epoch: 209  Train rel: 0.009710126284509898  Test rel: 0.01195361565798521  Test abs: 8.103259810013697e-05  Test abs boundary: 3.6829443561146034e-05  Time: 11.312551432754844
Epoch: 210  Train rel: 0.00917310979217291  Test rel: 0.011772976480424404  Test abs: 7.96299843932502e-05  Test abs boundary: 4.094704330782406e-05  Time: 11.310084664728492
Epoch: 211  Train rel: 0.009540667705237866  Test rel: 0.012506647743284702  Test abs: 8.445826097158715e-05  Test abs boundary: 4.9938429147005084e-05  Time: 11.305304900743067
Epoch: 212  Train rel: 0.010288447346538306  Test rel: 0.013372442461550236  Test abs: 8.991153939859942e-05  Test abs boundary: 7.242004183353856e-05  Time: 11.312306043691933
Epoch: 213  Train rel: 0.009587343517690897  Test rel: 0.016963800825178624  Test abs: 0.00011507590970722958  Test abs boundary: 5.7449279265711086e-05  Time: 11.320969267282635
Epoch: 214  Train rel: 0.009691221360117196  Test rel: 0.01303117323666811  Test abs: 8.783907891483977e-05  Test abs boundary: 7.322813762584701e-05  Time: 11.327956006862223
Epoch: 215  Train rel: 0.00932061530277133  Test rel: 0.011670925207436084  Test abs: 7.872490794397891e-05  Test abs boundary: 4.9267857684753834e-05  Time: 11.391003331169486
Epoch: 216  Train rel: 0.009233456462621688  Test rel: 0.011986231282353401  Test abs: 8.136585296597332e-05  Test abs boundary: 4.791529849171639e-05  Time: 11.341618604026735
Epoch: 217  Train rel: 0.008933188069611788  Test rel: 0.011663154624402523  Test abs: 7.889801549026742e-05  Test abs boundary: 5.457157385535538e-05  Time: 11.341385129839182
Epoch: 218  Train rel: 0.008934937547892333  Test rel: 0.011626190207898617  Test abs: 7.850184279959648e-05  Test abs boundary: 4.696038828114979e-05  Time: 11.346809937153012
Epoch: 219  Train rel: 0.009273386348038912  Test rel: 0.013149713203310966  Test abs: 8.89011035906151e-05  Test abs boundary: 4.042954242322594e-05  Time: 11.337141138035804
Epoch: 220  Train rel: 0.009508927248418331  Test rel: 0.0123693810030818  Test abs: 8.349672047188506e-05  Test abs boundary: 4.2872946505667644e-05  Time: 11.33308066194877
Epoch: 221  Train rel: 0.009295909933745862  Test rel: 0.011792534366250038  Test abs: 7.966562494402751e-05  Test abs boundary: 4.634083335986361e-05  Time: 11.31578699592501
Epoch: 222  Train rel: 0.009144376248121262  Test rel: 0.012298200391232967  Test abs: 8.338350773556157e-05  Test abs boundary: 4.377087549073622e-05  Time: 11.317367180716246
Epoch: 223  Train rel: 0.008704916015267372  Test rel: 0.01131899569183588  Test abs: 7.650398270925507e-05  Test abs boundary: 3.639415626821574e-05  Time: 11.3103245398961
Epoch: 224  Train rel: 0.008394940186291933  Test rel: 0.011424018815159798  Test abs: 7.72330335166771e-05  Test abs boundary: 4.780183458933607e-05  Time: 11.313808679115027
Epoch: 225  Train rel: 0.008515991985797881  Test rel: 0.011074122972786427  Test abs: 7.501210871851072e-05  Test abs boundary: 3.7668661389034244e-05  Time: 11.311522645875812
Epoch: 226  Train rel: 0.008835828568786383  Test rel: 0.01256489012390375  Test abs: 8.480514370603486e-05  Test abs boundary: 8.501954580424354e-05  Time: 11.300272402353585
Epoch: 227  Train rel: 0.009762531191110611  Test rel: 0.01122610580176115  Test abs: 7.608940592035651e-05  Test abs boundary: 5.0003535143332556e-05  Time: 11.297227554023266
Epoch: 228  Train rel: 0.009039342101663352  Test rel: 0.012625874243676663  Test abs: 8.460856362944468e-05  Test abs boundary: 5.426036659628153e-05  Time: 11.300815077964216
Epoch: 229  Train rel: 0.009342128559947014  Test rel: 0.013556849248707294  Test abs: 9.249252383597195e-05  Test abs boundary: 3.89442389132455e-05  Time: 11.301739260088652
Epoch: 230  Train rel: 0.00854684604331851  Test rel: 0.012190709561109543  Test abs: 8.300631889142096e-05  Test abs boundary: 4.8283390642609445e-05  Time: 11.319371379446238
Epoch: 231  Train rel: 0.00914831468835473  Test rel: 0.011486280150711537  Test abs: 7.779289750033058e-05  Test abs boundary: 3.8094821793492886e-05  Time: 11.323519575875252
Epoch: 232  Train rel: 0.009121303215622902  Test rel: 0.01109786406159401  Test abs: 7.520279701566324e-05  Test abs boundary: 4.052222502650693e-05  Time: 11.338372035883367
Epoch: 233  Train rel: 0.009427206963300705  Test rel: 0.01135800253599882  Test abs: 7.706201693508775e-05  Test abs boundary: 4.896542654023506e-05  Time: 11.332579100038856
Epoch: 234  Train rel: 0.008661939229816198  Test rel: 0.011654981262981891  Test abs: 7.879885146394372e-05  Test abs boundary: 6.227791280252859e-05  Time: 11.340026025660336
Epoch: 235  Train rel: 0.008554755788296462  Test rel: 0.010844399631023406  Test abs: 7.33528658747673e-05  Test abs boundary: 3.703887108713388e-05  Time: 11.330112155992538
Epoch: 236  Train rel: 0.00864629802852869  Test rel: 0.011779344901442527  Test abs: 7.978385197930037e-05  Test abs boundary: 5.7342054060427475e-05  Time: 11.32807101495564
Epoch: 237  Train rel: 0.008451960291713476  Test rel: 0.012042620033025742  Test abs: 8.11751009314321e-05  Test abs boundary: 3.505632674205117e-05  Time: 11.320714322850108
Epoch: 238  Train rel: 0.008753673423081636  Test rel: 0.011332612037658691  Test abs: 7.698612782405689e-05  Test abs boundary: 4.145090206293389e-05  Time: 11.312539353966713
Epoch: 239  Train rel: 0.00888835245370865  Test rel: 0.012386313155293465  Test abs: 8.394024858716875e-05  Test abs boundary: 5.6356176064582544e-05  Time: 11.295283909887075
Epoch: 240  Train rel: 0.008686196103692055  Test rel: 0.011605934873223304  Test abs: 7.890586319263093e-05  Test abs boundary: 3.6634671851061284e-05  Time: 11.29705341719091
Epoch: 241  Train rel: 0.008653415966778993  Test rel: 0.011152809336781502  Test abs: 7.546628432464786e-05  Test abs boundary: 4.746449354570359e-05  Time: 11.288351809140295
Epoch: 242  Train rel: 0.008472824268043041  Test rel: 0.011508725136518478  Test abs: 7.7873955888208e-05  Test abs boundary: 3.861420569592155e-05  Time: 11.293684455100447
Epoch: 243  Train rel: 0.008124892484396696  Test rel: 0.011624973379075526  Test abs: 7.89304613135755e-05  Test abs boundary: 4.625881585525349e-05  Time: 11.288123558741063
Epoch: 244  Train rel: 0.00831911687552929  Test rel: 0.011147637963294982  Test abs: 7.568765577161684e-05  Test abs boundary: 4.709515633294359e-05  Time: 11.29807656724006
Epoch: 245  Train rel: 0.007996331918984651  Test rel: 0.01112969771027565  Test abs: 7.524582382757216e-05  Test abs boundary: 3.549569519236684e-05  Time: 11.305870216805488
Epoch: 246  Train rel: 0.008532002475112677  Test rel: 0.011528374813497066  Test abs: 7.793723518261685e-05  Test abs boundary: 8.902922796551138e-05  Time: 11.32337191235274
Epoch: 247  Train rel: 0.008063250366598367  Test rel: 0.01090507335960865  Test abs: 7.392987565253861e-05  Test abs boundary: 6.217435278813355e-05  Time: 11.32812507264316
Epoch: 248  Train rel: 0.00861961217224598  Test rel: 0.010941380299627781  Test abs: 7.419496061629616e-05  Test abs boundary: 3.557872449164279e-05  Time: 11.340182221028954
Epoch: 249  Train rel: 0.008310330841690302  Test rel: 0.013460294604301452  Test abs: 9.184604714391753e-05  Test abs boundary: 4.3979042529826984e-05  Time: 11.378405634779483
Epoch: 250  Train rel: 0.008763755347579718  Test rel: 0.010929362960159778  Test abs: 7.394545042188838e-05  Test abs boundary: 4.4284237374085935e-05  Time: 11.327292738016695
Epoch: 251  Train rel: 0.008511650368571282  Test rel: 0.011342634074389934  Test abs: 7.676422683289275e-05  Test abs boundary: 3.586650222132448e-05  Time: 11.33126878598705
Epoch: 252  Train rel: 0.008262587778270245  Test rel: 0.010926140397787094  Test abs: 7.402207294944674e-05  Test abs boundary: 3.4741607669275255e-05  Time: 11.324468301609159
Epoch: 253  Train rel: 0.008365350589156152  Test rel: 0.01146414078772068  Test abs: 7.772561832098291e-05  Test abs boundary: 5.172430537641049e-05  Time: 11.316267745103687
Epoch: 254  Train rel: 0.008143182743340732  Test rel: 0.011104807369410991  Test abs: 7.517478676163591e-05  Test abs boundary: 5.1251861441414805e-05  Time: 11.304074734915048
Epoch: 255  Train rel: 0.008219006363302469  Test rel: 0.010854202061891556  Test abs: 7.35311936296057e-05  Test abs boundary: 3.5314928099978714e-05  Time: 11.298295113723725
Epoch: 256  Train rel: 0.00783795516937971  Test rel: 0.01090721745043993  Test abs: 7.389103309833444e-05  Test abs boundary: 6.591939018107951e-05  Time: 11.300866411067545
Epoch: 257  Train rel: 0.007680235974490642  Test rel: 0.010816060081124306  Test abs: 7.323219062527642e-05  Test abs boundary: 5.053695465903729e-05  Time: 11.299950853921473
Epoch: 258  Train rel: 0.007697733536362648  Test rel: 0.012056794054806232  Test abs: 8.173308131517843e-05  Test abs boundary: 4.930207753204741e-05  Time: 11.30547566479072
Epoch: 259  Train rel: 0.007776687979698181  Test rel: 0.010728925168514251  Test abs: 7.257227611262351e-05  Test abs boundary: 4.13156978902407e-05  Time: 11.293784298934042
Epoch: 260  Train rel: 0.008771188128739595  Test rel: 0.014886225573718548  Test abs: 0.00010216037189820781  Test abs boundary: 4.0585592651041224e-05  Time: 11.296048150863498
Epoch: 261  Train rel: 0.00884102014824748  Test rel: 0.011502417288720607  Test abs: 7.802421954693273e-05  Test abs boundary: 5.125811483594589e-05  Time: 11.302497999742627
Epoch: 262  Train rel: 0.007865351282060146  Test rel: 0.011906642094254493  Test abs: 8.060577849391848e-05  Test abs boundary: 3.7225051928544415e-05  Time: 11.314930737018585
Epoch: 263  Train rel: 0.007826359577476977  Test rel: 0.012134719118475914  Test abs: 8.203242061426862e-05  Test abs boundary: 5.4541530553251504e-05  Time: 11.321033437270671
Epoch: 264  Train rel: 0.008181066062301397  Test rel: 0.011482024788856507  Test abs: 7.793180790031328e-05  Test abs boundary: 3.559499906259589e-05  Time: 11.330689162947237
Epoch: 265  Train rel: 0.0077529454119503495  Test rel: 0.010625230669975281  Test abs: 7.195925543783232e-05  Test abs boundary: 3.5791582049569116e-05  Time: 11.329632077366114
Epoch: 266  Train rel: 0.007919510573148728  Test rel: 0.010942524373531342  Test abs: 7.412169783492573e-05  Test abs boundary: 3.2558692910242824e-05  Time: 11.32961516501382
Epoch: 267  Train rel: 0.007368693232536316  Test rel: 0.01065727137029171  Test abs: 7.219565712148324e-05  Test abs boundary: 5.314861817169003e-05  Time: 11.326418625190854
Epoch: 268  Train rel: 0.007744953114539385  Test rel: 0.011022980511188506  Test abs: 7.477194303646683e-05  Test abs boundary: 3.757040234631859e-05  Time: 11.31632005982101
Epoch: 269  Train rel: 0.007774958249181509  Test rel: 0.010649787858128548  Test abs: 7.202953536761925e-05  Test abs boundary: 3.6847484589088706e-05  Time: 11.308747849892825
Epoch: 270  Train rel: 0.007772083286195993  Test rel: 0.011377708464860916  Test abs: 7.733542894129641e-05  Test abs boundary: 3.753129567485303e-05  Time: 11.301323574967682
Epoch: 271  Train rel: 0.008176901690661906  Test rel: 0.010911853983998299  Test abs: 7.369973958702758e-05  Test abs boundary: 4.00339653424453e-05  Time: 11.292861794121563
Epoch: 272  Train rel: 0.007709704287350178  Test rel: 0.011545394361019135  Test abs: 7.788005503243767e-05  Test abs boundary: 3.5637134133139625e-05  Time: 11.290044196881354
Epoch: 273  Train rel: 0.007597787749022245  Test rel: 0.010720939300954342  Test abs: 7.264554034918546e-05  Test abs boundary: 3.2200091154663824e-05  Time: 11.287195826880634
Epoch: 274  Train rel: 0.0072862632274627685  Test rel: 0.010509720705449581  Test abs: 7.136819316656328e-05  Test abs boundary: 4.116698284633458e-05  Time: 11.298039935994893
Epoch: 275  Train rel: 0.00733728801086545  Test rel: 0.010309207253158092  Test abs: 6.97498796216678e-05  Test abs boundary: 3.293694215244614e-05  Time: 11.298722287174314
Epoch: 276  Train rel: 0.007420942511409521  Test rel: 0.010523444525897502  Test abs: 7.126785538275727e-05  Test abs boundary: 3.8530498422915115e-05  Time: 11.313395213801414
Epoch: 277  Train rel: 0.007378060165792704  Test rel: 0.011523623615503312  Test abs: 7.768106734147295e-05  Test abs boundary: 6.138204538729042e-05  Time: 11.323714163154364
Epoch: 278  Train rel: 0.007480281177908182  Test rel: 0.010280480235815048  Test abs: 6.96571369189769e-05  Test abs boundary: 3.9659994654357434e-05  Time: 11.335729025769979
Epoch: 279  Train rel: 0.007041498113423586  Test rel: 0.01059309471398592  Test abs: 7.167170741013252e-05  Test abs boundary: 3.9947724289959296e-05  Time: 11.349695216864347
Epoch: 280  Train rel: 0.007376475133001804  Test rel: 0.01093249887228012  Test abs: 7.388012047158554e-05  Test abs boundary: 3.549713066604454e-05  Time: 11.348143197130412
Epoch: 281  Train rel: 0.007565174762159586  Test rel: 0.011048829853534699  Test abs: 7.523714739363641e-05  Test abs boundary: 4.562359215924516e-05  Time: 11.339427466969937
Epoch: 282  Train rel: 0.007189543772488832  Test rel: 0.010364682227373124  Test abs: 7.009951514191926e-05  Test abs boundary: 3.605121775763109e-05  Time: 11.32824263209477
Epoch: 283  Train rel: 0.007642829842865467  Test rel: 0.01077021036297083  Test abs: 7.306256753508933e-05  Test abs boundary: 3.26512023457326e-05  Time: 11.318885570857674
Epoch: 284  Train rel: 0.007339571662247181  Test rel: 0.012128871046006679  Test abs: 8.258444679086096e-05  Test abs boundary: 3.928862395696342e-05  Time: 11.302863903809339
Epoch: 285  Train rel: 0.00713229514285922  Test rel: 0.010357494875788688  Test abs: 7.013117108726874e-05  Test abs boundary: 4.452417560969479e-05  Time: 11.29110724106431
Epoch: 286  Train rel: 0.007320706225931645  Test rel: 0.011526015028357506  Test abs: 7.823695108527317e-05  Test abs boundary: 3.5489972651703285e-05  Time: 11.295156294945627
Epoch: 287  Train rel: 0.0072519187740981575  Test rel: 0.010276198107749223  Test abs: 6.96188269648701e-05  Test abs boundary: 3.229539186577313e-05  Time: 11.282322203740478
Epoch: 288  Train rel: 0.007024708155542612  Test rel: 0.010656232126057147  Test abs: 7.19875305367168e-05  Test abs boundary: 3.1405892004841005e-05  Time: 11.28586624097079
Epoch: 289  Train rel: 0.006984665211290121  Test rel: 0.010250073522329331  Test abs: 6.942172010894865e-05  Test abs boundary: 3.495239434414543e-05  Time: 11.29119166219607
Epoch: 290  Train rel: 0.00696084201335907  Test rel: 0.011048886850476265  Test abs: 7.45979291968979e-05  Test abs boundary: 4.1141630354104564e-05  Time: 11.299729092977941
Epoch: 291  Train rel: 0.0069046195186674595  Test rel: 0.010248735994100571  Test abs: 6.933756099897437e-05  Test abs boundary: 3.3952674784814006e-05  Time: 11.304012704174966
Epoch: 292  Train rel: 0.006822919707745314  Test rel: 0.010396773219108582  Test abs: 7.038963260129094e-05  Test abs boundary: 3.754758668947033e-05  Time: 11.322518670931458
Epoch: 293  Train rel: 0.0069518696516752245  Test rel: 0.010312525480985641  Test abs: 6.973485462367534e-05  Test abs boundary: 4.3413934035925196e-05  Time: 11.336076552048326
Epoch: 294  Train rel: 0.0066365253292024135  Test rel: 0.01014252707362175  Test abs: 6.870335972052998e-05  Test abs boundary: 3.26930990559049e-05  Time: 11.339000524021685
Epoch: 295  Train rel: 0.007446472063660622  Test rel: 0.010431694872677326  Test abs: 7.06077775976155e-05  Test abs boundary: 4.604728688718751e-05  Time: 11.340406745672226
Epoch: 296  Train rel: 0.007390617728233338  Test rel: 0.010552488639950753  Test abs: 7.133905193768442e-05  Test abs boundary: 3.280732911662199e-05  Time: 11.330666699912399
Epoch: 297  Train rel: 0.007201632220298052  Test rel: 0.010575973726809025  Test abs: 7.140939473174513e-05  Test abs boundary: 3.998106549261138e-05  Time: 11.331395795103163
Epoch: 298  Train rel: 0.006852892860770225  Test rel: 0.010736411325633527  Test abs: 7.274564763065427e-05  Test abs boundary: 3.725433547515422e-05  Time: 11.315733058843762
Epoch: 299  Train rel: 0.006984609063714743  Test rel: 0.01046693991869688  Test abs: 7.099081994965672e-05  Test abs boundary: 3.1024893833091486e-05  Time: 11.307104070205241
Epoch: 300  Train rel: 0.006767970696091652  Test rel: 0.010266912281513213  Test abs: 6.9500980025623e-05  Test abs boundary: 4.032462733448483e-05  Time: 11.354148325044662
Epoch: 301  Train rel: 0.006858887862414122  Test rel: 0.010136185102164746  Test abs: 6.859744025859982e-05  Test abs boundary: 3.0268338960013353e-05  Time: 11.282194089144468
Epoch: 302  Train rel: 0.006934718571603298  Test rel: 0.010695282518863678  Test abs: 7.25390698062256e-05  Test abs boundary: 4.227595287375152e-05  Time: 11.283216025214642
Epoch: 303  Train rel: 0.006517323832958936  Test rel: 0.010077494531869888  Test abs: 6.807501544244588e-05  Test abs boundary: 3.2112737899296916e-05  Time: 11.279501214623451
Epoch: 304  Train rel: 0.006579831179231405  Test rel: 0.010272235721349715  Test abs: 6.948623282369226e-05  Test abs boundary: 4.121748439501971e-05  Time: 11.285220004618168
Epoch: 305  Train rel: 0.00655728180333972  Test rel: 0.010170703493058682  Test abs: 6.894567792187445e-05  Test abs boundary: 3.779438353376463e-05  Time: 11.303436256945133
Epoch: 306  Train rel: 0.006524894803762436  Test rel: 0.010708146654069424  Test abs: 7.258061057655141e-05  Test abs boundary: 3.97648592479527e-05  Time: 11.307920308317989
Epoch: 307  Train rel: 0.006603659301996231  Test rel: 0.010141972843557596  Test abs: 6.878948115627282e-05  Test abs boundary: 3.3850193358375694e-05  Time: 11.317619197070599
Epoch: 308  Train rel: 0.006899750884622335  Test rel: 0.010911392830312252  Test abs: 7.409652956994251e-05  Test abs boundary: 5.0808935920940715e-05  Time: 11.338406180031598
Epoch: 309  Train rel: 0.006459284227341413  Test rel: 0.009931348934769631  Test abs: 6.72586307337042e-05  Test abs boundary: 3.419989225221798e-05  Time: 11.35371833993122
Epoch: 310  Train rel: 0.006635214500129223  Test rel: 0.010071809850633145  Test abs: 6.824651500210166e-05  Test abs boundary: 3.2234509053523655e-05  Time: 11.361824244260788
Epoch: 311  Train rel: 0.0067386324964463715  Test rel: 0.010613615028560161  Test abs: 7.200258754892274e-05  Test abs boundary: 3.6462332936935126e-05  Time: 11.355890817940235
Epoch: 312  Train rel: 0.006421901412308216  Test rel: 0.010034018270671368  Test abs: 6.79265524377115e-05  Test abs boundary: 3.3820843236753716e-05  Time: 11.337334888987243
Epoch: 313  Train rel: 0.0064332009516656396  Test rel: 0.01015523973852396  Test abs: 6.869284974527546e-05  Test abs boundary: 3.4297806923859756e-05  Time: 11.328998398035765
Epoch: 314  Train rel: 0.006436262469738722  Test rel: 0.011038342639803887  Test abs: 7.500337058445439e-05  Test abs boundary: 3.6838156229350713e-05  Time: 11.318262082990259
Epoch: 315  Train rel: 0.006400814339518547  Test rel: 0.010057055838406086  Test abs: 6.806417935877107e-05  Test abs boundary: 3.0512042794725858e-05  Time: 11.31626641890034
Epoch: 316  Train rel: 0.00713071583583951  Test rel: 0.010295952521264553  Test abs: 6.969579379074276e-05  Test abs boundary: 4.377958888653666e-05  Time: 11.2976990561001
Epoch: 317  Train rel: 0.006298510253429413  Test rel: 0.01040590513497591  Test abs: 7.06406838435214e-05  Test abs boundary: 3.9740983629599215e-05  Time: 11.303250379860401
Epoch: 318  Train rel: 0.006251673098653555  Test rel: 0.009815016109496356  Test abs: 6.646994937909767e-05  Test abs boundary: 3.6970921355532484e-05  Time: 11.302730340044945
Epoch: 319  Train rel: 0.006272287797182799  Test rel: 0.010043968390673398  Test abs: 6.814533655415289e-05  Test abs boundary: 3.237861325033009e-05  Time: 11.315164224244654
Epoch: 320  Train rel: 0.006117320585995912  Test rel: 0.010526575595140458  Test abs: 7.112875216989778e-05  Test abs boundary: 3.0999820010038095e-05  Time: 11.322884683031589
Epoch: 321  Train rel: 0.006012287355959415  Test rel: 0.01024266041815281  Test abs: 6.925501642399468e-05  Test abs boundary: 3.2514787744730714e-05  Time: 11.335622265003622
Epoch: 322  Train rel: 0.0059826868698000905  Test rel: 0.009903904013335706  Test abs: 6.692451381240972e-05  Test abs boundary: 2.7884784940397368e-05  Time: 11.345472152344882
Epoch: 323  Train rel: 0.0062080869227647785  Test rel: 0.010905908606946468  Test abs: 7.399310794426128e-05  Test abs boundary: 3.586645136238076e-05  Time: 11.359686442185193
Epoch: 324  Train rel: 0.006313621118664741  Test rel: 0.00994345422834158  Test abs: 6.721130965161138e-05  Test abs boundary: 3.312191227450967e-05  Time: 11.3566844468005
Epoch: 325  Train rel: 0.00614345009252429  Test rel: 0.00994692087173462  Test abs: 6.726753490511328e-05  Test abs boundary: 4.729154345113784e-05  Time: 11.3600774561055
Epoch: 326  Train rel: 0.005940110567957163  Test rel: 0.009928965084254742  Test abs: 6.718757096678018e-05  Test abs boundary: 3.182725638907868e-05  Time: 11.3397808377631
Epoch: 327  Train rel: 0.006116965115070343  Test rel: 0.01040397323668003  Test abs: 7.037213814328424e-05  Test abs boundary: 5.442784487968311e-05  Time: 11.32763883518055
Epoch: 328  Train rel: 0.0064009659662842755  Test rel: 0.010058541540056467  Test abs: 6.80522873881273e-05  Test abs boundary: 3.183899563737214e-05  Time: 11.314259361941367
Epoch: 329  Train rel: 0.005993803884834051  Test rel: 0.009844688065350056  Test abs: 6.659097372903489e-05  Test abs boundary: 3.9901274722069505e-05  Time: 11.304320434108377
Epoch: 330  Train rel: 0.005728939436376095  Test rel: 0.009784906040877103  Test abs: 6.621694003115408e-05  Test abs boundary: 2.903996079112403e-05  Time: 11.29737383313477
Epoch: 331  Train rel: 0.00593224573135376  Test rel: 0.009910966977477073  Test abs: 6.708142464049161e-05  Test abs boundary: 2.9504906706279144e-05  Time: 11.299873078707606
Epoch: 332  Train rel: 0.006109377138316632  Test rel: 0.01002627208828926  Test abs: 6.792887346819043e-05  Test abs boundary: 3.1795591057743876e-05  Time: 11.305618902202696
Epoch: 333  Train rel: 0.005935200348496437  Test rel: 0.009860729221254588  Test abs: 6.679463025648147e-05  Test abs boundary: 2.958213117381092e-05  Time: 11.307414176873863
Epoch: 334  Train rel: 0.005712362688034773  Test rel: 0.009858768917620182  Test abs: 6.679263213300147e-05  Test abs boundary: 3.049053848371841e-05  Time: 11.321947425138205
Epoch: 335  Train rel: 0.005713547457009554  Test rel: 0.010209843590855599  Test abs: 6.933360491530038e-05  Test abs boundary: 3.057030691707041e-05  Time: 11.33533198107034
Epoch: 336  Train rel: 0.0055537945106625556  Test rel: 0.009671909492462874  Test abs: 6.539103502291255e-05  Test abs boundary: 4.074950935319066e-05  Time: 11.349340678658336
Epoch: 337  Train rel: 0.005698046360164881  Test rel: 0.010030737165361642  Test abs: 6.77863071905449e-05  Test abs boundary: 3.018962888745591e-05  Time: 11.363267812877893
Epoch: 338  Train rel: 0.005824824742972851  Test rel: 0.009780554361641406  Test abs: 6.611299540963955e-05  Test abs boundary: 2.748020793660544e-05  Time: 11.358386600855738
Epoch: 339  Train rel: 0.005700532209128141  Test rel: 0.00984879134222865  Test abs: 6.674916134215892e-05  Test abs boundary: 3.0155739150359295e-05  Time: 11.350069671869278
Epoch: 340  Train rel: 0.005628440819680691  Test rel: 0.009915265943855047  Test abs: 6.718259450281039e-05  Test abs boundary: 4.9114178254967554e-05  Time: 11.33903266210109
Epoch: 341  Train rel: 0.005674190934747457  Test rel: 0.009974555112421513  Test abs: 6.765092242858373e-05  Test abs boundary: 2.9291525861481206e-05  Time: 11.323664153926075
Epoch: 342  Train rel: 0.00564011413231492  Test rel: 0.009829390160739422  Test abs: 6.648339549428784e-05  Test abs boundary: 3.0354718255694024e-05  Time: 11.31889482587576
Epoch: 343  Train rel: 0.005855847988277674  Test rel: 0.009815348200500012  Test abs: 6.650694136624224e-05  Test abs boundary: 2.9020485453656874e-05  Time: 11.303880464285612
Epoch: 344  Train rel: 0.00557286835834384  Test rel: 0.009691209215670824  Test abs: 6.550831894855947e-05  Test abs boundary: 3.4098984178854154e-05  Time: 11.30239007389173
Epoch: 345  Train rel: 0.005362323142588139  Test rel: 0.00962098065763712  Test abs: 6.513033164083026e-05  Test abs boundary: 3.0134886328596623e-05  Time: 11.303604442160577
Epoch: 346  Train rel: 0.005383640766143799  Test rel: 0.00990272032096982  Test abs: 6.70622220786754e-05  Test abs boundary: 3.5209026536904274e-05  Time: 11.845665414817631
Epoch: 347  Train rel: 0.00553591563180089  Test rel: 0.00971841624006629  Test abs: 6.580925415619276e-05  Test abs boundary: 3.8898469356354325e-05  Time: 11.309406253043562
Epoch: 348  Train rel: 0.005559840571135282  Test rel: 0.009939795136451721  Test abs: 6.723271115333774e-05  Test abs boundary: 2.817639397107996e-05  Time: 11.327146544121206
Epoch: 349  Train rel: 0.005722135074436665  Test rel: 0.00996403157711029  Test abs: 6.742805184330792e-05  Test abs boundary: 2.7364484922145493e-05  Time: 11.351455310359597
Epoch: 350  Train rel: 0.005457879155874252  Test rel: 0.00964913133531809  Test abs: 6.530409795232118e-05  Test abs boundary: 3.058085858356208e-05  Time: 11.34363766387105
Epoch: 351  Train rel: 0.005311010584235191  Test rel: 0.009727632887661456  Test abs: 6.584108152310364e-05  Test abs boundary: 3.0096791524556464e-05  Time: 11.35838687280193
Epoch: 352  Train rel: 0.0052440775521099565  Test rel: 0.00968829493969679  Test abs: 6.562412483617663e-05  Test abs boundary: 2.8568918205564843e-05  Time: 11.347040639258921
Epoch: 353  Train rel: 0.005482110857963562  Test rel: 0.009613346252590417  Test abs: 6.512466206913814e-05  Test abs boundary: 3.1330796991824174e-05  Time: 11.352551562711596
Epoch: 354  Train rel: 0.00536704047396779  Test rel: 0.010020845346152782  Test abs: 6.802321935538203e-05  Test abs boundary: 3.6261690984247255e-05  Time: 11.342065054923296
Epoch: 355  Train rel: 0.00543420984223485  Test rel: 0.009578103125095367  Test abs: 6.487982565886341e-05  Test abs boundary: 3.1642776375520045e-05  Time: 11.333858469035476
Epoch: 356  Train rel: 0.005244600392878056  Test rel: 0.010059925764799117  Test abs: 6.820120572228916e-05  Test abs boundary: 4.6698004007339476e-05  Time: 11.361208132933825
Epoch: 357  Train rel: 0.005177458629012108  Test rel: 0.009583313763141633  Test abs: 6.485951977083459e-05  Test abs boundary: 2.91775099321967e-05  Time: 11.309472986031324
Epoch: 358  Train rel: 0.00505975890904665  Test rel: 0.009471831042319537  Test abs: 6.40748102159705e-05  Test abs boundary: 3.0268639093264938e-05  Time: 11.298148206900805
Epoch: 359  Train rel: 0.004974714430049062  Test rel: 0.00956841567531228  Test abs: 6.48056525096763e-05  Test abs boundary: 2.8398373542586343e-05  Time: 11.308088899124414
Epoch: 360  Train rel: 0.0052403084225952625  Test rel: 0.009610786456614734  Test abs: 6.516728797578252e-05  Test abs boundary: 2.9537087975768372e-05  Time: 11.301328085828573
Epoch: 361  Train rel: 0.005123431004583835  Test rel: 0.009586559757590294  Test abs: 6.487619073595851e-05  Test abs boundary: 2.593771612737328e-05  Time: 11.323697698768228
Epoch: 362  Train rel: 0.00519217263162136  Test rel: 0.009782988503575325  Test abs: 6.63135267677717e-05  Test abs boundary: 2.8319194170762786e-05  Time: 11.324597180821002
Epoch: 363  Train rel: 0.005561211846768856  Test rel: 0.009758235216140746  Test abs: 6.610839656786993e-05  Test abs boundary: 2.7318217835272662e-05  Time: 11.34073256328702
Epoch: 364  Train rel: 0.00526417425274849  Test rel: 0.009597613047808408  Test abs: 6.505822137114591e-05  Test abs boundary: 2.7344102127244695e-05  Time: 11.347790520172566
Epoch: 365  Train rel: 0.005326474491506815  Test rel: 0.009655169174075127  Test abs: 6.54305613716133e-05  Test abs boundary: 2.6551324190222658e-05  Time: 11.348423372022808
Epoch: 366  Train rel: 0.005062125504016877  Test rel: 0.009700124263763427  Test abs: 6.58113211102318e-05  Test abs boundary: 2.7080005893367342e-05  Time: 11.349907707422972
Epoch: 367  Train rel: 0.004926803108304739  Test rel: 0.009492167346179485  Test abs: 6.425294806831516e-05  Test abs boundary: 2.892005773901474e-05  Time: 11.337608302012086
Epoch: 368  Train rel: 0.00483189669623971  Test rel: 0.00942680135369301  Test abs: 6.388882204191759e-05  Test abs boundary: 3.450943826464936e-05  Time: 11.332003716845065
Epoch: 369  Train rel: 0.004912172939628362  Test rel: 0.009555900245904922  Test abs: 6.473504414316267e-05  Test abs boundary: 2.5823598916758784e-05  Time: 11.329874163027853
Epoch: 370  Train rel: 0.005066356860101223  Test rel: 0.00951713951304555  Test abs: 6.447473700973206e-05  Test abs boundary: 2.9154097210266626e-05  Time: 11.316518411971629
Epoch: 371  Train rel: 0.005062365431338548  Test rel: 0.009499424546957016  Test abs: 6.436672396375797e-05  Test abs boundary: 2.8960144118173047e-05  Time: 11.313820179086179
Epoch: 372  Train rel: 0.0050603699758648875  Test rel: 0.009601307827979326  Test abs: 6.497602022136562e-05  Test abs boundary: 2.615189972857479e-05  Time: 11.305992251262069
Epoch: 373  Train rel: 0.004809341009706259  Test rel: 0.009851436298340559  Test abs: 6.684162945020944e-05  Test abs boundary: 2.6963002819684335e-05  Time: 11.366339929867536
Epoch: 374  Train rel: 0.00484267771244049  Test rel: 0.009647269248962403  Test abs: 6.536223765579052e-05  Test abs boundary: 2.7864478761330246e-05  Time: 11.3107447354123
Epoch: 375  Train rel: 0.00484258308634162  Test rel: 0.009538000207394362  Test abs: 6.45378876652103e-05  Test abs boundary: 2.5419883531867526e-05  Time: 11.329448631033301
Epoch: 376  Train rel: 0.005033637069165707  Test rel: 0.009615485165268183  Test abs: 6.505225406726823e-05  Test abs boundary: 2.6465859773452392e-05  Time: 11.333588128909469
Epoch: 377  Train rel: 0.004757270611822605  Test rel: 0.009435468558222056  Test abs: 6.391652350430377e-05  Test abs boundary: 2.600553030788433e-05  Time: 11.335408636834472
Epoch: 378  Train rel: 0.004578625082969665  Test rel: 0.009464974515140057  Test abs: 6.409995548892767e-05  Test abs boundary: 2.5561290822224692e-05  Time: 11.3607347891666
Epoch: 379  Train rel: 0.004669347859919072  Test rel: 0.009536817837506532  Test abs: 6.462452467530965e-05  Test abs boundary: 3.290943794127088e-05  Time: 11.355431143194437
Epoch: 380  Train rel: 0.0046653195396065715  Test rel: 0.009483482241630554  Test abs: 6.416308096959255e-05  Test abs boundary: 3.1484836144954895e-05  Time: 11.35984419612214
Epoch: 381  Train rel: 0.004721451116725802  Test rel: 0.009427106156945229  Test abs: 6.384869426256046e-05  Test abs boundary: 2.634112839587033e-05  Time: 11.352585625834763
Epoch: 382  Train rel: 0.004554023345932364  Test rel: 0.009448282811790705  Test abs: 6.397348886821419e-05  Test abs boundary: 2.740730531513691e-05  Time: 11.331999794114381
Epoch: 383  Train rel: 0.0046231158077716826  Test rel: 0.009444120787084103  Test abs: 6.38457914465107e-05  Test abs boundary: 2.782231618766673e-05  Time: 11.317595620173961
Epoch: 384  Train rel: 0.004648216560482979  Test rel: 0.009427320677787066  Test abs: 6.380053455359302e-05  Test abs boundary: 2.5003337796078995e-05  Time: 11.308050035964698
Epoch: 385  Train rel: 0.004570149840787053  Test rel: 0.009441706202924251  Test abs: 6.39568574842997e-05  Test abs boundary: 2.6625922255334445e-05  Time: 11.314289670903236
Epoch: 386  Train rel: 0.004476567320525646  Test rel: 0.009431971479207277  Test abs: 6.384986874763854e-05  Test abs boundary: 2.7384874920244327e-05  Time: 11.297441056929529
Epoch: 387  Train rel: 0.004388564471155405  Test rel: 0.009371303971856832  Test abs: 6.343385772197507e-05  Test abs boundary: 2.5904729482135737e-05  Time: 11.311699447222054
Epoch: 388  Train rel: 0.004377788646146655  Test rel: 0.009388776645064354  Test abs: 6.351624630042352e-05  Test abs boundary: 2.8885272040497512e-05  Time: 11.307128043845296
Epoch: 389  Train rel: 0.0043514974787831305  Test rel: 0.009437840320169926  Test abs: 6.390171067323536e-05  Test abs boundary: 2.7113922769785858e-05  Time: 11.32064635725692
Epoch: 390  Train rel: 0.004337214946746827  Test rel: 0.009483372084796429  Test abs: 6.422670150641352e-05  Test abs boundary: 2.5090779090533032e-05  Time: 11.332869730889797
Epoch: 391  Train rel: 0.004317029925063253  Test rel: 0.00943096224218607  Test abs: 6.386338689480909e-05  Test abs boundary: 2.959448072942905e-05  Time: 11.339549401775002
Epoch: 392  Train rel: 0.004425470903515816  Test rel: 0.009524725265800954  Test abs: 6.455199516494759e-05  Test abs boundary: 2.7726978732971474e-05  Time: 11.351629690732807
Epoch: 393  Train rel: 0.0044386083614081145  Test rel: 0.009574978332966565  Test abs: 6.487074264441617e-05  Test abs boundary: 2.405916966381483e-05  Time: 11.36554535990581
Epoch: 394  Train rel: 0.0043792173229157925  Test rel: 0.009583159200847149  Test abs: 6.474945534137078e-05  Test abs boundary: 2.459611241647508e-05  Time: 11.360467530786991
Epoch: 395  Train rel: 0.004343016745522618  Test rel: 0.009433880914002657  Test abs: 6.38876976154279e-05  Test abs boundary: 2.7499225761857815e-05  Time: 11.362952197901905
Epoch: 396  Train rel: 0.00423223315179348  Test rel: 0.009327921215444804  Test abs: 6.31285653798841e-05  Test abs boundary: 2.5237880836357364e-05  Time: 11.341067227069288
Epoch: 397  Train rel: 0.004475377149879932  Test rel: 0.00956583622843027  Test abs: 6.483804492745548e-05  Test abs boundary: 2.5005816278280692e-05  Time: 11.332616516854614
Epoch: 398  Train rel: 0.004311811942607165  Test rel: 0.009363444522023201  Test abs: 6.340717853163369e-05  Test abs boundary: 2.5004185154102743e-05  Time: 11.308803582098335
Epoch: 399  Train rel: 0.004364479932934046  Test rel: 0.00938025811687112  Test abs: 6.349616960505955e-05  Test abs boundary: 2.5757314433576538e-05  Time: 11.292655596975237
Epoch: 400  Train rel: 0.0041694202963262796  Test rel: 0.009377602450549603  Test abs: 6.354084398481063e-05  Test abs boundary: 2.413816786429379e-05  Time: 11.29531715810299
Epoch: 401  Train rel: 0.00415610433742404  Test rel: 0.009410648811608554  Test abs: 6.37752324109897e-05  Test abs boundary: 2.4418154716840944e-05  Time: 11.29475193284452
Epoch: 402  Train rel: 0.004144263878464699  Test rel: 0.009322177581489087  Test abs: 6.30938817630522e-05  Test abs boundary: 2.54697423952166e-05  Time: 11.30815244698897
Epoch: 403  Train rel: 0.004081688718870282  Test rel: 0.009338056556880475  Test abs: 6.32335222326219e-05  Test abs boundary: 2.395243209321052e-05  Time: 11.318034713622183
Epoch: 404  Train rel: 0.004101705715060234  Test rel: 0.00938289675861597  Test abs: 6.350482173729688e-05  Test abs boundary: 2.4636062444187702e-05  Time: 11.32705786684528
Epoch: 405  Train rel: 0.004021276045590639  Test rel: 0.009399429261684418  Test abs: 6.367501642671413e-05  Test abs boundary: 2.630967319419142e-05  Time: 11.33586979098618
Epoch: 406  Train rel: 0.004023446839302778  Test rel: 0.009342091958969831  Test abs: 6.327607901766896e-05  Test abs boundary: 2.599476349132601e-05  Time: 11.348553685005754
Epoch: 407  Train rel: 0.004022421643137932  Test rel: 0.009348201360553502  Test abs: 6.326122922473588e-05  Test abs boundary: 2.413241774775088e-05  Time: 11.352353729307652
Epoch: 408  Train rel: 0.004053048636764288  Test rel: 0.009316699411720038  Test abs: 6.309317279374227e-05  Test abs boundary: 2.4237897305283697e-05  Time: 11.359620532952249
Epoch: 409  Train rel: 0.0039987891782075164  Test rel: 0.009418908935040236  Test abs: 6.380372025887481e-05  Test abs boundary: 2.4622773271403275e-05  Time: 11.3469283930026
Epoch: 410  Train rel: 0.003978768847882747  Test rel: 0.009422887898981571  Test abs: 6.383952728356235e-05  Test abs boundary: 3.6648562672780824e-05  Time: 11.340693464037031
Epoch: 411  Train rel: 0.00395686649158597  Test rel: 0.00940411414951086  Test abs: 6.370802395395004e-05  Test abs boundary: 2.4610942855360918e-05  Time: 11.321406295988709
Epoch: 412  Train rel: 0.0040077488105744125  Test rel: 0.00932513702660799  Test abs: 6.308751399046742e-05  Test abs boundary: 2.501060065696947e-05  Time: 11.323201768100262
Epoch: 413  Train rel: 0.003950882688164711  Test rel: 0.009291160888969897  Test abs: 6.290736419032328e-05  Test abs boundary: 2.5851016253000126e-05  Time: 11.301523837260902
Epoch: 414  Train rel: 0.003937052289023996  Test rel: 0.00929236363619566  Test abs: 6.291478988714517e-05  Test abs boundary: 2.5199770752806217e-05  Time: 11.303472655825317
Epoch: 415  Train rel: 0.0038488225620239972  Test rel: 0.00931669658049941  Test abs: 6.303347239736468e-05  Test abs boundary: 2.5894949430949055e-05  Time: 11.309439986012876
Epoch: 416  Train rel: 0.003894903989508748  Test rel: 0.00928359029814601  Test abs: 6.28441602748353e-05  Test abs boundary: 2.485619581420906e-05  Time: 11.312536957208067
Epoch: 417  Train rel: 0.0038544010650366544  Test rel: 0.009298327807337047  Test abs: 6.294050617725589e-05  Test abs boundary: 2.3603002264280805e-05  Time: 11.322206903249025
Epoch: 418  Train rel: 0.003836323454976082  Test rel: 0.00933287963271141  Test abs: 6.322391564026475e-05  Test abs boundary: 2.5630287636886352e-05  Time: 11.334370150696486
Epoch: 419  Train rel: 0.0038180352710187435  Test rel: 0.0092948904260993  Test abs: 6.292624791967683e-05  Test abs boundary: 2.4892266519600526e-05  Time: 11.346601168159395
Epoch: 420  Train rel: 0.0037896636091172696  Test rel: 0.009327619969844818  Test abs: 6.314648271654733e-05  Test abs boundary: 2.7221074051340112e-05  Time: 11.357427409850061
Epoch: 421  Train rel: 0.003759943025186658  Test rel: 0.00929593350738287  Test abs: 6.29256380489096e-05  Test abs boundary: 2.5299435947090387e-05  Time: 11.355918481014669
Epoch: 422  Train rel: 0.0037453350070863964  Test rel: 0.009350546803325414  Test abs: 6.334808946121483e-05  Test abs boundary: 2.335207063879352e-05  Time: 11.361377587076277
Epoch: 423  Train rel: 0.003771902037784457  Test rel: 0.009316716939210892  Test abs: 6.311786273727193e-05  Test abs boundary: 2.3671312446822413e-05  Time: 11.35546666616574
Epoch: 424  Train rel: 0.003713426461443305  Test rel: 0.009267573077231646  Test abs: 6.273297418374568e-05  Test abs boundary: 2.3197801638161764e-05  Time: 11.341102772857994
Epoch: 425  Train rel: 0.0036953014209866525  Test rel: 0.00926572309806943  Test abs: 6.273616600083187e-05  Test abs boundary: 2.311782918695826e-05  Time: 11.322711741086096
Epoch: 426  Train rel: 0.003681484518572688  Test rel: 0.009272713027894498  Test abs: 6.281390029471368e-05  Test abs boundary: 2.531572405132465e-05  Time: 11.315950366202742
Epoch: 427  Train rel: 0.003662895770743489  Test rel: 0.00929684041067958  Test abs: 6.290052813710645e-05  Test abs boundary: 2.646295652084518e-05  Time: 11.311103669926524
Epoch: 428  Train rel: 0.003689580745995045  Test rel: 0.009306118749082088  Test abs: 6.305042217718437e-05  Test abs boundary: 2.2865868450026026e-05  Time: 11.3056191210635
Epoch: 429  Train rel: 0.003689941946417093  Test rel: 0.009275545440614224  Test abs: 6.27974390226882e-05  Test abs boundary: 2.3172921864897943e-05  Time: 11.310782221145928
Epoch: 430  Train rel: 0.0036306172087788584  Test rel: 0.009262379165738821  Test abs: 6.271468577324412e-05  Test abs boundary: 2.2706575473421255e-05  Time: 11.310348975937814
Epoch: 431  Train rel: 0.0036388510689139364  Test rel: 0.009345943238586188  Test abs: 6.32949429564178e-05  Test abs boundary: 2.311119038495235e-05  Time: 11.428962976206094
Epoch: 432  Train rel: 0.0036072012223303316  Test rel: 0.009329166058450937  Test abs: 6.320304994005709e-05  Test abs boundary: 2.3246855998877436e-05  Time: 11.341190740000457
Epoch: 433  Train rel: 0.0035781877674162387  Test rel: 0.009258234761655331  Test abs: 6.268162294873037e-05  Test abs boundary: 2.319065410119947e-05  Time: 11.345500014722347
Epoch: 434  Train rel: 0.003579871378839016  Test rel: 0.00933881962671876  Test abs: 6.325590569758788e-05  Test abs boundary: 2.4220081104431302e-05  Time: 11.360524312127382
Epoch: 435  Train rel: 0.0035879685133695604  Test rel: 0.009260283969342708  Test abs: 6.268196360906586e-05  Test abs boundary: 2.2291247514658607e-05  Time: 11.408229927998036
Epoch: 436  Train rel: 0.0035886031016707422  Test rel: 0.009284832403063775  Test abs: 6.288556920480915e-05  Test abs boundary: 2.4042072327574713e-05  Time: 11.358754866290838
Epoch: 437  Train rel: 0.0035292240045964717  Test rel: 0.009269308559596538  Test abs: 6.276916930801235e-05  Test abs boundary: 2.234556384792086e-05  Time: 11.344780384097248
Epoch: 438  Train rel: 0.003517784157767892  Test rel: 0.009314467273652554  Test abs: 6.30900581018068e-05  Test abs boundary: 2.3183876037364827e-05  Time: 11.334270460996777
Epoch: 439  Train rel: 0.0035148344971239567  Test rel: 0.009323044717311858  Test abs: 6.314637692412362e-05  Test abs boundary: 2.2857924122945405e-05  Time: 11.326973456889391
Epoch: 440  Train rel: 0.003509583843871951  Test rel: 0.009303539041429758  Test abs: 6.298497668467462e-05  Test abs boundary: 2.331551688257605e-05  Time: 11.3239078912884
Epoch: 441  Train rel: 0.0034780247509479524  Test rel: 0.009332726579159498  Test abs: 6.324549409328028e-05  Test abs boundary: 2.4453497826470993e-05  Time: 11.31118026515469
Epoch: 442  Train rel: 0.0034932088032364845  Test rel: 0.00928095068782568  Test abs: 6.285654701059684e-05  Test abs boundary: 2.295575563039165e-05  Time: 11.31450538802892
Epoch: 443  Train rel: 0.0034904665872454643  Test rel: 0.00927282752469182  Test abs: 6.277582957409322e-05  Test abs boundary: 2.308071889274288e-05  Time: 11.315676331985742
Epoch: 444  Train rel: 0.0034646179638803004  Test rel: 0.009295846372842788  Test abs: 6.295936429523863e-05  Test abs boundary: 2.2931365019758232e-05  Time: 11.321776332799345
Epoch: 445  Train rel: 0.003466178210452199  Test rel: 0.009290736969560384  Test abs: 6.289062890573405e-05  Test abs boundary: 2.3049156880006194e-05  Time: 11.33196627208963
Epoch: 446  Train rel: 0.0034241430554538964  Test rel: 0.009265878181904554  Test abs: 6.272812170209363e-05  Test abs boundary: 2.2686808661092074e-05  Time: 11.340743680018932
Epoch: 447  Train rel: 0.0034198772720992563  Test rel: 0.009274350106716156  Test abs: 6.280370929744095e-05  Test abs boundary: 2.221270748123061e-05  Time: 11.357441043946892
Epoch: 448  Train rel: 0.003404469171538949  Test rel: 0.009288015868514776  Test abs: 6.289436467341147e-05  Test abs boundary: 2.2363432944985105e-05  Time: 11.36584644485265
Epoch: 449  Train rel: 0.003396319132298231  Test rel: 0.009285580087453126  Test abs: 6.288289543590508e-05  Test abs boundary: 2.3648735659662634e-05  Time: 11.359890369232744
Epoch: 450  Train rel: 0.0033848004788160323  Test rel: 0.00927132334560156  Test abs: 6.277793945628219e-05  Test abs boundary: 2.2341879448504186e-05  Time: 11.344210242852569
Epoch: 451  Train rel: 0.0033761789985001086  Test rel: 0.009284072797745466  Test abs: 6.286360337981022e-05  Test abs boundary: 2.517164517485071e-05  Time: 11.342520116828382
Epoch: 452  Train rel: 0.0033619658555835486  Test rel: 0.009297593776136637  Test abs: 6.294732738751919e-05  Test abs boundary: 2.311558520887047e-05  Time: 11.32596266688779
Epoch: 453  Train rel: 0.0033633920066058636  Test rel: 0.009277399703860283  Test abs: 6.282178845140151e-05  Test abs boundary: 2.2041474367142654e-05  Time: 11.311042178887874
Epoch: 454  Train rel: 0.0033423427138477564  Test rel: 0.00926960289478302  Test abs: 6.275994222960434e-05  Test abs boundary: 2.2527170294779353e-05  Time: 11.306051122024655
Epoch: 455  Train rel: 0.0033408853430300952  Test rel: 0.009301811065524817  Test abs: 6.299747692537495e-05  Test abs boundary: 2.28017787594581e-05  Time: 11.302111763041466
Epoch: 456  Train rel: 0.0033406387940049173  Test rel: 0.009280821401625871  Test abs: 6.284186572884209e-05  Test abs boundary: 2.2832056565675884e-05  Time: 11.310950339306146
Epoch: 457  Train rel: 0.0033285089284181596  Test rel: 0.009277588352560998  Test abs: 6.281103909714148e-05  Test abs boundary: 2.3142950958572328e-05  Time: 11.312763601075858
Epoch: 458  Train rel: 0.0033128340523689986  Test rel: 0.009280853886157275  Test abs: 6.28467793285381e-05  Test abs boundary: 2.3321010012296028e-05  Time: 11.326210326049477
Epoch: 459  Train rel: 0.003306889144703746  Test rel: 0.009290979690849781  Test abs: 6.292187332292087e-05  Test abs boundary: 2.239706846012268e-05  Time: 11.33495503012091
Epoch: 460  Train rel: 0.003316343501210213  Test rel: 0.009268320761620999  Test abs: 6.275374966207891e-05  Test abs boundary: 2.2395914056687617e-05  Time: 11.34555644588545
Epoch: 461  Train rel: 0.0032969813123345376  Test rel: 0.00927485065534711  Test abs: 6.280407527810895e-05  Test abs boundary: 2.2149284704937598e-05  Time: 11.34905724041164
Epoch: 462  Train rel: 0.003291978048160672  Test rel: 0.009299195893108845  Test abs: 6.297382846241817e-05  Test abs boundary: 2.3149075714172797e-05  Time: 11.348970173858106
Epoch: 463  Train rel: 0.003281310696154833  Test rel: 0.009271955303847789  Test abs: 6.277834982029162e-05  Test abs boundary: 2.1941018640063704e-05  Time: 11.347598101943731
Epoch: 464  Train rel: 0.0032803501468151807  Test rel: 0.009291765876114369  Test abs: 6.290095683652907e-05  Test abs boundary: 2.2306137325358577e-05  Time: 11.336267578881234
Epoch: 465  Train rel: 0.0032719238121062515  Test rel: 0.00926815889775753  Test abs: 6.275426247157157e-05  Test abs boundary: 2.2124932074802926e-05  Time: 11.320130783133209
Epoch: 466  Train rel: 0.0032612826991826297  Test rel: 0.009271612390875816  Test abs: 6.276895001064987e-05  Test abs boundary: 2.2514964657602833e-05  Time: 11.312784031033516
Epoch: 467  Train rel: 0.0032589020896703004  Test rel: 0.009281908273696899  Test abs: 6.284671340836212e-05  Test abs boundary: 2.2043025237508117e-05  Time: 11.302798645105213
Epoch: 468  Train rel: 0.0032526743486523627  Test rel: 0.009281748086214065  Test abs: 6.284633651375771e-05  Test abs boundary: 2.2294797890936024e-05  Time: 11.304209575988352
Epoch: 469  Train rel: 0.0032458208296447994  Test rel: 0.009299457147717476  Test abs: 6.297382220509463e-05  Test abs boundary: 2.1966263229842298e-05  Time: 11.27767060091719
Epoch: 470  Train rel: 0.003239834301173687  Test rel: 0.009286687821149825  Test abs: 6.288781107286922e-05  Test abs boundary: 2.2120069843367673e-05  Time: 11.280963378027081
Epoch: 471  Train rel: 0.003233651377260685  Test rel: 0.009275902844965458  Test abs: 6.280695219174958e-05  Test abs boundary: 2.216133099864237e-05  Time: 11.282919770106673
Epoch: 472  Train rel: 0.0032274934463202955  Test rel: 0.00929327741265297  Test abs: 6.292093064985238e-05  Test abs boundary: 2.2118874185252934e-05  Time: 11.292479682248086
Epoch: 473  Train rel: 0.0032244698852300644  Test rel: 0.009288088604807853  Test abs: 6.289769633440301e-05  Test abs boundary: 2.228646997536998e-05  Time: 11.297334937844425
Epoch: 474  Train rel: 0.0032202409878373146  Test rel: 0.009283881057053805  Test abs: 6.28659687936306e-05  Test abs boundary: 2.2714691003784536e-05  Time: 11.315305206924677
Epoch: 475  Train rel: 0.0032150067649781705  Test rel: 0.009274540431797505  Test abs: 6.279591980273835e-05  Test abs boundary: 2.2466384689323603e-05  Time: 11.32730460492894
Epoch: 476  Train rel: 0.003213220160454512  Test rel: 0.009297989998012781  Test abs: 6.296272375038825e-05  Test abs boundary: 2.292993063747417e-05  Time: 11.324832542333752
Epoch: 477  Train rel: 0.003210492752492428  Test rel: 0.00927853524684906  Test abs: 6.282011498115025e-05  Test abs boundary: 2.220826609118376e-05  Time: 11.322301927953959
Epoch: 478  Train rel: 0.0032054962497204543  Test rel: 0.009294789284467697  Test abs: 6.294884806266055e-05  Test abs boundary: 2.2101034555817023e-05  Time: 11.304682017769665
Epoch: 479  Train rel: 0.003200438663363457  Test rel: 0.009276020601391792  Test abs: 6.280758447246626e-05  Test abs boundary: 2.2169368094182573e-05  Time: 11.28401662223041
Epoch: 480  Train rel: 0.003195951070636511  Test rel: 0.009281520769000053  Test abs: 6.284555041929707e-05  Test abs boundary: 2.2265133156906814e-05  Time: 11.272844751831144
Epoch: 481  Train rel: 0.0031931145172566177  Test rel: 0.009288880843669176  Test abs: 6.290540550253354e-05  Test abs boundary: 2.196098525018897e-05  Time: 11.26639238325879
Epoch: 482  Train rel: 0.0031897163279354574  Test rel: 0.009284052085131406  Test abs: 6.286005722358823e-05  Test abs boundary: 2.189981678384356e-05  Time: 11.27241425216198
Epoch: 483  Train rel: 0.0031861098688095806  Test rel: 0.009292123802006245  Test abs: 6.292439997196197e-05  Test abs boundary: 2.2153686077217573e-05  Time: 11.260797141119838
Epoch: 484  Train rel: 0.003187139866873622  Test rel: 0.009284588694572448  Test abs: 6.286363510298543e-05  Test abs boundary: 2.2166110211401248e-05  Time: 11.260580428410321
Epoch: 485  Train rel: 0.003182586461305618  Test rel: 0.00929243052378297  Test abs: 6.292902660788969e-05  Test abs boundary: 2.2108599441708066e-05  Time: 11.262183953076601
Epoch: 486  Train rel: 0.0031805354878306387  Test rel: 0.00927738830447197  Test abs: 6.281826965278015e-05  Test abs boundary: 2.1924098036834038e-05  Time: 11.28641302883625
Epoch: 487  Train rel: 0.003177856320515275  Test rel: 0.009287745654582978  Test abs: 6.289160271990113e-05  Test abs boundary: 2.227557655714918e-05  Time: 11.280909917782992
Epoch: 488  Train rel: 0.0031756329908967018  Test rel: 0.009292957670986653  Test abs: 6.292683785432019e-05  Test abs boundary: 2.205078024417162e-05  Time: 11.296340741217136
Epoch: 489  Train rel: 0.003172473106533289  Test rel: 0.009285213500261307  Test abs: 6.28714966296684e-05  Test abs boundary: 2.2093447696533986e-05  Time: 11.30755415186286
Epoch: 490  Train rel: 0.0031706714481115343  Test rel: 0.009290558528155088  Test abs: 6.290268647717312e-05  Test abs boundary: 2.2084004594944417e-05  Time: 11.314409494865686
Epoch: 491  Train rel: 0.0031688493229448797  Test rel: 0.009291143342852592  Test abs: 6.291445213719272e-05  Test abs boundary: 2.225531563453842e-05  Time: 11.31784921977669
Epoch: 492  Train rel: 0.003167162634432316  Test rel: 0.009288970343768597  Test abs: 6.289407639997079e-05  Test abs boundary: 2.205157223215792e-05  Time: 11.288729987107217
Epoch: 493  Train rel: 0.0031654152143746612  Test rel: 0.009290474485605955  Test abs: 6.290614430326969e-05  Test abs boundary: 2.211576487752609e-05  Time: 11.28169310418889
Epoch: 494  Train rel: 0.003164269782602787  Test rel: 0.009289789013564587  Test abs: 6.290616845944897e-05  Test abs boundary: 2.1969264780636875e-05  Time: 11.269682980142534
Epoch: 495  Train rel: 0.0031630705054849387  Test rel: 0.00928338848054409  Test abs: 6.285728013608605e-05  Test abs boundary: 2.218206769612152e-05  Time: 11.256644589826465
Epoch: 496  Train rel: 0.003161629531532526  Test rel: 0.009296613167971373  Test abs: 6.295997867709957e-05  Test abs boundary: 2.191460851463489e-05  Time: 11.261652986053377
Epoch: 497  Train rel: 0.003161122038960457  Test rel: 0.009286276195198298  Test abs: 6.287868673098274e-05  Test abs boundary: 2.18410790694179e-05  Time: 11.265545532107353
Epoch: 498  Train rel: 0.0031586235854774714  Test rel: 0.009285711403936147  Test abs: 6.287451891694218e-05  Test abs boundary: 2.194666536524892e-05  Time: 11.257714834995568
Epoch: 499  Train rel: 0.0031591756511479617  Test rel: 0.009281618185341359  Test abs: 6.284014016273431e-05  Test abs boundary: 2.251346792036202e-05  Time: 11.26528795901686
