dir now: /lustre/home/2200010870/works/NeuralOperator/GreenFunction
data_in.shape: (1324, 421, 421)
data_out.shape (1324, 421, 421)
x_train.shape:  torch.Size([1000, 44521, 3])
y_train.shape:  torch.Size([1000, 44521, 1])
Start SVD with data shape:  (1000, 44521)
Start SVD with data shape:  (1000, 44521)
##################################################
H Matrix Green Function Test for Darcy2d
--data--
L: 1.0
downsample_ratio: 2
n_train: 1000
n_test: 200
pca_include_input: False
pca_include_grid: False
--model--
fc_dim: 128
in_dim: 3
out_dim: 1
layers_dim: [128, 128, 128, 128, 128]
act: gelu
residual: [False, False, False, False]
layer_types: ['GalerkinConv', 'GalerkinConv', 'GalerkinConv', 'GalerkinConv']
GkNN_modes: [512, 512, 512, 512]
wbases_types: ['fourier', 'fourier', 'fourier', 'fourier']
bases_types: ['fourier', 'fourier', 'fourier', 'fourier']
green_types: ['HGreen', 'HGreen', 'HGreen', 'HGreen']
r_list: [2, 2, 2, 2, 2, 2]
kernel_size: 3
--train--
device: cuda
base_lr: 0.001
weight_decay: 0.0001
epochs: 500
scheduler: OneCycleLR
milestones: [200, 300, 400, 500, 800, 900]
scheduler_gamma: 0.5
batch_size: 8
normalization_x: True
normalization_y: True
normalization_dim: []
--Start Training--
number of parameters is 33692865
Epoch: 0  Train rel: 0.1543948005437851  Test rel: 0.09712557464838029  Test abs: 0.0006630589882843196  Test abs boundary: 0.00035252323490567503  Time: 12.460978175047785
Epoch: 1  Train rel: 0.07728837665915489  Test rel: 0.06401256620883941  Test abs: 0.00043257146957330404  Test abs boundary: 0.00021248599397949875  Time: 11.607316392939538
Epoch: 2  Train rel: 0.06170570984482765  Test rel: 0.06257091522216797  Test abs: 0.0004256672773044556  Test abs boundary: 0.00018606180674396455  Time: 11.608653462026268
Epoch: 3  Train rel: 0.05220231994986534  Test rel: 0.05209173575043678  Test abs: 0.00035421554814092816  Test abs boundary: 0.00019328537688124926  Time: 11.602098959963769
Epoch: 4  Train rel: 0.04746189019083977  Test rel: 0.05061723351478577  Test abs: 0.0003408265672624111  Test abs boundary: 0.00016017527144867927  Time: 11.604822624940425
Epoch: 5  Train rel: 0.04329084050655365  Test rel: 0.04997331261634827  Test abs: 0.00033538086456246673  Test abs boundary: 0.0001964852726086974  Time: 11.61052377289161
Epoch: 6  Train rel: 0.04095434728264809  Test rel: 0.04694377809762955  Test abs: 0.0003165112843271345  Test abs boundary: 0.0001636438479181379  Time: 11.628118108026683
Epoch: 7  Train rel: 0.03918442466855049  Test rel: 0.04303954377770424  Test abs: 0.00029030619945842774  Test abs boundary: 0.00017497997439932077  Time: 11.655711113009602
Epoch: 8  Train rel: 0.034704287588596346  Test rel: 0.03942761927843094  Test abs: 0.0002668331970926374  Test abs boundary: 0.0002289819676661864  Time: 11.649994052946568
Epoch: 9  Train rel: 0.03447653217613697  Test rel: 0.04110434994101524  Test abs: 0.00027728653396479785  Test abs boundary: 0.00013937363983131945  Time: 11.633404649794102
Epoch: 10  Train rel: 0.03773983356356621  Test rel: 0.04511576160788536  Test abs: 0.0003030567051609978  Test abs boundary: 0.00017452563508413732  Time: 11.617069246713072
Epoch: 11  Train rel: 0.03382089288532734  Test rel: 0.03622054517269135  Test abs: 0.0002459251193795353  Test abs boundary: 0.00014194249175488948  Time: 11.627310778014362
Epoch: 12  Train rel: 0.03214988726377487  Test rel: 0.036849061846733096  Test abs: 0.0002495684166206047  Test abs boundary: 0.00029169725719839333  Time: 11.626682690810412
Epoch: 13  Train rel: 0.028686248019337654  Test rel: 0.03657364994287491  Test abs: 0.00024846587737556544  Test abs boundary: 0.00023023650457616894  Time: 11.64874291792512
Epoch: 14  Train rel: 0.02854872539639473  Test rel: 0.03553583413362503  Test abs: 0.00024098268419038506  Test abs boundary: 0.00012962699547642843  Time: 11.664929813239723
Epoch: 15  Train rel: 0.028360822692513468  Test rel: 0.03591767936944962  Test abs: 0.00024414900166448207  Test abs boundary: 0.00010506572754820809  Time: 11.689215462189168
Epoch: 16  Train rel: 0.027623336136341096  Test rel: 0.04027059018611908  Test abs: 0.00027092503907624635  Test abs boundary: 0.00018230494519229978  Time: 11.711643892806023
Epoch: 17  Train rel: 0.028543450474739076  Test rel: 0.033634576573967935  Test abs: 0.00022702071059029549  Test abs boundary: 9.487408446148039e-05  Time: 11.731185039039701
Epoch: 18  Train rel: 0.02732249066233635  Test rel: 0.033571136221289634  Test abs: 0.00022755517333280294  Test abs boundary: 0.00015422415744978935  Time: 11.771585635840893
Epoch: 19  Train rel: 0.024606366261839867  Test rel: 0.03264716170728207  Test abs: 0.00022187191701959817  Test abs boundary: 0.00012021012749755754  Time: 11.792817218229175
Epoch: 20  Train rel: 0.027043009892106055  Test rel: 0.03190814569592476  Test abs: 0.0002158922445960343  Test abs boundary: 0.0002223733952268958  Time: 11.751603744924068
Epoch: 21  Train rel: 0.024565945208072662  Test rel: 0.03140752524137497  Test abs: 0.00021365679334849118  Test abs boundary: 0.00015016463003121318  Time: 11.708341528195888
Epoch: 22  Train rel: 0.02526583585143089  Test rel: 0.03178167276084423  Test abs: 0.000215876194415614  Test abs boundary: 0.0001081666789832525  Time: 11.669785125181079
Epoch: 23  Train rel: 0.024327924728393555  Test rel: 0.031869019344449044  Test abs: 0.00021526007156353445  Test abs boundary: 0.00020262852718587964  Time: 11.668700283858925
Epoch: 24  Train rel: 0.023861216485500335  Test rel: 0.03303600393235683  Test abs: 0.00022285776736680418  Test abs boundary: 8.88426645542495e-05  Time: 11.672228692099452
Epoch: 25  Train rel: 0.023132978662848473  Test rel: 0.029551271498203278  Test abs: 0.00020001012773718685  Test abs boundary: 9.529712493531405e-05  Time: 11.673393399920315
Epoch: 26  Train rel: 0.023705643877387047  Test rel: 0.029944700822234153  Test abs: 0.00020275284827221186  Test abs boundary: 9.637700364692136e-05  Time: 11.674354708287865
Epoch: 27  Train rel: 0.0229602038115263  Test rel: 0.02876043327152729  Test abs: 0.0001947737077716738  Test abs boundary: 0.0001093912441865541  Time: 11.696353740990162
Epoch: 28  Train rel: 0.022646195560693742  Test rel: 0.0306817290186882  Test abs: 0.00020648485573474318  Test abs boundary: 0.0001489747324376367  Time: 11.703025490045547
Epoch: 29  Train rel: 0.023537435218691827  Test rel: 0.03014677584171295  Test abs: 0.00020381982380058617  Test abs boundary: 0.00012159272824646905  Time: 11.730439986102283
Epoch: 30  Train rel: 0.021454978600144385  Test rel: 0.030259046107530593  Test abs: 0.00020451532560400665  Test abs boundary: 0.0001469795245793648  Time: 11.737483954057097
Epoch: 31  Train rel: 0.022221996396780012  Test rel: 0.03145550265908241  Test abs: 0.00021478476643096655  Test abs boundary: 0.00014103607216384262  Time: 11.76272978913039
Epoch: 32  Train rel: 0.022456506744027136  Test rel: 0.030083633586764337  Test abs: 0.00020414605212863536  Test abs boundary: 9.308402630267665e-05  Time: 11.77762464992702
Epoch: 33  Train rel: 0.022552296459674836  Test rel: 0.02810549922287464  Test abs: 0.00019093556446023285  Test abs boundary: 0.00010046039591543376  Time: 11.813570108264685
Epoch: 34  Train rel: 0.022335843816399574  Test rel: 0.02731234356760979  Test abs: 0.00018466402136255056  Test abs boundary: 8.575565472710877e-05  Time: 11.807670104783028
Epoch: 35  Train rel: 0.02188396543264389  Test rel: 0.027364553585648536  Test abs: 0.000185476602637209  Test abs boundary: 0.0001448728036484681  Time: 11.747071797959507
Epoch: 36  Train rel: 0.02248882953822613  Test rel: 0.032101639211177826  Test abs: 0.00021564923168625682  Test abs boundary: 0.00017609105037990957  Time: 11.739638642873615
Epoch: 37  Train rel: 0.02184646111726761  Test rel: 0.027738731801509858  Test abs: 0.00018855628150049597  Test abs boundary: 0.00016492120164912194  Time: 11.734753846656531
Epoch: 38  Train rel: 0.021138450756669043  Test rel: 0.026160998493432997  Test abs: 0.00017704481841064989  Test abs boundary: 8.669550094055012e-05  Time: 11.726922309026122
Epoch: 39  Train rel: 0.020610880732536314  Test rel: 0.025433740466833114  Test abs: 0.00017207870958372952  Test abs boundary: 9.527041635010392e-05  Time: 11.730003064963967
Epoch: 40  Train rel: 0.019553147703409195  Test rel: 0.024984760358929634  Test abs: 0.00016894881089683623  Test abs boundary: 0.00011733675608411432  Time: 11.730610659811646
Epoch: 41  Train rel: 0.02015996719151735  Test rel: 0.028704456314444543  Test abs: 0.00019541810383088887  Test abs boundary: 9.918711119098589e-05  Time: 11.729884668253362
Epoch: 42  Train rel: 0.02176381777226925  Test rel: 0.02791197843849659  Test abs: 0.0001884505181806162  Test abs boundary: 8.490421954775229e-05  Time: 11.747357080690563
Epoch: 43  Train rel: 0.021014738924801348  Test rel: 0.02611176125705242  Test abs: 0.00017628717701882125  Test abs boundary: 0.0001578019082080573  Time: 11.745390450116247
Epoch: 44  Train rel: 0.020706871509552003  Test rel: 0.02655218094587326  Test abs: 0.00018024382821749897  Test abs boundary: 0.00010288645891705528  Time: 11.76025286829099
Epoch: 45  Train rel: 0.020076166793704033  Test rel: 0.025944615453481673  Test abs: 0.00017675293900538237  Test abs boundary: 8.73617286561057e-05  Time: 11.773683609440923
Epoch: 46  Train rel: 0.021983654893934727  Test rel: 0.02970993034541607  Test abs: 0.00020029088540468365  Test abs boundary: 9.080627962248399e-05  Time: 11.808356767054647
Epoch: 47  Train rel: 0.019906351968646048  Test rel: 0.026088108345866202  Test abs: 0.0001777312869671732  Test abs boundary: 0.00011651184991933406  Time: 11.76876309607178
Epoch: 48  Train rel: 0.019155554927885534  Test rel: 0.023667855858802794  Test abs: 0.000160221504047513  Test abs boundary: 8.569788828026503e-05  Time: 11.7532042497769
Epoch: 49  Train rel: 0.020573527425527573  Test rel: 0.025817856118083002  Test abs: 0.00017484686570242046  Test abs boundary: 9.540912724332884e-05  Time: 11.755657573230565
Epoch: 50  Train rel: 0.020079292684793474  Test rel: 0.02570298619568348  Test abs: 0.00017508495366200805  Test abs boundary: 0.00012006694072624668  Time: 11.742195528000593
Epoch: 51  Train rel: 0.01966049986332655  Test rel: 0.024279239550232888  Test abs: 0.00016480032529216259  Test abs boundary: 0.00015460898459423333  Time: 11.736653130035847
Epoch: 52  Train rel: 0.02038981916755438  Test rel: 0.02466306582093239  Test abs: 0.00016721336578484625  Test abs boundary: 0.00010518295370275155  Time: 11.732173420954496
Epoch: 53  Train rel: 0.019601447761058807  Test rel: 0.02554777130484581  Test abs: 0.0001732707762857899  Test abs boundary: 0.0001868327404372394  Time: 11.776052817702293
Epoch: 54  Train rel: 0.018911047004163264  Test rel: 0.02329139955341816  Test abs: 0.0001582635845988989  Test abs boundary: 0.00010370556177804247  Time: 11.727281081024557
Epoch: 55  Train rel: 0.01882253149151802  Test rel: 0.02381779797375202  Test abs: 0.0001611874270020053  Test abs boundary: 0.0001248149512684904  Time: 11.74259461928159
Epoch: 56  Train rel: 0.019115687444806097  Test rel: 0.023617483600974085  Test abs: 0.00016004393226467072  Test abs boundary: 0.0001496626704465598  Time: 11.743446656037122
Epoch: 57  Train rel: 0.02053180327266455  Test rel: 0.028050791397690775  Test abs: 0.00018906239478383213  Test abs boundary: 0.0001919280254514888  Time: 11.762592209037393
Epoch: 58  Train rel: 0.02197527527809143  Test rel: 0.023798942640423773  Test abs: 0.00016067377058789133  Test abs boundary: 0.00010465786646818743  Time: 11.765673649962991
Epoch: 59  Train rel: 0.0196683991253376  Test rel: 0.026094787940382957  Test abs: 0.0001775224058656022  Test abs boundary: 9.266181354178116e-05  Time: 11.77282744133845
Epoch: 60  Train rel: 0.01780825676769018  Test rel: 0.022063727006316185  Test abs: 0.0001490918459603563  Test abs boundary: 8.677489502588287e-05  Time: 11.779915434774011
Epoch: 61  Train rel: 0.018095727518200874  Test rel: 0.022560701668262483  Test abs: 0.00015294567856471986  Test abs boundary: 8.031802339246497e-05  Time: 11.775412537157536
Epoch: 62  Train rel: 0.018151063427329063  Test rel: 0.02277673713862896  Test abs: 0.00015422418364323675  Test abs boundary: 0.00011234373931074516  Time: 11.77013719175011
Epoch: 63  Train rel: 0.019159250043332576  Test rel: 0.023973878026008606  Test abs: 0.00016244666185230016  Test abs boundary: 8.770620508585125e-05  Time: 11.760244784411043
Epoch: 64  Train rel: 0.018671174600720406  Test rel: 0.023096160590648653  Test abs: 0.0001552469260059297  Test abs boundary: 0.0001239729835651815  Time: 11.750257514882833
Epoch: 65  Train rel: 0.017931228645145892  Test rel: 0.02257470577955246  Test abs: 0.00015236451930832116  Test abs boundary: 0.00012957818922586738  Time: 11.746487325057387
Epoch: 66  Train rel: 0.01896848927438259  Test rel: 0.022980359345674516  Test abs: 0.00015624718158505858  Test abs boundary: 0.00013315817835973575  Time: 11.731627701316029
Epoch: 67  Train rel: 0.01778591986000538  Test rel: 0.023628916814923285  Test abs: 0.0001600110117578879  Test abs boundary: 0.000117143870156724  Time: 11.728171211201698
Epoch: 68  Train rel: 0.01844041210412979  Test rel: 0.023773027434945106  Test abs: 0.00016286248981487006  Test abs boundary: 9.517321130260826e-05  Time: 11.732232172973454
Epoch: 69  Train rel: 0.017856623485684394  Test rel: 0.024942914247512816  Test abs: 0.0001697418326511979  Test abs boundary: 0.00021105142717715354  Time: 11.73020103899762
Epoch: 70  Train rel: 0.017777866415679456  Test rel: 0.021381107270717622  Test abs: 0.00014487272943370044  Test abs boundary: 8.443100057775154e-05  Time: 11.742874746676534
Epoch: 71  Train rel: 0.018079173132777213  Test rel: 0.026409777402877806  Test abs: 0.00018081483140122145  Test abs boundary: 0.00017928436340298505  Time: 11.749091416597366
Epoch: 72  Train rel: 0.017476578444242476  Test rel: 0.021452942118048667  Test abs: 0.00014504926395602524  Test abs boundary: 0.00019086618325673044  Time: 11.764727328903973
Epoch: 73  Train rel: 0.017097488597035408  Test rel: 0.022950997576117516  Test abs: 0.00015702421718742697  Test abs boundary: 0.00011732487531844527  Time: 11.772310386877507
Epoch: 74  Train rel: 0.01729646323621273  Test rel: 0.022069468349218368  Test abs: 0.00015025835542473943  Test abs boundary: 0.00011031658650608733  Time: 11.765041399281472
Epoch: 75  Train rel: 0.017501171231269836  Test rel: 0.02472854934632778  Test abs: 0.00016668571333866566  Test abs boundary: 7.910088024800643e-05  Time: 11.766517342068255
Epoch: 76  Train rel: 0.01872010613977909  Test rel: 0.026136344447731972  Test abs: 0.0001776345632970333  Test abs boundary: 0.00019268399919383227  Time: 11.761697561014444
Epoch: 77  Train rel: 0.017403689362108708  Test rel: 0.022814946621656416  Test abs: 0.0001539896393660456  Test abs boundary: 9.80855681700632e-05  Time: 11.746064317412674
Epoch: 78  Train rel: 0.017034399628639223  Test rel: 0.021514017805457114  Test abs: 0.0001460304664215073  Test abs boundary: 0.00018281260912772268  Time: 11.757438429165632
Epoch: 79  Train rel: 0.0181558984965086  Test rel: 0.021231933534145354  Test abs: 0.00014241949043935164  Test abs boundary: 7.156660707551055e-05  Time: 11.850241407286376
Epoch: 80  Train rel: 0.01640261895954609  Test rel: 0.019695280343294142  Test abs: 0.000133836442255415  Test abs boundary: 9.53882426256314e-05  Time: 11.804717312101275
Epoch: 81  Train rel: 0.01770227885991335  Test rel: 0.019314032718539237  Test abs: 0.0001305590700940229  Test abs boundary: 6.910030351718888e-05  Time: 11.767980555072427
Epoch: 82  Train rel: 0.017965950161218644  Test rel: 0.020556783005595207  Test abs: 0.00013889195630326868  Test abs boundary: 0.00014316150161903352  Time: 11.762629210017622
Epoch: 83  Train rel: 0.0160919114947319  Test rel: 0.019372715950012206  Test abs: 0.00013113888358930127  Test abs boundary: 0.00010852031817194075  Time: 11.772280437871814
Epoch: 84  Train rel: 0.016949287198483945  Test rel: 0.019261621236801148  Test abs: 0.00013019498757785186  Test abs boundary: 0.00016760100261308252  Time: 11.774286509025842
Epoch: 85  Train rel: 0.016524594329297544  Test rel: 0.019939559623599053  Test abs: 0.00013557260856032372  Test abs boundary: 0.00011538055521668866  Time: 11.780949297826737
Epoch: 86  Train rel: 0.016251027509570123  Test rel: 0.02336030676960945  Test abs: 0.00015676382055971772  Test abs boundary: 8.493613277096301e-05  Time: 11.796533780172467
Epoch: 87  Train rel: 0.017440128810703753  Test rel: 0.025440733730793  Test abs: 0.00017230350349564105  Test abs boundary: 9.352577151730657e-05  Time: 11.786691494751722
Epoch: 88  Train rel: 0.016882836915552615  Test rel: 0.019668381586670877  Test abs: 0.00013427336554741487  Test abs boundary: 7.959874317748473e-05  Time: 11.791699664201587
Epoch: 89  Train rel: 0.01617126436531544  Test rel: 0.017765445858240126  Test abs: 0.00012026542099192738  Test abs boundary: 9.251636307453736e-05  Time: 11.786320516839623
Epoch: 90  Train rel: 0.016728604905307292  Test rel: 0.02327805183827877  Test abs: 0.00015571417985484005  Test abs boundary: 6.57889609283302e-05  Time: 11.786477575078607
Epoch: 91  Train rel: 0.01705732610821724  Test rel: 0.019567376747727395  Test abs: 0.00013364272745093332  Test abs boundary: 0.00012170943926321343  Time: 11.77630850020796
Epoch: 92  Train rel: 0.01640030261874199  Test rel: 0.020114841014146803  Test abs: 0.00013611539703560992  Test abs boundary: 8.524370641680435e-05  Time: 11.769359366036952
Epoch: 93  Train rel: 0.016657126270234586  Test rel: 0.018471991904079915  Test abs: 0.00012520231888629496  Test abs boundary: 7.673810818232595e-05  Time: 11.771814583800733
Epoch: 94  Train rel: 0.01612530827522278  Test rel: 0.01953377477824688  Test abs: 0.00013303235376952216  Test abs boundary: 7.789841591147706e-05  Time: 11.76138470461592
Epoch: 95  Train rel: 0.015540843345224858  Test rel: 0.020361172035336494  Test abs: 0.00013824863970512524  Test abs boundary: 0.00014244439895264805  Time: 11.760103728156537
Epoch: 96  Train rel: 0.01539562252163887  Test rel: 0.018154589012265205  Test abs: 0.0001225424205767922  Test abs boundary: 7.070039311656728e-05  Time: 11.777145809028298
Epoch: 97  Train rel: 0.014792120702564717  Test rel: 0.020600711926817894  Test abs: 0.00014074892533244565  Test abs boundary: 9.4195322599262e-05  Time: 11.773953801952302
Epoch: 98  Train rel: 0.015982350930571557  Test rel: 0.024848328083753587  Test abs: 0.00016971409611869605  Test abs boundary: 7.763633358990773e-05  Time: 11.779758751858026
Epoch: 99  Train rel: 0.016052095882594587  Test rel: 0.019265953078866006  Test abs: 0.0001313546870369464  Test abs boundary: 6.096856173826382e-05  Time: 11.78381550963968
Epoch: 100  Train rel: 0.01534257558733225  Test rel: 0.01814745906740427  Test abs: 0.00012286887591471895  Test abs boundary: 8.392178162466735e-05  Time: 11.790639804210514
Epoch: 101  Train rel: 0.015631295762956143  Test rel: 0.01925728879868984  Test abs: 0.00013041506346780807  Test abs boundary: 0.00011643581587122753  Time: 11.791970925871283
Epoch: 102  Train rel: 0.016423559337854384  Test rel: 0.017651438415050506  Test abs: 0.00012017174332868308  Test abs boundary: 8.563625218812377e-05  Time: 11.790793961379677
Epoch: 103  Train rel: 0.015632025234401225  Test rel: 0.01892351921647787  Test abs: 0.00012799452699255198  Test abs boundary: 6.970378162804992e-05  Time: 11.781353665981442
Epoch: 104  Train rel: 0.014796322286128998  Test rel: 0.017487957403063775  Test abs: 0.00011837459023809061  Test abs boundary: 6.269800956943073e-05  Time: 11.78441883996129
Epoch: 105  Train rel: 0.015950510039925574  Test rel: 0.02038999952375889  Test abs: 0.00013704912824323402  Test abs boundary: 6.681414844933898e-05  Time: 11.775557900313288
Epoch: 106  Train rel: 0.016744917452335358  Test rel: 0.01701626766473055  Test abs: 0.00011539543920662254  Test abs boundary: 0.0001029506154009141  Time: 11.783657819032669
Epoch: 107  Train rel: 0.015151326403021812  Test rel: 0.019254782050848008  Test abs: 0.00013060153723927216  Test abs boundary: 8.907200157409534e-05  Time: 11.773126544896513
Epoch: 108  Train rel: 0.014565474599599839  Test rel: 0.017449608296155928  Test abs: 0.00011809346004156396  Test abs boundary: 6.091145143727772e-05  Time: 11.775061461143196
Epoch: 109  Train rel: 0.01394495376944542  Test rel: 0.017767718136310576  Test abs: 0.00012076535320375115  Test abs boundary: 9.326027822680771e-05  Time: 11.776749108918011
Epoch: 110  Train rel: 0.014186027325689793  Test rel: 0.022640802040696142  Test abs: 0.00015477063599973916  Test abs boundary: 0.00013187856908189132  Time: 11.777462900616229
Epoch: 111  Train rel: 0.015157101839780808  Test rel: 0.01871650718152523  Test abs: 0.0001263486556126736  Test abs boundary: 7.644648489076645e-05  Time: 11.77724264236167
Epoch: 112  Train rel: 0.0152599930241704  Test rel: 0.01691132314503193  Test abs: 0.00011469571880297736  Test abs boundary: 7.944365846924483e-05  Time: 11.77633103588596
Epoch: 113  Train rel: 0.014712443433701991  Test rel: 0.016828402280807495  Test abs: 0.00011367260507540778  Test abs boundary: 0.00011608282889937982  Time: 11.772598397918046
Epoch: 114  Train rel: 0.013824291177093983  Test rel: 0.018740338869392872  Test abs: 0.00012673936813371257  Test abs boundary: 7.088395243044943e-05  Time: 11.777933975681663
Epoch: 115  Train rel: 0.014429051145911217  Test rel: 0.01984712578356266  Test abs: 0.00013284726213896647  Test abs boundary: 6.40607118839398e-05  Time: 11.778542404994369
Epoch: 116  Train rel: 0.01400530532747507  Test rel: 0.01725436370819807  Test abs: 0.00011715101194567979  Test abs boundary: 0.00014637278276495634  Time: 11.77834166586399
Epoch: 117  Train rel: 0.014157965630292892  Test rel: 0.0171597133949399  Test abs: 0.00011670239735394716  Test abs boundary: 9.959637158317491e-05  Time: 11.779937081038952
Epoch: 118  Train rel: 0.013528556533157826  Test rel: 0.02410612091422081  Test abs: 0.00016404616006184368  Test abs boundary: 8.04092179168947e-05  Time: 11.776432055979967
Epoch: 119  Train rel: 0.014391039080917835  Test rel: 0.01709154970943928  Test abs: 0.00011611518712015823  Test abs boundary: 9.214521065587178e-05  Time: 11.776052575092763
Epoch: 120  Train rel: 0.01553467856347561  Test rel: 0.017054462805390358  Test abs: 0.00011501471744850278  Test abs boundary: 8.293211576528847e-05  Time: 11.777184941340238
Epoch: 121  Train rel: 0.014741594061255456  Test rel: 0.018558674976229667  Test abs: 0.00012578337686136365  Test abs boundary: 6.270431840675883e-05  Time: 11.774829918053001
Epoch: 122  Train rel: 0.014413868971168996  Test rel: 0.017283937707543374  Test abs: 0.00011797874642070382  Test abs boundary: 6.170631764689461e-05  Time: 11.781317306216806
Epoch: 123  Train rel: 0.014502568759024143  Test rel: 0.018943283557891846  Test abs: 0.0001287504454376176  Test abs boundary: 6.501734867924824e-05  Time: 11.769660979043692
Epoch: 124  Train rel: 0.013282451450824738  Test rel: 0.016441187113523482  Test abs: 0.00011089883337263018  Test abs boundary: 5.969845602521673e-05  Time: 11.782725133933127
Epoch: 125  Train rel: 0.013574456699192524  Test rel: 0.01865952830761671  Test abs: 0.00012698705599177627  Test abs boundary: 0.00012554925022413953  Time: 11.772782408632338
Epoch: 126  Train rel: 0.01471521396934986  Test rel: 0.01658453404903412  Test abs: 0.00011215101461857557  Test abs boundary: 8.722685044631361e-05  Time: 11.778660115785897
Epoch: 127  Train rel: 0.014226989716291428  Test rel: 0.01582878641784191  Test abs: 0.00010707453038776294  Test abs boundary: 6.225620250916109e-05  Time: 11.776747121941298
Epoch: 128  Train rel: 0.012927577696740628  Test rel: 0.016357911601662636  Test abs: 0.00011053153546527028  Test abs boundary: 6.974960211664438e-05  Time: 11.77553022839129
Epoch: 129  Train rel: 0.014401781104505062  Test rel: 0.01633483961224556  Test abs: 0.00011030792054953054  Test abs boundary: 7.80053430935368e-05  Time: 11.769845155999064
Epoch: 130  Train rel: 0.013565658882260323  Test rel: 0.015639211684465408  Test abs: 0.00010580633650533855  Test abs boundary: 8.436608943156897e-05  Time: 11.770511844195426
Epoch: 131  Train rel: 0.01405123469978571  Test rel: 0.015781797915697098  Test abs: 0.00010712632705690339  Test abs boundary: 9.682235249783844e-05  Time: 11.776425782125443
Epoch: 132  Train rel: 0.01335345285385847  Test rel: 0.017648008316755295  Test abs: 0.00012047670577885583  Test abs boundary: 9.330926346592605e-05  Time: 11.78931972105056
Epoch: 133  Train rel: 0.012464321337640286  Test rel: 0.015257744938135148  Test abs: 0.00010352379962569102  Test abs boundary: 5.901468015508726e-05  Time: 11.784047254826874
Epoch: 134  Train rel: 0.01204530507326126  Test rel: 0.016001604460179807  Test abs: 0.00010856544482521712  Test abs boundary: 6.508488600957207e-05  Time: 11.766826150007546
Epoch: 135  Train rel: 0.012912150800228119  Test rel: 0.01576573111116886  Test abs: 0.00010650772775989026  Test abs boundary: 5.1630944799399e-05  Time: 11.766642873175442
Epoch: 136  Train rel: 0.013251104034483433  Test rel: 0.019152404479682444  Test abs: 0.0001296137913595885  Test abs boundary: 0.00011700479139108211  Time: 11.771354631055146
Epoch: 137  Train rel: 0.013024302534759044  Test rel: 0.01574121180921793  Test abs: 0.0001061451161513105  Test abs boundary: 5.179319166927598e-05  Time: 11.772616104688495
Epoch: 138  Train rel: 0.012810905568301677  Test rel: 0.016068930141627788  Test abs: 0.00010884147690376267  Test abs boundary: 0.0001044169589295052  Time: 11.767545273061842
Epoch: 139  Train rel: 0.013210414573550225  Test rel: 0.01622667711228132  Test abs: 0.00010991913644829765  Test abs boundary: 7.40920112002641e-05  Time: 11.759294839110225
Epoch: 140  Train rel: 0.012721567317843437  Test rel: 0.014513639882206917  Test abs: 9.825644869124517e-05  Test abs boundary: 5.95286104362458e-05  Time: 11.763922205660492
Epoch: 141  Train rel: 0.013198690414428711  Test rel: 0.01594714779406786  Test abs: 0.0001077740578330122  Test abs boundary: 7.546006352640689e-05  Time: 11.74856919888407
Epoch: 142  Train rel: 0.012904663145542145  Test rel: 0.018693696632981302  Test abs: 0.00012639389547985046  Test abs boundary: 6.884235248435289e-05  Time: 11.749739147722721
Epoch: 143  Train rel: 0.013121068336069583  Test rel: 0.017326688468456267  Test abs: 0.00011763648042688146  Test abs boundary: 6.589590484509244e-05  Time: 11.737556422129273
Epoch: 144  Train rel: 0.013732951141893863  Test rel: 0.014482429437339305  Test abs: 9.78962003136985e-05  Test abs boundary: 5.015732880565338e-05  Time: 11.745423921849579
Epoch: 145  Train rel: 0.012289193361997604  Test rel: 0.015228530392050743  Test abs: 0.00010325218143407255  Test abs boundary: 5.146712937857956e-05  Time: 11.739499852061272
Epoch: 146  Train rel: 0.012089340917766095  Test rel: 0.01910675421357155  Test abs: 0.00012889444129541517  Test abs boundary: 9.076236776309088e-05  Time: 11.744954329915345
Epoch: 147  Train rel: 0.01282116511464119  Test rel: 0.01691999949514866  Test abs: 0.0001138800018816255  Test abs boundary: 6.14256264816504e-05  Time: 11.751094558276236
Epoch: 148  Train rel: 0.012848731033504009  Test rel: 0.01509507540613413  Test abs: 0.00010203279729466886  Test abs boundary: 0.0001021979222423397  Time: 11.758824605029076
Epoch: 149  Train rel: 0.013034141384065152  Test rel: 0.016076351925730707  Test abs: 0.00010874176310608163  Test abs boundary: 6.545942742377519e-05  Time: 11.76688322937116
Epoch: 150  Train rel: 0.01221856363117695  Test rel: 0.016784873120486737  Test abs: 0.00011378127266652881  Test abs boundary: 0.00012900520610855892  Time: 11.773001645226032
Epoch: 151  Train rel: 0.013042949452996253  Test rel: 0.015299912020564079  Test abs: 0.00010362732456997036  Test abs boundary: 5.623667690088041e-05  Time: 11.761142036877573
Epoch: 152  Train rel: 0.012828715451061725  Test rel: 0.0167232283949852  Test abs: 0.00011356458824593574  Test abs boundary: 0.00011081883625593037  Time: 11.766372066922486
Epoch: 153  Train rel: 0.01227408967167139  Test rel: 0.01649815447628498  Test abs: 0.00011161000351421535  Test abs boundary: 6.456246788729913e-05  Time: 11.75267741130665
Epoch: 154  Train rel: 0.011955767422914505  Test rel: 0.014237502552568913  Test abs: 9.646358026657253e-05  Test abs boundary: 5.173752506379969e-05  Time: 11.742752438876778
Epoch: 155  Train rel: 0.012253818221390248  Test rel: 0.014536794200539589  Test abs: 9.850109840044752e-05  Test abs boundary: 6.443578968173824e-05  Time: 11.733361463993788
Epoch: 156  Train rel: 0.012034508354961872  Test rel: 0.015185376554727554  Test abs: 0.00010249934857711195  Test abs boundary: 0.00010568431462161243  Time: 11.723058610223234
Epoch: 157  Train rel: 0.01245099376142025  Test rel: 0.017649451829493047  Test abs: 0.00011983318167040125  Test abs boundary: 8.318671258166433e-05  Time: 11.722386409062892
Epoch: 158  Train rel: 0.012339791722595691  Test rel: 0.01544723030179739  Test abs: 0.00010455078212544322  Test abs boundary: 6.174518493935466e-05  Time: 11.735949496272951
Epoch: 159  Train rel: 0.012498943090438842  Test rel: 0.01455177042633295  Test abs: 9.839069622103125e-05  Test abs boundary: 5.375393986469135e-05  Time: 11.731017692945898
Epoch: 160  Train rel: 0.011357243962585925  Test rel: 0.01611322119832039  Test abs: 0.00010941259941319004  Test abs boundary: 5.1652597030624746e-05  Time: 11.742468161974102
Epoch: 161  Train rel: 0.012637107208371162  Test rel: 0.013993265479803086  Test abs: 9.472195233684033e-05  Test abs boundary: 4.853503982303664e-05  Time: 11.755458619911224
Epoch: 162  Train rel: 0.011954197980463505  Test rel: 0.01470821425318718  Test abs: 9.95079320273362e-05  Test abs boundary: 6.27627072390169e-05  Time: 11.768373102881014
Epoch: 163  Train rel: 0.011857104182243347  Test rel: 0.017109088636934756  Test abs: 0.00011554109602002427  Test abs boundary: 6.17083469114732e-05  Time: 11.765224413014948
Epoch: 164  Train rel: 0.01223532995581627  Test rel: 0.014185216203331947  Test abs: 9.5985799562186e-05  Test abs boundary: 5.643423399305902e-05  Time: 11.767539672087878
Epoch: 165  Train rel: 0.011598056517541408  Test rel: 0.01508838564157486  Test abs: 0.00010241074051009491  Test abs boundary: 5.800408820505254e-05  Time: 11.761826326139271
Epoch: 166  Train rel: 0.0116758576259017  Test rel: 0.01396692868322134  Test abs: 9.45105284336023e-05  Test abs boundary: 5.7333511504111814e-05  Time: 11.765291224233806
Epoch: 167  Train rel: 0.011131131492555141  Test rel: 0.01887059982866049  Test abs: 0.00012851759704062715  Test abs boundary: 7.349805819103494e-05  Time: 11.758732354734093
Epoch: 168  Train rel: 0.012157228738069535  Test rel: 0.015396526120603084  Test abs: 0.00010419185331556946  Test abs boundary: 5.5714136688038704e-05  Time: 11.751703172922134
Epoch: 169  Train rel: 0.011500029727816581  Test rel: 0.015663045682013033  Test abs: 0.00010621913563227281  Test abs boundary: 9.845208114711568e-05  Time: 11.736842956859618
Epoch: 170  Train rel: 0.01176529797166586  Test rel: 0.01549971528351307  Test abs: 0.00010533481574384496  Test abs boundary: 9.192295459797606e-05  Time: 11.73777008196339
Epoch: 171  Train rel: 0.011793017029762268  Test rel: 0.015836464650928975  Test abs: 0.00010702135536121205  Test abs boundary: 0.00011557256773812696  Time: 11.725967224221677
Epoch: 172  Train rel: 0.011469851657748222  Test rel: 0.017967610657215118  Test abs: 0.00012141055427491665  Test abs boundary: 6.603509027627296e-05  Time: 11.72935668984428
Epoch: 173  Train rel: 0.012133880257606507  Test rel: 0.01508692342787981  Test abs: 0.00010177174350246787  Test abs boundary: 6.11154068610631e-05  Time: 11.727114711888134
Epoch: 174  Train rel: 0.01072530683875084  Test rel: 0.014551822617650033  Test abs: 9.819442901061848e-05  Test abs boundary: 5.804503642139025e-05  Time: 11.738900041673332
Epoch: 175  Train rel: 0.011315815173089504  Test rel: 0.015637552589178084  Test abs: 0.00010562863142695278  Test abs boundary: 5.421557390945964e-05  Time: 11.74656851682812
Epoch: 176  Train rel: 0.011075826182961464  Test rel: 0.015388983935117721  Test abs: 0.00010354535974329338  Test abs boundary: 0.00012990724790142849  Time: 11.761736017186195
Epoch: 177  Train rel: 0.011539020523428917  Test rel: 0.014571150802075862  Test abs: 9.853476367425174e-05  Test abs boundary: 4.361219209386036e-05  Time: 11.76173746213317
Epoch: 178  Train rel: 0.01091230957955122  Test rel: 0.013450799137353897  Test abs: 9.081587253604085e-05  Test abs boundary: 7.656136876903475e-05  Time: 11.772847359068692
Epoch: 179  Train rel: 0.011406921602785587  Test rel: 0.01435991209000349  Test abs: 9.720587724586948e-05  Test abs boundary: 7.535206619650125e-05  Time: 11.809600455220789
Epoch: 180  Train rel: 0.011591762475669384  Test rel: 0.014403500743210316  Test abs: 9.740516456076876e-05  Test abs boundary: 5.000912715331651e-05  Time: 11.762934257742018
Epoch: 181  Train rel: 0.011255082830786705  Test rel: 0.014749962538480758  Test abs: 9.979533409932628e-05  Test abs boundary: 4.9841881700558585e-05  Time: 11.758356775157154
Epoch: 182  Train rel: 0.01201682987064123  Test rel: 0.014077309593558312  Test abs: 9.528643946396187e-05  Test abs boundary: 5.232591123785824e-05  Time: 11.745400111190975
Epoch: 183  Train rel: 0.010679348208010196  Test rel: 0.01403382234275341  Test abs: 9.494341182289645e-05  Test abs boundary: 6.935198965948076e-05  Time: 11.73703477717936
Epoch: 184  Train rel: 0.010681004650890826  Test rel: 0.014839007444679737  Test abs: 0.00010045587143395096  Test abs boundary: 7.796454563504085e-05  Time: 11.7385855759494
Epoch: 185  Train rel: 0.010701073981821537  Test rel: 0.015634719654917716  Test abs: 0.00010613435442792251  Test abs boundary: 8.793917339062319e-05  Time: 11.72124662809074
Epoch: 186  Train rel: 0.01219532123953104  Test rel: 0.014163385480642318  Test abs: 9.581296908436343e-05  Test abs boundary: 5.5046706984285264e-05  Time: 11.72904612403363
Epoch: 187  Train rel: 0.010514365680515766  Test rel: 0.014131782092154026  Test abs: 9.595662268111483e-05  Test abs boundary: 4.89059324900154e-05  Time: 11.736968780402094
Epoch: 188  Train rel: 0.01116993534564972  Test rel: 0.01379451796412468  Test abs: 9.334694012068212e-05  Test abs boundary: 6.538152330904268e-05  Time: 11.747072183992714
Epoch: 189  Train rel: 0.011318194814026355  Test rel: 0.013573601096868514  Test abs: 9.195074206218123e-05  Test abs boundary: 4.464638041099533e-05  Time: 11.739510297309607
Epoch: 190  Train rel: 0.010613884441554547  Test rel: 0.014499737322330475  Test abs: 9.797978564165532e-05  Test abs boundary: 5.494621102116071e-05  Time: 11.753731274046004
Epoch: 191  Train rel: 0.01101047507673502  Test rel: 0.013930549956858157  Test abs: 9.428350604139269e-05  Test abs boundary: 4.919247337966226e-05  Time: 11.754343914333731
Epoch: 192  Train rel: 0.010916182026267051  Test rel: 0.014478718377649785  Test abs: 9.814266668399796e-05  Test abs boundary: 6.231511390069499e-05  Time: 11.763297740835696
Epoch: 193  Train rel: 0.011060842588543892  Test rel: 0.013243459798395633  Test abs: 8.96583270514384e-05  Test abs boundary: 4.2522900621406734e-05  Time: 11.758611692115664
Epoch: 194  Train rel: 0.0108927853256464  Test rel: 0.01317220389842987  Test abs: 8.914375212043524e-05  Test abs boundary: 6.510422841529362e-05  Time: 11.762816690839827
Epoch: 195  Train rel: 0.01026615634560585  Test rel: 0.014372258111834527  Test abs: 9.756520390510559e-05  Test abs boundary: 6.568802971742116e-05  Time: 11.74288603104651
Epoch: 196  Train rel: 0.010334294147789478  Test rel: 0.015047573000192643  Test abs: 0.00010161947546293959  Test abs boundary: 4.819980429601856e-05  Time: 11.752773533109576
Epoch: 197  Train rel: 0.01054816435277462  Test rel: 0.013929422833025456  Test abs: 9.43216061568819e-05  Test abs boundary: 5.490567840752192e-05  Time: 11.743895188905299
Epoch: 198  Train rel: 0.010681593753397466  Test rel: 0.014563376791775226  Test abs: 9.933019726304337e-05  Test abs boundary: 5.1399021613178776e-05  Time: 11.748328511137515
Epoch: 199  Train rel: 0.010362461544573306  Test rel: 0.015455517768859863  Test abs: 0.0001050212129484862  Test abs boundary: 5.2523094782372934e-05  Time: 11.738415820989758
Epoch: 200  Train rel: 0.010301263600587845  Test rel: 0.01324303936213255  Test abs: 8.945254667196423e-05  Test abs boundary: 4.682607832364738e-05  Time: 11.743668933864683
Epoch: 201  Train rel: 0.00994405061379075  Test rel: 0.013186208754777908  Test abs: 8.933893783250823e-05  Test abs boundary: 4.460342592210509e-05  Time: 11.742722232360393
Epoch: 202  Train rel: 0.009813261948525906  Test rel: 0.013848655223846436  Test abs: 9.389032959006727e-05  Test abs boundary: 5.956679466180503e-05  Time: 11.749219391029328
Epoch: 203  Train rel: 0.010141426257789136  Test rel: 0.01280234768986702  Test abs: 8.646470756502822e-05  Test abs boundary: 8.757190749747679e-05  Time: 11.758704368956387
Epoch: 204  Train rel: 0.010672213435173035  Test rel: 0.014052376858890056  Test abs: 9.490643336903304e-05  Test abs boundary: 4.975296280463226e-05  Time: 11.769306537695229
Epoch: 205  Train rel: 0.010376958429813385  Test rel: 0.01348192047327757  Test abs: 9.115681430557743e-05  Test abs boundary: 5.096746463095769e-05  Time: 11.765433137305081
Epoch: 206  Train rel: 0.010033120602369308  Test rel: 0.014437031336128711  Test abs: 9.780543681699783e-05  Test abs boundary: 9.450216777622699e-05  Time: 11.776499423664063
Epoch: 207  Train rel: 0.010320347405970097  Test rel: 0.013362445458769799  Test abs: 9.058645839104428e-05  Test abs boundary: 6.106959495809861e-05  Time: 11.758492110762745
Epoch: 208  Train rel: 0.010521510027348996  Test rel: 0.013556772917509079  Test abs: 9.208534174831584e-05  Test abs boundary: 4.385127744171768e-05  Time: 11.765367426909506
Epoch: 209  Train rel: 0.009853802539408207  Test rel: 0.013406885638833046  Test abs: 9.044137579621746e-05  Test abs boundary: 4.369607529952191e-05  Time: 11.754342697095126
Epoch: 210  Train rel: 0.010351266041398048  Test rel: 0.013667265474796296  Test abs: 9.258327743737027e-05  Test abs boundary: 6.27411289315205e-05  Time: 11.754649902228266
Epoch: 211  Train rel: 0.010518847692757845  Test rel: 0.014131390899419784  Test abs: 9.572098875651136e-05  Test abs boundary: 5.8926223864546046e-05  Time: 11.743757794611156
Epoch: 212  Train rel: 0.010328452590852976  Test rel: 0.013402645476162434  Test abs: 9.075430629309267e-05  Test abs boundary: 7.673254527617246e-05  Time: 11.74618509085849
Epoch: 213  Train rel: 0.010093496546149255  Test rel: 0.01395103994756937  Test abs: 9.40802667173557e-05  Test abs boundary: 4.4926022965228186e-05  Time: 11.740987098310143
Epoch: 214  Train rel: 0.010623304843902589  Test rel: 0.01390717525035143  Test abs: 9.405069431522861e-05  Test abs boundary: 4.8266716476064175e-05  Time: 11.737265605013818
Epoch: 215  Train rel: 0.010201840855181218  Test rel: 0.013394007012248039  Test abs: 9.092409745790065e-05  Test abs boundary: 4.503131072851829e-05  Time: 11.723105315119028
Epoch: 216  Train rel: 0.009557587988674641  Test rel: 0.013020525388419628  Test abs: 8.835346932755783e-05  Test abs boundary: 4.8979684943333266e-05  Time: 11.736099618952721
Epoch: 217  Train rel: 0.009828488100320101  Test rel: 0.014087812565267087  Test abs: 9.541779174469411e-05  Test abs boundary: 7.995485590072349e-05  Time: 11.74207161506638
Epoch: 218  Train rel: 0.00960835536569357  Test rel: 0.013205250091850758  Test abs: 8.939174062106758e-05  Test abs boundary: 5.054648863733746e-05  Time: 11.74528233986348
Epoch: 219  Train rel: 0.009964706115424634  Test rel: 0.014141695722937584  Test abs: 9.605738130630926e-05  Test abs boundary: 6.373200565576553e-05  Time: 11.751819145865738
Epoch: 220  Train rel: 0.01007599152624607  Test rel: 0.013396224044263362  Test abs: 9.042100427905097e-05  Test abs boundary: 5.241859573288821e-05  Time: 11.770024650730193
Epoch: 221  Train rel: 0.010466765880584717  Test rel: 0.01296084225177765  Test abs: 8.759405434830114e-05  Test abs boundary: 7.086153636919335e-05  Time: 11.766026540193707
Epoch: 222  Train rel: 0.010380528304725885  Test rel: 0.014776094779372216  Test abs: 0.0001005592491128482  Test abs boundary: 7.07102459273301e-05  Time: 11.770445068832487
Epoch: 223  Train rel: 0.009455663576722145  Test rel: 0.013601035140454769  Test abs: 9.179523825878278e-05  Test abs boundary: 4.970954032614827e-05  Time: 11.764987139962614
Epoch: 224  Train rel: 0.00985761307924986  Test rel: 0.013242881111800671  Test abs: 8.94533860264346e-05  Test abs boundary: 4.8929527401924134e-05  Time: 11.763785074930638
Epoch: 225  Train rel: 0.009283356357365847  Test rel: 0.014635818302631378  Test abs: 9.976957517210394e-05  Test abs boundary: 4.541271016933024e-05  Time: 11.758452671114355
Epoch: 226  Train rel: 0.009529516201466321  Test rel: 0.014364562779664993  Test abs: 9.766635106643662e-05  Test abs boundary: 9.413702180609107e-05  Time: 11.753865423146635
Epoch: 227  Train rel: 0.009720538720488548  Test rel: 0.013358572013676167  Test abs: 9.043267840752378e-05  Test abs boundary: 8.562685601646081e-05  Time: 11.74854833399877
Epoch: 228  Train rel: 0.00942766248062253  Test rel: 0.013041596710681915  Test abs: 8.832457853714005e-05  Test abs boundary: 5.5923367326613516e-05  Time: 11.739831906277686
Epoch: 229  Train rel: 0.009014744635671377  Test rel: 0.013491423428058624  Test abs: 9.096242196392268e-05  Test abs boundary: 5.3115813934709876e-05  Time: 11.726986286230385
Epoch: 230  Train rel: 0.009815675001591443  Test rel: 0.014112266637384891  Test abs: 9.566414664732292e-05  Test abs boundary: 6.350124589516781e-05  Time: 11.737449701875448
Epoch: 231  Train rel: 0.009821275312453508  Test rel: 0.01564967505633831  Test abs: 0.00010616740066325292  Test abs boundary: 5.0282623851671816e-05  Time: 11.73584110988304
Epoch: 232  Train rel: 0.009732266761362553  Test rel: 0.013476230874657632  Test abs: 9.135545056778937e-05  Test abs boundary: 4.904042405541986e-05  Time: 11.74325885483995
Epoch: 233  Train rel: 0.009240782063454389  Test rel: 0.012704354897141456  Test abs: 8.597296196967363e-05  Test abs boundary: 4.530673861154355e-05  Time: 11.753359110094607
Epoch: 234  Train rel: 0.008734944559633731  Test rel: 0.012982796058058738  Test abs: 8.783754048636184e-05  Test abs boundary: 5.7997711264761166e-05  Time: 11.817820438183844
Epoch: 235  Train rel: 0.010172899514436722  Test rel: 0.01446350160986185  Test abs: 9.84830511151813e-05  Test abs boundary: 3.874884714605287e-05  Time: 11.758566987235099
Epoch: 236  Train rel: 0.009539387360215187  Test rel: 0.0126988423243165  Test abs: 8.59854053123854e-05  Test abs boundary: 4.4423773942980915e-05  Time: 11.7671456229873
Epoch: 237  Train rel: 0.009042734451591969  Test rel: 0.013397031463682652  Test abs: 9.040967823239044e-05  Test abs boundary: 7.92367645772174e-05  Time: 11.759351105894893
Epoch: 238  Train rel: 0.009475327372550964  Test rel: 0.012684006467461586  Test abs: 8.608932519564405e-05  Test abs boundary: 4.1397510794922706e-05  Time: 11.767480168957263
Epoch: 239  Train rel: 0.009025564666837453  Test rel: 0.013071138933300972  Test abs: 8.853552251821384e-05  Test abs boundary: 3.943420757423155e-05  Time: 11.756925225257874
Epoch: 240  Train rel: 0.009086979281157256  Test rel: 0.015416682921350002  Test abs: 0.00010432414099341258  Test abs boundary: 4.8046894662547856e-05  Time: 11.762748065870255
Epoch: 241  Train rel: 0.00955140344426036  Test rel: 0.012888833284378051  Test abs: 8.7088203872554e-05  Test abs boundary: 7.009952358203009e-05  Time: 11.751049297861755
Epoch: 242  Train rel: 0.00871046543866396  Test rel: 0.012769987173378468  Test abs: 8.642906730528921e-05  Test abs boundary: 7.244305103085935e-05  Time: 11.747332972008735
Epoch: 243  Train rel: 0.009093276046216488  Test rel: 0.013124335072934628  Test abs: 8.863098017172888e-05  Test abs boundary: 4.9403299781261014e-05  Time: 11.74049715930596
Epoch: 244  Train rel: 0.009648572038859129  Test rel: 0.013243549726903439  Test abs: 8.96711929817684e-05  Test abs boundary: 4.482290067244321e-05  Time: 11.74223767220974
Epoch: 245  Train rel: 0.008886575233191252  Test rel: 0.012929087057709693  Test abs: 8.735518960747868e-05  Test abs boundary: 4.555843333946541e-05  Time: 11.739094098098576
Epoch: 246  Train rel: 0.008637709625065326  Test rel: 0.012614986337721347  Test abs: 8.544196403818204e-05  Test abs boundary: 4.388602974358946e-05  Time: 11.736790661234409
Epoch: 247  Train rel: 0.008693517535924912  Test rel: 0.01247089758515358  Test abs: 8.454704337054864e-05  Test abs boundary: 5.000025135814212e-05  Time: 11.736600845120847
Epoch: 248  Train rel: 0.008856795866042376  Test rel: 0.01333163194358349  Test abs: 9.048437175806611e-05  Test abs boundary: 7.782546745147557e-05  Time: 11.746616863179952
Epoch: 249  Train rel: 0.009174362000077962  Test rel: 0.013331797122955322  Test abs: 9.04935845755972e-05  Test abs boundary: 3.5630417114589365e-05  Time: 11.74754884885624
Epoch: 250  Train rel: 0.009062193479388952  Test rel: 0.012817273661494256  Test abs: 8.672501280670986e-05  Test abs boundary: 4.7997803339967507e-05  Time: 11.761424825061113
Epoch: 251  Train rel: 0.009000435441732407  Test rel: 0.012868117429316045  Test abs: 8.73908182256855e-05  Test abs boundary: 3.624830220360309e-05  Time: 11.801205431111157
Epoch: 252  Train rel: 0.00872719268873334  Test rel: 0.01289225060492754  Test abs: 8.733247290365398e-05  Test abs boundary: 4.018281935714185e-05  Time: 11.765616934280843
Epoch: 253  Train rel: 0.009351457815617322  Test rel: 0.012421970702707768  Test abs: 8.399569516768679e-05  Test abs boundary: 8.09735112125054e-05  Time: 11.762309747282416
Epoch: 254  Train rel: 0.008351582180708647  Test rel: 0.012315688394010068  Test abs: 8.338182145962491e-05  Test abs boundary: 5.155067687155679e-05  Time: 11.802490105852485
Epoch: 255  Train rel: 0.008652093589305878  Test rel: 0.013197152130305766  Test abs: 8.934819605201483e-05  Test abs boundary: 3.870165819535032e-05  Time: 11.74861822789535
Epoch: 256  Train rel: 0.008540434926748277  Test rel: 0.012118468433618546  Test abs: 8.205535967135802e-05  Test abs boundary: 5.219683807808906e-05  Time: 11.74482196290046
Epoch: 257  Train rel: 0.008513357616961002  Test rel: 0.013072312958538532  Test abs: 8.833345607854426e-05  Test abs boundary: 3.980562905780971e-05  Time: 11.729412644635886
Epoch: 258  Train rel: 0.008926666472107173  Test rel: 0.012541039511561394  Test abs: 8.500319439917803e-05  Test abs boundary: 4.1483768000034616e-05  Time: 11.735175075940788
Epoch: 259  Train rel: 0.008356336444616318  Test rel: 0.012566810734570026  Test abs: 8.49269432364963e-05  Test abs boundary: 5.2847280312562364e-05  Time: 11.721761739812791
Epoch: 260  Train rel: 0.008620133027434349  Test rel: 0.012361100725829601  Test abs: 8.377374353585765e-05  Test abs boundary: 3.7000040902057665e-05  Time: 11.729644874110818
Epoch: 261  Train rel: 0.008463721055537462  Test rel: 0.013469010777771472  Test abs: 9.096200577914715e-05  Test abs boundary: 5.941952302237041e-05  Time: 11.72896804800257
Epoch: 262  Train rel: 0.008816943012177943  Test rel: 0.012140250690281391  Test abs: 8.223395212553442e-05  Test abs boundary: 4.0343472792301325e-05  Time: 11.744616243988276
Epoch: 263  Train rel: 0.008098826121538878  Test rel: 0.012165781073272229  Test abs: 8.25136955245398e-05  Test abs boundary: 4.223099196678959e-05  Time: 11.751187194138765
Epoch: 264  Train rel: 0.007949874553829431  Test rel: 0.012990446127951145  Test abs: 8.797742135357112e-05  Test abs boundary: 4.941311141010374e-05  Time: 11.761601374018937
Epoch: 265  Train rel: 0.007933705985546113  Test rel: 0.012485863864421845  Test abs: 8.482540986733511e-05  Test abs boundary: 4.027915929327719e-05  Time: 11.767164436168969
Epoch: 266  Train rel: 0.00792955021560192  Test rel: 0.012460717037320136  Test abs: 8.444080041954294e-05  Test abs boundary: 3.738921048352495e-05  Time: 11.779843956697732
Epoch: 267  Train rel: 0.008207709893584252  Test rel: 0.012742399275302886  Test abs: 8.636378130177036e-05  Test abs boundary: 5.35054192005191e-05  Time: 11.767530110664666
Epoch: 268  Train rel: 0.00872603590413928  Test rel: 0.01346413228660822  Test abs: 9.126800403464586e-05  Test abs boundary: 4.428850967087783e-05  Time: 11.768656163942069
Epoch: 269  Train rel: 0.008357442684471608  Test rel: 0.01225727640092373  Test abs: 8.28945534885861e-05  Test abs boundary: 5.265448518912308e-05  Time: 11.750994022004306
Epoch: 270  Train rel: 0.00790121042355895  Test rel: 0.012307181917130948  Test abs: 8.33745373529382e-05  Test abs boundary: 3.773870732402429e-05  Time: 11.753584377001971
Epoch: 271  Train rel: 0.008069506734609605  Test rel: 0.012158774398267269  Test abs: 8.209364488720894e-05  Test abs boundary: 4.5618961012223734e-05  Time: 11.73867005482316
Epoch: 272  Train rel: 0.00851844546571374  Test rel: 0.015785666890442373  Test abs: 0.0001069830363849178  Test abs boundary: 3.683870294480585e-05  Time: 11.732314766850322
Epoch: 273  Train rel: 0.008712528675794601  Test rel: 0.012610306739807129  Test abs: 8.516501024132595e-05  Test abs boundary: 4.559372871881351e-05  Time: 11.722538046073169
Epoch: 274  Train rel: 0.007851450704038143  Test rel: 0.012086897268891334  Test abs: 8.16248168121092e-05  Test abs boundary: 3.467632086540107e-05  Time: 11.733770961873233
Epoch: 275  Train rel: 0.007894429307430983  Test rel: 0.01207966361194849  Test abs: 8.179950847988948e-05  Test abs boundary: 4.646074565243907e-05  Time: 11.731076278258115
Epoch: 276  Train rel: 0.007859393782913685  Test rel: 0.012779889591038228  Test abs: 8.639297157060355e-05  Test abs boundary: 5.743599031120539e-05  Time: 11.740517591126263
Epoch: 277  Train rel: 0.007964947696775198  Test rel: 0.011781853921711445  Test abs: 7.986909535247833e-05  Test abs boundary: 3.949222547817044e-05  Time: 11.738469234202057
Epoch: 278  Train rel: 0.00791853216663003  Test rel: 0.011777003183960915  Test abs: 7.969887519720942e-05  Test abs boundary: 4.12760219478514e-05  Time: 11.751720583997667
Epoch: 279  Train rel: 0.008289230767637492  Test rel: 0.012171855084598065  Test abs: 8.23451578617096e-05  Test abs boundary: 3.6270447017159315e-05  Time: 11.797778984997422
Epoch: 280  Train rel: 0.007898161295801401  Test rel: 0.01202927589416504  Test abs: 8.149976638378575e-05  Test abs boundary: 4.530342921498232e-05  Time: 11.770307971164584
Epoch: 281  Train rel: 0.007632676478475332  Test rel: 0.01221815224736929  Test abs: 8.278271881863475e-05  Test abs boundary: 4.1655779641587286e-05  Time: 11.766869325190783
Epoch: 282  Train rel: 0.00760094004124403  Test rel: 0.011885916031897068  Test abs: 8.046567469136789e-05  Test abs boundary: 3.819250749074854e-05  Time: 11.767970392946154
Epoch: 283  Train rel: 0.007790593773126602  Test rel: 0.012468085512518884  Test abs: 8.456410345388577e-05  Test abs boundary: 4.399624958750792e-05  Time: 11.7514139842242
Epoch: 284  Train rel: 0.00754732758551836  Test rel: 0.012460431270301341  Test abs: 8.413596282480284e-05  Test abs boundary: 5.5777463712729515e-05  Time: 11.753525672014803
Epoch: 285  Train rel: 0.0075351099409163  Test rel: 0.012018828615546227  Test abs: 8.143974759150296e-05  Test abs boundary: 4.743326033349149e-05  Time: 11.740407781675458
Epoch: 286  Train rel: 0.007444117836654186  Test rel: 0.012133540995419025  Test abs: 8.204314159229397e-05  Test abs boundary: 3.839243363472633e-05  Time: 11.736144601833075
Epoch: 287  Train rel: 0.007330819346010685  Test rel: 0.011750492677092552  Test abs: 7.954014145070687e-05  Test abs boundary: 6.106371220084838e-05  Time: 11.715734399855137
Epoch: 288  Train rel: 0.007532471969723701  Test rel: 0.011961477175354958  Test abs: 8.092847827356308e-05  Test abs boundary: 3.6789658188354225e-05  Time: 11.724337266292423
Epoch: 289  Train rel: 0.0077095932513475416  Test rel: 0.01258207943290472  Test abs: 8.536783192539588e-05  Test abs boundary: 6.656056095380336e-05  Time: 11.72326896013692
Epoch: 290  Train rel: 0.007952391892671586  Test rel: 0.011792070306837559  Test abs: 7.988151599420235e-05  Test abs boundary: 4.363337575341575e-05  Time: 11.731344962026924
Epoch: 291  Train rel: 0.007259739626199007  Test rel: 0.011823588944971562  Test abs: 7.998126442544162e-05  Test abs boundary: 3.989511387771927e-05  Time: 11.734118920750916
Epoch: 292  Train rel: 0.0071045832186937335  Test rel: 0.011932351924479008  Test abs: 8.077057951595634e-05  Test abs boundary: 3.947849283576943e-05  Time: 11.754643496125937
Epoch: 293  Train rel: 0.007484031155705452  Test rel: 0.012299353331327438  Test abs: 8.320943888975307e-05  Test abs boundary: 5.2400161075638606e-05  Time: 11.76096827397123
Epoch: 294  Train rel: 0.007878537129610777  Test rel: 0.013740838803350926  Test abs: 9.292992705013603e-05  Test abs boundary: 3.714000922627747e-05  Time: 11.775586911011487
Epoch: 295  Train rel: 0.007403670892119408  Test rel: 0.011884463541209698  Test abs: 8.048811811022461e-05  Test abs boundary: 5.470622403663583e-05  Time: 11.769546607043594
Epoch: 296  Train rel: 0.007501958016306162  Test rel: 0.011978478692471982  Test abs: 8.113908173982054e-05  Test abs boundary: 3.676420761621557e-05  Time: 11.779673676006496
Epoch: 297  Train rel: 0.007086542893201112  Test rel: 0.011549538150429726  Test abs: 7.817689911462366e-05  Test abs boundary: 3.291539251222275e-05  Time: 11.755706421099603
Epoch: 298  Train rel: 0.006782188843935728  Test rel: 0.011373369544744492  Test abs: 7.71025706490036e-05  Test abs boundary: 3.3705446912790646e-05  Time: 11.75846471870318
Epoch: 299  Train rel: 0.007230096034705639  Test rel: 0.011703851856291294  Test abs: 7.921370037365705e-05  Test abs boundary: 3.7702745757997035e-05  Time: 11.742359104100615
Epoch: 300  Train rel: 0.007329231582581997  Test rel: 0.011921738013625146  Test abs: 8.07440243079327e-05  Test abs boundary: 3.307867009425536e-05  Time: 11.741688859183341
Epoch: 301  Train rel: 0.007507637482136488  Test rel: 0.011635380163788796  Test abs: 7.87132338155061e-05  Test abs boundary: 3.241456113755703e-05  Time: 11.721630589105189
Epoch: 302  Train rel: 0.007148001156747341  Test rel: 0.011714393422007561  Test abs: 7.935314701171592e-05  Test abs boundary: 3.42636345885694e-05  Time: 11.726718755904585
Epoch: 303  Train rel: 0.007068609118461609  Test rel: 0.01209450263530016  Test abs: 8.215777139412239e-05  Test abs boundary: 3.357197107106913e-05  Time: 11.725515981204808
Epoch: 304  Train rel: 0.006917190350592136  Test rel: 0.011485881358385085  Test abs: 7.777816237648949e-05  Test abs boundary: 3.498548685456626e-05  Time: 11.740751036908478
Epoch: 305  Train rel: 0.006722208265215158  Test rel: 0.011548036672174931  Test abs: 7.826400469639339e-05  Test abs boundary: 3.668211807962507e-05  Time: 11.745644465088844
Epoch: 306  Train rel: 0.007011608634144068  Test rel: 0.01175392508506775  Test abs: 7.961059935041704e-05  Test abs boundary: 3.7783569423481824e-05  Time: 11.762599871959537
Epoch: 307  Train rel: 0.007066838093101978  Test rel: 0.01197981420904398  Test abs: 8.096128498436883e-05  Test abs boundary: 3.3431847332394684e-05  Time: 11.763406240846962
Epoch: 308  Train rel: 0.006888789821416139  Test rel: 0.01157710339874029  Test abs: 7.839693018468096e-05  Test abs boundary: 3.074079017096665e-05  Time: 11.771525063086301
Epoch: 309  Train rel: 0.0067947165556252005  Test rel: 0.011480593793094159  Test abs: 7.764256792142987e-05  Test abs boundary: 3.0117629939923063e-05  Time: 11.773885870818049
Epoch: 310  Train rel: 0.007161413539201021  Test rel: 0.012922108508646488  Test abs: 8.800622046692297e-05  Test abs boundary: 3.398713015485555e-05  Time: 11.8191251992248
Epoch: 311  Train rel: 0.007320537462830543  Test rel: 0.011633546054363252  Test abs: 7.885471626650542e-05  Test abs boundary: 3.9289099222514776e-05  Time: 11.760874224361032
Epoch: 312  Train rel: 0.006779506761580706  Test rel: 0.011455598548054695  Test abs: 7.757056882837788e-05  Test abs boundary: 3.49781294062268e-05  Time: 11.756961156148463
Epoch: 313  Train rel: 0.006722010709345341  Test rel: 0.01152395475655794  Test abs: 7.806199922924862e-05  Test abs boundary: 3.220588470867369e-05  Time: 11.734805937856436
Epoch: 314  Train rel: 0.006847770877182483  Test rel: 0.012237090021371841  Test abs: 8.315077458973974e-05  Test abs boundary: 3.249551271437667e-05  Time: 11.736651491373777
Epoch: 315  Train rel: 0.006621076937764883  Test rel: 0.011654726937413215  Test abs: 7.899689633632079e-05  Test abs boundary: 3.351522856974043e-05  Time: 11.722069642040879
Epoch: 316  Train rel: 0.00681095540523529  Test rel: 0.011512803360819817  Test abs: 7.812616910086945e-05  Test abs boundary: 3.4904925923910925e-05  Time: 11.735229013022035
Epoch: 317  Train rel: 0.006594921082258225  Test rel: 0.011641596406698228  Test abs: 7.892960536992177e-05  Test abs boundary: 3.490661118121352e-05  Time: 11.736904409714043
Epoch: 318  Train rel: 0.006729401633143425  Test rel: 0.011248415783047677  Test abs: 7.615450158482417e-05  Test abs boundary: 3.725634116563015e-05  Time: 11.739711401984096
Epoch: 319  Train rel: 0.006305587451905012  Test rel: 0.011252815686166286  Test abs: 7.630150532349943e-05  Test abs boundary: 3.08129662880674e-05  Time: 11.751592787913978
Epoch: 320  Train rel: 0.006631386395543813  Test rel: 0.011535752676427364  Test abs: 7.815283723175526e-05  Test abs boundary: 3.404657247301657e-05  Time: 11.766708358190954
Epoch: 321  Train rel: 0.006716544095426798  Test rel: 0.011732593923807145  Test abs: 7.966730423504487e-05  Test abs boundary: 5.127480791998096e-05  Time: 11.7686457359232
Epoch: 322  Train rel: 0.00651242995634675  Test rel: 0.011364482901990413  Test abs: 7.704775809543207e-05  Test abs boundary: 3.3787688735174016e-05  Time: 11.779736087657511
Epoch: 323  Train rel: 0.0063225112408399585  Test rel: 0.011604121401906014  Test abs: 7.854876108467579e-05  Test abs boundary: 3.200454288162291e-05  Time: 11.761242372915149
Epoch: 324  Train rel: 0.006278804626315832  Test rel: 0.011350151300430298  Test abs: 7.687398203415797e-05  Test abs boundary: 3.0288540947367438e-05  Time: 11.768925260286778
Epoch: 325  Train rel: 0.006492266155779362  Test rel: 0.011466506011784077  Test abs: 7.760191918350757e-05  Test abs boundary: 2.9795198643114417e-05  Time: 11.747910720761865
Epoch: 326  Train rel: 0.006540749844163656  Test rel: 0.01149342555552721  Test abs: 7.796471589244903e-05  Test abs boundary: 3.120879810012411e-05  Time: 11.746086332947016
Epoch: 327  Train rel: 0.006732877790927887  Test rel: 0.011398188509047032  Test abs: 7.728600699920207e-05  Test abs boundary: 3.9918753755046056e-05  Time: 11.728545451071113
Epoch: 328  Train rel: 0.00625242830067873  Test rel: 0.011202441416680814  Test abs: 7.59676774032414e-05  Test abs boundary: 3.73965957260225e-05  Time: 11.726921432185918
Epoch: 329  Train rel: 0.00609712515771389  Test rel: 0.011261792443692685  Test abs: 7.62354687321931e-05  Test abs boundary: 3.432480174524244e-05  Time: 11.720354764722288
Epoch: 330  Train rel: 0.006337755046784878  Test rel: 0.011275914423167705  Test abs: 7.63841781008523e-05  Test abs boundary: 3.138222811685409e-05  Time: 12.294391226954758
Epoch: 331  Train rel: 0.006194124694913625  Test rel: 0.011386978812515736  Test abs: 7.71135010290891e-05  Test abs boundary: 4.282467838493176e-05  Time: 11.722582729998976
Epoch: 332  Train rel: 0.005991267710924148  Test rel: 0.011413365863263606  Test abs: 7.736861851299182e-05  Test abs boundary: 3.373740801180247e-05  Time: 11.786920674610883
Epoch: 333  Train rel: 0.006520962331444025  Test rel: 0.011384912244975566  Test abs: 7.698409492149949e-05  Test abs boundary: 2.9279728696565144e-05  Time: 11.744618164841086
Epoch: 334  Train rel: 0.006429081134498119  Test rel: 0.01124870177358389  Test abs: 7.617680646944791e-05  Test abs boundary: 3.713227808475495e-05  Time: 11.763107009232044
Epoch: 335  Train rel: 0.005979961156845093  Test rel: 0.011265497729182243  Test abs: 7.62965393369086e-05  Test abs boundary: 3.703689100802876e-05  Time: 11.762638628017157
Epoch: 336  Train rel: 0.006199294269084931  Test rel: 0.011229359582066535  Test abs: 7.610934975673445e-05  Test abs boundary: 3.151994926156476e-05  Time: 11.76297124195844
Epoch: 337  Train rel: 0.006352952860295772  Test rel: 0.01201405219733715  Test abs: 8.123059204081074e-05  Test abs boundary: 3.008151885296684e-05  Time: 11.758157277945429
Epoch: 338  Train rel: 0.006363967392593622  Test rel: 0.011199824661016464  Test abs: 7.580995661555789e-05  Test abs boundary: 3.991644945926964e-05  Time: 11.752013080287725
Epoch: 339  Train rel: 0.005973652195185423  Test rel: 0.01139972534030676  Test abs: 7.735712482826784e-05  Test abs boundary: 2.9789628242724576e-05  Time: 11.742756559047848
Epoch: 340  Train rel: 0.005867578420788049  Test rel: 0.011089749559760094  Test abs: 7.51672955811955e-05  Test abs boundary: 3.276588926382829e-05  Time: 11.742809925694019
Epoch: 341  Train rel: 0.005807188611477614  Test rel: 0.011114025712013245  Test abs: 7.52972463669721e-05  Test abs boundary: 3.631919229519554e-05  Time: 11.724088663700968
Epoch: 342  Train rel: 0.005863656789064408  Test rel: 0.011189155876636506  Test abs: 7.591157467686572e-05  Test abs boundary: 2.8924761427333578e-05  Time: 11.728651257697493
Epoch: 343  Train rel: 0.005889465667307377  Test rel: 0.011092251725494861  Test abs: 7.5235050462652e-05  Test abs boundary: 3.430696451687254e-05  Time: 11.723244066815823
Epoch: 344  Train rel: 0.005783288769423961  Test rel: 0.011463647596538068  Test abs: 7.758501102216542e-05  Test abs boundary: 3.25568116386421e-05  Time: 11.73871304700151
Epoch: 345  Train rel: 0.00576120114326477  Test rel: 0.011209165640175343  Test abs: 7.604954880662263e-05  Test abs boundary: 3.4296374360565095e-05  Time: 11.735408521723002
Epoch: 346  Train rel: 0.005998247340321541  Test rel: 0.011425690650939941  Test abs: 7.752248755423353e-05  Test abs boundary: 2.816954358422663e-05  Time: 11.756967856083065
Epoch: 347  Train rel: 0.005749579478055239  Test rel: 0.011285896226763726  Test abs: 7.636936061317101e-05  Test abs boundary: 4.479983777855523e-05  Time: 11.758817314170301
Epoch: 348  Train rel: 0.00549882398173213  Test rel: 0.011117465831339358  Test abs: 7.532328658271581e-05  Test abs boundary: 3.330715975607745e-05  Time: 11.76050296612084
Epoch: 349  Train rel: 0.005620089918375015  Test rel: 0.010933351442217827  Test abs: 7.40929224411957e-05  Test abs boundary: 3.4496405423851686e-05  Time: 11.758207040838897
Epoch: 350  Train rel: 0.005502738364040851  Test rel: 0.011106163822114467  Test abs: 7.516184356063604e-05  Test abs boundary: 3.06440449639922e-05  Time: 11.753340576775372
Epoch: 351  Train rel: 0.005825690694153309  Test rel: 0.011276953928172588  Test abs: 7.622428645845503e-05  Test abs boundary: 3.0014249859959817e-05  Time: 11.744525278918445
Epoch: 352  Train rel: 0.005572638381272555  Test rel: 0.011184683330357074  Test abs: 7.579753917525523e-05  Test abs boundary: 3.2108184095704926e-05  Time: 11.745783945079893
Epoch: 353  Train rel: 0.005807598516345024  Test rel: 0.01090911764651537  Test abs: 7.390740429400467e-05  Test abs boundary: 3.347476071212441e-05  Time: 11.73708035191521
Epoch: 354  Train rel: 0.005520002491772175  Test rel: 0.01149590514600277  Test abs: 7.783176231896505e-05  Test abs boundary: 3.3237355746678074e-05  Time: 11.737006562296301
Epoch: 355  Train rel: 0.005709678970277309  Test rel: 0.011271100491285324  Test abs: 7.650110055692493e-05  Test abs boundary: 3.359618123795372e-05  Time: 11.725418841931969
Epoch: 356  Train rel: 0.005489308960735798  Test rel: 0.010938769169151784  Test abs: 7.407774901366793e-05  Test abs boundary: 4.088675457751378e-05  Time: 11.769930950831622
Epoch: 357  Train rel: 0.005475199796259403  Test rel: 0.011301345750689506  Test abs: 7.640471536433324e-05  Test abs boundary: 2.995836432091892e-05  Time: 11.73204952897504
Epoch: 358  Train rel: 0.005446770921349525  Test rel: 0.010978962928056717  Test abs: 7.441050969646312e-05  Test abs boundary: 3.093767154496163e-05  Time: 11.73824638267979
Epoch: 359  Train rel: 0.0053976431153714656  Test rel: 0.010860790386795998  Test abs: 7.35632298165001e-05  Test abs boundary: 3.0049698834773154e-05  Time: 11.738384300842881
Epoch: 360  Train rel: 0.00524339160695672  Test rel: 0.011108554862439633  Test abs: 7.530447357567027e-05  Test abs boundary: 3.7517188902711494e-05  Time: 11.759056866168976
Epoch: 361  Train rel: 0.005262114066630602  Test rel: 0.011010234095156193  Test abs: 7.465521586709656e-05  Test abs boundary: 2.724232203036081e-05  Time: 11.759040202014148
Epoch: 362  Train rel: 0.005172436602413654  Test rel: 0.011045578941702843  Test abs: 7.480617103283293e-05  Test abs boundary: 3.190271097992081e-05  Time: 11.769488641992211
Epoch: 363  Train rel: 0.0052810232527554036  Test rel: 0.010906422473490239  Test abs: 7.386510944343172e-05  Test abs boundary: 2.703795391425956e-05  Time: 11.767812957055867
Epoch: 364  Train rel: 0.00519915721565485  Test rel: 0.010942012295126915  Test abs: 7.42267444729805e-05  Test abs boundary: 2.7642320783343167e-05  Time: 11.751852575689554
Epoch: 365  Train rel: 0.005135707892477513  Test rel: 0.011255514435470104  Test abs: 7.627634142409078e-05  Test abs boundary: 2.824311319272965e-05  Time: 11.749157797079533
Epoch: 366  Train rel: 0.00516687948256731  Test rel: 0.010865284763276577  Test abs: 7.366066405666061e-05  Test abs boundary: 2.5781047806958668e-05  Time: 11.740390384104103
Epoch: 367  Train rel: 0.005242297291755676  Test rel: 0.010953899472951889  Test abs: 7.413804341922514e-05  Test abs boundary: 2.8753253500326535e-05  Time: 11.725627988111228
Epoch: 368  Train rel: 0.005458647228777409  Test rel: 0.011010438166558743  Test abs: 7.446065515978262e-05  Test abs boundary: 3.210165283235256e-05  Time: 11.731136357877403
Epoch: 369  Train rel: 0.005142918992787599  Test rel: 0.010948511958122253  Test abs: 7.421461516059934e-05  Test abs boundary: 2.8518323888420126e-05  Time: 11.722881375811994
Epoch: 370  Train rel: 0.0050245592333376405  Test rel: 0.010823855921626092  Test abs: 7.333998248213902e-05  Test abs boundary: 2.902103282394819e-05  Time: 11.730372997932136
Epoch: 371  Train rel: 0.004972384538501501  Test rel: 0.010836172997951508  Test abs: 7.34266584913712e-05  Test abs boundary: 2.912928830482997e-05  Time: 11.729329915251583
Epoch: 372  Train rel: 0.005000396393239498  Test rel: 0.010978533886373043  Test abs: 7.443505761330016e-05  Test abs boundary: 2.4932317464845256e-05  Time: 11.747247532010078
Epoch: 373  Train rel: 0.0049736955948174  Test rel: 0.010747625641524792  Test abs: 7.284887295099906e-05  Test abs boundary: 2.778140566078946e-05  Time: 11.752031287178397
Epoch: 374  Train rel: 0.004917139375582337  Test rel: 0.011066863872110843  Test abs: 7.497394311940297e-05  Test abs boundary: 2.8577735283761284e-05  Time: 11.763927167281508
Epoch: 375  Train rel: 0.004977865763008594  Test rel: 0.010746831558644771  Test abs: 7.277322380105034e-05  Test abs boundary: 2.653993091371376e-05  Time: 11.766474528238177
Epoch: 376  Train rel: 0.004877002298831939  Test rel: 0.01073662243783474  Test abs: 7.278765551745891e-05  Test abs boundary: 2.7185760118300095e-05  Time: 11.779349594376981
Epoch: 377  Train rel: 0.004850694123655558  Test rel: 0.010790422074496746  Test abs: 7.31048129091505e-05  Test abs boundary: 2.651131471793633e-05  Time: 11.765625548083335
Epoch: 378  Train rel: 0.004865425061434507  Test rel: 0.010854611992836  Test abs: 7.354434099397622e-05  Test abs boundary: 3.0464687952189707e-05  Time: 11.767439638730139
Epoch: 379  Train rel: 0.004812536163255572  Test rel: 0.010809991657733917  Test abs: 7.316096060094423e-05  Test abs boundary: 2.540686553402338e-05  Time: 11.746146957855672
Epoch: 380  Train rel: 0.004772322610020637  Test rel: 0.010795715488493443  Test abs: 7.315164926694705e-05  Test abs boundary: 2.4540879894630053e-05  Time: 11.741765757091343
Epoch: 381  Train rel: 0.004839004848152399  Test rel: 0.01074002455919981  Test abs: 7.279865312739275e-05  Test abs boundary: 2.5493368739262223e-05  Time: 11.719408361706883
Epoch: 382  Train rel: 0.00464411529712379  Test rel: 0.010804085917770863  Test abs: 7.320749020436779e-05  Test abs boundary: 2.5657285732449964e-05  Time: 11.722631951328367
Epoch: 383  Train rel: 0.004629221035167575  Test rel: 0.01068228054791689  Test abs: 7.232108633616008e-05  Test abs boundary: 2.5476289229118264e-05  Time: 11.72429132508114
Epoch: 384  Train rel: 0.004548459593206644  Test rel: 0.010744457952678204  Test abs: 7.28399251238443e-05  Test abs boundary: 2.6044274200103246e-05  Time: 11.734868336003274
Epoch: 385  Train rel: 0.004703912287950516  Test rel: 0.010760718584060669  Test abs: 7.293979040696286e-05  Test abs boundary: 2.7008639735868202e-05  Time: 11.737127432134002
Epoch: 386  Train rel: 0.004558586129918695  Test rel: 0.010719315446913243  Test abs: 7.264637519256211e-05  Test abs boundary: 2.925757216871716e-05  Time: 11.74769385997206
Epoch: 387  Train rel: 0.004549367796629667  Test rel: 0.010689394846558571  Test abs: 7.244840599014424e-05  Test abs boundary: 2.6935946152661927e-05  Time: 11.74805391766131
Epoch: 388  Train rel: 0.0045170442126691345  Test rel: 0.01061050482094288  Test abs: 7.187348644947633e-05  Test abs boundary: 2.7377879741834478e-05  Time: 11.759241437073797
Epoch: 389  Train rel: 0.004616147425025701  Test rel: 0.010718216709792614  Test abs: 7.265356602147222e-05  Test abs boundary: 2.6143174327444285e-05  Time: 11.759570360183716
Epoch: 390  Train rel: 0.004495099304243922  Test rel: 0.010721324905753137  Test abs: 7.263785519171507e-05  Test abs boundary: 2.7858252360601908e-05  Time: 11.771394004113972
Epoch: 391  Train rel: 0.004551297452300787  Test rel: 0.010760939605534077  Test abs: 7.293361719348468e-05  Test abs boundary: 2.7870236517628656e-05  Time: 11.757154341321439
Epoch: 392  Train rel: 0.004467789839953184  Test rel: 0.010732745863497256  Test abs: 7.27052787260618e-05  Test abs boundary: 2.5313594887848014e-05  Time: 11.752810158766806
Epoch: 393  Train rel: 0.004463251637294888  Test rel: 0.010738614685833455  Test abs: 7.278813194716349e-05  Test abs boundary: 2.5751443608896807e-05  Time: 11.744788210839033
Epoch: 394  Train rel: 0.004535080214962363  Test rel: 0.010735024102032184  Test abs: 7.273591269040481e-05  Test abs boundary: 2.5994777824962512e-05  Time: 11.742497346829623
Epoch: 395  Train rel: 0.004365611158311367  Test rel: 0.010602854676544666  Test abs: 7.180144835729152e-05  Test abs boundary: 2.4675532040419056e-05  Time: 11.73220189800486
Epoch: 396  Train rel: 0.004483394460752606  Test rel: 0.010703439004719257  Test abs: 7.247232511872425e-05  Test abs boundary: 2.6098807647940703e-05  Time: 11.734005254227668
Epoch: 397  Train rel: 0.004404237994924187  Test rel: 0.010657363422214985  Test abs: 7.219108156277798e-05  Test abs boundary: 2.6167482137680053e-05  Time: 11.72816580394283
Epoch: 398  Train rel: 0.004308532744646073  Test rel: 0.010627696253359319  Test abs: 7.197831495432183e-05  Test abs boundary: 2.4053446904872543e-05  Time: 11.745527479797602
Epoch: 399  Train rel: 0.00419682408683002  Test rel: 0.01060072537511587  Test abs: 7.183247740613296e-05  Test abs boundary: 2.4214434233726934e-05  Time: 11.7506676861085
Epoch: 400  Train rel: 0.004237926246598363  Test rel: 0.010886740051209926  Test abs: 7.384671873296611e-05  Test abs boundary: 2.5003026457852684e-05  Time: 11.759868586901575
Epoch: 401  Train rel: 0.0042052702996879816  Test rel: 0.010735568404197694  Test abs: 7.275452939211392e-05  Test abs boundary: 2.4014073424041272e-05  Time: 11.765222200658172
Epoch: 402  Train rel: 0.004252944605425  Test rel: 0.010643156170845032  Test abs: 7.208850802271627e-05  Test abs boundary: 2.421808079816401e-05  Time: 11.768138776998967
Epoch: 403  Train rel: 0.0043584430888295176  Test rel: 0.010665767341852189  Test abs: 7.233580225147308e-05  Test abs boundary: 2.4905211030272768e-05  Time: 11.771485303994268
Epoch: 404  Train rel: 0.0042065351661294695  Test rel: 0.010673213079571723  Test abs: 7.230027389596217e-05  Test abs boundary: 2.768623744486831e-05  Time: 11.769893270917237
Epoch: 405  Train rel: 0.004139752781018614  Test rel: 0.010625924058258534  Test abs: 7.197907878435217e-05  Test abs boundary: 2.5042241541086698e-05  Time: 11.757331651635468
Epoch: 406  Train rel: 0.0040622024796903135  Test rel: 0.010583415292203427  Test abs: 7.16904985893052e-05  Test abs boundary: 2.5068424074561337e-05  Time: 11.75335810193792
Epoch: 407  Train rel: 0.004004180248826742  Test rel: 0.010597683489322662  Test abs: 7.181505628977902e-05  Test abs boundary: 2.476331268553622e-05  Time: 11.739948331844062
Epoch: 408  Train rel: 0.003957178873941303  Test rel: 0.010628840327262879  Test abs: 7.20400272984989e-05  Test abs boundary: 3.0841266925563106e-05  Time: 11.7349575269036
Epoch: 409  Train rel: 0.003985915431752801  Test rel: 0.010569405443966388  Test abs: 7.162641180912033e-05  Test abs boundary: 2.652970841154456e-05  Time: 11.726100689731538
Epoch: 410  Train rel: 0.004006846504285931  Test rel: 0.010570589415729047  Test abs: 7.164014619775117e-05  Test abs boundary: 2.3064488559612072e-05  Time: 11.737185775768012
Epoch: 411  Train rel: 0.0039810813441872595  Test rel: 0.010598971359431743  Test abs: 7.184197645983659e-05  Test abs boundary: 2.362353028729558e-05  Time: 11.739884162787348
Epoch: 412  Train rel: 0.003979434033855796  Test rel: 0.010626136288046838  Test abs: 7.204139357781969e-05  Test abs boundary: 2.3181613360065968e-05  Time: 11.80804051598534
Epoch: 413  Train rel: 0.004014720095321536  Test rel: 0.010733102224767208  Test abs: 7.277576514752582e-05  Test abs boundary: 2.412802685284987e-05  Time: 11.750947831198573
Epoch: 414  Train rel: 0.003966789530590177  Test rel: 0.010596498772501945  Test abs: 7.178085070336238e-05  Test abs boundary: 2.3107820234145037e-05  Time: 11.764436440076679
Epoch: 415  Train rel: 0.003886412654072046  Test rel: 0.010568946860730647  Test abs: 7.161525310948491e-05  Test abs boundary: 2.36881802265998e-05  Time: 11.763158859219402
Epoch: 416  Train rel: 0.003882982116192579  Test rel: 0.010593829564750195  Test abs: 7.177352206781506e-05  Test abs boundary: 2.6736872823676093e-05  Time: 11.774296013638377
Epoch: 417  Train rel: 0.0038275575768202544  Test rel: 0.01058052148669958  Test abs: 7.170798809966072e-05  Test abs boundary: 2.4209514449466952e-05  Time: 11.764155203010887
Epoch: 418  Train rel: 0.0038575267028063535  Test rel: 0.010574470981955528  Test abs: 7.166144307120703e-05  Test abs boundary: 2.6133518913411537e-05  Time: 11.764968853909522
Epoch: 419  Train rel: 0.003954288445413113  Test rel: 0.01061927281320095  Test abs: 7.19667058729101e-05  Test abs boundary: 2.559298744017724e-05  Time: 11.753328823950142
Epoch: 420  Train rel: 0.0039034150391817094  Test rel: 0.010572033897042275  Test abs: 7.162936017266475e-05  Test abs boundary: 2.3301242326851933e-05  Time: 11.789634528104216
Epoch: 421  Train rel: 0.0038200539126992225  Test rel: 0.010575156323611737  Test abs: 7.171161501901224e-05  Test abs boundary: 2.28780470933998e-05  Time: 11.733879049308598
Epoch: 422  Train rel: 0.003746087085455656  Test rel: 0.010543290488421918  Test abs: 7.145867741201073e-05  Test abs boundary: 2.4583718040958047e-05  Time: 11.737778983078897
Epoch: 423  Train rel: 0.0036901028230786324  Test rel: 0.01051517765969038  Test abs: 7.123822055291385e-05  Test abs boundary: 2.2876266957609914e-05  Time: 11.726319771260023
Epoch: 424  Train rel: 0.0036618494056165217  Test rel: 0.010540638566017151  Test abs: 7.143176495446823e-05  Test abs boundary: 2.5647576330811715e-05  Time: 11.740563851315528
Epoch: 425  Train rel: 0.003662878757342696  Test rel: 0.010520849153399467  Test abs: 7.127063159714453e-05  Test abs boundary: 2.3543582428828814e-05  Time: 11.783524565864354
Epoch: 426  Train rel: 0.003621587797999382  Test rel: 0.010528702698647975  Test abs: 7.134720683097839e-05  Test abs boundary: 2.3268841614481063e-05  Time: 11.75583865121007
Epoch: 427  Train rel: 0.003616059113293886  Test rel: 0.01052761148661375  Test abs: 7.131265665520914e-05  Test abs boundary: 2.347875968553126e-05  Time: 11.759591390844434
Epoch: 428  Train rel: 0.0036282109972089528  Test rel: 0.010536475107073784  Test abs: 7.138141998439096e-05  Test abs boundary: 2.2573754904442467e-05  Time: 11.76765847299248
Epoch: 429  Train rel: 0.003635611783713102  Test rel: 0.010532510466873646  Test abs: 7.137512599001638e-05  Test abs boundary: 2.551057405071333e-05  Time: 11.765424221288413
Epoch: 430  Train rel: 0.0036525588259100914  Test rel: 0.010592532753944396  Test abs: 7.173362057073973e-05  Test abs boundary: 2.3822617731639183e-05  Time: 11.771977561991662
Epoch: 431  Train rel: 0.0036623447481542826  Test rel: 0.010512347035109997  Test abs: 7.124733150703832e-05  Test abs boundary: 2.3155534072429874e-05  Time: 11.747514590155333
Epoch: 432  Train rel: 0.0035859116092324256  Test rel: 0.01054211739450693  Test abs: 7.140887450077571e-05  Test abs boundary: 2.5310096534667538e-05  Time: 11.7484543309547
Epoch: 433  Train rel: 0.0035350348092615604  Test rel: 0.010539292469620704  Test abs: 7.140048270230181e-05  Test abs boundary: 2.3215438559418545e-05  Time: 11.731210893951356
Epoch: 434  Train rel: 0.0035114131942391397  Test rel: 0.010529316999018191  Test abs: 7.133331455406733e-05  Test abs boundary: 2.313596007297747e-05  Time: 11.729874133132398
Epoch: 435  Train rel: 0.003496075298637152  Test rel: 0.010531590394675732  Test abs: 7.138723478419706e-05  Test abs boundary: 2.2439540407503956e-05  Time: 11.7296545910649
Epoch: 436  Train rel: 0.0034859595447778702  Test rel: 0.010519189983606339  Test abs: 7.126426819013431e-05  Test abs boundary: 2.4540988088119777e-05  Time: 11.73420500010252
Epoch: 437  Train rel: 0.003485351584851742  Test rel: 0.010513676367700099  Test abs: 7.121735950931906e-05  Test abs boundary: 2.3170732019934804e-05  Time: 11.733986512757838
Epoch: 438  Train rel: 0.0034716246947646143  Test rel: 0.01050806801766157  Test abs: 7.118888344848529e-05  Test abs boundary: 2.3017441562842578e-05  Time: 11.751351884100586
Epoch: 439  Train rel: 0.0034429788123816253  Test rel: 0.010505192205309868  Test abs: 7.118246940081008e-05  Test abs boundary: 2.2717840911354868e-05  Time: 11.759034636430442
Epoch: 440  Train rel: 0.0034254039153456687  Test rel: 0.010511343181133271  Test abs: 7.122563081793487e-05  Test abs boundary: 2.210640246630646e-05  Time: 11.768290264997631
Epoch: 441  Train rel: 0.003442136088386178  Test rel: 0.010498420000076295  Test abs: 7.113735089660623e-05  Test abs boundary: 2.2085102973505854e-05  Time: 11.761782456189394
Epoch: 442  Train rel: 0.003404431954026222  Test rel: 0.01051852222532034  Test abs: 7.124708863557317e-05  Test abs boundary: 2.35185995552456e-05  Time: 11.763679706957191
Epoch: 443  Train rel: 0.0033949258308857678  Test rel: 0.010494018346071244  Test abs: 7.111681654350832e-05  Test abs boundary: 2.2157300045364536e-05  Time: 11.758087726775557
Epoch: 444  Train rel: 0.0033839236609637738  Test rel: 0.010494395308196545  Test abs: 7.112872568541206e-05  Test abs boundary: 2.1750132291344925e-05  Time: 11.761007206980139
Epoch: 445  Train rel: 0.0033587126489728687  Test rel: 0.010494361035525798  Test abs: 7.112451712600886e-05  Test abs boundary: 2.192283165641129e-05  Time: 11.745951949153095
Epoch: 446  Train rel: 0.0033323860578238964  Test rel: 0.01051609005779028  Test abs: 7.125413074390963e-05  Test abs boundary: 2.2196558929863386e-05  Time: 11.747299003880471
Epoch: 447  Train rel: 0.0033118703551590443  Test rel: 0.01049971118569374  Test abs: 7.11509921529796e-05  Test abs boundary: 2.1742902827099897e-05  Time: 11.732635288033634
Epoch: 448  Train rel: 0.0033079831525683404  Test rel: 0.010503693222999573  Test abs: 7.117090950487182e-05  Test abs boundary: 2.1993750196998006e-05  Time: 11.730316875968128
Epoch: 449  Train rel: 0.0033235158007591963  Test rel: 0.010482579842209816  Test abs: 7.100880320649594e-05  Test abs boundary: 2.175882640585769e-05  Time: 11.709821096155792
Epoch: 450  Train rel: 0.003290577206760645  Test rel: 0.010488979816436768  Test abs: 7.107185694621876e-05  Test abs boundary: 2.1854359583812766e-05  Time: 11.758784018922597
Epoch: 451  Train rel: 0.0032869921326637267  Test rel: 0.01047778345644474  Test abs: 7.100573813659139e-05  Test abs boundary: 2.183923490520101e-05  Time: 11.71934300288558
Epoch: 452  Train rel: 0.003291700789704919  Test rel: 0.010485461056232452  Test abs: 7.10421975236386e-05  Test abs boundary: 2.2386299606296233e-05  Time: 11.722448714077473
Epoch: 453  Train rel: 0.003256723949685693  Test rel: 0.010499033443629742  Test abs: 7.11514447175432e-05  Test abs boundary: 2.184065684559755e-05  Time: 11.738544574938715
Epoch: 454  Train rel: 0.0032443656586110593  Test rel: 0.010491368882358075  Test abs: 7.10707866528537e-05  Test abs boundary: 2.1830060286447407e-05  Time: 11.745162304956466
Epoch: 455  Train rel: 0.003246679373085499  Test rel: 0.010486815795302392  Test abs: 7.106212768121623e-05  Test abs boundary: 2.2005169448675588e-05  Time: 11.745854968670756
Epoch: 456  Train rel: 0.0032225671131163834  Test rel: 0.010486109629273415  Test abs: 7.104124582838267e-05  Test abs boundary: 2.1848115648026577e-05  Time: 11.746389268897474
Epoch: 457  Train rel: 0.003213516974821687  Test rel: 0.010473742932081222  Test abs: 7.096170957083814e-05  Test abs boundary: 2.2082114664954133e-05  Time: 11.74116317089647
Epoch: 458  Train rel: 0.0032146218325942756  Test rel: 0.010493519641458988  Test abs: 7.110988022759556e-05  Test abs boundary: 2.1647517205565236e-05  Time: 11.738256420008838
Epoch: 459  Train rel: 0.0032017149161547424  Test rel: 0.010506792329251766  Test abs: 7.12096293864306e-05  Test abs boundary: 2.1987684303894638e-05  Time: 11.72058986313641
Epoch: 460  Train rel: 0.0031932881101965904  Test rel: 0.010483464337885379  Test abs: 7.103802083292976e-05  Test abs boundary: 2.144862628483679e-05  Time: 11.713195068761706
Epoch: 461  Train rel: 0.003178316842764616  Test rel: 0.010480506904423236  Test abs: 7.101449344190769e-05  Test abs boundary: 2.2147600466269067e-05  Time: 11.720039025414735
Epoch: 462  Train rel: 0.003166823783889413  Test rel: 0.01048214066773653  Test abs: 7.101351715391502e-05  Test abs boundary: 2.1587051014648752e-05  Time: 11.719748126342893
Epoch: 463  Train rel: 0.0031569278836250307  Test rel: 0.010487670041620732  Test abs: 7.104605174390599e-05  Test abs boundary: 2.153976653062273e-05  Time: 11.713572821114212
Epoch: 464  Train rel: 0.003150808794423938  Test rel: 0.010492535047233105  Test abs: 7.108961479389109e-05  Test abs boundary: 2.169905994378496e-05  Time: 11.708328090142459
Epoch: 465  Train rel: 0.003140795759856701  Test rel: 0.010492178574204446  Test abs: 7.109283629688434e-05  Test abs boundary: 2.2049155886634254e-05  Time: 11.765315684955567
Epoch: 466  Train rel: 0.0031351646613329647  Test rel: 0.010485399253666402  Test abs: 7.10504966264125e-05  Test abs boundary: 2.141840501280967e-05  Time: 11.723118836060166
Epoch: 467  Train rel: 0.003126497149467468  Test rel: 0.010473270863294602  Test abs: 7.096940229530447e-05  Test abs boundary: 2.1364352651289664e-05  Time: 11.74018670618534
Epoch: 468  Train rel: 0.0031263610776513817  Test rel: 0.01049269039183855  Test abs: 7.109579921234399e-05  Test abs boundary: 2.1361733015510253e-05  Time: 11.751334574073553
Epoch: 469  Train rel: 0.003114255154505372  Test rel: 0.01047696828842163  Test abs: 7.099239926901646e-05  Test abs boundary: 2.1294632824719882e-05  Time: 11.743735863827169
Epoch: 470  Train rel: 0.0031093000713735817  Test rel: 0.010483776666224003  Test abs: 7.103922951500862e-05  Test abs boundary: 2.1304338733898476e-05  Time: 11.790528802666813
Epoch: 471  Train rel: 0.003102261070162058  Test rel: 0.010476863346993923  Test abs: 7.098398753441871e-05  Test abs boundary: 2.1349951421143487e-05  Time: 11.732702244073153
Epoch: 472  Train rel: 0.0030927904825657606  Test rel: 0.010484898686408997  Test abs: 7.104876975063235e-05  Test abs boundary: 2.1229825797490776e-05  Time: 11.732004922349006
Epoch: 473  Train rel: 0.003087553072720766  Test rel: 0.010475180447101592  Test abs: 7.09739708690904e-05  Test abs boundary: 2.1266329931677318e-05  Time: 11.718231003265828
Epoch: 474  Train rel: 0.0030843128990381955  Test rel: 0.010478085167706012  Test abs: 7.099961847416125e-05  Test abs boundary: 2.1208065081737004e-05  Time: 11.70708999922499
Epoch: 475  Train rel: 0.0030767986420542  Test rel: 0.0104810805991292  Test abs: 7.101907001924701e-05  Test abs boundary: 2.124990234733559e-05  Time: 11.711078746244311
Epoch: 476  Train rel: 0.003071441387757659  Test rel: 0.01047974918037653  Test abs: 7.101059658452869e-05  Test abs boundary: 2.1247844051686117e-05  Time: 11.715529385954142
Epoch: 477  Train rel: 0.003066692642867565  Test rel: 0.010482082217931748  Test abs: 7.102971489075571e-05  Test abs boundary: 2.1227441466180607e-05  Time: 11.708606097381562
Epoch: 478  Train rel: 0.003065866382792592  Test rel: 0.01048297218978405  Test abs: 7.103605777956545e-05  Test abs boundary: 2.109173234202899e-05  Time: 11.73272166121751
Epoch: 479  Train rel: 0.003063551541417837  Test rel: 0.01047050129622221  Test abs: 7.094794811564498e-05  Test abs boundary: 2.1528576035052538e-05  Time: 11.719287103973329
Epoch: 480  Train rel: 0.0030542741511017085  Test rel: 0.010474989712238312  Test abs: 7.097553578205406e-05  Test abs boundary: 2.114411698130425e-05  Time: 11.758767963852733
Epoch: 481  Train rel: 0.0030515248104929925  Test rel: 0.010477034635841846  Test abs: 7.098687303368933e-05  Test abs boundary: 2.1566163486568257e-05  Time: 11.858779571019113
Epoch: 482  Train rel: 0.003046765046194196  Test rel: 0.010479633770883083  Test abs: 7.100579212419689e-05  Test abs boundary: 2.113774920871947e-05  Time: 11.859765516128391
Epoch: 483  Train rel: 0.0030432745106518267  Test rel: 0.010472531095147133  Test abs: 7.095969369402155e-05  Test abs boundary: 2.1097671924508178e-05  Time: 11.733826731797308
Epoch: 484  Train rel: 0.0030375692527741193  Test rel: 0.010477294027805329  Test abs: 7.09936980274506e-05  Test abs boundary: 2.1231839564279654e-05  Time: 11.65175707731396
Epoch: 485  Train rel: 0.003034257767722011  Test rel: 0.010475350990891457  Test abs: 7.097976646036841e-05  Test abs boundary: 2.1199650655034928e-05  Time: 11.605017954017967
Epoch: 486  Train rel: 0.003029794666916132  Test rel: 0.010473947152495383  Test abs: 7.09739260491915e-05  Test abs boundary: 2.120186705724336e-05  Time: 11.600756611675024
Epoch: 487  Train rel: 0.003028031000867486  Test rel: 0.010473175458610057  Test abs: 7.096343004377559e-05  Test abs boundary: 2.1079670914332383e-05  Time: 11.59802825981751
Epoch: 488  Train rel: 0.0030259530805051326  Test rel: 0.010477411150932312  Test abs: 7.099741793354042e-05  Test abs boundary: 2.1145333812455645e-05  Time: 11.601270537823439
Epoch: 489  Train rel: 0.0030252840761095284  Test rel: 0.010479271598160266  Test abs: 7.10055822855793e-05  Test abs boundary: 2.115900890203193e-05  Time: 11.602625197265297
Epoch: 490  Train rel: 0.003021618625149131  Test rel: 0.010473121032118797  Test abs: 7.096128072589636e-05  Test abs boundary: 2.1156137154321187e-05  Time: 11.646370701026171
Epoch: 491  Train rel: 0.0030191977880895137  Test rel: 0.010476463995873929  Test abs: 7.098517977283336e-05  Test abs boundary: 2.1213580694166013e-05  Time: 11.698786849156022
Epoch: 492  Train rel: 0.003016471654176712  Test rel: 0.010477335080504418  Test abs: 7.09954951889813e-05  Test abs boundary: 2.1279658831190318e-05  Time: 11.732669360004365
Epoch: 493  Train rel: 0.003014919901266694  Test rel: 0.01047284547239542  Test abs: 7.096452434780077e-05  Test abs boundary: 2.1158246818231417e-05  Time: 11.791194571647793
Epoch: 494  Train rel: 0.003012776153162122  Test rel: 0.010474366396665572  Test abs: 7.097625959431752e-05  Test abs boundary: 2.1262965092319063e-05  Time: 11.832273710053414
Epoch: 495  Train rel: 0.003011922027915716  Test rel: 0.010471375919878482  Test abs: 7.094956279615872e-05  Test abs boundary: 2.1185394070926123e-05  Time: 11.75502967974171
Epoch: 496  Train rel: 0.0030093862302601336  Test rel: 0.010474640093743801  Test abs: 7.098012341884897e-05  Test abs boundary: 2.11114533158252e-05  Time: 11.683901763986796
Epoch: 497  Train rel: 0.0030078366845846176  Test rel: 0.010473136305809021  Test abs: 7.096187080605887e-05  Test abs boundary: 2.1187542733969168e-05  Time: 11.623041858896613
Epoch: 498  Train rel: 0.0030071297455579044  Test rel: 0.010473645702004432  Test abs: 7.097003923263401e-05  Test abs boundary: 2.1248777557048015e-05  Time: 11.61413300037384
Epoch: 499  Train rel: 0.003005660753697157  Test rel: 0.010474548414349557  Test abs: 7.097290581441485e-05  Test abs boundary: 2.114770068146754e-05  Time: 11.615909147076309
