dir now: /lustre/home/2200010870/works/NeuralOperator/Multigrid
data_in.shape: (2490, 221, 51, 2)
data_out.shape (2490, 221, 51)
x_train.shape:  torch.Size([1000, 2, 221, 51])
y_train.shape:  torch.Size([1000, 1, 221, 51])
p=Parameter containing:
tensor(0.8000000119209290, requires_grad=True)
number of parameters is 1981040
Epoch: 0 rel.Train: 0.1588171420097351 rel.Test: 0.14996058344841004  abs.Test: 0.12403114438056946 p: 0.7970710396766663
Epoch: 1 rel.Train: 0.13343474411964418 rel.Test: 0.11316455066204072  abs.Test: 0.09355818152427674 p: 0.7978367805480957
Epoch: 2 rel.Train: 0.11114271205663681 rel.Test: 0.10541306495666504  abs.Test: 0.08711811900138855 p: 0.798104465007782
Epoch: 3 rel.Train: 0.10542959356307983 rel.Test: 0.10066826939582825  abs.Test: 0.08322664201259614 p: 0.7983006238937378
Epoch: 4 rel.Train: 0.10229497766494751 rel.Test: 0.0984803569316864  abs.Test: 0.08144021630287171 p: 0.7983930110931396
Epoch: 5 rel.Train: 0.10133161902427673 rel.Test: 0.09849277377128601  abs.Test: 0.08143269300460815 p: 0.7983586192131042
Epoch: 6 rel.Train: 0.10073035001754761 rel.Test: 0.09759846687316895  abs.Test: 0.08072387933731079 p: 0.7984002232551575
Epoch: 7 rel.Train: 0.10117596018314362 rel.Test: 0.0979422914981842  abs.Test: 0.08103042840957642 p: 0.7984170913696289
Epoch: 8 rel.Train: 0.10145229268074035 rel.Test: 0.09777016520500183  abs.Test: 0.08084776163101197 p: 0.7982690930366516
Epoch: 9 rel.Train: 0.10098047935962677 rel.Test: 0.09746334671974183  abs.Test: 0.08060713529586792 p: 0.7982694506645203
Epoch: 10 rel.Train: 0.10080825626850128 rel.Test: 0.09751912593841552  abs.Test: 0.08064016938209534 p: 0.7982235550880432
Epoch: 11 rel.Train: 0.10075248229503632 rel.Test: 0.09732191205024719  abs.Test: 0.08048978924751282 p: 0.798245370388031
Epoch: 12 rel.Train: 0.10039832484722137 rel.Test: 0.09755616009235382  abs.Test: 0.0807077568769455 p: 0.7983000874519348
Epoch: 13 rel.Train: 0.10053437924385071 rel.Test: 0.09807798027992248  abs.Test: 0.08108841419219971 p: 0.7981446385383606
Epoch: 14 rel.Train: 0.10038515651226043 rel.Test: 0.09757422745227813  abs.Test: 0.08069433331489563 p: 0.7981791496276855
Epoch: 15 rel.Train: 0.10055139070749283 rel.Test: 0.09816740572452545  abs.Test: 0.08116237998008728 p: 0.7981276512145996
Epoch: 16 rel.Train: 0.10088718724250793 rel.Test: 0.09724672079086304  abs.Test: 0.0804305762052536 p: 0.798176646232605
Epoch: 17 rel.Train: 0.10050177192687988 rel.Test: 0.09781566977500916  abs.Test: 0.08088047683238983 p: 0.7981066107749939
Epoch: 18 rel.Train: 0.10047874903678894 rel.Test: 0.09729878723621369  abs.Test: 0.08046195447444916 p: 0.798127293586731
Epoch: 19 rel.Train: 0.10026175343990326 rel.Test: 0.09749168455600739  abs.Test: 0.08065087676048278 p: 0.7982122302055359
Epoch: 20 rel.Train: 0.10039171075820923 rel.Test: 0.09738707721233368  abs.Test: 0.08054801523685455 p: 0.7981654405593872
Epoch: 21 rel.Train: 0.10047597110271454 rel.Test: 0.09835560441017151  abs.Test: 0.08131507694721223 p: 0.7980668544769287
Epoch: 22 rel.Train: 0.1004002091884613 rel.Test: 0.09724771618843078  abs.Test: 0.08043104887008667 p: 0.7981538772583008
Epoch: 23 rel.Train: 0.10032492733001709 rel.Test: 0.09786417365074157  abs.Test: 0.08091741442680359 p: 0.7980817556381226
Epoch: 24 rel.Train: 0.10060038650035859 rel.Test: 0.09756489992141723  abs.Test: 0.08068411350250244 p: 0.7981399297714233
Epoch: 25 rel.Train: 0.10059986853599548 rel.Test: 0.09811618626117706  abs.Test: 0.08112347602844239 p: 0.798060953617096
Epoch: 26 rel.Train: 0.10053829288482666 rel.Test: 0.09727344512939454  abs.Test: 0.08046299576759339 p: 0.798201322555542
Epoch: 27 rel.Train: 0.10034087055921555 rel.Test: 0.09719779968261719  abs.Test: 0.08038756489753723 p: 0.7981405258178711
Epoch: 28 rel.Train: 0.10031229496002197 rel.Test: 0.09746179521083832  abs.Test: 0.08059328317642211 p: 0.7980949878692627
Epoch: 29 rel.Train: 0.10052234530448914 rel.Test: 0.10026064395904541  abs.Test: 0.08286121785640717 p: 0.7979459166526794
Epoch: 30 rel.Train: 0.10110689556598663 rel.Test: 0.09728386998176575  abs.Test: 0.08047044813632966 p: 0.7981972694396973
Epoch: 31 rel.Train: 0.10040780985355377 rel.Test: 0.0971595048904419  abs.Test: 0.08035844206809997 p: 0.7981880307197571
Epoch: 32 rel.Train: 0.10021407222747802 rel.Test: 0.09751668334007263  abs.Test: 0.08064463257789611 p: 0.798154354095459
Epoch: 33 rel.Train: 0.100314195394516 rel.Test: 0.09727109372615814  abs.Test: 0.08045219659805297 p: 0.7981990575790405
Epoch: 34 rel.Train: 0.10037953495979308 rel.Test: 0.09847887694835662  abs.Test: 0.0814135456085205 p: 0.7980408668518066
Epoch: 35 rel.Train: 0.10035013002157211 rel.Test: 0.09731263816356658  abs.Test: 0.08048317790031433 p: 0.7981886863708496
Epoch: 36 rel.Train: 0.10031703162193298 rel.Test: 0.09775607705116272  abs.Test: 0.08082821369171142 p: 0.7980797290802002
Epoch: 37 rel.Train: 0.10021192014217377 rel.Test: 0.09721044003963471  abs.Test: 0.08040453672409058 p: 0.7982127070426941
Epoch: 38 rel.Train: 0.10044249081611634 rel.Test: 0.09812610864639282  abs.Test: 0.08113197863101959 p: 0.7980567216873169
Epoch: 39 rel.Train: 0.10033493369817734 rel.Test: 0.09751296639442444  abs.Test: 0.08063954293727875 p: 0.7981363534927368
Epoch: 40 rel.Train: 0.1004770724773407 rel.Test: 0.09826902866363525  abs.Test: 0.08124033093452454 p: 0.7980389595031738
Epoch: 41 rel.Train: 0.10056697857379913 rel.Test: 0.09817920386791229  abs.Test: 0.08116786360740662 p: 0.7980919480323792
Epoch: 42 rel.Train: 0.1003954194188118 rel.Test: 0.09887182772159576  abs.Test: 0.08173557758331298 p: 0.7980685234069824
Epoch: 43 rel.Train: 0.10037228387594223 rel.Test: 0.09724236488342285  abs.Test: 0.08041872620582581 p: 0.7982271909713745
Epoch: 44 rel.Train: 0.10019528925418854 rel.Test: 0.09713044345378875  abs.Test: 0.08033045709133148 p: 0.7982584238052368
Epoch: 45 rel.Train: 0.10020165717601776 rel.Test: 0.09723129451274871  abs.Test: 0.08041574001312256 p: 0.7982601523399353
Epoch: 46 rel.Train: 0.10030502849817276 rel.Test: 0.09737367689609527  abs.Test: 0.08053670048713685 p: 0.7982862591743469
Epoch: 47 rel.Train: 0.10037424081563949 rel.Test: 0.09793824374675751  abs.Test: 0.08097889423370361 p: 0.7981720566749573
Epoch: 48 rel.Train: 0.10020821261405945 rel.Test: 0.09761554956436157  abs.Test: 0.08076098263263702 p: 0.7984779477119446
Epoch: 49 rel.Train: 0.1004868884086609 rel.Test: 0.09771647810935974  abs.Test: 0.08080225646495819 p: 0.7982330918312073
Epoch: 50 rel.Train: 0.10030893337726593 rel.Test: 0.09849311888217926  abs.Test: 0.08142333030700684 p: 0.7981542944908142
Epoch: 51 rel.Train: 0.10048407089710236 rel.Test: 0.09728716254234314  abs.Test: 0.08045795321464538 p: 0.7983341217041016
Epoch: 52 rel.Train: 0.10015809118747711 rel.Test: 0.09829268574714661  abs.Test: 0.08126009583473205 p: 0.7981728911399841
Epoch: 53 rel.Train: 0.10019120180606841 rel.Test: 0.09749951362609863  abs.Test: 0.08063271760940552 p: 0.7983475923538208
Epoch: 54 rel.Train: 0.10026454663276672 rel.Test: 0.097445068359375  abs.Test: 0.08058035373687744 p: 0.7982912063598633
Epoch: 55 rel.Train: 0.1002365186214447 rel.Test: 0.09727269291877746  abs.Test: 0.08045987367630004 p: 0.7984291315078735
Epoch: 56 rel.Train: 0.10048856019973755 rel.Test: 0.09739188313484191  abs.Test: 0.08055149376392365 p: 0.798417329788208
Epoch: 57 rel.Train: 0.10042743670940399 rel.Test: 0.09753415644168854  abs.Test: 0.08065218925476074 p: 0.7982881665229797
Epoch: 58 rel.Train: 0.10025714933872223 rel.Test: 0.09728085458278656  abs.Test: 0.0804513293504715 p: 0.7983656525611877
Epoch: 59 rel.Train: 0.10033427727222442 rel.Test: 0.09755910933017731  abs.Test: 0.08068252682685852 p: 0.7984209060668945
Epoch: 60 rel.Train: 0.10038386708498001 rel.Test: 0.09756212770938873  abs.Test: 0.08067889332771301 p: 0.7983950972557068
Epoch: 61 rel.Train: 0.10026037752628326 rel.Test: 0.09832879722118378  abs.Test: 0.0812899774312973 p: 0.7982826232910156
Epoch: 62 rel.Train: 0.10049775409698486 rel.Test: 0.09743037819862366  abs.Test: 0.08058323621749879 p: 0.7985217571258545
Epoch: 63 rel.Train: 0.10028984570503235 rel.Test: 0.09745968699455261  abs.Test: 0.0806073498725891 p: 0.798594057559967
Epoch: 64 rel.Train: 0.10037361735105514 rel.Test: 0.09922362089157105  abs.Test: 0.08201299786567688 p: 0.7982694506645203
Epoch: 65 rel.Train: 0.10033296847343445 rel.Test: 0.09734353840351105  abs.Test: 0.08049818634986877 p: 0.7985160946846008
Epoch: 66 rel.Train: 0.10028667604923248 rel.Test: 0.09744355499744416  abs.Test: 0.08060329914093017 p: 0.7987383008003235
Epoch: 67 rel.Train: 0.10058871531486512 rel.Test: 0.09729719400405884  abs.Test: 0.08047816753387452 p: 0.7987395524978638
Epoch: 68 rel.Train: 0.10021218276023865 rel.Test: 0.0971813303232193  abs.Test: 0.08037207782268524 p: 0.7986434698104858
Epoch: 69 rel.Train: 0.10022597062587738 rel.Test: 0.0973567408323288  abs.Test: 0.08051267743110657 p: 0.7986551523208618
Epoch: 70 rel.Train: 0.1003685221672058 rel.Test: 0.09752815783023834  abs.Test: 0.08067267179489136 p: 0.7988885045051575
Epoch: 71 rel.Train: 0.10032524251937866 rel.Test: 0.09734967947006226  abs.Test: 0.08050942540168762 p: 0.7987745404243469
Epoch: 72 rel.Train: 0.10034410619735717 rel.Test: 0.09751358032226562  abs.Test: 0.08063500702381134 p: 0.7987025380134583
Epoch: 73 rel.Train: 0.10021079778671264 rel.Test: 0.09728184342384338  abs.Test: 0.08045087039470672 p: 0.7987819910049438
Epoch: 74 rel.Train: 0.10024748224020004 rel.Test: 0.09742294192314148  abs.Test: 0.08056204497814179 p: 0.7987736463546753
Epoch: 75 rel.Train: 0.10029196166992188 rel.Test: 0.0972788554430008  abs.Test: 0.08045897245407105 p: 0.7989265322685242
Epoch: 76 rel.Train: 0.10019853711128235 rel.Test: 0.09748641729354858  abs.Test: 0.08061694800853729 p: 0.7988030314445496
Epoch: 77 rel.Train: 0.10033059746026993 rel.Test: 0.09725708603858947  abs.Test: 0.08044078171253205 p: 0.798980712890625
Epoch: 78 rel.Train: 0.10031368637084961 rel.Test: 0.09741687476634979  abs.Test: 0.08055441975593566 p: 0.7988047003746033
Epoch: 79 rel.Train: 0.10030255150794982 rel.Test: 0.09748375177383423  abs.Test: 0.08061501741409302 p: 0.7989346981048584
Epoch: 80 rel.Train: 0.1002370947599411 rel.Test: 0.09824755966663361  abs.Test: 0.08122085571289063 p: 0.7987715601921082
Epoch: 81 rel.Train: 0.10043799424171448 rel.Test: 0.09852399349212647  abs.Test: 0.08145365476608277 p: 0.7988592386245728
Epoch: 82 rel.Train: 0.10034665954113006 rel.Test: 0.09755356192588806  abs.Test: 0.08067246556282043 p: 0.7990946769714355
Epoch: 83 rel.Train: 0.10033314990997315 rel.Test: 0.09777804732322692  abs.Test: 0.08084805607795716 p: 0.7989478707313538
Epoch: 84 rel.Train: 0.10029756951332092 rel.Test: 0.09710560321807861  abs.Test: 0.08030982971191407 p: 0.7991522550582886
Epoch: 85 rel.Train: 0.10030209755897522 rel.Test: 0.09733723878860473  abs.Test: 0.08049970626831054 p: 0.7991912961006165
Epoch: 86 rel.Train: 0.10033025479316711 rel.Test: 0.09738787949085236  abs.Test: 0.08055022358894348 p: 0.7992106676101685
Epoch: 87 rel.Train: 0.10023033237457275 rel.Test: 0.0974060833454132  abs.Test: 0.08055482506752014 p: 0.7993156313896179
Epoch: 88 rel.Train: 0.10035818886756898 rel.Test: 0.09742738604545594  abs.Test: 0.08056934833526612 p: 0.7992619276046753
Epoch: 89 rel.Train: 0.10038965988159179 rel.Test: 0.09783570289611816  abs.Test: 0.08089175403118133 p: 0.7991529107093811
Epoch: 90 rel.Train: 0.10029475331306457 rel.Test: 0.09795717060565949  abs.Test: 0.08099000811576844 p: 0.7992072701454163
Epoch: 91 rel.Train: 0.10023543053865433 rel.Test: 0.09807429432868958  abs.Test: 0.08108198165893554 p: 0.7991832494735718
Epoch: 92 rel.Train: 0.10028846555948258 rel.Test: 0.0980152040719986  abs.Test: 0.08103561401367188 p: 0.7992453575134277
Epoch: 93 rel.Train: 0.10033942180871963 rel.Test: 0.0975886845588684  abs.Test: 0.08070993661880493 p: 0.7996090650558472
Epoch: 94 rel.Train: 0.10028898173570633 rel.Test: 0.09740987300872803  abs.Test: 0.08056224226951599 p: 0.7996085286140442
Epoch: 95 rel.Train: 0.1001741139292717 rel.Test: 0.09774541676044464  abs.Test: 0.0808220613002777 p: 0.7993957996368408
Epoch: 96 rel.Train: 0.10023492574691772 rel.Test: 0.0973705780506134  abs.Test: 0.08052325189113617 p: 0.7995526194572449
Epoch: 97 rel.Train: 0.10015433132648469 rel.Test: 0.09720140814781189  abs.Test: 0.08038330912590026 p: 0.7995225191116333
Epoch: 98 rel.Train: 0.1000945007801056 rel.Test: 0.09801374435424805  abs.Test: 0.08103781819343567 p: 0.7993776202201843
Epoch: 99 rel.Train: 0.10021778523921966 rel.Test: 0.09759231925010681  abs.Test: 0.08071012079715728 p: 0.7994879484176636
Epoch: 100 rel.Train: 0.10011885845661163 rel.Test: 0.09806338012218475  abs.Test: 0.0810736072063446 p: 0.799255907535553
Epoch: 101 rel.Train: 0.10019123792648316 rel.Test: 0.09703072667121887  abs.Test: 0.08024599194526673 p: 0.7994366884231567
Epoch: 102 rel.Train: 0.09997037088871003 rel.Test: 0.09723049461841583  abs.Test: 0.08040299892425537 p: 0.7993602752685547
Epoch: 103 rel.Train: 0.09987266081571579 rel.Test: 0.09601159512996674  abs.Test: 0.07942020893096924 p: 0.7996001839637756
Epoch: 104 rel.Train: 0.09855753314495087 rel.Test: 0.09534880638122559  abs.Test: 0.07887151181697845 p: 0.8001025915145874
Epoch: 105 rel.Train: 0.09986957216262818 rel.Test: 0.09977576196193695  abs.Test: 0.08251540184020996 p: 0.804027795791626
Epoch: 106 rel.Train: 0.09913752067089081 rel.Test: 0.09658125221729279  abs.Test: 0.07987469673156739 p: 0.8091704845428467
Epoch: 107 rel.Train: 0.09828598129749298 rel.Test: 0.0962321949005127  abs.Test: 0.07959192633628845 p: 0.8161934614181519
Epoch: 108 rel.Train: 0.10193365979194641 rel.Test: 0.09579821586608887  abs.Test: 0.07921147465705872 p: 0.8311752676963806
Epoch: 109 rel.Train: 0.09401431381702423 rel.Test: 0.09021073937416077  abs.Test: 0.07458117544651031 p: 0.8368148803710938
Epoch: 110 rel.Train: 0.09092911446094513 rel.Test: 0.08276467263698578  abs.Test: 0.06839977681636811 p: 0.8431378602981567
Epoch: 111 rel.Train: 0.07983252203464508 rel.Test: 0.08086471974849702  abs.Test: 0.06677613377571107 p: 0.8436421751976013
Epoch: 112 rel.Train: 0.07782908058166504 rel.Test: 0.07806900382041931  abs.Test: 0.0644899433851242 p: 0.8444764614105225
Epoch: 113 rel.Train: 0.0758660066127777 rel.Test: 0.07388021111488342  abs.Test: 0.06105463862419128 p: 0.8436053991317749
Epoch: 114 rel.Train: 0.07225766324996949 rel.Test: 0.07238364756107331  abs.Test: 0.0597531920671463 p: 0.8433934450149536
Epoch: 115 rel.Train: 0.0667988902926445 rel.Test: 0.06266712367534638  abs.Test: 0.05175542891025543 p: 0.8436989188194275
Epoch: 116 rel.Train: 0.059465033173561097 rel.Test: 0.05762484014034271  abs.Test: 0.04758402168750763 p: 0.8437233567237854
Epoch: 117 rel.Train: 0.05354987871646881 rel.Test: 0.04908931791782379  abs.Test: 0.04058357566595078 p: 0.8440892696380615
Epoch: 118 rel.Train: 0.04849649482965469 rel.Test: 0.04262600928544998  abs.Test: 0.03524721801280975 p: 0.8442956209182739
Epoch: 119 rel.Train: 0.04332496389746666 rel.Test: 0.05181941330432892  abs.Test: 0.042797892689704894 p: 0.8447521924972534
Epoch: 120 rel.Train: 0.04183201977610588 rel.Test: 0.038671418726444244  abs.Test: 0.031964049339294434 p: 0.8449737429618835
Epoch: 121 rel.Train: 0.04110179832577705 rel.Test: 0.04575889050960541  abs.Test: 0.03779692828655243 p: 0.8449376821517944
Epoch: 122 rel.Train: 0.035922638714313504 rel.Test: 0.040682651698589326  abs.Test: 0.03361353188753128 p: 0.8452122211456299
Epoch: 123 rel.Train: 0.03424088251590729 rel.Test: 0.032548704743385316  abs.Test: 0.026900026947259903 p: 0.845302164554596
Epoch: 124 rel.Train: 0.03376272401213646 rel.Test: 0.03906318902969361  abs.Test: 0.03229726046323776 p: 0.8454591035842896
Epoch: 125 rel.Train: 0.03016879504919052 rel.Test: 0.03944389790296555  abs.Test: 0.032607098817825315 p: 0.8456894755363464
Epoch: 126 rel.Train: 0.033357856422662736 rel.Test: 0.042471985518932345  abs.Test: 0.03509020000696182 p: 0.845616340637207
Epoch: 127 rel.Train: 0.03135395711660385 rel.Test: 0.026808014214038847  abs.Test: 0.02215618297457695 p: 0.8463403582572937
Epoch: 128 rel.Train: 0.02705255025625229 rel.Test: 0.030715407729148866  abs.Test: 0.025380396395921708 p: 0.8463468551635742
Epoch: 129 rel.Train: 0.026701712489128112 rel.Test: 0.03167747616767883  abs.Test: 0.026178697496652602 p: 0.8464827537536621
Epoch: 130 rel.Train: 0.02847937585413456 rel.Test: 0.024138723760843278  abs.Test: 0.01993854969739914 p: 0.8466614484786987
Epoch: 131 rel.Train: 0.026929089695215225 rel.Test: 0.02694836899638176  abs.Test: 0.022277439683675765 p: 0.8469533920288086
Epoch: 132 rel.Train: 0.022732774406671524 rel.Test: 0.023447298109531403  abs.Test: 0.019379561990499495 p: 0.8468034267425537
Epoch: 133 rel.Train: 0.027832143157720566 rel.Test: 0.02579509377479553  abs.Test: 0.021319160610437392 p: 0.8472995162010193
Epoch: 134 rel.Train: 0.02689803896844387 rel.Test: 0.028719908893108367  abs.Test: 0.02373789370059967 p: 0.8472628593444824
Epoch: 135 rel.Train: 0.02439512251317501 rel.Test: 0.024637341797351837  abs.Test: 0.020357640385627748 p: 0.8473168015480042
Epoch: 136 rel.Train: 0.025328875184059144 rel.Test: 0.03305605858564377  abs.Test: 0.027304953932762145 p: 0.8476209044456482
Epoch: 137 rel.Train: 0.024901094540953635 rel.Test: 0.03069827526807785  abs.Test: 0.02539053440093994 p: 0.8478702902793884
Epoch: 138 rel.Train: 0.02541315034031868 rel.Test: 0.032324012517929074  abs.Test: 0.026716172993183136 p: 0.8478747010231018
Epoch: 139 rel.Train: 0.02339960016310215 rel.Test: 0.026990914642810823  abs.Test: 0.02231045037508011 p: 0.8481395244598389
Epoch: 140 rel.Train: 0.0236166176199913 rel.Test: 0.023625765144824982  abs.Test: 0.019533127695322037 p: 0.848288893699646
Epoch: 141 rel.Train: 0.02316848112642765 rel.Test: 0.024443764090538025  abs.Test: 0.020196816623210906 p: 0.8482442498207092
Epoch: 142 rel.Train: 0.02167645490169525 rel.Test: 0.02200929805636406  abs.Test: 0.01818975418806076 p: 0.8486092686653137
Epoch: 143 rel.Train: 0.019629549637436867 rel.Test: 0.026521579772233964  abs.Test: 0.021904035359621047 p: 0.8482794165611267
Epoch: 144 rel.Train: 0.02053041696548462 rel.Test: 0.01907356411218643  abs.Test: 0.015757920295000075 p: 0.8488784432411194
Epoch: 145 rel.Train: 0.019491619914770126 rel.Test: 0.022113465517759324  abs.Test: 0.018279236108064652 p: 0.8489974737167358
Epoch: 146 rel.Train: 0.019998670399188994 rel.Test: 0.02159902349114418  abs.Test: 0.017857048362493515 p: 0.8490332365036011
Epoch: 147 rel.Train: 0.018119073122739793 rel.Test: 0.017189964652061462  abs.Test: 0.014204425513744354 p: 0.8489293456077576
Epoch: 148 rel.Train: 0.018054528400301934 rel.Test: 0.026915331780910493  abs.Test: 0.022247342169284822 p: 0.8490556478500366
Epoch: 149 rel.Train: 0.020042872548103333 rel.Test: 0.01735663503408432  abs.Test: 0.014347475841641427 p: 0.8494364023208618
Epoch: 150 rel.Train: 0.017654503226280212 rel.Test: 0.024719115048646927  abs.Test: 0.02044770061969757 p: 0.8495271801948547
Epoch: 151 rel.Train: 0.020128012090921403 rel.Test: 0.03386265337467194  abs.Test: 0.027976166307926178 p: 0.8496491312980652
Epoch: 152 rel.Train: 0.019422502622008325 rel.Test: 0.019183256775140763  abs.Test: 0.01585367411375046 p: 0.8495584726333618
Epoch: 153 rel.Train: 0.02185336881875992 rel.Test: 0.021446315646171568  abs.Test: 0.01771478936076164 p: 0.8498293161392212
Epoch: 154 rel.Train: 0.019619342014193533 rel.Test: 0.018517383486032487  abs.Test: 0.01529905155301094 p: 0.8499966263771057
Epoch: 155 rel.Train: 0.017218168318271637 rel.Test: 0.017408017218112946  abs.Test: 0.014385517239570617 p: 0.850100576877594
Epoch: 156 rel.Train: 0.017894355952739714 rel.Test: 0.024660524427890778  abs.Test: 0.02037468284368515 p: 0.8501026034355164
Epoch: 157 rel.Train: 0.017318108156323432 rel.Test: 0.02220759153366089  abs.Test: 0.01834867686033249 p: 0.8504568338394165
Epoch: 158 rel.Train: 0.017625577598810196 rel.Test: 0.021174811720848084  abs.Test: 0.017494371980428695 p: 0.8506042957305908
Epoch: 159 rel.Train: 0.016845576345920564 rel.Test: 0.017704944759607315  abs.Test: 0.014627229571342468 p: 0.8504816889762878
Epoch: 160 rel.Train: 0.01660863570868969 rel.Test: 0.01962241977453232  abs.Test: 0.016200095117092132 p: 0.8506370186805725
Epoch: 161 rel.Train: 0.015516971677541732 rel.Test: 0.016380114257335664  abs.Test: 0.013534774035215379 p: 0.8508102893829346
Epoch: 162 rel.Train: 0.01602817477285862 rel.Test: 0.01803587093949318  abs.Test: 0.014915833175182342 p: 0.8511046171188354
Epoch: 163 rel.Train: 0.016511921033263207 rel.Test: 0.020722461193799974  abs.Test: 0.017129125893115996 p: 0.8512345552444458
Epoch: 164 rel.Train: 0.01772611501812935 rel.Test: 0.023417456597089766  abs.Test: 0.019350300282239913 p: 0.8510799407958984
Epoch: 165 rel.Train: 0.016173680990934372 rel.Test: 0.014803317338228227  abs.Test: 0.01223117858171463 p: 0.8512418270111084
Epoch: 166 rel.Train: 0.014926525741815567 rel.Test: 0.02033951669931412  abs.Test: 0.01681015968322754 p: 0.8513870239257812
Epoch: 167 rel.Train: 0.01702004474401474 rel.Test: 0.017777941226959228  abs.Test: 0.01469255656003952 p: 0.8516762256622314
Epoch: 168 rel.Train: 0.015457599699497223 rel.Test: 0.025308831632137298  abs.Test: 0.02089805781841278 p: 0.8516654968261719
Epoch: 169 rel.Train: 0.01774783180654049 rel.Test: 0.016885049641132355  abs.Test: 0.013957161754369736 p: 0.8520628213882446
Epoch: 170 rel.Train: 0.014857132047414779 rel.Test: 0.02190876454114914  abs.Test: 0.018108430057764052 p: 0.8520645499229431
Epoch: 171 rel.Train: 0.01657607051730156 rel.Test: 0.018049124628305435  abs.Test: 0.014915413707494735 p: 0.8521028161048889
Epoch: 172 rel.Train: 0.015611265659332275 rel.Test: 0.016435010731220244  abs.Test: 0.013579207211732865 p: 0.8522220849990845
Epoch: 173 rel.Train: 0.016748814761638642 rel.Test: 0.03222969651222229  abs.Test: 0.02663932740688324 p: 0.8522695302963257
Epoch: 174 rel.Train: 0.019734387069940566 rel.Test: 0.016522490531206132  abs.Test: 0.013652301877737045 p: 0.8525789380073547
Epoch: 175 rel.Train: 0.01551912021636963 rel.Test: 0.013254711255431175  abs.Test: 0.010954519063234329 p: 0.8525979518890381
Epoch: 176 rel.Train: 0.01467946422100067 rel.Test: 0.01971749246120453  abs.Test: 0.016309267580509185 p: 0.8525655269622803
Epoch: 177 rel.Train: 0.013783967435359954 rel.Test: 0.02270442247390747  abs.Test: 0.01875708132982254 p: 0.8527920246124268
Epoch: 178 rel.Train: 0.015348338142037392 rel.Test: 0.024554665982723236  abs.Test: 0.020291500240564347 p: 0.8526825308799744
Epoch: 179 rel.Train: 0.015937251031398772 rel.Test: 0.01954210177063942  abs.Test: 0.016151363998651504 p: 0.8529525995254517
Epoch: 180 rel.Train: 0.01401186579465866 rel.Test: 0.016866853386163713  abs.Test: 0.013934929668903352 p: 0.8530530333518982
Epoch: 181 rel.Train: 0.014223508670926093 rel.Test: 0.016722828298807144  abs.Test: 0.01382668748497963 p: 0.8532084822654724
Epoch: 182 rel.Train: 0.01727842327952385 rel.Test: 0.015977221727371215  abs.Test: 0.013206639438867568 p: 0.8533903956413269
Epoch: 183 rel.Train: 0.014892739042639732 rel.Test: 0.017772847414016725  abs.Test: 0.014668980240821838 p: 0.8533644080162048
Epoch: 184 rel.Train: 0.013578002363443375 rel.Test: 0.015979672968387603  abs.Test: 0.013191483169794082 p: 0.8533511161804199
Epoch: 185 rel.Train: 0.01355756402015686 rel.Test: 0.016426148414611815  abs.Test: 0.013578827008605004 p: 0.8535356521606445
Epoch: 186 rel.Train: 0.012939827337861061 rel.Test: 0.016242231279611587  abs.Test: 0.01341831624507904 p: 0.853551983833313
Epoch: 187 rel.Train: 0.012700992584228516 rel.Test: 0.015510604977607726  abs.Test: 0.012823533117771149 p: 0.8535690307617188
Epoch: 188 rel.Train: 0.012668636947870255 rel.Test: 0.016481728106737138  abs.Test: 0.013624009490013123 p: 0.853852391242981
Epoch: 189 rel.Train: 0.013388509526848794 rel.Test: 0.014181855022907258  abs.Test: 0.011725376546382903 p: 0.853882372379303
Epoch: 190 rel.Train: 0.013179231882095337 rel.Test: 0.014431336671113968  abs.Test: 0.01192630037665367 p: 0.8538630604743958
Epoch: 191 rel.Train: 0.01270546542108059 rel.Test: 0.013427840322256088  abs.Test: 0.011085863038897515 p: 0.853983461856842
Epoch: 192 rel.Train: 0.013082025833427905 rel.Test: 0.014287129044532776  abs.Test: 0.011800552532076836 p: 0.8541202545166016
Epoch: 193 rel.Train: 0.011906617969274521 rel.Test: 0.02027997225522995  abs.Test: 0.01676863566040993 p: 0.8542159199714661
Epoch: 194 rel.Train: 0.013488042876124382 rel.Test: 0.015498015284538268  abs.Test: 0.012808078899979591 p: 0.8543146252632141
Epoch: 195 rel.Train: 0.013183963239192962 rel.Test: 0.01615599125623703  abs.Test: 0.013345950171351434 p: 0.8545112609863281
Epoch: 196 rel.Train: 0.013748549692332744 rel.Test: 0.013997191712260246  abs.Test: 0.011562107279896736 p: 0.8546432852745056
Epoch: 197 rel.Train: 0.012039153411984443 rel.Test: 0.014928007274866104  abs.Test: 0.01233958251774311 p: 0.8546373844146729
Epoch: 198 rel.Train: 0.0126444546058774 rel.Test: 0.015017098039388657  abs.Test: 0.012402248159050942 p: 0.8548486232757568
Epoch: 199 rel.Train: 0.013264067992568017 rel.Test: 0.01845122277736664  abs.Test: 0.015245755016803742 p: 0.8546348810195923
Epoch: 200 rel.Train: 0.013072887390851974 rel.Test: 0.015906551927328108  abs.Test: 0.013145979940891266 p: 0.8549473285675049
Epoch: 201 rel.Train: 0.012643354162573815 rel.Test: 0.019650143682956697  abs.Test: 0.01623665601015091 p: 0.8549422025680542
Epoch: 202 rel.Train: 0.014954591706395149 rel.Test: 0.011828263774514198  abs.Test: 0.009772638976573943 p: 0.8549485206604004
Epoch: 203 rel.Train: 0.012822794929146767 rel.Test: 0.0211690616607666  abs.Test: 0.017494674623012543 p: 0.8552347421646118
Epoch: 204 rel.Train: 0.01419177469611168 rel.Test: 0.012153400257229805  abs.Test: 0.010037388652563095 p: 0.8553269505500793
Epoch: 205 rel.Train: 0.012397314295172691 rel.Test: 0.014501254707574844  abs.Test: 0.011977663636207581 p: 0.8552523255348206
Epoch: 206 rel.Train: 0.012626054890453816 rel.Test: 0.012078095823526383  abs.Test: 0.009978609308600426 p: 0.855537474155426
Epoch: 207 rel.Train: 0.013185543060302734 rel.Test: 0.011853506788611412  abs.Test: 0.009796566814184188 p: 0.8556376099586487
Epoch: 208 rel.Train: 0.011681982353329658 rel.Test: 0.01612269103527069  abs.Test: 0.01331838682293892 p: 0.8555687069892883
Epoch: 209 rel.Train: 0.013546940356492997 rel.Test: 0.01672732949256897  abs.Test: 0.013824769109487534 p: 0.8558792471885681
Epoch: 210 rel.Train: 0.013065312400460244 rel.Test: 0.013327684253454208  abs.Test: 0.011007722541689873 p: 0.8557562232017517
Epoch: 211 rel.Train: 0.011595040552318097 rel.Test: 0.014033419489860534  abs.Test: 0.011596199572086335 p: 0.855770468711853
Epoch: 212 rel.Train: 0.012669015794992447 rel.Test: 0.01546181082725525  abs.Test: 0.012783659994602204 p: 0.8559761047363281
Epoch: 213 rel.Train: 0.012491700358688832 rel.Test: 0.012012728080153466  abs.Test: 0.009927038177847862 p: 0.8561244010925293
Epoch: 214 rel.Train: 0.011106017246842384 rel.Test: 0.0125515366345644  abs.Test: 0.010368558838963508 p: 0.8561705350875854
Epoch: 215 rel.Train: 0.01280219978094101 rel.Test: 0.015345104783773423  abs.Test: 0.012692753970623017 p: 0.8563441634178162
Epoch: 216 rel.Train: 0.012471445441246032 rel.Test: 0.014971200674772263  abs.Test: 0.012376784086227418 p: 0.8562600016593933
Epoch: 217 rel.Train: 0.011349655658006668 rel.Test: 0.015409435480833053  abs.Test: 0.012739775329828262 p: 0.8565073609352112
Epoch: 218 rel.Train: 0.011694889709353447 rel.Test: 0.012191183716058731  abs.Test: 0.010067183375358581 p: 0.8564698100090027
Epoch: 219 rel.Train: 0.012643841922283173 rel.Test: 0.015363979786634445  abs.Test: 0.01270711213350296 p: 0.856612503528595
Epoch: 220 rel.Train: 0.01226330417394638 rel.Test: 0.013582122325897217  abs.Test: 0.011228306815028191 p: 0.8565815091133118
Epoch: 221 rel.Train: 0.011441758513450622 rel.Test: 0.013240486904978753  abs.Test: 0.010944584384560585 p: 0.8568062782287598
Epoch: 222 rel.Train: 0.011706146359443665 rel.Test: 0.017844203412532806  abs.Test: 0.014744414538145066 p: 0.8568553924560547
Epoch: 223 rel.Train: 0.012597492523491382 rel.Test: 0.014761047065258026  abs.Test: 0.012213165313005448 p: 0.8569973707199097
Epoch: 224 rel.Train: 0.01244097025692463 rel.Test: 0.011978158801794052  abs.Test: 0.009895018041133881 p: 0.8571344017982483
Epoch: 225 rel.Train: 0.01075979408621788 rel.Test: 0.013382852226495743  abs.Test: 0.011056134551763535 p: 0.8569974899291992
Epoch: 226 rel.Train: 0.01070096255093813 rel.Test: 0.012218293100595475  abs.Test: 0.010095227360725403 p: 0.8570120334625244
Epoch: 227 rel.Train: 0.010400110885500908 rel.Test: 0.011517507880926132  abs.Test: 0.009511195197701454 p: 0.8569231629371643
Epoch: 228 rel.Train: 0.01193904709815979 rel.Test: 0.01165072202682495  abs.Test: 0.009628657400608063 p: 0.8571826219558716
Epoch: 229 rel.Train: 0.010498759448528289 rel.Test: 0.011649151295423509  abs.Test: 0.009622161611914634 p: 0.8572113513946533
Epoch: 230 rel.Train: 0.010772084787487984 rel.Test: 0.01340881660580635  abs.Test: 0.011095685809850693 p: 0.8573707938194275
Epoch: 231 rel.Train: 0.011094210714101792 rel.Test: 0.01411306843161583  abs.Test: 0.011659307032823562 p: 0.8572353720664978
Epoch: 232 rel.Train: 0.011006001934409142 rel.Test: 0.011729093790054322  abs.Test: 0.009688921421766281 p: 0.8575042486190796
Epoch: 233 rel.Train: 0.01068136216700077 rel.Test: 0.010356295257806777  abs.Test: 0.008554471284151077 p: 0.8575122952461243
Epoch: 234 rel.Train: 0.009802433669567108 rel.Test: 0.01126860871911049  abs.Test: 0.009304680973291396 p: 0.8574598431587219
Epoch: 235 rel.Train: 0.011185605227947235 rel.Test: 0.011779352650046348  abs.Test: 0.009736280888319016 p: 0.857490599155426
Epoch: 236 rel.Train: 0.012173347994685174 rel.Test: 0.01255771964788437  abs.Test: 0.010378300994634628 p: 0.8576854467391968
Epoch: 237 rel.Train: 0.010626647405326366 rel.Test: 0.012719638049602508  abs.Test: 0.01051543965935707 p: 0.8577704429626465
Epoch: 238 rel.Train: 0.01281508530676365 rel.Test: 0.014497973173856735  abs.Test: 0.01197533443570137 p: 0.8578113913536072
Epoch: 239 rel.Train: 0.011192809358239174 rel.Test: 0.01070713922381401  abs.Test: 0.008843255341053008 p: 0.8579875230789185
Epoch: 240 rel.Train: 0.009887527257204055 rel.Test: 0.010906654894351959  abs.Test: 0.00901569053530693 p: 0.8579700589179993
Epoch: 241 rel.Train: 0.010020111277699471 rel.Test: 0.011797318682074547  abs.Test: 0.009749897718429566 p: 0.8578982949256897
Epoch: 242 rel.Train: 0.010025729201734066 rel.Test: 0.0165937340259552  abs.Test: 0.013718658536672592 p: 0.8581269979476929
Epoch: 243 rel.Train: 0.011580019347369672 rel.Test: 0.012125267013907433  abs.Test: 0.010021648108959199 p: 0.8581725358963013
Epoch: 244 rel.Train: 0.010612385004758834 rel.Test: 0.01066226676106453  abs.Test: 0.0088115294277668 p: 0.858254611492157
Epoch: 245 rel.Train: 0.009329628556966781 rel.Test: 0.01488426148891449  abs.Test: 0.01230157271027565 p: 0.8582465648651123
Epoch: 246 rel.Train: 0.01077376464009285 rel.Test: 0.014239508509635925  abs.Test: 0.011766986399888992 p: 0.8583576679229736
Epoch: 247 rel.Train: 0.010291405700147152 rel.Test: 0.010743583738803863  abs.Test: 0.008876462131738663 p: 0.858543336391449
Epoch: 248 rel.Train: 0.010393460661172867 rel.Test: 0.010949052646756172  abs.Test: 0.009042188301682472 p: 0.8585617542266846
Epoch: 249 rel.Train: 0.009973909124732018 rel.Test: 0.012991841733455658  abs.Test: 0.010742683410644532 p: 0.8586500883102417
Epoch: 250 rel.Train: 0.011334448978304863 rel.Test: 0.022465614378452303  abs.Test: 0.01857050895690918 p: 0.8585284352302551
Epoch: 251 rel.Train: 0.012845883443951607 rel.Test: 0.012086584419012069  abs.Test: 0.009981737434864045 p: 0.8588650226593018
Epoch: 252 rel.Train: 0.009327360898256302 rel.Test: 0.010480342954397202  abs.Test: 0.0086595256626606 p: 0.8587018251419067
Epoch: 253 rel.Train: 0.0091305810213089 rel.Test: 0.009768570959568023  abs.Test: 0.008073799535632134 p: 0.8587530851364136
Epoch: 254 rel.Train: 0.009285724028944968 rel.Test: 0.008873657584190368  abs.Test: 0.007332765385508537 p: 0.8588031530380249
Epoch: 255 rel.Train: 0.009306576251983643 rel.Test: 0.010622420385479926  abs.Test: 0.008772977441549302 p: 0.8588849902153015
Epoch: 256 rel.Train: 0.009562512159347534 rel.Test: 0.015867003202438355  abs.Test: 0.01311481773853302 p: 0.8589046597480774
Epoch: 257 rel.Train: 0.01105085825920105 rel.Test: 0.011811542958021164  abs.Test: 0.009765013307332992 p: 0.8589504361152649
Epoch: 258 rel.Train: 0.010216274738311767 rel.Test: 0.011344632655382157  abs.Test: 0.009377225339412688 p: 0.8590302467346191
Epoch: 259 rel.Train: 0.009053614512085915 rel.Test: 0.010092956721782684  abs.Test: 0.008338861167430878 p: 0.8591632843017578
Epoch: 260 rel.Train: 0.010293790437281132 rel.Test: 0.013151784539222717  abs.Test: 0.010868944972753525 p: 0.8592567443847656
Epoch: 261 rel.Train: 0.009928283452987671 rel.Test: 0.01621583238244057  abs.Test: 0.013411916196346282 p: 0.8593499660491943
Epoch: 262 rel.Train: 0.011040537409484387 rel.Test: 0.012625370994210244  abs.Test: 0.010434212237596512 p: 0.8593785166740417
Epoch: 263 rel.Train: 0.010272927418351173 rel.Test: 0.010880187004804611  abs.Test: 0.00899268388748169 p: 0.8593740463256836
Epoch: 264 rel.Train: 0.009834790423512459 rel.Test: 0.011272166445851326  abs.Test: 0.009310840740799903 p: 0.8593478798866272
Epoch: 265 rel.Train: 0.010312356695532798 rel.Test: 0.010858347341418266  abs.Test: 0.0089749076962471 p: 0.8593941926956177
Epoch: 266 rel.Train: 0.009279646635055542 rel.Test: 0.010469457656145096  abs.Test: 0.008651964142918587 p: 0.8594006896018982
Epoch: 267 rel.Train: 0.009438474282622338 rel.Test: 0.01078469343483448  abs.Test: 0.008915394842624665 p: 0.8594892024993896
Epoch: 268 rel.Train: 0.00890676887333393 rel.Test: 0.0108712175488472  abs.Test: 0.00898736111819744 p: 0.8594748377799988
Epoch: 269 rel.Train: 0.008723891802132129 rel.Test: 0.012462524771690369  abs.Test: 0.010294615179300309 p: 0.8595895171165466
Epoch: 270 rel.Train: 0.009237811423838138 rel.Test: 0.01189808890223503  abs.Test: 0.009828004837036133 p: 0.8595892190933228
Epoch: 271 rel.Train: 0.009551624327898026 rel.Test: 0.010416145324707032  abs.Test: 0.008603452518582345 p: 0.8597191572189331
Epoch: 272 rel.Train: 0.009094014912843704 rel.Test: 0.009400578662753106  abs.Test: 0.007766931802034378 p: 0.8597002029418945
Epoch: 273 rel.Train: 0.008851390197873116 rel.Test: 0.009126717150211334  abs.Test: 0.0075420068949460985 p: 0.8597252368927002
Epoch: 274 rel.Train: 0.00901901051402092 rel.Test: 0.010541403144598007  abs.Test: 0.008708511367440224 p: 0.8598120808601379
Epoch: 275 rel.Train: 0.008821486696600914 rel.Test: 0.010769536942243576  abs.Test: 0.00889252357184887 p: 0.8598182797431946
Epoch: 276 rel.Train: 0.009389333933591842 rel.Test: 0.011088940724730491  abs.Test: 0.009161609411239623 p: 0.8597502112388611
Epoch: 277 rel.Train: 0.009508148223161697 rel.Test: 0.012100082263350487  abs.Test: 0.009999127388000488 p: 0.8598413467407227
Epoch: 278 rel.Train: 0.009300185725092888 rel.Test: 0.010172743499279022  abs.Test: 0.008410030603408813 p: 0.8599075675010681
Epoch: 279 rel.Train: 0.00832170844078064 rel.Test: 0.010189955905079841  abs.Test: 0.008422217220067979 p: 0.860040009021759
Epoch: 280 rel.Train: 0.008487193897366524 rel.Test: 0.009250612705945968  abs.Test: 0.0076421861350536345 p: 0.8599874377250671
Epoch: 281 rel.Train: 0.00814603129029274 rel.Test: 0.008772369772195816  abs.Test: 0.007247045189142227 p: 0.8599274158477783
Epoch: 282 rel.Train: 0.00844002878665924 rel.Test: 0.01072097010910511  abs.Test: 0.008864751383662224 p: 0.8600224256515503
Epoch: 283 rel.Train: 0.009223329693078994 rel.Test: 0.009309346452355385  abs.Test: 0.0076919875293970106 p: 0.860149085521698
Epoch: 284 rel.Train: 0.008802830457687379 rel.Test: 0.011040190607309342  abs.Test: 0.009122878536581993 p: 0.8601779341697693
Epoch: 285 rel.Train: 0.009105033740401268 rel.Test: 0.010170179605484008  abs.Test: 0.0084090057015419 p: 0.8602381348609924
Epoch: 286 rel.Train: 0.009320010095834733 rel.Test: 0.011190204620361329  abs.Test: 0.00924982950091362 p: 0.8601512908935547
Epoch: 287 rel.Train: 0.009119285821914673 rel.Test: 0.009652707576751709  abs.Test: 0.007977178022265434 p: 0.8602516651153564
Epoch: 288 rel.Train: 0.007833280608057975 rel.Test: 0.008600251451134681  abs.Test: 0.007107331976294517 p: 0.860328733921051
Epoch: 289 rel.Train: 0.007954599797725677 rel.Test: 0.009391090422868729  abs.Test: 0.007761321514844894 p: 0.8602765798568726
Epoch: 290 rel.Train: 0.009010901033878327 rel.Test: 0.010020981281995774  abs.Test: 0.008284836038947106 p: 0.8602834939956665
Epoch: 291 rel.Train: 0.009228675894439221 rel.Test: 0.010555195659399032  abs.Test: 0.008719097822904587 p: 0.860409140586853
Epoch: 292 rel.Train: 0.008802088946104049 rel.Test: 0.010061105638742447  abs.Test: 0.008312336355447768 p: 0.8603883981704712
Epoch: 293 rel.Train: 0.007655036315321923 rel.Test: 0.009223480373620987  abs.Test: 0.007624981924891472 p: 0.8603343367576599
Epoch: 294 rel.Train: 0.008051150560379028 rel.Test: 0.008707899451255798  abs.Test: 0.007195037975907326 p: 0.8603977560997009
Epoch: 295 rel.Train: 0.007988818407058717 rel.Test: 0.010446154847741126  abs.Test: 0.008630545735359192 p: 0.8604453802108765
Epoch: 296 rel.Train: 0.008248095117509366 rel.Test: 0.009635995924472809  abs.Test: 0.00796822041273117 p: 0.8604408502578735
Epoch: 297 rel.Train: 0.008259518578648567 rel.Test: 0.010789657980203628  abs.Test: 0.008915443271398545 p: 0.860448956489563
Epoch: 298 rel.Train: 0.009251711778342725 rel.Test: 0.013010708689689636  abs.Test: 0.010745284855365753 p: 0.8605087399482727
Epoch: 299 rel.Train: 0.00847337943315506 rel.Test: 0.011589744985103607  abs.Test: 0.009578100740909576 p: 0.8605795502662659
Epoch: 300 rel.Train: 0.008777337417006493 rel.Test: 0.009844719469547271  abs.Test: 0.008136161416769028 p: 0.8606629967689514
Epoch: 301 rel.Train: 0.008241523817181587 rel.Test: 0.00900438278913498  abs.Test: 0.007442951649427414 p: 0.8606603145599365
Epoch: 302 rel.Train: 0.00813808262348175 rel.Test: 0.009634209126234054  abs.Test: 0.007956998273730278 p: 0.8606081604957581
Epoch: 303 rel.Train: 0.008032147899270058 rel.Test: 0.010461456477642059  abs.Test: 0.008644356951117515 p: 0.8606263995170593
Epoch: 304 rel.Train: 0.008212873488664627 rel.Test: 0.01370955303311348  abs.Test: 0.011328261196613312 p: 0.860788106918335
Epoch: 305 rel.Train: 0.009379317820072173 rel.Test: 0.008810726031661033  abs.Test: 0.007280319631099701 p: 0.860754132270813
Epoch: 306 rel.Train: 0.007535701870918274 rel.Test: 0.008081966191530227  abs.Test: 0.006678089946508408 p: 0.8607082962989807
Epoch: 307 rel.Train: 0.007508200220763683 rel.Test: 0.008742983564734458  abs.Test: 0.007226326763629914 p: 0.860824465751648
Epoch: 308 rel.Train: 0.00764813531935215 rel.Test: 0.010397465378046035  abs.Test: 0.008596663698554038 p: 0.860844612121582
Epoch: 309 rel.Train: 0.007887749150395394 rel.Test: 0.008602775931358338  abs.Test: 0.007110276445746422 p: 0.8608009815216064
Epoch: 310 rel.Train: 0.007601987905800343 rel.Test: 0.009379973039031028  abs.Test: 0.007756276205182076 p: 0.8608592748641968
Epoch: 311 rel.Train: 0.007670712925493717 rel.Test: 0.00975799173116684  abs.Test: 0.008063923716545105 p: 0.8608452677726746
Epoch: 312 rel.Train: 0.00839199260622263 rel.Test: 0.009922180026769638  abs.Test: 0.00819829449057579 p: 0.8608714938163757
Epoch: 313 rel.Train: 0.007564316734671592 rel.Test: 0.008368567675352096  abs.Test: 0.0069167111068964005 p: 0.8609139919281006
Epoch: 314 rel.Train: 0.00792578499019146 rel.Test: 0.011124697476625443  abs.Test: 0.009191609546542167 p: 0.8609234690666199
Epoch: 315 rel.Train: 0.00913454683125019 rel.Test: 0.00880915939807892  abs.Test: 0.0072808488458395 p: 0.8609797358512878
Epoch: 316 rel.Train: 0.007568546861410141 rel.Test: 0.008388661965727805  abs.Test: 0.006932907104492188 p: 0.8609731197357178
Epoch: 317 rel.Train: 0.007554247409105301 rel.Test: 0.009298407137393952  abs.Test: 0.007682053372263908 p: 0.8609700798988342
Epoch: 318 rel.Train: 0.007740646168589592 rel.Test: 0.010306723713874817  abs.Test: 0.008515608310699464 p: 0.8608681559562683
Epoch: 319 rel.Train: 0.008208615869283677 rel.Test: 0.009239661321043969  abs.Test: 0.007637142315506935 p: 0.8610564470291138
Epoch: 320 rel.Train: 0.007531337708234787 rel.Test: 0.008306688144803048  abs.Test: 0.0068663150444626805 p: 0.8610204458236694
Epoch: 321 rel.Train: 0.007081109911203385 rel.Test: 0.009073622673749924  abs.Test: 0.007496982961893082 p: 0.8610876202583313
Epoch: 322 rel.Train: 0.007489991284906864 rel.Test: 0.008200951218605042  abs.Test: 0.006777639538049698 p: 0.8610351085662842
Epoch: 323 rel.Train: 0.0076476590931415555 rel.Test: 0.010014746561646462  abs.Test: 0.008272158056497574 p: 0.8610883355140686
Epoch: 324 rel.Train: 0.007939497046172618 rel.Test: 0.007798590362071991  abs.Test: 0.00644520714879036 p: 0.8611285090446472
Epoch: 325 rel.Train: 0.006831623256206513 rel.Test: 0.0077627492696046825  abs.Test: 0.006414090469479561 p: 0.8611482381820679
Epoch: 326 rel.Train: 0.006895696431398392 rel.Test: 0.009513199254870415  abs.Test: 0.007860554978251458 p: 0.8611348271369934
Epoch: 327 rel.Train: 0.008108823418617248 rel.Test: 0.008891891837120056  abs.Test: 0.007348827235400677 p: 0.8610969185829163
Epoch: 328 rel.Train: 0.007076705351471901 rel.Test: 0.00771124430000782  abs.Test: 0.006374087743461132 p: 0.8611838817596436
Epoch: 329 rel.Train: 0.006870608866214752 rel.Test: 0.008944801688194275  abs.Test: 0.00739572636783123 p: 0.8611720204353333
Epoch: 330 rel.Train: 0.00715206091105938 rel.Test: 0.008752032369375228  abs.Test: 0.007230474874377251 p: 0.8612202405929565
Epoch: 331 rel.Train: 0.007364477843046189 rel.Test: 0.008721158877015113  abs.Test: 0.007208865955471992 p: 0.8611479997634888
Epoch: 332 rel.Train: 0.0075217275172472 rel.Test: 0.008292652145028114  abs.Test: 0.006854940094053745 p: 0.8611928820610046
Epoch: 333 rel.Train: 0.0072294981330633164 rel.Test: 0.007897339686751366  abs.Test: 0.0065283021330833435 p: 0.8612638711929321
Epoch: 334 rel.Train: 0.0074411966353654865 rel.Test: 0.010197633504867553  abs.Test: 0.008430413082242011 p: 0.8612616658210754
Epoch: 335 rel.Train: 0.007253095850348472 rel.Test: 0.00804517298936844  abs.Test: 0.0066483236104249955 p: 0.8612822890281677
Epoch: 336 rel.Train: 0.006846370846033096 rel.Test: 0.00786529615521431  abs.Test: 0.006500572562217712 p: 0.8612393736839294
Epoch: 337 rel.Train: 0.007721767365932465 rel.Test: 0.00839170567691326  abs.Test: 0.006935115605592727 p: 0.8612807989120483
Epoch: 338 rel.Train: 0.006891201853752136 rel.Test: 0.00860612839460373  abs.Test: 0.007112919539213181 p: 0.8612877726554871
Epoch: 339 rel.Train: 0.0068343826904892924 rel.Test: 0.008347007334232331  abs.Test: 0.0068969675153493885 p: 0.8613249659538269
Epoch: 340 rel.Train: 0.006504590854048729 rel.Test: 0.007423253208398819  abs.Test: 0.006135536134243011 p: 0.8612997531890869
Epoch: 341 rel.Train: 0.006677792847156525 rel.Test: 0.007587367743253708  abs.Test: 0.00627191461622715 p: 0.8613300323486328
Epoch: 342 rel.Train: 0.006775351271033287 rel.Test: 0.01019688993692398  abs.Test: 0.008432959467172622 p: 0.8612973690032959
Epoch: 343 rel.Train: 0.007799766406416893 rel.Test: 0.008416001796722411  abs.Test: 0.0069572127610445025 p: 0.8613763451576233
Epoch: 344 rel.Train: 0.007210769534111023 rel.Test: 0.010512856543064117  abs.Test: 0.008687866106629371 p: 0.8613796234130859
Epoch: 345 rel.Train: 0.007723504796624183 rel.Test: 0.008530206978321075  abs.Test: 0.007050972878932953 p: 0.8613321185112
Epoch: 346 rel.Train: 0.007413652606308461 rel.Test: 0.00860963113605976  abs.Test: 0.007114550098776817 p: 0.8613457083702087
Epoch: 347 rel.Train: 0.006845520049333573 rel.Test: 0.007831331714987755  abs.Test: 0.006470431759953499 p: 0.8614199757575989
Epoch: 348 rel.Train: 0.006928248628973961 rel.Test: 0.008077144175767898  abs.Test: 0.006673798076808453 p: 0.8614107966423035
Epoch: 349 rel.Train: 0.006433937564492225 rel.Test: 0.0075488857924938205  abs.Test: 0.006238628104329109 p: 0.8613684773445129
Epoch: 350 rel.Train: 0.007037325486540794 rel.Test: 0.007917557880282401  abs.Test: 0.006542818509042263 p: 0.8613523244857788
Epoch: 351 rel.Train: 0.0065137454494833946 rel.Test: 0.007894830778241158  abs.Test: 0.006526010707020759 p: 0.8614253997802734
Epoch: 352 rel.Train: 0.0064786095730960365 rel.Test: 0.007846837043762206  abs.Test: 0.006484718956053257 p: 0.86136394739151
Epoch: 353 rel.Train: 0.0073731583282351494 rel.Test: 0.00787932351231575  abs.Test: 0.006512045860290527 p: 0.8614397048950195
Epoch: 354 rel.Train: 0.006374361664056778 rel.Test: 0.008064604997634887  abs.Test: 0.006663961037993431 p: 0.8614084124565125
Epoch: 355 rel.Train: 0.0064112811237573624 rel.Test: 0.007595664411783218  abs.Test: 0.006276791617274284 p: 0.8613873720169067
Epoch: 356 rel.Train: 0.0063160679712891575 rel.Test: 0.00758143812417984  abs.Test: 0.006264214105904102 p: 0.8614020347595215
Epoch: 357 rel.Train: 0.0067000800147652625 rel.Test: 0.00828765332698822  abs.Test: 0.006849647015333176 p: 0.8614282011985779
Epoch: 358 rel.Train: 0.006689249560236931 rel.Test: 0.009107448607683182  abs.Test: 0.007525639981031418 p: 0.8614203929901123
Epoch: 359 rel.Train: 0.007091093454509974 rel.Test: 0.00838596872985363  abs.Test: 0.006926698423922062 p: 0.8614528775215149
Epoch: 360 rel.Train: 0.0065608095675706865 rel.Test: 0.0073577255755662915  abs.Test: 0.00608075562864542 p: 0.8613919615745544
Epoch: 361 rel.Train: 0.006432286612689495 rel.Test: 0.007915044575929642  abs.Test: 0.006540772840380669 p: 0.8614131212234497
Epoch: 362 rel.Train: 0.0066653648018836975 rel.Test: 0.00930583618581295  abs.Test: 0.007688737586140633 p: 0.861423909664154
Epoch: 363 rel.Train: 0.006540417432785034 rel.Test: 0.007828768864274025  abs.Test: 0.0064729111269116405 p: 0.8614636063575745
Epoch: 364 rel.Train: 0.006211357496678829 rel.Test: 0.007595114931464195  abs.Test: 0.006276854947209358 p: 0.8615150451660156
Epoch: 365 rel.Train: 0.006485099893063307 rel.Test: 0.008321664184331895  abs.Test: 0.006880194209516049 p: 0.8614708781242371
Epoch: 366 rel.Train: 0.006464991711080074 rel.Test: 0.007979750633239746  abs.Test: 0.0065969061851501466 p: 0.8614667654037476
Epoch: 367 rel.Train: 0.00641336802020669 rel.Test: 0.008265690356492996  abs.Test: 0.006828675344586373 p: 0.8614824414253235
Epoch: 368 rel.Train: 0.006376798391342163 rel.Test: 0.007654207870364189  abs.Test: 0.006325468346476555 p: 0.861487865447998
Epoch: 369 rel.Train: 0.006360558535903693 rel.Test: 0.0076127654314041135  abs.Test: 0.006293156258761883 p: 0.8614959716796875
Epoch: 370 rel.Train: 0.0065545161589980125 rel.Test: 0.008381815925240517  abs.Test: 0.006929747685790062 p: 0.8614916801452637
Epoch: 371 rel.Train: 0.0063145276270806785 rel.Test: 0.007669645473361015  abs.Test: 0.006341401897370816 p: 0.8614894151687622
Epoch: 372 rel.Train: 0.006500006645917892 rel.Test: 0.007822820767760277  abs.Test: 0.006466793976724148 p: 0.8614944219589233
Epoch: 373 rel.Train: 0.006290298450738191 rel.Test: 0.008138264417648316  abs.Test: 0.006726562939584255 p: 0.8615278005599976
Epoch: 374 rel.Train: 0.006665562018752098 rel.Test: 0.007788937091827392  abs.Test: 0.006439074762165546 p: 0.8614816069602966
Epoch: 375 rel.Train: 0.006352227881550789 rel.Test: 0.008361444920301437  abs.Test: 0.0069119250029325485 p: 0.8615031242370605
Epoch: 376 rel.Train: 0.006303114376962185 rel.Test: 0.007591739818453788  abs.Test: 0.006274656653404236 p: 0.8615114092826843
Epoch: 377 rel.Train: 0.006054151464253664 rel.Test: 0.007749070599675179  abs.Test: 0.006406541503965854 p: 0.8614939451217651
Epoch: 378 rel.Train: 0.006032274644821882 rel.Test: 0.007185298427939415  abs.Test: 0.005939326845109462 p: 0.8615344166755676
Epoch: 379 rel.Train: 0.006153520852327347 rel.Test: 0.007294280230998993  abs.Test: 0.0060297857969999315 p: 0.8615134954452515
Epoch: 380 rel.Train: 0.006055763609707355 rel.Test: 0.007441097423434257  abs.Test: 0.0061508815363049505 p: 0.861552357673645
Epoch: 381 rel.Train: 0.00605593267083168 rel.Test: 0.007326875478029251  abs.Test: 0.006056281961500645 p: 0.8615593314170837
Epoch: 382 rel.Train: 0.00615219846367836 rel.Test: 0.00744447760283947  abs.Test: 0.006153412312269211 p: 0.8614885210990906
Epoch: 383 rel.Train: 0.0060694624483585355 rel.Test: 0.007131617739796639  abs.Test: 0.005895234644412994 p: 0.8615296483039856
Epoch: 384 rel.Train: 0.0058705806396901605 rel.Test: 0.007315375581383705  abs.Test: 0.00604724369943142 p: 0.8615238666534424
Epoch: 385 rel.Train: 0.005869738161563874 rel.Test: 0.006981908455491066  abs.Test: 0.005771045610308647 p: 0.861526370048523
Epoch: 386 rel.Train: 0.005868908971548081 rel.Test: 0.007888736426830292  abs.Test: 0.006520971357822418 p: 0.8615115284919739
Epoch: 387 rel.Train: 0.006109412617981434 rel.Test: 0.007904879003763198  abs.Test: 0.006532407440245152 p: 0.8615172505378723
Epoch: 388 rel.Train: 0.006141843974590302 rel.Test: 0.007385391145944596  abs.Test: 0.0061068513989448545 p: 0.8615139722824097
Epoch: 389 rel.Train: 0.005923406451940536 rel.Test: 0.007449326366186142  abs.Test: 0.006157268211245537 p: 0.8615336418151855
Epoch: 390 rel.Train: 0.005776067577302456 rel.Test: 0.0073478356748819355  abs.Test: 0.00607502780854702 p: 0.8614982962608337
Epoch: 391 rel.Train: 0.005792007654905319 rel.Test: 0.007553994953632355  abs.Test: 0.006244784891605377 p: 0.8615169525146484
Epoch: 392 rel.Train: 0.00599956089258194 rel.Test: 0.007337720990180969  abs.Test: 0.006065279170870781 p: 0.8615567088127136
Epoch: 393 rel.Train: 0.00601482404768467 rel.Test: 0.0078040891140699386  abs.Test: 0.006447327397763729 p: 0.861487865447998
Epoch: 394 rel.Train: 0.006096154760569334 rel.Test: 0.007523617818951607  abs.Test: 0.0062202921882271766 p: 0.8615490794181824
Epoch: 395 rel.Train: 0.005971488185226918 rel.Test: 0.0070913036912679675  abs.Test: 0.0058630616962909695 p: 0.8615512847900391
Epoch: 396 rel.Train: 0.005869287431240082 rel.Test: 0.007409416362643242  abs.Test: 0.0061240274459123615 p: 0.8615278005599976
Epoch: 397 rel.Train: 0.005971836842596531 rel.Test: 0.007232131436467171  abs.Test: 0.005977815017104149 p: 0.861531674861908
Epoch: 398 rel.Train: 0.005848273079842329 rel.Test: 0.007419628947973251  abs.Test: 0.00613492339849472 p: 0.8615173697471619
Epoch: 399 rel.Train: 0.005872564774006605 rel.Test: 0.007112047299742698  abs.Test: 0.0058789350092411045 p: 0.8615310788154602
Epoch: 400 rel.Train: 0.005781419392675161 rel.Test: 0.00708119310438633  abs.Test: 0.0058534472808241846 p: 0.8615443110466003
Epoch: 401 rel.Train: 0.0057149104624986645 rel.Test: 0.0070212363451719285  abs.Test: 0.005803660601377487 p: 0.8615384697914124
Epoch: 402 rel.Train: 0.005756808914244175 rel.Test: 0.0076152319461107254  abs.Test: 0.006295812651515007 p: 0.8615536689758301
Epoch: 403 rel.Train: 0.0058317453153431415 rel.Test: 0.007231779657304287  abs.Test: 0.005979141741991043 p: 0.8615279197692871
Epoch: 404 rel.Train: 0.0056354935467243196 rel.Test: 0.007033461555838585  abs.Test: 0.005813327878713608 p: 0.8615148663520813
Epoch: 405 rel.Train: 0.00574778437614441 rel.Test: 0.007651391178369522  abs.Test: 0.006324641928076744 p: 0.8615100979804993
Epoch: 406 rel.Train: 0.005864975046366453 rel.Test: 0.006947263106703758  abs.Test: 0.00574292954057455 p: 0.8615421056747437
Epoch: 407 rel.Train: 0.005568353377282619 rel.Test: 0.006942085698246956  abs.Test: 0.005738965682685376 p: 0.861501157283783
Epoch: 408 rel.Train: 0.005572959393262863 rel.Test: 0.007435223087668419  abs.Test: 0.006146286427974701 p: 0.8615097999572754
Epoch: 409 rel.Train: 0.0055905430689454074 rel.Test: 0.0070355931669473645  abs.Test: 0.005816140286624432 p: 0.8615010976791382
Epoch: 410 rel.Train: 0.005543240875005722 rel.Test: 0.006929200999438763  abs.Test: 0.005727476663887501 p: 0.8615356683731079
Epoch: 411 rel.Train: 0.005635686606168747 rel.Test: 0.006883006729185581  abs.Test: 0.005689580552279949 p: 0.8615415692329407
Epoch: 412 rel.Train: 0.0054933931604027745 rel.Test: 0.006911791115999222  abs.Test: 0.005713876374065876 p: 0.8615264296531677
Epoch: 413 rel.Train: 0.005473428212106228 rel.Test: 0.0068601428717374804  abs.Test: 0.00567112784832716 p: 0.8615289926528931
Epoch: 414 rel.Train: 0.005499522052705288 rel.Test: 0.007216212078928947  abs.Test: 0.0059648147970438005 p: 0.8615075945854187
Epoch: 415 rel.Train: 0.00564172999560833 rel.Test: 0.007217522710561752  abs.Test: 0.0059654442965984345 p: 0.8615152835845947
Epoch: 416 rel.Train: 0.005500283855944872 rel.Test: 0.007021037116646767  abs.Test: 0.0058051797747612 p: 0.8615046739578247
Epoch: 417 rel.Train: 0.005508122637867928 rel.Test: 0.006919181123375893  abs.Test: 0.005720034800469875 p: 0.8615126609802246
Epoch: 418 rel.Train: 0.005556625880300999 rel.Test: 0.007003522254526615  abs.Test: 0.005788805112242699 p: 0.861514687538147
Epoch: 419 rel.Train: 0.0055045589879155156 rel.Test: 0.007355308756232261  abs.Test: 0.006080746650695801 p: 0.8615164756774902
Epoch: 420 rel.Train: 0.005784812081605196 rel.Test: 0.006892862468957901  abs.Test: 0.005697895213961602 p: 0.8615229725837708
Epoch: 421 rel.Train: 0.00553789059817791 rel.Test: 0.006985732391476631  abs.Test: 0.005775172933936119 p: 0.8615118265151978
Epoch: 422 rel.Train: 0.0055471606403589245 rel.Test: 0.007191514298319816  abs.Test: 0.005946171395480633 p: 0.861522376537323
Epoch: 423 rel.Train: 0.005547658026218414 rel.Test: 0.007355411499738693  abs.Test: 0.006080870926380158 p: 0.8615253567695618
Epoch: 424 rel.Train: 0.0056617287285625935 rel.Test: 0.007084944620728493  abs.Test: 0.005856783054769039 p: 0.861522376537323
Epoch: 425 rel.Train: 0.005544976677745581 rel.Test: 0.0069663099199533465  abs.Test: 0.005758917294442654 p: 0.8614964485168457
Epoch: 426 rel.Train: 0.005412311024963856 rel.Test: 0.006880098655819893  abs.Test: 0.005688305161893368 p: 0.8615044951438904
Epoch: 427 rel.Train: 0.005355560816824436 rel.Test: 0.006847085952758789  abs.Test: 0.005660520195960999 p: 0.8614964485168457
Epoch: 428 rel.Train: 0.005367937102913857 rel.Test: 0.007043113484978675  abs.Test: 0.005821733921766281 p: 0.8615120649337769
Epoch: 429 rel.Train: 0.005415515840053558 rel.Test: 0.006903257295489311  abs.Test: 0.005707051642239094 p: 0.8614943623542786
Epoch: 430 rel.Train: 0.0053306460157036785 rel.Test: 0.006795176416635513  abs.Test: 0.005617711171507836 p: 0.861501932144165
Epoch: 431 rel.Train: 0.00538890266418457 rel.Test: 0.006978870034217834  abs.Test: 0.005768826752901077 p: 0.8615031242370605
Epoch: 432 rel.Train: 0.005347344502806664 rel.Test: 0.00679671622812748  abs.Test: 0.005618606917560101 p: 0.8614785075187683
Epoch: 433 rel.Train: 0.0053320501409471035 rel.Test: 0.006905580088496208  abs.Test: 0.005709031298756599 p: 0.8614836931228638
Epoch: 434 rel.Train: 0.00538051026687026 rel.Test: 0.006788047179579735  abs.Test: 0.005611390545964241 p: 0.8614851236343384
Epoch: 435 rel.Train: 0.005347347885370254 rel.Test: 0.007017274759709835  abs.Test: 0.005801402814686298 p: 0.8615065217018127
Epoch: 436 rel.Train: 0.0053544030636549 rel.Test: 0.006946176402270794  abs.Test: 0.005741987526416779 p: 0.8614866137504578
Epoch: 437 rel.Train: 0.00541146520525217 rel.Test: 0.006998573057353496  abs.Test: 0.005785968750715255 p: 0.8614973425865173
Epoch: 438 rel.Train: 0.00540601895749569 rel.Test: 0.006931026205420494  abs.Test: 0.005730003379285336 p: 0.8615007400512695
Epoch: 439 rel.Train: 0.005259581997990608 rel.Test: 0.006840890347957611  abs.Test: 0.005655652955174446 p: 0.8614969253540039
Epoch: 440 rel.Train: 0.005249154381453991 rel.Test: 0.0067844042181968685  abs.Test: 0.0056086216121912 p: 0.8614831566810608
Epoch: 441 rel.Train: 0.005253452174365521 rel.Test: 0.006798197701573372  abs.Test: 0.005619863495230675 p: 0.8614873290061951
Epoch: 442 rel.Train: 0.005359302088618278 rel.Test: 0.006987235993146896  abs.Test: 0.00577643170952797 p: 0.8614649176597595
Epoch: 443 rel.Train: 0.005258628129959106 rel.Test: 0.006838382631540299  abs.Test: 0.005653643012046814 p: 0.8614820241928101
Epoch: 444 rel.Train: 0.005233922582119703 rel.Test: 0.006787663400173187  abs.Test: 0.005611649826169014 p: 0.8614915013313293
Epoch: 445 rel.Train: 0.005245962239801884 rel.Test: 0.006844570264220238  abs.Test: 0.005658881664276123 p: 0.8614738583564758
Epoch: 446 rel.Train: 0.005213412526994944 rel.Test: 0.006771246641874313  abs.Test: 0.005597976371645928 p: 0.8614775538444519
Epoch: 447 rel.Train: 0.005244665611535311 rel.Test: 0.006924593038856983  abs.Test: 0.005725623555481434 p: 0.8614854216575623
Epoch: 448 rel.Train: 0.005215079620480538 rel.Test: 0.006741193234920502  abs.Test: 0.005573124140501023 p: 0.8614802360534668
Epoch: 449 rel.Train: 0.005248504422605038 rel.Test: 0.006846158802509308  abs.Test: 0.005660143680870533 p: 0.8614806532859802
Epoch: 450 rel.Train: 0.005327762138098479 rel.Test: 0.006879346966743469  abs.Test: 0.005686655342578888 p: 0.8614829182624817
Epoch: 451 rel.Train: 0.005230684451758861 rel.Test: 0.006749233491718769  abs.Test: 0.00557935431599617 p: 0.8614793419837952
Epoch: 452 rel.Train: 0.005191033784300089 rel.Test: 0.006743177324533462  abs.Test: 0.005574595034122467 p: 0.861482560634613
Epoch: 453 rel.Train: 0.00520111483335495 rel.Test: 0.0069491913914680485  abs.Test: 0.005744986534118653 p: 0.8614736199378967
Epoch: 454 rel.Train: 0.00519523910433054 rel.Test: 0.006796427592635154  abs.Test: 0.005618888437747955 p: 0.8614700436592102
Epoch: 455 rel.Train: 0.005251080077141523 rel.Test: 0.006853585243225098  abs.Test: 0.0056666587293148045 p: 0.8614780902862549
Epoch: 456 rel.Train: 0.0051516850963234904 rel.Test: 0.006782129220664501  abs.Test: 0.005606954321265221 p: 0.8614704012870789
Epoch: 457 rel.Train: 0.005188765175640583 rel.Test: 0.006732120215892792  abs.Test: 0.005565568506717682 p: 0.8614575862884521
Epoch: 458 rel.Train: 0.0051985575966537 rel.Test: 0.006691988706588745  abs.Test: 0.005532324910163879 p: 0.8614656925201416
Epoch: 459 rel.Train: 0.005174208268523216 rel.Test: 0.00669122900813818  abs.Test: 0.005531777068972588 p: 0.8614718317985535
Epoch: 460 rel.Train: 0.005158407293260098 rel.Test: 0.006717859171330929  abs.Test: 0.00555393859744072 p: 0.8614751100540161
Epoch: 461 rel.Train: 0.005155908029526472 rel.Test: 0.006711770184338093  abs.Test: 0.005548693314194679 p: 0.861466109752655
Epoch: 462 rel.Train: 0.005118023082613945 rel.Test: 0.0067358451336622235  abs.Test: 0.005568866357207298 p: 0.8614661693572998
Epoch: 463 rel.Train: 0.005103406511247158 rel.Test: 0.00672267735004425  abs.Test: 0.0055576696991920475 p: 0.8614733219146729
Epoch: 464 rel.Train: 0.005141838178038597 rel.Test: 0.006684717684984207  abs.Test: 0.0055263485759496685 p: 0.8614658713340759
Epoch: 465 rel.Train: 0.005135830789804459 rel.Test: 0.006721360385417938  abs.Test: 0.0055568661540746685 p: 0.8614770770072937
Epoch: 466 rel.Train: 0.005151550598442555 rel.Test: 0.006808520630002022  abs.Test: 0.00562865860760212 p: 0.8614680171012878
Epoch: 467 rel.Train: 0.005152466960251331 rel.Test: 0.0067130676284432415  abs.Test: 0.005549838952720165 p: 0.8614646196365356
Epoch: 468 rel.Train: 0.00511854051053524 rel.Test: 0.006684420295059681  abs.Test: 0.0055262441933155056 p: 0.8614665865898132
Epoch: 469 rel.Train: 0.005102651279419661 rel.Test: 0.006789076626300811  abs.Test: 0.005613039433956146 p: 0.8614575266838074
Epoch: 470 rel.Train: 0.005091353386640548 rel.Test: 0.006687735691666603  abs.Test: 0.005528971925377846 p: 0.8614636063575745
Epoch: 471 rel.Train: 0.00508610862493515 rel.Test: 0.006702762171626091  abs.Test: 0.005541579760611057 p: 0.8614608645439148
Epoch: 472 rel.Train: 0.005087393838912249 rel.Test: 0.006719337366521358  abs.Test: 0.005554927997291088 p: 0.8614601492881775
Epoch: 473 rel.Train: 0.0051030125319957735 rel.Test: 0.006758606620132923  abs.Test: 0.005588053725659847 p: 0.8614663481712341
Epoch: 474 rel.Train: 0.005086615215986967 rel.Test: 0.0066934460029006  abs.Test: 0.005533678680658341 p: 0.861468493938446
Epoch: 475 rel.Train: 0.005081798780709505 rel.Test: 0.006734477020800113  abs.Test: 0.005567972138524055 p: 0.8614631295204163
Epoch: 476 rel.Train: 0.005078029226511717 rel.Test: 0.006696509160101414  abs.Test: 0.0055361978709697725 p: 0.861465573310852
Epoch: 477 rel.Train: 0.005083169888705015 rel.Test: 0.006686971075832843  abs.Test: 0.005528487861156463 p: 0.8614552021026611
Epoch: 478 rel.Train: 0.005064641647040844 rel.Test: 0.00671471755951643  abs.Test: 0.005551391765475273 p: 0.8614611029624939
Epoch: 479 rel.Train: 0.005069326050579548 rel.Test: 0.006712022386491299  abs.Test: 0.005549213699996471 p: 0.861461877822876
Epoch: 480 rel.Train: 0.0050638699606060985 rel.Test: 0.006679789684712886  abs.Test: 0.005522464737296105 p: 0.8614600896835327
Epoch: 481 rel.Train: 0.005071009665727615 rel.Test: 0.006646000444889068  abs.Test: 0.005494424402713776 p: 0.8614559173583984
Epoch: 482 rel.Train: 0.005082726612687111 rel.Test: 0.006718508377671242  abs.Test: 0.005554513782262802 p: 0.8614548444747925
Epoch: 483 rel.Train: 0.005071822106838226 rel.Test: 0.006693617627024651  abs.Test: 0.00553401380777359 p: 0.8614626526832581
Epoch: 484 rel.Train: 0.005058553285896778 rel.Test: 0.006686513498425484  abs.Test: 0.005527959652245045 p: 0.8614556789398193
Epoch: 485 rel.Train: 0.005066466696560383 rel.Test: 0.006658957228064537  abs.Test: 0.005505127534270286 p: 0.8614527583122253
Epoch: 486 rel.Train: 0.005044780030846596 rel.Test: 0.0066957054659724236  abs.Test: 0.005535721033811569 p: 0.8614580631256104
Epoch: 487 rel.Train: 0.005041623927652836 rel.Test: 0.006705051735043526  abs.Test: 0.005543448179960251 p: 0.8614552021026611
Epoch: 488 rel.Train: 0.005057120095938444 rel.Test: 0.006676942333579064  abs.Test: 0.005520014353096485 p: 0.8614503741264343
Epoch: 489 rel.Train: 0.005048099238425493 rel.Test: 0.006681138873100281  abs.Test: 0.005523509383201599 p: 0.8614516854286194
Epoch: 490 rel.Train: 0.005063889428973198 rel.Test: 0.006652867421507835  abs.Test: 0.005500038303434849 p: 0.8614539504051208
Epoch: 491 rel.Train: 0.005053179152309894 rel.Test: 0.006665765605866909  abs.Test: 0.005510718859732151 p: 0.861452043056488
Epoch: 492 rel.Train: 0.005070024378597737 rel.Test: 0.006662896126508713  abs.Test: 0.005508351176977158 p: 0.8614522218704224
Epoch: 493 rel.Train: 0.00504698371887207 rel.Test: 0.006693393066525459  abs.Test: 0.0055338418483734135 p: 0.8614563941955566
Epoch: 494 rel.Train: 0.00503927530348301 rel.Test: 0.006669352613389492  abs.Test: 0.005513884164392948 p: 0.8614532947540283
Epoch: 495 rel.Train: 0.005052255935966968 rel.Test: 0.006672233939170837  abs.Test: 0.0055161075294017795 p: 0.8614513278007507
Epoch: 496 rel.Train: 0.005054221451282501 rel.Test: 0.006666562706232071  abs.Test: 0.005511545762419701 p: 0.8614511489868164
Epoch: 497 rel.Train: 0.005035867396742106 rel.Test: 0.006661980710923672  abs.Test: 0.005507631525397301 p: 0.8614515066146851
Epoch: 498 rel.Train: 0.005049271956086159 rel.Test: 0.0066636111587285995  abs.Test: 0.005509103573858738 p: 0.8614540696144104
Epoch: 499 rel.Train: 0.005033671949058771 rel.Test: 0.006684666574001312  abs.Test: 0.0055265937745571135 p: 0.8614540100097656
