dir now: /lustre/home/2200010870/works/NeuralOperator/Multigrid
data_in.shape: (2490, 221, 51, 2)
data_out.shape (2490, 221, 51)
x_train.shape:  torch.Size([1000, 2, 111, 26])
y_train.shape:  torch.Size([1000, 1, 111, 26])
number of parameters is 1608272
p = 0.5
Epoch :  0  rel.Train:  0.15807417964935302  rel.Test:  0.1401129639148712  abs.Test :  0.11584443688392639
Epoch :  1  rel.Train:  0.12417362928390503  rel.Test:  0.1135519528388977  abs.Test :  0.09377097368240356
Epoch :  2  rel.Train:  0.10779255604743958  rel.Test:  0.10267668008804322  abs.Test :  0.08485189557075501
Epoch :  3  rel.Train:  0.10353958475589752  rel.Test:  0.10032413125038148  abs.Test :  0.08290992617607117
Epoch :  4  rel.Train:  0.1018407609462738  rel.Test:  0.09845053315162659  abs.Test :  0.08139225006103516
Epoch :  5  rel.Train:  0.10144230175018311  rel.Test:  0.09824891328811645  abs.Test :  0.08124029397964477
Epoch :  6  rel.Train:  0.1011357069015503  rel.Test:  0.09810606718063354  abs.Test :  0.08112831830978394
Epoch :  7  rel.Train:  0.10108932280540467  rel.Test:  0.09880692839622497  abs.Test :  0.0816616415977478
Epoch :  8  rel.Train:  0.10158197438716889  rel.Test:  0.09999718070030213  abs.Test :  0.08263158679008484
Epoch :  9  rel.Train:  0.1010773766040802  rel.Test:  0.09854436278343201  abs.Test :  0.08149927496910095
Epoch :  10  rel.Train:  0.10099901449680328  rel.Test:  0.09826368868350982  abs.Test :  0.08125801086425781
Epoch :  11  rel.Train:  0.10150737470388413  rel.Test:  0.09818858325481415  abs.Test :  0.08120038747787475
Epoch :  12  rel.Train:  0.10124666380882263  rel.Test:  0.09814662635326385  abs.Test :  0.08114075660705566
Epoch :  13  rel.Train:  0.10141595196723938  rel.Test:  0.09804019033908844  abs.Test :  0.0810652756690979
Epoch :  14  rel.Train:  0.10172137677669525  rel.Test:  0.098301220536232  abs.Test :  0.08126817643642426
Epoch :  15  rel.Train:  0.10171466821432114  rel.Test:  0.09875947058200836  abs.Test :  0.08162977814674377
Epoch :  16  rel.Train:  0.101283043384552  rel.Test:  0.09906137883663177  abs.Test :  0.08186937749385834
Epoch :  17  rel.Train:  0.10092385411262512  rel.Test:  0.09820017039775848  abs.Test :  0.08117872953414917
Epoch :  18  rel.Train:  0.1008692055940628  rel.Test:  0.09780952334403992  abs.Test :  0.0808682644367218
Epoch :  19  rel.Train:  0.10080235505104065  rel.Test:  0.09786319375038147  abs.Test :  0.08091430485248566
Epoch :  20  rel.Train:  0.10098255681991578  rel.Test:  0.09969755589962005  abs.Test :  0.08238113164901734
Epoch :  21  rel.Train:  0.10116810488700867  rel.Test:  0.09796615302562714  abs.Test :  0.08099106371402741
Epoch :  22  rel.Train:  0.10102178585529327  rel.Test:  0.09811940312385559  abs.Test :  0.08113723397254943
Epoch :  23  rel.Train:  0.10101387703418732  rel.Test:  0.09825249433517456  abs.Test :  0.0812219762802124
Epoch :  24  rel.Train:  0.10082182681560517  rel.Test:  0.09879097759723664  abs.Test :  0.08165093898773193
Epoch :  25  rel.Train:  0.10092050683498383  rel.Test:  0.0988623434305191  abs.Test :  0.08171393215656281
Epoch :  26  rel.Train:  0.1009171849489212  rel.Test:  0.09784655392169953  abs.Test :  0.08090710818767548
Epoch :  27  rel.Train:  0.10089940345287322  rel.Test:  0.09796253681182861  abs.Test :  0.08098873257637024
Epoch :  28  rel.Train:  0.10084394216537476  rel.Test:  0.09796735942363739  abs.Test :  0.08100611329078675
Epoch :  29  rel.Train:  0.10078088581562042  rel.Test:  0.09836108446121215  abs.Test :  0.08131078720092773
Epoch :  30  rel.Train:  0.10084473884105682  rel.Test:  0.09805245280265808  abs.Test :  0.08106193482875824
Epoch :  31  rel.Train:  0.10086741495132447  rel.Test:  0.09796608507633209  abs.Test :  0.08099204540252686
Epoch :  32  rel.Train:  0.10100357019901275  rel.Test:  0.0994835239648819  abs.Test :  0.08220813274383545
Epoch :  33  rel.Train:  0.10124789881706238  rel.Test:  0.09795931220054627  abs.Test :  0.08100026965141296
Epoch :  34  rel.Train:  0.10094845402240753  rel.Test:  0.09830915093421937  abs.Test :  0.08126933276653289
Epoch :  35  rel.Train:  0.1009833163022995  rel.Test:  0.09831442594528199  abs.Test :  0.08126941442489624
Epoch :  36  rel.Train:  0.10116368651390076  rel.Test:  0.09862601280212402  abs.Test :  0.08157994151115418
Epoch :  37  rel.Train:  0.10113731873035431  rel.Test:  0.09805553913116455  abs.Test :  0.08106901288032532
Epoch :  38  rel.Train:  0.1007862628698349  rel.Test:  0.09791057109832764  abs.Test :  0.08095031440258026
Epoch :  39  rel.Train:  0.10079171466827393  rel.Test:  0.09839045703411102  abs.Test :  0.08132535338401795
Epoch :  40  rel.Train:  0.10098549890518188  rel.Test:  0.09806734263896942  abs.Test :  0.0810878825187683
Epoch :  41  rel.Train:  0.10098084259033203  rel.Test:  0.09791183114051819  abs.Test :  0.0809560889005661
Epoch :  42  rel.Train:  0.1009001281261444  rel.Test:  0.09818648695945739  abs.Test :  0.08116447389125823
Epoch :  43  rel.Train:  0.10111008077859879  rel.Test:  0.09812321305274964  abs.Test :  0.08112320125102997
Epoch :  44  rel.Train:  0.1009950178861618  rel.Test:  0.0981239151954651  abs.Test :  0.08111765086650849
Epoch :  45  rel.Train:  0.10090030080080033  rel.Test:  0.09857221007347107  abs.Test :  0.08147820591926574
Epoch :  46  rel.Train:  0.1007908192873001  rel.Test:  0.09832205951213836  abs.Test :  0.08127350926399231
Epoch :  47  rel.Train:  0.10094304436445237  rel.Test:  0.1000400024652481  abs.Test :  0.08266595363616944
Epoch :  48  rel.Train:  0.10111732840538025  rel.Test:  0.09788282990455627  abs.Test :  0.08092794299125672
Epoch :  49  rel.Train:  0.10090516567230225  rel.Test:  0.09785005807876587  abs.Test :  0.08091287314891815
Epoch :  50  rel.Train:  0.1009174017906189  rel.Test:  0.09840018808841705  abs.Test :  0.08134617984294891
Epoch :  51  rel.Train:  0.10081790912151337  rel.Test:  0.09805330455303192  abs.Test :  0.08105353236198426
Epoch :  52  rel.Train:  0.10095995354652405  rel.Test:  0.09815091729164123  abs.Test :  0.08117089331150056
Epoch :  53  rel.Train:  0.10089276146888733  rel.Test:  0.0980195438861847  abs.Test :  0.08106884360313416
Epoch :  54  rel.Train:  0.10096963065862656  rel.Test:  0.09816858232021332  abs.Test :  0.0811832618713379
Epoch :  55  rel.Train:  0.10094086670875549  rel.Test:  0.09796617567539215  abs.Test :  0.08098710417747497
Epoch :  56  rel.Train:  0.10090028005838395  rel.Test:  0.09787152051925659  abs.Test :  0.08092824935913086
Epoch :  57  rel.Train:  0.10085850071907043  rel.Test:  0.09791022062301635  abs.Test :  0.08096216440200805
Epoch :  58  rel.Train:  0.10082972568273545  rel.Test:  0.09812418103218079  abs.Test :  0.08112204730510712
Epoch :  59  rel.Train:  0.1011973876953125  rel.Test:  0.09811512231826783  abs.Test :  0.081120525598526
Epoch :  60  rel.Train:  0.10080222249031066  rel.Test:  0.09712588369846344  abs.Test :  0.08030977368354797
Epoch :  61  rel.Train:  0.1013714599609375  rel.Test:  0.09835662603378297  abs.Test :  0.08133665442466737
Epoch :  62  rel.Train:  0.10125395977497101  rel.Test:  0.09794344902038574  abs.Test :  0.08098405241966247
Epoch :  63  rel.Train:  0.10082889652252197  rel.Test:  0.09801785409450531  abs.Test :  0.08103435277938843
Epoch :  64  rel.Train:  0.10083262193202973  rel.Test:  0.0978625911474228  abs.Test :  0.08091706454753876
Epoch :  65  rel.Train:  0.10093343997001648  rel.Test:  0.09779800236225128  abs.Test :  0.08085550606250763
Epoch :  66  rel.Train:  0.1007796483039856  rel.Test:  0.0979923403263092  abs.Test :  0.08101026058197021
Epoch :  67  rel.Train:  0.1007821477651596  rel.Test:  0.09802415251731872  abs.Test :  0.08103390336036682
Epoch :  68  rel.Train:  0.10070022535324097  rel.Test:  0.0976717722415924  abs.Test :  0.08075878381729126
Epoch :  69  rel.Train:  0.10058897769451142  rel.Test:  0.0975010061264038  abs.Test :  0.08061013221740723
Epoch :  70  rel.Train:  0.09966508102416992  rel.Test:  0.10347105741500855  abs.Test :  0.08559397280216217
Epoch :  71  rel.Train:  0.1006365555524826  rel.Test:  0.0957782256603241  abs.Test :  0.07920877933502198
Epoch :  72  rel.Train:  0.09894138669967652  rel.Test:  0.09871074557304382  abs.Test :  0.081561741232872
Epoch :  73  rel.Train:  0.09971666085720063  rel.Test:  0.09588826298713685  abs.Test :  0.0792982006072998
Epoch :  74  rel.Train:  0.09202124083042144  rel.Test:  0.09148243665695191  abs.Test :  0.0756257176399231
Epoch :  75  rel.Train:  0.07773047888278961  rel.Test:  0.066980060338974  abs.Test :  0.055369216799736026
Epoch :  76  rel.Train:  0.06211011475324631  rel.Test:  0.05565518438816071  abs.Test :  0.04594128608703613
Epoch :  77  rel.Train:  0.054613488614559176  rel.Test:  0.06816198706626891  abs.Test :  0.05632173240184784
Epoch :  78  rel.Train:  0.05049939662218094  rel.Test:  0.04724116802215576  abs.Test :  0.0390399819612503
Epoch :  79  rel.Train:  0.045392613768577575  rel.Test:  0.03768266648054123  abs.Test :  0.03114660531282425
Epoch :  80  rel.Train:  0.04044003888964653  rel.Test:  0.03522972315549851  abs.Test :  0.029113875627517702
Epoch :  81  rel.Train:  0.04122836169600487  rel.Test:  0.03799248158931732  abs.Test :  0.03137389808893204
Epoch :  82  rel.Train:  0.038763790041208265  rel.Test:  0.040488439798355105  abs.Test :  0.033439095318317416
Epoch :  83  rel.Train:  0.03567942160367966  rel.Test:  0.03513219892978668  abs.Test :  0.02902061492204666
Epoch :  84  rel.Train:  0.03448976200819016  rel.Test:  0.03426681637763977  abs.Test :  0.02829732686281204
Epoch :  85  rel.Train:  0.033864198595285416  rel.Test:  0.0562992262840271  abs.Test :  0.04650255858898163
Epoch :  86  rel.Train:  0.03785063272714615  rel.Test:  0.03163875490427017  abs.Test :  0.0261439448595047
Epoch :  87  rel.Train:  0.03138369211554527  rel.Test:  0.031867977678775784  abs.Test :  0.02636205092072487
Epoch :  88  rel.Train:  0.03177749463915825  rel.Test:  0.031319154798984526  abs.Test :  0.025900713205337524
Epoch :  89  rel.Train:  0.030297208666801453  rel.Test:  0.035313054025173186  abs.Test :  0.029184768199920653
Epoch :  90  rel.Train:  0.03026405631005764  rel.Test:  0.028486994206905366  abs.Test :  0.02354517936706543
Epoch :  91  rel.Train:  0.02934000688791275  rel.Test:  0.029202228784561156  abs.Test :  0.024127903580665588
Epoch :  92  rel.Train:  0.02802414834499359  rel.Test:  0.030035116374492646  abs.Test :  0.024835729598999025
Epoch :  93  rel.Train:  0.025663166493177413  rel.Test:  0.025081968903541564  abs.Test :  0.020725391209125518
Epoch :  94  rel.Train:  0.027550996243953706  rel.Test:  0.026687740087509154  abs.Test :  0.022063204348087312
Epoch :  95  rel.Train:  0.02464864918589592  rel.Test:  0.04446605205535889  abs.Test :  0.03673917531967163
Epoch :  96  rel.Train:  0.028056909739971162  rel.Test:  0.03149930119514465  abs.Test :  0.02603613257408142
Epoch :  97  rel.Train:  0.024801837772130967  rel.Test:  0.026877754628658296  abs.Test :  0.022178801745176314
Epoch :  98  rel.Train:  0.02242527574300766  rel.Test:  0.028961923122406006  abs.Test :  0.023928877711296082
Epoch :  99  rel.Train:  0.02383071565628052  rel.Test:  0.028366906642913817  abs.Test :  0.023413326740264893
Epoch :  100  rel.Train:  0.025070478528738022  rel.Test:  0.024157558381557465  abs.Test :  0.019958359599113466
Epoch :  101  rel.Train:  0.02326278965175152  rel.Test:  0.02899030864238739  abs.Test :  0.023952919989824295
Epoch :  102  rel.Train:  0.02288328269124031  rel.Test:  0.02270211935043335  abs.Test :  0.018755628764629363
Epoch :  103  rel.Train:  0.021109912008047103  rel.Test:  0.025078283846378325  abs.Test :  0.020709244310855867
Epoch :  104  rel.Train:  0.023494189366698264  rel.Test:  0.02031859427690506  abs.Test :  0.016784266084432602
Epoch :  105  rel.Train:  0.02096200940012932  rel.Test:  0.03428060203790664  abs.Test :  0.02833657503128052
Epoch :  106  rel.Train:  0.02051218667626381  rel.Test:  0.027564063966274262  abs.Test :  0.02275892734527588
Epoch :  107  rel.Train:  0.022515183329582213  rel.Test:  0.017805745005607606  abs.Test :  0.01470624953508377
Epoch :  108  rel.Train:  0.02018124108016491  rel.Test:  0.02842167779803276  abs.Test :  0.02348918706178665
Epoch :  109  rel.Train:  0.020733127862215043  rel.Test:  0.022460530698299407  abs.Test :  0.01856396973133087
Epoch :  110  rel.Train:  0.020971432864665986  rel.Test:  0.017934619784355163  abs.Test :  0.014823585003614425
Epoch :  111  rel.Train:  0.017112417608499526  rel.Test:  0.021438167095184327  abs.Test :  0.01772308424115181
Epoch :  112  rel.Train:  0.021288549572229386  rel.Test:  0.01797980844974518  abs.Test :  0.014859471619129181
Epoch :  113  rel.Train:  0.018322621509432792  rel.Test:  0.01773592621088028  abs.Test :  0.014651319086551666
Epoch :  114  rel.Train:  0.01706739915907383  rel.Test:  0.022048088759183883  abs.Test :  0.01821871131658554
Epoch :  115  rel.Train:  0.0189052297770977  rel.Test:  0.01571236699819565  abs.Test :  0.012977400198578834
Epoch :  116  rel.Train:  0.016270392417907713  rel.Test:  0.01695985406637192  abs.Test :  0.014009450376033784
Epoch :  117  rel.Train:  0.0198336281478405  rel.Test:  0.020521690845489503  abs.Test :  0.01695617541670799
Epoch :  118  rel.Train:  0.01833387775719166  rel.Test:  0.015662570148706437  abs.Test :  0.012936574071645737
Epoch :  119  rel.Train:  0.016142181277275087  rel.Test:  0.01881440222263336  abs.Test :  0.015543612390756608
Epoch :  120  rel.Train:  0.016302912443876265  rel.Test:  0.0175228413939476  abs.Test :  0.014480859488248825
Epoch :  121  rel.Train:  0.017972071558237077  rel.Test:  0.025148671120405197  abs.Test :  0.0207893343269825
Epoch :  122  rel.Train:  0.017185008466243743  rel.Test:  0.019593593925237657  abs.Test :  0.01618196189403534
Epoch :  123  rel.Train:  0.016054069593548773  rel.Test:  0.020762841701507568  abs.Test :  0.0171586275100708
Epoch :  124  rel.Train:  0.017131848365068435  rel.Test:  0.02537430226802826  abs.Test :  0.020942324846982954
Epoch :  125  rel.Train:  0.016977390833199026  rel.Test:  0.016323264986276627  abs.Test :  0.013475892692804336
Epoch :  126  rel.Train:  0.014461975254118442  rel.Test:  0.014549617916345596  abs.Test :  0.01202172726392746
Epoch :  127  rel.Train:  0.015552906557917594  rel.Test:  0.016127500385046005  abs.Test :  0.013329182118177414
Epoch :  128  rel.Train:  0.016827786922454836  rel.Test:  0.02109719008207321  abs.Test :  0.0174451906979084
Epoch :  129  rel.Train:  0.01513403007388115  rel.Test:  0.020906371027231217  abs.Test :  0.017252209186553954
Epoch :  130  rel.Train:  0.017488448441028596  rel.Test:  0.0157269985973835  abs.Test :  0.012998589426279067
Epoch :  131  rel.Train:  0.01567698896676302  rel.Test:  0.015180937498807907  abs.Test :  0.012535694912075996
Epoch :  132  rel.Train:  0.015067576348781586  rel.Test:  0.029225430488586425  abs.Test :  0.024132159799337388
Epoch :  133  rel.Train:  0.017674697324633597  rel.Test:  0.023835520446300506  abs.Test :  0.019694400280714036
Epoch :  134  rel.Train:  0.016504400953650473  rel.Test:  0.018738231807947158  abs.Test :  0.015494137704372406
Epoch :  135  rel.Train:  0.016250833928585052  rel.Test:  0.02302045062184334  abs.Test :  0.01902290254831314
Epoch :  136  rel.Train:  0.017900954008102418  rel.Test:  0.024866425693035127  abs.Test :  0.020521229803562163
Epoch :  137  rel.Train:  0.017494977682828903  rel.Test:  0.02689866304397583  abs.Test :  0.022210175693035124
Epoch :  138  rel.Train:  0.01474876020848751  rel.Test:  0.013921626657247544  abs.Test :  0.011498342081904412
Epoch :  139  rel.Train:  0.012409718662500381  rel.Test:  0.01371350347995758  abs.Test :  0.01132510468363762
Epoch :  140  rel.Train:  0.0157667316198349  rel.Test:  0.015027998238801956  abs.Test :  0.012402386963367462
Epoch :  141  rel.Train:  0.014672500506043434  rel.Test:  0.02344089776277542  abs.Test :  0.019375247061252595
Epoch :  142  rel.Train:  0.014929095812141895  rel.Test:  0.012330055311322212  abs.Test :  0.010191372781991958
Epoch :  143  rel.Train:  0.013680577754974365  rel.Test:  0.016121231019496918  abs.Test :  0.013309683129191398
Epoch :  144  rel.Train:  0.014070437744259834  rel.Test:  0.01595434680581093  abs.Test :  0.013168416172266006
Epoch :  145  rel.Train:  0.015399049758911133  rel.Test:  0.020998124480247498  abs.Test :  0.017344111502170564
Epoch :  146  rel.Train:  0.01484592792391777  rel.Test:  0.014559314846992492  abs.Test :  0.012034149318933486
Epoch :  147  rel.Train:  0.013124341636896134  rel.Test:  0.019383794963359832  abs.Test :  0.016007199436426162
Epoch :  148  rel.Train:  0.014906168818473816  rel.Test:  0.016347957849502562  abs.Test :  0.013514867126941681
Epoch :  149  rel.Train:  0.013953349262475967  rel.Test:  0.014947644472122192  abs.Test :  0.012355690151453018
Epoch :  150  rel.Train:  0.014082657992839814  rel.Test:  0.0170827217400074  abs.Test :  0.01410515457391739
Epoch :  151  rel.Train:  0.013064442396163941  rel.Test:  0.013626738935709  abs.Test :  0.011257382854819298
Epoch :  152  rel.Train:  0.014158724576234818  rel.Test:  0.016701846718788146  abs.Test :  0.013797503709793092
Epoch :  153  rel.Train:  0.01274991299211979  rel.Test:  0.01443199634552002  abs.Test :  0.011917633414268493
Epoch :  154  rel.Train:  0.014836944863200188  rel.Test:  0.015474108308553695  abs.Test :  0.01278034009039402
Epoch :  155  rel.Train:  0.013069248855113983  rel.Test:  0.013514012694358826  abs.Test :  0.011165095195174217
Epoch :  156  rel.Train:  0.013838282197713853  rel.Test:  0.016630013585090638  abs.Test :  0.013722555190324783
Epoch :  157  rel.Train:  0.013103432267904282  rel.Test:  0.01150403469800949  abs.Test :  0.009500070810317993
Epoch :  158  rel.Train:  0.012144199751317501  rel.Test:  0.012697584331035613  abs.Test :  0.01049004763364792
Epoch :  159  rel.Train:  0.011737902149558067  rel.Test:  0.012498084530234337  abs.Test :  0.010327558442950248
Epoch :  160  rel.Train:  0.01281670844554901  rel.Test:  0.015099537968635559  abs.Test :  0.012471654117107392
Epoch :  161  rel.Train:  0.012558935813605785  rel.Test:  0.0172494076192379  abs.Test :  0.014245318621397019
Epoch :  162  rel.Train:  0.013317491501569748  rel.Test:  0.014071548581123352  abs.Test :  0.01161716178059578
Epoch :  163  rel.Train:  0.011900104582309723  rel.Test:  0.01739396721124649  abs.Test :  0.014369616508483887
Epoch :  164  rel.Train:  0.012136010318994523  rel.Test:  0.011093936935067177  abs.Test :  0.009161492437124252
Epoch :  165  rel.Train:  0.011424404665827751  rel.Test:  0.01366300642490387  abs.Test :  0.011278888061642647
Epoch :  166  rel.Train:  0.012449682503938676  rel.Test:  0.013332143425941467  abs.Test :  0.01101779356598854
Epoch :  167  rel.Train:  0.01205082169920206  rel.Test:  0.015224084705114365  abs.Test :  0.012573759406805038
Epoch :  168  rel.Train:  0.012711501762270927  rel.Test:  0.01290463723242283  abs.Test :  0.010659713223576546
Epoch :  169  rel.Train:  0.014151430934667588  rel.Test:  0.016495122760534286  abs.Test :  0.013614693582057953
Epoch :  170  rel.Train:  0.012252581246197224  rel.Test:  0.014553875029087067  abs.Test :  0.012025868743658066
Epoch :  171  rel.Train:  0.010595207646489144  rel.Test:  0.012294620051980018  abs.Test :  0.0101605324447155
Epoch :  172  rel.Train:  0.011410340070724487  rel.Test:  0.018002017140388488  abs.Test :  0.014870774745941163
Epoch :  173  rel.Train:  0.012944892659783363  rel.Test:  0.013509294986724853  abs.Test :  0.011165144592523575
Epoch :  174  rel.Train:  0.011819370113313198  rel.Test:  0.013598620146512985  abs.Test :  0.011240402460098267
Epoch :  175  rel.Train:  0.011765264853835106  rel.Test:  0.014276347458362579  abs.Test :  0.011805704385042191
Epoch :  176  rel.Train:  0.01231785798817873  rel.Test:  0.015260110199451447  abs.Test :  0.012609633132815361
Epoch :  177  rel.Train:  0.011192594155669212  rel.Test:  0.010956190675497055  abs.Test :  0.00905134692788124
Epoch :  178  rel.Train:  0.012331872403621673  rel.Test:  0.011072736084461212  abs.Test :  0.009144709929823875
Epoch :  179  rel.Train:  0.011934241600334645  rel.Test:  0.0110598686337471  abs.Test :  0.009135118424892426
Epoch :  180  rel.Train:  0.01161481898277998  rel.Test:  0.011890915483236312  abs.Test :  0.009824735075235368
Epoch :  181  rel.Train:  0.012299126021564006  rel.Test:  0.013099037930369378  abs.Test :  0.01082831509411335
Epoch :  182  rel.Train:  0.01099579368531704  rel.Test:  0.013927189409732818  abs.Test :  0.011496898606419564
Epoch :  183  rel.Train:  0.010794639490544796  rel.Test:  0.013998841941356659  abs.Test :  0.011560643166303635
Epoch :  184  rel.Train:  0.011425168670713902  rel.Test:  0.014600784331560136  abs.Test :  0.012070767804980278
Epoch :  185  rel.Train:  0.010835812836885452  rel.Test:  0.024204763025045394  abs.Test :  0.02001640319824219
Epoch :  186  rel.Train:  0.012444381684064865  rel.Test:  0.010829553604125977  abs.Test :  0.00894656166434288
Epoch :  187  rel.Train:  0.011099397614598274  rel.Test:  0.012199055179953575  abs.Test :  0.010078190565109254
Epoch :  188  rel.Train:  0.01215125648677349  rel.Test:  0.013160240054130554  abs.Test :  0.010878154709935188
Epoch :  189  rel.Train:  0.010863881453871727  rel.Test:  0.016913542747497557  abs.Test :  0.013981368243694305
Epoch :  190  rel.Train:  0.011838890217244625  rel.Test:  0.01316568911075592  abs.Test :  0.010868937745690345
Epoch :  191  rel.Train:  0.01081359764188528  rel.Test:  0.011960792392492293  abs.Test :  0.009890176802873612
Epoch :  192  rel.Train:  0.011073155201971531  rel.Test:  0.012243543863296508  abs.Test :  0.01011449694633484
Epoch :  193  rel.Train:  0.009844306498765946  rel.Test:  0.014337271600961685  abs.Test :  0.011841407716274262
Epoch :  194  rel.Train:  0.012019807383418082  rel.Test:  0.01509103074669838  abs.Test :  0.012477447018027306
Epoch :  195  rel.Train:  0.011178807541728019  rel.Test:  0.01031450018286705  abs.Test :  0.008526063486933709
Epoch :  196  rel.Train:  0.010044510945677758  rel.Test:  0.010702911168336868  abs.Test :  0.008840587288141251
Epoch :  197  rel.Train:  0.010178729504346848  rel.Test:  0.013290885835886002  abs.Test :  0.010977746322751045
Epoch :  198  rel.Train:  0.010996149525046349  rel.Test:  0.01597108066082001  abs.Test :  0.013185544162988663
Epoch :  199  rel.Train:  0.012538272246718407  rel.Test:  0.011189295947551726  abs.Test :  0.009245355278253556
Epoch :  200  rel.Train:  0.009732495665550232  rel.Test:  0.010968661308288575  abs.Test :  0.00906246192753315
Epoch :  201  rel.Train:  0.010310461580753326  rel.Test:  0.016709706783294677  abs.Test :  0.013802336305379867
Epoch :  202  rel.Train:  0.011367889888584613  rel.Test:  0.011364416182041169  abs.Test :  0.009387126490473748
Epoch :  203  rel.Train:  0.011260419681668282  rel.Test:  0.018585284352302552  abs.Test :  0.015345014780759812
Epoch :  204  rel.Train:  0.011271002106368541  rel.Test:  0.013770462572574615  abs.Test :  0.011369016766548157
Epoch :  205  rel.Train:  0.011147526107728482  rel.Test:  0.010961766093969346  abs.Test :  0.009060060530900955
Epoch :  206  rel.Train:  0.011005405947566032  rel.Test:  0.013165714144706726  abs.Test :  0.010876153856515884
Epoch :  207  rel.Train:  0.00962716606259346  rel.Test:  0.017567450702190398  abs.Test :  0.014506837874650956
Epoch :  208  rel.Train:  0.012937259420752526  rel.Test:  0.013083117827773095  abs.Test :  0.010811265185475349
Epoch :  209  rel.Train:  0.010064746893942355  rel.Test:  0.00987986609339714  abs.Test :  0.00816279962658882
Epoch :  210  rel.Train:  0.009716029077768326  rel.Test:  0.010978191941976547  abs.Test :  0.00907724916934967
Epoch :  211  rel.Train:  0.010483160272240638  rel.Test:  0.018218182772397996  abs.Test :  0.015053662657737731
Epoch :  212  rel.Train:  0.011374433048069477  rel.Test:  0.01171821229159832  abs.Test :  0.009679069593548775
Epoch :  213  rel.Train:  0.0100762627273798  rel.Test:  0.012720184475183487  abs.Test :  0.010505968332290649
Epoch :  214  rel.Train:  0.00971490417420864  rel.Test:  0.009941569864749908  abs.Test :  0.008215821906924247
Epoch :  215  rel.Train:  0.009804761961102486  rel.Test:  0.012423478066921234  abs.Test :  0.010273230150341988
Epoch :  216  rel.Train:  0.010812700122594833  rel.Test:  0.012159406393766403  abs.Test :  0.010046590119600296
Epoch :  217  rel.Train:  0.009546051979064942  rel.Test:  0.01592814311385155  abs.Test :  0.013166497498750686
Epoch :  218  rel.Train:  0.010204134322702885  rel.Test:  0.015955844670534135  abs.Test :  0.013189198821783066
Epoch :  219  rel.Train:  0.010346431404352189  rel.Test:  0.01091366782784462  abs.Test :  0.00901709422469139
Epoch :  220  rel.Train:  0.009943045049905777  rel.Test:  0.010601540058851243  abs.Test :  0.008757314756512641
Epoch :  221  rel.Train:  0.009358558386564254  rel.Test:  0.011099003925919533  abs.Test :  0.009176228418946266
Epoch :  222  rel.Train:  0.010063530251383781  rel.Test:  0.01260314904153347  abs.Test :  0.010422739461064338
Epoch :  223  rel.Train:  0.009937577217817307  rel.Test:  0.015488821417093276  abs.Test :  0.01279032826423645
Epoch :  224  rel.Train:  0.009757817342877388  rel.Test:  0.012172546684741974  abs.Test :  0.010051762759685516
Epoch :  225  rel.Train:  0.009734715670347213  rel.Test:  0.012687582075595855  abs.Test :  0.01048553094267845
Epoch :  226  rel.Train:  0.010233107723295689  rel.Test:  0.009533482566475869  abs.Test :  0.007877751290798186
Epoch :  227  rel.Train:  0.009075156182050705  rel.Test:  0.010590732619166375  abs.Test :  0.008751502707600594
Epoch :  228  rel.Train:  0.008495727136731147  rel.Test:  0.012233462110161781  abs.Test :  0.010114590525627137
Epoch :  229  rel.Train:  0.009826017610728741  rel.Test:  0.012041224092245102  abs.Test :  0.009949981421232223
Epoch :  230  rel.Train:  0.009844560995697976  rel.Test:  0.013881128430366516  abs.Test :  0.011473649740219116
Epoch :  231  rel.Train:  0.01101529923081398  rel.Test:  0.012072672471404075  abs.Test :  0.009982123374938964
Epoch :  232  rel.Train:  0.008949603371322156  rel.Test:  0.011122124642133713  abs.Test :  0.00919036827981472
Epoch :  233  rel.Train:  0.009730856850743293  rel.Test:  0.011199652701616287  abs.Test :  0.009245907664299011
Epoch :  234  rel.Train:  0.009692261219024658  rel.Test:  0.011445769965648651  abs.Test :  0.009456459283828735
Epoch :  235  rel.Train:  0.008433018162846565  rel.Test:  0.01024047315120697  abs.Test :  0.008461243361234666
Epoch :  236  rel.Train:  0.0093863715082407  rel.Test:  0.020022608637809754  abs.Test :  0.016552598625421525
Epoch :  237  rel.Train:  0.011878585889935494  rel.Test:  0.010676447823643685  abs.Test :  0.008823415860533715
Epoch :  238  rel.Train:  0.008428888313472271  rel.Test:  0.009063546285033227  abs.Test :  0.007488460615277291
Epoch :  239  rel.Train:  0.008820233091711998  rel.Test:  0.009911830648779868  abs.Test :  0.0081896885484457
Epoch :  240  rel.Train:  0.008344512097537518  rel.Test:  0.012350535243749619  abs.Test :  0.01021057814359665
Epoch :  241  rel.Train:  0.008814463324844837  rel.Test:  0.010163146704435348  abs.Test :  0.008395062536001205
Epoch :  242  rel.Train:  0.009397137060761451  rel.Test:  0.009605024307966233  abs.Test :  0.007941435351967811
Epoch :  243  rel.Train:  0.007897579543292522  rel.Test:  0.009770694449543952  abs.Test :  0.008075951039791108
Epoch :  244  rel.Train:  0.0075130009278655055  rel.Test:  0.011065319627523423  abs.Test :  0.009144143313169479
Epoch :  245  rel.Train:  0.00906417678296566  rel.Test:  0.01165583074092865  abs.Test :  0.009626320451498032
Epoch :  246  rel.Train:  0.009177932947874069  rel.Test:  0.012402423918247222  abs.Test :  0.010259502679109573
Epoch :  247  rel.Train:  0.010530233949422835  rel.Test:  0.012717782258987427  abs.Test :  0.010511279702186585
Epoch :  248  rel.Train:  0.00839217423647642  rel.Test:  0.010290963798761368  abs.Test :  0.008507434725761414
Epoch :  249  rel.Train:  0.008418360836803912  rel.Test:  0.010338693261146545  abs.Test :  0.00854545958340168
Epoch :  250  rel.Train:  0.00810566707700491  rel.Test:  0.010240818485617637  abs.Test :  0.008461371213197708
Epoch :  251  rel.Train:  0.00828713896870613  rel.Test:  0.012045696675777436  abs.Test :  0.009948465302586555
Epoch :  252  rel.Train:  0.010151695765554905  rel.Test:  0.011180345490574837  abs.Test :  0.009243220537900925
Epoch :  253  rel.Train:  0.008217741712927818  rel.Test:  0.012977908998727798  abs.Test :  0.010720641463994979
Epoch :  254  rel.Train:  0.009056090012192725  rel.Test:  0.010336528867483138  abs.Test :  0.008543418645858765
Epoch :  255  rel.Train:  0.008572000578045845  rel.Test:  0.01079137496650219  abs.Test :  0.008916935697197915
Epoch :  256  rel.Train:  0.008444561019539833  rel.Test:  0.011745897531509399  abs.Test :  0.009707060158252716
Epoch :  257  rel.Train:  0.008093956828117371  rel.Test:  0.009995676726102829  abs.Test :  0.008256978690624237
Epoch :  258  rel.Train:  0.007647460684180259  rel.Test:  0.010389716625213622  abs.Test :  0.008580129146575927
Epoch :  259  rel.Train:  0.00845734852552414  rel.Test:  0.009648479521274567  abs.Test :  0.007974908351898194
Epoch :  260  rel.Train:  0.008154085502028466  rel.Test:  0.011060202717781067  abs.Test :  0.009143226891756057
Epoch :  261  rel.Train:  0.008606204450130463  rel.Test:  0.01006499007344246  abs.Test :  0.008316633701324462
Epoch :  262  rel.Train:  0.008150849267840385  rel.Test:  0.01040879487991333  abs.Test :  0.0085973559319973
Epoch :  263  rel.Train:  0.008687782138586043  rel.Test:  0.009178495034575462  abs.Test :  0.007586691975593567
Epoch :  264  rel.Train:  0.00810674498975277  rel.Test:  0.013847387954592704  abs.Test :  0.011443987190723419
Epoch :  265  rel.Train:  0.008827983304858207  rel.Test:  0.009406774044036866  abs.Test :  0.007776641473174095
Epoch :  266  rel.Train:  0.008127224117517472  rel.Test:  0.010048805177211762  abs.Test :  0.008303499072790146
Epoch :  267  rel.Train:  0.008465566247701645  rel.Test:  0.009773716256022453  abs.Test :  0.008079131469130515
Epoch :  268  rel.Train:  0.007366875022649765  rel.Test:  0.009337214529514313  abs.Test :  0.007721953317523003
Epoch :  269  rel.Train:  0.006976331926882267  rel.Test:  0.008995610177516938  abs.Test :  0.007436991930007935
Epoch :  270  rel.Train:  0.0074657853245735165  rel.Test:  0.010251246243715286  abs.Test :  0.008470591828227044
Epoch :  271  rel.Train:  0.008168455958366395  rel.Test:  0.01089160218834877  abs.Test :  0.009004263281822205
Epoch :  272  rel.Train:  0.008097189828753472  rel.Test:  0.010422777086496353  abs.Test :  0.008611494079232215
Epoch :  273  rel.Train:  0.0077324298694729805  rel.Test:  0.010467473268508911  abs.Test :  0.00865297496318817
Epoch :  274  rel.Train:  0.0077559688687324525  rel.Test:  0.01127803698182106  abs.Test :  0.00932380124926567
Epoch :  275  rel.Train:  0.008347424045205117  rel.Test:  0.009837682992219925  abs.Test :  0.008132442831993103
Epoch :  276  rel.Train:  0.00803912302851677  rel.Test:  0.00958400510251522  abs.Test :  0.00792137548327446
Epoch :  277  rel.Train:  0.0072430576756596565  rel.Test:  0.010035610795021056  abs.Test :  0.008290750607848167
Epoch :  278  rel.Train:  0.007474852874875069  rel.Test:  0.011345050632953643  abs.Test :  0.009375353753566741
Epoch :  279  rel.Train:  0.007494498893618583  rel.Test:  0.009509014934301376  abs.Test :  0.007860893160104751
Epoch :  280  rel.Train:  0.00722109317779541  rel.Test:  0.008355682268738746  abs.Test :  0.006904164403676987
Epoch :  281  rel.Train:  0.008012003868818283  rel.Test:  0.010551724880933762  abs.Test :  0.008726574406027794
Epoch :  282  rel.Train:  0.008013718895614147  rel.Test:  0.01006073221564293  abs.Test :  0.008308700397610664
Epoch :  283  rel.Train:  0.007500403963029385  rel.Test:  0.008492122739553451  abs.Test :  0.0070210250467062
Epoch :  284  rel.Train:  0.006591551441699267  rel.Test:  0.009716867282986642  abs.Test :  0.008033298626542092
Epoch :  285  rel.Train:  0.007901729270815849  rel.Test:  0.0127035591006279  abs.Test :  0.010492850840091706
Epoch :  286  rel.Train:  0.007326781805604696  rel.Test:  0.008903534337878227  abs.Test :  0.007357467375695706
Epoch :  287  rel.Train:  0.007475800566375255  rel.Test:  0.012259511649608612  abs.Test :  0.010121078565716743
Epoch :  288  rel.Train:  0.008642356038093567  rel.Test:  0.010796874538064003  abs.Test :  0.008927658274769783
Epoch :  289  rel.Train:  0.0072640468403697015  rel.Test:  0.011638665646314621  abs.Test :  0.009614064395427703
Epoch :  290  rel.Train:  0.008173340603709221  rel.Test:  0.010834720134735108  abs.Test :  0.008955914601683617
Epoch :  291  rel.Train:  0.007823437310755252  rel.Test:  0.010307590514421462  abs.Test :  0.008518638387322426
Epoch :  292  rel.Train:  0.007475231617689133  rel.Test:  0.01225839763879776  abs.Test :  0.010130598992109299
Epoch :  293  rel.Train:  0.0074791724905371665  rel.Test:  0.009161525964736938  abs.Test :  0.0075715862214565275
Epoch :  294  rel.Train:  0.006312477700412274  rel.Test:  0.008957303315401077  abs.Test :  0.007404943704605102
Epoch :  295  rel.Train:  0.006597298756241798  rel.Test:  0.008119691982865334  abs.Test :  0.006712916642427445
Epoch :  296  rel.Train:  0.006313551425933838  rel.Test:  0.008756346181035041  abs.Test :  0.007235389277338982
Epoch :  297  rel.Train:  0.006337092772126198  rel.Test:  0.008802743181586265  abs.Test :  0.007273001298308372
Epoch :  298  rel.Train:  0.006552924092859029  rel.Test:  0.008872845768928527  abs.Test :  0.0073338992893695835
Epoch :  299  rel.Train:  0.006215420857071876  rel.Test:  0.008417715951800346  abs.Test :  0.0069590631872415544
Epoch :  300  rel.Train:  0.006836428634822369  rel.Test:  0.008784871101379394  abs.Test :  0.00726215161383152
Epoch :  301  rel.Train:  0.0068445572406053545  rel.Test:  0.01049965925514698  abs.Test :  0.008682706952095031
Epoch :  302  rel.Train:  0.007142604202032089  rel.Test:  0.008355689570307731  abs.Test :  0.006905828788876534
Epoch :  303  rel.Train:  0.006094978183507919  rel.Test:  0.01037788525223732  abs.Test :  0.008572601228952408
Epoch :  304  rel.Train:  0.006578071009367704  rel.Test:  0.008738373368978501  abs.Test :  0.007221312895417213
Epoch :  305  rel.Train:  0.006120595268905162  rel.Test:  0.008922108411788941  abs.Test :  0.007370939403772354
Epoch :  306  rel.Train:  0.007244189903140068  rel.Test:  0.009590287506580353  abs.Test :  0.00792218066751957
Epoch :  307  rel.Train:  0.0070261782705783845  rel.Test:  0.010904502123594284  abs.Test :  0.009019293934106826
Epoch :  308  rel.Train:  0.008224108330905438  rel.Test:  0.009153756946325302  abs.Test :  0.007564240545034409
Epoch :  309  rel.Train:  0.0069243013225495816  rel.Test:  0.010194035843014718  abs.Test :  0.008421182408928871
Epoch :  310  rel.Train:  0.0065420944839715955  rel.Test:  0.008727823123335839  abs.Test :  0.007216455340385437
Epoch :  311  rel.Train:  0.006820387177169323  rel.Test:  0.008514949008822442  abs.Test :  0.007039166577160358
Epoch :  312  rel.Train:  0.006042907372117042  rel.Test:  0.008420076593756676  abs.Test :  0.00696126751601696
Epoch :  313  rel.Train:  0.006166561510413885  rel.Test:  0.008539922162890434  abs.Test :  0.007058186009526252
Epoch :  314  rel.Train:  0.006225102618336678  rel.Test:  0.00874377578496933  abs.Test :  0.0072319632768630985
Epoch :  315  rel.Train:  0.006228254117071628  rel.Test:  0.008876898288726807  abs.Test :  0.007336851134896278
Epoch :  316  rel.Train:  0.006492125988006592  rel.Test:  0.008117775395512582  abs.Test :  0.006711044572293759
Epoch :  317  rel.Train:  0.006049231592565775  rel.Test:  0.008080310821533203  abs.Test :  0.006678605303168297
Epoch :  318  rel.Train:  0.006241338193416595  rel.Test:  0.007870211005210877  abs.Test :  0.006504723466932773
Epoch :  319  rel.Train:  0.006335928581655026  rel.Test:  0.013231077790260315  abs.Test :  0.010942362844944
Epoch :  320  rel.Train:  0.007035748608410358  rel.Test:  0.007748897150158882  abs.Test :  0.0064042298123240474
Epoch :  321  rel.Train:  0.005508092742413283  rel.Test:  0.00852496676146984  abs.Test :  0.007050960436463356
Epoch :  322  rel.Train:  0.005951852776110172  rel.Test:  0.0077235522866249086  abs.Test :  0.006384710669517517
Epoch :  323  rel.Train:  0.005519345372915268  rel.Test:  0.007900936678051949  abs.Test :  0.006530094221234322
Epoch :  324  rel.Train:  0.005528653912246227  rel.Test:  0.007321443036198616  abs.Test :  0.006054465770721436
Epoch :  325  rel.Train:  0.0052947568334639076  rel.Test:  0.0072813773155212405  abs.Test :  0.006019065454602242
Epoch :  326  rel.Train:  0.00566231643781066  rel.Test:  0.008745901212096214  abs.Test :  0.0072280454635620115
Epoch :  327  rel.Train:  0.005609188634902239  rel.Test:  0.007392750307917595  abs.Test :  0.006113169975578785
Epoch :  328  rel.Train:  0.005294660307466984  rel.Test:  0.008394792526960373  abs.Test :  0.006937875412404537
Epoch :  329  rel.Train:  0.005568688422441482  rel.Test:  0.007403050363063812  abs.Test :  0.006121493987739086
Epoch :  330  rel.Train:  0.005426987156271935  rel.Test:  0.008202031999826432  abs.Test :  0.006782250627875328
Epoch :  331  rel.Train:  0.005379341673105955  rel.Test:  0.007945793271064759  abs.Test :  0.006569709703326225
Epoch :  332  rel.Train:  0.0054234848991036415  rel.Test:  0.00811515912413597  abs.Test :  0.0067088668793439865
Epoch :  333  rel.Train:  0.00547006569057703  rel.Test:  0.0072987574338912965  abs.Test :  0.006033618859946728
Epoch :  334  rel.Train:  0.005381518915295601  rel.Test:  0.007697777003049851  abs.Test :  0.006363736540079117
Epoch :  335  rel.Train:  0.005609995361417532  rel.Test:  0.00877333976328373  abs.Test :  0.007255264669656754
Epoch :  336  rel.Train:  0.005760594438761472  rel.Test:  0.007573577091097832  abs.Test :  0.006261130347847938
Epoch :  337  rel.Train:  0.005249726057052612  rel.Test:  0.007635179758071899  abs.Test :  0.006311626359820366
Epoch :  338  rel.Train:  0.005692148972302675  rel.Test:  0.008853572979569435  abs.Test :  0.00732314646244049
Epoch :  339  rel.Train:  0.0061548749133944515  rel.Test:  0.008711352348327636  abs.Test :  0.0072022536024451255
Epoch :  340  rel.Train:  0.005409651972353459  rel.Test:  0.007694096341729164  abs.Test :  0.006361154615879059
Epoch :  341  rel.Train:  0.005635807242244482  rel.Test:  0.009929228499531746  abs.Test :  0.008206752091646195
Epoch :  342  rel.Train:  0.005978899702429772  rel.Test:  0.008711327612400056  abs.Test :  0.007197089269757271
Epoch :  343  rel.Train:  0.005403758816421032  rel.Test:  0.008032012581825256  abs.Test :  0.006642262786626816
Epoch :  344  rel.Train:  0.005457507733255625  rel.Test:  0.007664173692464828  abs.Test :  0.006334415972232819
Epoch :  345  rel.Train:  0.005021289549767971  rel.Test:  0.00768295057117939  abs.Test :  0.0063531515002250676
Epoch :  346  rel.Train:  0.004920813098549843  rel.Test:  0.008316655978560447  abs.Test :  0.006873666793107986
Epoch :  347  rel.Train:  0.005503030862659216  rel.Test:  0.0071182379126548765  abs.Test :  0.005884444266557693
Epoch :  348  rel.Train:  0.004930929481983185  rel.Test:  0.008159338682889938  abs.Test :  0.006741375103592873
Epoch :  349  rel.Train:  0.005270487487316132  rel.Test:  0.006999002099037171  abs.Test :  0.005786794871091842
Epoch :  350  rel.Train:  0.004778237786144018  rel.Test:  0.0069606884568929675  abs.Test :  0.0057552652433514595
Epoch :  351  rel.Train:  0.004658675432205201  rel.Test:  0.0076703370362520215  abs.Test :  0.006341410838067532
Epoch :  352  rel.Train:  0.004877414606511593  rel.Test:  0.008018077909946441  abs.Test :  0.006626455634832382
Epoch :  353  rel.Train:  0.004866650935262441  rel.Test:  0.00751251257956028  abs.Test :  0.006211081817746163
Epoch :  354  rel.Train:  0.004783471021801234  rel.Test:  0.007773995324969292  abs.Test :  0.006426524445414543
Epoch :  355  rel.Train:  0.004930311791598797  rel.Test:  0.007337187826633454  abs.Test :  0.006067670807242393
Epoch :  356  rel.Train:  0.00455726145207882  rel.Test:  0.007817600965499877  abs.Test :  0.006464537978172302
Epoch :  357  rel.Train:  0.004826414708048106  rel.Test:  0.00729025736451149  abs.Test :  0.006026764214038849
Epoch :  358  rel.Train:  0.00491797561943531  rel.Test:  0.007654455974698066  abs.Test :  0.006325085759162903
Epoch :  359  rel.Train:  0.005168299049139023  rel.Test:  0.007620740830898285  abs.Test :  0.00629881028085947
Epoch :  360  rel.Train:  0.004955141939222813  rel.Test:  0.006904596537351608  abs.Test :  0.005708531737327576
Epoch :  361  rel.Train:  0.004590374525636435  rel.Test:  0.007457902878522873  abs.Test :  0.006164856851100921
Epoch :  362  rel.Train:  0.004868531338870525  rel.Test:  0.009141058847308158  abs.Test :  0.007558782547712326
Epoch :  363  rel.Train:  0.004927082307636737  rel.Test:  0.0073807377368211744  abs.Test :  0.006102706082165241
Epoch :  364  rel.Train:  0.005117068462073803  rel.Test:  0.007221193090081215  abs.Test :  0.0059696916490793225
Epoch :  365  rel.Train:  0.004826824236661195  rel.Test:  0.007672993168234825  abs.Test :  0.006340964436531067
Epoch :  366  rel.Train:  0.004721685290336609  rel.Test:  0.007539182156324387  abs.Test :  0.006230025701224804
Epoch :  367  rel.Train:  0.004777789916843176  rel.Test:  0.0077240332961082455  abs.Test :  0.006385188736021519
Epoch :  368  rel.Train:  0.004983357764780522  rel.Test:  0.007589535638689995  abs.Test :  0.006274893954396248
Epoch :  369  rel.Train:  0.004439425989985466  rel.Test:  0.0071133444458246235  abs.Test :  0.005879682302474975
Epoch :  370  rel.Train:  0.004438658375293016  rel.Test:  0.007449232190847397  abs.Test :  0.006157178841531277
Epoch :  371  rel.Train:  0.0044140503481030465  rel.Test:  0.0074856548756361005  abs.Test :  0.006188254430890083
Epoch :  372  rel.Train:  0.004392316821962595  rel.Test:  0.006933522894978523  abs.Test :  0.005732681974768639
Epoch :  373  rel.Train:  0.004513746112585068  rel.Test:  0.007281641140580177  abs.Test :  0.0060209701210260395
Epoch :  374  rel.Train:  0.004410225685685873  rel.Test:  0.006923761889338493  abs.Test :  0.005725037902593612
Epoch :  375  rel.Train:  0.004274477995932102  rel.Test:  0.007102911546826363  abs.Test :  0.005874025337398052
Epoch :  376  rel.Train:  0.004227766193449497  rel.Test:  0.00688796304166317  abs.Test :  0.005696280188858509
Epoch :  377  rel.Train:  0.004406071115285158  rel.Test:  0.0070441638678312305  abs.Test :  0.005825806334614754
Epoch :  378  rel.Train:  0.004203534755855799  rel.Test:  0.00688054010272026  abs.Test :  0.005689198151230812
Epoch :  379  rel.Train:  0.004223940543830395  rel.Test:  0.006958991512656212  abs.Test :  0.005756044685840607
Epoch :  380  rel.Train:  0.004464656211435795  rel.Test:  0.007046811208128929  abs.Test :  0.00582647055387497
Epoch :  381  rel.Train:  0.00438262240588665  rel.Test:  0.00692092515528202  abs.Test :  0.005723669938743114
Epoch :  382  rel.Train:  0.004270077742636204  rel.Test:  0.0065595020353794095  abs.Test :  0.005424412861466408
Epoch :  383  rel.Train:  0.004035541150718927  rel.Test:  0.006951636821031571  abs.Test :  0.005747707858681679
Epoch :  384  rel.Train:  0.004257312789559364  rel.Test:  0.007044686377048493  abs.Test :  0.005825903341174126
Epoch :  385  rel.Train:  0.004113172210752964  rel.Test:  0.007411379367113113  abs.Test :  0.006126133166253567
Epoch :  386  rel.Train:  0.004902108773589134  rel.Test:  0.006806087344884872  abs.Test :  0.005627875663340092
Epoch :  387  rel.Train:  0.004646315366029739  rel.Test:  0.007372027337551117  abs.Test :  0.006096678748726845
Epoch :  388  rel.Train:  0.004114845283329487  rel.Test:  0.0068126031011343  abs.Test :  0.005632992908358574
Epoch :  389  rel.Train:  0.003980067938566208  rel.Test:  0.0067771046608686445  abs.Test :  0.005605748370289803
Epoch :  390  rel.Train:  0.0040934540592134  rel.Test:  0.0065893749892711635  abs.Test :  0.005448365211486816
Epoch :  391  rel.Train:  0.004283027224242687  rel.Test:  0.006952531412243843  abs.Test :  0.0057493380829691885
Epoch :  392  rel.Train:  0.004171697106212378  rel.Test:  0.007079586759209633  abs.Test :  0.005855231992900372
Epoch :  393  rel.Train:  0.004297708813101053  rel.Test:  0.006719261333346367  abs.Test :  0.005556882992386818
Epoch :  394  rel.Train:  0.00393789990991354  rel.Test:  0.006633699685335159  abs.Test :  0.0054861951246857645
Epoch :  395  rel.Train:  0.0038147574365139008  rel.Test:  0.006662335842847824  abs.Test :  0.005510491654276848
Epoch :  396  rel.Train:  0.003796679228544235  rel.Test:  0.00675436120480299  abs.Test :  0.005586506947875023
Epoch :  397  rel.Train:  0.0038004755936563014  rel.Test:  0.006792256273329258  abs.Test :  0.005617690607905388
Epoch :  398  rel.Train:  0.003764721293002367  rel.Test:  0.006476000770926475  abs.Test :  0.005355069786310196
Epoch :  399  rel.Train:  0.003712116654962301  rel.Test:  0.006535863131284713  abs.Test :  0.005404889062047005
Epoch :  400  rel.Train:  0.0036874728947877884  rel.Test:  0.006475805900990963  abs.Test :  0.005354610867798328
Epoch :  401  rel.Train:  0.004005903713405133  rel.Test:  0.006748504750430584  abs.Test :  0.00558162085711956
Epoch :  402  rel.Train:  0.0038667145147919654  rel.Test:  0.006602710708975792  abs.Test :  0.005460236817598343
Epoch :  403  rel.Train:  0.003723713226616383  rel.Test:  0.006545066758990288  abs.Test :  0.005413938499987126
Epoch :  404  rel.Train:  0.00361554391682148  rel.Test:  0.006426387876272202  abs.Test :  0.005315511897206307
Epoch :  405  rel.Train:  0.00378401006013155  rel.Test:  0.006507794782519341  abs.Test :  0.005382073521614075
Epoch :  406  rel.Train:  0.003752693049609661  rel.Test:  0.006685539707541465  abs.Test :  0.005530169866979122
Epoch :  407  rel.Train:  0.0036966873407363893  rel.Test:  0.006716173589229584  abs.Test :  0.005555121749639511
Epoch :  408  rel.Train:  0.003791805051267147  rel.Test:  0.0064618907868862156  abs.Test :  0.005344205200672149
Epoch :  409  rel.Train:  0.003649024095386267  rel.Test:  0.006741450801491737  abs.Test :  0.0055755492672324184
Epoch :  410  rel.Train:  0.003653606675565243  rel.Test:  0.0065051111951470375  abs.Test :  0.005380294062197208
Epoch :  411  rel.Train:  0.0037242856472730636  rel.Test:  0.006504968702793121  abs.Test :  0.005379132926464081
Epoch :  412  rel.Train:  0.0038744375631213188  rel.Test:  0.006488058008253575  abs.Test :  0.005365885496139526
Epoch :  413  rel.Train:  0.0036966691575944424  rel.Test:  0.006516715548932552  abs.Test :  0.005390252470970153
Epoch :  414  rel.Train:  0.003564816564321518  rel.Test:  0.006321003213524818  abs.Test :  0.0052276190370321276
Epoch :  415  rel.Train:  0.003574010316282511  rel.Test:  0.006451358161866665  abs.Test :  0.005336509719491005
Epoch :  416  rel.Train:  0.0036553081311285498  rel.Test:  0.006379996575415135  abs.Test :  0.005277421325445175
Epoch :  417  rel.Train:  0.0036358846724033355  rel.Test:  0.006344430297613144  abs.Test :  0.00524758443236351
Epoch :  418  rel.Train:  0.003526962503790855  rel.Test:  0.006263328976929188  abs.Test :  0.005180029533803463
Epoch :  419  rel.Train:  0.0035768496096134188  rel.Test:  0.006469946354627609  abs.Test :  0.005351391360163688
Epoch :  420  rel.Train:  0.0035611787885427475  rel.Test:  0.006321588605642319  abs.Test :  0.0052291184291243555
Epoch :  421  rel.Train:  0.003588942162692547  rel.Test:  0.006681016087532044  abs.Test :  0.005527431666851043
Epoch :  422  rel.Train:  0.0035968920961022377  rel.Test:  0.006403932943940162  abs.Test :  0.0052965345606207845
Epoch :  423  rel.Train:  0.003602079413831234  rel.Test:  0.006191471554338932  abs.Test :  0.005120704881846905
Epoch :  424  rel.Train:  0.0034886474609375  rel.Test:  0.006428667157888412  abs.Test :  0.005317767933011055
Epoch :  425  rel.Train:  0.003469083908945322  rel.Test:  0.006382507309317589  abs.Test :  0.005279601737856865
Epoch :  426  rel.Train:  0.003553827751427889  rel.Test:  0.006631527692079544  abs.Test :  0.005486066713929177
Epoch :  427  rel.Train:  0.003593927640467882  rel.Test:  0.006424000337719917  abs.Test :  0.005313131473958493
Epoch :  428  rel.Train:  0.0036076392270624636  rel.Test:  0.006458216905593872  abs.Test :  0.005342969819903374
Epoch :  429  rel.Train:  0.0034491404034197332  rel.Test:  0.00630390927195549  abs.Test :  0.005214629657566547
Epoch :  430  rel.Train:  0.0034086592346429826  rel.Test:  0.006234920248389244  abs.Test :  0.005157857649028302
Epoch :  431  rel.Train:  0.003462581645697355  rel.Test:  0.006444878540933132  abs.Test :  0.005331085324287415
Epoch :  432  rel.Train:  0.0035656633488833902  rel.Test:  0.006345645226538181  abs.Test :  0.005248914733529091
Epoch :  433  rel.Train:  0.003391609847545624  rel.Test:  0.0064944872632622715  abs.Test :  0.0053734066337347034
Epoch :  434  rel.Train:  0.0034100998416543007  rel.Test:  0.006425950713455677  abs.Test :  0.00531646553426981
Epoch :  435  rel.Train:  0.0034806192368268965  rel.Test:  0.006258042156696319  abs.Test :  0.005176674351096153
Epoch :  436  rel.Train:  0.003431971900165081  rel.Test:  0.006310210451483726  abs.Test :  0.0052202951908111575
Epoch :  437  rel.Train:  0.0034606749024242165  rel.Test:  0.006274580769240856  abs.Test :  0.00519049234688282
Epoch :  438  rel.Train:  0.003408579122275114  rel.Test:  0.006229505315423012  abs.Test :  0.005153536051511765
Epoch :  439  rel.Train:  0.0033843213617801666  rel.Test:  0.006423039138317108  abs.Test :  0.005313453748822212
Epoch :  440  rel.Train:  0.0034794037546962498  rel.Test:  0.006291158944368363  abs.Test :  0.005204424411058426
Epoch :  441  rel.Train:  0.003412495531141758  rel.Test:  0.006310025379061699  abs.Test :  0.005219788625836373
Epoch :  442  rel.Train:  0.003339976780116558  rel.Test:  0.006192456185817719  abs.Test :  0.0051222206652164455
Epoch :  443  rel.Train:  0.0033557947110384703  rel.Test:  0.00636104192584753  abs.Test :  0.0052624096721410754
Epoch :  444  rel.Train:  0.003388462021946907  rel.Test:  0.006296881623566151  abs.Test :  0.005208740010857582
Epoch :  445  rel.Train:  0.0033731090109795333  rel.Test:  0.0063304990530014035  abs.Test :  0.0052360504120588305
Epoch :  446  rel.Train:  0.00343016355112195  rel.Test:  0.006373577006161213  abs.Test :  0.005272476002573967
Epoch :  447  rel.Train:  0.003358533438295126  rel.Test:  0.006208684518933296  abs.Test :  0.005135852470993995
Epoch :  448  rel.Train:  0.0033033821135759352  rel.Test:  0.006201616041362285  abs.Test :  0.0051303660124540325
Epoch :  449  rel.Train:  0.00332973538339138  rel.Test:  0.006207552626729011  abs.Test :  0.00513461884111166
Epoch :  450  rel.Train:  0.0033129957690835  rel.Test:  0.0062087588012218475  abs.Test :  0.005135607086122036
Epoch :  451  rel.Train:  0.0033533836528658865  rel.Test:  0.00621499128639698  abs.Test :  0.0051410853862762455
Epoch :  452  rel.Train:  0.003290950782597065  rel.Test:  0.006168950572609902  abs.Test :  0.005102958530187607
Epoch :  453  rel.Train:  0.0032680594399571417  rel.Test:  0.0062064117193222045  abs.Test :  0.005134619250893593
Epoch :  454  rel.Train:  0.003277179550379515  rel.Test:  0.006153435036540031  abs.Test :  0.005090088993310929
Epoch :  455  rel.Train:  0.003262471893802285  rel.Test:  0.0061384857445955275  abs.Test :  0.005077677927911282
Epoch :  456  rel.Train:  0.003256068967282772  rel.Test:  0.006159280017018318  abs.Test :  0.0050950714945793155
Epoch :  457  rel.Train:  0.003272672154009342  rel.Test:  0.006232271306216717  abs.Test :  0.005155670382082462
Epoch :  458  rel.Train:  0.003281765416264534  rel.Test:  0.006228085234761238  abs.Test :  0.0051519195735454555
Epoch :  459  rel.Train:  0.0032974605038762093  rel.Test:  0.0061888587474823  abs.Test :  0.005119446963071823
Epoch :  460  rel.Train:  0.003248600423336029  rel.Test:  0.006192631684243679  abs.Test :  0.005122062042355538
Epoch :  461  rel.Train:  0.003250074177980423  rel.Test:  0.0061515998467803  abs.Test :  0.005088850259780884
Epoch :  462  rel.Train:  0.0032477473374456166  rel.Test:  0.006208369173109531  abs.Test :  0.00513553611934185
Epoch :  463  rel.Train:  0.0032444102540612222  rel.Test:  0.006250091791152954  abs.Test :  0.005170396566390991
Epoch :  464  rel.Train:  0.0032627377044409512  rel.Test:  0.0061685948073863985  abs.Test :  0.005102267004549504
Epoch :  465  rel.Train:  0.0032314786911010742  rel.Test:  0.006247118860483169  abs.Test :  0.005167622528970242
Epoch :  466  rel.Train:  0.0032257377952337263  rel.Test:  0.006155747473239898  abs.Test :  0.005092227533459663
Epoch :  467  rel.Train:  0.003223682776093483  rel.Test:  0.00621297761797905  abs.Test :  0.005139977186918259
Epoch :  468  rel.Train:  0.0032092779353260995  rel.Test:  0.006199502348899841  abs.Test :  0.005128939971327782
Epoch :  469  rel.Train:  0.0032031126488000156  rel.Test:  0.00615561805665493  abs.Test :  0.005092016607522965
Epoch :  470  rel.Train:  0.0032184698209166526  rel.Test:  0.0061781653761863705  abs.Test :  0.005110954567790031
Epoch :  471  rel.Train:  0.003223954662680626  rel.Test:  0.00622832752764225  abs.Test :  0.005152240172028541
Epoch :  472  rel.Train:  0.0032165750302374364  rel.Test:  0.0061380285769701  abs.Test :  0.00507735587656498
Epoch :  473  rel.Train:  0.003211919687688351  rel.Test:  0.00618722565472126  abs.Test :  0.005118301063776016
Epoch :  474  rel.Train:  0.00321798836812377  rel.Test:  0.0062049455568194386  abs.Test :  0.00513331450521946
Epoch :  475  rel.Train:  0.00323082784563303  rel.Test:  0.006164367794990539  abs.Test :  0.005099371522665024
Epoch :  476  rel.Train:  0.0031902045495808126  rel.Test:  0.006219601817429065  abs.Test :  0.005145375914871693
Epoch :  477  rel.Train:  0.003223969340324402  rel.Test:  0.006240088269114494  abs.Test :  0.00516240257769823
Epoch :  478  rel.Train:  0.003194932445883751  rel.Test:  0.006137651279568672  abs.Test :  0.005077287405729294
Epoch :  479  rel.Train:  0.0032082516178488733  rel.Test:  0.00615063838660717  abs.Test :  0.005088032558560372
Epoch :  480  rel.Train:  0.003189569680020213  rel.Test:  0.006133517697453499  abs.Test :  0.0050741124153137205
Epoch :  481  rel.Train:  0.003193854294717312  rel.Test:  0.006112215593457222  abs.Test :  0.005056400783360004
Epoch :  482  rel.Train:  0.0031935532353818416  rel.Test:  0.006155556738376617  abs.Test :  0.005092268064618111
Epoch :  483  rel.Train:  0.003179963283240795  rel.Test:  0.00613692119717598  abs.Test :  0.005076915957033634
Epoch :  484  rel.Train:  0.0031826368272304534  rel.Test:  0.006137095391750336  abs.Test :  0.005077151879668236
Epoch :  485  rel.Train:  0.0031915641520172356  rel.Test:  0.006168306395411491  abs.Test :  0.005103261396288872
Epoch :  486  rel.Train:  0.0031861789375543592  rel.Test:  0.0061495122313499455  abs.Test :  0.005087331086397171
Epoch :  487  rel.Train:  0.0031835677102208136  rel.Test:  0.006167865023016929  abs.Test :  0.005102587603032589
Epoch :  488  rel.Train:  0.0031901502609252928  rel.Test:  0.006156241670250893  abs.Test :  0.00509295217692852
Epoch :  489  rel.Train:  0.0031834242194890977  rel.Test:  0.006211268603801727  abs.Test :  0.005138871781527996
Epoch :  490  rel.Train:  0.003184566218405962  rel.Test:  0.006147842183709145  abs.Test :  0.005085923820734024
Epoch :  491  rel.Train:  0.003186197964474559  rel.Test:  0.006126227267086506  abs.Test :  0.0050682596117258075
Epoch :  492  rel.Train:  0.003200235469266772  rel.Test:  0.006128937974572182  abs.Test :  0.005069897100329399
Epoch :  493  rel.Train:  0.0031923143938183784  rel.Test:  0.006125916689634323  abs.Test :  0.005067872554063797
Epoch :  494  rel.Train:  0.003186092257499695  rel.Test:  0.006146641336381435  abs.Test :  0.005085191875696182
Epoch :  495  rel.Train:  0.0031912919282913207  rel.Test:  0.006084118634462356  abs.Test :  0.005033065229654312
Epoch :  496  rel.Train:  0.003187017051503062  rel.Test:  0.006118110343813896  abs.Test :  0.005061222612857819
Epoch :  497  rel.Train:  0.003174358494579792  rel.Test:  0.006132358536124229  abs.Test :  0.005072963163256645
Epoch :  498  rel.Train:  0.00317932790517807  rel.Test:  0.006156143844127655  abs.Test :  0.005092754475772381
Epoch :  499  rel.Train:  0.0031662251502275465  rel.Test:  0.0061203987896442415  abs.Test :  0.00506291076540947
