original data: in (2490, 221, 51, 2) out (2490, 221, 51)
used data: x_train (1000, 11271, 4) y_train (1000, 11271, 1) x_test (200, 11271, 4) y_test (200, 11271, 1)
############################################################ config of data ############################################################
type: graph
neighbor_size: 5
L: 1.0
downsample_ratio: 1
n_train: 1000
n_test: 200
pca_include_input: False
pca_include_grid: False
should_include_grid: False
should_include_F: False
should_flatten: True
should_compute_bases: False
############################################################ config of model ############################################################
in_dim: 4
out_dim: 1
fc_channels: 64
layer_channels: [64, 64, 64, 64, 64]
act: gelu
############################################################ config of train ############################################################
device: cuda
normalization_x: True
normalization_y: True
normalization_dim: []
epochs: 500
batch_size: 30
scheduler: OneCycleLR
base_lr: 0.001
weight_decay: 0.0001
milestones: None
scheduler_gamma: None
############################################################ Start Training ############################################################
number of parameters is 71105
no boundary loss
epoch0  rel.Train: 0.14608151876926423  rel.Test: 0.13054706692695617  abs.Test: 0.10797876298427582  abs.TestBoundary: 0j  time: 29.87376512098126
epoch1  rel.Train: 0.12933693063259125  rel.Test: 0.12114654302597046  abs.Test: 0.10018261730670928  abs.TestBoundary: 0j  time: 24.12440480000805
epoch2  rel.Train: 0.12304645502567291  rel.Test: 0.11690379500389099  abs.Test: 0.0966824859380722  abs.TestBoundary: 0j  time: 24.15214513905812
epoch3  rel.Train: 0.1205756950378418  rel.Test: 0.11640254974365234  abs.Test: 0.09626902520656586  abs.TestBoundary: 0j  time: 24.135285514988936
epoch4  rel.Train: 0.11979697144031524  rel.Test: 0.11537238359451293  abs.Test: 0.09540479838848114  abs.TestBoundary: 0j  time: 24.145021362928674
epoch5  rel.Train: 0.11845606660842896  rel.Test: 0.1133528220653534  abs.Test: 0.09373809516429901  abs.TestBoundary: 0j  time: 24.14277056104038
epoch6  rel.Train: 0.11617067456245422  rel.Test: 0.11066881477832795  abs.Test: 0.09153136074542999  abs.TestBoundary: 0j  time: 24.168628284009174
epoch7  rel.Train: 0.1131780412197113  rel.Test: 0.10899543225765228  abs.Test: 0.09012474536895752  abs.TestBoundary: 0j  time: 24.37394173897337
epoch8  rel.Train: 0.10985202765464783  rel.Test: 0.10485137343406677  abs.Test: 0.08669979512691497  abs.TestBoundary: 0j  time: 24.24604921299033
epoch9  rel.Train: 0.10697027492523194  rel.Test: 0.10352839529514313  abs.Test: 0.08562576055526733  abs.TestBoundary: 0j  time: 24.23580667504575
epoch10  rel.Train: 0.1052841579914093  rel.Test: 0.10140330016613007  abs.Test: 0.08386418223381042  abs.TestBoundary: 0j  time: 24.19733620691113
epoch11  rel.Train: 0.10419617915153503  rel.Test: 0.10152904748916626  abs.Test: 0.08394797801971436  abs.TestBoundary: 0j  time: 24.1970483569894
epoch12  rel.Train: 0.10372285556793213  rel.Test: 0.10042727708816529  abs.Test: 0.08304800927639007  abs.TestBoundary: 0j  time: 24.270080990041606
epoch13  rel.Train: 0.10336840343475341  rel.Test: 0.10029941082000732  abs.Test: 0.08293508589267731  abs.TestBoundary: 0j  time: 24.256445283070207
epoch14  rel.Train: 0.10279642510414123  rel.Test: 0.10177558064460754  abs.Test: 0.08415101945400238  abs.TestBoundary: 0j  time: 24.297341124969535
epoch15  rel.Train: 0.10298557615280152  rel.Test: 0.09966608881950378  abs.Test: 0.08241286993026734  abs.TestBoundary: 0j  time: 24.29703249305021
epoch16  rel.Train: 0.10254139530658722  rel.Test: 0.09997738361358642  abs.Test: 0.08269029915332794  abs.TestBoundary: 0j  time: 24.248438002076
epoch17  rel.Train: 0.10249578630924225  rel.Test: 0.10011845827102661  abs.Test: 0.08278256177902221  abs.TestBoundary: 0j  time: 24.313507457030937
epoch18  rel.Train: 0.10282636868953705  rel.Test: 0.10055650115013122  abs.Test: 0.08315407812595367  abs.TestBoundary: 0j  time: 24.322542059002444
epoch19  rel.Train: 0.10275482511520385  rel.Test: 0.10153893113136292  abs.Test: 0.08395996689796448  abs.TestBoundary: 0j  time: 24.347931531025097
epoch20  rel.Train: 0.10272139865159989  rel.Test: 0.10050502002239227  abs.Test: 0.08311216711997986  abs.TestBoundary: 0j  time: 24.26576521701645
epoch21  rel.Train: 0.10245487248897553  rel.Test: 0.09948718190193176  abs.Test: 0.0822772228717804  abs.TestBoundary: 0j  time: 24.30088919494301
epoch22  rel.Train: 0.10231423407793044  rel.Test: 0.09954572558403015  abs.Test: 0.08233131885528565  abs.TestBoundary: 0j  time: 24.23658389400225
epoch23  rel.Train: 0.10241419970989227  rel.Test: 0.099815873503685  abs.Test: 0.08254121661186219  abs.TestBoundary: 0j  time: 24.211599746951833
epoch24  rel.Train: 0.10185297632217408  rel.Test: 0.09841456472873687  abs.Test: 0.08138304173946381  abs.TestBoundary: 0j  time: 24.209438832942396
epoch25  rel.Train: 0.1017480092048645  rel.Test: 0.09969861388206482  abs.Test: 0.08245782434940338  abs.TestBoundary: 0j  time: 24.22743041301146
epoch26  rel.Train: 0.10114397042989731  rel.Test: 0.09843451976776123  abs.Test: 0.08139807581901551  abs.TestBoundary: 0j  time: 24.24504768406041
epoch27  rel.Train: 0.10122835099697113  rel.Test: 0.09803569197654724  abs.Test: 0.08108623027801513  abs.TestBoundary: 0j  time: 24.21917040005792
epoch28  rel.Train: 0.10132109147310257  rel.Test: 0.09735742092132568  abs.Test: 0.08054151892662048  abs.TestBoundary: 0j  time: 24.213757690042257
epoch29  rel.Train: 0.10174787753820419  rel.Test: 0.09924017071723938  abs.Test: 0.08203931331634522  abs.TestBoundary: 0j  time: 24.23095930798445
epoch30  rel.Train: 0.10054945349693298  rel.Test: 0.10139398634433747  abs.Test: 0.08383270919322967  abs.TestBoundary: 0j  time: 24.310011151013896
epoch31  rel.Train: 0.10015907621383667  rel.Test: 0.10166369140148163  abs.Test: 0.08401198267936706  abs.TestBoundary: 0j  time: 24.36932713794522
epoch32  rel.Train: 0.1005536338686943  rel.Test: 0.09895009756088256  abs.Test: 0.08187630295753479  abs.TestBoundary: 0j  time: 24.300186658045277
epoch33  rel.Train: 0.09995281124114991  rel.Test: 0.10852048873901367  abs.Test: 0.08966889917850494  abs.TestBoundary: 0j  time: 24.247841464006342
epoch34  rel.Train: 0.10076156568527221  rel.Test: 0.09524019002914429  abs.Test: 0.07874778807163238  abs.TestBoundary: 0j  time: 24.25628366798628
epoch35  rel.Train: 0.09736634469032288  rel.Test: 0.09267849206924439  abs.Test: 0.07663199126720428  abs.TestBoundary: 0j  time: 24.304631161969155
epoch36  rel.Train: 0.09545692193508148  rel.Test: 0.09323937773704528  abs.Test: 0.07712415039539337  abs.TestBoundary: 0j  time: 24.291589075000957
epoch37  rel.Train: 0.0971540606021881  rel.Test: 0.09579310715198516  abs.Test: 0.07919060051441193  abs.TestBoundary: 0j  time: 24.29105206998065
epoch38  rel.Train: 0.09683934199810028  rel.Test: 0.09712506949901581  abs.Test: 0.08029435336589813  abs.TestBoundary: 0j  time: 24.212267158087343
epoch39  rel.Train: 0.09675663793087005  rel.Test: 0.09371649324893952  abs.Test: 0.07750850796699524  abs.TestBoundary: 0j  time: 24.201493881060742
epoch40  rel.Train: 0.09421570861339569  rel.Test: 0.09008132934570312  abs.Test: 0.07449143588542938  abs.TestBoundary: 0j  time: 24.1883490170585
epoch41  rel.Train: 0.0924667308330536  rel.Test: 0.09225955843925476  abs.Test: 0.07629446864128113  abs.TestBoundary: 0j  time: 24.30666545103304
epoch42  rel.Train: 0.09240538597106934  rel.Test: 0.08807693004608154  abs.Test: 0.07283356070518493  abs.TestBoundary: 0j  time: 24.20377262600232
epoch43  rel.Train: 0.09169102191925049  rel.Test: 0.0916629683971405  abs.Test: 0.07579085230827332  abs.TestBoundary: 0j  time: 24.221651735017076
epoch44  rel.Train: 0.09300407034158707  rel.Test: 0.09403788268566132  abs.Test: 0.07773563027381897  abs.TestBoundary: 0j  time: 24.21566063701175
epoch45  rel.Train: 0.09109279465675355  rel.Test: 0.08714570105075836  abs.Test: 0.07204938769340515  abs.TestBoundary: 0j  time: 24.235320586944
epoch46  rel.Train: 0.08962854421138763  rel.Test: 0.09042189300060272  abs.Test: 0.07477552473545074  abs.TestBoundary: 0j  time: 24.290493031963706
epoch47  rel.Train: 0.09000711846351624  rel.Test: 0.10212909638881683  abs.Test: 0.08438045918941497  abs.TestBoundary: 0j  time: 24.35526956897229
epoch48  rel.Train: 0.09141289138793945  rel.Test: 0.08719463348388672  abs.Test: 0.07212050557136536  abs.TestBoundary: 0j  time: 24.314843966974877
epoch49  rel.Train: 0.0883271541595459  rel.Test: 0.08593621611595154  abs.Test: 0.07104974508285522  abs.TestBoundary: 0j  time: 24.20061934099067
epoch50  rel.Train: 0.08772029155492783  rel.Test: 0.09072214901447297  abs.Test: 0.07497623682022095  abs.TestBoundary: 0j  time: 24.255273267044686
epoch51  rel.Train: 0.08985124897956848  rel.Test: 0.0838275146484375  abs.Test: 0.06933053493499756  abs.TestBoundary: 0j  time: 24.2975830930518
epoch52  rel.Train: 0.08714012348651887  rel.Test: 0.09480950772762299  abs.Test: 0.07835784792900086  abs.TestBoundary: 0j  time: 24.319882870069705
epoch53  rel.Train: 0.08662966358661651  rel.Test: 0.08816524982452392  abs.Test: 0.07287944138050079  abs.TestBoundary: 0j  time: 24.311054567922838
epoch54  rel.Train: 0.0863683602809906  rel.Test: 0.08592436552047729  abs.Test: 0.07104963719844819  abs.TestBoundary: 0j  time: 24.284302616957575
epoch55  rel.Train: 0.08418718796968461  rel.Test: 0.07867030441761017  abs.Test: 0.06505457043647767  abs.TestBoundary: 0j  time: 24.372272104024887
epoch56  rel.Train: 0.08109266489744187  rel.Test: 0.08185006201267242  abs.Test: 0.06765479445457459  abs.TestBoundary: 0j  time: 24.346888717031106
epoch57  rel.Train: 0.08183973342180252  rel.Test: 0.08527793228626251  abs.Test: 0.07047310531139374  abs.TestBoundary: 0j  time: 24.33135248092003
epoch58  rel.Train: 0.08077181833982468  rel.Test: 0.08475621104240418  abs.Test: 0.07002925872802734  abs.TestBoundary: 0j  time: 24.270905507029966
epoch59  rel.Train: 0.08314033651351929  rel.Test: 0.0800903570652008  abs.Test: 0.06621392726898194  abs.TestBoundary: 0j  time: 24.318030945956707
epoch60  rel.Train: 0.07959854292869568  rel.Test: 0.08048326313495636  abs.Test: 0.06654893279075623  abs.TestBoundary: 0j  time: 24.234805619926192
epoch61  rel.Train: 0.07878848969936371  rel.Test: 0.07894830703735352  abs.Test: 0.06528554499149322  abs.TestBoundary: 0j  time: 24.2489952709293
epoch62  rel.Train: 0.080523432970047  rel.Test: 0.08781785249710083  abs.Test: 0.07260627150535584  abs.TestBoundary: 0j  time: 24.23487640498206
epoch63  rel.Train: 0.07943847841024398  rel.Test: 0.09173250257968903  abs.Test: 0.07577042579650879  abs.TestBoundary: 0j  time: 24.198230802081525
epoch64  rel.Train: 0.07946058362722397  rel.Test: 0.08035963773727417  abs.Test: 0.06640762746334077  abs.TestBoundary: 0j  time: 24.152638325002044
epoch65  rel.Train: 0.07696618521213532  rel.Test: 0.07499070584774017  abs.Test: 0.06200818717479706  abs.TestBoundary: 0j  time: 24.106695660972036
epoch66  rel.Train: 0.07515568149089813  rel.Test: 0.07579575300216675  abs.Test: 0.06265312254428863  abs.TestBoundary: 0j  time: 24.152459383942187
epoch67  rel.Train: 0.0778443552851677  rel.Test: 0.07727629005908966  abs.Test: 0.06386995553970337  abs.TestBoundary: 0j  time: 24.229421185911633
epoch68  rel.Train: 0.07466591131687164  rel.Test: 0.0730665898323059  abs.Test: 0.06040987253189087  abs.TestBoundary: 0j  time: 24.27010127599351
epoch69  rel.Train: 0.07675388240814209  rel.Test: 0.07721215605735779  abs.Test: 0.06384222090244293  abs.TestBoundary: 0j  time: 24.245482533005998
epoch70  rel.Train: 0.07707123672962189  rel.Test: 0.0778680282831192  abs.Test: 0.0643775588274002  abs.TestBoundary: 0j  time: 24.215872504981235
epoch71  rel.Train: 0.07617084294557572  rel.Test: 0.07685399174690247  abs.Test: 0.06352195024490356  abs.TestBoundary: 0j  time: 24.207749226945452
epoch72  rel.Train: 0.07559038019180297  rel.Test: 0.07651740074157715  abs.Test: 0.06323879182338715  abs.TestBoundary: 0j  time: 24.23862039996311
epoch73  rel.Train: 0.0750147807598114  rel.Test: 0.0768349027633667  abs.Test: 0.06348757803440094  abs.TestBoundary: 0j  time: 24.26024878199678
epoch74  rel.Train: 0.07477696162462234  rel.Test: 0.08608195066452026  abs.Test: 0.07111336588859558  abs.TestBoundary: 0j  time: 24.23514037404675
epoch75  rel.Train: 0.07566717666387558  rel.Test: 0.07206796884536742  abs.Test: 0.05958203017711639  abs.TestBoundary: 0j  time: 24.27429576101713
epoch76  rel.Train: 0.07543630456924438  rel.Test: 0.08052773892879486  abs.Test: 0.06654488265514374  abs.TestBoundary: 0j  time: 24.160292925080284
epoch77  rel.Train: 0.07572302198410034  rel.Test: 0.07903264105319976  abs.Test: 0.06535634815692902  abs.TestBoundary: 0j  time: 24.14071532106027
epoch78  rel.Train: 0.07557010424137116  rel.Test: 0.08047696709632873  abs.Test: 0.06654735147953034  abs.TestBoundary: 0j  time: 24.13888568803668
epoch79  rel.Train: 0.07408090543746948  rel.Test: 0.07220199882984162  abs.Test: 0.0597216671705246  abs.TestBoundary: 0j  time: 24.155711990082636
epoch80  rel.Train: 0.07467389065027237  rel.Test: 0.07177825033664703  abs.Test: 0.05933195114135742  abs.TestBoundary: 0j  time: 24.157967158942483
epoch81  rel.Train: 0.0749593186378479  rel.Test: 0.07778848528862  abs.Test: 0.06431045889854431  abs.TestBoundary: 0j  time: 24.170248013106175
epoch82  rel.Train: 0.07311542189121246  rel.Test: 0.07805666863918305  abs.Test: 0.06455362856388092  abs.TestBoundary: 0j  time: 24.170544740976766
epoch83  rel.Train: 0.07300642621517181  rel.Test: 0.07241094946861266  abs.Test: 0.059874797463417055  abs.TestBoundary: 0j  time: 24.203090136987157
epoch84  rel.Train: 0.07215408539772034  rel.Test: 0.07344018936157226  abs.Test: 0.060766229033470155  abs.TestBoundary: 0j  time: 24.254334944067523
epoch85  rel.Train: 0.07393045830726623  rel.Test: 0.07588181614875794  abs.Test: 0.06274827003479004  abs.TestBoundary: 0j  time: 24.291499782004394
epoch86  rel.Train: 0.09841349148750306  rel.Test: 0.10789733290672303  abs.Test: 0.08920223355293273  abs.TestBoundary: 0j  time: 24.26117416191846
epoch87  rel.Train: 0.09755854249000549  rel.Test: 0.08744842290878296  abs.Test: 0.07231170892715454  abs.TestBoundary: 0j  time: 24.250108130974695
epoch88  rel.Train: 0.09088989865779877  rel.Test: 0.09506757736206055  abs.Test: 0.07859461784362792  abs.TestBoundary: 0j  time: 24.23260009405203
epoch89  rel.Train: 0.09067163991928101  rel.Test: 0.08596859216690063  abs.Test: 0.07108553886413574  abs.TestBoundary: 0j  time: 24.257384118973278
epoch90  rel.Train: 0.08692329198122024  rel.Test: 0.08571181297302247  abs.Test: 0.07087751865386963  abs.TestBoundary: 0j  time: 24.267804583883844
epoch91  rel.Train: 0.08479691815376282  rel.Test: 0.08361082911491394  abs.Test: 0.06910503149032593  abs.TestBoundary: 0j  time: 24.21644632704556
epoch92  rel.Train: 0.08494054818153382  rel.Test: 0.08251698970794678  abs.Test: 0.06823307991027833  abs.TestBoundary: 0j  time: 24.196890303050168
epoch93  rel.Train: 0.08613165181875229  rel.Test: 0.08992326736450196  abs.Test: 0.07433448791503906  abs.TestBoundary: 0j  time: 24.188405830063857
epoch94  rel.Train: 0.08558162873983383  rel.Test: 0.08648196578025819  abs.Test: 0.07151086986064911  abs.TestBoundary: 0j  time: 24.165344742010348
epoch95  rel.Train: 0.08475555002689361  rel.Test: 0.0813286566734314  abs.Test: 0.0672508281469345  abs.TestBoundary: 0j  time: 24.187044681981206
epoch96  rel.Train: 0.08223772799968719  rel.Test: 0.07840303361415862  abs.Test: 0.06484443128108978  abs.TestBoundary: 0j  time: 24.200303903897293
epoch97  rel.Train: 0.08270368540287018  rel.Test: 0.07808299481868744  abs.Test: 0.06456991732120514  abs.TestBoundary: 0j  time: 24.146799433976412
epoch98  rel.Train: 0.08071400851011276  rel.Test: 0.0796391212940216  abs.Test: 0.06586651921272278  abs.TestBoundary: 0j  time: 24.232985840993933
epoch99  rel.Train: 0.07932018285989761  rel.Test: 0.08173319578170776  abs.Test: 0.06759000420570374  abs.TestBoundary: 0j  time: 24.22052959399298
epoch100  rel.Train: 0.0784953446984291  rel.Test: 0.07743545293807984  abs.Test: 0.06402882933616638  abs.TestBoundary: 0j  time: 24.252006069989875
epoch101  rel.Train: 0.0765289866924286  rel.Test: 0.07717615365982056  abs.Test: 0.0637730461359024  abs.TestBoundary: 0j  time: 24.294020035886206
epoch102  rel.Train: 0.07571351802349091  rel.Test: 0.07681642770767212  abs.Test: 0.06349313199520111  abs.TestBoundary: 0j  time: 24.198258603923023
epoch103  rel.Train: 0.07446383595466614  rel.Test: 0.07092427968978882  abs.Test: 0.058647341132164  abs.TestBoundary: 0j  time: 24.24262351996731
epoch104  rel.Train: 0.07727994292974472  rel.Test: 0.07856698215007782  abs.Test: 0.06497715890407563  abs.TestBoundary: 0j  time: 24.294848906924017
epoch105  rel.Train: 0.07448129785060882  rel.Test: 0.07435295283794403  abs.Test: 0.06147791564464569  abs.TestBoundary: 0j  time: 24.271430332097225
epoch106  rel.Train: 0.07453321254253388  rel.Test: 0.08861205101013184  abs.Test: 0.07319306194782257  abs.TestBoundary: 0j  time: 24.324982241960242
epoch107  rel.Train: 0.07453587079048157  rel.Test: 0.07675182342529296  abs.Test: 0.06347951531410218  abs.TestBoundary: 0j  time: 24.233183247968554
epoch108  rel.Train: 0.07355515629053117  rel.Test: 0.07237488925457  abs.Test: 0.059849420189857484  abs.TestBoundary: 0j  time: 24.362553220940754
epoch109  rel.Train: 0.07357655668258667  rel.Test: 0.07750165700912476  abs.Test: 0.06405826210975647  abs.TestBoundary: 0j  time: 24.19119144708384
epoch110  rel.Train: 0.07492850643396377  rel.Test: 0.07501167714595795  abs.Test: 0.06202120363712311  abs.TestBoundary: 0j  time: 24.17015589098446
epoch111  rel.Train: 0.07306642735004425  rel.Test: 0.08663301706314087  abs.Test: 0.07162954568862916  abs.TestBoundary: 0j  time: 24.18684029497672
epoch112  rel.Train: 0.07291155135631561  rel.Test: 0.08048955142498017  abs.Test: 0.06652209937572479  abs.TestBoundary: 0j  time: 24.22147061501164
epoch113  rel.Train: 0.07223201704025269  rel.Test: 0.07160939931869507  abs.Test: 0.059215396642684937  abs.TestBoundary: 0j  time: 24.17363903403748
epoch114  rel.Train: 0.0711954072713852  rel.Test: 0.07138221085071564  abs.Test: 0.05899490773677826  abs.TestBoundary: 0j  time: 24.16430348099675
epoch115  rel.Train: 0.0719211769104004  rel.Test: 0.07402581810951232  abs.Test: 0.06120884478092194  abs.TestBoundary: 0j  time: 24.20296956296079
epoch116  rel.Train: 0.07241217535734176  rel.Test: 0.07581637024879456  abs.Test: 0.06268913805484772  abs.TestBoundary: 0j  time: 24.30817532702349
epoch117  rel.Train: 0.07250515878200531  rel.Test: 0.07329501152038574  abs.Test: 0.060596218705177306  abs.TestBoundary: 0j  time: 24.224756509065628
epoch118  rel.Train: 0.07091194981336593  rel.Test: 0.06942370772361756  abs.Test: 0.05741785943508148  abs.TestBoundary: 0j  time: 24.33681794104632
epoch119  rel.Train: 0.07092457783222199  rel.Test: 0.06939864099025726  abs.Test: 0.057396609783172604  abs.TestBoundary: 0j  time: 24.195622288039885
epoch120  rel.Train: 0.07061437022686004  rel.Test: 0.0690514349937439  abs.Test: 0.05709561944007874  abs.TestBoundary: 0j  time: 24.326453155023046
epoch121  rel.Train: 0.07012388968467713  rel.Test: 0.07140090107917786  abs.Test: 0.05904709935188293  abs.TestBoundary: 0j  time: 24.323205232969485
epoch122  rel.Train: 0.07090372788906098  rel.Test: 0.08197890758514405  abs.Test: 0.06773351073265076  abs.TestBoundary: 0j  time: 24.230952366022393
epoch123  rel.Train: 0.07319869810342788  rel.Test: 0.07509845197200775  abs.Test: 0.062071844935417175  abs.TestBoundary: 0j  time: 24.28364092996344
epoch124  rel.Train: 0.06930554378032684  rel.Test: 0.06886019229888916  abs.Test: 0.056920286118984226  abs.TestBoundary: 0j  time: 24.21915739600081
epoch125  rel.Train: 0.07023121523857116  rel.Test: 0.06958566904067993  abs.Test: 0.05752575933933258  abs.TestBoundary: 0j  time: 24.200332352076657
epoch126  rel.Train: 0.07093799340724945  rel.Test: 0.07408527851104736  abs.Test: 0.061273725628852846  abs.TestBoundary: 0j  time: 24.184394204989076
epoch127  rel.Train: 0.07275550043582917  rel.Test: 0.07442427396774293  abs.Test: 0.06148784101009369  abs.TestBoundary: 0j  time: 24.166243577958085
epoch128  rel.Train: 0.07029823291301728  rel.Test: 0.07086248636245727  abs.Test: 0.05856866419315338  abs.TestBoundary: 0j  time: 24.161474274937063
epoch129  rel.Train: 0.0679964616894722  rel.Test: 0.0710937213897705  abs.Test: 0.058772669434547425  abs.TestBoundary: 0j  time: 24.22711719898507
epoch130  rel.Train: 0.06975156342983246  rel.Test: 0.06752331614494324  abs.Test: 0.05579984962940216  abs.TestBoundary: 0j  time: 24.175102837965824
epoch131  rel.Train: 0.06830817866325378  rel.Test: 0.07944631099700927  abs.Test: 0.06560181856155395  abs.TestBoundary: 0j  time: 24.247063855989836
epoch132  rel.Train: 0.06933541095256805  rel.Test: 0.07486329555511474  abs.Test: 0.06186920404434204  abs.TestBoundary: 0j  time: 24.273340224986896
epoch133  rel.Train: 0.10600862324237824  rel.Test: 0.09716387748718262  abs.Test: 0.08030420541763306  abs.TestBoundary: 0j  time: 24.29165104299318
epoch134  rel.Train: 0.08698399692773819  rel.Test: 0.09426992952823639  abs.Test: 0.07792028069496154  abs.TestBoundary: 0j  time: 24.2128090049373
epoch135  rel.Train: 0.08030371105670929  rel.Test: 0.07520289003849029  abs.Test: 0.06219744682312012  abs.TestBoundary: 0j  time: 24.24406823492609
epoch136  rel.Train: 0.07578345787525177  rel.Test: 0.07597568154335022  abs.Test: 0.06279395163059234  abs.TestBoundary: 0j  time: 24.23485529096797
epoch137  rel.Train: 0.07666106110811234  rel.Test: 0.07829601943492889  abs.Test: 0.06470666885375977  abs.TestBoundary: 0j  time: 24.27664785005618
epoch138  rel.Train: 0.07218242073059082  rel.Test: 0.07274310231208801  abs.Test: 0.060108737349510194  abs.TestBoundary: 0j  time: 24.267725719953887
epoch139  rel.Train: 0.07200558584928513  rel.Test: 0.07078364789485932  abs.Test: 0.05852244317531586  abs.TestBoundary: 0j  time: 24.179188668960705
epoch140  rel.Train: 0.08830454909801483  rel.Test: 0.09062421381473541  abs.Test: 0.07490077257156372  abs.TestBoundary: 0j  time: 24.176864054054022
epoch141  rel.Train: 0.0800514742732048  rel.Test: 0.07489247918128968  abs.Test: 0.061931164264678956  abs.TestBoundary: 0j  time: 24.21420996298548
epoch142  rel.Train: 0.07494940656423568  rel.Test: 0.0742858737707138  abs.Test: 0.06141532003879547  abs.TestBoundary: 0j  time: 24.27216881897766
epoch143  rel.Train: 0.07196341347694397  rel.Test: 0.06721398949623109  abs.Test: 0.0555382376909256  abs.TestBoundary: 0j  time: 24.17992081900593
epoch144  rel.Train: 0.06934836727380753  rel.Test: 0.07173393845558167  abs.Test: 0.059288579225540164  abs.TestBoundary: 0j  time: 24.196798435994424
epoch145  rel.Train: 0.06919165140390396  rel.Test: 0.06890914916992187  abs.Test: 0.05694628775119782  abs.TestBoundary: 0j  time: 24.224741222918965
epoch146  rel.Train: 0.06719482910633087  rel.Test: 0.07265069484710693  abs.Test: 0.06000775873661041  abs.TestBoundary: 0j  time: 24.207425559987314
epoch147  rel.Train: 0.06906003087759018  rel.Test: 0.06711146175861359  abs.Test: 0.055486308932304385  abs.TestBoundary: 0j  time: 24.22394734097179
epoch148  rel.Train: 0.06810405480861664  rel.Test: 0.08107541978359223  abs.Test: 0.06703277945518493  abs.TestBoundary: 0j  time: 24.23860392998904
epoch149  rel.Train: 0.06912921369075775  rel.Test: 0.07825548410415649  abs.Test: 0.06463692724704742  abs.TestBoundary: 0j  time: 24.256194973015226
epoch150  rel.Train: 0.06569593811035156  rel.Test: 0.0705832976102829  abs.Test: 0.05829400360584259  abs.TestBoundary: 0j  time: 24.237137298099697
epoch151  rel.Train: 0.06681501406431198  rel.Test: 0.07460513770580292  abs.Test: 0.0616062843799591  abs.TestBoundary: 0j  time: 24.211368393036537
epoch152  rel.Train: 0.06625764006376267  rel.Test: 0.06482394635677338  abs.Test: 0.05356565535068512  abs.TestBoundary: 0j  time: 24.28145662904717
epoch153  rel.Train: 0.06426929473876954  rel.Test: 0.07169951200485229  abs.Test: 0.05920587420463562  abs.TestBoundary: 0j  time: 24.280382925993763
epoch154  rel.Train: 0.07110077464580536  rel.Test: 0.07711616396903992  abs.Test: 0.06375853061676025  abs.TestBoundary: 0j  time: 24.278751690057106
epoch155  rel.Train: 0.07145467841625214  rel.Test: 0.07191644012928008  abs.Test: 0.059446046948432925  abs.TestBoundary: 0j  time: 24.27038238698151
epoch156  rel.Train: 0.06825558644533157  rel.Test: 0.07105550169944763  abs.Test: 0.058726365566253665  abs.TestBoundary: 0j  time: 24.187868049019016
epoch157  rel.Train: 0.06622040295600891  rel.Test: 0.07302668750286102  abs.Test: 0.06034277319908142  abs.TestBoundary: 0j  time: 24.193284790031612
epoch158  rel.Train: 0.06651860845088958  rel.Test: 0.06810239911079406  abs.Test: 0.05627899348735809  abs.TestBoundary: 0j  time: 24.13706896500662
epoch159  rel.Train: 0.06833543229103088  rel.Test: 0.06433430135250091  abs.Test: 0.05317180722951889  abs.TestBoundary: 0j  time: 24.277341341017745
epoch160  rel.Train: 0.06674540388584137  rel.Test: 0.06772463977336883  abs.Test: 0.055934337973594664  abs.TestBoundary: 0j  time: 25.637601803056896
epoch161  rel.Train: 0.06382756227254868  rel.Test: 0.071786048412323  abs.Test: 0.0592932254076004  abs.TestBoundary: 0j  time: 24.148049244075082
epoch162  rel.Train: 0.0653624604344368  rel.Test: 0.06489135622978211  abs.Test: 0.05361442625522614  abs.TestBoundary: 0j  time: 24.192518951022066
epoch163  rel.Train: 0.06511164379119873  rel.Test: 0.06710730910301209  abs.Test: 0.055434255599975585  abs.TestBoundary: 0j  time: 24.24999438400846
epoch164  rel.Train: 0.06802287447452546  rel.Test: 0.07126825094223023  abs.Test: 0.058879414796829226  abs.TestBoundary: 0j  time: 24.251566414022818
epoch165  rel.Train: 0.06493829667568207  rel.Test: 0.06436043560504913  abs.Test: 0.053206336498260495  abs.TestBoundary: 0j  time: 24.2375915980665
epoch166  rel.Train: 0.06289700961112976  rel.Test: 0.06539023220539093  abs.Test: 0.054032157063484194  abs.TestBoundary: 0j  time: 24.16366634296719
epoch167  rel.Train: 0.06303808176517486  rel.Test: 0.06556355357170104  abs.Test: 0.0542205822467804  abs.TestBoundary: 0j  time: 24.402618229971267
epoch168  rel.Train: 0.06316170567274093  rel.Test: 0.06574537217617035  abs.Test: 0.05435620546340943  abs.TestBoundary: 0j  time: 24.239626209950075
epoch169  rel.Train: 0.06291198921203613  rel.Test: 0.06055677831172943  abs.Test: 0.050052902698516845  abs.TestBoundary: 0j  time: 24.195745047996752
epoch170  rel.Train: 0.062040590047836304  rel.Test: 0.06183947682380676  abs.Test: 0.05109706938266754  abs.TestBoundary: 0j  time: 24.19258226605598
epoch171  rel.Train: 0.06295874106884003  rel.Test: 0.0601653265953064  abs.Test: 0.0497140172123909  abs.TestBoundary: 0j  time: 24.18018129596021
epoch172  rel.Train: 0.0633978939652443  rel.Test: 0.07045621633529663  abs.Test: 0.058233463764190675  abs.TestBoundary: 0j  time: 24.20022172096651
epoch173  rel.Train: 0.06220371437072754  rel.Test: 0.06064740598201752  abs.Test: 0.050106658339500426  abs.TestBoundary: 0j  time: 24.187902520992793
epoch174  rel.Train: 0.06320388221740722  rel.Test: 0.07006428480148315  abs.Test: 0.057864758968353275  abs.TestBoundary: 0j  time: 24.181626655976288
epoch175  rel.Train: 0.06449376833438873  rel.Test: 0.06340723276138306  abs.Test: 0.052392857372760775  abs.TestBoundary: 0j  time: 24.194819606957026
epoch176  rel.Train: 0.06133451008796692  rel.Test: 0.05988048911094666  abs.Test: 0.049485664367675784  abs.TestBoundary: 0j  time: 25.003495812998153
epoch177  rel.Train: 0.06099247455596924  rel.Test: 0.06745590746402741  abs.Test: 0.05573062419891357  abs.TestBoundary: 0j  time: 24.1474936529994
epoch178  rel.Train: 0.06520838677883148  rel.Test: 0.06322439014911652  abs.Test: 0.05227177262306213  abs.TestBoundary: 0j  time: 24.23336290102452
epoch179  rel.Train: 0.0631320083141327  rel.Test: 0.07077430486679077  abs.Test: 0.05849380493164062  abs.TestBoundary: 0j  time: 24.250271635013632
epoch180  rel.Train: 0.06468659967184066  rel.Test: 0.06153049945831299  abs.Test: 0.05084992170333862  abs.TestBoundary: 0j  time: 24.28883255191613
epoch181  rel.Train: 0.061958437204360964  rel.Test: 0.06271412014961243  abs.Test: 0.05181636989116669  abs.TestBoundary: 0j  time: 24.21411053801421
epoch182  rel.Train: 0.06350486409664154  rel.Test: 0.07315040171146393  abs.Test: 0.06040203034877777  abs.TestBoundary: 0j  time: 24.268745301058516
epoch183  rel.Train: 0.06238807690143585  rel.Test: 0.0633128696680069  abs.Test: 0.05230995088815689  abs.TestBoundary: 0j  time: 24.217592144967057
epoch184  rel.Train: 0.060279899060726165  rel.Test: 0.06392222166061401  abs.Test: 0.052800813615322115  abs.TestBoundary: 0j  time: 24.22871738707181
epoch185  rel.Train: 0.06263756239414216  rel.Test: 0.06368168711662292  abs.Test: 0.05258868157863617  abs.TestBoundary: 0j  time: 24.236396835069172
epoch186  rel.Train: 0.05938982886075973  rel.Test: 0.06202915728092193  abs.Test: 0.05122802495956421  abs.TestBoundary: 0j  time: 24.203702942002565
epoch187  rel.Train: 0.06092430967092514  rel.Test: 0.06857512295246124  abs.Test: 0.05669818639755249  abs.TestBoundary: 0j  time: 24.154881521011703
epoch188  rel.Train: 0.06303879922628403  rel.Test: 0.06239382743835449  abs.Test: 0.05155572146177292  abs.TestBoundary: 0j  time: 24.16635525599122
epoch189  rel.Train: 0.06163452661037445  rel.Test: 0.05820463418960571  abs.Test: 0.04809668570756912  abs.TestBoundary: 0j  time: 24.138162382063456
epoch190  rel.Train: 0.059549377262592317  rel.Test: 0.06905556082725525  abs.Test: 0.05703429043292999  abs.TestBoundary: 0j  time: 24.12703777803108
epoch191  rel.Train: 0.06108353978395462  rel.Test: 0.07199910521507263  abs.Test: 0.059460337162017825  abs.TestBoundary: 0j  time: 24.129514249041677
epoch192  rel.Train: 0.06337527060508728  rel.Test: 0.0732528817653656  abs.Test: 0.06050045549869537  abs.TestBoundary: 0j  time: 24.167615947895683
epoch193  rel.Train: 0.06167090344429016  rel.Test: 0.06494673371315002  abs.Test: 0.05368000388145447  abs.TestBoundary: 0j  time: 24.140977575909346
epoch194  rel.Train: 0.06116964513063431  rel.Test: 0.06168463170528412  abs.Test: 0.050959988236427306  abs.TestBoundary: 0j  time: 24.229637671960518
epoch195  rel.Train: 0.06364738965034485  rel.Test: 0.07114405632019043  abs.Test: 0.05875781238079071  abs.TestBoundary: 0j  time: 24.208928448031656
epoch196  rel.Train: 0.06658993828296661  rel.Test: 0.06184686005115509  abs.Test: 0.05111996412277222  abs.TestBoundary: 0j  time: 24.227114735054784
epoch197  rel.Train: 0.06047979080677032  rel.Test: 0.05875353455543518  abs.Test: 0.0485563912987709  abs.TestBoundary: 0j  time: 24.19842431601137
epoch198  rel.Train: 0.061330920934677124  rel.Test: 0.05989767670631409  abs.Test: 0.04949586123228073  abs.TestBoundary: 0j  time: 24.233291351003572
epoch199  rel.Train: 0.05953460896015167  rel.Test: 0.06281264662742615  abs.Test: 0.051870006620883945  abs.TestBoundary: 0j  time: 24.24469338497147
epoch200  rel.Train: 0.0597871390581131  rel.Test: 0.05744310200214386  abs.Test: 0.047501466274261474  abs.TestBoundary: 0j  time: 24.229619920020923
epoch201  rel.Train: 0.060942656099796294  rel.Test: 0.058412892818450926  abs.Test: 0.048290992677211764  abs.TestBoundary: 0j  time: 24.27340278495103
epoch202  rel.Train: 0.05900797796249389  rel.Test: 0.06578730702400208  abs.Test: 0.05434719443321228  abs.TestBoundary: 0j  time: 24.167149640969
epoch203  rel.Train: 0.060544063210487366  rel.Test: 0.06698297023773193  abs.Test: 0.055354561805725094  abs.TestBoundary: 0j  time: 24.16230843507219
epoch204  rel.Train: 0.06110619556903839  rel.Test: 0.05856149673461914  abs.Test: 0.048403075635433196  abs.TestBoundary: 0j  time: 24.16941755800508
epoch205  rel.Train: 0.05896626389026642  rel.Test: 0.06819965124130249  abs.Test: 0.05632684588432312  abs.TestBoundary: 0j  time: 24.160086779971607
epoch206  rel.Train: 0.05968608391284943  rel.Test: 0.05848680377006531  abs.Test: 0.04832405477762222  abs.TestBoundary: 0j  time: 24.156969845993444
epoch207  rel.Train: 0.05966143405437469  rel.Test: 0.05891128182411194  abs.Test: 0.048704869747161865  abs.TestBoundary: 0j  time: 24.15669962891843
epoch208  rel.Train: 0.058979015171527864  rel.Test: 0.06267019867897033  abs.Test: 0.0517701730132103  abs.TestBoundary: 0j  time: 24.169358517043293
epoch209  rel.Train: 0.059251707553863525  rel.Test: 0.05904112279415131  abs.Test: 0.04880368411540985  abs.TestBoundary: 0j  time: 24.276872448041104
epoch210  rel.Train: 0.059512951493263244  rel.Test: 0.062084890604019165  abs.Test: 0.05133768707513809  abs.TestBoundary: 0j  time: 24.193442272022367
epoch211  rel.Train: 0.05963252854347229  rel.Test: 0.05986156582832337  abs.Test: 0.049457752108573914  abs.TestBoundary: 0j  time: 24.244023310020566
epoch212  rel.Train: 0.059541783928871155  rel.Test: 0.058169209957122804  abs.Test: 0.04808611929416656  abs.TestBoundary: 0j  time: 24.247536967974156
epoch213  rel.Train: 0.05778899174928665  rel.Test: 0.06016023516654968  abs.Test: 0.049721907377243045  abs.TestBoundary: 0j  time: 24.249175734934397
epoch214  rel.Train: 0.06035085153579712  rel.Test: 0.058185128569602965  abs.Test: 0.04810842335224152  abs.TestBoundary: 0j  time: 24.200094723026268
epoch215  rel.Train: 0.057326579749584196  rel.Test: 0.05672423839569092  abs.Test: 0.04689265310764313  abs.TestBoundary: 0j  time: 24.23879981203936
epoch216  rel.Train: 0.059084930479526517  rel.Test: 0.057235472202301026  abs.Test: 0.047314999401569365  abs.TestBoundary: 0j  time: 24.262278913985938
epoch217  rel.Train: 0.05731031864881515  rel.Test: 0.05870112121105194  abs.Test: 0.04849591314792633  abs.TestBoundary: 0j  time: 24.240534369950183
epoch218  rel.Train: 0.05915022987127304  rel.Test: 0.056950584053993225  abs.Test: 0.04706721365451813  abs.TestBoundary: 0j  time: 24.16753175400663
epoch219  rel.Train: 0.05731121182441711  rel.Test: 0.05582651495933533  abs.Test: 0.04613929241895676  abs.TestBoundary: 0j  time: 24.1624626100529
epoch220  rel.Train: 0.05726690351963043  rel.Test: 0.05612228453159332  abs.Test: 0.04638852417469025  abs.TestBoundary: 0j  time: 24.158641643007286
epoch221  rel.Train: 0.05774177783727646  rel.Test: 0.06008767247200012  abs.Test: 0.049652301967144014  abs.TestBoundary: 0j  time: 24.202037548995577
epoch222  rel.Train: 0.057764261484146116  rel.Test: 0.05976304292678833  abs.Test: 0.049358999133110044  abs.TestBoundary: 0j  time: 24.199716003029607
epoch223  rel.Train: 0.05898209363222122  rel.Test: 0.05838470160961151  abs.Test: 0.04826037675142288  abs.TestBoundary: 0j  time: 24.171745319035836
epoch224  rel.Train: 0.05871961307525635  rel.Test: 0.06283283174037933  abs.Test: 0.05190350294113159  abs.TestBoundary: 0j  time: 24.172160519985482
epoch225  rel.Train: 0.05793186515569687  rel.Test: 0.05834430813789368  abs.Test: 0.04820676922798157  abs.TestBoundary: 0j  time: 24.151747306925245
epoch226  rel.Train: 0.05844712841510773  rel.Test: 0.05986771941184998  abs.Test: 0.04948359191417694  abs.TestBoundary: 0j  time: 24.239684658008628
epoch227  rel.Train: 0.05916498172283172  rel.Test: 0.06109419226646423  abs.Test: 0.050464831590652466  abs.TestBoundary: 0j  time: 24.28332702803891
epoch228  rel.Train: 0.05789983481168747  rel.Test: 0.05813761591911316  abs.Test: 0.04806124448776245  abs.TestBoundary: 0j  time: 24.213310715043917
epoch229  rel.Train: 0.058036972761154174  rel.Test: 0.05680104434490204  abs.Test: 0.04693711429834366  abs.TestBoundary: 0j  time: 24.21900248900056
epoch230  rel.Train: 0.058548139452934266  rel.Test: 0.060983561873435975  abs.Test: 0.05039904028177261  abs.TestBoundary: 0j  time: 24.195469293976203
epoch231  rel.Train: 0.057414750754833224  rel.Test: 0.061808649301528934  abs.Test: 0.05108576238155365  abs.TestBoundary: 0j  time: 24.23607175901998
epoch232  rel.Train: 0.0582819367647171  rel.Test: 0.05514202058315277  abs.Test: 0.045580312609672546  abs.TestBoundary: 0j  time: 24.248660647077486
epoch233  rel.Train: 0.05795024180412293  rel.Test: 0.05795364797115326  abs.Test: 0.047921519875526425  abs.TestBoundary: 0j  time: 24.23717182292603
epoch234  rel.Train: 0.05718552529811859  rel.Test: 0.0555777645111084  abs.Test: 0.04594108581542969  abs.TestBoundary: 0j  time: 24.409542111912742
epoch235  rel.Train: 0.05752787798643112  rel.Test: 0.056952471137046816  abs.Test: 0.0470830512046814  abs.TestBoundary: 0j  time: 24.64699866704177
epoch236  rel.Train: 0.057017096400260925  rel.Test: 0.05788515210151672  abs.Test: 0.047798542380332945  abs.TestBoundary: 0j  time: 24.77306687901728
epoch237  rel.Train: 0.05652411192655563  rel.Test: 0.06074311196804047  abs.Test: 0.0501554661989212  abs.TestBoundary: 0j  time: 24.61567789898254
epoch238  rel.Train: 0.057335669875144955  rel.Test: 0.05887024104595184  abs.Test: 0.048638323545455935  abs.TestBoundary: 0j  time: 24.534154764958657
epoch239  rel.Train: 0.05833384120464325  rel.Test: 0.05705675780773163  abs.Test: 0.04717199504375458  abs.TestBoundary: 0j  time: 24.53377374797128
epoch240  rel.Train: 0.05651129508018494  rel.Test: 0.05685760021209717  abs.Test: 0.04699229300022125  abs.TestBoundary: 0j  time: 24.22219831496477
epoch241  rel.Train: 0.056993146538734434  rel.Test: 0.059783747792243956  abs.Test: 0.049392811357975006  abs.TestBoundary: 0j  time: 24.189755594939925
epoch242  rel.Train: 0.05723821103572845  rel.Test: 0.05775891304016113  abs.Test: 0.04773883074522019  abs.TestBoundary: 0j  time: 24.241665157023817
epoch243  rel.Train: 0.059508982479572294  rel.Test: 0.05807730555534363  abs.Test: 0.048014288544654844  abs.TestBoundary: 0j  time: 24.316127544036135
epoch244  rel.Train: 0.05750216996669769  rel.Test: 0.05591901004314423  abs.Test: 0.04622378826141357  abs.TestBoundary: 0j  time: 24.2708664649399
epoch245  rel.Train: 0.05688201856613159  rel.Test: 0.05923941731452942  abs.Test: 0.04895801216363907  abs.TestBoundary: 0j  time: 24.15184850303922
epoch246  rel.Train: 0.059872385919094086  rel.Test: 0.06283957362174988  abs.Test: 0.051959201991558075  abs.TestBoundary: 0j  time: 24.204876850009896
epoch247  rel.Train: 0.05748124778270722  rel.Test: 0.057496841549873355  abs.Test: 0.047513221502304075  abs.TestBoundary: 0j  time: 24.221092898980714
epoch248  rel.Train: 0.05700183832645416  rel.Test: 0.056722617745399474  abs.Test: 0.04687902629375458  abs.TestBoundary: 0j  time: 24.309415816911496
epoch249  rel.Train: 0.05744133299589157  rel.Test: 0.05554893970489502  abs.Test: 0.045936944484710696  abs.TestBoundary: 0j  time: 24.18465378007386
epoch250  rel.Train: 0.056660806119441985  rel.Test: 0.056355920433998105  abs.Test: 0.04655853241682053  abs.TestBoundary: 0j  time: 24.1545345390914
epoch251  rel.Train: 0.05731360417604446  rel.Test: 0.05754628777503967  abs.Test: 0.04755188822746277  abs.TestBoundary: 0j  time: 24.12455052905716
epoch252  rel.Train: 0.05617894035577774  rel.Test: 0.05599568665027618  abs.Test: 0.046263579726219174  abs.TestBoundary: 0j  time: 24.210951501969248
epoch253  rel.Train: 0.05536145174503326  rel.Test: 0.05659923255443573  abs.Test: 0.04678208768367767  abs.TestBoundary: 0j  time: 24.17601414094679
epoch254  rel.Train: 0.057756913781166076  rel.Test: 0.06125954151153565  abs.Test: 0.05061956286430359  abs.TestBoundary: 0j  time: 24.16598037595395
epoch255  rel.Train: 0.05736911642551422  rel.Test: 0.05600716650485992  abs.Test: 0.046303904354572295  abs.TestBoundary: 0j  time: 24.145334927015938
epoch256  rel.Train: 0.05603565686941147  rel.Test: 0.06394971966743469  abs.Test: 0.05282832682132721  abs.TestBoundary: 0j  time: 24.169945466914214
epoch257  rel.Train: 0.05722474604845047  rel.Test: 0.05745964109897614  abs.Test: 0.0475092214345932  abs.TestBoundary: 0j  time: 24.180128225008957
epoch258  rel.Train: 0.05685394072532654  rel.Test: 0.05799815475940704  abs.Test: 0.04793040305376053  abs.TestBoundary: 0j  time: 24.245082439971156
epoch259  rel.Train: 0.05673039373755455  rel.Test: 0.05601979076862335  abs.Test: 0.04628188550472259  abs.TestBoundary: 0j  time: 24.262953170924447
epoch260  rel.Train: 0.056644272565841675  rel.Test: 0.058554089069366454  abs.Test: 0.048400168418884275  abs.TestBoundary: 0j  time: 24.202461478067562
epoch261  rel.Train: 0.05544392269849777  rel.Test: 0.06112939476966858  abs.Test: 0.05051307052373886  abs.TestBoundary: 0j  time: 24.214813112979755
epoch262  rel.Train: 0.056412969827651975  rel.Test: 0.05577153384685516  abs.Test: 0.04608962476253509  abs.TestBoundary: 0j  time: 24.22798088705167
epoch263  rel.Train: 0.055718284487724305  rel.Test: 0.05672198057174683  abs.Test: 0.04686428040266037  abs.TestBoundary: 0j  time: 24.242342074983753
epoch264  rel.Train: 0.05596948105096817  rel.Test: 0.05379016995429993  abs.Test: 0.04444529056549072  abs.TestBoundary: 0j  time: 24.26645939797163
epoch265  rel.Train: 0.05604911816120148  rel.Test: 0.05892000317573547  abs.Test: 0.04865523099899292  abs.TestBoundary: 0j  time: 24.241823878022842
epoch266  rel.Train: 0.05529360020160675  rel.Test: 0.054924842119216916  abs.Test: 0.04537909865379333  abs.TestBoundary: 0j  time: 24.186124447965994
epoch267  rel.Train: 0.0555515992641449  rel.Test: 0.055767784118652346  abs.Test: 0.04606756538152695  abs.TestBoundary: 0j  time: 24.218360604951158
epoch268  rel.Train: 0.0557400329709053  rel.Test: 0.054489855766296384  abs.Test: 0.04504114329814911  abs.TestBoundary: 0j  time: 24.188812387990765
epoch269  rel.Train: 0.05523308271169663  rel.Test: 0.05617722272872925  abs.Test: 0.04646666705608368  abs.TestBoundary: 0j  time: 24.154841740964912
epoch270  rel.Train: 0.056234297931194305  rel.Test: 0.05592795789241791  abs.Test: 0.046258428394794465  abs.TestBoundary: 0j  time: 24.156921346089803
epoch271  rel.Train: 0.056215609431266786  rel.Test: 0.05619336426258087  abs.Test: 0.046454093158245086  abs.TestBoundary: 0j  time: 24.182719630072825
epoch272  rel.Train: 0.057228761911392215  rel.Test: 0.058220327496528626  abs.Test: 0.04812029510736465  abs.TestBoundary: 0j  time: 24.141715956036933
epoch273  rel.Train: 0.055042529344558715  rel.Test: 0.05300722241401672  abs.Test: 0.043821805715560914  abs.TestBoundary: 0j  time: 24.229278697050177
epoch274  rel.Train: 0.05606014859676361  rel.Test: 0.06044518291950226  abs.Test: 0.04994685262441635  abs.TestBoundary: 0j  time: 24.28743794094771
epoch275  rel.Train: 0.055063356876373294  rel.Test: 0.05757520377635956  abs.Test: 0.04756413668394089  abs.TestBoundary: 0j  time: 24.231731250998564
epoch276  rel.Train: 0.05511836665868759  rel.Test: 0.05558833599090576  abs.Test: 0.0459307736158371  abs.TestBoundary: 0j  time: 24.254430198925547
epoch277  rel.Train: 0.054897836923599244  rel.Test: 0.05667982757091522  abs.Test: 0.046827026903629304  abs.TestBoundary: 0j  time: 24.325207947054878
epoch278  rel.Train: 0.05537265312671662  rel.Test: 0.05384530246257782  abs.Test: 0.044495519101619724  abs.TestBoundary: 0j  time: 24.253313348046504
epoch279  rel.Train: 0.05532351833581924  rel.Test: 0.06005932450294495  abs.Test: 0.049640614986419675  abs.TestBoundary: 0j  time: 24.228335098945536
epoch280  rel.Train: 0.0568750804066658  rel.Test: 0.05755936086177826  abs.Test: 0.04758635997772217  abs.TestBoundary: 0j  time: 24.24788462498691
epoch281  rel.Train: 0.055712606906890866  rel.Test: 0.061662957072257996  abs.Test: 0.05093120753765106  abs.TestBoundary: 0j  time: 24.169757509953342
epoch282  rel.Train: 0.056700148046016696  rel.Test: 0.05410965591669083  abs.Test: 0.044722472727298734  abs.TestBoundary: 0j  time: 24.13326751801651
epoch283  rel.Train: 0.05651603907346726  rel.Test: 0.0591824746131897  abs.Test: 0.04889982134103775  abs.TestBoundary: 0j  time: 24.204342281911522
epoch284  rel.Train: 0.05691949290037155  rel.Test: 0.053657394051551816  abs.Test: 0.044350616335868835  abs.TestBoundary: 0j  time: 24.562815966899507
epoch285  rel.Train: 0.05596546453237534  rel.Test: 0.06679620921611786  abs.Test: 0.055223348140716555  abs.TestBoundary: 0j  time: 24.62252170906868
epoch286  rel.Train: 0.07375356525182725  rel.Test: 0.07112336993217468  abs.Test: 0.05878273844718933  abs.TestBoundary: 0j  time: 24.644822255009785
epoch287  rel.Train: 0.06525241434574128  rel.Test: 0.06273444771766662  abs.Test: 0.051843871176242826  abs.TestBoundary: 0j  time: 24.570325054926798
epoch288  rel.Train: 0.059700299382209776  rel.Test: 0.06136892080307007  abs.Test: 0.05072266072034836  abs.TestBoundary: 0j  time: 24.5936946880538
epoch289  rel.Train: 0.05972579354047775  rel.Test: 0.060731321573257446  abs.Test: 0.050180198550224306  abs.TestBoundary: 0j  time: 24.49305374699179
epoch290  rel.Train: 0.05747020649909973  rel.Test: 0.05846946120262146  abs.Test: 0.04834648847579956  abs.TestBoundary: 0j  time: 24.581974645960145
epoch291  rel.Train: 0.05726299411058426  rel.Test: 0.056902750730514526  abs.Test: 0.04704435259103775  abs.TestBoundary: 0j  time: 24.557387348031625
epoch292  rel.Train: 0.05712996590137482  rel.Test: 0.058638152480125424  abs.Test: 0.04846904247999191  abs.TestBoundary: 0j  time: 24.57098430104088
epoch293  rel.Train: 0.05798161017894745  rel.Test: 0.06262472987174988  abs.Test: 0.051706246733665466  abs.TestBoundary: 0j  time: 24.536222254973836
epoch294  rel.Train: 0.058411612868309024  rel.Test: 0.05569600105285644  abs.Test: 0.04601326584815979  abs.TestBoundary: 0j  time: 24.568932412890717
epoch295  rel.Train: 0.05518063110113144  rel.Test: 0.053666327893733975  abs.Test: 0.04436676740646362  abs.TestBoundary: 0j  time: 24.243003509007394
epoch296  rel.Train: 0.05562740278244019  rel.Test: 0.05647731304168701  abs.Test: 0.046662285327911376  abs.TestBoundary: 0j  time: 24.211724404012784
epoch297  rel.Train: 0.05635860964655876  rel.Test: 0.05460312664508819  abs.Test: 0.04513058215379715  abs.TestBoundary: 0j  time: 24.178428541054018
epoch298  rel.Train: 0.056210677593946455  rel.Test: 0.055606018900871274  abs.Test: 0.04596258610486984  abs.TestBoundary: 0j  time: 24.132463811081834
epoch299  rel.Train: 0.05558849501609802  rel.Test: 0.05890668749809265  abs.Test: 0.048680390119552615  abs.TestBoundary: 0j  time: 24.144904948072508
epoch300  rel.Train: 0.05642346823215485  rel.Test: 0.05701195776462555  abs.Test: 0.047127334773540495  abs.TestBoundary: 0j  time: 24.17284016101621
epoch301  rel.Train: 0.05547519391775131  rel.Test: 0.05571089267730713  abs.Test: 0.046028579473495486  abs.TestBoundary: 0j  time: 24.21698063390795
epoch302  rel.Train: 0.05568757474422455  rel.Test: 0.05479416608810425  abs.Test: 0.045289188623428345  abs.TestBoundary: 0j  time: 24.136570378090255
epoch303  rel.Train: 0.054615938305854796  rel.Test: 0.05443371146917343  abs.Test: 0.044990447163581845  abs.TestBoundary: 0j  time: 24.395021235919558
epoch304  rel.Train: 0.05502686315774918  rel.Test: 0.05677557051181793  abs.Test: 0.04691966652870178  abs.TestBoundary: 0j  time: 24.16997823503334
epoch305  rel.Train: 0.05498548573255539  rel.Test: 0.055715252757072446  abs.Test: 0.04606137990951538  abs.TestBoundary: 0j  time: 24.200166324037127
epoch306  rel.Train: 0.055433412492275236  rel.Test: 0.058861292600631714  abs.Test: 0.0486322221159935  abs.TestBoundary: 0j  time: 24.207586317905225
epoch307  rel.Train: 0.05571233147382736  rel.Test: 0.054360913038253786  abs.Test: 0.044937438666820526  abs.TestBoundary: 0j  time: 24.247379171079956
epoch308  rel.Train: 0.0550562744140625  rel.Test: 0.05376303344964981  abs.Test: 0.04443453580141068  abs.TestBoundary: 0j  time: 24.23458812700119
epoch309  rel.Train: 0.054126917064189914  rel.Test: 0.05523434042930603  abs.Test: 0.045632367134094236  abs.TestBoundary: 0j  time: 24.172644298989326
epoch310  rel.Train: 0.0547582049369812  rel.Test: 0.053870211839675906  abs.Test: 0.044532811641693114  abs.TestBoundary: 0j  time: 24.205206643906422
epoch311  rel.Train: 0.054452070474624636  rel.Test: 0.05430770605802536  abs.Test: 0.04489571452140808  abs.TestBoundary: 0j  time: 24.28579362493474
epoch312  rel.Train: 0.05532510828971863  rel.Test: 0.0566767942905426  abs.Test: 0.04683239638805389  abs.TestBoundary: 0j  time: 24.25950417399872
epoch313  rel.Train: 0.05486189913749695  rel.Test: 0.05429810464382172  abs.Test: 0.04486564815044403  abs.TestBoundary: 0j  time: 24.26217785803601
epoch314  rel.Train: 0.054244576811790464  rel.Test: 0.054280099272727964  abs.Test: 0.04485736966133118  abs.TestBoundary: 0j  time: 24.191967393970117
epoch315  rel.Train: 0.05616843408346176  rel.Test: 0.0546119886636734  abs.Test: 0.04512228518724441  abs.TestBoundary: 0j  time: 24.21859609906096
epoch316  rel.Train: 0.056252907156944275  rel.Test: 0.05427957385778427  abs.Test: 0.04487242519855499  abs.TestBoundary: 0j  time: 24.251566432998516
epoch317  rel.Train: 0.05420804470777511  rel.Test: 0.05381010234355926  abs.Test: 0.044457530975341795  abs.TestBoundary: 0j  time: 24.22774651099462
epoch318  rel.Train: 0.05455752271413803  rel.Test: 0.056510189771652224  abs.Test: 0.046695792078971864  abs.TestBoundary: 0j  time: 24.18968211498577
epoch319  rel.Train: 0.05553779345750809  rel.Test: 0.05395289719104767  abs.Test: 0.044603534042835236  abs.TestBoundary: 0j  time: 24.208713903906755
epoch320  rel.Train: 0.054098934054374694  rel.Test: 0.05402415663003921  abs.Test: 0.044665881991386415  abs.TestBoundary: 0j  time: 24.21531485300511
epoch321  rel.Train: 0.054312653839588165  rel.Test: 0.05498205691576004  abs.Test: 0.045444852113723753  abs.TestBoundary: 0j  time: 24.456278363009915
epoch322  rel.Train: 0.05654806101322174  rel.Test: 0.06412047445774079  abs.Test: 0.05298074185848236  abs.TestBoundary: 0j  time: 24.195562632987276
epoch323  rel.Train: 0.05947360903024673  rel.Test: 0.0562040650844574  abs.Test: 0.04643828779459  abs.TestBoundary: 0j  time: 24.123466053046286
epoch324  rel.Train: 0.05592184299230576  rel.Test: 0.057621887922286986  abs.Test: 0.047631780803203586  abs.TestBoundary: 0j  time: 24.15436184895225
epoch325  rel.Train: 0.055149666309356686  rel.Test: 0.05371660172939301  abs.Test: 0.04439745157957077  abs.TestBoundary: 0j  time: 24.181087617063895
epoch326  rel.Train: 0.05464632919430733  rel.Test: 0.05414770394563675  abs.Test: 0.044739864468574524  abs.TestBoundary: 0j  time: 24.181178844999522
epoch327  rel.Train: 0.053899033069610594  rel.Test: 0.053640219271183016  abs.Test: 0.04432508945465088  abs.TestBoundary: 0j  time: 24.199091970920563
epoch328  rel.Train: 0.05448123574256897  rel.Test: 0.0537151837348938  abs.Test: 0.04438668429851532  abs.TestBoundary: 0j  time: 24.959116921992972
epoch329  rel.Train: 0.05389995861053467  rel.Test: 0.05839198589324951  abs.Test: 0.048260464668273925  abs.TestBoundary: 0j  time: 24.317466776934452
epoch330  rel.Train: 0.054904305577278135  rel.Test: 0.05592620253562927  abs.Test: 0.04621368944644928  abs.TestBoundary: 0j  time: 24.2048600820126
epoch331  rel.Train: 0.05419246768951416  rel.Test: 0.053805706202983854  abs.Test: 0.04446004033088684  abs.TestBoundary: 0j  time: 24.21156347100623
epoch332  rel.Train: 0.0532618499994278  rel.Test: 0.05318555474281311  abs.Test: 0.043949982821941375  abs.TestBoundary: 0j  time: 24.223760874010623
epoch333  rel.Train: 0.05342471301555633  rel.Test: 0.05477271854877472  abs.Test: 0.045252628922462464  abs.TestBoundary: 0j  time: 24.21380057395436
epoch334  rel.Train: 0.05384999275207519  rel.Test: 0.05235557794570923  abs.Test: 0.043285177648067476  abs.TestBoundary: 0j  time: 24.231597560923547
epoch335  rel.Train: 0.05365506738424301  rel.Test: 0.05408048689365387  abs.Test: 0.0446927011013031  abs.TestBoundary: 0j  time: 24.226947022019885
epoch336  rel.Train: 0.05373709785938263  rel.Test: 0.053193205893039705  abs.Test: 0.043968837857246396  abs.TestBoundary: 0j  time: 24.141355914995074
epoch337  rel.Train: 0.054468906730413436  rel.Test: 0.05369876980781555  abs.Test: 0.044385655522346495  abs.TestBoundary: 0j  time: 24.349617862026207
epoch338  rel.Train: 0.05387980020046234  rel.Test: 0.055506922602653504  abs.Test: 0.04586070448160171  abs.TestBoundary: 0j  time: 24.13977149000857
epoch339  rel.Train: 0.05392411231994629  rel.Test: 0.05463211417198181  abs.Test: 0.04514704287052154  abs.TestBoundary: 0j  time: 24.130368979997
epoch340  rel.Train: 0.054257682144641876  rel.Test: 0.05482308328151703  abs.Test: 0.04530981719493866  abs.TestBoundary: 0j  time: 24.135834794025868
epoch341  rel.Train: 0.055264172196388246  rel.Test: 0.054515280425548554  abs.Test: 0.045041366815567016  abs.TestBoundary: 0j  time: 24.122120345942676
epoch342  rel.Train: 0.05400625836849213  rel.Test: 0.05331244200468063  abs.Test: 0.04405898690223694  abs.TestBoundary: 0j  time: 24.167400171980262
epoch343  rel.Train: 0.05339168292284012  rel.Test: 0.053681535720825194  abs.Test: 0.04436631441116333  abs.TestBoundary: 0j  time: 24.14348162803799
epoch344  rel.Train: 0.05361358654499054  rel.Test: 0.05277348309755325  abs.Test: 0.043605985045433046  abs.TestBoundary: 0j  time: 25.124365890980698
epoch345  rel.Train: 0.05381823453307152  rel.Test: 0.05587704300880432  abs.Test: 0.046208154559135434  abs.TestBoundary: 0j  time: 24.248745846096426
epoch346  rel.Train: 0.054130888223648074  rel.Test: 0.05175760954618454  abs.Test: 0.04278289794921875  abs.TestBoundary: 0j  time: 24.18857013399247
epoch347  rel.Train: 0.052781607568264007  rel.Test: 0.052823634147644044  abs.Test: 0.04367590069770813  abs.TestBoundary: 0j  time: 24.208065359969623
epoch348  rel.Train: 0.05332739955186844  rel.Test: 0.054647092819213865  abs.Test: 0.04513718456029892  abs.TestBoundary: 0j  time: 24.177026528981514
epoch349  rel.Train: 0.054067387998104094  rel.Test: 0.05330338537693024  abs.Test: 0.04407149612903595  abs.TestBoundary: 0j  time: 24.234804916079156
epoch350  rel.Train: 0.05309904009103775  rel.Test: 0.05371786117553711  abs.Test: 0.044399166107177736  abs.TestBoundary: 0j  time: 24.24077661090996
epoch351  rel.Train: 0.053708173274993894  rel.Test: 0.052416771948337555  abs.Test: 0.0433272060751915  abs.TestBoundary: 0j  time: 24.238828573958017
epoch352  rel.Train: 0.05300004613399505  rel.Test: 0.05255654841661453  abs.Test: 0.04344064027070999  abs.TestBoundary: 0j  time: 24.17215818807017
epoch353  rel.Train: 0.05308545798063278  rel.Test: 0.05273450821638107  abs.Test: 0.043604585826396945  abs.TestBoundary: 0j  time: 24.182229086989537
epoch354  rel.Train: 0.05326205039024353  rel.Test: 0.05189095109701156  abs.Test: 0.042887825965881345  abs.TestBoundary: 0j  time: 24.19765806698706
epoch355  rel.Train: 0.05299023115634918  rel.Test: 0.05181494951248169  abs.Test: 0.04284293562173844  abs.TestBoundary: 0j  time: 24.10571367596276
epoch356  rel.Train: 0.05326030784845352  rel.Test: 0.0531768599152565  abs.Test: 0.04395633459091187  abs.TestBoundary: 0j  time: 24.13503653195221
epoch357  rel.Train: 0.05261694568395615  rel.Test: 0.0536792004108429  abs.Test: 0.044374859035015105  abs.TestBoundary: 0j  time: 24.128377132001333
epoch358  rel.Train: 0.05343212848901749  rel.Test: 0.05214424848556518  abs.Test: 0.043099387288093566  abs.TestBoundary: 0j  time: 24.09835716104135
epoch359  rel.Train: 0.05283801168203354  rel.Test: 0.052873622179031375  abs.Test: 0.043706321716308595  abs.TestBoundary: 0j  time: 24.27603399194777
epoch360  rel.Train: 0.05287142038345337  rel.Test: 0.05395448803901672  abs.Test: 0.04456841140985489  abs.TestBoundary: 0j  time: 24.35396096506156
epoch361  rel.Train: 0.05415147095918656  rel.Test: 0.05787945926189422  abs.Test: 0.047791122794151306  abs.TestBoundary: 0j  time: 24.367365696001798
epoch362  rel.Train: 0.054247885525226594  rel.Test: 0.05603133022785187  abs.Test: 0.04627866804599762  abs.TestBoundary: 0j  time: 24.367137335939333
epoch363  rel.Train: 0.0538684920668602  rel.Test: 0.05226056724786758  abs.Test: 0.04318406760692597  abs.TestBoundary: 0j  time: 24.33080232597422
epoch364  rel.Train: 0.053582823753356934  rel.Test: 0.05200533419847488  abs.Test: 0.042981036603450776  abs.TestBoundary: 0j  time: 24.28448476002086
epoch365  rel.Train: 0.052226507782936096  rel.Test: 0.051444849371910094  abs.Test: 0.04251790225505829  abs.TestBoundary: 0j  time: 24.38057002099231
epoch366  rel.Train: 0.05204786390066147  rel.Test: 0.052076413333415984  abs.Test: 0.04305511146783829  abs.TestBoundary: 0j  time: 24.384944253019057
epoch367  rel.Train: 0.05252034679055214  rel.Test: 0.05175564348697662  abs.Test: 0.04277958929538727  abs.TestBoundary: 0j  time: 24.310430004959926
epoch368  rel.Train: 0.052525663852691654  rel.Test: 0.05221106559038162  abs.Test: 0.04315829455852509  abs.TestBoundary: 0j  time: 24.349788115010597
epoch369  rel.Train: 0.05273409783840179  rel.Test: 0.051590693593025205  abs.Test: 0.04264235079288483  abs.TestBoundary: 0j  time: 24.284905201056972
epoch370  rel.Train: 0.052713699221611024  rel.Test: 0.0525043523311615  abs.Test: 0.043398372530937195  abs.TestBoundary: 0j  time: 24.274044872960076
epoch371  rel.Train: 0.05284726005792618  rel.Test: 0.05201426565647125  abs.Test: 0.042990613579750064  abs.TestBoundary: 0j  time: 24.29199994704686
epoch372  rel.Train: 0.0522774493098259  rel.Test: 0.05171279549598694  abs.Test: 0.04273758590221405  abs.TestBoundary: 0j  time: 24.254900331958197
epoch373  rel.Train: 0.05253222858905792  rel.Test: 0.05181901693344116  abs.Test: 0.04283069849014282  abs.TestBoundary: 0j  time: 24.25512821506709
epoch374  rel.Train: 0.05261433100700379  rel.Test: 0.05117503643035889  abs.Test: 0.042306548357009886  abs.TestBoundary: 0j  time: 24.23205514298752
epoch375  rel.Train: 0.05206474369764328  rel.Test: 0.051876823604106906  abs.Test: 0.042881988286972046  abs.TestBoundary: 0j  time: 24.25608576601371
epoch376  rel.Train: 0.05207957661151886  rel.Test: 0.05220003664493561  abs.Test: 0.043134039640426634  abs.TestBoundary: 0j  time: 24.30687225901056
epoch377  rel.Train: 0.053316246271133426  rel.Test: 0.05569694221019745  abs.Test: 0.04601318895816803  abs.TestBoundary: 0j  time: 24.379711438086815
epoch378  rel.Train: 0.05345921477675438  rel.Test: 0.052683642506599425  abs.Test: 0.04354805648326874  abs.TestBoundary: 0j  time: 24.44054767896887
epoch379  rel.Train: 0.05304827728867531  rel.Test: 0.05333302140235901  abs.Test: 0.04408406645059586  abs.TestBoundary: 0j  time: 24.30506346700713
epoch380  rel.Train: 0.052534920632839203  rel.Test: 0.051193588972091676  abs.Test: 0.04231388330459595  abs.TestBoundary: 0j  time: 24.286958705983125
epoch381  rel.Train: 0.05222309190034866  rel.Test: 0.05128813087940216  abs.Test: 0.0424039489030838  abs.TestBoundary: 0j  time: 24.310084528056905
epoch382  rel.Train: 0.05227739006280899  rel.Test: 0.05170754998922348  abs.Test: 0.04273593544960022  abs.TestBoundary: 0j  time: 24.32772197201848
epoch383  rel.Train: 0.05177565747499466  rel.Test: 0.05224717527627945  abs.Test: 0.043176386952400204  abs.TestBoundary: 0j  time: 24.35813477006741
epoch384  rel.Train: 0.05205900523066521  rel.Test: 0.05233216881752014  abs.Test: 0.04325403094291687  abs.TestBoundary: 0j  time: 24.344113245024346
epoch385  rel.Train: 0.05285387259721756  rel.Test: 0.05283746778964996  abs.Test: 0.04367242008447647  abs.TestBoundary: 0j  time: 24.331408797064796
epoch386  rel.Train: 0.05256871247291565  rel.Test: 0.05206754803657532  abs.Test: 0.04303316205739975  abs.TestBoundary: 0j  time: 24.269311245065182
epoch387  rel.Train: 0.05333748161792755  rel.Test: 0.05290188431739807  abs.Test: 0.04373242616653442  abs.TestBoundary: 0j  time: 24.27481493295636
epoch388  rel.Train: 0.05222001284360886  rel.Test: 0.05175921380519867  abs.Test: 0.04278119266033173  abs.TestBoundary: 0j  time: 24.27624148898758
epoch389  rel.Train: 0.051913800597190855  rel.Test: 0.052380284667015074  abs.Test: 0.04329341173171997  abs.TestBoundary: 0j  time: 24.290106561034918
epoch390  rel.Train: 0.05236438602209091  rel.Test: 0.05397806584835053  abs.Test: 0.04460609257221222  abs.TestBoundary: 0j  time: 24.31713801494334
epoch391  rel.Train: 0.052528782546520235  rel.Test: 0.05299156397581101  abs.Test: 0.04379944533109665  abs.TestBoundary: 0j  time: 24.308150758966804
epoch392  rel.Train: 0.05256991246342659  rel.Test: 0.05148840069770813  abs.Test: 0.04254981219768524  abs.TestBoundary: 0j  time: 24.284474160987884
epoch393  rel.Train: 0.05177130335569382  rel.Test: 0.05145584046840668  abs.Test: 0.042528264820575715  abs.TestBoundary: 0j  time: 24.309220002032816
epoch394  rel.Train: 0.05175815403461456  rel.Test: 0.05142614126205444  abs.Test: 0.04251027077436447  abs.TestBoundary: 0j  time: 24.35246832703706
epoch395  rel.Train: 0.05158622494339943  rel.Test: 0.05094725012779236  abs.Test: 0.04210967779159546  abs.TestBoundary: 0j  time: 24.322430939995684
epoch396  rel.Train: 0.052026253819465636  rel.Test: 0.05475479304790497  abs.Test: 0.04524382501840592  abs.TestBoundary: 0j  time: 24.337867552996613
epoch397  rel.Train: 0.052304523885250094  rel.Test: 0.05114303410053253  abs.Test: 0.04227636694908142  abs.TestBoundary: 0j  time: 24.320260585984215
epoch398  rel.Train: 0.05189494621753692  rel.Test: 0.05280445694923401  abs.Test: 0.04365471005439758  abs.TestBoundary: 0j  time: 24.347641816013493
epoch399  rel.Train: 0.05325577187538147  rel.Test: 0.05310939133167267  abs.Test: 0.043889691829681395  abs.TestBoundary: 0j  time: 24.39505377493333
epoch400  rel.Train: 0.05195234879851341  rel.Test: 0.05105511158704758  abs.Test: 0.04220129311084747  abs.TestBoundary: 0j  time: 24.388347198953852
epoch401  rel.Train: 0.051588129341602326  rel.Test: 0.051020366251468656  abs.Test: 0.0421711328625679  abs.TestBoundary: 0j  time: 24.331821860047057
epoch402  rel.Train: 0.051858413964509964  rel.Test: 0.05120766401290894  abs.Test: 0.04233821749687195  abs.TestBoundary: 0j  time: 24.31669097300619
epoch403  rel.Train: 0.05136133071780205  rel.Test: 0.051220689117908474  abs.Test: 0.042332809567451474  abs.TestBoundary: 0j  time: 24.350392539054155
epoch404  rel.Train: 0.051292084872722625  rel.Test: 0.05174219250679016  abs.Test: 0.042781345546245575  abs.TestBoundary: 0j  time: 24.37302113196347
epoch405  rel.Train: 0.05203749191761017  rel.Test: 0.052709403038024905  abs.Test: 0.04355703294277191  abs.TestBoundary: 0j  time: 24.343283507972956
epoch406  rel.Train: 0.052104267179965975  rel.Test: 0.051126813292503355  abs.Test: 0.042252395451068875  abs.TestBoundary: 0j  time: 24.274008501903154
epoch407  rel.Train: 0.05197035443782806  rel.Test: 0.05092831909656525  abs.Test: 0.04210287392139435  abs.TestBoundary: 0j  time: 24.29819842602592
epoch408  rel.Train: 0.05163177156448364  rel.Test: 0.05122660994529724  abs.Test: 0.042343063354492186  abs.TestBoundary: 0j  time: 24.25625925906934
epoch409  rel.Train: 0.05217333859205246  rel.Test: 0.05175317496061325  abs.Test: 0.04277289688587189  abs.TestBoundary: 0j  time: 24.30079917795956
epoch410  rel.Train: 0.05183591890335083  rel.Test: 0.05147009015083313  abs.Test: 0.04253676146268845  abs.TestBoundary: 0j  time: 24.277810179046355
epoch411  rel.Train: 0.05148888301849365  rel.Test: 0.05099100023508072  abs.Test: 0.04214297831058502  abs.TestBoundary: 0j  time: 24.323591462918557
epoch412  rel.Train: 0.051335575163364414  rel.Test: 0.05123484790325165  abs.Test: 0.04234859049320221  abs.TestBoundary: 0j  time: 24.26435776904691
epoch413  rel.Train: 0.05150371116399765  rel.Test: 0.050969641804695126  abs.Test: 0.04212482273578644  abs.TestBoundary: 0j  time: 24.44455456000287
epoch414  rel.Train: 0.051634397506713864  rel.Test: 0.051377138793468474  abs.Test: 0.0424566787481308  abs.TestBoundary: 0j  time: 24.32572937302757
epoch415  rel.Train: 0.05150568211078644  rel.Test: 0.052777445316314696  abs.Test: 0.043630184531211855  abs.TestBoundary: 0j  time: 24.384949274011888
epoch416  rel.Train: 0.052055097818374634  rel.Test: 0.05065742284059525  abs.Test: 0.041872822642326356  abs.TestBoundary: 0j  time: 24.368395993020386
epoch417  rel.Train: 0.05096619728207588  rel.Test: 0.05033350646495819  abs.Test: 0.0416059148311615  abs.TestBoundary: 0j  time: 24.333859244012274
epoch418  rel.Train: 0.0511327149271965  rel.Test: 0.050464524924755096  abs.Test: 0.04171159386634827  abs.TestBoundary: 0j  time: 24.374964502057992
epoch419  rel.Train: 0.0510633944272995  rel.Test: 0.05182211220264435  abs.Test: 0.0428418493270874  abs.TestBoundary: 0j  time: 24.327424566959962
epoch420  rel.Train: 0.05176722902059555  rel.Test: 0.05132008075714111  abs.Test: 0.04242574155330658  abs.TestBoundary: 0j  time: 24.36698284302838
epoch421  rel.Train: 0.051335336178541184  rel.Test: 0.050543325245380404  abs.Test: 0.04178196489810944  abs.TestBoundary: 0j  time: 24.36937927105464
epoch422  rel.Train: 0.05111472404003143  rel.Test: 0.05117983251810074  abs.Test: 0.04229275584220886  abs.TestBoundary: 0j  time: 24.288579979911447
epoch423  rel.Train: 0.05125511658191681  rel.Test: 0.05150158792734146  abs.Test: 0.04255877137184143  abs.TestBoundary: 0j  time: 24.29163812205661
epoch424  rel.Train: 0.051379210710525515  rel.Test: 0.050564690232276915  abs.Test: 0.04180031895637512  abs.TestBoundary: 0j  time: 24.302633172017522
epoch425  rel.Train: 0.051135903298854826  rel.Test: 0.050964578092098235  abs.Test: 0.04213015913963318  abs.TestBoundary: 0j  time: 24.27392215107102
epoch426  rel.Train: 0.05103644406795502  rel.Test: 0.05075881123542786  abs.Test: 0.04195089101791382  abs.TestBoundary: 0j  time: 24.272444556932896
epoch427  rel.Train: 0.050953729540109634  rel.Test: 0.05087325721979141  abs.Test: 0.04204423606395721  abs.TestBoundary: 0j  time: 24.308135771076195
epoch428  rel.Train: 0.05109191125631332  rel.Test: 0.05106115102767944  abs.Test: 0.04219625771045685  abs.TestBoundary: 0j  time: 24.32816683105193
epoch429  rel.Train: 0.05107317388057709  rel.Test: 0.05066576808691025  abs.Test: 0.04188823491334915  abs.TestBoundary: 0j  time: 24.28695537499152
epoch430  rel.Train: 0.050923454642295835  rel.Test: 0.05065445095300675  abs.Test: 0.041867209672927855  abs.TestBoundary: 0j  time: 24.340058189001866
epoch431  rel.Train: 0.0509401892721653  rel.Test: 0.05036217033863068  abs.Test: 0.041627458930015564  abs.TestBoundary: 0j  time: 24.396014473983087
epoch432  rel.Train: 0.05070358374714851  rel.Test: 0.050473447740077976  abs.Test: 0.041719067692756656  abs.TestBoundary: 0j  time: 24.360478627029806
epoch433  rel.Train: 0.05093616318702698  rel.Test: 0.05068978011608124  abs.Test: 0.04189636141061783  abs.TestBoundary: 0j  time: 24.34047140099574
epoch434  rel.Train: 0.05120065015554428  rel.Test: 0.050727465450763704  abs.Test: 0.04193007230758667  abs.TestBoundary: 0j  time: 24.307763321092352
epoch435  rel.Train: 0.051020334988832475  rel.Test: 0.05045031487941742  abs.Test: 0.04170019865036011  abs.TestBoundary: 0j  time: 24.344810251961462
epoch436  rel.Train: 0.05064487171173096  rel.Test: 0.05068207710981369  abs.Test: 0.04189605563879013  abs.TestBoundary: 0j  time: 24.365121406968683
epoch437  rel.Train: 0.05075934702157974  rel.Test: 0.05037476539611816  abs.Test: 0.04164256274700165  abs.TestBoundary: 0j  time: 24.36410241597332
epoch438  rel.Train: 0.05071079629659653  rel.Test: 0.050425358414649964  abs.Test: 0.04167790234088898  abs.TestBoundary: 0j  time: 24.356915941927582
epoch439  rel.Train: 0.05067583858966827  rel.Test: 0.0502128592133522  abs.Test: 0.041507462561130526  abs.TestBoundary: 0j  time: 24.275126678985544
epoch440  rel.Train: 0.05057524421811104  rel.Test: 0.05038918673992157  abs.Test: 0.041646479070186614  abs.TestBoundary: 0j  time: 24.298535553039983
epoch441  rel.Train: 0.050869115054607394  rel.Test: 0.05068891823291779  abs.Test: 0.04189488410949707  abs.TestBoundary: 0j  time: 24.315221635974012
epoch442  rel.Train: 0.050825810194015504  rel.Test: 0.05090744137763977  abs.Test: 0.042083119750022886  abs.TestBoundary: 0j  time: 24.25797649694141
epoch443  rel.Train: 0.05098579090833664  rel.Test: 0.0509862208366394  abs.Test: 0.042133999466896055  abs.TestBoundary: 0j  time: 24.29066254105419
epoch444  rel.Train: 0.051371369361877445  rel.Test: 0.05048302203416824  abs.Test: 0.04173120379447937  abs.TestBoundary: 0j  time: 24.327693804050796
epoch445  rel.Train: 0.050723716080188753  rel.Test: 0.05030152857303619  abs.Test: 0.041576710939407346  abs.TestBoundary: 0j  time: 24.534024827065878
epoch446  rel.Train: 0.05057167825102806  rel.Test: 0.05015673339366913  abs.Test: 0.04146373629570008  abs.TestBoundary: 0j  time: 24.333025450003333
epoch447  rel.Train: 0.05069223636388779  rel.Test: 0.05028369426727295  abs.Test: 0.04156751245260239  abs.TestBoundary: 0j  time: 24.381318315048702
epoch448  rel.Train: 0.05065873193740845  rel.Test: 0.050242153406143186  abs.Test: 0.04152901172637939  abs.TestBoundary: 0j  time: 24.36942183994688
epoch449  rel.Train: 0.050638084530830386  rel.Test: 0.050391416847705844  abs.Test: 0.041649925112724306  abs.TestBoundary: 0j  time: 24.358595237019472
epoch450  rel.Train: 0.05064979338645935  rel.Test: 0.05029354691505432  abs.Test: 0.041568055152893066  abs.TestBoundary: 0j  time: 24.353243619087152
epoch451  rel.Train: 0.05054157221317291  rel.Test: 0.0501451450586319  abs.Test: 0.04144877314567566  abs.TestBoundary: 0j  time: 24.352165305055678
epoch452  rel.Train: 0.05051617670059204  rel.Test: 0.05029069572687149  abs.Test: 0.04157018363475799  abs.TestBoundary: 0j  time: 24.340629401034676
epoch453  rel.Train: 0.05059260851144791  rel.Test: 0.05035733997821808  abs.Test: 0.041623556911945345  abs.TestBoundary: 0j  time: 24.384823783067986
epoch454  rel.Train: 0.050501490384340285  rel.Test: 0.05045015007257461  abs.Test: 0.04169378697872162  abs.TestBoundary: 0j  time: 24.333677351940423
epoch455  rel.Train: 0.050514627695083615  rel.Test: 0.050056666135787964  abs.Test: 0.04137444317340851  abs.TestBoundary: 0j  time: 24.293885892955586
epoch456  rel.Train: 0.050420372724533084  rel.Test: 0.05018154501914978  abs.Test: 0.041479979455471036  abs.TestBoundary: 0j  time: 24.3025982970139
epoch457  rel.Train: 0.050385904848575594  rel.Test: 0.05002534359693527  abs.Test: 0.04135128557682037  abs.TestBoundary: 0j  time: 24.301839547930285
epoch458  rel.Train: 0.05034978049993515  rel.Test: 0.05014261603355408  abs.Test: 0.04144621849060059  abs.TestBoundary: 0j  time: 24.265370583045296
epoch459  rel.Train: 0.05038088572025299  rel.Test: 0.0504626339673996  abs.Test: 0.04170615047216415  abs.TestBoundary: 0j  time: 24.284243962028995
epoch460  rel.Train: 0.05064992606639862  rel.Test: 0.050811888575553896  abs.Test: 0.041992770433425905  abs.TestBoundary: 0j  time: 24.284595064003952
epoch461  rel.Train: 0.050456680476665496  rel.Test: 0.05025868058204651  abs.Test: 0.04154000997543335  abs.TestBoundary: 0j  time: 24.299086590996012
epoch462  rel.Train: 0.05034404110908508  rel.Test: 0.05039466232061386  abs.Test: 0.041649890840053556  abs.TestBoundary: 0j  time: 24.324509398895316
epoch463  rel.Train: 0.05033907091617584  rel.Test: 0.050225567817687986  abs.Test: 0.04151630699634552  abs.TestBoundary: 0j  time: 24.355873043066822
epoch464  rel.Train: 0.05038127428293228  rel.Test: 0.0501057979464531  abs.Test: 0.0414166322350502  abs.TestBoundary: 0j  time: 24.468041110085323
epoch465  rel.Train: 0.05035365974903107  rel.Test: 0.05009689688682556  abs.Test: 0.04140653908252716  abs.TestBoundary: 0j  time: 24.3826116300188
epoch466  rel.Train: 0.050370216935873034  rel.Test: 0.05044382393360138  abs.Test: 0.04169145405292511  abs.TestBoundary: 0j  time: 24.331503095920198
epoch467  rel.Train: 0.05042364168167114  rel.Test: 0.05026796340942383  abs.Test: 0.04154648274183273  abs.TestBoundary: 0j  time: 24.336690505966544
epoch468  rel.Train: 0.05037427520751953  rel.Test: 0.050219467878341674  abs.Test: 0.04150763571262359  abs.TestBoundary: 0j  time: 24.345151897054166
epoch469  rel.Train: 0.050277047336101534  rel.Test: 0.050286461412906644  abs.Test: 0.04156180024147034  abs.TestBoundary: 0j  time: 24.36371594108641
epoch470  rel.Train: 0.05031209355592728  rel.Test: 0.05013308823108673  abs.Test: 0.04143683791160584  abs.TestBoundary: 0j  time: 24.310947858029976
epoch471  rel.Train: 0.05026509502530098  rel.Test: 0.05014593839645386  abs.Test: 0.041451401710510254  abs.TestBoundary: 0j  time: 24.27830837504007
epoch472  rel.Train: 0.05026036036014557  rel.Test: 0.05001458197832107  abs.Test: 0.0413399413228035  abs.TestBoundary: 0j  time: 24.262723997002468
epoch473  rel.Train: 0.05030496728420258  rel.Test: 0.050003890991210935  abs.Test: 0.04133159220218659  abs.TestBoundary: 0j  time: 24.32544050097931
epoch474  rel.Train: 0.050341411650180815  rel.Test: 0.050218323171138765  abs.Test: 0.041505343317985534  abs.TestBoundary: 0j  time: 24.303253595950082
epoch475  rel.Train: 0.05025059401988983  rel.Test: 0.049952351450920106  abs.Test: 0.041289864778518676  abs.TestBoundary: 0j  time: 24.315514213056304
epoch476  rel.Train: 0.05020931822061539  rel.Test: 0.049958400428295135  abs.Test: 0.041295244097709655  abs.TestBoundary: 0j  time: 24.32028107298538
epoch477  rel.Train: 0.05028751230239868  rel.Test: 0.05008313238620758  abs.Test: 0.04139595687389374  abs.TestBoundary: 0j  time: 24.317173457005993
epoch478  rel.Train: 0.05025308561325073  rel.Test: 0.050039191544055936  abs.Test: 0.041359104216098785  abs.TestBoundary: 0j  time: 24.31784786807839
epoch479  rel.Train: 0.05023119705915451  rel.Test: 0.05001286774873734  abs.Test: 0.0413408499956131  abs.TestBoundary: 0j  time: 24.44432272494305
epoch480  rel.Train: 0.05025383698940277  rel.Test: 0.05010472506284714  abs.Test: 0.04141198217868805  abs.TestBoundary: 0j  time: 24.388168832985684
epoch481  rel.Train: 0.050168096095323564  rel.Test: 0.050028364658355716  abs.Test: 0.04135245978832245  abs.TestBoundary: 0j  time: 24.40028556296602
epoch482  rel.Train: 0.05022506973147392  rel.Test: 0.04997770249843597  abs.Test: 0.04130991220474243  abs.TestBoundary: 0j  time: 24.589099065982737
epoch483  rel.Train: 0.05016870912909508  rel.Test: 0.05001326680183411  abs.Test: 0.041338558793067935  abs.TestBoundary: 0j  time: 24.341859291074798
epoch484  rel.Train: 0.05018411213159561  rel.Test: 0.05000949382781982  abs.Test: 0.04133778989315033  abs.TestBoundary: 0j  time: 24.310595175018534
epoch485  rel.Train: 0.050243981778621674  rel.Test: 0.05004048585891724  abs.Test: 0.04135964572429657  abs.TestBoundary: 0j  time: 24.37557052797638
epoch486  rel.Train: 0.05018422538042069  rel.Test: 0.049997064471244815  abs.Test: 0.04132537692785263  abs.TestBoundary: 0j  time: 24.36144944303669
epoch487  rel.Train: 0.050163865983486176  rel.Test: 0.049974009692668915  abs.Test: 0.04130649447441101  abs.TestBoundary: 0j  time: 24.30015840206761
epoch488  rel.Train: 0.050163660854101184  rel.Test: 0.05005001753568649  abs.Test: 0.04136823415756226  abs.TestBoundary: 0j  time: 24.597388577996753
epoch489  rel.Train: 0.05014312446117401  rel.Test: 0.04996545314788818  abs.Test: 0.04129919946193695  abs.TestBoundary: 0j  time: 25.048221635981463
epoch490  rel.Train: 0.050148721367120744  rel.Test: 0.0499419379234314  abs.Test: 0.041280921697616574  abs.TestBoundary: 0j  time: 24.29093519190792
epoch491  rel.Train: 0.05016724342107773  rel.Test: 0.049992238879203794  abs.Test: 0.041321611404418944  abs.TestBoundary: 0j  time: 24.266662655980326
epoch492  rel.Train: 0.05014951884746552  rel.Test: 0.04997893571853638  abs.Test: 0.04131030052900314  abs.TestBoundary: 0j  time: 24.313914024969563
epoch493  rel.Train: 0.05017907989025116  rel.Test: 0.05000130474567413  abs.Test: 0.04132867217063904  abs.TestBoundary: 0j  time: 24.322159535018727
epoch494  rel.Train: 0.05011927708983421  rel.Test: 0.04999401330947876  abs.Test: 0.04132212340831756  abs.TestBoundary: 0j  time: 24.30913828802295
epoch495  rel.Train: 0.050117940753698347  rel.Test: 0.04994693756103516  abs.Test: 0.041284783482551574  abs.TestBoundary: 0j  time: 24.357962073991075
epoch496  rel.Train: 0.05012515592575073  rel.Test: 0.050013338327407834  abs.Test: 0.04133796393871307  abs.TestBoundary: 0j  time: 24.39078235195484
epoch497  rel.Train: 0.050109190821647644  rel.Test: 0.04994320243597031  abs.Test: 0.04128111779689789  abs.TestBoundary: 0j  time: 24.31236411293503
epoch498  rel.Train: 0.0501196271777153  rel.Test: 0.049972344934940335  abs.Test: 0.0413050389289856  abs.TestBoundary: 0j  time: 24.349186807055958
epoch499  rel.Train: 0.050119477093219754  rel.Test: 0.04997045785188675  abs.Test: 0.041302840113639834  abs.TestBoundary: 0j  time: 24.351116235018708
